[2025-04-08T04:02:40.858+0000] {local_task_job_runner.py:123} INFO - ::group::Pre task execution logs
[2025-04-08T04:02:40.925+0000] {taskinstance.py:2614} INFO - Dependencies all met for dep_context=non-requeueable deps ti=<TaskInstance: scrape_amazon_dag.process_Lights___Lighting_Accessories_4 manual__2025-04-08T04:02:31.163432+00:00 [queued]>
[2025-04-08T04:02:41.004+0000] {taskinstance.py:2614} INFO - Dependencies all met for dep_context=requeueable deps ti=<TaskInstance: scrape_amazon_dag.process_Lights___Lighting_Accessories_4 manual__2025-04-08T04:02:31.163432+00:00 [queued]>
[2025-04-08T04:02:41.009+0000] {taskinstance.py:2867} INFO - Starting attempt 1 of 2
[2025-04-08T04:02:41.091+0000] {taskinstance.py:2890} INFO - Executing <Task(PythonOperator): process_Lights___Lighting_Accessories_4> on 2025-04-08 04:02:31.163432+00:00
[2025-04-08T04:02:41.144+0000] {warnings.py:112} WARNING - /home/***/.local/lib/python3.12/site-packages/***/task/task_runner/standard_task_runner.py:70: DeprecationWarning: This process (pid=5734) is multi-threaded, use of fork() may lead to deadlocks in the child.
  pid = os.fork()

[2025-04-08T04:02:41.171+0000] {standard_task_runner.py:104} INFO - Running: ['***', 'tasks', 'run', 'scrape_amazon_dag', 'process_Lights___Lighting_Accessories_4', 'manual__2025-04-08T04:02:31.163432+00:00', '--job-id', '156', '--raw', '--subdir', 'DAGS_FOLDER/test_crawl_list_product.py', '--cfg-path', '/tmp/tmpf2mirz2g']
[2025-04-08T04:02:41.162+0000] {standard_task_runner.py:72} INFO - Started process 5769 to run task
[2025-04-08T04:02:41.186+0000] {standard_task_runner.py:105} INFO - Job 156: Subtask process_Lights___Lighting_Accessories_4
[2025-04-08T04:02:41.582+0000] {task_command.py:467} INFO - Running <TaskInstance: scrape_amazon_dag.process_Lights___Lighting_Accessories_4 manual__2025-04-08T04:02:31.163432+00:00 [running]> on host 13b4251b7529
[2025-04-08T04:02:42.029+0000] {taskinstance.py:3134} INFO - Exporting env vars: AIRFLOW_CTX_DAG_OWNER='***' AIRFLOW_CTX_DAG_ID='scrape_amazon_dag' AIRFLOW_CTX_TASK_ID='process_Lights___Lighting_Accessories_4' AIRFLOW_CTX_EXECUTION_DATE='2025-04-08T04:02:31.163432+00:00' AIRFLOW_CTX_TRY_NUMBER='1' AIRFLOW_CTX_DAG_RUN_ID='manual__2025-04-08T04:02:31.163432+00:00'
[2025-04-08T04:02:42.034+0000] {logging_mixin.py:190} INFO - Task instance is in running state
[2025-04-08T04:02:42.040+0000] {logging_mixin.py:190} INFO -  Previous state of the Task instance: queued
[2025-04-08T04:02:42.041+0000] {logging_mixin.py:190} INFO - Current task name:process_Lights___Lighting_Accessories_4 state:running start_date:2025-04-08 04:02:40.927095+00:00
[2025-04-08T04:02:42.042+0000] {logging_mixin.py:190} INFO - Dag name:scrape_amazon_dag and current dag run status:running
[2025-04-08T04:02:42.043+0000] {taskinstance.py:732} INFO - ::endgroup::
[2025-04-08T04:02:42.044+0000] {test_crawl_list_product.py:228} INFO - Processing: Automotive/Lights & Lighting Accessories - https://www.amazon.com/s?bbn=2562090011&rh=i%3Aspecialty-aps%2Cn%3A2562090011%2Cn%3A%2115690151%2Cn%3A15736321&s=date-desc-rank&ref_=nav_em__nav_desktop_sa_intl_lights_lighting_accessories_0_2_10_6
[2025-04-08T04:02:42.315+0000] {test_crawl_list_product.py:46} INFO - Using user-agent: Mozilla/5.0 (Windows NT 10.0; Win64; x64) AppleWebKit/537.36 (KHTML, like Gecko) Chrome/133.0.0.0 Safari/537.36
[2025-04-08T04:02:42.319+0000] {logger.py:11} INFO - ====== WebDriver manager ======
[2025-04-08T04:02:44.440+0000] {logger.py:11} INFO - Get LATEST chromedriver version for google-chrome
[2025-04-08T04:02:44.860+0000] {logger.py:11} INFO - Get LATEST chromedriver version for google-chrome
[2025-04-08T04:02:45.092+0000] {logger.py:11} INFO - Driver [/home/***/.wdm/drivers/chromedriver/linux64/135.0.7049.42/chromedriver-linux64/chromedriver] found in cache
[2025-04-08T04:03:00.009+0000] {job.py:229} INFO - Heartbeat recovered after 12.94 seconds
[2025-04-08T04:03:07.245+0000] {job.py:229} INFO - Heartbeat recovered after 14.59 seconds
[2025-04-08T04:03:16.555+0000] {test_crawl_list_product.py:221} ERROR - Error during scraping https://www.amazon.com/s?bbn=2562090011&rh=i%3Aspecialty-aps%2Cn%3A2562090011%2Cn%3A%2115690151%2Cn%3A15736321&s=date-desc-rank&ref_=nav_em__nav_desktop_sa_intl_lights_lighting_accessories_0_2_10_6: Message: 
Stacktrace:
#0 0x558d2c061e6a <unknown>
#1 0x558d2bb13640 <unknown>
#2 0x558d2bb64b5a <unknown>
#3 0x558d2bb64d51 <unknown>
#4 0x558d2bbb3344 <unknown>
#5 0x558d2bb8a77d <unknown>
#6 0x558d2bbb07b5 <unknown>
#7 0x558d2bb8a523 <unknown>
#8 0x558d2bb56ef3 <unknown>
#9 0x558d2bb57b51 <unknown>
#10 0x558d2c026d2b <unknown>
#11 0x558d2c02ac01 <unknown>
#12 0x558d2c00e512 <unknown>
#13 0x558d2c02b774 <unknown>
#14 0x558d2bff290f <unknown>
#15 0x558d2c04ffb8 <unknown>
#16 0x558d2c050196 <unknown>
#17 0x558d2c060cb6 <unknown>
#18 0x7fc4991461c4 <unknown>

[2025-04-08T04:03:19.812+0000] {test_crawl_list_product.py:192} INFO - Saved/Updated 0 products to /opt/***/csv/src_output/pt1_20250408/part1_data_Automotive_Lights & Lighting Accessories_20250408.csv
[2025-04-08T04:03:30.673+0000] {python.py:240} INFO - Done. Returned value was: None
[2025-04-08T04:03:35.845+0000] {job.py:229} INFO - Heartbeat recovered after 20.01 seconds
[2025-04-08T04:03:35.940+0000] {taskinstance.py:341} INFO - ::group::Post task execution logs
[2025-04-08T04:03:36.086+0000] {taskinstance.py:353} INFO - Marking task as SUCCESS. dag_id=scrape_amazon_dag, task_id=process_Lights___Lighting_Accessories_4, run_id=manual__2025-04-08T04:02:31.163432+00:00, execution_date=20250408T040231, start_date=20250408T040240, end_date=20250408T040336
[2025-04-08T04:03:36.689+0000] {logging_mixin.py:190} INFO - Task instance in success state
[2025-04-08T04:03:36.708+0000] {logging_mixin.py:190} INFO -  Previous state of the Task instance: running
[2025-04-08T04:03:36.725+0000] {logging_mixin.py:190} INFO - Dag name:scrape_amazon_dag queued_at:2025-04-08 04:02:31.265789+00:00
[2025-04-08T04:03:36.749+0000] {logging_mixin.py:190} INFO - Task hostname:13b4251b7529 operator:PythonOperator
[2025-04-08T04:03:37.019+0000] {local_task_job_runner.py:266} INFO - Task exited with return code 0
[2025-04-08T04:03:37.063+0000] {standard_task_runner.py:217} INFO - Process not found (most likely exited), stop collecting metrics
[2025-04-08T04:03:37.066+0000] {local_task_job_runner.py:245} INFO - ::endgroup::
