[2025-04-04T22:23:41.592+0000] {local_task_job_runner.py:123} INFO - ::group::Pre task execution logs
[2025-04-04T22:23:41.613+0000] {taskinstance.py:2613} INFO - Dependencies all met for dep_context=non-requeueable deps ti=<TaskInstance: demp_scrape_amazon_dag_demo.scrape_task manual__2025-04-04T22:23:38.494679+00:00 [queued]>
[2025-04-04T22:23:41.624+0000] {taskinstance.py:2613} INFO - Dependencies all met for dep_context=requeueable deps ti=<TaskInstance: demp_scrape_amazon_dag_demo.scrape_task manual__2025-04-04T22:23:38.494679+00:00 [queued]>
[2025-04-04T22:23:41.625+0000] {taskinstance.py:2866} INFO - Starting attempt 1 of 2
[2025-04-04T22:23:41.647+0000] {taskinstance.py:2889} INFO - Executing <Task(PythonOperator): scrape_task> on 2025-04-04 22:23:38.494679+00:00
[2025-04-04T22:23:41.656+0000] {warnings.py:112} WARNING - /home/***/.local/lib/python3.12/site-packages/***/task/task_runner/standard_task_runner.py:70: DeprecationWarning: This process (pid=3355) is multi-threaded, use of fork() may lead to deadlocks in the child.
  pid = os.fork()

[2025-04-04T22:23:41.658+0000] {standard_task_runner.py:72} INFO - Started process 3358 to run task
[2025-04-04T22:23:41.660+0000] {standard_task_runner.py:104} INFO - Running: ['***', 'tasks', 'run', 'demp_scrape_amazon_dag_demo', 'scrape_task', 'manual__2025-04-04T22:23:38.494679+00:00', '--job-id', '39', '--raw', '--subdir', 'DAGS_FOLDER/another_test.py', '--cfg-path', '/tmp/tmpvgx4kcef']
[2025-04-04T22:23:41.662+0000] {standard_task_runner.py:105} INFO - Job 39: Subtask scrape_task
[2025-04-04T22:23:41.724+0000] {task_command.py:467} INFO - Running <TaskInstance: demp_scrape_amazon_dag_demo.scrape_task manual__2025-04-04T22:23:38.494679+00:00 [running]> on host ba893f484bac
[2025-04-04T22:23:41.851+0000] {taskinstance.py:3132} INFO - Exporting env vars: AIRFLOW_CTX_DAG_OWNER='***' AIRFLOW_CTX_DAG_ID='demp_scrape_amazon_dag_demo' AIRFLOW_CTX_TASK_ID='scrape_task' AIRFLOW_CTX_EXECUTION_DATE='2025-04-04T22:23:38.494679+00:00' AIRFLOW_CTX_TRY_NUMBER='1' AIRFLOW_CTX_DAG_RUN_ID='manual__2025-04-04T22:23:38.494679+00:00'
[2025-04-04T22:23:41.853+0000] {logging_mixin.py:190} INFO - Task instance is in running state
[2025-04-04T22:23:41.853+0000] {logging_mixin.py:190} INFO -  Previous state of the Task instance: queued
[2025-04-04T22:23:41.854+0000] {logging_mixin.py:190} INFO - Current task name:scrape_task state:running start_date:2025-04-04 22:23:41.614492+00:00
[2025-04-04T22:23:41.854+0000] {logging_mixin.py:190} INFO - Dag name:demp_scrape_amazon_dag_demo and current dag run status:running
[2025-04-04T22:23:41.855+0000] {taskinstance.py:731} INFO - ::endgroup::
[2025-04-04T22:23:41.864+0000] {another_test.py:282} ERROR - Error reading CSV file: CSV file must contain 'Department', 'Sub_Department', and 'URL' columns
[2025-04-04T22:23:41.865+0000] {python.py:240} INFO - Done. Returned value was: None
[2025-04-04T22:23:41.877+0000] {taskinstance.py:340} INFO - ::group::Post task execution logs
[2025-04-04T22:23:41.878+0000] {taskinstance.py:352} INFO - Marking task as SUCCESS. dag_id=demp_scrape_amazon_dag_demo, task_id=scrape_task, run_id=manual__2025-04-04T22:23:38.494679+00:00, execution_date=20250404T222338, start_date=20250404T222341, end_date=20250404T222341
[2025-04-04T22:23:41.896+0000] {logging_mixin.py:190} INFO - Task instance in success state
[2025-04-04T22:23:41.896+0000] {logging_mixin.py:190} INFO -  Previous state of the Task instance: running
[2025-04-04T22:23:41.897+0000] {logging_mixin.py:190} INFO - Dag name:demp_scrape_amazon_dag_demo queued_at:2025-04-04 22:23:38.542419+00:00
[2025-04-04T22:23:41.898+0000] {logging_mixin.py:190} INFO - Task hostname:ba893f484bac operator:PythonOperator
[2025-04-04T22:23:41.914+0000] {local_task_job_runner.py:266} INFO - Task exited with return code 0
[2025-04-04T22:23:41.943+0000] {taskinstance.py:3895} INFO - 0 downstream tasks scheduled from follow-on schedule check
[2025-04-04T22:23:41.953+0000] {local_task_job_runner.py:245} INFO - ::endgroup::
