[2025-04-08T04:04:08.592+0000] {local_task_job_runner.py:123} INFO - ::group::Pre task execution logs
[2025-04-08T04:04:08.648+0000] {taskinstance.py:2614} INFO - Dependencies all met for dep_context=non-requeueable deps ti=<TaskInstance: scrape_amazon_dag.process_Heavy_Duty___Commercial_Vehicle_Equipment_14 manual__2025-04-08T04:02:31.163432+00:00 [queued]>
[2025-04-08T04:04:08.684+0000] {taskinstance.py:2614} INFO - Dependencies all met for dep_context=requeueable deps ti=<TaskInstance: scrape_amazon_dag.process_Heavy_Duty___Commercial_Vehicle_Equipment_14 manual__2025-04-08T04:02:31.163432+00:00 [queued]>
[2025-04-08T04:04:08.693+0000] {taskinstance.py:2867} INFO - Starting attempt 1 of 2
[2025-04-08T04:04:08.854+0000] {taskinstance.py:2890} INFO - Executing <Task(PythonOperator): process_Heavy_Duty___Commercial_Vehicle_Equipment_14> on 2025-04-08 04:02:31.163432+00:00
[2025-04-08T04:04:08.891+0000] {warnings.py:112} WARNING - /home/***/.local/lib/python3.12/site-packages/***/task/task_runner/standard_task_runner.py:70: DeprecationWarning: This process (pid=5739) is multi-threaded, use of fork() may lead to deadlocks in the child.
  pid = os.fork()

[2025-04-08T04:04:08.918+0000] {standard_task_runner.py:72} INFO - Started process 7762 to run task
[2025-04-08T04:04:08.908+0000] {standard_task_runner.py:104} INFO - Running: ['***', 'tasks', 'run', 'scrape_amazon_dag', 'process_Heavy_Duty___Commercial_Vehicle_Equipment_14', 'manual__2025-04-08T04:02:31.163432+00:00', '--job-id', '166', '--raw', '--subdir', 'DAGS_FOLDER/test_crawl_list_product.py', '--cfg-path', '/tmp/tmpup7fksrm']
[2025-04-08T04:04:08.922+0000] {standard_task_runner.py:105} INFO - Job 166: Subtask process_Heavy_Duty___Commercial_Vehicle_Equipment_14
[2025-04-08T04:04:09.288+0000] {task_command.py:467} INFO - Running <TaskInstance: scrape_amazon_dag.process_Heavy_Duty___Commercial_Vehicle_Equipment_14 manual__2025-04-08T04:02:31.163432+00:00 [running]> on host 13b4251b7529
[2025-04-08T04:04:10.390+0000] {taskinstance.py:3134} INFO - Exporting env vars: AIRFLOW_CTX_DAG_OWNER='***' AIRFLOW_CTX_DAG_ID='scrape_amazon_dag' AIRFLOW_CTX_TASK_ID='process_Heavy_Duty___Commercial_Vehicle_Equipment_14' AIRFLOW_CTX_EXECUTION_DATE='2025-04-08T04:02:31.163432+00:00' AIRFLOW_CTX_TRY_NUMBER='1' AIRFLOW_CTX_DAG_RUN_ID='manual__2025-04-08T04:02:31.163432+00:00'
[2025-04-08T04:04:10.412+0000] {logging_mixin.py:190} INFO - Task instance is in running state
[2025-04-08T04:04:10.421+0000] {logging_mixin.py:190} INFO -  Previous state of the Task instance: queued
[2025-04-08T04:04:10.424+0000] {logging_mixin.py:190} INFO - Current task name:process_Heavy_Duty___Commercial_Vehicle_Equipment_14 state:running start_date:2025-04-08 04:04:08.649935+00:00
[2025-04-08T04:04:10.438+0000] {logging_mixin.py:190} INFO - Dag name:scrape_amazon_dag and current dag run status:running
[2025-04-08T04:04:10.445+0000] {taskinstance.py:732} INFO - ::endgroup::
[2025-04-08T04:04:10.460+0000] {test_crawl_list_product.py:228} INFO - Processing: Automotive/Heavy Duty & Commercial Vehicle Equipment - https://www.amazon.com/s?bbn=2562090011&rh=i%3Aspecialty-aps%2Cn%3A2562090011%2Cn%3A%2115690151%2Cn%3A15682003011&s=date-desc-rank&ref_=nav_em__nav_desktop_sa_intl_heavyduty_commercial_0_2_10_16
[2025-04-08T04:04:10.770+0000] {test_crawl_list_product.py:46} INFO - Using user-agent: Mozilla/5.0 (iPhone; CPU iPhone OS 18_3_1 like Mac OS X) AppleWebKit/605.1.15 (KHTML, like Gecko) Version/18.3 Mobile/15E148 Safari/604.1
[2025-04-08T04:04:10.772+0000] {logger.py:11} INFO - ====== WebDriver manager ======
[2025-04-08T04:04:11.159+0000] {logger.py:11} INFO - Get LATEST chromedriver version for google-chrome
[2025-04-08T04:04:11.425+0000] {logger.py:11} INFO - Get LATEST chromedriver version for google-chrome
[2025-04-08T04:04:11.649+0000] {logger.py:11} INFO - Driver [/home/***/.wdm/drivers/chromedriver/linux64/135.0.7049.42/chromedriver-linux64/chromedriver] found in cache
[2025-04-08T04:04:27.911+0000] {test_crawl_list_product.py:72} WARNING - Could not detect layout, using default (tiles)
[2025-04-08T04:04:28.001+0000] {test_crawl_list_product.py:192} INFO - Saved/Updated 0 products to /opt/***/csv/src_output/pt1_20250408/part1_data_Automotive_Heavy Duty & Commercial Vehicle Equipment_20250408.csv
[2025-04-08T04:04:28.004+0000] {test_crawl_list_product.py:209} INFO - Page 1 for Automotive/Heavy Duty & Commercial Vehicle Equipment : Crawled 0 items in 14.67 seconds
[2025-04-08T04:04:28.112+0000] {test_crawl_list_product.py:213} INFO - Reached the last page (Page 1) for Automotive/Heavy Duty & Commercial Vehicle Equipment
[2025-04-08T04:04:28.702+0000] {python.py:240} INFO - Done. Returned value was: None
[2025-04-08T04:04:28.726+0000] {taskinstance.py:341} INFO - ::group::Post task execution logs
[2025-04-08T04:04:28.727+0000] {taskinstance.py:353} INFO - Marking task as SUCCESS. dag_id=scrape_amazon_dag, task_id=process_Heavy_Duty___Commercial_Vehicle_Equipment_14, run_id=manual__2025-04-08T04:02:31.163432+00:00, execution_date=20250408T040231, start_date=20250408T040408, end_date=20250408T040428
[2025-04-08T04:04:28.815+0000] {logging_mixin.py:190} INFO - Task instance in success state
[2025-04-08T04:04:28.820+0000] {logging_mixin.py:190} INFO -  Previous state of the Task instance: running
[2025-04-08T04:04:28.823+0000] {logging_mixin.py:190} INFO - Dag name:scrape_amazon_dag queued_at:2025-04-08 04:02:31.265789+00:00
[2025-04-08T04:04:28.828+0000] {logging_mixin.py:190} INFO - Task hostname:13b4251b7529 operator:PythonOperator
[2025-04-08T04:04:28.877+0000] {local_task_job_runner.py:266} INFO - Task exited with return code 0
[2025-04-08T04:04:28.937+0000] {taskinstance.py:3901} INFO - 0 downstream tasks scheduled from follow-on schedule check
[2025-04-08T04:04:28.945+0000] {local_task_job_runner.py:245} INFO - ::endgroup::
[2025-04-08T04:04:28.982+0000] {standard_task_runner.py:217} INFO - Process not found (most likely exited), stop collecting metrics
