[2025-04-08T04:04:21.349+0000] {local_task_job_runner.py:123} INFO - ::group::Pre task execution logs
[2025-04-08T04:04:21.640+0000] {taskinstance.py:2614} INFO - Dependencies all met for dep_context=non-requeueable deps ti=<TaskInstance: scrape_amazon_dag.process_Tools___Equipment_12 manual__2025-04-08T04:02:31.163432+00:00 [queued]>
[2025-04-08T04:04:21.774+0000] {taskinstance.py:2614} INFO - Dependencies all met for dep_context=requeueable deps ti=<TaskInstance: scrape_amazon_dag.process_Tools___Equipment_12 manual__2025-04-08T04:02:31.163432+00:00 [queued]>
[2025-04-08T04:04:21.779+0000] {taskinstance.py:2867} INFO - Starting attempt 1 of 2
[2025-04-08T04:04:22.035+0000] {taskinstance.py:2890} INFO - Executing <Task(PythonOperator): process_Tools___Equipment_12> on 2025-04-08 04:02:31.163432+00:00
[2025-04-08T04:04:22.082+0000] {warnings.py:112} WARNING - /home/***/.local/lib/python3.12/site-packages/***/task/task_runner/standard_task_runner.py:70: DeprecationWarning: This process (pid=5735) is multi-threaded, use of fork() may lead to deadlocks in the child.
  pid = os.fork()

[2025-04-08T04:04:22.092+0000] {standard_task_runner.py:72} INFO - Started process 8114 to run task
[2025-04-08T04:04:22.130+0000] {standard_task_runner.py:104} INFO - Running: ['***', 'tasks', 'run', 'scrape_amazon_dag', 'process_Tools___Equipment_12', 'manual__2025-04-08T04:02:31.163432+00:00', '--job-id', '168', '--raw', '--subdir', 'DAGS_FOLDER/test_crawl_list_product.py', '--cfg-path', '/tmp/tmpqafi882m']
[2025-04-08T04:04:22.136+0000] {standard_task_runner.py:105} INFO - Job 168: Subtask process_Tools___Equipment_12
[2025-04-08T04:04:24.158+0000] {task_command.py:467} INFO - Running <TaskInstance: scrape_amazon_dag.process_Tools___Equipment_12 manual__2025-04-08T04:02:31.163432+00:00 [running]> on host 13b4251b7529
[2025-04-08T04:04:25.364+0000] {taskinstance.py:3134} INFO - Exporting env vars: AIRFLOW_CTX_DAG_OWNER='***' AIRFLOW_CTX_DAG_ID='scrape_amazon_dag' AIRFLOW_CTX_TASK_ID='process_Tools___Equipment_12' AIRFLOW_CTX_EXECUTION_DATE='2025-04-08T04:02:31.163432+00:00' AIRFLOW_CTX_TRY_NUMBER='1' AIRFLOW_CTX_DAG_RUN_ID='manual__2025-04-08T04:02:31.163432+00:00'
[2025-04-08T04:04:25.369+0000] {logging_mixin.py:190} INFO - Task instance is in running state
[2025-04-08T04:04:25.376+0000] {logging_mixin.py:190} INFO -  Previous state of the Task instance: queued
[2025-04-08T04:04:25.393+0000] {logging_mixin.py:190} INFO - Current task name:process_Tools___Equipment_12 state:running start_date:2025-04-08 04:04:21.668314+00:00
[2025-04-08T04:04:25.399+0000] {logging_mixin.py:190} INFO - Dag name:scrape_amazon_dag and current dag run status:running
[2025-04-08T04:04:25.401+0000] {taskinstance.py:732} INFO - ::endgroup::
[2025-04-08T04:04:25.404+0000] {test_crawl_list_product.py:228} INFO - Processing: Automotive/Tools & Equipment - https://www.amazon.com/s?bbn=2562090011&rh=i%3Aspecialty-aps%2Cn%3A2562090011%2Cn%3A%2115690151%2Cn%3A15706941&s=date-desc-rank&ref_=nav_em__nav_desktop_sa_intl_tools_equipment_0_2_10_14
[2025-04-08T04:04:25.592+0000] {test_crawl_list_product.py:46} INFO - Using user-agent: Mozilla/5.0 (iPhone; CPU iPhone OS 18_4_0 like Mac OS X) AppleWebKit/605.1.15 (KHTML, like Gecko) GSA/357.0.729240823 Mobile/15E148 Safari/604.1
[2025-04-08T04:04:25.599+0000] {logger.py:11} INFO - ====== WebDriver manager ======
[2025-04-08T04:04:26.613+0000] {logger.py:11} INFO - Get LATEST chromedriver version for google-chrome
[2025-04-08T04:04:26.878+0000] {logger.py:11} INFO - Get LATEST chromedriver version for google-chrome
[2025-04-08T04:04:27.132+0000] {logger.py:11} INFO - Driver [/home/***/.wdm/drivers/chromedriver/linux64/135.0.7049.42/chromedriver-linux64/chromedriver] found in cache
[2025-04-08T04:04:33.068+0000] {test_crawl_list_product.py:72} WARNING - Could not detect layout, using default (tiles)
[2025-04-08T04:04:33.116+0000] {test_crawl_list_product.py:192} INFO - Saved/Updated 0 products to /opt/***/csv/src_output/pt1_20250408/part1_data_Automotive_Tools & Equipment_20250408.csv
[2025-04-08T04:04:33.123+0000] {test_crawl_list_product.py:209} INFO - Page 1 for Automotive/Tools & Equipment : Crawled 0 items in 4.28 seconds
[2025-04-08T04:04:33.174+0000] {test_crawl_list_product.py:213} INFO - Reached the last page (Page 1) for Automotive/Tools & Equipment
[2025-04-08T04:04:33.418+0000] {python.py:240} INFO - Done. Returned value was: None
[2025-04-08T04:04:33.433+0000] {taskinstance.py:341} INFO - ::group::Post task execution logs
[2025-04-08T04:04:33.439+0000] {taskinstance.py:353} INFO - Marking task as SUCCESS. dag_id=scrape_amazon_dag, task_id=process_Tools___Equipment_12, run_id=manual__2025-04-08T04:02:31.163432+00:00, execution_date=20250408T040231, start_date=20250408T040421, end_date=20250408T040433
[2025-04-08T04:04:33.565+0000] {logging_mixin.py:190} INFO - Task instance in success state
[2025-04-08T04:04:33.567+0000] {logging_mixin.py:190} INFO -  Previous state of the Task instance: running
[2025-04-08T04:04:33.568+0000] {logging_mixin.py:190} INFO - Dag name:scrape_amazon_dag queued_at:2025-04-08 04:02:31.265789+00:00
[2025-04-08T04:04:33.570+0000] {logging_mixin.py:190} INFO - Task hostname:13b4251b7529 operator:PythonOperator
[2025-04-08T04:04:33.649+0000] {local_task_job_runner.py:266} INFO - Task exited with return code 0
[2025-04-08T04:04:33.695+0000] {taskinstance.py:3901} INFO - 0 downstream tasks scheduled from follow-on schedule check
[2025-04-08T04:04:33.706+0000] {local_task_job_runner.py:245} INFO - ::endgroup::
