[2025-04-07T17:09:07.310+0000] {local_task_job_runner.py:123} INFO - ::group::Pre task execution logs
[2025-04-07T17:09:07.365+0000] {taskinstance.py:2614} INFO - Dependencies all met for dep_context=non-requeueable deps ti=<TaskInstance: scrape_amazon_dag.process_Tires___Wheels_11 manual__2025-04-07T17:08:36.747176+00:00 [queued]>
[2025-04-07T17:09:07.404+0000] {taskinstance.py:2614} INFO - Dependencies all met for dep_context=requeueable deps ti=<TaskInstance: scrape_amazon_dag.process_Tires___Wheels_11 manual__2025-04-07T17:08:36.747176+00:00 [queued]>
[2025-04-07T17:09:07.405+0000] {taskinstance.py:2867} INFO - Starting attempt 1 of 2
[2025-04-07T17:09:07.586+0000] {taskinstance.py:2890} INFO - Executing <Task(PythonOperator): process_Tires___Wheels_11> on 2025-04-07 17:08:36.747176+00:00
[2025-04-07T17:09:07.661+0000] {warnings.py:112} WARNING - /home/***/.local/lib/python3.12/site-packages/***/task/task_runner/standard_task_runner.py:70: DeprecationWarning: This process (pid=5046) is multi-threaded, use of fork() may lead to deadlocks in the child.
  pid = os.fork()

[2025-04-07T17:09:07.679+0000] {standard_task_runner.py:72} INFO - Started process 5868 to run task
[2025-04-07T17:09:07.693+0000] {standard_task_runner.py:104} INFO - Running: ['***', 'tasks', 'run', 'scrape_amazon_dag', 'process_Tires___Wheels_11', 'manual__2025-04-07T17:08:36.747176+00:00', '--job-id', '95', '--raw', '--subdir', 'DAGS_FOLDER/test_crawl_list_product.py', '--cfg-path', '/tmp/tmpc5fmd4cc']
[2025-04-07T17:09:07.695+0000] {standard_task_runner.py:105} INFO - Job 95: Subtask process_Tires___Wheels_11
[2025-04-07T17:09:08.072+0000] {task_command.py:467} INFO - Running <TaskInstance: scrape_amazon_dag.process_Tires___Wheels_11 manual__2025-04-07T17:08:36.747176+00:00 [running]> on host 13b4251b7529
[2025-04-07T17:09:09.863+0000] {taskinstance.py:3134} INFO - Exporting env vars: AIRFLOW_CTX_DAG_OWNER='***' AIRFLOW_CTX_DAG_ID='scrape_amazon_dag' AIRFLOW_CTX_TASK_ID='process_Tires___Wheels_11' AIRFLOW_CTX_EXECUTION_DATE='2025-04-07T17:08:36.747176+00:00' AIRFLOW_CTX_TRY_NUMBER='1' AIRFLOW_CTX_DAG_RUN_ID='manual__2025-04-07T17:08:36.747176+00:00'
[2025-04-07T17:09:09.867+0000] {logging_mixin.py:190} INFO - Task instance is in running state
[2025-04-07T17:09:09.869+0000] {logging_mixin.py:190} INFO -  Previous state of the Task instance: queued
[2025-04-07T17:09:09.870+0000] {logging_mixin.py:190} INFO - Current task name:process_Tires___Wheels_11 state:running start_date:2025-04-07 17:09:07.368067+00:00
[2025-04-07T17:09:09.871+0000] {logging_mixin.py:190} INFO - Dag name:scrape_amazon_dag and current dag run status:running
[2025-04-07T17:09:09.872+0000] {taskinstance.py:732} INFO - ::endgroup::
[2025-04-07T17:09:09.873+0000] {test_crawl_list_product.py:227} INFO - Processing: Automotive/Tires & Wheels - https://www.amazon.com/s?bbn=2562090011&rh=i%3Aspecialty-aps%2Cn%3A2562090011%2Cn%3A%2115690151%2Cn%3A15706571&s=date-desc-rank&ref_=nav_em__nav_desktop_sa_intl_tires_wheels_0_2_10_13
[2025-04-07T17:09:09.977+0000] {logger.py:11} INFO - ====== WebDriver manager ======
[2025-04-07T17:09:10.397+0000] {logger.py:11} INFO - Get LATEST chromedriver version for google-chrome
[2025-04-07T17:09:10.606+0000] {logger.py:11} INFO - Get LATEST chromedriver version for google-chrome
[2025-04-07T17:09:10.798+0000] {logger.py:11} INFO - Driver [/home/***/.wdm/drivers/chromedriver/linux64/135.0.7049.42/chromedriver-linux64/chromedriver] found in cache
[2025-04-07T17:09:18.689+0000] {test_crawl_list_product.py:71} WARNING - Could not detect layout, using default (tiles)
[2025-04-07T17:09:18.718+0000] {test_crawl_list_product.py:191} INFO - Saved/Updated 0 products to /opt/***/csv/src_output/pt1_20250407/part1_data_Automotive_Tires & Wheels_20250407.csv
[2025-04-07T17:09:18.719+0000] {test_crawl_list_product.py:208} INFO - Page 1 for Automotive/Tires & Wheels : Crawled 0 items in 7.11 seconds
[2025-04-07T17:09:18.735+0000] {test_crawl_list_product.py:212} INFO - Reached the last page (Page 1) for Automotive/Tires & Wheels
[2025-04-07T17:09:20.077+0000] {python.py:240} INFO - Done. Returned value was: None
[2025-04-07T17:09:20.104+0000] {taskinstance.py:341} INFO - ::group::Post task execution logs
[2025-04-07T17:09:20.105+0000] {taskinstance.py:353} INFO - Marking task as SUCCESS. dag_id=scrape_amazon_dag, task_id=process_Tires___Wheels_11, run_id=manual__2025-04-07T17:08:36.747176+00:00, execution_date=20250407T170836, start_date=20250407T170907, end_date=20250407T170920
[2025-04-07T17:09:20.370+0000] {logging_mixin.py:190} INFO - Task instance in success state
[2025-04-07T17:09:20.371+0000] {logging_mixin.py:190} INFO -  Previous state of the Task instance: running
[2025-04-07T17:09:20.376+0000] {logging_mixin.py:190} INFO - Dag name:scrape_amazon_dag queued_at:2025-04-07 17:08:36.770900+00:00
[2025-04-07T17:09:20.383+0000] {logging_mixin.py:190} INFO - Task hostname:13b4251b7529 operator:PythonOperator
[2025-04-07T17:09:20.479+0000] {local_task_job_runner.py:266} INFO - Task exited with return code 0
[2025-04-07T17:09:20.579+0000] {taskinstance.py:3901} INFO - 0 downstream tasks scheduled from follow-on schedule check
[2025-04-07T17:09:20.611+0000] {local_task_job_runner.py:245} INFO - ::endgroup::
