[2025-04-08T04:02:43.199+0000] {local_task_job_runner.py:123} INFO - ::group::Pre task execution logs
[2025-04-08T04:02:43.255+0000] {taskinstance.py:2614} INFO - Dependencies all met for dep_context=non-requeueable deps ti=<TaskInstance: scrape_amazon_dag.process_Car_Care_0 manual__2025-04-08T04:02:31.163432+00:00 [queued]>
[2025-04-08T04:02:43.287+0000] {taskinstance.py:2614} INFO - Dependencies all met for dep_context=requeueable deps ti=<TaskInstance: scrape_amazon_dag.process_Car_Care_0 manual__2025-04-08T04:02:31.163432+00:00 [queued]>
[2025-04-08T04:02:43.290+0000] {taskinstance.py:2867} INFO - Starting attempt 1 of 2
[2025-04-08T04:02:43.357+0000] {taskinstance.py:2890} INFO - Executing <Task(PythonOperator): process_Car_Care_0> on 2025-04-08 04:02:31.163432+00:00
[2025-04-08T04:02:43.403+0000] {warnings.py:112} WARNING - /home/***/.local/lib/python3.12/site-packages/***/task/task_runner/standard_task_runner.py:70: DeprecationWarning: This process (pid=5728) is multi-threaded, use of fork() may lead to deadlocks in the child.
  pid = os.fork()

[2025-04-08T04:02:43.414+0000] {standard_task_runner.py:72} INFO - Started process 5879 to run task
[2025-04-08T04:02:43.440+0000] {standard_task_runner.py:104} INFO - Running: ['***', 'tasks', 'run', 'scrape_amazon_dag', 'process_Car_Care_0', 'manual__2025-04-08T04:02:31.163432+00:00', '--job-id', '162', '--raw', '--subdir', 'DAGS_FOLDER/test_crawl_list_product.py', '--cfg-path', '/tmp/tmp4ltzg2so']
[2025-04-08T04:02:43.442+0000] {standard_task_runner.py:105} INFO - Job 162: Subtask process_Car_Care_0
[2025-04-08T04:02:43.690+0000] {task_command.py:467} INFO - Running <TaskInstance: scrape_amazon_dag.process_Car_Care_0 manual__2025-04-08T04:02:31.163432+00:00 [running]> on host 13b4251b7529
[2025-04-08T04:02:44.202+0000] {taskinstance.py:3134} INFO - Exporting env vars: AIRFLOW_CTX_DAG_OWNER='***' AIRFLOW_CTX_DAG_ID='scrape_amazon_dag' AIRFLOW_CTX_TASK_ID='process_Car_Care_0' AIRFLOW_CTX_EXECUTION_DATE='2025-04-08T04:02:31.163432+00:00' AIRFLOW_CTX_TRY_NUMBER='1' AIRFLOW_CTX_DAG_RUN_ID='manual__2025-04-08T04:02:31.163432+00:00'
[2025-04-08T04:02:44.204+0000] {logging_mixin.py:190} INFO - Task instance is in running state
[2025-04-08T04:02:44.204+0000] {logging_mixin.py:190} INFO -  Previous state of the Task instance: queued
[2025-04-08T04:02:44.205+0000] {logging_mixin.py:190} INFO - Current task name:process_Car_Care_0 state:running start_date:2025-04-08 04:02:43.256659+00:00
[2025-04-08T04:02:44.206+0000] {logging_mixin.py:190} INFO - Dag name:scrape_amazon_dag and current dag run status:running
[2025-04-08T04:02:44.207+0000] {taskinstance.py:732} INFO - ::endgroup::
[2025-04-08T04:02:44.208+0000] {test_crawl_list_product.py:228} INFO - Processing: Automotive/Car Care - https://www.amazon.com/s?bbn=2562090011&rh=i%3Aspecialty-aps%2Cn%3A2562090011%2Cn%3A%2115690151%2Cn%3A15718271&s=date-desc-rank&ref_=nav_em__nav_desktop_sa_intl_car_care_0_2_10_2
[2025-04-08T04:02:44.424+0000] {test_crawl_list_product.py:46} INFO - Using user-agent: Mozilla/5.0 (iPhone; CPU iPhone OS 18_1_1 like Mac OS X) AppleWebKit/605.1.15 (KHTML, like Gecko) Version/18.1.1 Mobile/15E148 Safari/604.1
[2025-04-08T04:02:44.427+0000] {logger.py:11} INFO - ====== WebDriver manager ======
[2025-04-08T04:02:44.644+0000] {logger.py:11} INFO - Get LATEST chromedriver version for google-chrome
[2025-04-08T04:02:44.859+0000] {logger.py:11} INFO - Get LATEST chromedriver version for google-chrome
[2025-04-08T04:02:45.098+0000] {logger.py:11} INFO - Driver [/home/***/.wdm/drivers/chromedriver/linux64/135.0.7049.42/chromedriver-linux64/chromedriver] found in cache
[2025-04-08T04:02:58.966+0000] {job.py:229} INFO - Heartbeat recovered after 16.04 seconds
[2025-04-08T04:03:04.739+0000] {job.py:229} INFO - Heartbeat recovered after 16.07 seconds
[2025-04-08T04:03:26.332+0000] {job.py:229} INFO - Heartbeat recovered after 16.47 seconds
[2025-04-08T04:03:40.869+0000] {job.py:229} INFO - Heartbeat recovered after 14.57 seconds
[2025-04-08T04:03:45.323+0000] {test_crawl_list_product.py:72} WARNING - Could not detect layout, using default (tiles)
[2025-04-08T04:03:45.479+0000] {test_crawl_list_product.py:192} INFO - Saved/Updated 0 products to /opt/***/csv/src_output/pt1_20250408/part1_data_Automotive_Car Care_20250408.csv
[2025-04-08T04:03:45.481+0000] {test_crawl_list_product.py:209} INFO - Page 1 for Automotive/Car Care : Crawled 0 items in 37.81 seconds
[2025-04-08T04:03:45.619+0000] {test_crawl_list_product.py:213} INFO - Reached the last page (Page 1) for Automotive/Car Care
[2025-04-08T04:03:52.615+0000] {python.py:240} INFO - Done. Returned value was: None
[2025-04-08T04:03:52.675+0000] {taskinstance.py:341} INFO - ::group::Post task execution logs
[2025-04-08T04:03:52.676+0000] {taskinstance.py:353} INFO - Marking task as SUCCESS. dag_id=scrape_amazon_dag, task_id=process_Car_Care_0, run_id=manual__2025-04-08T04:02:31.163432+00:00, execution_date=20250408T040231, start_date=20250408T040243, end_date=20250408T040352
[2025-04-08T04:03:53.565+0000] {logging_mixin.py:190} INFO - Task instance in success state
[2025-04-08T04:03:53.566+0000] {logging_mixin.py:190} INFO -  Previous state of the Task instance: running
[2025-04-08T04:03:53.566+0000] {logging_mixin.py:190} INFO - Dag name:scrape_amazon_dag queued_at:2025-04-08 04:02:31.265789+00:00
[2025-04-08T04:03:53.567+0000] {logging_mixin.py:190} INFO - Task hostname:13b4251b7529 operator:PythonOperator
[2025-04-08T04:03:53.617+0000] {local_task_job_runner.py:266} INFO - Task exited with return code 0
[2025-04-08T04:03:53.630+0000] {local_task_job_runner.py:245} INFO - ::endgroup::
[2025-04-08T04:03:54.678+0000] {standard_task_runner.py:217} INFO - Process not found (most likely exited), stop collecting metrics
