[2025-04-08T04:02:40.927+0000] {local_task_job_runner.py:123} INFO - ::group::Pre task execution logs
[2025-04-08T04:02:41.144+0000] {taskinstance.py:2614} INFO - Dependencies all met for dep_context=non-requeueable deps ti=<TaskInstance: scrape_amazon_dag.process_Automotive_Enthusiast_Merchandise_13 manual__2025-04-08T04:02:31.163432+00:00 [queued]>
[2025-04-08T04:02:41.228+0000] {taskinstance.py:2614} INFO - Dependencies all met for dep_context=requeueable deps ti=<TaskInstance: scrape_amazon_dag.process_Automotive_Enthusiast_Merchandise_13 manual__2025-04-08T04:02:31.163432+00:00 [queued]>
[2025-04-08T04:02:41.229+0000] {taskinstance.py:2867} INFO - Starting attempt 1 of 2
[2025-04-08T04:02:41.403+0000] {taskinstance.py:2890} INFO - Executing <Task(PythonOperator): process_Automotive_Enthusiast_Merchandise_13> on 2025-04-08 04:02:31.163432+00:00
[2025-04-08T04:02:41.439+0000] {warnings.py:112} WARNING - /home/***/.local/lib/python3.12/site-packages/***/task/task_runner/standard_task_runner.py:70: DeprecationWarning: This process (pid=5733) is multi-threaded, use of fork() may lead to deadlocks in the child.
  pid = os.fork()

[2025-04-08T04:02:41.465+0000] {standard_task_runner.py:104} INFO - Running: ['***', 'tasks', 'run', 'scrape_amazon_dag', 'process_Automotive_Enthusiast_Merchandise_13', 'manual__2025-04-08T04:02:31.163432+00:00', '--job-id', '157', '--raw', '--subdir', 'DAGS_FOLDER/test_crawl_list_product.py', '--cfg-path', '/tmp/tmp2i7xl14_']
[2025-04-08T04:02:41.468+0000] {standard_task_runner.py:72} INFO - Started process 5773 to run task
[2025-04-08T04:02:41.470+0000] {standard_task_runner.py:105} INFO - Job 157: Subtask process_Automotive_Enthusiast_Merchandise_13
[2025-04-08T04:02:41.720+0000] {task_command.py:467} INFO - Running <TaskInstance: scrape_amazon_dag.process_Automotive_Enthusiast_Merchandise_13 manual__2025-04-08T04:02:31.163432+00:00 [running]> on host 13b4251b7529
[2025-04-08T04:02:42.077+0000] {taskinstance.py:3134} INFO - Exporting env vars: AIRFLOW_CTX_DAG_OWNER='***' AIRFLOW_CTX_DAG_ID='scrape_amazon_dag' AIRFLOW_CTX_TASK_ID='process_Automotive_Enthusiast_Merchandise_13' AIRFLOW_CTX_EXECUTION_DATE='2025-04-08T04:02:31.163432+00:00' AIRFLOW_CTX_TRY_NUMBER='1' AIRFLOW_CTX_DAG_RUN_ID='manual__2025-04-08T04:02:31.163432+00:00'
[2025-04-08T04:02:42.087+0000] {logging_mixin.py:190} INFO - Task instance is in running state
[2025-04-08T04:02:42.088+0000] {logging_mixin.py:190} INFO -  Previous state of the Task instance: queued
[2025-04-08T04:02:42.089+0000] {logging_mixin.py:190} INFO - Current task name:process_Automotive_Enthusiast_Merchandise_13 state:running start_date:2025-04-08 04:02:41.163575+00:00
[2025-04-08T04:02:42.089+0000] {logging_mixin.py:190} INFO - Dag name:scrape_amazon_dag and current dag run status:running
[2025-04-08T04:02:42.092+0000] {taskinstance.py:732} INFO - ::endgroup::
[2025-04-08T04:02:42.095+0000] {test_crawl_list_product.py:228} INFO - Processing: Automotive/Automotive Enthusiast Merchandise - https://www.amazon.com/s?bbn=2562090011&rh=i%3Aspecialty-aps%2Cn%3A2562090011%2Cn%3A%2115690151%2Cn%3A2204830011&s=date-desc-rank&ref_=nav_em__nav_desktop_sa_intl_automotive_enthusiast_merchandise_0_2_10_15
[2025-04-08T04:02:42.359+0000] {test_crawl_list_product.py:46} INFO - Using user-agent: Mozilla/5.0 (iPhone; CPU iPhone OS 17_6_1 like Mac OS X) AppleWebKit/605.1.15 (KHTML, like Gecko) Version/17.6 Mobile/15E148 Safari/604.1
[2025-04-08T04:02:42.361+0000] {logger.py:11} INFO - ====== WebDriver manager ======
[2025-04-08T04:02:44.458+0000] {logger.py:11} INFO - Get LATEST chromedriver version for google-chrome
[2025-04-08T04:02:44.884+0000] {logger.py:11} INFO - Get LATEST chromedriver version for google-chrome
[2025-04-08T04:02:45.093+0000] {logger.py:11} INFO - Driver [/home/***/.wdm/drivers/chromedriver/linux64/135.0.7049.42/chromedriver-linux64/chromedriver] found in cache
[2025-04-08T04:03:00.051+0000] {job.py:229} INFO - Heartbeat recovered after 12.99 seconds
[2025-04-08T04:03:07.184+0000] {job.py:229} INFO - Heartbeat recovered after 14.68 seconds
[2025-04-08T04:03:35.941+0000] {job.py:229} INFO - Heartbeat recovered after 19.08 seconds
[2025-04-08T04:03:46.072+0000] {test_crawl_list_product.py:72} WARNING - Could not detect layout, using default (tiles)
[2025-04-08T04:03:46.112+0000] {test_crawl_list_product.py:192} INFO - Saved/Updated 0 products to /opt/***/csv/src_output/pt1_20250408/part1_data_Automotive_Automotive Enthusiast Merchandise_20250408.csv
[2025-04-08T04:03:46.114+0000] {test_crawl_list_product.py:209} INFO - Page 1 for Automotive/Automotive Enthusiast Merchandise : Crawled 0 items in 38.84 seconds
[2025-04-08T04:03:46.150+0000] {test_crawl_list_product.py:213} INFO - Reached the last page (Page 1) for Automotive/Automotive Enthusiast Merchandise
[2025-04-08T04:03:52.663+0000] {python.py:240} INFO - Done. Returned value was: None
[2025-04-08T04:03:52.792+0000] {taskinstance.py:341} INFO - ::group::Post task execution logs
[2025-04-08T04:03:52.822+0000] {taskinstance.py:353} INFO - Marking task as SUCCESS. dag_id=scrape_amazon_dag, task_id=process_Automotive_Enthusiast_Merchandise_13, run_id=manual__2025-04-08T04:02:31.163432+00:00, execution_date=20250408T040231, start_date=20250408T040241, end_date=20250408T040352
[2025-04-08T04:03:54.964+0000] {logging_mixin.py:190} INFO - Task instance in success state
[2025-04-08T04:03:54.966+0000] {logging_mixin.py:190} INFO -  Previous state of the Task instance: running
[2025-04-08T04:03:54.968+0000] {logging_mixin.py:190} INFO - Dag name:scrape_amazon_dag queued_at:2025-04-08 04:02:31.265789+00:00
[2025-04-08T04:03:54.969+0000] {logging_mixin.py:190} INFO - Task hostname:13b4251b7529 operator:PythonOperator
[2025-04-08T04:03:55.195+0000] {local_task_job_runner.py:266} INFO - Task exited with return code 0
[2025-04-08T04:03:55.284+0000] {taskinstance.py:3901} INFO - 0 downstream tasks scheduled from follow-on schedule check
[2025-04-08T04:03:55.370+0000] {local_task_job_runner.py:245} INFO - ::endgroup::
