[2025-04-07T14:32:41.813+0000] {local_task_job_runner.py:123} INFO - ::group::Pre task execution logs
[2025-04-07T14:32:41.833+0000] {taskinstance.py:2613} INFO - Dependencies all met for dep_context=non-requeueable deps ti=<TaskInstance: demp_scrape_amazon_dag_demo.scrape_task manual__2025-04-07T14:32:38.184483+00:00 [queued]>
[2025-04-07T14:32:41.844+0000] {taskinstance.py:2613} INFO - Dependencies all met for dep_context=requeueable deps ti=<TaskInstance: demp_scrape_amazon_dag_demo.scrape_task manual__2025-04-07T14:32:38.184483+00:00 [queued]>
[2025-04-07T14:32:41.845+0000] {taskinstance.py:2866} INFO - Starting attempt 1 of 2
[2025-04-07T14:32:41.866+0000] {taskinstance.py:2889} INFO - Executing <Task(PythonOperator): scrape_task> on 2025-04-07 14:32:38.184483+00:00
[2025-04-07T14:32:41.873+0000] {warnings.py:112} WARNING - /home/***/.local/lib/python3.12/site-packages/***/task/task_runner/standard_task_runner.py:70: DeprecationWarning: This process (pid=870) is multi-threaded, use of fork() may lead to deadlocks in the child.
  pid = os.fork()

[2025-04-07T14:32:41.875+0000] {standard_task_runner.py:72} INFO - Started process 873 to run task
[2025-04-07T14:32:41.876+0000] {standard_task_runner.py:104} INFO - Running: ['***', 'tasks', 'run', 'demp_scrape_amazon_dag_demo', 'scrape_task', 'manual__2025-04-07T14:32:38.184483+00:00', '--job-id', '52', '--raw', '--subdir', 'DAGS_FOLDER/another_test.py', '--cfg-path', '/tmp/tmp18orjeme']
[2025-04-07T14:32:41.878+0000] {standard_task_runner.py:105} INFO - Job 52: Subtask scrape_task
[2025-04-07T14:32:41.936+0000] {task_command.py:467} INFO - Running <TaskInstance: demp_scrape_amazon_dag_demo.scrape_task manual__2025-04-07T14:32:38.184483+00:00 [running]> on host ba893f484bac
[2025-04-07T14:32:42.054+0000] {taskinstance.py:3132} INFO - Exporting env vars: AIRFLOW_CTX_DAG_OWNER='***' AIRFLOW_CTX_DAG_ID='demp_scrape_amazon_dag_demo' AIRFLOW_CTX_TASK_ID='scrape_task' AIRFLOW_CTX_EXECUTION_DATE='2025-04-07T14:32:38.184483+00:00' AIRFLOW_CTX_TRY_NUMBER='1' AIRFLOW_CTX_DAG_RUN_ID='manual__2025-04-07T14:32:38.184483+00:00'
[2025-04-07T14:32:42.056+0000] {logging_mixin.py:190} INFO - Task instance is in running state
[2025-04-07T14:32:42.056+0000] {logging_mixin.py:190} INFO -  Previous state of the Task instance: queued
[2025-04-07T14:32:42.057+0000] {logging_mixin.py:190} INFO - Current task name:scrape_task state:running start_date:2025-04-07 14:32:41.834622+00:00
[2025-04-07T14:32:42.058+0000] {logging_mixin.py:190} INFO - Dag name:demp_scrape_amazon_dag_demo and current dag run status:running
[2025-04-07T14:32:42.059+0000] {taskinstance.py:731} INFO - ::endgroup::
[2025-04-07T14:32:42.073+0000] {another_test.py:262} INFO - Processing: Automotive/Car Care - https://www.amazon.com/s?bbn=2562090011&rh=i%3Aspecialty-aps%2Cn%3A2562090011%2Cn%3A%2115690151%2Cn%3A15718271&s=date-desc-rank&ref_=nav_em__nav_desktop_sa_intl_car_care_0_2_10_2
[2025-04-07T14:32:42.124+0000] {logger.py:11} INFO - ====== WebDriver manager ======
[2025-04-07T14:32:42.154+0000] {logger.py:11} INFO - Get LATEST chromedriver version for google-chrome
[2025-04-07T14:32:42.421+0000] {logger.py:11} INFO - About to download new driver from https://chromedriver.storage.googleapis.com/114.0.5735.90/chromedriver_linux64.zip
[2025-04-07T14:32:42.568+0000] {logger.py:11} INFO - Driver downloading response is 200
[2025-04-07T14:32:43.116+0000] {logger.py:11} INFO - Get LATEST chromedriver version for google-chrome
[2025-04-07T14:32:43.410+0000] {logger.py:11} INFO - Get LATEST chromedriver version for google-chrome
[2025-04-07T14:32:43.574+0000] {logger.py:11} INFO - Driver has been saved in cache [/home/***/.wdm/drivers/chromedriver/linux64/114.0.5735.90]
[2025-04-07T14:32:43.635+0000] {another_test.py:262} INFO - Processing: Automotive/Car Electronics & Accessories - https://www.amazon.com/s?bbn=2562090011&rh=i%3Aspecialty-aps%2Cn%3A2562090011%2Cn%3A%2115690151%2Cn%3A2230642011&s=date-desc-rank&ref_=nav_em__nav_desktop_sa_intl_car_electronics_accessories_0_2_10_3
[2025-04-07T14:32:43.688+0000] {logger.py:11} INFO - ====== WebDriver manager ======
[2025-04-07T14:32:43.710+0000] {logger.py:11} INFO - Get LATEST chromedriver version for google-chrome
[2025-04-07T14:32:43.864+0000] {logger.py:11} INFO - About to download new driver from https://chromedriver.storage.googleapis.com/114.0.5735.90/chromedriver_linux64.zip
[2025-04-07T14:32:44.079+0000] {logger.py:11} INFO - Driver downloading response is 200
[2025-04-07T14:32:44.685+0000] {logger.py:11} INFO - Get LATEST chromedriver version for google-chrome
[2025-04-07T14:32:44.977+0000] {logger.py:11} INFO - Get LATEST chromedriver version for google-chrome
[2025-04-07T14:32:45.134+0000] {logger.py:11} INFO - Driver has been saved in cache [/home/***/.wdm/drivers/chromedriver/linux64/114.0.5735.90]
[2025-04-07T14:32:45.150+0000] {another_test.py:262} INFO - Processing: Automotive/Exterior Accessories - https://www.amazon.com/s?bbn=2562090011&rh=i%3Aspecialty-aps%2Cn%3A2562090011%2Cn%3A%2115690151%2Cn%3A15857511&s=date-desc-rank&ref_=nav_em__nav_desktop_sa_intl_exterior_accessories__0_2_10_4
[2025-04-07T14:32:45.206+0000] {logger.py:11} INFO - ====== WebDriver manager ======
[2025-04-07T14:32:45.236+0000] {logger.py:11} INFO - Get LATEST chromedriver version for google-chrome
[2025-04-07T14:32:45.375+0000] {logger.py:11} INFO - About to download new driver from https://chromedriver.storage.googleapis.com/114.0.5735.90/chromedriver_linux64.zip
[2025-04-07T14:32:45.524+0000] {logger.py:11} INFO - Driver downloading response is 200
[2025-04-07T14:32:46.156+0000] {logger.py:11} INFO - Get LATEST chromedriver version for google-chrome
[2025-04-07T14:32:46.470+0000] {logger.py:11} INFO - Get LATEST chromedriver version for google-chrome
[2025-04-07T14:32:46.620+0000] {logger.py:11} INFO - Driver has been saved in cache [/home/***/.wdm/drivers/chromedriver/linux64/114.0.5735.90]
[2025-04-07T14:32:46.636+0000] {another_test.py:262} INFO - Processing: Automotive/Interior Accessories - https://www.amazon.com/s?bbn=2562090011&rh=i%3Aspecialty-aps%2Cn%3A2562090011%2Cn%3A%2115690151%2Cn%3A15857501&s=date-desc-rank&ref_=nav_em__nav_desktop_sa_intl_interior_accessories_0_2_10_5
[2025-04-07T14:32:46.677+0000] {logger.py:11} INFO - ====== WebDriver manager ======
[2025-04-07T14:32:46.697+0000] {logger.py:11} INFO - Get LATEST chromedriver version for google-chrome
[2025-04-07T14:32:46.843+0000] {logger.py:11} INFO - About to download new driver from https://chromedriver.storage.googleapis.com/114.0.5735.90/chromedriver_linux64.zip
[2025-04-07T14:32:46.976+0000] {logger.py:11} INFO - Driver downloading response is 200
[2025-04-07T14:32:47.717+0000] {logger.py:11} INFO - Get LATEST chromedriver version for google-chrome
[2025-04-07T14:32:47.996+0000] {logger.py:11} INFO - Get LATEST chromedriver version for google-chrome
[2025-04-07T14:32:48.122+0000] {logger.py:11} INFO - Driver has been saved in cache [/home/***/.wdm/drivers/chromedriver/linux64/114.0.5735.90]
[2025-04-07T14:32:48.138+0000] {another_test.py:262} INFO - Processing: Automotive/Lights & Lighting Accessories - https://www.amazon.com/s?bbn=2562090011&rh=i%3Aspecialty-aps%2Cn%3A2562090011%2Cn%3A%2115690151%2Cn%3A15736321&s=date-desc-rank&ref_=nav_em__nav_desktop_sa_intl_lights_lighting_accessories_0_2_10_6
[2025-04-07T14:32:48.184+0000] {logger.py:11} INFO - ====== WebDriver manager ======
[2025-04-07T14:32:48.213+0000] {logger.py:11} INFO - Get LATEST chromedriver version for google-chrome
[2025-04-07T14:32:48.356+0000] {logger.py:11} INFO - About to download new driver from https://chromedriver.storage.googleapis.com/114.0.5735.90/chromedriver_linux64.zip
[2025-04-07T14:32:48.520+0000] {logger.py:11} INFO - Driver downloading response is 200
[2025-04-07T14:32:49.218+0000] {logger.py:11} INFO - Get LATEST chromedriver version for google-chrome
[2025-04-07T14:32:49.607+0000] {logger.py:11} INFO - Get LATEST chromedriver version for google-chrome
[2025-04-07T14:32:49.768+0000] {logger.py:11} INFO - Driver has been saved in cache [/home/***/.wdm/drivers/chromedriver/linux64/114.0.5735.90]
[2025-04-07T14:32:49.788+0000] {another_test.py:262} INFO - Processing: Automotive/Motorcycle & Powersports - https://www.amazon.com/s?bbn=2562090011&rh=i%3Aspecialty-aps%2Cn%3A2562090011%2Cn%3A%2115690151%2Cn%3A346333011&s=date-desc-rank&ref_=nav_em__nav_desktop_sa_intl_motorcycle_powersports_0_2_10_7
[2025-04-07T14:32:49.848+0000] {logger.py:11} INFO - ====== WebDriver manager ======
[2025-04-07T14:32:49.874+0000] {logger.py:11} INFO - Get LATEST chromedriver version for google-chrome
[2025-04-07T14:32:49.995+0000] {logger.py:11} INFO - About to download new driver from https://chromedriver.storage.googleapis.com/114.0.5735.90/chromedriver_linux64.zip
[2025-04-07T14:32:50.141+0000] {logger.py:11} INFO - Driver downloading response is 200
[2025-04-07T14:32:50.676+0000] {logger.py:11} INFO - Get LATEST chromedriver version for google-chrome
[2025-04-07T14:32:50.963+0000] {logger.py:11} INFO - Get LATEST chromedriver version for google-chrome
[2025-04-07T14:32:51.115+0000] {logger.py:11} INFO - Driver has been saved in cache [/home/***/.wdm/drivers/chromedriver/linux64/114.0.5735.90]
[2025-04-07T14:32:51.131+0000] {another_test.py:262} INFO - Processing: Automotive/Oils & Fluids - https://www.amazon.com/s?bbn=2562090011&rh=i%3Aspecialty-aps%2Cn%3A2562090011%2Cn%3A%2115690151%2Cn%3A15718791&s=date-desc-rank&ref_=nav_em__nav_desktop_sa_intl_oils_fluid_0_2_10_8
[2025-04-07T14:32:51.177+0000] {logger.py:11} INFO - ====== WebDriver manager ======
[2025-04-07T14:32:51.205+0000] {logger.py:11} INFO - Get LATEST chromedriver version for google-chrome
[2025-04-07T14:32:51.318+0000] {logger.py:11} INFO - About to download new driver from https://chromedriver.storage.googleapis.com/114.0.5735.90/chromedriver_linux64.zip
[2025-04-07T14:32:51.440+0000] {logger.py:11} INFO - Driver downloading response is 200
[2025-04-07T14:32:51.901+0000] {logger.py:11} INFO - Get LATEST chromedriver version for google-chrome
[2025-04-07T14:32:52.212+0000] {logger.py:11} INFO - Get LATEST chromedriver version for google-chrome
[2025-04-07T14:32:52.374+0000] {logger.py:11} INFO - Driver has been saved in cache [/home/***/.wdm/drivers/chromedriver/linux64/114.0.5735.90]
[2025-04-07T14:32:52.390+0000] {another_test.py:262} INFO - Processing: Automotive/Paint & Paint Supplies - https://www.amazon.com/s?bbn=2562090011&rh=i%3Aspecialty-aps%2Cn%3A2562090011%2Cn%3A%2115690151%2Cn%3A13591416011&s=date-desc-rank&ref_=nav_em__nav_desktop_sa_intl_paint_paint_supplies_0_2_10_9
[2025-04-07T14:32:52.431+0000] {logger.py:11} INFO - ====== WebDriver manager ======
[2025-04-07T14:32:52.456+0000] {logger.py:11} INFO - Get LATEST chromedriver version for google-chrome
[2025-04-07T14:32:52.606+0000] {logger.py:11} INFO - About to download new driver from https://chromedriver.storage.googleapis.com/114.0.5735.90/chromedriver_linux64.zip
[2025-04-07T14:32:52.752+0000] {logger.py:11} INFO - Driver downloading response is 200
[2025-04-07T14:32:53.335+0000] {logger.py:11} INFO - Get LATEST chromedriver version for google-chrome
[2025-04-07T14:32:53.633+0000] {logger.py:11} INFO - Get LATEST chromedriver version for google-chrome
[2025-04-07T14:32:53.763+0000] {logger.py:11} INFO - Driver has been saved in cache [/home/***/.wdm/drivers/chromedriver/linux64/114.0.5735.90]
[2025-04-07T14:32:53.783+0000] {another_test.py:262} INFO - Processing: Automotive/Performance Parts & Accessories - https://www.amazon.com/s?bbn=2562090011&rh=i%3Aspecialty-aps%2Cn%3A2562090011%2Cn%3A%2115690151%2Cn%3A15710351&s=date-desc-rank&ref_=nav_em__nav_desktop_sa_intl_performance_parts_accessories_0_2_10_10
[2025-04-07T14:32:53.832+0000] {logger.py:11} INFO - ====== WebDriver manager ======
[2025-04-07T14:32:53.867+0000] {logger.py:11} INFO - Get LATEST chromedriver version for google-chrome
[2025-04-07T14:32:54.012+0000] {logger.py:11} INFO - About to download new driver from https://chromedriver.storage.googleapis.com/114.0.5735.90/chromedriver_linux64.zip
[2025-04-07T14:32:54.171+0000] {logger.py:11} INFO - Driver downloading response is 200
[2025-04-07T14:32:54.791+0000] {logger.py:11} INFO - Get LATEST chromedriver version for google-chrome
[2025-04-07T14:32:55.107+0000] {logger.py:11} INFO - Get LATEST chromedriver version for google-chrome
[2025-04-07T14:32:55.261+0000] {logger.py:11} INFO - Driver has been saved in cache [/home/***/.wdm/drivers/chromedriver/linux64/114.0.5735.90]
[2025-04-07T14:32:55.278+0000] {another_test.py:262} INFO - Processing: Automotive/Replacement Parts - https://www.amazon.com/s?bbn=2562090011&rh=i%3Aspecialty-aps%2Cn%3A2562090011%2Cn%3A%2115690151%2Cn%3A15719731&s=date-desc-rank&ref_=nav_em__nav_desktop_sa_intl_replacement_parts_0_2_10_11
[2025-04-07T14:32:55.319+0000] {logger.py:11} INFO - ====== WebDriver manager ======
[2025-04-07T14:32:55.342+0000] {logger.py:11} INFO - Get LATEST chromedriver version for google-chrome
[2025-04-07T14:32:55.486+0000] {logger.py:11} INFO - About to download new driver from https://chromedriver.storage.googleapis.com/114.0.5735.90/chromedriver_linux64.zip
[2025-04-07T14:32:55.650+0000] {logger.py:11} INFO - Driver downloading response is 200
[2025-04-07T14:32:56.325+0000] {logger.py:11} INFO - Get LATEST chromedriver version for google-chrome
[2025-04-07T14:32:56.781+0000] {logger.py:11} INFO - Get LATEST chromedriver version for google-chrome
[2025-04-07T14:32:56.909+0000] {logger.py:11} INFO - Driver has been saved in cache [/home/***/.wdm/drivers/chromedriver/linux64/114.0.5735.90]
[2025-04-07T14:32:56.925+0000] {another_test.py:262} INFO - Processing: Automotive/RV Parts & Accessories - https://www.amazon.com/s?bbn=2562090011&rh=i%3Aspecialty-aps%2Cn%3A2562090011%2Cn%3A%2115690151%2Cn%3A2258019011&s=date-desc-rank&ref_=nav_em__nav_desktop_sa_intl_rv_parts_accessories_0_2_10_12
[2025-04-07T14:32:56.970+0000] {logger.py:11} INFO - ====== WebDriver manager ======
[2025-04-07T14:32:56.998+0000] {logger.py:11} INFO - Get LATEST chromedriver version for google-chrome
[2025-04-07T14:32:57.178+0000] {logger.py:11} INFO - About to download new driver from https://chromedriver.storage.googleapis.com/114.0.5735.90/chromedriver_linux64.zip
[2025-04-07T14:32:57.297+0000] {logger.py:11} INFO - Driver downloading response is 200
[2025-04-07T14:32:57.901+0000] {logger.py:11} INFO - Get LATEST chromedriver version for google-chrome
[2025-04-07T14:32:58.214+0000] {logger.py:11} INFO - Get LATEST chromedriver version for google-chrome
[2025-04-07T14:32:58.372+0000] {logger.py:11} INFO - Driver has been saved in cache [/home/***/.wdm/drivers/chromedriver/linux64/114.0.5735.90]
[2025-04-07T14:32:58.388+0000] {another_test.py:262} INFO - Processing: Automotive/Tires & Wheels - https://www.amazon.com/s?bbn=2562090011&rh=i%3Aspecialty-aps%2Cn%3A2562090011%2Cn%3A%2115690151%2Cn%3A15706571&s=date-desc-rank&ref_=nav_em__nav_desktop_sa_intl_tires_wheels_0_2_10_13
[2025-04-07T14:32:58.441+0000] {logger.py:11} INFO - ====== WebDriver manager ======
[2025-04-07T14:32:58.466+0000] {logger.py:11} INFO - Get LATEST chromedriver version for google-chrome
[2025-04-07T14:32:58.617+0000] {logger.py:11} INFO - About to download new driver from https://chromedriver.storage.googleapis.com/114.0.5735.90/chromedriver_linux64.zip
[2025-04-07T14:32:58.766+0000] {logger.py:11} INFO - Driver downloading response is 200
[2025-04-07T14:32:59.333+0000] {logger.py:11} INFO - Get LATEST chromedriver version for google-chrome
[2025-04-07T14:32:59.622+0000] {logger.py:11} INFO - Get LATEST chromedriver version for google-chrome
[2025-04-07T14:32:59.790+0000] {logger.py:11} INFO - Driver has been saved in cache [/home/***/.wdm/drivers/chromedriver/linux64/114.0.5735.90]
[2025-04-07T14:32:59.808+0000] {another_test.py:262} INFO - Processing: Automotive/Tools & Equipment - https://www.amazon.com/s?bbn=2562090011&rh=i%3Aspecialty-aps%2Cn%3A2562090011%2Cn%3A%2115690151%2Cn%3A15706941&s=date-desc-rank&ref_=nav_em__nav_desktop_sa_intl_tools_equipment_0_2_10_14
[2025-04-07T14:32:59.852+0000] {logger.py:11} INFO - ====== WebDriver manager ======
[2025-04-07T14:32:59.873+0000] {logger.py:11} INFO - Get LATEST chromedriver version for google-chrome
[2025-04-07T14:33:00.039+0000] {logger.py:11} INFO - About to download new driver from https://chromedriver.storage.googleapis.com/114.0.5735.90/chromedriver_linux64.zip
[2025-04-07T14:33:00.195+0000] {logger.py:11} INFO - Driver downloading response is 200
[2025-04-07T14:33:00.727+0000] {logger.py:11} INFO - Get LATEST chromedriver version for google-chrome
[2025-04-07T14:33:01.007+0000] {logger.py:11} INFO - Get LATEST chromedriver version for google-chrome
[2025-04-07T14:33:01.164+0000] {logger.py:11} INFO - Driver has been saved in cache [/home/***/.wdm/drivers/chromedriver/linux64/114.0.5735.90]
[2025-04-07T14:33:01.180+0000] {another_test.py:262} INFO - Processing: Automotive/Automotive Enthusiast Merchandise - https://www.amazon.com/s?bbn=2562090011&rh=i%3Aspecialty-aps%2Cn%3A2562090011%2Cn%3A%2115690151%2Cn%3A2204830011&s=date-desc-rank&ref_=nav_em__nav_desktop_sa_intl_automotive_enthusiast_merchandise_0_2_10_15
[2025-04-07T14:33:01.225+0000] {logger.py:11} INFO - ====== WebDriver manager ======
[2025-04-07T14:33:01.247+0000] {logger.py:11} INFO - Get LATEST chromedriver version for google-chrome
[2025-04-07T14:33:01.402+0000] {logger.py:11} INFO - About to download new driver from https://chromedriver.storage.googleapis.com/114.0.5735.90/chromedriver_linux64.zip
[2025-04-07T14:33:01.550+0000] {logger.py:11} INFO - Driver downloading response is 200
[2025-04-07T14:33:02.212+0000] {logger.py:11} INFO - Get LATEST chromedriver version for google-chrome
[2025-04-07T14:33:02.577+0000] {logger.py:11} INFO - Get LATEST chromedriver version for google-chrome
[2025-04-07T14:33:02.761+0000] {logger.py:11} INFO - Driver has been saved in cache [/home/***/.wdm/drivers/chromedriver/linux64/114.0.5735.90]
[2025-04-07T14:33:02.781+0000] {another_test.py:262} INFO - Processing: Automotive/Heavy Duty & Commercial Vehicle Equipment - https://www.amazon.com/s?bbn=2562090011&rh=i%3Aspecialty-aps%2Cn%3A2562090011%2Cn%3A%2115690151%2Cn%3A15682003011&s=date-desc-rank&ref_=nav_em__nav_desktop_sa_intl_heavyduty_commercial_0_2_10_16
[2025-04-07T14:33:02.836+0000] {logger.py:11} INFO - ====== WebDriver manager ======
[2025-04-07T14:33:02.865+0000] {logger.py:11} INFO - Get LATEST chromedriver version for google-chrome
[2025-04-07T14:33:03.011+0000] {logger.py:11} INFO - About to download new driver from https://chromedriver.storage.googleapis.com/114.0.5735.90/chromedriver_linux64.zip
[2025-04-07T14:33:03.187+0000] {logger.py:11} INFO - Driver downloading response is 200
[2025-04-07T14:33:03.796+0000] {logger.py:11} INFO - Get LATEST chromedriver version for google-chrome
[2025-04-07T14:33:04.085+0000] {logger.py:11} INFO - Get LATEST chromedriver version for google-chrome
[2025-04-07T14:33:04.233+0000] {logger.py:11} INFO - Driver has been saved in cache [/home/***/.wdm/drivers/chromedriver/linux64/114.0.5735.90]
[2025-04-07T14:33:04.249+0000] {python.py:240} INFO - Done. Returned value was: None
[2025-04-07T14:33:04.259+0000] {taskinstance.py:340} INFO - ::group::Post task execution logs
[2025-04-07T14:33:04.259+0000] {taskinstance.py:352} INFO - Marking task as SUCCESS. dag_id=demp_scrape_amazon_dag_demo, task_id=scrape_task, run_id=manual__2025-04-07T14:32:38.184483+00:00, execution_date=20250407T143238, start_date=20250407T143241, end_date=20250407T143304
[2025-04-07T14:33:04.609+0000] {logging_mixin.py:190} INFO - Task instance in success state
[2025-04-07T14:33:04.610+0000] {logging_mixin.py:190} INFO -  Previous state of the Task instance: running
[2025-04-07T14:33:04.610+0000] {logging_mixin.py:190} INFO - Dag name:demp_scrape_amazon_dag_demo queued_at:2025-04-07 14:32:38.200502+00:00
[2025-04-07T14:33:04.611+0000] {logging_mixin.py:190} INFO - Task hostname:ba893f484bac operator:PythonOperator
[2025-04-07T14:33:04.627+0000] {local_task_job_runner.py:266} INFO - Task exited with return code 0
[2025-04-07T14:33:04.648+0000] {taskinstance.py:3895} INFO - 0 downstream tasks scheduled from follow-on schedule check
[2025-04-07T14:33:04.654+0000] {local_task_job_runner.py:245} INFO - ::endgroup::
