[2025-04-08T04:02:40.799+0000] {local_task_job_runner.py:123} INFO - ::group::Pre task execution logs
[2025-04-08T04:02:41.004+0000] {taskinstance.py:2614} INFO - Dependencies all met for dep_context=non-requeueable deps ti=<TaskInstance: scrape_amazon_dag.process_Paint___Paint_Supplies_7 manual__2025-04-08T04:02:31.163432+00:00 [queued]>
[2025-04-08T04:02:41.095+0000] {taskinstance.py:2614} INFO - Dependencies all met for dep_context=requeueable deps ti=<TaskInstance: scrape_amazon_dag.process_Paint___Paint_Supplies_7 manual__2025-04-08T04:02:31.163432+00:00 [queued]>
[2025-04-08T04:02:41.097+0000] {taskinstance.py:2867} INFO - Starting attempt 1 of 2
[2025-04-08T04:02:41.272+0000] {taskinstance.py:2890} INFO - Executing <Task(PythonOperator): process_Paint___Paint_Supplies_7> on 2025-04-08 04:02:31.163432+00:00
[2025-04-08T04:02:41.320+0000] {warnings.py:112} WARNING - /home/***/.local/lib/python3.12/site-packages/***/task/task_runner/standard_task_runner.py:70: DeprecationWarning: This process (pid=5730) is multi-threaded, use of fork() may lead to deadlocks in the child.
  pid = os.fork()

[2025-04-08T04:02:41.383+0000] {standard_task_runner.py:72} INFO - Started process 5771 to run task
[2025-04-08T04:02:41.422+0000] {standard_task_runner.py:104} INFO - Running: ['***', 'tasks', 'run', 'scrape_amazon_dag', 'process_Paint___Paint_Supplies_7', 'manual__2025-04-08T04:02:31.163432+00:00', '--job-id', '155', '--raw', '--subdir', 'DAGS_FOLDER/test_crawl_list_product.py', '--cfg-path', '/tmp/tmp_mo8hxdm']
[2025-04-08T04:02:41.441+0000] {standard_task_runner.py:105} INFO - Job 155: Subtask process_Paint___Paint_Supplies_7
[2025-04-08T04:02:41.774+0000] {task_command.py:467} INFO - Running <TaskInstance: scrape_amazon_dag.process_Paint___Paint_Supplies_7 manual__2025-04-08T04:02:31.163432+00:00 [running]> on host 13b4251b7529
[2025-04-08T04:02:42.093+0000] {taskinstance.py:3134} INFO - Exporting env vars: AIRFLOW_CTX_DAG_OWNER='***' AIRFLOW_CTX_DAG_ID='scrape_amazon_dag' AIRFLOW_CTX_TASK_ID='process_Paint___Paint_Supplies_7' AIRFLOW_CTX_EXECUTION_DATE='2025-04-08T04:02:31.163432+00:00' AIRFLOW_CTX_TRY_NUMBER='1' AIRFLOW_CTX_DAG_RUN_ID='manual__2025-04-08T04:02:31.163432+00:00'
[2025-04-08T04:02:42.096+0000] {logging_mixin.py:190} INFO - Task instance is in running state
[2025-04-08T04:02:42.111+0000] {logging_mixin.py:190} INFO -  Previous state of the Task instance: queued
[2025-04-08T04:02:42.114+0000] {logging_mixin.py:190} INFO - Current task name:process_Paint___Paint_Supplies_7 state:running start_date:2025-04-08 04:02:41.007677+00:00
[2025-04-08T04:02:42.118+0000] {logging_mixin.py:190} INFO - Dag name:scrape_amazon_dag and current dag run status:running
[2025-04-08T04:02:42.120+0000] {taskinstance.py:732} INFO - ::endgroup::
[2025-04-08T04:02:42.124+0000] {test_crawl_list_product.py:228} INFO - Processing: Automotive/Paint & Paint Supplies - https://www.amazon.com/s?bbn=2562090011&rh=i%3Aspecialty-aps%2Cn%3A2562090011%2Cn%3A%2115690151%2Cn%3A13591416011&s=date-desc-rank&ref_=nav_em__nav_desktop_sa_intl_paint_paint_supplies_0_2_10_9
[2025-04-08T04:02:42.362+0000] {test_crawl_list_product.py:46} INFO - Using user-agent: Mozilla/5.0 (Linux; Android 10; K) AppleWebKit/537.36 (KHTML, like Gecko) Chrome/132.0.0.0 Mobile Safari/537.36
[2025-04-08T04:02:42.369+0000] {logger.py:11} INFO - ====== WebDriver manager ======
[2025-04-08T04:02:44.450+0000] {logger.py:11} INFO - Get LATEST chromedriver version for google-chrome
[2025-04-08T04:02:44.859+0000] {logger.py:11} INFO - Get LATEST chromedriver version for google-chrome
[2025-04-08T04:02:45.095+0000] {logger.py:11} INFO - Driver [/home/***/.wdm/drivers/chromedriver/linux64/135.0.7049.42/chromedriver-linux64/chromedriver] found in cache
[2025-04-08T04:03:00.048+0000] {job.py:229} INFO - Heartbeat recovered after 13.01 seconds
[2025-04-08T04:03:07.224+0000] {job.py:229} INFO - Heartbeat recovered after 14.74 seconds
[2025-04-08T04:03:35.782+0000] {job.py:229} INFO - Heartbeat recovered after 19.93 seconds
[2025-04-08T04:03:49.989+0000] {test_crawl_list_product.py:72} WARNING - Could not detect layout, using default (tiles)
[2025-04-08T04:03:50.010+0000] {test_crawl_list_product.py:192} INFO - Saved/Updated 0 products to /opt/***/csv/src_output/pt1_20250408/part1_data_Automotive_Paint & Paint Supplies_20250408.csv
[2025-04-08T04:03:50.011+0000] {test_crawl_list_product.py:209} INFO - Page 1 for Automotive/Paint & Paint Supplies : Crawled 0 items in 42.88 seconds
[2025-04-08T04:03:50.029+0000] {test_crawl_list_product.py:213} INFO - Reached the last page (Page 1) for Automotive/Paint & Paint Supplies
[2025-04-08T04:03:52.494+0000] {python.py:240} INFO - Done. Returned value was: None
[2025-04-08T04:03:52.540+0000] {taskinstance.py:341} INFO - ::group::Post task execution logs
[2025-04-08T04:03:52.542+0000] {taskinstance.py:353} INFO - Marking task as SUCCESS. dag_id=scrape_amazon_dag, task_id=process_Paint___Paint_Supplies_7, run_id=manual__2025-04-08T04:02:31.163432+00:00, execution_date=20250408T040231, start_date=20250408T040241, end_date=20250408T040352
[2025-04-08T04:03:52.704+0000] {logging_mixin.py:190} INFO - Task instance in success state
[2025-04-08T04:03:52.706+0000] {logging_mixin.py:190} INFO -  Previous state of the Task instance: running
[2025-04-08T04:03:52.708+0000] {logging_mixin.py:190} INFO - Dag name:scrape_amazon_dag queued_at:2025-04-08 04:02:31.265789+00:00
[2025-04-08T04:03:52.711+0000] {logging_mixin.py:190} INFO - Task hostname:13b4251b7529 operator:PythonOperator
[2025-04-08T04:03:52.772+0000] {local_task_job_runner.py:266} INFO - Task exited with return code 0
[2025-04-08T04:03:52.855+0000] {local_task_job_runner.py:245} INFO - ::endgroup::
[2025-04-08T04:03:53.193+0000] {standard_task_runner.py:217} INFO - Process not found (most likely exited), stop collecting metrics
