[2025-04-07T17:08:46.436+0000] {local_task_job_runner.py:123} INFO - ::group::Pre task execution logs
[2025-04-07T17:08:46.496+0000] {taskinstance.py:2614} INFO - Dependencies all met for dep_context=non-requeueable deps ti=<TaskInstance: scrape_amazon_dag.process_Tools___Equipment_12 manual__2025-04-07T17:08:36.747176+00:00 [queued]>
[2025-04-07T17:08:46.518+0000] {taskinstance.py:2614} INFO - Dependencies all met for dep_context=requeueable deps ti=<TaskInstance: scrape_amazon_dag.process_Tools___Equipment_12 manual__2025-04-07T17:08:36.747176+00:00 [queued]>
[2025-04-07T17:08:46.519+0000] {taskinstance.py:2867} INFO - Starting attempt 1 of 2
[2025-04-07T17:08:46.564+0000] {taskinstance.py:2890} INFO - Executing <Task(PythonOperator): process_Tools___Equipment_12> on 2025-04-07 17:08:36.747176+00:00
[2025-04-07T17:08:46.590+0000] {warnings.py:112} WARNING - /home/***/.local/lib/python3.12/site-packages/***/task/task_runner/standard_task_runner.py:70: DeprecationWarning: This process (pid=5044) is multi-threaded, use of fork() may lead to deadlocks in the child.
  pid = os.fork()

[2025-04-07T17:08:46.594+0000] {standard_task_runner.py:72} INFO - Started process 5084 to run task
[2025-04-07T17:08:46.594+0000] {standard_task_runner.py:104} INFO - Running: ['***', 'tasks', 'run', 'scrape_amazon_dag', 'process_Tools___Equipment_12', 'manual__2025-04-07T17:08:36.747176+00:00', '--job-id', '89', '--raw', '--subdir', 'DAGS_FOLDER/test_crawl_list_product.py', '--cfg-path', '/tmp/tmpd_4dcrh1']
[2025-04-07T17:08:46.596+0000] {standard_task_runner.py:105} INFO - Job 89: Subtask process_Tools___Equipment_12
[2025-04-07T17:08:46.720+0000] {task_command.py:467} INFO - Running <TaskInstance: scrape_amazon_dag.process_Tools___Equipment_12 manual__2025-04-07T17:08:36.747176+00:00 [running]> on host 13b4251b7529
[2025-04-07T17:08:46.931+0000] {taskinstance.py:3134} INFO - Exporting env vars: AIRFLOW_CTX_DAG_OWNER='***' AIRFLOW_CTX_DAG_ID='scrape_amazon_dag' AIRFLOW_CTX_TASK_ID='process_Tools___Equipment_12' AIRFLOW_CTX_EXECUTION_DATE='2025-04-07T17:08:36.747176+00:00' AIRFLOW_CTX_TRY_NUMBER='1' AIRFLOW_CTX_DAG_RUN_ID='manual__2025-04-07T17:08:36.747176+00:00'
[2025-04-07T17:08:46.935+0000] {logging_mixin.py:190} INFO - Task instance is in running state
[2025-04-07T17:08:46.937+0000] {logging_mixin.py:190} INFO -  Previous state of the Task instance: queued
[2025-04-07T17:08:46.939+0000] {logging_mixin.py:190} INFO - Current task name:process_Tools___Equipment_12 state:running start_date:2025-04-07 17:08:46.498339+00:00
[2025-04-07T17:08:46.940+0000] {logging_mixin.py:190} INFO - Dag name:scrape_amazon_dag and current dag run status:running
[2025-04-07T17:08:46.940+0000] {taskinstance.py:732} INFO - ::endgroup::
[2025-04-07T17:08:46.942+0000] {test_crawl_list_product.py:227} INFO - Processing: Automotive/Tools & Equipment - https://www.amazon.com/s?bbn=2562090011&rh=i%3Aspecialty-aps%2Cn%3A2562090011%2Cn%3A%2115690151%2Cn%3A15706941&s=date-desc-rank&ref_=nav_em__nav_desktop_sa_intl_tools_equipment_0_2_10_14
[2025-04-07T17:08:47.082+0000] {logger.py:11} INFO - ====== WebDriver manager ======
[2025-04-07T17:08:47.282+0000] {logger.py:11} INFO - Get LATEST chromedriver version for google-chrome
[2025-04-07T17:08:47.467+0000] {logger.py:11} INFO - Get LATEST chromedriver version for google-chrome
[2025-04-07T17:08:47.672+0000] {logger.py:11} INFO - Driver [/home/***/.wdm/drivers/chromedriver/linux64/135.0.7049.42/chromedriver-linux64/chromedriver] found in cache
[2025-04-07T17:08:55.603+0000] {test_crawl_list_product.py:220} ERROR - Error during scraping https://www.amazon.com/s?bbn=2562090011&rh=i%3Aspecialty-aps%2Cn%3A2562090011%2Cn%3A%2115690151%2Cn%3A15706941&s=date-desc-rank&ref_=nav_em__nav_desktop_sa_intl_tools_equipment_0_2_10_14: Message: 
Stacktrace:
#0 0x5608293f9e6a <unknown>
#1 0x560828eab640 <unknown>
#2 0x560828efcb5a <unknown>
#3 0x560828efcd51 <unknown>
#4 0x560828f4b344 <unknown>
#5 0x560828f2277d <unknown>
#6 0x560828f487b5 <unknown>
#7 0x560828f22523 <unknown>
#8 0x560828eeeef3 <unknown>
#9 0x560828eefb51 <unknown>
#10 0x5608293bed2b <unknown>
#11 0x5608293c2c01 <unknown>
#12 0x5608293a6512 <unknown>
#13 0x5608293c3774 <unknown>
#14 0x56082938a90f <unknown>
#15 0x5608293e7fb8 <unknown>
#16 0x5608293e8196 <unknown>
#17 0x5608293f8cb6 <unknown>
#18 0x7f4f8b4bf1c4 <unknown>

[2025-04-07T17:08:55.654+0000] {test_crawl_list_product.py:191} INFO - Saved/Updated 0 products to /opt/***/csv/src_output/pt1_20250407/part1_data_Automotive_Tools & Equipment_20250407.csv
[2025-04-07T17:08:59.306+0000] {python.py:240} INFO - Done. Returned value was: None
[2025-04-07T17:08:59.321+0000] {taskinstance.py:341} INFO - ::group::Post task execution logs
[2025-04-07T17:08:59.322+0000] {taskinstance.py:353} INFO - Marking task as SUCCESS. dag_id=scrape_amazon_dag, task_id=process_Tools___Equipment_12, run_id=manual__2025-04-07T17:08:36.747176+00:00, execution_date=20250407T170836, start_date=20250407T170846, end_date=20250407T170859
[2025-04-07T17:08:59.447+0000] {logging_mixin.py:190} INFO - Task instance in success state
[2025-04-07T17:08:59.448+0000] {logging_mixin.py:190} INFO -  Previous state of the Task instance: running
[2025-04-07T17:08:59.449+0000] {logging_mixin.py:190} INFO - Dag name:scrape_amazon_dag queued_at:2025-04-07 17:08:36.770900+00:00
[2025-04-07T17:08:59.449+0000] {logging_mixin.py:190} INFO - Task hostname:13b4251b7529 operator:PythonOperator
[2025-04-07T17:08:59.510+0000] {local_task_job_runner.py:266} INFO - Task exited with return code 0
[2025-04-07T17:08:59.556+0000] {taskinstance.py:3901} INFO - 0 downstream tasks scheduled from follow-on schedule check
[2025-04-07T17:08:59.572+0000] {local_task_job_runner.py:245} INFO - ::endgroup::
