[2025-04-04T22:25:29.466+0000] {local_task_job_runner.py:123} INFO - ::group::Pre task execution logs
[2025-04-04T22:25:29.493+0000] {taskinstance.py:2613} INFO - Dependencies all met for dep_context=non-requeueable deps ti=<TaskInstance: demp_scrape_amazon_dag_demo.scrape_task manual__2025-04-04T22:25:26.021286+00:00 [queued]>
[2025-04-04T22:25:29.507+0000] {taskinstance.py:2613} INFO - Dependencies all met for dep_context=requeueable deps ti=<TaskInstance: demp_scrape_amazon_dag_demo.scrape_task manual__2025-04-04T22:25:26.021286+00:00 [queued]>
[2025-04-04T22:25:29.508+0000] {taskinstance.py:2866} INFO - Starting attempt 1 of 2
[2025-04-04T22:25:29.541+0000] {taskinstance.py:2889} INFO - Executing <Task(PythonOperator): scrape_task> on 2025-04-04 22:25:26.021286+00:00
[2025-04-04T22:25:29.550+0000] {warnings.py:112} WARNING - /home/***/.local/lib/python3.12/site-packages/***/task/task_runner/standard_task_runner.py:70: DeprecationWarning: This process (pid=3381) is multi-threaded, use of fork() may lead to deadlocks in the child.
  pid = os.fork()

[2025-04-04T22:25:29.552+0000] {standard_task_runner.py:72} INFO - Started process 3384 to run task
[2025-04-04T22:25:29.553+0000] {standard_task_runner.py:104} INFO - Running: ['***', 'tasks', 'run', 'demp_scrape_amazon_dag_demo', 'scrape_task', 'manual__2025-04-04T22:25:26.021286+00:00', '--job-id', '40', '--raw', '--subdir', 'DAGS_FOLDER/another_test.py', '--cfg-path', '/tmp/tmp8waqew9n']
[2025-04-04T22:25:29.556+0000] {standard_task_runner.py:105} INFO - Job 40: Subtask scrape_task
[2025-04-04T22:25:29.621+0000] {task_command.py:467} INFO - Running <TaskInstance: demp_scrape_amazon_dag_demo.scrape_task manual__2025-04-04T22:25:26.021286+00:00 [running]> on host ba893f484bac
[2025-04-04T22:25:29.730+0000] {taskinstance.py:3132} INFO - Exporting env vars: AIRFLOW_CTX_DAG_OWNER='***' AIRFLOW_CTX_DAG_ID='demp_scrape_amazon_dag_demo' AIRFLOW_CTX_TASK_ID='scrape_task' AIRFLOW_CTX_EXECUTION_DATE='2025-04-04T22:25:26.021286+00:00' AIRFLOW_CTX_TRY_NUMBER='1' AIRFLOW_CTX_DAG_RUN_ID='manual__2025-04-04T22:25:26.021286+00:00'
[2025-04-04T22:25:29.732+0000] {logging_mixin.py:190} INFO - Task instance is in running state
[2025-04-04T22:25:29.733+0000] {logging_mixin.py:190} INFO -  Previous state of the Task instance: queued
[2025-04-04T22:25:29.734+0000] {logging_mixin.py:190} INFO - Current task name:scrape_task state:running start_date:2025-04-04 22:25:29.494413+00:00
[2025-04-04T22:25:29.734+0000] {logging_mixin.py:190} INFO - Dag name:demp_scrape_amazon_dag_demo and current dag run status:running
[2025-04-04T22:25:29.735+0000] {taskinstance.py:731} INFO - ::endgroup::
[2025-04-04T22:25:29.747+0000] {another_test.py:282} ERROR - Error reading CSV file: CSV file must contain 'Department', 'Sub_Department', and 'URL' columns
[2025-04-04T22:25:29.747+0000] {python.py:240} INFO - Done. Returned value was: None
[2025-04-04T22:25:29.758+0000] {taskinstance.py:340} INFO - ::group::Post task execution logs
[2025-04-04T22:25:29.759+0000] {taskinstance.py:352} INFO - Marking task as SUCCESS. dag_id=demp_scrape_amazon_dag_demo, task_id=scrape_task, run_id=manual__2025-04-04T22:25:26.021286+00:00, execution_date=20250404T222526, start_date=20250404T222529, end_date=20250404T222529
[2025-04-04T22:25:29.776+0000] {logging_mixin.py:190} INFO - Task instance in success state
[2025-04-04T22:25:29.777+0000] {logging_mixin.py:190} INFO -  Previous state of the Task instance: running
[2025-04-04T22:25:29.778+0000] {logging_mixin.py:190} INFO - Dag name:demp_scrape_amazon_dag_demo queued_at:2025-04-04 22:25:26.049687+00:00
[2025-04-04T22:25:29.778+0000] {logging_mixin.py:190} INFO - Task hostname:ba893f484bac operator:PythonOperator
[2025-04-04T22:25:29.807+0000] {local_task_job_runner.py:266} INFO - Task exited with return code 0
[2025-04-04T22:25:29.827+0000] {taskinstance.py:3895} INFO - 0 downstream tasks scheduled from follow-on schedule check
[2025-04-04T22:25:29.832+0000] {local_task_job_runner.py:245} INFO - ::endgroup::
