[2025-04-07T17:06:24.537+0000] {local_task_job_runner.py:123} INFO - ::group::Pre task execution logs
[2025-04-07T17:06:24.655+0000] {taskinstance.py:2614} INFO - Dependencies all met for dep_context=non-requeueable deps ti=<TaskInstance: scrape_amazon_dag.process_Car_Care_0 manual__2025-04-07T17:01:09.892232+00:00 [queued]>
[2025-04-07T17:06:24.726+0000] {taskinstance.py:2614} INFO - Dependencies all met for dep_context=requeueable deps ti=<TaskInstance: scrape_amazon_dag.process_Car_Care_0 manual__2025-04-07T17:01:09.892232+00:00 [queued]>
[2025-04-07T17:06:24.761+0000] {taskinstance.py:2867} INFO - Starting attempt 1 of 2
[2025-04-07T17:06:24.933+0000] {taskinstance.py:2890} INFO - Executing <Task(PythonOperator): process_Car_Care_0> on 2025-04-07 17:01:09.892232+00:00
[2025-04-07T17:06:25.011+0000] {standard_task_runner.py:104} INFO - Running: ['***', 'tasks', 'run', 'scrape_amazon_dag', 'process_Car_Care_0', 'manual__2025-04-07T17:01:09.892232+00:00', '--job-id', '84', '--raw', '--subdir', 'DAGS_FOLDER/test_crawl_list_product.py', '--cfg-path', '/tmp/tmpzxzeo4eb']
[2025-04-07T17:06:25.016+0000] {standard_task_runner.py:105} INFO - Job 84: Subtask process_Car_Care_0
[2025-04-07T17:06:25.208+0000] {warnings.py:112} WARNING - /home/***/.local/lib/python3.12/site-packages/***/task/task_runner/standard_task_runner.py:70: DeprecationWarning: This process (pid=949) is multi-threaded, use of fork() may lead to deadlocks in the child.
  pid = os.fork()

[2025-04-07T17:06:25.218+0000] {standard_task_runner.py:72} INFO - Started process 3015 to run task
[2025-04-07T17:06:25.468+0000] {task_command.py:467} INFO - Running <TaskInstance: scrape_amazon_dag.process_Car_Care_0 manual__2025-04-07T17:01:09.892232+00:00 [running]> on host 13b4251b7529
[2025-04-07T17:06:26.086+0000] {taskinstance.py:3134} INFO - Exporting env vars: AIRFLOW_CTX_DAG_OWNER='***' AIRFLOW_CTX_DAG_ID='scrape_amazon_dag' AIRFLOW_CTX_TASK_ID='process_Car_Care_0' AIRFLOW_CTX_EXECUTION_DATE='2025-04-07T17:01:09.892232+00:00' AIRFLOW_CTX_TRY_NUMBER='1' AIRFLOW_CTX_DAG_RUN_ID='manual__2025-04-07T17:01:09.892232+00:00'
[2025-04-07T17:06:26.088+0000] {logging_mixin.py:190} INFO - Task instance is in running state
[2025-04-07T17:06:26.090+0000] {logging_mixin.py:190} INFO -  Previous state of the Task instance: queued
[2025-04-07T17:06:26.102+0000] {logging_mixin.py:190} INFO - Current task name:process_Car_Care_0 state:running start_date:2025-04-07 17:06:24.657022+00:00
[2025-04-07T17:06:26.103+0000] {logging_mixin.py:190} INFO - Dag name:scrape_amazon_dag and current dag run status:running
[2025-04-07T17:06:26.104+0000] {taskinstance.py:732} INFO - ::endgroup::
[2025-04-07T17:06:26.105+0000] {test_crawl_list_product.py:227} INFO - Processing: Automotive/Car Care - https://www.amazon.com/s?bbn=2562090011&rh=i%3Aspecialty-aps%2Cn%3A2562090011%2Cn%3A%2115690151%2Cn%3A15718271&s=date-desc-rank&ref_=nav_em__nav_desktop_sa_intl_car_care_0_2_10_2
[2025-04-07T17:06:26.415+0000] {logger.py:11} INFO - ====== WebDriver manager ======
[2025-04-07T17:06:26.849+0000] {logger.py:11} INFO - Get LATEST chromedriver version for google-chrome
[2025-04-07T17:06:27.061+0000] {logger.py:11} INFO - Get LATEST chromedriver version for google-chrome
[2025-04-07T17:06:27.285+0000] {logger.py:11} INFO - Driver [/home/***/.wdm/drivers/chromedriver/linux64/135.0.7049.42/chromedriver-linux64/chromedriver] found in cache
[2025-04-07T17:06:36.172+0000] {test_crawl_list_product.py:71} WARNING - Could not detect layout, using default (tiles)
[2025-04-07T17:06:36.528+0000] {test_crawl_list_product.py:191} INFO - Saved/Updated 0 products to /opt/***/csv/src_output/pt1_20250407/part1_data_Automotive_Car Care_20250407.csv
[2025-04-07T17:06:36.532+0000] {test_crawl_list_product.py:208} INFO - Page 1 for Automotive/Car Care : Crawled 0 items in 7.35 seconds
[2025-04-07T17:06:36.584+0000] {test_crawl_list_product.py:212} INFO - Reached the last page (Page 1) for Automotive/Car Care
[2025-04-07T17:06:36.835+0000] {python.py:240} INFO - Done. Returned value was: None
[2025-04-07T17:06:36.869+0000] {taskinstance.py:341} INFO - ::group::Post task execution logs
[2025-04-07T17:06:36.871+0000] {taskinstance.py:353} INFO - Marking task as SUCCESS. dag_id=scrape_amazon_dag, task_id=process_Car_Care_0, run_id=manual__2025-04-07T17:01:09.892232+00:00, execution_date=20250407T170109, start_date=20250407T170624, end_date=20250407T170636
[2025-04-07T17:06:36.996+0000] {logging_mixin.py:190} INFO - Task instance in success state
[2025-04-07T17:06:37.004+0000] {logging_mixin.py:190} INFO -  Previous state of the Task instance: running
[2025-04-07T17:06:37.005+0000] {logging_mixin.py:190} INFO - Dag name:scrape_amazon_dag queued_at:2025-04-07 17:01:09.926255+00:00
[2025-04-07T17:06:37.006+0000] {logging_mixin.py:190} INFO - Task hostname:13b4251b7529 operator:PythonOperator
[2025-04-07T17:06:37.079+0000] {local_task_job_runner.py:266} INFO - Task exited with return code 0
[2025-04-07T17:06:37.119+0000] {local_task_job_runner.py:245} INFO - ::endgroup::
