[2025-04-08T04:02:42.110+0000] {local_task_job_runner.py:123} INFO - ::group::Pre task execution logs
[2025-04-08T04:02:42.195+0000] {taskinstance.py:2614} INFO - Dependencies all met for dep_context=non-requeueable deps ti=<TaskInstance: scrape_amazon_dag.process_RV_Parts___Accessories_10 manual__2025-04-08T04:02:31.163432+00:00 [queued]>
[2025-04-08T04:02:42.234+0000] {taskinstance.py:2614} INFO - Dependencies all met for dep_context=requeueable deps ti=<TaskInstance: scrape_amazon_dag.process_RV_Parts___Accessories_10 manual__2025-04-08T04:02:31.163432+00:00 [queued]>
[2025-04-08T04:02:42.237+0000] {taskinstance.py:2867} INFO - Starting attempt 1 of 2
[2025-04-08T04:02:42.299+0000] {taskinstance.py:2890} INFO - Executing <Task(PythonOperator): process_RV_Parts___Accessories_10> on 2025-04-08 04:02:31.163432+00:00
[2025-04-08T04:02:42.331+0000] {warnings.py:112} WARNING - /home/***/.local/lib/python3.12/site-packages/***/task/task_runner/standard_task_runner.py:70: DeprecationWarning: This process (pid=5731) is multi-threaded, use of fork() may lead to deadlocks in the child.
  pid = os.fork()

[2025-04-08T04:02:42.346+0000] {standard_task_runner.py:72} INFO - Started process 5781 to run task
[2025-04-08T04:02:42.360+0000] {standard_task_runner.py:104} INFO - Running: ['***', 'tasks', 'run', 'scrape_amazon_dag', 'process_RV_Parts___Accessories_10', 'manual__2025-04-08T04:02:31.163432+00:00', '--job-id', '161', '--raw', '--subdir', 'DAGS_FOLDER/test_crawl_list_product.py', '--cfg-path', '/tmp/tmpmbs1d230']
[2025-04-08T04:02:42.367+0000] {standard_task_runner.py:105} INFO - Job 161: Subtask process_RV_Parts___Accessories_10
[2025-04-08T04:02:42.603+0000] {task_command.py:467} INFO - Running <TaskInstance: scrape_amazon_dag.process_RV_Parts___Accessories_10 manual__2025-04-08T04:02:31.163432+00:00 [running]> on host 13b4251b7529
[2025-04-08T04:02:43.025+0000] {taskinstance.py:3134} INFO - Exporting env vars: AIRFLOW_CTX_DAG_OWNER='***' AIRFLOW_CTX_DAG_ID='scrape_amazon_dag' AIRFLOW_CTX_TASK_ID='process_RV_Parts___Accessories_10' AIRFLOW_CTX_EXECUTION_DATE='2025-04-08T04:02:31.163432+00:00' AIRFLOW_CTX_TRY_NUMBER='1' AIRFLOW_CTX_DAG_RUN_ID='manual__2025-04-08T04:02:31.163432+00:00'
[2025-04-08T04:02:43.033+0000] {logging_mixin.py:190} INFO - Task instance is in running state
[2025-04-08T04:02:43.036+0000] {logging_mixin.py:190} INFO -  Previous state of the Task instance: queued
[2025-04-08T04:02:43.037+0000] {logging_mixin.py:190} INFO - Current task name:process_RV_Parts___Accessories_10 state:running start_date:2025-04-08 04:02:42.210348+00:00
[2025-04-08T04:02:43.038+0000] {logging_mixin.py:190} INFO - Dag name:scrape_amazon_dag and current dag run status:running
[2025-04-08T04:02:43.038+0000] {taskinstance.py:732} INFO - ::endgroup::
[2025-04-08T04:02:43.041+0000] {test_crawl_list_product.py:228} INFO - Processing: Automotive/RV Parts & Accessories - https://www.amazon.com/s?bbn=2562090011&rh=i%3Aspecialty-aps%2Cn%3A2562090011%2Cn%3A%2115690151%2Cn%3A2258019011&s=date-desc-rank&ref_=nav_em__nav_desktop_sa_intl_rv_parts_accessories_0_2_10_12
[2025-04-08T04:02:43.213+0000] {test_crawl_list_product.py:46} INFO - Using user-agent: Mozilla/5.0 (iPhone; CPU iPhone OS 18_1_1 like Mac OS X) AppleWebKit/605.1.15 (KHTML, like Gecko) Version/18.1.1 Mobile/15E148 Safari/604.1
[2025-04-08T04:02:43.214+0000] {logger.py:11} INFO - ====== WebDriver manager ======
[2025-04-08T04:02:44.421+0000] {logger.py:11} INFO - Get LATEST chromedriver version for google-chrome
[2025-04-08T04:02:44.840+0000] {logger.py:11} INFO - Get LATEST chromedriver version for google-chrome
[2025-04-08T04:02:45.028+0000] {logger.py:11} INFO - Driver [/home/***/.wdm/drivers/chromedriver/linux64/135.0.7049.42/chromedriver-linux64/chromedriver] found in cache
[2025-04-08T04:03:00.075+0000] {job.py:229} INFO - Heartbeat recovered after 12.62 seconds
[2025-04-08T04:03:07.203+0000] {job.py:229} INFO - Heartbeat recovered after 14.03 seconds
[2025-04-08T04:03:35.705+0000] {job.py:229} INFO - Heartbeat recovered after 19.55 seconds
[2025-04-08T04:03:44.984+0000] {test_crawl_list_product.py:72} WARNING - Could not detect layout, using default (tiles)
[2025-04-08T04:03:45.096+0000] {test_crawl_list_product.py:192} INFO - Saved/Updated 0 products to /opt/***/csv/src_output/pt1_20250408/part1_data_Automotive_RV Parts & Accessories_20250408.csv
[2025-04-08T04:03:45.100+0000] {test_crawl_list_product.py:209} INFO - Page 1 for Automotive/RV Parts & Accessories : Crawled 0 items in 37.28 seconds
[2025-04-08T04:03:45.163+0000] {test_crawl_list_product.py:213} INFO - Reached the last page (Page 1) for Automotive/RV Parts & Accessories
[2025-04-08T04:03:52.530+0000] {python.py:240} INFO - Done. Returned value was: None
[2025-04-08T04:03:52.566+0000] {taskinstance.py:341} INFO - ::group::Post task execution logs
[2025-04-08T04:03:52.567+0000] {taskinstance.py:353} INFO - Marking task as SUCCESS. dag_id=scrape_amazon_dag, task_id=process_RV_Parts___Accessories_10, run_id=manual__2025-04-08T04:02:31.163432+00:00, execution_date=20250408T040231, start_date=20250408T040242, end_date=20250408T040352
[2025-04-08T04:03:52.697+0000] {logging_mixin.py:190} INFO - Task instance in success state
[2025-04-08T04:03:52.698+0000] {logging_mixin.py:190} INFO -  Previous state of the Task instance: running
[2025-04-08T04:03:52.710+0000] {logging_mixin.py:190} INFO - Dag name:scrape_amazon_dag queued_at:2025-04-08 04:02:31.265789+00:00
[2025-04-08T04:03:52.727+0000] {logging_mixin.py:190} INFO - Task hostname:13b4251b7529 operator:PythonOperator
[2025-04-08T04:03:52.866+0000] {local_task_job_runner.py:266} INFO - Task exited with return code 0
[2025-04-08T04:03:52.893+0000] {local_task_job_runner.py:245} INFO - ::endgroup::
[2025-04-08T04:03:53.354+0000] {standard_task_runner.py:217} INFO - Process not found (most likely exited), stop collecting metrics
