[2025-04-08T03:39:01.263+0000] {local_task_job_runner.py:123} INFO - ::group::Pre task execution logs
[2025-04-08T03:39:01.327+0000] {taskinstance.py:2614} INFO - Dependencies all met for dep_context=non-requeueable deps ti=<TaskInstance: scrape_amazon_dag.process_Automotive_Enthusiast_Merchandise_13 manual__2025-04-08T03:17:37.800589+00:00 [queued]>
[2025-04-08T03:39:01.351+0000] {taskinstance.py:2614} INFO - Dependencies all met for dep_context=requeueable deps ti=<TaskInstance: scrape_amazon_dag.process_Automotive_Enthusiast_Merchandise_13 manual__2025-04-08T03:17:37.800589+00:00 [queued]>
[2025-04-08T03:39:01.355+0000] {taskinstance.py:2867} INFO - Starting attempt 2 of 2
[2025-04-08T03:39:01.419+0000] {taskinstance.py:2890} INFO - Executing <Task(PythonOperator): process_Automotive_Enthusiast_Merchandise_13> on 2025-04-08 03:17:37.800589+00:00
[2025-04-08T03:39:01.430+0000] {warnings.py:112} WARNING - /home/***/.local/lib/python3.12/site-packages/***/task/task_runner/standard_task_runner.py:70: DeprecationWarning: This process (pid=5315) is multi-threaded, use of fork() may lead to deadlocks in the child.
  pid = os.fork()

[2025-04-08T03:39:01.436+0000] {standard_task_runner.py:72} INFO - Started process 5347 to run task
[2025-04-08T03:39:01.436+0000] {standard_task_runner.py:104} INFO - Running: ['***', 'tasks', 'run', 'scrape_amazon_dag', 'process_Automotive_Enthusiast_Merchandise_13', 'manual__2025-04-08T03:17:37.800589+00:00', '--job-id', '125', '--raw', '--subdir', 'DAGS_FOLDER/test_crawl_list_product.py', '--cfg-path', '/tmp/tmpnbko106l']
[2025-04-08T03:39:01.440+0000] {standard_task_runner.py:105} INFO - Job 125: Subtask process_Automotive_Enthusiast_Merchandise_13
[2025-04-08T03:39:01.553+0000] {task_command.py:467} INFO - Running <TaskInstance: scrape_amazon_dag.process_Automotive_Enthusiast_Merchandise_13 manual__2025-04-08T03:17:37.800589+00:00 [running]> on host 13b4251b7529
[2025-04-08T03:39:01.800+0000] {taskinstance.py:3134} INFO - Exporting env vars: AIRFLOW_CTX_DAG_OWNER='***' AIRFLOW_CTX_DAG_ID='scrape_amazon_dag' AIRFLOW_CTX_TASK_ID='process_Automotive_Enthusiast_Merchandise_13' AIRFLOW_CTX_EXECUTION_DATE='2025-04-08T03:17:37.800589+00:00' AIRFLOW_CTX_TRY_NUMBER='2' AIRFLOW_CTX_DAG_RUN_ID='manual__2025-04-08T03:17:37.800589+00:00'
[2025-04-08T03:39:01.802+0000] {logging_mixin.py:190} INFO - Task instance is in running state
[2025-04-08T03:39:01.805+0000] {logging_mixin.py:190} INFO -  Previous state of the Task instance: queued
[2025-04-08T03:39:01.807+0000] {logging_mixin.py:190} INFO - Current task name:process_Automotive_Enthusiast_Merchandise_13 state:running start_date:2025-04-08 03:39:01.329465+00:00
[2025-04-08T03:39:01.808+0000] {logging_mixin.py:190} INFO - Dag name:scrape_amazon_dag and current dag run status:running
[2025-04-08T03:39:01.812+0000] {taskinstance.py:732} INFO - ::endgroup::
[2025-04-08T03:39:01.813+0000] {taskinstance.py:3313} ERROR - Task failed with exception
Traceback (most recent call last):
  File "/home/airflow/.local/lib/python3.12/site-packages/airflow/models/taskinstance.py", line 768, in _execute_task
    result = _execute_callable(context=context, **execute_callable_kwargs)
             ^^^^^^^^^^^^^^^^^^^^^^^^^^^^^^^^^^^^^^^^^^^^^^^^^^^^^^^^^^^^^
  File "/home/airflow/.local/lib/python3.12/site-packages/airflow/models/taskinstance.py", line 734, in _execute_callable
    return ExecutionCallableRunner(
           ^^^^^^^^^^^^^^^^^^^^^^^^
  File "/home/airflow/.local/lib/python3.12/site-packages/airflow/utils/operator_helpers.py", line 252, in run
    return self.func(*args, **kwargs)
           ^^^^^^^^^^^^^^^^^^^^^^^^^^
  File "/home/airflow/.local/lib/python3.12/site-packages/airflow/models/baseoperator.py", line 424, in wrapper
    return func(self, *args, **kwargs)
           ^^^^^^^^^^^^^^^^^^^^^^^^^^^
  File "/home/airflow/.local/lib/python3.12/site-packages/airflow/operators/python.py", line 238, in execute
    return_value = self.execute_callable()
                   ^^^^^^^^^^^^^^^^^^^^^^^
  File "/home/airflow/.local/lib/python3.12/site-packages/airflow/operators/python.py", line 256, in execute_callable
    return runner.run(*self.op_args, **self.op_kwargs)
           ^^^^^^^^^^^^^^^^^^^^^^^^^^^^^^^^^^^^^^^^^^^
  File "/home/airflow/.local/lib/python3.12/site-packages/airflow/utils/operator_helpers.py", line 252, in run
    return self.func(*args, **kwargs)
           ^^^^^^^^^^^^^^^^^^^^^^^^^^
TypeError: scrape_department() missing 1 required positional argument: 'user_agent'
[2025-04-08T03:39:01.831+0000] {logging_mixin.py:190} INFO - Task instance in failure state
[2025-04-08T03:39:01.832+0000] {logging_mixin.py:190} INFO - Task start:2025-04-08 03:39:01.329465+00:00 end:2025-04-08 03:39:01.830804+00:00 duration:0.501339
[2025-04-08T03:39:01.833+0000] {logging_mixin.py:190} INFO - Task:<Task(PythonOperator): process_Automotive_Enthusiast_Merchandise_13> dag:<DAG: scrape_amazon_dag> dagrun:<DagRun scrape_amazon_dag @ 2025-04-08 03:17:37.800589+00:00: manual__2025-04-08T03:17:37.800589+00:00, state:running, queued_at: 2025-04-08 03:17:37.846847+00:00. externally triggered: True>
[2025-04-08T03:39:01.834+0000] {logging_mixin.py:190} INFO - Failure caused by scrape_department() missing 1 required positional argument: 'user_agent'
[2025-04-08T03:39:01.837+0000] {taskinstance.py:1226} INFO - Marking task as FAILED. dag_id=scrape_amazon_dag, task_id=process_Automotive_Enthusiast_Merchandise_13, run_id=manual__2025-04-08T03:17:37.800589+00:00, execution_date=20250408T031737, start_date=20250408T033901, end_date=20250408T033901
[2025-04-08T03:39:01.909+0000] {taskinstance.py:341} INFO - ::group::Post task execution logs
[2025-04-08T03:39:01.911+0000] {standard_task_runner.py:124} ERROR - Failed to execute job 125 for task process_Automotive_Enthusiast_Merchandise_13 (scrape_department() missing 1 required positional argument: 'user_agent'; 5347)
Traceback (most recent call last):
  File "/home/airflow/.local/lib/python3.12/site-packages/airflow/task/task_runner/standard_task_runner.py", line 117, in _start_by_fork
    ret = args.func(args, dag=self.dag)
          ^^^^^^^^^^^^^^^^^^^^^^^^^^^^^
  File "/home/airflow/.local/lib/python3.12/site-packages/airflow/cli/cli_config.py", line 49, in command
    return func(*args, **kwargs)
           ^^^^^^^^^^^^^^^^^^^^^
  File "/home/airflow/.local/lib/python3.12/site-packages/airflow/utils/cli.py", line 116, in wrapper
    return f(*args, **kwargs)
           ^^^^^^^^^^^^^^^^^^
  File "/home/airflow/.local/lib/python3.12/site-packages/airflow/cli/commands/task_command.py", line 483, in task_run
    task_return_code = _run_task_by_selected_method(args, _dag, ti)
                       ^^^^^^^^^^^^^^^^^^^^^^^^^^^^^^^^^^^^^^^^^^^^
  File "/home/airflow/.local/lib/python3.12/site-packages/airflow/cli/commands/task_command.py", line 256, in _run_task_by_selected_method
    return _run_raw_task(args, ti)
           ^^^^^^^^^^^^^^^^^^^^^^^
  File "/home/airflow/.local/lib/python3.12/site-packages/airflow/cli/commands/task_command.py", line 341, in _run_raw_task
    return ti._run_raw_task(
           ^^^^^^^^^^^^^^^^^
  File "/home/airflow/.local/lib/python3.12/site-packages/airflow/utils/session.py", line 97, in wrapper
    return func(*args, session=session, **kwargs)
           ^^^^^^^^^^^^^^^^^^^^^^^^^^^^^^^^^^^^^^
  File "/home/airflow/.local/lib/python3.12/site-packages/airflow/models/taskinstance.py", line 3006, in _run_raw_task
    return _run_raw_task(
           ^^^^^^^^^^^^^^
  File "/home/airflow/.local/lib/python3.12/site-packages/airflow/models/taskinstance.py", line 274, in _run_raw_task
    TaskInstance._execute_task_with_callbacks(
  File "/home/airflow/.local/lib/python3.12/site-packages/airflow/models/taskinstance.py", line 3161, in _execute_task_with_callbacks
    result = self._execute_task(context, task_orig)
             ^^^^^^^^^^^^^^^^^^^^^^^^^^^^^^^^^^^^^^
  File "/home/airflow/.local/lib/python3.12/site-packages/airflow/models/taskinstance.py", line 3185, in _execute_task
    return _execute_task(self, context, task_orig)
           ^^^^^^^^^^^^^^^^^^^^^^^^^^^^^^^^^^^^^^^
  File "/home/airflow/.local/lib/python3.12/site-packages/airflow/models/taskinstance.py", line 768, in _execute_task
    result = _execute_callable(context=context, **execute_callable_kwargs)
             ^^^^^^^^^^^^^^^^^^^^^^^^^^^^^^^^^^^^^^^^^^^^^^^^^^^^^^^^^^^^^
  File "/home/airflow/.local/lib/python3.12/site-packages/airflow/models/taskinstance.py", line 734, in _execute_callable
    return ExecutionCallableRunner(
           ^^^^^^^^^^^^^^^^^^^^^^^^
  File "/home/airflow/.local/lib/python3.12/site-packages/airflow/utils/operator_helpers.py", line 252, in run
    return self.func(*args, **kwargs)
           ^^^^^^^^^^^^^^^^^^^^^^^^^^
  File "/home/airflow/.local/lib/python3.12/site-packages/airflow/models/baseoperator.py", line 424, in wrapper
    return func(self, *args, **kwargs)
           ^^^^^^^^^^^^^^^^^^^^^^^^^^^
  File "/home/airflow/.local/lib/python3.12/site-packages/airflow/operators/python.py", line 238, in execute
    return_value = self.execute_callable()
                   ^^^^^^^^^^^^^^^^^^^^^^^
  File "/home/airflow/.local/lib/python3.12/site-packages/airflow/operators/python.py", line 256, in execute_callable
    return runner.run(*self.op_args, **self.op_kwargs)
           ^^^^^^^^^^^^^^^^^^^^^^^^^^^^^^^^^^^^^^^^^^^
  File "/home/airflow/.local/lib/python3.12/site-packages/airflow/utils/operator_helpers.py", line 252, in run
    return self.func(*args, **kwargs)
           ^^^^^^^^^^^^^^^^^^^^^^^^^^
TypeError: scrape_department() missing 1 required positional argument: 'user_agent'
[2025-04-08T03:39:01.938+0000] {local_task_job_runner.py:266} INFO - Task exited with return code 1
[2025-04-08T03:39:01.989+0000] {taskinstance.py:3901} INFO - 0 downstream tasks scheduled from follow-on schedule check
[2025-04-08T03:39:01.996+0000] {local_task_job_runner.py:245} INFO - ::endgroup::
