[2025-04-05T13:49:12.588+0000] {local_task_job_runner.py:123} INFO - ::group::Pre task execution logs
[2025-04-05T13:49:12.611+0000] {taskinstance.py:2613} INFO - Dependencies all met for dep_context=non-requeueable deps ti=<TaskInstance: demp_scrape_amazon_dag_demo.scrape_task manual__2025-04-05T13:49:05.800946+00:00 [queued]>
[2025-04-05T13:49:12.621+0000] {taskinstance.py:2613} INFO - Dependencies all met for dep_context=requeueable deps ti=<TaskInstance: demp_scrape_amazon_dag_demo.scrape_task manual__2025-04-05T13:49:05.800946+00:00 [queued]>
[2025-04-05T13:49:12.622+0000] {taskinstance.py:2866} INFO - Starting attempt 1 of 2
[2025-04-05T13:49:12.643+0000] {taskinstance.py:2889} INFO - Executing <Task(PythonOperator): scrape_task> on 2025-04-05 13:49:05.800946+00:00
[2025-04-05T13:49:12.652+0000] {warnings.py:112} WARNING - /home/***/.local/lib/python3.12/site-packages/***/task/task_runner/standard_task_runner.py:70: DeprecationWarning: This process (pid=92) is multi-threaded, use of fork() may lead to deadlocks in the child.
  pid = os.fork()

[2025-04-05T13:49:12.655+0000] {standard_task_runner.py:72} INFO - Started process 95 to run task
[2025-04-05T13:49:12.654+0000] {standard_task_runner.py:104} INFO - Running: ['***', 'tasks', 'run', 'demp_scrape_amazon_dag_demo', 'scrape_task', 'manual__2025-04-05T13:49:05.800946+00:00', '--job-id', '46', '--raw', '--subdir', 'DAGS_FOLDER/another_test.py', '--cfg-path', '/tmp/tmpkg46jb8f']
[2025-04-05T13:49:12.656+0000] {standard_task_runner.py:105} INFO - Job 46: Subtask scrape_task
[2025-04-05T13:49:12.720+0000] {task_command.py:467} INFO - Running <TaskInstance: demp_scrape_amazon_dag_demo.scrape_task manual__2025-04-05T13:49:05.800946+00:00 [running]> on host ba893f484bac
[2025-04-05T13:49:12.834+0000] {taskinstance.py:3132} INFO - Exporting env vars: AIRFLOW_CTX_DAG_OWNER='***' AIRFLOW_CTX_DAG_ID='demp_scrape_amazon_dag_demo' AIRFLOW_CTX_TASK_ID='scrape_task' AIRFLOW_CTX_EXECUTION_DATE='2025-04-05T13:49:05.800946+00:00' AIRFLOW_CTX_TRY_NUMBER='1' AIRFLOW_CTX_DAG_RUN_ID='manual__2025-04-05T13:49:05.800946+00:00'
[2025-04-05T13:49:12.837+0000] {logging_mixin.py:190} INFO - Task instance is in running state
[2025-04-05T13:49:12.837+0000] {logging_mixin.py:190} INFO -  Previous state of the Task instance: queued
[2025-04-05T13:49:12.838+0000] {logging_mixin.py:190} INFO - Current task name:scrape_task state:running start_date:2025-04-05 13:49:12.611859+00:00
[2025-04-05T13:49:12.839+0000] {logging_mixin.py:190} INFO - Dag name:demp_scrape_amazon_dag_demo and current dag run status:running
[2025-04-05T13:49:12.839+0000] {taskinstance.py:731} INFO - ::endgroup::
[2025-04-05T13:49:12.911+0000] {another_test.py:261} INFO - Processing: Automotive/Car Care - https://www.amazon.com/s?bbn=2562090011&rh=i%3Aspecialty-aps%2Cn%3A2562090011%2Cn%3A%2115690151%2Cn%3A15718271&s=date-desc-rank&ref_=nav_em__nav_desktop_sa_intl_car_care_0_2_10_2
[2025-04-05T13:49:12.976+0000] {logger.py:11} INFO - ====== WebDriver manager ======
[2025-04-05T13:49:12.999+0000] {logger.py:11} INFO - Get LATEST chromedriver version for google-chrome
[2025-04-05T13:49:13.576+0000] {logger.py:11} INFO - About to download new driver from https://chromedriver.storage.googleapis.com/114.0.5735.90/chromedriver_linux64.zip
[2025-04-05T13:49:13.724+0000] {logger.py:11} INFO - Driver downloading response is 200
[2025-04-05T13:49:14.387+0000] {logger.py:11} INFO - Get LATEST chromedriver version for google-chrome
[2025-04-05T13:49:19.322+0000] {logger.py:11} INFO - Get LATEST chromedriver version for google-chrome
[2025-04-05T13:49:19.490+0000] {logger.py:11} INFO - Driver has been saved in cache [/home/***/.wdm/drivers/chromedriver/linux64/114.0.5735.90]
[2025-04-05T13:49:19.595+0000] {another_test.py:261} INFO - Processing: Automotive/Car Electronics & Accessories - https://www.amazon.com/s?bbn=2562090011&rh=i%3Aspecialty-aps%2Cn%3A2562090011%2Cn%3A%2115690151%2Cn%3A2230642011&s=date-desc-rank&ref_=nav_em__nav_desktop_sa_intl_car_electronics_accessories_0_2_10_3
[2025-04-05T13:49:19.662+0000] {logger.py:11} INFO - ====== WebDriver manager ======
[2025-04-05T13:49:19.693+0000] {logger.py:11} INFO - Get LATEST chromedriver version for google-chrome
[2025-04-05T13:49:19.853+0000] {logger.py:11} INFO - About to download new driver from https://chromedriver.storage.googleapis.com/114.0.5735.90/chromedriver_linux64.zip
[2025-04-05T13:49:20.017+0000] {logger.py:11} INFO - Driver downloading response is 200
[2025-04-05T13:49:20.804+0000] {logger.py:11} INFO - Get LATEST chromedriver version for google-chrome
[2025-04-05T13:49:21.128+0000] {logger.py:11} INFO - Get LATEST chromedriver version for google-chrome
[2025-04-05T13:49:21.275+0000] {logger.py:11} INFO - Driver has been saved in cache [/home/***/.wdm/drivers/chromedriver/linux64/114.0.5735.90]
[2025-04-05T13:49:21.292+0000] {another_test.py:261} INFO - Processing: Automotive/Exterior Accessories - https://www.amazon.com/s?bbn=2562090011&rh=i%3Aspecialty-aps%2Cn%3A2562090011%2Cn%3A%2115690151%2Cn%3A15857511&s=date-desc-rank&ref_=nav_em__nav_desktop_sa_intl_exterior_accessories__0_2_10_4
[2025-04-05T13:49:21.336+0000] {logger.py:11} INFO - ====== WebDriver manager ======
[2025-04-05T13:49:21.360+0000] {logger.py:11} INFO - Get LATEST chromedriver version for google-chrome
[2025-04-05T13:49:21.511+0000] {logger.py:11} INFO - About to download new driver from https://chromedriver.storage.googleapis.com/114.0.5735.90/chromedriver_linux64.zip
[2025-04-05T13:49:21.658+0000] {logger.py:11} INFO - Driver downloading response is 200
[2025-04-05T13:49:22.345+0000] {logger.py:11} INFO - Get LATEST chromedriver version for google-chrome
[2025-04-05T13:49:22.695+0000] {logger.py:11} INFO - Get LATEST chromedriver version for google-chrome
[2025-04-05T13:49:22.870+0000] {logger.py:11} INFO - Driver has been saved in cache [/home/***/.wdm/drivers/chromedriver/linux64/114.0.5735.90]
[2025-04-05T13:49:22.889+0000] {another_test.py:261} INFO - Processing: Automotive/Interior Accessories - https://www.amazon.com/s?bbn=2562090011&rh=i%3Aspecialty-aps%2Cn%3A2562090011%2Cn%3A%2115690151%2Cn%3A15857501&s=date-desc-rank&ref_=nav_em__nav_desktop_sa_intl_interior_accessories_0_2_10_5
[2025-04-05T13:49:22.959+0000] {logger.py:11} INFO - ====== WebDriver manager ======
[2025-04-05T13:49:22.992+0000] {logger.py:11} INFO - Get LATEST chromedriver version for google-chrome
[2025-04-05T13:49:23.138+0000] {logger.py:11} INFO - About to download new driver from https://chromedriver.storage.googleapis.com/114.0.5735.90/chromedriver_linux64.zip
[2025-04-05T13:49:23.294+0000] {logger.py:11} INFO - Driver downloading response is 200
[2025-04-05T13:49:24.028+0000] {logger.py:11} INFO - Get LATEST chromedriver version for google-chrome
[2025-04-05T13:49:24.322+0000] {logger.py:11} INFO - Get LATEST chromedriver version for google-chrome
[2025-04-05T13:49:24.480+0000] {logger.py:11} INFO - Driver has been saved in cache [/home/***/.wdm/drivers/chromedriver/linux64/114.0.5735.90]
[2025-04-05T13:49:24.497+0000] {another_test.py:261} INFO - Processing: Automotive/Lights & Lighting Accessories - https://www.amazon.com/s?bbn=2562090011&rh=i%3Aspecialty-aps%2Cn%3A2562090011%2Cn%3A%2115690151%2Cn%3A15736321&s=date-desc-rank&ref_=nav_em__nav_desktop_sa_intl_lights_lighting_accessories_0_2_10_6
[2025-04-05T13:49:24.540+0000] {logger.py:11} INFO - ====== WebDriver manager ======
[2025-04-05T13:49:24.563+0000] {logger.py:11} INFO - Get LATEST chromedriver version for google-chrome
[2025-04-05T13:49:24.724+0000] {logger.py:11} INFO - About to download new driver from https://chromedriver.storage.googleapis.com/114.0.5735.90/chromedriver_linux64.zip
[2025-04-05T13:49:24.881+0000] {logger.py:11} INFO - Driver downloading response is 200
[2025-04-05T13:49:25.847+0000] {logger.py:11} INFO - Get LATEST chromedriver version for google-chrome
[2025-04-05T13:49:26.158+0000] {logger.py:11} INFO - Get LATEST chromedriver version for google-chrome
[2025-04-05T13:49:26.327+0000] {logger.py:11} INFO - Driver has been saved in cache [/home/***/.wdm/drivers/chromedriver/linux64/114.0.5735.90]
[2025-04-05T13:49:26.345+0000] {another_test.py:261} INFO - Processing: Automotive/Motorcycle & Powersports - https://www.amazon.com/s?bbn=2562090011&rh=i%3Aspecialty-aps%2Cn%3A2562090011%2Cn%3A%2115690151%2Cn%3A346333011&s=date-desc-rank&ref_=nav_em__nav_desktop_sa_intl_motorcycle_powersports_0_2_10_7
[2025-04-05T13:49:26.412+0000] {logger.py:11} INFO - ====== WebDriver manager ======
[2025-04-05T13:49:26.455+0000] {logger.py:11} INFO - Get LATEST chromedriver version for google-chrome
[2025-04-05T13:49:26.621+0000] {logger.py:11} INFO - About to download new driver from https://chromedriver.storage.googleapis.com/114.0.5735.90/chromedriver_linux64.zip
[2025-04-05T13:49:26.773+0000] {logger.py:11} INFO - Driver downloading response is 200
[2025-04-05T13:49:27.488+0000] {logger.py:11} INFO - Get LATEST chromedriver version for google-chrome
[2025-04-05T13:49:27.765+0000] {logger.py:11} INFO - Get LATEST chromedriver version for google-chrome
[2025-04-05T13:49:27.922+0000] {logger.py:11} INFO - Driver has been saved in cache [/home/***/.wdm/drivers/chromedriver/linux64/114.0.5735.90]
[2025-04-05T13:49:27.938+0000] {another_test.py:261} INFO - Processing: Automotive/Oils & Fluids - https://www.amazon.com/s?bbn=2562090011&rh=i%3Aspecialty-aps%2Cn%3A2562090011%2Cn%3A%2115690151%2Cn%3A15718791&s=date-desc-rank&ref_=nav_em__nav_desktop_sa_intl_oils_fluid_0_2_10_8
[2025-04-05T13:49:27.983+0000] {logger.py:11} INFO - ====== WebDriver manager ======
[2025-04-05T13:49:28.003+0000] {logger.py:11} INFO - Get LATEST chromedriver version for google-chrome
[2025-04-05T13:49:28.154+0000] {logger.py:11} INFO - About to download new driver from https://chromedriver.storage.googleapis.com/114.0.5735.90/chromedriver_linux64.zip
[2025-04-05T13:49:28.304+0000] {logger.py:11} INFO - Driver downloading response is 200
[2025-04-05T13:49:28.973+0000] {logger.py:11} INFO - Get LATEST chromedriver version for google-chrome
[2025-04-05T13:49:29.294+0000] {logger.py:11} INFO - Get LATEST chromedriver version for google-chrome
[2025-04-05T13:49:29.455+0000] {logger.py:11} INFO - Driver has been saved in cache [/home/***/.wdm/drivers/chromedriver/linux64/114.0.5735.90]
[2025-04-05T13:49:29.472+0000] {another_test.py:261} INFO - Processing: Automotive/Paint & Paint Supplies - https://www.amazon.com/s?bbn=2562090011&rh=i%3Aspecialty-aps%2Cn%3A2562090011%2Cn%3A%2115690151%2Cn%3A13591416011&s=date-desc-rank&ref_=nav_em__nav_desktop_sa_intl_paint_paint_supplies_0_2_10_9
[2025-04-05T13:49:29.518+0000] {logger.py:11} INFO - ====== WebDriver manager ======
[2025-04-05T13:49:29.547+0000] {logger.py:11} INFO - Get LATEST chromedriver version for google-chrome
[2025-04-05T13:49:29.699+0000] {logger.py:11} INFO - About to download new driver from https://chromedriver.storage.googleapis.com/114.0.5735.90/chromedriver_linux64.zip
[2025-04-05T13:49:29.861+0000] {logger.py:11} INFO - Driver downloading response is 200
[2025-04-05T13:49:30.767+0000] {logger.py:11} INFO - Get LATEST chromedriver version for google-chrome
[2025-04-05T13:49:31.040+0000] {logger.py:11} INFO - Get LATEST chromedriver version for google-chrome
[2025-04-05T13:49:31.198+0000] {logger.py:11} INFO - Driver has been saved in cache [/home/***/.wdm/drivers/chromedriver/linux64/114.0.5735.90]
[2025-04-05T13:49:31.214+0000] {another_test.py:261} INFO - Processing: Automotive/Performance Parts & Accessories - https://www.amazon.com/s?bbn=2562090011&rh=i%3Aspecialty-aps%2Cn%3A2562090011%2Cn%3A%2115690151%2Cn%3A15710351&s=date-desc-rank&ref_=nav_em__nav_desktop_sa_intl_performance_parts_accessories_0_2_10_10
[2025-04-05T13:49:31.252+0000] {logger.py:11} INFO - ====== WebDriver manager ======
[2025-04-05T13:49:31.271+0000] {logger.py:11} INFO - Get LATEST chromedriver version for google-chrome
[2025-04-05T13:49:31.432+0000] {logger.py:11} INFO - About to download new driver from https://chromedriver.storage.googleapis.com/114.0.5735.90/chromedriver_linux64.zip
[2025-04-05T13:49:31.618+0000] {logger.py:11} INFO - Driver downloading response is 200
[2025-04-05T13:49:32.336+0000] {logger.py:11} INFO - Get LATEST chromedriver version for google-chrome
[2025-04-05T13:49:32.621+0000] {logger.py:11} INFO - Get LATEST chromedriver version for google-chrome
[2025-04-05T13:49:32.793+0000] {logger.py:11} INFO - Driver has been saved in cache [/home/***/.wdm/drivers/chromedriver/linux64/114.0.5735.90]
[2025-04-05T13:49:32.811+0000] {another_test.py:261} INFO - Processing: Automotive/Replacement Parts - https://www.amazon.com/s?bbn=2562090011&rh=i%3Aspecialty-aps%2Cn%3A2562090011%2Cn%3A%2115690151%2Cn%3A15719731&s=date-desc-rank&ref_=nav_em__nav_desktop_sa_intl_replacement_parts_0_2_10_11
[2025-04-05T13:49:32.863+0000] {logger.py:11} INFO - ====== WebDriver manager ======
[2025-04-05T13:49:32.890+0000] {logger.py:11} INFO - Get LATEST chromedriver version for google-chrome
[2025-04-05T13:49:33.034+0000] {logger.py:11} INFO - About to download new driver from https://chromedriver.storage.googleapis.com/114.0.5735.90/chromedriver_linux64.zip
[2025-04-05T13:49:33.190+0000] {logger.py:11} INFO - Driver downloading response is 200
[2025-04-05T13:49:34.808+0000] {logger.py:11} INFO - Get LATEST chromedriver version for google-chrome
[2025-04-05T13:49:35.084+0000] {logger.py:11} INFO - Get LATEST chromedriver version for google-chrome
[2025-04-05T13:49:35.246+0000] {logger.py:11} INFO - Driver has been saved in cache [/home/***/.wdm/drivers/chromedriver/linux64/114.0.5735.90]
[2025-04-05T13:49:35.263+0000] {another_test.py:261} INFO - Processing: Automotive/RV Parts & Accessories - https://www.amazon.com/s?bbn=2562090011&rh=i%3Aspecialty-aps%2Cn%3A2562090011%2Cn%3A%2115690151%2Cn%3A2258019011&s=date-desc-rank&ref_=nav_em__nav_desktop_sa_intl_rv_parts_accessories_0_2_10_12
[2025-04-05T13:49:35.310+0000] {logger.py:11} INFO - ====== WebDriver manager ======
[2025-04-05T13:49:35.332+0000] {logger.py:11} INFO - Get LATEST chromedriver version for google-chrome
[2025-04-05T13:49:35.485+0000] {logger.py:11} INFO - About to download new driver from https://chromedriver.storage.googleapis.com/114.0.5735.90/chromedriver_linux64.zip
[2025-04-05T13:49:35.639+0000] {logger.py:11} INFO - Driver downloading response is 200
[2025-04-05T13:49:36.441+0000] {logger.py:11} INFO - Get LATEST chromedriver version for google-chrome
[2025-04-05T13:49:36.721+0000] {logger.py:11} INFO - Get LATEST chromedriver version for google-chrome
[2025-04-05T13:49:37.023+0000] {logger.py:11} INFO - Driver has been saved in cache [/home/***/.wdm/drivers/chromedriver/linux64/114.0.5735.90]
[2025-04-05T13:49:37.040+0000] {another_test.py:261} INFO - Processing: Automotive/Tires & Wheels - https://www.amazon.com/s?bbn=2562090011&rh=i%3Aspecialty-aps%2Cn%3A2562090011%2Cn%3A%2115690151%2Cn%3A15706571&s=date-desc-rank&ref_=nav_em__nav_desktop_sa_intl_tires_wheels_0_2_10_13
[2025-04-05T13:49:37.086+0000] {logger.py:11} INFO - ====== WebDriver manager ======
[2025-04-05T13:49:37.111+0000] {logger.py:11} INFO - Get LATEST chromedriver version for google-chrome
[2025-04-05T13:49:37.266+0000] {logger.py:11} INFO - About to download new driver from https://chromedriver.storage.googleapis.com/114.0.5735.90/chromedriver_linux64.zip
[2025-04-05T13:49:37.423+0000] {logger.py:11} INFO - Driver downloading response is 200
[2025-04-05T13:49:38.116+0000] {logger.py:11} INFO - Get LATEST chromedriver version for google-chrome
[2025-04-05T13:49:38.389+0000] {logger.py:11} INFO - Get LATEST chromedriver version for google-chrome
[2025-04-05T13:49:38.548+0000] {logger.py:11} INFO - Driver has been saved in cache [/home/***/.wdm/drivers/chromedriver/linux64/114.0.5735.90]
[2025-04-05T13:49:38.566+0000] {another_test.py:261} INFO - Processing: Automotive/Tools & Equipment - https://www.amazon.com/s?bbn=2562090011&rh=i%3Aspecialty-aps%2Cn%3A2562090011%2Cn%3A%2115690151%2Cn%3A15706941&s=date-desc-rank&ref_=nav_em__nav_desktop_sa_intl_tools_equipment_0_2_10_14
[2025-04-05T13:49:38.629+0000] {logger.py:11} INFO - ====== WebDriver manager ======
[2025-04-05T13:49:38.652+0000] {logger.py:11} INFO - Get LATEST chromedriver version for google-chrome
[2025-04-05T13:49:38.804+0000] {logger.py:11} INFO - About to download new driver from https://chromedriver.storage.googleapis.com/114.0.5735.90/chromedriver_linux64.zip
[2025-04-05T13:49:38.960+0000] {logger.py:11} INFO - Driver downloading response is 200
[2025-04-05T13:49:40.147+0000] {logger.py:11} INFO - Get LATEST chromedriver version for google-chrome
[2025-04-05T13:49:40.438+0000] {logger.py:11} INFO - Get LATEST chromedriver version for google-chrome
[2025-04-05T13:49:40.601+0000] {logger.py:11} INFO - Driver has been saved in cache [/home/***/.wdm/drivers/chromedriver/linux64/114.0.5735.90]
[2025-04-05T13:49:40.617+0000] {another_test.py:261} INFO - Processing: Automotive/Automotive Enthusiast Merchandise - https://www.amazon.com/s?bbn=2562090011&rh=i%3Aspecialty-aps%2Cn%3A2562090011%2Cn%3A%2115690151%2Cn%3A2204830011&s=date-desc-rank&ref_=nav_em__nav_desktop_sa_intl_automotive_enthusiast_merchandise_0_2_10_15
[2025-04-05T13:49:40.663+0000] {logger.py:11} INFO - ====== WebDriver manager ======
[2025-04-05T13:49:40.686+0000] {logger.py:11} INFO - Get LATEST chromedriver version for google-chrome
[2025-04-05T13:49:40.833+0000] {logger.py:11} INFO - About to download new driver from https://chromedriver.storage.googleapis.com/114.0.5735.90/chromedriver_linux64.zip
[2025-04-05T13:49:40.984+0000] {logger.py:11} INFO - Driver downloading response is 200
[2025-04-05T13:49:41.675+0000] {logger.py:11} INFO - Get LATEST chromedriver version for google-chrome
[2025-04-05T13:49:41.983+0000] {logger.py:11} INFO - Get LATEST chromedriver version for google-chrome
[2025-04-05T13:49:42.154+0000] {logger.py:11} INFO - Driver has been saved in cache [/home/***/.wdm/drivers/chromedriver/linux64/114.0.5735.90]
[2025-04-05T13:49:42.175+0000] {another_test.py:261} INFO - Processing: Automotive/Heavy Duty & Commercial Vehicle Equipment - https://www.amazon.com/s?bbn=2562090011&rh=i%3Aspecialty-aps%2Cn%3A2562090011%2Cn%3A%2115690151%2Cn%3A15682003011&s=date-desc-rank&ref_=nav_em__nav_desktop_sa_intl_heavyduty_commercial_0_2_10_16
[2025-04-05T13:49:42.251+0000] {logger.py:11} INFO - ====== WebDriver manager ======
[2025-04-05T13:49:42.284+0000] {logger.py:11} INFO - Get LATEST chromedriver version for google-chrome
[2025-04-05T13:49:42.437+0000] {logger.py:11} INFO - About to download new driver from https://chromedriver.storage.googleapis.com/114.0.5735.90/chromedriver_linux64.zip
[2025-04-05T13:49:42.597+0000] {logger.py:11} INFO - Driver downloading response is 200
[2025-04-05T13:49:43.264+0000] {logger.py:11} INFO - Get LATEST chromedriver version for google-chrome
[2025-04-05T13:49:43.577+0000] {logger.py:11} INFO - Get LATEST chromedriver version for google-chrome
[2025-04-05T13:49:43.737+0000] {logger.py:11} INFO - Driver has been saved in cache [/home/***/.wdm/drivers/chromedriver/linux64/114.0.5735.90]
[2025-04-05T13:49:43.754+0000] {python.py:240} INFO - Done. Returned value was: None
[2025-04-05T13:49:43.769+0000] {taskinstance.py:340} INFO - ::group::Post task execution logs
[2025-04-05T13:49:43.770+0000] {taskinstance.py:352} INFO - Marking task as SUCCESS. dag_id=demp_scrape_amazon_dag_demo, task_id=scrape_task, run_id=manual__2025-04-05T13:49:05.800946+00:00, execution_date=20250405T134905, start_date=20250405T134912, end_date=20250405T134943
[2025-04-05T13:49:43.881+0000] {logging_mixin.py:190} INFO - Task instance in success state
[2025-04-05T13:49:43.882+0000] {logging_mixin.py:190} INFO -  Previous state of the Task instance: running
[2025-04-05T13:49:43.883+0000] {logging_mixin.py:190} INFO - Dag name:demp_scrape_amazon_dag_demo queued_at:2025-04-05 13:49:05.828056+00:00
[2025-04-05T13:49:43.884+0000] {logging_mixin.py:190} INFO - Task hostname:ba893f484bac operator:PythonOperator
[2025-04-05T13:49:43.900+0000] {local_task_job_runner.py:266} INFO - Task exited with return code 0
[2025-04-05T13:49:43.922+0000] {taskinstance.py:3895} INFO - 0 downstream tasks scheduled from follow-on schedule check
[2025-04-05T13:49:43.932+0000] {local_task_job_runner.py:245} INFO - ::endgroup::
