[2025-04-08T03:23:40.120+0000] {local_task_job_runner.py:123} INFO - ::group::Pre task execution logs
[2025-04-08T03:23:40.147+0000] {taskinstance.py:2614} INFO - Dependencies all met for dep_context=non-requeueable deps ti=<TaskInstance: amazon_scraping_dag.scrape_amazon_task manual__2025-04-08T03:23:31.305296+00:00 [queued]>
[2025-04-08T03:23:40.161+0000] {taskinstance.py:2614} INFO - Dependencies all met for dep_context=requeueable deps ti=<TaskInstance: amazon_scraping_dag.scrape_amazon_task manual__2025-04-08T03:23:31.305296+00:00 [queued]>
[2025-04-08T03:23:40.162+0000] {taskinstance.py:2867} INFO - Starting attempt 1 of 2
[2025-04-08T03:23:40.191+0000] {taskinstance.py:2890} INFO - Executing <Task(PythonOperator): scrape_amazon_task> on 2025-04-08 03:23:31.305296+00:00
[2025-04-08T03:23:40.201+0000] {warnings.py:112} WARNING - /home/***/.local/lib/python3.12/site-packages/***/task/task_runner/standard_task_runner.py:70: DeprecationWarning: This process (pid=2022) is multi-threaded, use of fork() may lead to deadlocks in the child.
  pid = os.fork()

[2025-04-08T03:23:40.204+0000] {standard_task_runner.py:72} INFO - Started process 2025 to run task
[2025-04-08T03:23:40.205+0000] {standard_task_runner.py:104} INFO - Running: ['***', 'tasks', 'run', 'amazon_scraping_dag', 'scrape_amazon_task', 'manual__2025-04-08T03:23:31.305296+00:00', '--job-id', '122', '--raw', '--subdir', 'DAGS_FOLDER/another_another_test.py', '--cfg-path', '/tmp/tmpxvadh5rh']
[2025-04-08T03:23:40.208+0000] {standard_task_runner.py:105} INFO - Job 122: Subtask scrape_amazon_task
[2025-04-08T03:23:40.271+0000] {task_command.py:467} INFO - Running <TaskInstance: amazon_scraping_dag.scrape_amazon_task manual__2025-04-08T03:23:31.305296+00:00 [running]> on host 13b4251b7529
[2025-04-08T03:23:40.422+0000] {taskinstance.py:3134} INFO - Exporting env vars: AIRFLOW_CTX_DAG_OWNER='***' AIRFLOW_CTX_DAG_ID='amazon_scraping_dag' AIRFLOW_CTX_TASK_ID='scrape_amazon_task' AIRFLOW_CTX_EXECUTION_DATE='2025-04-08T03:23:31.305296+00:00' AIRFLOW_CTX_TRY_NUMBER='1' AIRFLOW_CTX_DAG_RUN_ID='manual__2025-04-08T03:23:31.305296+00:00'
[2025-04-08T03:23:40.424+0000] {logging_mixin.py:190} INFO - Task instance is in running state
[2025-04-08T03:23:40.425+0000] {logging_mixin.py:190} INFO -  Previous state of the Task instance: queued
[2025-04-08T03:23:40.426+0000] {logging_mixin.py:190} INFO - Current task name:scrape_amazon_task state:running start_date:2025-04-08 03:23:40.148472+00:00
[2025-04-08T03:23:40.426+0000] {logging_mixin.py:190} INFO - Dag name:amazon_scraping_dag and current dag run status:running
[2025-04-08T03:23:40.427+0000] {taskinstance.py:732} INFO - ::endgroup::
[2025-04-08T03:23:40.442+0000] {another_another_test.py:286} INFO - Processing 1/15: Automotive/Car Care - https://www.amazon.com/s?bbn=2562090011&rh=i%3Aspecialty-aps%2Cn%3A2562090011%2Cn%3A%2115690151%2Cn%3A15718271&s=date-desc-rank&ref_=nav_em__nav_desktop_sa_intl_car_care_0_2_10_2
[2025-04-08T03:23:40.529+0000] {logger.py:11} INFO - ====== WebDriver manager ======
[2025-04-08T03:23:40.655+0000] {logger.py:11} INFO - Get LATEST chromedriver version for google-chrome
[2025-04-08T03:23:40.842+0000] {logger.py:11} INFO - Get LATEST chromedriver version for google-chrome
[2025-04-08T03:23:41.004+0000] {logger.py:11} INFO - Driver [/home/***/.wdm/drivers/chromedriver/linux64/135.0.7049.42/chromedriver-linux64/chromedriver] found in cache
[2025-04-08T03:23:44.892+0000] {another_another_test.py:82} WARNING - Could not detect layout, using default (tiles)
[2025-04-08T03:23:44.940+0000] {another_another_test.py:229} INFO - Saved/Updated 0 products to /opt/***/csv/src_output/part1_20250408/part1_data_Automotive_Car Care_20250408.csv
[2025-04-08T03:23:44.942+0000] {another_another_test.py:249} INFO - Page 1 for Automotive/Car Care : Crawled 0 items in 3.39 seconds
[2025-04-08T03:23:44.972+0000] {another_another_test.py:254} INFO - Reached the last page (Page 1) for Automotive/Car Care
[2025-04-08T03:23:45.153+0000] {another_another_test.py:286} INFO - Processing 2/15: Automotive/Car Electronics & Accessories - https://www.amazon.com/s?bbn=2562090011&rh=i%3Aspecialty-aps%2Cn%3A2562090011%2Cn%3A%2115690151%2Cn%3A2230642011&s=date-desc-rank&ref_=nav_em__nav_desktop_sa_intl_car_electronics_accessories_0_2_10_3
[2025-04-08T03:23:45.287+0000] {logger.py:11} INFO - ====== WebDriver manager ======
[2025-04-08T03:23:45.457+0000] {logger.py:11} INFO - Get LATEST chromedriver version for google-chrome
[2025-04-08T03:23:45.655+0000] {logger.py:11} INFO - Get LATEST chromedriver version for google-chrome
[2025-04-08T03:23:45.837+0000] {logger.py:11} INFO - Driver [/home/***/.wdm/drivers/chromedriver/linux64/135.0.7049.42/chromedriver-linux64/chromedriver] found in cache
[2025-04-08T03:23:49.183+0000] {another_another_test.py:82} WARNING - Could not detect layout, using default (tiles)
[2025-04-08T03:23:49.343+0000] {another_another_test.py:229} INFO - Saved/Updated 2232 products to /opt/***/csv/src_output/part1_20250408/part1_data_Automotive_Car Electronics & Accessories_20250408.csv
[2025-04-08T03:23:49.344+0000] {another_another_test.py:249} INFO - Page 1 for Automotive/Car Electronics & Accessories : Crawled 0 items in 3.03 seconds
[2025-04-08T03:23:49.360+0000] {another_another_test.py:254} INFO - Reached the last page (Page 1) for Automotive/Car Electronics & Accessories
[2025-04-08T03:23:50.044+0000] {another_another_test.py:286} INFO - Processing 3/15: Automotive/Exterior Accessories - https://www.amazon.com/s?bbn=2562090011&rh=i%3Aspecialty-aps%2Cn%3A2562090011%2Cn%3A%2115690151%2Cn%3A15857511&s=date-desc-rank&ref_=nav_em__nav_desktop_sa_intl_exterior_accessories__0_2_10_4
[2025-04-08T03:23:50.118+0000] {logger.py:11} INFO - ====== WebDriver manager ======
[2025-04-08T03:23:50.241+0000] {logger.py:11} INFO - Get LATEST chromedriver version for google-chrome
[2025-04-08T03:23:50.437+0000] {logger.py:11} INFO - Get LATEST chromedriver version for google-chrome
[2025-04-08T03:23:50.619+0000] {logger.py:11} INFO - Driver [/home/***/.wdm/drivers/chromedriver/linux64/135.0.7049.42/chromedriver-linux64/chromedriver] found in cache
[2025-04-08T03:23:57.016+0000] {another_another_test.py:262} ERROR - Error during scraping https://www.amazon.com/s?bbn=2562090011&rh=i%3Aspecialty-aps%2Cn%3A2562090011%2Cn%3A%2115690151%2Cn%3A15857511&s=date-desc-rank&ref_=nav_em__nav_desktop_sa_intl_exterior_accessories__0_2_10_4: Message: 
Stacktrace:
#0 0x556ead934e6a <unknown>
#1 0x556ead3e6640 <unknown>
#2 0x556ead437b5a <unknown>
#3 0x556ead437d51 <unknown>
#4 0x556ead486344 <unknown>
#5 0x556ead45d77d <unknown>
#6 0x556ead4837b5 <unknown>
#7 0x556ead45d523 <unknown>
#8 0x556ead429ef3 <unknown>
#9 0x556ead42ab51 <unknown>
#10 0x556ead8f9d2b <unknown>
#11 0x556ead8fdc01 <unknown>
#12 0x556ead8e1512 <unknown>
#13 0x556ead8fe774 <unknown>
#14 0x556ead8c590f <unknown>
#15 0x556ead922fb8 <unknown>
#16 0x556ead923196 <unknown>
#17 0x556ead933cb6 <unknown>
#18 0x7f7cf5e131c4 <unknown>

[2025-04-08T03:23:57.037+0000] {another_another_test.py:229} INFO - Saved/Updated 0 products to /opt/***/csv/src_output/part1_20250408/part1_data_Automotive_Exterior Accessories_20250408.csv
[2025-04-08T03:23:57.130+0000] {another_another_test.py:286} INFO - Processing 4/15: Automotive/Interior Accessories - https://www.amazon.com/s?bbn=2562090011&rh=i%3Aspecialty-aps%2Cn%3A2562090011%2Cn%3A%2115690151%2Cn%3A15857501&s=date-desc-rank&ref_=nav_em__nav_desktop_sa_intl_interior_accessories_0_2_10_5
[2025-04-08T03:23:57.191+0000] {logger.py:11} INFO - ====== WebDriver manager ======
[2025-04-08T03:23:57.285+0000] {logger.py:11} INFO - Get LATEST chromedriver version for google-chrome
[2025-04-08T03:23:57.470+0000] {logger.py:11} INFO - Get LATEST chromedriver version for google-chrome
[2025-04-08T03:23:57.639+0000] {logger.py:11} INFO - Driver [/home/***/.wdm/drivers/chromedriver/linux64/135.0.7049.42/chromedriver-linux64/chromedriver] found in cache
[2025-04-08T03:24:01.325+0000] {another_another_test.py:80} INFO - Detected layout: tiles
[2025-04-08T03:24:01.393+0000] {another_another_test.py:229} INFO - Saved/Updated 24 products to /opt/***/csv/src_output/part1_20250408/part1_data_Automotive_Interior Accessories_20250408.csv
[2025-04-08T03:24:01.394+0000] {another_another_test.py:249} INFO - Page 1 for Automotive/Interior Accessories : Crawled 24 items in 3.34 seconds
[2025-04-08T03:24:01.422+0000] {another_another_test.py:259} INFO - Moving to page 2 for Automotive/Interior Accessories
[2025-04-08T03:24:04.411+0000] {another_another_test.py:80} INFO - Detected layout: tiles
[2025-04-08T03:24:04.513+0000] {another_another_test.py:229} INFO - Saved/Updated 48 products to /opt/***/csv/src_output/part1_20250408/part1_data_Automotive_Interior Accessories_20250408.csv
[2025-04-08T03:24:04.515+0000] {another_another_test.py:249} INFO - Page 2 for Automotive/Interior Accessories : Crawled 24 items in 3.09 seconds
[2025-04-08T03:24:04.542+0000] {another_another_test.py:259} INFO - Moving to page 3 for Automotive/Interior Accessories
[2025-04-08T03:24:07.214+0000] {another_another_test.py:80} INFO - Detected layout: tiles
[2025-04-08T03:24:07.277+0000] {another_another_test.py:229} INFO - Saved/Updated 72 products to /opt/***/csv/src_output/part1_20250408/part1_data_Automotive_Interior Accessories_20250408.csv
[2025-04-08T03:24:07.278+0000] {another_another_test.py:249} INFO - Page 3 for Automotive/Interior Accessories : Crawled 24 items in 2.74 seconds
[2025-04-08T03:24:07.295+0000] {another_another_test.py:259} INFO - Moving to page 4 for Automotive/Interior Accessories
[2025-04-08T03:24:09.596+0000] {another_another_test.py:80} INFO - Detected layout: tiles
[2025-04-08T03:24:09.667+0000] {another_another_test.py:229} INFO - Saved/Updated 96 products to /opt/***/csv/src_output/part1_20250408/part1_data_Automotive_Interior Accessories_20250408.csv
[2025-04-08T03:24:09.668+0000] {another_another_test.py:249} INFO - Page 4 for Automotive/Interior Accessories : Crawled 24 items in 2.37 seconds
[2025-04-08T03:24:09.683+0000] {another_another_test.py:259} INFO - Moving to page 5 for Automotive/Interior Accessories
[2025-04-08T03:24:12.019+0000] {another_another_test.py:80} INFO - Detected layout: tiles
[2025-04-08T03:24:12.093+0000] {another_another_test.py:229} INFO - Saved/Updated 120 products to /opt/***/csv/src_output/part1_20250408/part1_data_Automotive_Interior Accessories_20250408.csv
[2025-04-08T03:24:12.094+0000] {another_another_test.py:249} INFO - Page 5 for Automotive/Interior Accessories : Crawled 24 items in 2.41 seconds
[2025-04-08T03:24:12.113+0000] {another_another_test.py:259} INFO - Moving to page 6 for Automotive/Interior Accessories
[2025-04-08T03:24:14.795+0000] {another_another_test.py:80} INFO - Detected layout: tiles
[2025-04-08T03:24:14.864+0000] {another_another_test.py:229} INFO - Saved/Updated 144 products to /opt/***/csv/src_output/part1_20250408/part1_data_Automotive_Interior Accessories_20250408.csv
[2025-04-08T03:24:14.865+0000] {another_another_test.py:249} INFO - Page 6 for Automotive/Interior Accessories : Crawled 24 items in 2.75 seconds
[2025-04-08T03:24:14.891+0000] {another_another_test.py:259} INFO - Moving to page 7 for Automotive/Interior Accessories
[2025-04-08T03:24:17.048+0000] {another_another_test.py:80} INFO - Detected layout: tiles
[2025-04-08T03:24:17.126+0000] {another_another_test.py:229} INFO - Saved/Updated 168 products to /opt/***/csv/src_output/part1_20250408/part1_data_Automotive_Interior Accessories_20250408.csv
[2025-04-08T03:24:17.127+0000] {another_another_test.py:249} INFO - Page 7 for Automotive/Interior Accessories : Crawled 24 items in 2.23 seconds
[2025-04-08T03:24:17.150+0000] {another_another_test.py:259} INFO - Moving to page 8 for Automotive/Interior Accessories
[2025-04-08T03:24:19.646+0000] {another_another_test.py:80} INFO - Detected layout: tiles
[2025-04-08T03:24:19.730+0000] {another_another_test.py:229} INFO - Saved/Updated 192 products to /opt/***/csv/src_output/part1_20250408/part1_data_Automotive_Interior Accessories_20250408.csv
[2025-04-08T03:24:19.731+0000] {another_another_test.py:249} INFO - Page 8 for Automotive/Interior Accessories : Crawled 24 items in 2.58 seconds
[2025-04-08T03:24:19.747+0000] {another_another_test.py:259} INFO - Moving to page 9 for Automotive/Interior Accessories
[2025-04-08T03:24:22.160+0000] {another_another_test.py:80} INFO - Detected layout: tiles
[2025-04-08T03:24:22.227+0000] {another_another_test.py:229} INFO - Saved/Updated 216 products to /opt/***/csv/src_output/part1_20250408/part1_data_Automotive_Interior Accessories_20250408.csv
[2025-04-08T03:24:22.228+0000] {another_another_test.py:249} INFO - Page 9 for Automotive/Interior Accessories : Crawled 24 items in 2.48 seconds
[2025-04-08T03:24:22.247+0000] {another_another_test.py:259} INFO - Moving to page 10 for Automotive/Interior Accessories
[2025-04-08T03:24:24.912+0000] {another_another_test.py:80} INFO - Detected layout: tiles
[2025-04-08T03:24:24.992+0000] {another_another_test.py:229} INFO - Saved/Updated 240 products to /opt/***/csv/src_output/part1_20250408/part1_data_Automotive_Interior Accessories_20250408.csv
[2025-04-08T03:24:24.993+0000] {another_another_test.py:249} INFO - Page 10 for Automotive/Interior Accessories : Crawled 24 items in 2.75 seconds
[2025-04-08T03:24:25.016+0000] {another_another_test.py:259} INFO - Moving to page 11 for Automotive/Interior Accessories
[2025-04-08T03:24:27.716+0000] {another_another_test.py:80} INFO - Detected layout: tiles
[2025-04-08T03:24:27.794+0000] {another_another_test.py:229} INFO - Saved/Updated 264 products to /opt/***/csv/src_output/part1_20250408/part1_data_Automotive_Interior Accessories_20250408.csv
[2025-04-08T03:24:27.795+0000] {another_another_test.py:249} INFO - Page 11 for Automotive/Interior Accessories : Crawled 24 items in 2.78 seconds
[2025-04-08T03:24:27.810+0000] {another_another_test.py:259} INFO - Moving to page 12 for Automotive/Interior Accessories
[2025-04-08T03:24:31.075+0000] {another_another_test.py:80} INFO - Detected layout: tiles
[2025-04-08T03:24:31.162+0000] {another_another_test.py:229} INFO - Saved/Updated 288 products to /opt/***/csv/src_output/part1_20250408/part1_data_Automotive_Interior Accessories_20250408.csv
[2025-04-08T03:24:31.165+0000] {another_another_test.py:249} INFO - Page 12 for Automotive/Interior Accessories : Crawled 24 items in 3.35 seconds
[2025-04-08T03:24:31.181+0000] {another_another_test.py:259} INFO - Moving to page 13 for Automotive/Interior Accessories
[2025-04-08T03:24:34.045+0000] {another_another_test.py:80} INFO - Detected layout: tiles
[2025-04-08T03:24:34.156+0000] {another_another_test.py:229} INFO - Saved/Updated 312 products to /opt/***/csv/src_output/part1_20250408/part1_data_Automotive_Interior Accessories_20250408.csv
[2025-04-08T03:24:34.157+0000] {another_another_test.py:249} INFO - Page 13 for Automotive/Interior Accessories : Crawled 24 items in 2.98 seconds
[2025-04-08T03:24:34.185+0000] {another_another_test.py:259} INFO - Moving to page 14 for Automotive/Interior Accessories
[2025-04-08T03:24:36.827+0000] {another_another_test.py:80} INFO - Detected layout: tiles
[2025-04-08T03:24:36.926+0000] {another_another_test.py:229} INFO - Saved/Updated 336 products to /opt/***/csv/src_output/part1_20250408/part1_data_Automotive_Interior Accessories_20250408.csv
[2025-04-08T03:24:36.927+0000] {another_another_test.py:249} INFO - Page 14 for Automotive/Interior Accessories : Crawled 24 items in 2.74 seconds
[2025-04-08T03:24:36.946+0000] {another_another_test.py:259} INFO - Moving to page 15 for Automotive/Interior Accessories
[2025-04-08T03:24:39.299+0000] {another_another_test.py:80} INFO - Detected layout: tiles
[2025-04-08T03:24:39.408+0000] {another_another_test.py:229} INFO - Saved/Updated 360 products to /opt/***/csv/src_output/part1_20250408/part1_data_Automotive_Interior Accessories_20250408.csv
[2025-04-08T03:24:39.409+0000] {another_another_test.py:249} INFO - Page 15 for Automotive/Interior Accessories : Crawled 24 items in 2.46 seconds
[2025-04-08T03:24:39.425+0000] {another_another_test.py:259} INFO - Moving to page 16 for Automotive/Interior Accessories
[2025-04-08T03:24:41.661+0000] {another_another_test.py:80} INFO - Detected layout: tiles
[2025-04-08T03:24:41.749+0000] {another_another_test.py:229} INFO - Saved/Updated 384 products to /opt/***/csv/src_output/part1_20250408/part1_data_Automotive_Interior Accessories_20250408.csv
[2025-04-08T03:24:41.751+0000] {another_another_test.py:249} INFO - Page 16 for Automotive/Interior Accessories : Crawled 24 items in 2.32 seconds
[2025-04-08T03:24:41.765+0000] {another_another_test.py:259} INFO - Moving to page 17 for Automotive/Interior Accessories
[2025-04-08T03:24:44.311+0000] {another_another_test.py:80} INFO - Detected layout: tiles
[2025-04-08T03:24:44.395+0000] {another_another_test.py:229} INFO - Saved/Updated 408 products to /opt/***/csv/src_output/part1_20250408/part1_data_Automotive_Interior Accessories_20250408.csv
[2025-04-08T03:24:44.396+0000] {another_another_test.py:249} INFO - Page 17 for Automotive/Interior Accessories : Crawled 24 items in 2.63 seconds
[2025-04-08T03:24:44.412+0000] {another_another_test.py:259} INFO - Moving to page 18 for Automotive/Interior Accessories
[2025-04-08T03:24:47.215+0000] {another_another_test.py:80} INFO - Detected layout: tiles
[2025-04-08T03:24:47.317+0000] {another_another_test.py:229} INFO - Saved/Updated 432 products to /opt/***/csv/src_output/part1_20250408/part1_data_Automotive_Interior Accessories_20250408.csv
[2025-04-08T03:24:47.318+0000] {another_another_test.py:249} INFO - Page 18 for Automotive/Interior Accessories : Crawled 24 items in 2.90 seconds
[2025-04-08T03:24:47.337+0000] {another_another_test.py:259} INFO - Moving to page 19 for Automotive/Interior Accessories
[2025-04-08T03:24:49.895+0000] {another_another_test.py:80} INFO - Detected layout: tiles
[2025-04-08T03:24:49.997+0000] {another_another_test.py:229} INFO - Saved/Updated 456 products to /opt/***/csv/src_output/part1_20250408/part1_data_Automotive_Interior Accessories_20250408.csv
[2025-04-08T03:24:49.999+0000] {another_another_test.py:249} INFO - Page 19 for Automotive/Interior Accessories : Crawled 24 items in 2.66 seconds
[2025-04-08T03:24:50.019+0000] {another_another_test.py:259} INFO - Moving to page 20 for Automotive/Interior Accessories
[2025-04-08T03:24:52.502+0000] {another_another_test.py:80} INFO - Detected layout: tiles
[2025-04-08T03:24:52.602+0000] {another_another_test.py:229} INFO - Saved/Updated 480 products to /opt/***/csv/src_output/part1_20250408/part1_data_Automotive_Interior Accessories_20250408.csv
[2025-04-08T03:24:52.603+0000] {another_another_test.py:249} INFO - Page 20 for Automotive/Interior Accessories : Crawled 24 items in 2.58 seconds
[2025-04-08T03:24:52.620+0000] {another_another_test.py:259} INFO - Moving to page 21 for Automotive/Interior Accessories
[2025-04-08T03:24:55.163+0000] {another_another_test.py:80} INFO - Detected layout: tiles
[2025-04-08T03:24:55.261+0000] {another_another_test.py:229} INFO - Saved/Updated 504 products to /opt/***/csv/src_output/part1_20250408/part1_data_Automotive_Interior Accessories_20250408.csv
[2025-04-08T03:24:55.262+0000] {another_another_test.py:249} INFO - Page 21 for Automotive/Interior Accessories : Crawled 24 items in 2.64 seconds
[2025-04-08T03:24:55.280+0000] {another_another_test.py:259} INFO - Moving to page 22 for Automotive/Interior Accessories
[2025-04-08T03:24:58.003+0000] {another_another_test.py:80} INFO - Detected layout: tiles
[2025-04-08T03:24:58.108+0000] {another_another_test.py:229} INFO - Saved/Updated 528 products to /opt/***/csv/src_output/part1_20250408/part1_data_Automotive_Interior Accessories_20250408.csv
[2025-04-08T03:24:58.109+0000] {another_another_test.py:249} INFO - Page 22 for Automotive/Interior Accessories : Crawled 24 items in 2.83 seconds
[2025-04-08T03:24:58.127+0000] {another_another_test.py:259} INFO - Moving to page 23 for Automotive/Interior Accessories
[2025-04-08T03:25:00.971+0000] {another_another_test.py:80} INFO - Detected layout: tiles
[2025-04-08T03:25:01.071+0000] {another_another_test.py:229} INFO - Saved/Updated 552 products to /opt/***/csv/src_output/part1_20250408/part1_data_Automotive_Interior Accessories_20250408.csv
[2025-04-08T03:25:01.072+0000] {another_another_test.py:249} INFO - Page 23 for Automotive/Interior Accessories : Crawled 24 items in 2.94 seconds
[2025-04-08T03:25:01.088+0000] {another_another_test.py:259} INFO - Moving to page 24 for Automotive/Interior Accessories
[2025-04-08T03:25:03.564+0000] {another_another_test.py:80} INFO - Detected layout: tiles
[2025-04-08T03:25:03.673+0000] {another_another_test.py:229} INFO - Saved/Updated 576 products to /opt/***/csv/src_output/part1_20250408/part1_data_Automotive_Interior Accessories_20250408.csv
[2025-04-08T03:25:03.674+0000] {another_another_test.py:249} INFO - Page 24 for Automotive/Interior Accessories : Crawled 24 items in 2.58 seconds
[2025-04-08T03:25:03.691+0000] {another_another_test.py:259} INFO - Moving to page 25 for Automotive/Interior Accessories
[2025-04-08T03:25:06.139+0000] {another_another_test.py:80} INFO - Detected layout: tiles
[2025-04-08T03:25:06.258+0000] {another_another_test.py:229} INFO - Saved/Updated 600 products to /opt/***/csv/src_output/part1_20250408/part1_data_Automotive_Interior Accessories_20250408.csv
[2025-04-08T03:25:06.259+0000] {another_another_test.py:249} INFO - Page 25 for Automotive/Interior Accessories : Crawled 24 items in 2.57 seconds
[2025-04-08T03:25:06.276+0000] {another_another_test.py:259} INFO - Moving to page 26 for Automotive/Interior Accessories
[2025-04-08T03:25:08.791+0000] {another_another_test.py:80} INFO - Detected layout: tiles
[2025-04-08T03:25:08.898+0000] {another_another_test.py:229} INFO - Saved/Updated 624 products to /opt/***/csv/src_output/part1_20250408/part1_data_Automotive_Interior Accessories_20250408.csv
[2025-04-08T03:25:08.900+0000] {another_another_test.py:249} INFO - Page 26 for Automotive/Interior Accessories : Crawled 24 items in 2.62 seconds
[2025-04-08T03:25:08.920+0000] {another_another_test.py:259} INFO - Moving to page 27 for Automotive/Interior Accessories
[2025-04-08T03:25:11.697+0000] {another_another_test.py:80} INFO - Detected layout: tiles
[2025-04-08T03:25:11.817+0000] {another_another_test.py:229} INFO - Saved/Updated 648 products to /opt/***/csv/src_output/part1_20250408/part1_data_Automotive_Interior Accessories_20250408.csv
[2025-04-08T03:25:11.818+0000] {another_another_test.py:249} INFO - Page 27 for Automotive/Interior Accessories : Crawled 24 items in 2.90 seconds
[2025-04-08T03:25:11.842+0000] {another_another_test.py:259} INFO - Moving to page 28 for Automotive/Interior Accessories
[2025-04-08T03:25:14.452+0000] {another_another_test.py:80} INFO - Detected layout: tiles
[2025-04-08T03:25:14.559+0000] {another_another_test.py:229} INFO - Saved/Updated 672 products to /opt/***/csv/src_output/part1_20250408/part1_data_Automotive_Interior Accessories_20250408.csv
[2025-04-08T03:25:14.560+0000] {another_another_test.py:249} INFO - Page 28 for Automotive/Interior Accessories : Crawled 24 items in 2.72 seconds
[2025-04-08T03:25:14.578+0000] {another_another_test.py:259} INFO - Moving to page 29 for Automotive/Interior Accessories
[2025-04-08T03:25:16.933+0000] {another_another_test.py:80} INFO - Detected layout: tiles
[2025-04-08T03:25:17.067+0000] {another_another_test.py:229} INFO - Saved/Updated 696 products to /opt/***/csv/src_output/part1_20250408/part1_data_Automotive_Interior Accessories_20250408.csv
[2025-04-08T03:25:17.068+0000] {another_another_test.py:249} INFO - Page 29 for Automotive/Interior Accessories : Crawled 24 items in 2.47 seconds
[2025-04-08T03:25:17.095+0000] {another_another_test.py:259} INFO - Moving to page 30 for Automotive/Interior Accessories
[2025-04-08T03:25:19.930+0000] {another_another_test.py:80} INFO - Detected layout: tiles
[2025-04-08T03:25:20.057+0000] {another_another_test.py:229} INFO - Saved/Updated 720 products to /opt/***/csv/src_output/part1_20250408/part1_data_Automotive_Interior Accessories_20250408.csv
[2025-04-08T03:25:20.058+0000] {another_another_test.py:249} INFO - Page 30 for Automotive/Interior Accessories : Crawled 24 items in 2.96 seconds
[2025-04-08T03:25:20.077+0000] {another_another_test.py:259} INFO - Moving to page 31 for Automotive/Interior Accessories
[2025-04-08T03:25:22.864+0000] {another_another_test.py:80} INFO - Detected layout: tiles
[2025-04-08T03:25:23.020+0000] {another_another_test.py:229} INFO - Saved/Updated 744 products to /opt/***/csv/src_output/part1_20250408/part1_data_Automotive_Interior Accessories_20250408.csv
[2025-04-08T03:25:23.021+0000] {another_another_test.py:249} INFO - Page 31 for Automotive/Interior Accessories : Crawled 24 items in 2.94 seconds
[2025-04-08T03:25:23.054+0000] {another_another_test.py:259} INFO - Moving to page 32 for Automotive/Interior Accessories
[2025-04-08T03:25:26.382+0000] {another_another_test.py:80} INFO - Detected layout: tiles
[2025-04-08T03:25:26.490+0000] {another_another_test.py:229} INFO - Saved/Updated 768 products to /opt/***/csv/src_output/part1_20250408/part1_data_Automotive_Interior Accessories_20250408.csv
[2025-04-08T03:25:26.491+0000] {another_another_test.py:249} INFO - Page 32 for Automotive/Interior Accessories : Crawled 24 items in 3.44 seconds
[2025-04-08T03:25:26.509+0000] {another_another_test.py:259} INFO - Moving to page 33 for Automotive/Interior Accessories
[2025-04-08T03:25:28.893+0000] {another_another_test.py:80} INFO - Detected layout: tiles
[2025-04-08T03:25:29.004+0000] {another_another_test.py:229} INFO - Saved/Updated 792 products to /opt/***/csv/src_output/part1_20250408/part1_data_Automotive_Interior Accessories_20250408.csv
[2025-04-08T03:25:29.005+0000] {another_another_test.py:249} INFO - Page 33 for Automotive/Interior Accessories : Crawled 24 items in 2.50 seconds
[2025-04-08T03:25:29.027+0000] {another_another_test.py:259} INFO - Moving to page 34 for Automotive/Interior Accessories
[2025-04-08T03:25:31.668+0000] {another_another_test.py:80} INFO - Detected layout: tiles
[2025-04-08T03:25:31.783+0000] {another_another_test.py:229} INFO - Saved/Updated 816 products to /opt/***/csv/src_output/part1_20250408/part1_data_Automotive_Interior Accessories_20250408.csv
[2025-04-08T03:25:31.784+0000] {another_another_test.py:249} INFO - Page 34 for Automotive/Interior Accessories : Crawled 24 items in 2.76 seconds
[2025-04-08T03:25:31.800+0000] {another_another_test.py:259} INFO - Moving to page 35 for Automotive/Interior Accessories
[2025-04-08T03:25:34.473+0000] {another_another_test.py:80} INFO - Detected layout: tiles
[2025-04-08T03:25:34.599+0000] {another_another_test.py:229} INFO - Saved/Updated 840 products to /opt/***/csv/src_output/part1_20250408/part1_data_Automotive_Interior Accessories_20250408.csv
[2025-04-08T03:25:34.600+0000] {another_another_test.py:249} INFO - Page 35 for Automotive/Interior Accessories : Crawled 24 items in 2.80 seconds
[2025-04-08T03:25:34.618+0000] {another_another_test.py:259} INFO - Moving to page 36 for Automotive/Interior Accessories
[2025-04-08T03:25:37.718+0000] {another_another_test.py:80} INFO - Detected layout: tiles
[2025-04-08T03:25:37.849+0000] {another_another_test.py:229} INFO - Saved/Updated 864 products to /opt/***/csv/src_output/part1_20250408/part1_data_Automotive_Interior Accessories_20250408.csv
[2025-04-08T03:25:37.850+0000] {another_another_test.py:249} INFO - Page 36 for Automotive/Interior Accessories : Crawled 24 items in 3.23 seconds
[2025-04-08T03:25:37.866+0000] {another_another_test.py:259} INFO - Moving to page 37 for Automotive/Interior Accessories
[2025-04-08T03:25:40.585+0000] {another_another_test.py:80} INFO - Detected layout: tiles
[2025-04-08T03:25:40.714+0000] {another_another_test.py:229} INFO - Saved/Updated 888 products to /opt/***/csv/src_output/part1_20250408/part1_data_Automotive_Interior Accessories_20250408.csv
[2025-04-08T03:25:40.715+0000] {another_another_test.py:249} INFO - Page 37 for Automotive/Interior Accessories : Crawled 24 items in 2.85 seconds
[2025-04-08T03:25:40.735+0000] {another_another_test.py:259} INFO - Moving to page 38 for Automotive/Interior Accessories
[2025-04-08T03:25:42.981+0000] {another_another_test.py:80} INFO - Detected layout: tiles
[2025-04-08T03:25:43.137+0000] {another_another_test.py:229} INFO - Saved/Updated 912 products to /opt/***/csv/src_output/part1_20250408/part1_data_Automotive_Interior Accessories_20250408.csv
[2025-04-08T03:25:43.138+0000] {another_another_test.py:249} INFO - Page 38 for Automotive/Interior Accessories : Crawled 24 items in 2.40 seconds
[2025-04-08T03:25:43.155+0000] {another_another_test.py:259} INFO - Moving to page 39 for Automotive/Interior Accessories
[2025-04-08T03:25:45.928+0000] {another_another_test.py:80} INFO - Detected layout: tiles
[2025-04-08T03:25:46.054+0000] {another_another_test.py:229} INFO - Saved/Updated 936 products to /opt/***/csv/src_output/part1_20250408/part1_data_Automotive_Interior Accessories_20250408.csv
[2025-04-08T03:25:46.055+0000] {another_another_test.py:249} INFO - Page 39 for Automotive/Interior Accessories : Crawled 24 items in 2.90 seconds
[2025-04-08T03:25:46.074+0000] {another_another_test.py:259} INFO - Moving to page 40 for Automotive/Interior Accessories
[2025-04-08T03:25:48.954+0000] {another_another_test.py:80} INFO - Detected layout: tiles
[2025-04-08T03:25:49.084+0000] {another_another_test.py:229} INFO - Saved/Updated 960 products to /opt/***/csv/src_output/part1_20250408/part1_data_Automotive_Interior Accessories_20250408.csv
[2025-04-08T03:25:49.085+0000] {another_another_test.py:249} INFO - Page 40 for Automotive/Interior Accessories : Crawled 24 items in 3.01 seconds
[2025-04-08T03:25:49.115+0000] {another_another_test.py:259} INFO - Moving to page 41 for Automotive/Interior Accessories
[2025-04-08T03:25:51.645+0000] {another_another_test.py:80} INFO - Detected layout: tiles
[2025-04-08T03:25:51.830+0000] {another_another_test.py:229} INFO - Saved/Updated 984 products to /opt/***/csv/src_output/part1_20250408/part1_data_Automotive_Interior Accessories_20250408.csv
[2025-04-08T03:25:51.831+0000] {another_another_test.py:249} INFO - Page 41 for Automotive/Interior Accessories : Crawled 24 items in 2.72 seconds
[2025-04-08T03:25:51.853+0000] {another_another_test.py:259} INFO - Moving to page 42 for Automotive/Interior Accessories
[2025-04-08T03:25:54.765+0000] {another_another_test.py:80} INFO - Detected layout: tiles
[2025-04-08T03:25:54.914+0000] {another_another_test.py:229} INFO - Saved/Updated 1008 products to /opt/***/csv/src_output/part1_20250408/part1_data_Automotive_Interior Accessories_20250408.csv
[2025-04-08T03:25:54.916+0000] {another_another_test.py:249} INFO - Page 42 for Automotive/Interior Accessories : Crawled 24 items in 3.06 seconds
[2025-04-08T03:25:54.942+0000] {another_another_test.py:259} INFO - Moving to page 43 for Automotive/Interior Accessories
[2025-04-08T03:25:57.487+0000] {another_another_test.py:80} INFO - Detected layout: tiles
[2025-04-08T03:25:57.628+0000] {another_another_test.py:229} INFO - Saved/Updated 1032 products to /opt/***/csv/src_output/part1_20250408/part1_data_Automotive_Interior Accessories_20250408.csv
[2025-04-08T03:25:57.630+0000] {another_another_test.py:249} INFO - Page 43 for Automotive/Interior Accessories : Crawled 24 items in 2.69 seconds
[2025-04-08T03:25:57.652+0000] {another_another_test.py:259} INFO - Moving to page 44 for Automotive/Interior Accessories
[2025-04-08T03:26:00.447+0000] {another_another_test.py:80} INFO - Detected layout: tiles
[2025-04-08T03:26:00.563+0000] {another_another_test.py:229} INFO - Saved/Updated 1056 products to /opt/***/csv/src_output/part1_20250408/part1_data_Automotive_Interior Accessories_20250408.csv
[2025-04-08T03:26:00.565+0000] {another_another_test.py:249} INFO - Page 44 for Automotive/Interior Accessories : Crawled 24 items in 2.91 seconds
[2025-04-08T03:26:00.599+0000] {another_another_test.py:259} INFO - Moving to page 45 for Automotive/Interior Accessories
[2025-04-08T03:26:03.418+0000] {another_another_test.py:80} INFO - Detected layout: tiles
[2025-04-08T03:26:03.556+0000] {another_another_test.py:229} INFO - Saved/Updated 1080 products to /opt/***/csv/src_output/part1_20250408/part1_data_Automotive_Interior Accessories_20250408.csv
[2025-04-08T03:26:03.557+0000] {another_another_test.py:249} INFO - Page 45 for Automotive/Interior Accessories : Crawled 24 items in 2.96 seconds
[2025-04-08T03:26:03.576+0000] {another_another_test.py:259} INFO - Moving to page 46 for Automotive/Interior Accessories
[2025-04-08T03:26:06.059+0000] {another_another_test.py:80} INFO - Detected layout: tiles
[2025-04-08T03:26:06.204+0000] {another_another_test.py:229} INFO - Saved/Updated 1104 products to /opt/***/csv/src_output/part1_20250408/part1_data_Automotive_Interior Accessories_20250408.csv
[2025-04-08T03:26:06.206+0000] {another_another_test.py:249} INFO - Page 46 for Automotive/Interior Accessories : Crawled 24 items in 2.63 seconds
[2025-04-08T03:26:06.234+0000] {another_another_test.py:259} INFO - Moving to page 47 for Automotive/Interior Accessories
[2025-04-08T03:26:08.435+0000] {another_another_test.py:80} INFO - Detected layout: tiles
[2025-04-08T03:26:08.570+0000] {another_another_test.py:229} INFO - Saved/Updated 1128 products to /opt/***/csv/src_output/part1_20250408/part1_data_Automotive_Interior Accessories_20250408.csv
[2025-04-08T03:26:08.571+0000] {another_another_test.py:249} INFO - Page 47 for Automotive/Interior Accessories : Crawled 24 items in 2.34 seconds
[2025-04-08T03:26:08.593+0000] {another_another_test.py:259} INFO - Moving to page 48 for Automotive/Interior Accessories
[2025-04-08T03:26:10.819+0000] {another_another_test.py:80} INFO - Detected layout: tiles
[2025-04-08T03:26:10.957+0000] {another_another_test.py:229} INFO - Saved/Updated 1152 products to /opt/***/csv/src_output/part1_20250408/part1_data_Automotive_Interior Accessories_20250408.csv
[2025-04-08T03:26:10.959+0000] {another_another_test.py:249} INFO - Page 48 for Automotive/Interior Accessories : Crawled 24 items in 2.36 seconds
[2025-04-08T03:26:10.975+0000] {another_another_test.py:259} INFO - Moving to page 49 for Automotive/Interior Accessories
[2025-04-08T03:26:13.628+0000] {another_another_test.py:80} INFO - Detected layout: tiles
[2025-04-08T03:26:13.769+0000] {another_another_test.py:229} INFO - Saved/Updated 1176 products to /opt/***/csv/src_output/part1_20250408/part1_data_Automotive_Interior Accessories_20250408.csv
[2025-04-08T03:26:13.771+0000] {another_another_test.py:249} INFO - Page 49 for Automotive/Interior Accessories : Crawled 24 items in 2.79 seconds
[2025-04-08T03:26:13.786+0000] {another_another_test.py:259} INFO - Moving to page 50 for Automotive/Interior Accessories
[2025-04-08T03:26:16.380+0000] {another_another_test.py:80} INFO - Detected layout: tiles
[2025-04-08T03:26:16.533+0000] {another_another_test.py:229} INFO - Saved/Updated 1200 products to /opt/***/csv/src_output/part1_20250408/part1_data_Automotive_Interior Accessories_20250408.csv
[2025-04-08T03:26:16.535+0000] {another_another_test.py:249} INFO - Page 50 for Automotive/Interior Accessories : Crawled 24 items in 2.75 seconds
[2025-04-08T03:26:16.563+0000] {another_another_test.py:259} INFO - Moving to page 51 for Automotive/Interior Accessories
[2025-04-08T03:26:19.252+0000] {another_another_test.py:80} INFO - Detected layout: tiles
[2025-04-08T03:26:19.430+0000] {another_another_test.py:229} INFO - Saved/Updated 1224 products to /opt/***/csv/src_output/part1_20250408/part1_data_Automotive_Interior Accessories_20250408.csv
[2025-04-08T03:26:19.431+0000] {another_another_test.py:249} INFO - Page 51 for Automotive/Interior Accessories : Crawled 24 items in 2.87 seconds
[2025-04-08T03:26:19.455+0000] {another_another_test.py:259} INFO - Moving to page 52 for Automotive/Interior Accessories
[2025-04-08T03:26:22.102+0000] {another_another_test.py:80} INFO - Detected layout: tiles
[2025-04-08T03:26:22.246+0000] {another_another_test.py:229} INFO - Saved/Updated 1248 products to /opt/***/csv/src_output/part1_20250408/part1_data_Automotive_Interior Accessories_20250408.csv
[2025-04-08T03:26:22.247+0000] {another_another_test.py:249} INFO - Page 52 for Automotive/Interior Accessories : Crawled 24 items in 2.79 seconds
[2025-04-08T03:26:22.272+0000] {another_another_test.py:259} INFO - Moving to page 53 for Automotive/Interior Accessories
[2025-04-08T03:26:24.768+0000] {another_another_test.py:80} INFO - Detected layout: tiles
[2025-04-08T03:26:24.920+0000] {another_another_test.py:229} INFO - Saved/Updated 1272 products to /opt/***/csv/src_output/part1_20250408/part1_data_Automotive_Interior Accessories_20250408.csv
[2025-04-08T03:26:24.921+0000] {another_another_test.py:249} INFO - Page 53 for Automotive/Interior Accessories : Crawled 24 items in 2.65 seconds
[2025-04-08T03:26:24.938+0000] {another_another_test.py:259} INFO - Moving to page 54 for Automotive/Interior Accessories
[2025-04-08T03:26:27.671+0000] {another_another_test.py:80} INFO - Detected layout: tiles
[2025-04-08T03:26:27.825+0000] {another_another_test.py:229} INFO - Saved/Updated 1296 products to /opt/***/csv/src_output/part1_20250408/part1_data_Automotive_Interior Accessories_20250408.csv
[2025-04-08T03:26:27.827+0000] {another_another_test.py:249} INFO - Page 54 for Automotive/Interior Accessories : Crawled 24 items in 2.89 seconds
[2025-04-08T03:26:27.849+0000] {another_another_test.py:259} INFO - Moving to page 55 for Automotive/Interior Accessories
[2025-04-08T03:26:30.382+0000] {another_another_test.py:80} INFO - Detected layout: tiles
[2025-04-08T03:26:30.561+0000] {another_another_test.py:229} INFO - Saved/Updated 1320 products to /opt/***/csv/src_output/part1_20250408/part1_data_Automotive_Interior Accessories_20250408.csv
[2025-04-08T03:26:30.565+0000] {another_another_test.py:249} INFO - Page 55 for Automotive/Interior Accessories : Crawled 24 items in 2.72 seconds
[2025-04-08T03:26:30.607+0000] {another_another_test.py:259} INFO - Moving to page 56 for Automotive/Interior Accessories
[2025-04-08T03:26:33.151+0000] {another_another_test.py:80} INFO - Detected layout: tiles
[2025-04-08T03:26:33.413+0000] {another_another_test.py:229} INFO - Saved/Updated 1344 products to /opt/***/csv/src_output/part1_20250408/part1_data_Automotive_Interior Accessories_20250408.csv
[2025-04-08T03:26:33.414+0000] {another_another_test.py:249} INFO - Page 56 for Automotive/Interior Accessories : Crawled 24 items in 2.81 seconds
[2025-04-08T03:26:33.435+0000] {another_another_test.py:259} INFO - Moving to page 57 for Automotive/Interior Accessories
[2025-04-08T03:26:36.150+0000] {another_another_test.py:80} INFO - Detected layout: tiles
[2025-04-08T03:26:36.288+0000] {another_another_test.py:229} INFO - Saved/Updated 1368 products to /opt/***/csv/src_output/part1_20250408/part1_data_Automotive_Interior Accessories_20250408.csv
[2025-04-08T03:26:36.289+0000] {another_another_test.py:249} INFO - Page 57 for Automotive/Interior Accessories : Crawled 24 items in 2.85 seconds
[2025-04-08T03:26:36.306+0000] {another_another_test.py:259} INFO - Moving to page 58 for Automotive/Interior Accessories
[2025-04-08T03:26:38.792+0000] {another_another_test.py:80} INFO - Detected layout: tiles
[2025-04-08T03:26:38.948+0000] {another_another_test.py:229} INFO - Saved/Updated 1392 products to /opt/***/csv/src_output/part1_20250408/part1_data_Automotive_Interior Accessories_20250408.csv
[2025-04-08T03:26:38.950+0000] {another_another_test.py:249} INFO - Page 58 for Automotive/Interior Accessories : Crawled 24 items in 2.64 seconds
[2025-04-08T03:26:38.967+0000] {another_another_test.py:259} INFO - Moving to page 59 for Automotive/Interior Accessories
[2025-04-08T03:26:41.788+0000] {another_another_test.py:80} INFO - Detected layout: tiles
[2025-04-08T03:26:41.939+0000] {another_another_test.py:229} INFO - Saved/Updated 1416 products to /opt/***/csv/src_output/part1_20250408/part1_data_Automotive_Interior Accessories_20250408.csv
[2025-04-08T03:26:41.941+0000] {another_another_test.py:249} INFO - Page 59 for Automotive/Interior Accessories : Crawled 24 items in 2.97 seconds
[2025-04-08T03:26:41.963+0000] {another_another_test.py:259} INFO - Moving to page 60 for Automotive/Interior Accessories
[2025-04-08T03:26:44.522+0000] {another_another_test.py:80} INFO - Detected layout: tiles
[2025-04-08T03:26:44.693+0000] {another_another_test.py:229} INFO - Saved/Updated 1440 products to /opt/***/csv/src_output/part1_20250408/part1_data_Automotive_Interior Accessories_20250408.csv
[2025-04-08T03:26:44.695+0000] {another_another_test.py:249} INFO - Page 60 for Automotive/Interior Accessories : Crawled 24 items in 2.73 seconds
[2025-04-08T03:26:44.716+0000] {another_another_test.py:259} INFO - Moving to page 61 for Automotive/Interior Accessories
[2025-04-08T03:26:47.516+0000] {another_another_test.py:80} INFO - Detected layout: tiles
[2025-04-08T03:26:47.687+0000] {another_another_test.py:229} INFO - Saved/Updated 1464 products to /opt/***/csv/src_output/part1_20250408/part1_data_Automotive_Interior Accessories_20250408.csv
[2025-04-08T03:26:47.688+0000] {another_another_test.py:249} INFO - Page 61 for Automotive/Interior Accessories : Crawled 24 items in 2.97 seconds
[2025-04-08T03:26:47.710+0000] {another_another_test.py:259} INFO - Moving to page 62 for Automotive/Interior Accessories
[2025-04-08T03:26:50.062+0000] {another_another_test.py:80} INFO - Detected layout: tiles
[2025-04-08T03:26:50.234+0000] {another_another_test.py:229} INFO - Saved/Updated 1488 products to /opt/***/csv/src_output/part1_20250408/part1_data_Automotive_Interior Accessories_20250408.csv
[2025-04-08T03:26:50.235+0000] {another_another_test.py:249} INFO - Page 62 for Automotive/Interior Accessories : Crawled 24 items in 2.52 seconds
[2025-04-08T03:26:50.256+0000] {another_another_test.py:259} INFO - Moving to page 63 for Automotive/Interior Accessories
[2025-04-08T03:26:52.981+0000] {another_another_test.py:80} INFO - Detected layout: tiles
[2025-04-08T03:26:53.190+0000] {another_another_test.py:229} INFO - Saved/Updated 1512 products to /opt/***/csv/src_output/part1_20250408/part1_data_Automotive_Interior Accessories_20250408.csv
[2025-04-08T03:26:53.192+0000] {another_another_test.py:249} INFO - Page 63 for Automotive/Interior Accessories : Crawled 24 items in 2.94 seconds
[2025-04-08T03:26:53.211+0000] {another_another_test.py:259} INFO - Moving to page 64 for Automotive/Interior Accessories
[2025-04-08T03:26:56.268+0000] {another_another_test.py:80} INFO - Detected layout: tiles
[2025-04-08T03:26:56.539+0000] {another_another_test.py:229} INFO - Saved/Updated 1536 products to /opt/***/csv/src_output/part1_20250408/part1_data_Automotive_Interior Accessories_20250408.csv
[2025-04-08T03:26:56.541+0000] {another_another_test.py:249} INFO - Page 64 for Automotive/Interior Accessories : Crawled 24 items in 3.33 seconds
[2025-04-08T03:26:56.590+0000] {another_another_test.py:259} INFO - Moving to page 65 for Automotive/Interior Accessories
[2025-04-08T03:26:59.193+0000] {another_another_test.py:80} INFO - Detected layout: tiles
[2025-04-08T03:26:59.351+0000] {another_another_test.py:229} INFO - Saved/Updated 1560 products to /opt/***/csv/src_output/part1_20250408/part1_data_Automotive_Interior Accessories_20250408.csv
[2025-04-08T03:26:59.353+0000] {another_another_test.py:249} INFO - Page 65 for Automotive/Interior Accessories : Crawled 24 items in 2.76 seconds
[2025-04-08T03:26:59.380+0000] {another_another_test.py:259} INFO - Moving to page 66 for Automotive/Interior Accessories
[2025-04-08T03:27:02.418+0000] {another_another_test.py:80} INFO - Detected layout: tiles
[2025-04-08T03:27:02.758+0000] {another_another_test.py:229} INFO - Saved/Updated 1584 products to /opt/***/csv/src_output/part1_20250408/part1_data_Automotive_Interior Accessories_20250408.csv
[2025-04-08T03:27:02.760+0000] {another_another_test.py:249} INFO - Page 66 for Automotive/Interior Accessories : Crawled 24 items in 3.38 seconds
[2025-04-08T03:27:02.788+0000] {another_another_test.py:259} INFO - Moving to page 67 for Automotive/Interior Accessories
[2025-04-08T03:27:04.006+0000] {local_task_job_runner.py:346} WARNING - State of this instance has been externally set to success. Terminating instance.
[2025-04-08T03:27:04.007+0000] {local_task_job_runner.py:245} INFO - ::endgroup::
[2025-04-08T03:27:04.011+0000] {process_utils.py:132} INFO - Sending 15 to group 2025. PIDs of all processes in the group: [2495, 2501, 2509, 2510, 2532, 2533, 2589, 2829, 2838, 2531, 2025]
[2025-04-08T03:27:04.012+0000] {process_utils.py:87} INFO - Sending the signal 15 to group 2025
[2025-04-08T03:27:04.016+0000] {taskinstance.py:3094} ERROR - Received SIGTERM. Terminating subprocesses.
[2025-04-08T03:27:04.027+0000] {process_utils.py:80} INFO - Process psutil.Process(pid=2533, status='terminated', started='03:23:57') (2533) terminated with exit code None
[2025-04-08T03:27:04.048+0000] {taskinstance.py:3095} ERROR - Stacktrace: 
  File "/home/***/.local/bin/***", line 8, in <module>
    sys.exit(main())
  File "/home/***/.local/lib/python3.12/site-packages/***/__main__.py", line 62, in main
    args.func(args)
  File "/home/***/.local/lib/python3.12/site-packages/***/cli/cli_config.py", line 49, in command
    return func(*args, **kwargs)
  File "/home/***/.local/lib/python3.12/site-packages/***/utils/cli.py", line 116, in wrapper
    return f(*args, **kwargs)
  File "/home/***/.local/lib/python3.12/site-packages/***/providers/celery/cli/celery_command.py", line 64, in wrapper
    providers_configuration_loaded(func)(*args, **kwargs)
  File "/home/***/.local/lib/python3.12/site-packages/***/utils/providers_configuration_loader.py", line 55, in wrapped_function
    return func(*args, **kwargs)
  File "/home/***/.local/lib/python3.12/site-packages/***/providers/celery/cli/celery_command.py", line 237, in worker
    _run_command_with_daemon_option(
  File "/home/***/.local/lib/python3.12/site-packages/***/providers/celery/cli/celery_command.py", line 50, in _run_command_with_daemon_option
    run_command_with_daemon_option(*args, **kwargs)
  File "/home/***/.local/lib/python3.12/site-packages/***/cli/commands/daemon_utils.py", line 86, in run_command_with_daemon_option
    callback()
  File "/home/***/.local/lib/python3.12/site-packages/***/providers/celery/cli/celery_command.py", line 230, in run_celery_worker
    celery_app.worker_main(options)
  File "/home/***/.local/lib/python3.12/site-packages/celery/app/base.py", line 391, in worker_main
    self.start(argv=argv)
  File "/home/***/.local/lib/python3.12/site-packages/celery/app/base.py", line 371, in start
    celery.main(args=argv, standalone_mode=False)
  File "/home/***/.local/lib/python3.12/site-packages/click/core.py", line 1082, in main
    rv = self.invoke(ctx)
  File "/home/***/.local/lib/python3.12/site-packages/click/core.py", line 1697, in invoke
    return _process_result(sub_ctx.command.invoke(sub_ctx))
  File "/home/***/.local/lib/python3.12/site-packages/click/core.py", line 1443, in invoke
    return ctx.invoke(self.callback, **ctx.params)
  File "/home/***/.local/lib/python3.12/site-packages/click/core.py", line 788, in invoke
    return __callback(*args, **kwargs)
  File "/home/***/.local/lib/python3.12/site-packages/click/decorators.py", line 33, in new_func
    return f(get_current_context(), *args, **kwargs)
  File "/home/***/.local/lib/python3.12/site-packages/celery/bin/base.py", line 135, in caller
    return f(ctx, *args, **kwargs)
  File "/home/***/.local/lib/python3.12/site-packages/celery/bin/worker.py", line 356, in worker
    worker.start()
  File "/home/***/.local/lib/python3.12/site-packages/celery/worker/worker.py", line 202, in start
    self.blueprint.start(self)
  File "/home/***/.local/lib/python3.12/site-packages/celery/bootsteps.py", line 116, in start
    step.start(parent)
  File "/home/***/.local/lib/python3.12/site-packages/celery/bootsteps.py", line 365, in start
    return self.obj.start()
  File "/home/***/.local/lib/python3.12/site-packages/celery/concurrency/base.py", line 130, in start
    self.on_start()
  File "/home/***/.local/lib/python3.12/site-packages/celery/concurrency/prefork.py", line 109, in on_start
    P = self._pool = Pool(processes=self.limit,
  File "/home/***/.local/lib/python3.12/site-packages/celery/concurrency/asynpool.py", line 464, in __init__
    super().__init__(processes, *args, **kwargs)
  File "/home/***/.local/lib/python3.12/site-packages/billiard/pool.py", line 1046, in __init__
    self._create_worker_process(i)
  File "/home/***/.local/lib/python3.12/site-packages/celery/concurrency/asynpool.py", line 482, in _create_worker_process
    return super()._create_worker_process(i)
  File "/home/***/.local/lib/python3.12/site-packages/billiard/pool.py", line 1158, in _create_worker_process
    w.start()
  File "/home/***/.local/lib/python3.12/site-packages/billiard/process.py", line 120, in start
    self._popen = self._Popen(self)
  File "/home/***/.local/lib/python3.12/site-packages/billiard/context.py", line 331, in _Popen
    return Popen(process_obj)
  File "/home/***/.local/lib/python3.12/site-packages/billiard/popen_fork.py", line 22, in __init__
    self._launch(process_obj)
  File "/home/***/.local/lib/python3.12/site-packages/billiard/popen_fork.py", line 77, in _launch
    code = process_obj._bootstrap()
  File "/home/***/.local/lib/python3.12/site-packages/billiard/process.py", line 323, in _bootstrap
    self.run()
  File "/home/***/.local/lib/python3.12/site-packages/billiard/process.py", line 110, in run
    self._target(*self._args, **self._kwargs)
  File "/home/***/.local/lib/python3.12/site-packages/billiard/pool.py", line 292, in __call__
    sys.exit(self.workloop(pid=pid))
  File "/home/***/.local/lib/python3.12/site-packages/billiard/pool.py", line 362, in workloop
    result = (True, prepare_result(fun(*args, **kwargs)))
  File "/home/***/.local/lib/python3.12/site-packages/celery/app/trace.py", line 651, in fast_trace_task
    R, I, T, Rstr = tasks[task].__trace__(
  File "/home/***/.local/lib/python3.12/site-packages/celery/app/trace.py", line 453, in trace_task
    R = retval = fun(*args, **kwargs)
  File "/home/***/.local/lib/python3.12/site-packages/celery/app/trace.py", line 736, in __protected_call__
    return self.run(*args, **kwargs)
  File "/home/***/.local/lib/python3.12/site-packages/***/providers/celery/executors/celery_executor_utils.py", line 139, in execute_command
    _execute_in_fork(command_to_exec, celery_task_id)
  File "/home/***/.local/lib/python3.12/site-packages/***/providers/celery/executors/celery_executor_utils.py", line 171, in _execute_in_fork
    args.func(args)
  File "/home/***/.local/lib/python3.12/site-packages/***/cli/cli_config.py", line 49, in command
    return func(*args, **kwargs)
  File "/home/***/.local/lib/python3.12/site-packages/***/utils/cli.py", line 116, in wrapper
    return f(*args, **kwargs)
  File "/home/***/.local/lib/python3.12/site-packages/***/cli/commands/task_command.py", line 483, in task_run
    task_return_code = _run_task_by_selected_method(args, _dag, ti)
  File "/home/***/.local/lib/python3.12/site-packages/***/cli/commands/task_command.py", line 254, in _run_task_by_selected_method
    return _run_task_by_local_task_job(args, ti)
  File "/home/***/.local/lib/python3.12/site-packages/***/cli/commands/task_command.py", line 322, in _run_task_by_local_task_job
    ret = run_job(job=job_runner.job, execute_callable=job_runner._execute)
  File "/home/***/.local/lib/python3.12/site-packages/***/utils/session.py", line 97, in wrapper
    return func(*args, session=session, **kwargs)
  File "/home/***/.local/lib/python3.12/site-packages/***/jobs/job.py", line 421, in run_job
    return execute_job(job, execute_callable=execute_callable)
  File "/home/***/.local/lib/python3.12/site-packages/***/jobs/job.py", line 450, in execute_job
    ret = execute_callable()
  File "/home/***/.local/lib/python3.12/site-packages/***/jobs/local_task_job_runner.py", line 171, in _execute
    self.task_runner.start()
  File "/home/***/.local/lib/python3.12/site-packages/***/task/task_runner/standard_task_runner.py", line 55, in start
    self.process = self._start_by_fork()
  File "/home/***/.local/lib/python3.12/site-packages/***/task/task_runner/standard_task_runner.py", line 117, in _start_by_fork
    ret = args.func(args, dag=self.dag)
  File "/home/***/.local/lib/python3.12/site-packages/***/cli/cli_config.py", line 49, in command
    return func(*args, **kwargs)
  File "/home/***/.local/lib/python3.12/site-packages/***/utils/cli.py", line 116, in wrapper
    return f(*args, **kwargs)
  File "/home/***/.local/lib/python3.12/site-packages/***/cli/commands/task_command.py", line 483, in task_run
    task_return_code = _run_task_by_selected_method(args, _dag, ti)
  File "/home/***/.local/lib/python3.12/site-packages/***/cli/commands/task_command.py", line 256, in _run_task_by_selected_method
    return _run_raw_task(args, ti)
  File "/home/***/.local/lib/python3.12/site-packages/***/cli/commands/task_command.py", line 341, in _run_raw_task
    return ti._run_raw_task(
  File "/home/***/.local/lib/python3.12/site-packages/***/utils/session.py", line 97, in wrapper
    return func(*args, session=session, **kwargs)
  File "/home/***/.local/lib/python3.12/site-packages/***/models/taskinstance.py", line 3006, in _run_raw_task
    return _run_raw_task(
  File "/home/***/.local/lib/python3.12/site-packages/***/models/taskinstance.py", line 274, in _run_raw_task
    TaskInstance._execute_task_with_callbacks(
  File "/home/***/.local/lib/python3.12/site-packages/***/models/taskinstance.py", line 3161, in _execute_task_with_callbacks
    result = self._execute_task(context, task_orig)
  File "/home/***/.local/lib/python3.12/site-packages/***/models/taskinstance.py", line 3185, in _execute_task
    return _execute_task(self, context, task_orig)
  File "/home/***/.local/lib/python3.12/site-packages/***/models/taskinstance.py", line 768, in _execute_task
    result = _execute_callable(context=context, **execute_callable_kwargs)
  File "/home/***/.local/lib/python3.12/site-packages/***/models/taskinstance.py", line 734, in _execute_callable
    return ExecutionCallableRunner(
  File "/home/***/.local/lib/python3.12/site-packages/***/utils/operator_helpers.py", line 252, in run
    return self.func(*args, **kwargs)
  File "/home/***/.local/lib/python3.12/site-packages/***/models/baseoperator.py", line 424, in wrapper
    return func(self, *args, **kwargs)
  File "/home/***/.local/lib/python3.12/site-packages/***/operators/python.py", line 238, in execute
    return_value = self.execute_callable()
  File "/home/***/.local/lib/python3.12/site-packages/***/operators/python.py", line 256, in execute_callable
    return runner.run(*self.op_args, **self.op_kwargs)
  File "/home/***/.local/lib/python3.12/site-packages/***/utils/operator_helpers.py", line 252, in run
    return self.func(*args, **kwargs)
  File "/opt/***/dags/another_another_test.py", line 290, in main
    scraper.scrape(url, department, sub_department)
  File "/opt/***/dags/another_another_test.py", line 237, in scrape
    self.driver.get(url)
  File "/home/***/.local/lib/python3.12/site-packages/selenium/webdriver/remote/webdriver.py", line 454, in get
    self.execute(Command.GET, {"url": url})
  File "/home/***/.local/lib/python3.12/site-packages/selenium/webdriver/remote/webdriver.py", line 427, in execute
    response = self.command_executor.execute(driver_command, params)
  File "/home/***/.local/lib/python3.12/site-packages/selenium/webdriver/remote/remote_connection.py", line 404, in execute
    return self._request(command_info[0], url, body=data)
  File "/home/***/.local/lib/python3.12/site-packages/selenium/webdriver/remote/remote_connection.py", line 428, in _request
    response = self._conn.request(method, url, body=body, headers=headers, timeout=self._client_config.timeout)
  File "/home/***/.local/lib/python3.12/site-packages/urllib3/_request_methods.py", line 143, in request
    return self.request_encode_body(
  File "/home/***/.local/lib/python3.12/site-packages/urllib3/_request_methods.py", line 278, in request_encode_body
    return self.urlopen(method, url, **extra_kw)
  File "/home/***/.local/lib/python3.12/site-packages/urllib3/poolmanager.py", line 443, in urlopen
    response = conn.urlopen(method, u.request_uri, **kw)
  File "/home/***/.local/lib/python3.12/site-packages/urllib3/connectionpool.py", line 787, in urlopen
    response = self._make_request(
  File "/home/***/.local/lib/python3.12/site-packages/urllib3/connectionpool.py", line 534, in _make_request
    response = conn.getresponse()
  File "/home/***/.local/lib/python3.12/site-packages/urllib3/connection.py", line 516, in getresponse
    httplib_response = super().getresponse()
  File "/usr/local/lib/python3.12/http/client.py", line 1430, in getresponse
    response.begin()
  File "/usr/local/lib/python3.12/http/client.py", line 331, in begin
    version, status, reason = self._read_status()
  File "/usr/local/lib/python3.12/http/client.py", line 292, in _read_status
    line = str(self.fp.readline(_MAXLINE + 1), "iso-8859-1")
  File "/usr/local/lib/python3.12/socket.py", line 720, in readinto
    return self._sock.recv_into(b)
  File "/home/***/.local/lib/python3.12/site-packages/***/models/taskinstance.py", line 3095, in signal_handler
    self.log.error("Stacktrace: \n%s", "".join(traceback.format_stack()))

[2025-04-08T03:27:04.057+0000] {connectionpool.py:868} WARNING - Retrying (Retry(total=2, connect=None, read=None, redirect=None, status=None)) after connection broken by 'NewConnectionError('<urllib3.connection.HTTPConnection object at 0x7fb1e8ce1970>: Failed to establish a new connection: [Errno 111] Connection refused')': /session/50a9c2f2db27088292d9615e7fcb05bb
[2025-04-08T03:27:04.060+0000] {connectionpool.py:868} WARNING - Retrying (Retry(total=1, connect=None, read=None, redirect=None, status=None)) after connection broken by 'NewConnectionError('<urllib3.connection.HTTPConnection object at 0x7fb1eab78aa0>: Failed to establish a new connection: [Errno 111] Connection refused')': /session/50a9c2f2db27088292d9615e7fcb05bb
[2025-04-08T03:27:04.062+0000] {connectionpool.py:868} WARNING - Retrying (Retry(total=0, connect=None, read=None, redirect=None, status=None)) after connection broken by 'NewConnectionError('<urllib3.connection.HTTPConnection object at 0x7fb1e93783e0>: Failed to establish a new connection: [Errno 111] Connection refused')': /session/50a9c2f2db27088292d9615e7fcb05bb
[2025-04-08T03:27:04.087+0000] {process_utils.py:80} INFO - Process psutil.Process(pid=2509, status='terminated', started='03:23:57') (2509) terminated with exit code None
[2025-04-08T03:27:04.090+0000] {process_utils.py:80} INFO - Process psutil.Process(pid=2532, status='terminated', started='03:23:57') (2532) terminated with exit code None
[2025-04-08T03:27:04.093+0000] {process_utils.py:80} INFO - Process psutil.Process(pid=2495, status='terminated', started='03:23:57') (2495) terminated with exit code None
[2025-04-08T03:27:04.095+0000] {process_utils.py:80} INFO - Process psutil.Process(pid=2829, status='terminated', started='03:24:57') (2829) terminated with exit code None
[2025-04-08T03:27:04.176+0000] {taskinstance.py:341} INFO - ::group::Post task execution logs
[2025-04-08T03:27:04.191+0000] {process_utils.py:80} INFO - Process psutil.Process(pid=2838, status='terminated', started='03:24:59') (2838) terminated with exit code None
[2025-04-08T03:27:04.197+0000] {process_utils.py:80} INFO - Process psutil.Process(pid=2531, status='terminated', started='03:23:57') (2531) terminated with exit code None
[2025-04-08T03:27:04.199+0000] {process_utils.py:80} INFO - Process psutil.Process(pid=2510, status='terminated', started='03:23:57') (2510) terminated with exit code None
[2025-04-08T03:27:04.200+0000] {process_utils.py:80} INFO - Process psutil.Process(pid=2589, status='terminated', started='03:23:57') (2589) terminated with exit code None
[2025-04-08T03:27:04.201+0000] {process_utils.py:80} INFO - Process psutil.Process(pid=2501, status='terminated', started='03:23:57') (2501) terminated with exit code None
[2025-04-08T03:27:04.230+0000] {process_utils.py:80} INFO - Process psutil.Process(pid=2025, status='terminated', exitcode=0, started='03:23:39') (2025) terminated with exit code 0
