[2025-04-08T04:04:16.567+0000] {local_task_job_runner.py:123} INFO - ::group::Pre task execution logs
[2025-04-08T04:04:16.718+0000] {taskinstance.py:2614} INFO - Dependencies all met for dep_context=non-requeueable deps ti=<TaskInstance: scrape_amazon_dag.process_Motorcycle___Powersports_5 manual__2025-04-08T04:02:31.163432+00:00 [queued]>
[2025-04-08T04:04:16.736+0000] {taskinstance.py:2614} INFO - Dependencies all met for dep_context=requeueable deps ti=<TaskInstance: scrape_amazon_dag.process_Motorcycle___Powersports_5 manual__2025-04-08T04:02:31.163432+00:00 [queued]>
[2025-04-08T04:04:16.737+0000] {taskinstance.py:2867} INFO - Starting attempt 1 of 2
[2025-04-08T04:04:16.883+0000] {taskinstance.py:2890} INFO - Executing <Task(PythonOperator): process_Motorcycle___Powersports_5> on 2025-04-08 04:02:31.163432+00:00
[2025-04-08T04:04:16.955+0000] {warnings.py:112} WARNING - /home/***/.local/lib/python3.12/site-packages/***/task/task_runner/standard_task_runner.py:70: DeprecationWarning: This process (pid=5740) is multi-threaded, use of fork() may lead to deadlocks in the child.
  pid = os.fork()

[2025-04-08T04:04:16.965+0000] {standard_task_runner.py:72} INFO - Started process 7974 to run task
[2025-04-08T04:04:16.961+0000] {standard_task_runner.py:104} INFO - Running: ['***', 'tasks', 'run', 'scrape_amazon_dag', 'process_Motorcycle___Powersports_5', 'manual__2025-04-08T04:02:31.163432+00:00', '--job-id', '167', '--raw', '--subdir', 'DAGS_FOLDER/test_crawl_list_product.py', '--cfg-path', '/tmp/tmpgxseqyx_']
[2025-04-08T04:04:16.968+0000] {standard_task_runner.py:105} INFO - Job 167: Subtask process_Motorcycle___Powersports_5
[2025-04-08T04:04:17.232+0000] {task_command.py:467} INFO - Running <TaskInstance: scrape_amazon_dag.process_Motorcycle___Powersports_5 manual__2025-04-08T04:02:31.163432+00:00 [running]> on host 13b4251b7529
[2025-04-08T04:04:17.781+0000] {taskinstance.py:3134} INFO - Exporting env vars: AIRFLOW_CTX_DAG_OWNER='***' AIRFLOW_CTX_DAG_ID='scrape_amazon_dag' AIRFLOW_CTX_TASK_ID='process_Motorcycle___Powersports_5' AIRFLOW_CTX_EXECUTION_DATE='2025-04-08T04:02:31.163432+00:00' AIRFLOW_CTX_TRY_NUMBER='1' AIRFLOW_CTX_DAG_RUN_ID='manual__2025-04-08T04:02:31.163432+00:00'
[2025-04-08T04:04:17.783+0000] {logging_mixin.py:190} INFO - Task instance is in running state
[2025-04-08T04:04:17.785+0000] {logging_mixin.py:190} INFO -  Previous state of the Task instance: queued
[2025-04-08T04:04:17.786+0000] {logging_mixin.py:190} INFO - Current task name:process_Motorcycle___Powersports_5 state:running start_date:2025-04-08 04:04:16.719174+00:00
[2025-04-08T04:04:17.787+0000] {logging_mixin.py:190} INFO - Dag name:scrape_amazon_dag and current dag run status:running
[2025-04-08T04:04:17.788+0000] {taskinstance.py:732} INFO - ::endgroup::
[2025-04-08T04:04:17.789+0000] {test_crawl_list_product.py:228} INFO - Processing: Automotive/Motorcycle & Powersports - https://www.amazon.com/s?bbn=2562090011&rh=i%3Aspecialty-aps%2Cn%3A2562090011%2Cn%3A%2115690151%2Cn%3A346333011&s=date-desc-rank&ref_=nav_em__nav_desktop_sa_intl_motorcycle_powersports_0_2_10_7
[2025-04-08T04:04:18.052+0000] {test_crawl_list_product.py:46} INFO - Using user-agent: Mozilla/5.0 (iPhone; CPU iPhone OS 18_3_1 like Mac OS X) AppleWebKit/605.1.15 (KHTML, like Gecko) Mobile/22D72 Twitter for iPhone/10.83
[2025-04-08T04:04:18.056+0000] {logger.py:11} INFO - ====== WebDriver manager ======
[2025-04-08T04:04:18.510+0000] {logger.py:11} INFO - Get LATEST chromedriver version for google-chrome
[2025-04-08T04:04:19.343+0000] {logger.py:11} INFO - Get LATEST chromedriver version for google-chrome
[2025-04-08T04:04:19.682+0000] {logger.py:11} INFO - Driver [/home/***/.wdm/drivers/chromedriver/linux64/135.0.7049.42/chromedriver-linux64/chromedriver] found in cache
[2025-04-08T04:04:31.321+0000] {test_crawl_list_product.py:72} WARNING - Could not detect layout, using default (tiles)
[2025-04-08T04:04:31.379+0000] {test_crawl_list_product.py:192} INFO - Saved/Updated 0 products to /opt/***/csv/src_output/pt1_20250408/part1_data_Automotive_Motorcycle & Powersports_20250408.csv
[2025-04-08T04:04:31.380+0000] {test_crawl_list_product.py:209} INFO - Page 1 for Automotive/Motorcycle & Powersports : Crawled 0 items in 6.20 seconds
[2025-04-08T04:04:31.412+0000] {test_crawl_list_product.py:213} INFO - Reached the last page (Page 1) for Automotive/Motorcycle & Powersports
[2025-04-08T04:04:31.578+0000] {python.py:240} INFO - Done. Returned value was: None
[2025-04-08T04:04:31.608+0000] {taskinstance.py:341} INFO - ::group::Post task execution logs
[2025-04-08T04:04:31.610+0000] {taskinstance.py:353} INFO - Marking task as SUCCESS. dag_id=scrape_amazon_dag, task_id=process_Motorcycle___Powersports_5, run_id=manual__2025-04-08T04:02:31.163432+00:00, execution_date=20250408T040231, start_date=20250408T040416, end_date=20250408T040431
[2025-04-08T04:04:32.526+0000] {logging_mixin.py:190} INFO - Task instance in success state
[2025-04-08T04:04:32.526+0000] {logging_mixin.py:190} INFO -  Previous state of the Task instance: running
[2025-04-08T04:04:32.527+0000] {logging_mixin.py:190} INFO - Dag name:scrape_amazon_dag queued_at:2025-04-08 04:02:31.265789+00:00
[2025-04-08T04:04:32.528+0000] {logging_mixin.py:190} INFO - Task hostname:13b4251b7529 operator:PythonOperator
[2025-04-08T04:04:32.593+0000] {local_task_job_runner.py:266} INFO - Task exited with return code 0
[2025-04-08T04:04:32.650+0000] {taskinstance.py:3901} INFO - 0 downstream tasks scheduled from follow-on schedule check
[2025-04-08T04:04:32.659+0000] {local_task_job_runner.py:245} INFO - ::endgroup::
