[2025-04-07T17:08:50.402+0000] {local_task_job_runner.py:123} INFO - ::group::Pre task execution logs
[2025-04-07T17:08:50.449+0000] {taskinstance.py:2614} INFO - Dependencies all met for dep_context=non-requeueable deps ti=<TaskInstance: scrape_amazon_dag.process_Replacement_Parts_9 manual__2025-04-07T17:08:36.747176+00:00 [queued]>
[2025-04-07T17:08:50.468+0000] {taskinstance.py:2614} INFO - Dependencies all met for dep_context=requeueable deps ti=<TaskInstance: scrape_amazon_dag.process_Replacement_Parts_9 manual__2025-04-07T17:08:36.747176+00:00 [queued]>
[2025-04-07T17:08:50.470+0000] {taskinstance.py:2867} INFO - Starting attempt 1 of 2
[2025-04-07T17:08:50.601+0000] {taskinstance.py:2890} INFO - Executing <Task(PythonOperator): process_Replacement_Parts_9> on 2025-04-07 17:08:36.747176+00:00
[2025-04-07T17:08:50.625+0000] {warnings.py:112} WARNING - /home/***/.local/lib/python3.12/site-packages/***/task/task_runner/standard_task_runner.py:70: DeprecationWarning: This process (pid=5051) is multi-threaded, use of fork() may lead to deadlocks in the child.
  pid = os.fork()

[2025-04-07T17:08:50.628+0000] {standard_task_runner.py:72} INFO - Started process 5372 to run task
[2025-04-07T17:08:50.639+0000] {standard_task_runner.py:104} INFO - Running: ['***', 'tasks', 'run', 'scrape_amazon_dag', 'process_Replacement_Parts_9', 'manual__2025-04-07T17:08:36.747176+00:00', '--job-id', '90', '--raw', '--subdir', 'DAGS_FOLDER/test_crawl_list_product.py', '--cfg-path', '/tmp/tmpfsvljpo2']
[2025-04-07T17:08:50.650+0000] {standard_task_runner.py:105} INFO - Job 90: Subtask process_Replacement_Parts_9
[2025-04-07T17:08:50.836+0000] {task_command.py:467} INFO - Running <TaskInstance: scrape_amazon_dag.process_Replacement_Parts_9 manual__2025-04-07T17:08:36.747176+00:00 [running]> on host 13b4251b7529
[2025-04-07T17:08:51.118+0000] {taskinstance.py:3134} INFO - Exporting env vars: AIRFLOW_CTX_DAG_OWNER='***' AIRFLOW_CTX_DAG_ID='scrape_amazon_dag' AIRFLOW_CTX_TASK_ID='process_Replacement_Parts_9' AIRFLOW_CTX_EXECUTION_DATE='2025-04-07T17:08:36.747176+00:00' AIRFLOW_CTX_TRY_NUMBER='1' AIRFLOW_CTX_DAG_RUN_ID='manual__2025-04-07T17:08:36.747176+00:00'
[2025-04-07T17:08:51.121+0000] {logging_mixin.py:190} INFO - Task instance is in running state
[2025-04-07T17:08:51.123+0000] {logging_mixin.py:190} INFO -  Previous state of the Task instance: queued
[2025-04-07T17:08:51.124+0000] {logging_mixin.py:190} INFO - Current task name:process_Replacement_Parts_9 state:running start_date:2025-04-07 17:08:50.450962+00:00
[2025-04-07T17:08:51.126+0000] {logging_mixin.py:190} INFO - Dag name:scrape_amazon_dag and current dag run status:running
[2025-04-07T17:08:51.127+0000] {taskinstance.py:732} INFO - ::endgroup::
[2025-04-07T17:08:51.131+0000] {test_crawl_list_product.py:227} INFO - Processing: Automotive/Replacement Parts - https://www.amazon.com/s?bbn=2562090011&rh=i%3Aspecialty-aps%2Cn%3A2562090011%2Cn%3A%2115690151%2Cn%3A15719731&s=date-desc-rank&ref_=nav_em__nav_desktop_sa_intl_replacement_parts_0_2_10_11
[2025-04-07T17:08:51.261+0000] {logger.py:11} INFO - ====== WebDriver manager ======
[2025-04-07T17:08:51.552+0000] {logger.py:11} INFO - Get LATEST chromedriver version for google-chrome
[2025-04-07T17:08:51.787+0000] {logger.py:11} INFO - Get LATEST chromedriver version for google-chrome
[2025-04-07T17:08:52.056+0000] {logger.py:11} INFO - Driver [/home/***/.wdm/drivers/chromedriver/linux64/135.0.7049.42/chromedriver-linux64/chromedriver] found in cache
[2025-04-07T17:09:08.172+0000] {test_crawl_list_product.py:71} WARNING - Could not detect layout, using default (tiles)
[2025-04-07T17:09:08.293+0000] {test_crawl_list_product.py:191} INFO - Saved/Updated 0 products to /opt/***/csv/src_output/pt1_20250407/part1_data_Automotive_Replacement Parts_20250407.csv
[2025-04-07T17:09:08.303+0000] {test_crawl_list_product.py:208} INFO - Page 1 for Automotive/Replacement Parts : Crawled 0 items in 10.69 seconds
[2025-04-07T17:09:08.343+0000] {test_crawl_list_product.py:212} INFO - Reached the last page (Page 1) for Automotive/Replacement Parts
[2025-04-07T17:09:09.557+0000] {python.py:240} INFO - Done. Returned value was: None
[2025-04-07T17:09:09.590+0000] {taskinstance.py:341} INFO - ::group::Post task execution logs
[2025-04-07T17:09:09.592+0000] {taskinstance.py:353} INFO - Marking task as SUCCESS. dag_id=scrape_amazon_dag, task_id=process_Replacement_Parts_9, run_id=manual__2025-04-07T17:08:36.747176+00:00, execution_date=20250407T170836, start_date=20250407T170850, end_date=20250407T170909
[2025-04-07T17:09:10.037+0000] {logging_mixin.py:190} INFO - Task instance in success state
[2025-04-07T17:09:10.045+0000] {logging_mixin.py:190} INFO -  Previous state of the Task instance: running
[2025-04-07T17:09:10.046+0000] {logging_mixin.py:190} INFO - Dag name:scrape_amazon_dag queued_at:2025-04-07 17:08:36.770900+00:00
[2025-04-07T17:09:10.048+0000] {logging_mixin.py:190} INFO - Task hostname:13b4251b7529 operator:PythonOperator
[2025-04-07T17:09:10.116+0000] {local_task_job_runner.py:266} INFO - Task exited with return code 0
[2025-04-07T17:09:10.138+0000] {local_task_job_runner.py:245} INFO - ::endgroup::
