[2025-04-07T17:06:42.718+0000] {local_task_job_runner.py:123} INFO - ::group::Pre task execution logs
[2025-04-07T17:06:42.796+0000] {taskinstance.py:2614} INFO - Dependencies all met for dep_context=non-requeueable deps ti=<TaskInstance: scrape_amazon_dag.process_Lights___Lighting_Accessories_4 manual__2025-04-07T17:01:09.892232+00:00 [queued]>
[2025-04-07T17:06:42.844+0000] {taskinstance.py:2614} INFO - Dependencies all met for dep_context=requeueable deps ti=<TaskInstance: scrape_amazon_dag.process_Lights___Lighting_Accessories_4 manual__2025-04-07T17:01:09.892232+00:00 [queued]>
[2025-04-07T17:06:42.845+0000] {taskinstance.py:2867} INFO - Starting attempt 1 of 2
[2025-04-07T17:06:42.926+0000] {taskinstance.py:2890} INFO - Executing <Task(PythonOperator): process_Lights___Lighting_Accessories_4> on 2025-04-07 17:01:09.892232+00:00
[2025-04-07T17:06:42.953+0000] {warnings.py:112} WARNING - /home/***/.local/lib/python3.12/site-packages/***/task/task_runner/standard_task_runner.py:70: DeprecationWarning: This process (pid=1067) is multi-threaded, use of fork() may lead to deadlocks in the child.
  pid = os.fork()

[2025-04-07T17:06:42.958+0000] {standard_task_runner.py:72} INFO - Started process 3826 to run task
[2025-04-07T17:06:42.963+0000] {standard_task_runner.py:104} INFO - Running: ['***', 'tasks', 'run', 'scrape_amazon_dag', 'process_Lights___Lighting_Accessories_4', 'manual__2025-04-07T17:01:09.892232+00:00', '--job-id', '87', '--raw', '--subdir', 'DAGS_FOLDER/test_crawl_list_product.py', '--cfg-path', '/tmp/tmp_b_j97qz']
[2025-04-07T17:06:42.966+0000] {standard_task_runner.py:105} INFO - Job 87: Subtask process_Lights___Lighting_Accessories_4
[2025-04-07T17:06:43.170+0000] {task_command.py:467} INFO - Running <TaskInstance: scrape_amazon_dag.process_Lights___Lighting_Accessories_4 manual__2025-04-07T17:01:09.892232+00:00 [running]> on host 13b4251b7529
[2025-04-07T17:06:43.578+0000] {taskinstance.py:3134} INFO - Exporting env vars: AIRFLOW_CTX_DAG_OWNER='***' AIRFLOW_CTX_DAG_ID='scrape_amazon_dag' AIRFLOW_CTX_TASK_ID='process_Lights___Lighting_Accessories_4' AIRFLOW_CTX_EXECUTION_DATE='2025-04-07T17:01:09.892232+00:00' AIRFLOW_CTX_TRY_NUMBER='1' AIRFLOW_CTX_DAG_RUN_ID='manual__2025-04-07T17:01:09.892232+00:00'
[2025-04-07T17:06:43.583+0000] {logging_mixin.py:190} INFO - Task instance is in running state
[2025-04-07T17:06:43.584+0000] {logging_mixin.py:190} INFO -  Previous state of the Task instance: queued
[2025-04-07T17:06:43.586+0000] {logging_mixin.py:190} INFO - Current task name:process_Lights___Lighting_Accessories_4 state:running start_date:2025-04-07 17:06:42.798049+00:00
[2025-04-07T17:06:43.587+0000] {logging_mixin.py:190} INFO - Dag name:scrape_amazon_dag and current dag run status:running
[2025-04-07T17:06:43.588+0000] {taskinstance.py:732} INFO - ::endgroup::
[2025-04-07T17:06:43.591+0000] {test_crawl_list_product.py:227} INFO - Processing: Automotive/Lights & Lighting Accessories - https://www.amazon.com/s?bbn=2562090011&rh=i%3Aspecialty-aps%2Cn%3A2562090011%2Cn%3A%2115690151%2Cn%3A15736321&s=date-desc-rank&ref_=nav_em__nav_desktop_sa_intl_lights_lighting_accessories_0_2_10_6
[2025-04-07T17:06:43.748+0000] {logger.py:11} INFO - ====== WebDriver manager ======
[2025-04-07T17:06:43.947+0000] {logger.py:11} INFO - Get LATEST chromedriver version for google-chrome
[2025-04-07T17:06:44.151+0000] {logger.py:11} INFO - Get LATEST chromedriver version for google-chrome
[2025-04-07T17:06:44.315+0000] {logger.py:11} INFO - Driver [/home/***/.wdm/drivers/chromedriver/linux64/135.0.7049.42/chromedriver-linux64/chromedriver] found in cache
[2025-04-07T17:06:48.632+0000] {test_crawl_list_product.py:71} WARNING - Could not detect layout, using default (tiles)
[2025-04-07T17:06:48.692+0000] {test_crawl_list_product.py:191} INFO - Saved/Updated 0 products to /opt/***/csv/src_output/pt1_20250407/part1_data_Automotive_Lights & Lighting Accessories_20250407.csv
[2025-04-07T17:06:48.693+0000] {test_crawl_list_product.py:208} INFO - Page 1 for Automotive/Lights & Lighting Accessories : Crawled 0 items in 3.73 seconds
[2025-04-07T17:06:48.711+0000] {test_crawl_list_product.py:212} INFO - Reached the last page (Page 1) for Automotive/Lights & Lighting Accessories
[2025-04-07T17:06:49.221+0000] {python.py:240} INFO - Done. Returned value was: None
[2025-04-07T17:06:49.233+0000] {taskinstance.py:341} INFO - ::group::Post task execution logs
[2025-04-07T17:06:49.234+0000] {taskinstance.py:353} INFO - Marking task as SUCCESS. dag_id=scrape_amazon_dag, task_id=process_Lights___Lighting_Accessories_4, run_id=manual__2025-04-07T17:01:09.892232+00:00, execution_date=20250407T170109, start_date=20250407T170642, end_date=20250407T170649
[2025-04-07T17:06:51.355+0000] {logging_mixin.py:190} INFO - Task instance in success state
[2025-04-07T17:06:51.356+0000] {logging_mixin.py:190} INFO -  Previous state of the Task instance: running
[2025-04-07T17:06:51.361+0000] {logging_mixin.py:190} INFO - Dag name:scrape_amazon_dag queued_at:2025-04-07 17:01:09.926255+00:00
[2025-04-07T17:06:51.362+0000] {logging_mixin.py:190} INFO - Task hostname:13b4251b7529 operator:PythonOperator
[2025-04-07T17:06:51.402+0000] {local_task_job_runner.py:266} INFO - Task exited with return code 0
[2025-04-07T17:06:51.440+0000] {taskinstance.py:3901} INFO - 0 downstream tasks scheduled from follow-on schedule check
[2025-04-07T17:06:51.961+0000] {local_task_job_runner.py:245} INFO - ::endgroup::
