[2025-03-23T08:07:21.384+0000] {processor.py:186} INFO - Started process (PID=133) to work on /home/airflow/.local/lib/python3.12/site-packages/airflow/example_dags/example_task_group_decorator.py
[2025-03-23T08:07:21.386+0000] {processor.py:914} INFO - Processing file /home/airflow/.local/lib/python3.12/site-packages/airflow/example_dags/example_task_group_decorator.py for tasks to queue
[2025-03-23T08:07:21.389+0000] {logging_mixin.py:190} INFO - [2025-03-23T08:07:21.389+0000] {dagbag.py:588} INFO - Filling up the DagBag from /home/airflow/.local/lib/python3.12/site-packages/airflow/example_dags/example_task_group_decorator.py
[2025-03-23T08:07:21.419+0000] {processor.py:925} INFO - DAG(s) 'example_task_group_decorator' retrieved from /home/airflow/.local/lib/python3.12/site-packages/airflow/example_dags/example_task_group_decorator.py
[2025-03-23T08:07:21.767+0000] {logging_mixin.py:190} INFO - [2025-03-23T08:07:21.765+0000] {override.py:1911} INFO - Created Permission View: can edit on DAG:example_task_group_decorator
[2025-03-23T08:07:21.910+0000] {logging_mixin.py:190} INFO - [2025-03-23T08:07:21.910+0000] {override.py:1911} INFO - Created Permission View: can delete on DAG:example_task_group_decorator
[2025-03-23T08:07:22.000+0000] {logging_mixin.py:190} INFO - [2025-03-23T08:07:21.999+0000] {override.py:1911} INFO - Created Permission View: can read on DAG:example_task_group_decorator
[2025-03-23T08:07:22.222+0000] {logging_mixin.py:190} INFO - [2025-03-23T08:07:22.221+0000] {override.py:1911} INFO - Created Permission View: menu access on DAG Run:example_task_group_decorator
[2025-03-23T08:07:22.388+0000] {logging_mixin.py:190} INFO - [2025-03-23T08:07:22.388+0000] {override.py:1911} INFO - Created Permission View: can create on DAG Run:example_task_group_decorator
[2025-03-23T08:07:22.455+0000] {logging_mixin.py:190} INFO - [2025-03-23T08:07:22.455+0000] {override.py:1911} INFO - Created Permission View: can read on DAG Run:example_task_group_decorator
[2025-03-23T08:07:22.612+0000] {logging_mixin.py:190} INFO - [2025-03-23T08:07:22.611+0000] {override.py:1911} INFO - Created Permission View: can delete on DAG Run:example_task_group_decorator
[2025-03-23T08:07:22.615+0000] {logging_mixin.py:190} INFO - [2025-03-23T08:07:22.614+0000] {dag.py:3239} INFO - Sync 1 DAGs
[2025-03-23T08:07:22.647+0000] {logging_mixin.py:190} INFO - [2025-03-23T08:07:22.647+0000] {dag.py:3262} INFO - Creating ORM DAG for example_task_group_decorator
[2025-03-23T08:07:22.649+0000] {logging_mixin.py:190} INFO - [2025-03-23T08:07:22.649+0000] {dag.py:4180} INFO - Setting next_dagrun for example_task_group_decorator to None, run_after=None
[2025-03-23T08:07:22.796+0000] {processor.py:208} INFO - Processing /home/airflow/.local/lib/python3.12/site-packages/airflow/example_dags/example_task_group_decorator.py took 1.423 seconds
[2025-03-23T08:07:53.039+0000] {processor.py:186} INFO - Started process (PID=197) to work on /home/airflow/.local/lib/python3.12/site-packages/airflow/example_dags/example_task_group_decorator.py
[2025-03-23T08:07:53.042+0000] {processor.py:914} INFO - Processing file /home/airflow/.local/lib/python3.12/site-packages/airflow/example_dags/example_task_group_decorator.py for tasks to queue
[2025-03-23T08:07:53.047+0000] {logging_mixin.py:190} INFO - [2025-03-23T08:07:53.047+0000] {dagbag.py:588} INFO - Filling up the DagBag from /home/airflow/.local/lib/python3.12/site-packages/airflow/example_dags/example_task_group_decorator.py
[2025-03-23T08:07:53.122+0000] {processor.py:925} INFO - DAG(s) 'example_task_group_decorator' retrieved from /home/airflow/.local/lib/python3.12/site-packages/airflow/example_dags/example_task_group_decorator.py
[2025-03-23T08:07:53.177+0000] {logging_mixin.py:190} INFO - [2025-03-23T08:07:53.177+0000] {dag.py:3239} INFO - Sync 1 DAGs
[2025-03-23T08:07:53.238+0000] {logging_mixin.py:190} INFO - [2025-03-23T08:07:53.237+0000] {dag.py:4180} INFO - Setting next_dagrun for example_task_group_decorator to None, run_after=None
[2025-03-23T08:07:53.431+0000] {processor.py:208} INFO - Processing /home/airflow/.local/lib/python3.12/site-packages/airflow/example_dags/example_task_group_decorator.py took 0.413 seconds
[2025-03-23T08:08:23.794+0000] {processor.py:186} INFO - Started process (PID=268) to work on /home/airflow/.local/lib/python3.12/site-packages/airflow/example_dags/example_task_group_decorator.py
[2025-03-23T08:08:23.796+0000] {processor.py:914} INFO - Processing file /home/airflow/.local/lib/python3.12/site-packages/airflow/example_dags/example_task_group_decorator.py for tasks to queue
[2025-03-23T08:08:23.799+0000] {logging_mixin.py:190} INFO - [2025-03-23T08:08:23.799+0000] {dagbag.py:588} INFO - Filling up the DagBag from /home/airflow/.local/lib/python3.12/site-packages/airflow/example_dags/example_task_group_decorator.py
[2025-03-23T08:08:23.825+0000] {processor.py:925} INFO - DAG(s) 'example_task_group_decorator' retrieved from /home/airflow/.local/lib/python3.12/site-packages/airflow/example_dags/example_task_group_decorator.py
[2025-03-23T08:08:23.876+0000] {logging_mixin.py:190} INFO - [2025-03-23T08:08:23.875+0000] {dag.py:3239} INFO - Sync 1 DAGs
[2025-03-23T08:08:23.902+0000] {logging_mixin.py:190} INFO - [2025-03-23T08:08:23.901+0000] {dag.py:4180} INFO - Setting next_dagrun for example_task_group_decorator to None, run_after=None
[2025-03-23T08:08:24.004+0000] {processor.py:208} INFO - Processing /home/airflow/.local/lib/python3.12/site-packages/airflow/example_dags/example_task_group_decorator.py took 0.221 seconds
[2025-03-23T08:08:55.219+0000] {processor.py:186} INFO - Started process (PID=331) to work on /home/airflow/.local/lib/python3.12/site-packages/airflow/example_dags/example_task_group_decorator.py
[2025-03-23T08:08:55.222+0000] {processor.py:914} INFO - Processing file /home/airflow/.local/lib/python3.12/site-packages/airflow/example_dags/example_task_group_decorator.py for tasks to queue
[2025-03-23T08:08:55.228+0000] {logging_mixin.py:190} INFO - [2025-03-23T08:08:55.227+0000] {dagbag.py:588} INFO - Filling up the DagBag from /home/airflow/.local/lib/python3.12/site-packages/airflow/example_dags/example_task_group_decorator.py
[2025-03-23T08:08:55.267+0000] {processor.py:925} INFO - DAG(s) 'example_task_group_decorator' retrieved from /home/airflow/.local/lib/python3.12/site-packages/airflow/example_dags/example_task_group_decorator.py
[2025-03-23T08:08:55.344+0000] {logging_mixin.py:190} INFO - [2025-03-23T08:08:55.343+0000] {dag.py:3239} INFO - Sync 1 DAGs
[2025-03-23T08:08:55.438+0000] {logging_mixin.py:190} INFO - [2025-03-23T08:08:55.438+0000] {dag.py:4180} INFO - Setting next_dagrun for example_task_group_decorator to None, run_after=None
[2025-03-23T08:08:55.521+0000] {processor.py:208} INFO - Processing /home/airflow/.local/lib/python3.12/site-packages/airflow/example_dags/example_task_group_decorator.py took 0.313 seconds
[2025-03-23T08:09:26.154+0000] {processor.py:186} INFO - Started process (PID=394) to work on /home/airflow/.local/lib/python3.12/site-packages/airflow/example_dags/example_task_group_decorator.py
[2025-03-23T08:09:26.155+0000] {processor.py:914} INFO - Processing file /home/airflow/.local/lib/python3.12/site-packages/airflow/example_dags/example_task_group_decorator.py for tasks to queue
[2025-03-23T08:09:26.158+0000] {logging_mixin.py:190} INFO - [2025-03-23T08:09:26.158+0000] {dagbag.py:588} INFO - Filling up the DagBag from /home/airflow/.local/lib/python3.12/site-packages/airflow/example_dags/example_task_group_decorator.py
[2025-03-23T08:09:26.179+0000] {processor.py:925} INFO - DAG(s) 'example_task_group_decorator' retrieved from /home/airflow/.local/lib/python3.12/site-packages/airflow/example_dags/example_task_group_decorator.py
[2025-03-23T08:09:26.210+0000] {logging_mixin.py:190} INFO - [2025-03-23T08:09:26.210+0000] {dag.py:3239} INFO - Sync 1 DAGs
[2025-03-23T08:09:26.229+0000] {logging_mixin.py:190} INFO - [2025-03-23T08:09:26.228+0000] {dag.py:4180} INFO - Setting next_dagrun for example_task_group_decorator to None, run_after=None
[2025-03-23T08:09:26.503+0000] {processor.py:208} INFO - Processing /home/airflow/.local/lib/python3.12/site-packages/airflow/example_dags/example_task_group_decorator.py took 0.357 seconds
[2025-03-23T08:09:57.166+0000] {processor.py:186} INFO - Started process (PID=458) to work on /home/airflow/.local/lib/python3.12/site-packages/airflow/example_dags/example_task_group_decorator.py
[2025-03-23T08:09:57.167+0000] {processor.py:914} INFO - Processing file /home/airflow/.local/lib/python3.12/site-packages/airflow/example_dags/example_task_group_decorator.py for tasks to queue
[2025-03-23T08:09:57.172+0000] {logging_mixin.py:190} INFO - [2025-03-23T08:09:57.172+0000] {dagbag.py:588} INFO - Filling up the DagBag from /home/airflow/.local/lib/python3.12/site-packages/airflow/example_dags/example_task_group_decorator.py
[2025-03-23T08:09:57.212+0000] {processor.py:925} INFO - DAG(s) 'example_task_group_decorator' retrieved from /home/airflow/.local/lib/python3.12/site-packages/airflow/example_dags/example_task_group_decorator.py
[2025-03-23T08:09:57.243+0000] {logging_mixin.py:190} INFO - [2025-03-23T08:09:57.243+0000] {dag.py:3239} INFO - Sync 1 DAGs
[2025-03-23T08:09:57.262+0000] {logging_mixin.py:190} INFO - [2025-03-23T08:09:57.262+0000] {dag.py:4180} INFO - Setting next_dagrun for example_task_group_decorator to None, run_after=None
[2025-03-23T08:09:57.472+0000] {processor.py:208} INFO - Processing /home/airflow/.local/lib/python3.12/site-packages/airflow/example_dags/example_task_group_decorator.py took 0.325 seconds
[2025-03-23T08:10:28.095+0000] {processor.py:186} INFO - Started process (PID=522) to work on /home/airflow/.local/lib/python3.12/site-packages/airflow/example_dags/example_task_group_decorator.py
[2025-03-23T08:10:28.097+0000] {processor.py:914} INFO - Processing file /home/airflow/.local/lib/python3.12/site-packages/airflow/example_dags/example_task_group_decorator.py for tasks to queue
[2025-03-23T08:10:28.101+0000] {logging_mixin.py:190} INFO - [2025-03-23T08:10:28.100+0000] {dagbag.py:588} INFO - Filling up the DagBag from /home/airflow/.local/lib/python3.12/site-packages/airflow/example_dags/example_task_group_decorator.py
[2025-03-23T08:10:28.124+0000] {processor.py:925} INFO - DAG(s) 'example_task_group_decorator' retrieved from /home/airflow/.local/lib/python3.12/site-packages/airflow/example_dags/example_task_group_decorator.py
[2025-03-23T08:10:28.162+0000] {logging_mixin.py:190} INFO - [2025-03-23T08:10:28.162+0000] {dag.py:3239} INFO - Sync 1 DAGs
[2025-03-23T08:10:28.187+0000] {logging_mixin.py:190} INFO - [2025-03-23T08:10:28.187+0000] {dag.py:4180} INFO - Setting next_dagrun for example_task_group_decorator to None, run_after=None
[2025-03-23T08:10:28.247+0000] {processor.py:208} INFO - Processing /home/airflow/.local/lib/python3.12/site-packages/airflow/example_dags/example_task_group_decorator.py took 0.159 seconds
[2025-03-23T08:10:58.943+0000] {processor.py:186} INFO - Started process (PID=585) to work on /home/airflow/.local/lib/python3.12/site-packages/airflow/example_dags/example_task_group_decorator.py
[2025-03-23T08:10:58.981+0000] {processor.py:914} INFO - Processing file /home/airflow/.local/lib/python3.12/site-packages/airflow/example_dags/example_task_group_decorator.py for tasks to queue
[2025-03-23T08:10:58.985+0000] {logging_mixin.py:190} INFO - [2025-03-23T08:10:58.985+0000] {dagbag.py:588} INFO - Filling up the DagBag from /home/airflow/.local/lib/python3.12/site-packages/airflow/example_dags/example_task_group_decorator.py
[2025-03-23T08:10:59.017+0000] {processor.py:925} INFO - DAG(s) 'example_task_group_decorator' retrieved from /home/airflow/.local/lib/python3.12/site-packages/airflow/example_dags/example_task_group_decorator.py
[2025-03-23T08:10:59.066+0000] {logging_mixin.py:190} INFO - [2025-03-23T08:10:59.066+0000] {dag.py:3239} INFO - Sync 1 DAGs
[2025-03-23T08:10:59.097+0000] {logging_mixin.py:190} INFO - [2025-03-23T08:10:59.097+0000] {dag.py:4180} INFO - Setting next_dagrun for example_task_group_decorator to None, run_after=None
[2025-03-23T08:10:59.151+0000] {processor.py:208} INFO - Processing /home/airflow/.local/lib/python3.12/site-packages/airflow/example_dags/example_task_group_decorator.py took 0.222 seconds
[2025-03-23T08:11:30.607+0000] {processor.py:186} INFO - Started process (PID=649) to work on /home/airflow/.local/lib/python3.12/site-packages/airflow/example_dags/example_task_group_decorator.py
[2025-03-23T08:11:30.609+0000] {processor.py:914} INFO - Processing file /home/airflow/.local/lib/python3.12/site-packages/airflow/example_dags/example_task_group_decorator.py for tasks to queue
[2025-03-23T08:11:30.613+0000] {logging_mixin.py:190} INFO - [2025-03-23T08:11:30.612+0000] {dagbag.py:588} INFO - Filling up the DagBag from /home/airflow/.local/lib/python3.12/site-packages/airflow/example_dags/example_task_group_decorator.py
[2025-03-23T08:11:30.646+0000] {processor.py:925} INFO - DAG(s) 'example_task_group_decorator' retrieved from /home/airflow/.local/lib/python3.12/site-packages/airflow/example_dags/example_task_group_decorator.py
[2025-03-23T08:11:30.704+0000] {logging_mixin.py:190} INFO - [2025-03-23T08:11:30.704+0000] {dag.py:3239} INFO - Sync 1 DAGs
[2025-03-23T08:11:30.726+0000] {logging_mixin.py:190} INFO - [2025-03-23T08:11:30.726+0000] {dag.py:4180} INFO - Setting next_dagrun for example_task_group_decorator to None, run_after=None
[2025-03-23T08:11:30.856+0000] {processor.py:208} INFO - Processing /home/airflow/.local/lib/python3.12/site-packages/airflow/example_dags/example_task_group_decorator.py took 0.262 seconds
[2025-03-23T08:12:00.948+0000] {processor.py:186} INFO - Started process (PID=712) to work on /home/airflow/.local/lib/python3.12/site-packages/airflow/example_dags/example_task_group_decorator.py
[2025-03-23T08:12:00.950+0000] {processor.py:914} INFO - Processing file /home/airflow/.local/lib/python3.12/site-packages/airflow/example_dags/example_task_group_decorator.py for tasks to queue
[2025-03-23T08:12:00.953+0000] {logging_mixin.py:190} INFO - [2025-03-23T08:12:00.952+0000] {dagbag.py:588} INFO - Filling up the DagBag from /home/airflow/.local/lib/python3.12/site-packages/airflow/example_dags/example_task_group_decorator.py
[2025-03-23T08:12:00.971+0000] {processor.py:925} INFO - DAG(s) 'example_task_group_decorator' retrieved from /home/airflow/.local/lib/python3.12/site-packages/airflow/example_dags/example_task_group_decorator.py
[2025-03-23T08:12:01.009+0000] {logging_mixin.py:190} INFO - [2025-03-23T08:12:01.008+0000] {dag.py:3239} INFO - Sync 1 DAGs
[2025-03-23T08:12:01.033+0000] {logging_mixin.py:190} INFO - [2025-03-23T08:12:01.033+0000] {dag.py:4180} INFO - Setting next_dagrun for example_task_group_decorator to None, run_after=None
[2025-03-23T08:12:01.096+0000] {processor.py:208} INFO - Processing /home/airflow/.local/lib/python3.12/site-packages/airflow/example_dags/example_task_group_decorator.py took 0.155 seconds
[2025-03-23T08:12:31.274+0000] {processor.py:186} INFO - Started process (PID=775) to work on /home/airflow/.local/lib/python3.12/site-packages/airflow/example_dags/example_task_group_decorator.py
[2025-03-23T08:12:31.275+0000] {processor.py:914} INFO - Processing file /home/airflow/.local/lib/python3.12/site-packages/airflow/example_dags/example_task_group_decorator.py for tasks to queue
[2025-03-23T08:12:31.278+0000] {logging_mixin.py:190} INFO - [2025-03-23T08:12:31.278+0000] {dagbag.py:588} INFO - Filling up the DagBag from /home/airflow/.local/lib/python3.12/site-packages/airflow/example_dags/example_task_group_decorator.py
[2025-03-23T08:12:31.314+0000] {processor.py:925} INFO - DAG(s) 'example_task_group_decorator' retrieved from /home/airflow/.local/lib/python3.12/site-packages/airflow/example_dags/example_task_group_decorator.py
[2025-03-23T08:12:31.370+0000] {logging_mixin.py:190} INFO - [2025-03-23T08:12:31.370+0000] {dag.py:3239} INFO - Sync 1 DAGs
[2025-03-23T08:12:31.400+0000] {logging_mixin.py:190} INFO - [2025-03-23T08:12:31.400+0000] {dag.py:4180} INFO - Setting next_dagrun for example_task_group_decorator to None, run_after=None
[2025-03-23T08:12:31.524+0000] {processor.py:208} INFO - Processing /home/airflow/.local/lib/python3.12/site-packages/airflow/example_dags/example_task_group_decorator.py took 0.257 seconds
[2025-03-23T08:13:02.431+0000] {processor.py:186} INFO - Started process (PID=839) to work on /home/airflow/.local/lib/python3.12/site-packages/airflow/example_dags/example_task_group_decorator.py
[2025-03-23T08:13:02.433+0000] {processor.py:914} INFO - Processing file /home/airflow/.local/lib/python3.12/site-packages/airflow/example_dags/example_task_group_decorator.py for tasks to queue
[2025-03-23T08:13:02.436+0000] {logging_mixin.py:190} INFO - [2025-03-23T08:13:02.435+0000] {dagbag.py:588} INFO - Filling up the DagBag from /home/airflow/.local/lib/python3.12/site-packages/airflow/example_dags/example_task_group_decorator.py
[2025-03-23T08:13:02.457+0000] {processor.py:925} INFO - DAG(s) 'example_task_group_decorator' retrieved from /home/airflow/.local/lib/python3.12/site-packages/airflow/example_dags/example_task_group_decorator.py
[2025-03-23T08:13:02.492+0000] {logging_mixin.py:190} INFO - [2025-03-23T08:13:02.492+0000] {dag.py:3239} INFO - Sync 1 DAGs
[2025-03-23T08:13:02.512+0000] {logging_mixin.py:190} INFO - [2025-03-23T08:13:02.512+0000] {dag.py:4180} INFO - Setting next_dagrun for example_task_group_decorator to None, run_after=None
[2025-03-23T08:13:02.600+0000] {processor.py:208} INFO - Processing /home/airflow/.local/lib/python3.12/site-packages/airflow/example_dags/example_task_group_decorator.py took 0.176 seconds
[2025-03-23T08:13:32.692+0000] {processor.py:186} INFO - Started process (PID=903) to work on /home/airflow/.local/lib/python3.12/site-packages/airflow/example_dags/example_task_group_decorator.py
[2025-03-23T08:13:32.694+0000] {processor.py:914} INFO - Processing file /home/airflow/.local/lib/python3.12/site-packages/airflow/example_dags/example_task_group_decorator.py for tasks to queue
[2025-03-23T08:13:32.697+0000] {logging_mixin.py:190} INFO - [2025-03-23T08:13:32.696+0000] {dagbag.py:588} INFO - Filling up the DagBag from /home/airflow/.local/lib/python3.12/site-packages/airflow/example_dags/example_task_group_decorator.py
[2025-03-23T08:13:32.721+0000] {processor.py:925} INFO - DAG(s) 'example_task_group_decorator' retrieved from /home/airflow/.local/lib/python3.12/site-packages/airflow/example_dags/example_task_group_decorator.py
[2025-03-23T08:13:32.752+0000] {logging_mixin.py:190} INFO - [2025-03-23T08:13:32.752+0000] {dag.py:3239} INFO - Sync 1 DAGs
[2025-03-23T08:13:32.768+0000] {logging_mixin.py:190} INFO - [2025-03-23T08:13:32.768+0000] {dag.py:4180} INFO - Setting next_dagrun for example_task_group_decorator to None, run_after=None
[2025-03-23T08:13:32.924+0000] {processor.py:208} INFO - Processing /home/airflow/.local/lib/python3.12/site-packages/airflow/example_dags/example_task_group_decorator.py took 0.239 seconds
[2025-03-23T08:14:03.510+0000] {processor.py:186} INFO - Started process (PID=967) to work on /home/airflow/.local/lib/python3.12/site-packages/airflow/example_dags/example_task_group_decorator.py
[2025-03-23T08:14:03.512+0000] {processor.py:914} INFO - Processing file /home/airflow/.local/lib/python3.12/site-packages/airflow/example_dags/example_task_group_decorator.py for tasks to queue
[2025-03-23T08:14:03.519+0000] {logging_mixin.py:190} INFO - [2025-03-23T08:14:03.518+0000] {dagbag.py:588} INFO - Filling up the DagBag from /home/airflow/.local/lib/python3.12/site-packages/airflow/example_dags/example_task_group_decorator.py
[2025-03-23T08:14:03.549+0000] {processor.py:925} INFO - DAG(s) 'example_task_group_decorator' retrieved from /home/airflow/.local/lib/python3.12/site-packages/airflow/example_dags/example_task_group_decorator.py
[2025-03-23T08:14:03.584+0000] {logging_mixin.py:190} INFO - [2025-03-23T08:14:03.584+0000] {dag.py:3239} INFO - Sync 1 DAGs
[2025-03-23T08:14:03.605+0000] {logging_mixin.py:190} INFO - [2025-03-23T08:14:03.605+0000] {dag.py:4180} INFO - Setting next_dagrun for example_task_group_decorator to None, run_after=None
[2025-03-23T08:14:03.679+0000] {processor.py:208} INFO - Processing /home/airflow/.local/lib/python3.12/site-packages/airflow/example_dags/example_task_group_decorator.py took 0.180 seconds
[2025-03-23T08:14:33.985+0000] {processor.py:186} INFO - Started process (PID=1038) to work on /home/airflow/.local/lib/python3.12/site-packages/airflow/example_dags/example_task_group_decorator.py
[2025-03-23T08:14:33.986+0000] {processor.py:914} INFO - Processing file /home/airflow/.local/lib/python3.12/site-packages/airflow/example_dags/example_task_group_decorator.py for tasks to queue
[2025-03-23T08:14:33.990+0000] {logging_mixin.py:190} INFO - [2025-03-23T08:14:33.990+0000] {dagbag.py:588} INFO - Filling up the DagBag from /home/airflow/.local/lib/python3.12/site-packages/airflow/example_dags/example_task_group_decorator.py
[2025-03-23T08:14:34.009+0000] {processor.py:925} INFO - DAG(s) 'example_task_group_decorator' retrieved from /home/airflow/.local/lib/python3.12/site-packages/airflow/example_dags/example_task_group_decorator.py
[2025-03-23T08:14:34.042+0000] {logging_mixin.py:190} INFO - [2025-03-23T08:14:34.041+0000] {dag.py:3239} INFO - Sync 1 DAGs
[2025-03-23T08:14:34.059+0000] {logging_mixin.py:190} INFO - [2025-03-23T08:14:34.059+0000] {dag.py:4180} INFO - Setting next_dagrun for example_task_group_decorator to None, run_after=None
[2025-03-23T08:14:34.158+0000] {processor.py:208} INFO - Processing /home/airflow/.local/lib/python3.12/site-packages/airflow/example_dags/example_task_group_decorator.py took 0.181 seconds
[2025-03-23T08:15:04.482+0000] {processor.py:186} INFO - Started process (PID=1120) to work on /home/airflow/.local/lib/python3.12/site-packages/airflow/example_dags/example_task_group_decorator.py
[2025-03-23T08:15:04.483+0000] {processor.py:914} INFO - Processing file /home/airflow/.local/lib/python3.12/site-packages/airflow/example_dags/example_task_group_decorator.py for tasks to queue
[2025-03-23T08:15:04.489+0000] {logging_mixin.py:190} INFO - [2025-03-23T08:15:04.488+0000] {dagbag.py:588} INFO - Filling up the DagBag from /home/airflow/.local/lib/python3.12/site-packages/airflow/example_dags/example_task_group_decorator.py
[2025-03-23T08:15:04.511+0000] {processor.py:925} INFO - DAG(s) 'example_task_group_decorator' retrieved from /home/airflow/.local/lib/python3.12/site-packages/airflow/example_dags/example_task_group_decorator.py
[2025-03-23T08:15:04.564+0000] {logging_mixin.py:190} INFO - [2025-03-23T08:15:04.564+0000] {dag.py:3239} INFO - Sync 1 DAGs
[2025-03-23T08:15:04.586+0000] {logging_mixin.py:190} INFO - [2025-03-23T08:15:04.586+0000] {dag.py:4180} INFO - Setting next_dagrun for example_task_group_decorator to None, run_after=None
[2025-03-23T08:15:04.650+0000] {processor.py:208} INFO - Processing /home/airflow/.local/lib/python3.12/site-packages/airflow/example_dags/example_task_group_decorator.py took 0.179 seconds
[2025-03-23T08:15:35.074+0000] {processor.py:186} INFO - Started process (PID=1184) to work on /home/airflow/.local/lib/python3.12/site-packages/airflow/example_dags/example_task_group_decorator.py
[2025-03-23T08:15:35.075+0000] {processor.py:914} INFO - Processing file /home/airflow/.local/lib/python3.12/site-packages/airflow/example_dags/example_task_group_decorator.py for tasks to queue
[2025-03-23T08:15:35.078+0000] {logging_mixin.py:190} INFO - [2025-03-23T08:15:35.078+0000] {dagbag.py:588} INFO - Filling up the DagBag from /home/airflow/.local/lib/python3.12/site-packages/airflow/example_dags/example_task_group_decorator.py
[2025-03-23T08:15:35.101+0000] {processor.py:925} INFO - DAG(s) 'example_task_group_decorator' retrieved from /home/airflow/.local/lib/python3.12/site-packages/airflow/example_dags/example_task_group_decorator.py
[2025-03-23T08:15:35.138+0000] {logging_mixin.py:190} INFO - [2025-03-23T08:15:35.138+0000] {dag.py:3239} INFO - Sync 1 DAGs
[2025-03-23T08:15:35.155+0000] {logging_mixin.py:190} INFO - [2025-03-23T08:15:35.155+0000] {dag.py:4180} INFO - Setting next_dagrun for example_task_group_decorator to None, run_after=None
[2025-03-23T08:15:35.249+0000] {processor.py:208} INFO - Processing /home/airflow/.local/lib/python3.12/site-packages/airflow/example_dags/example_task_group_decorator.py took 0.190 seconds
[2025-03-23T08:16:05.411+0000] {processor.py:186} INFO - Started process (PID=1248) to work on /home/airflow/.local/lib/python3.12/site-packages/airflow/example_dags/example_task_group_decorator.py
[2025-03-23T08:16:05.413+0000] {processor.py:914} INFO - Processing file /home/airflow/.local/lib/python3.12/site-packages/airflow/example_dags/example_task_group_decorator.py for tasks to queue
[2025-03-23T08:16:05.417+0000] {logging_mixin.py:190} INFO - [2025-03-23T08:16:05.416+0000] {dagbag.py:588} INFO - Filling up the DagBag from /home/airflow/.local/lib/python3.12/site-packages/airflow/example_dags/example_task_group_decorator.py
[2025-03-23T08:16:05.441+0000] {processor.py:925} INFO - DAG(s) 'example_task_group_decorator' retrieved from /home/airflow/.local/lib/python3.12/site-packages/airflow/example_dags/example_task_group_decorator.py
[2025-03-23T08:16:05.485+0000] {logging_mixin.py:190} INFO - [2025-03-23T08:16:05.485+0000] {dag.py:3239} INFO - Sync 1 DAGs
[2025-03-23T08:16:05.503+0000] {logging_mixin.py:190} INFO - [2025-03-23T08:16:05.503+0000] {dag.py:4180} INFO - Setting next_dagrun for example_task_group_decorator to None, run_after=None
[2025-03-23T08:16:05.553+0000] {processor.py:208} INFO - Processing /home/airflow/.local/lib/python3.12/site-packages/airflow/example_dags/example_task_group_decorator.py took 0.158 seconds
[2025-03-23T08:16:35.750+0000] {processor.py:186} INFO - Started process (PID=1311) to work on /home/airflow/.local/lib/python3.12/site-packages/airflow/example_dags/example_task_group_decorator.py
[2025-03-23T08:16:35.752+0000] {processor.py:914} INFO - Processing file /home/airflow/.local/lib/python3.12/site-packages/airflow/example_dags/example_task_group_decorator.py for tasks to queue
[2025-03-23T08:16:35.755+0000] {logging_mixin.py:190} INFO - [2025-03-23T08:16:35.754+0000] {dagbag.py:588} INFO - Filling up the DagBag from /home/airflow/.local/lib/python3.12/site-packages/airflow/example_dags/example_task_group_decorator.py
[2025-03-23T08:16:35.776+0000] {processor.py:925} INFO - DAG(s) 'example_task_group_decorator' retrieved from /home/airflow/.local/lib/python3.12/site-packages/airflow/example_dags/example_task_group_decorator.py
[2025-03-23T08:16:35.810+0000] {logging_mixin.py:190} INFO - [2025-03-23T08:16:35.809+0000] {dag.py:3239} INFO - Sync 1 DAGs
[2025-03-23T08:16:35.833+0000] {logging_mixin.py:190} INFO - [2025-03-23T08:16:35.833+0000] {dag.py:4180} INFO - Setting next_dagrun for example_task_group_decorator to None, run_after=None
[2025-03-23T08:16:35.929+0000] {processor.py:208} INFO - Processing /home/airflow/.local/lib/python3.12/site-packages/airflow/example_dags/example_task_group_decorator.py took 0.191 seconds
[2025-03-23T08:17:06.138+0000] {processor.py:186} INFO - Started process (PID=1375) to work on /home/airflow/.local/lib/python3.12/site-packages/airflow/example_dags/example_task_group_decorator.py
[2025-03-23T08:17:06.140+0000] {processor.py:914} INFO - Processing file /home/airflow/.local/lib/python3.12/site-packages/airflow/example_dags/example_task_group_decorator.py for tasks to queue
[2025-03-23T08:17:06.143+0000] {logging_mixin.py:190} INFO - [2025-03-23T08:17:06.143+0000] {dagbag.py:588} INFO - Filling up the DagBag from /home/airflow/.local/lib/python3.12/site-packages/airflow/example_dags/example_task_group_decorator.py
[2025-03-23T08:17:06.162+0000] {processor.py:925} INFO - DAG(s) 'example_task_group_decorator' retrieved from /home/airflow/.local/lib/python3.12/site-packages/airflow/example_dags/example_task_group_decorator.py
[2025-03-23T08:17:06.195+0000] {logging_mixin.py:190} INFO - [2025-03-23T08:17:06.194+0000] {dag.py:3239} INFO - Sync 1 DAGs
[2025-03-23T08:17:06.213+0000] {logging_mixin.py:190} INFO - [2025-03-23T08:17:06.212+0000] {dag.py:4180} INFO - Setting next_dagrun for example_task_group_decorator to None, run_after=None
[2025-03-23T08:17:06.310+0000] {processor.py:208} INFO - Processing /home/airflow/.local/lib/python3.12/site-packages/airflow/example_dags/example_task_group_decorator.py took 0.184 seconds
[2025-03-23T08:17:36.662+0000] {processor.py:186} INFO - Started process (PID=1439) to work on /home/airflow/.local/lib/python3.12/site-packages/airflow/example_dags/example_task_group_decorator.py
[2025-03-23T08:17:36.664+0000] {processor.py:914} INFO - Processing file /home/airflow/.local/lib/python3.12/site-packages/airflow/example_dags/example_task_group_decorator.py for tasks to queue
[2025-03-23T08:17:36.668+0000] {logging_mixin.py:190} INFO - [2025-03-23T08:17:36.668+0000] {dagbag.py:588} INFO - Filling up the DagBag from /home/airflow/.local/lib/python3.12/site-packages/airflow/example_dags/example_task_group_decorator.py
[2025-03-23T08:17:36.723+0000] {processor.py:925} INFO - DAG(s) 'example_task_group_decorator' retrieved from /home/airflow/.local/lib/python3.12/site-packages/airflow/example_dags/example_task_group_decorator.py
[2025-03-23T08:17:36.779+0000] {logging_mixin.py:190} INFO - [2025-03-23T08:17:36.779+0000] {dag.py:3239} INFO - Sync 1 DAGs
[2025-03-23T08:17:36.800+0000] {logging_mixin.py:190} INFO - [2025-03-23T08:17:36.799+0000] {dag.py:4180} INFO - Setting next_dagrun for example_task_group_decorator to None, run_after=None
[2025-03-23T08:17:36.885+0000] {processor.py:208} INFO - Processing /home/airflow/.local/lib/python3.12/site-packages/airflow/example_dags/example_task_group_decorator.py took 0.237 seconds
[2025-03-23T08:18:07.460+0000] {processor.py:186} INFO - Started process (PID=1503) to work on /home/airflow/.local/lib/python3.12/site-packages/airflow/example_dags/example_task_group_decorator.py
[2025-03-23T08:18:07.461+0000] {processor.py:914} INFO - Processing file /home/airflow/.local/lib/python3.12/site-packages/airflow/example_dags/example_task_group_decorator.py for tasks to queue
[2025-03-23T08:18:07.465+0000] {logging_mixin.py:190} INFO - [2025-03-23T08:18:07.464+0000] {dagbag.py:588} INFO - Filling up the DagBag from /home/airflow/.local/lib/python3.12/site-packages/airflow/example_dags/example_task_group_decorator.py
[2025-03-23T08:18:07.502+0000] {processor.py:925} INFO - DAG(s) 'example_task_group_decorator' retrieved from /home/airflow/.local/lib/python3.12/site-packages/airflow/example_dags/example_task_group_decorator.py
[2025-03-23T08:18:07.555+0000] {logging_mixin.py:190} INFO - [2025-03-23T08:18:07.554+0000] {dag.py:3239} INFO - Sync 1 DAGs
[2025-03-23T08:18:07.587+0000] {logging_mixin.py:190} INFO - [2025-03-23T08:18:07.586+0000] {dag.py:4180} INFO - Setting next_dagrun for example_task_group_decorator to None, run_after=None
[2025-03-23T08:18:07.695+0000] {processor.py:208} INFO - Processing /home/airflow/.local/lib/python3.12/site-packages/airflow/example_dags/example_task_group_decorator.py took 0.254 seconds
[2025-03-23T08:18:38.021+0000] {processor.py:186} INFO - Started process (PID=1567) to work on /home/airflow/.local/lib/python3.12/site-packages/airflow/example_dags/example_task_group_decorator.py
[2025-03-23T08:18:38.023+0000] {processor.py:914} INFO - Processing file /home/airflow/.local/lib/python3.12/site-packages/airflow/example_dags/example_task_group_decorator.py for tasks to queue
[2025-03-23T08:18:38.027+0000] {logging_mixin.py:190} INFO - [2025-03-23T08:18:38.027+0000] {dagbag.py:588} INFO - Filling up the DagBag from /home/airflow/.local/lib/python3.12/site-packages/airflow/example_dags/example_task_group_decorator.py
[2025-03-23T08:18:38.064+0000] {processor.py:925} INFO - DAG(s) 'example_task_group_decorator' retrieved from /home/airflow/.local/lib/python3.12/site-packages/airflow/example_dags/example_task_group_decorator.py
[2025-03-23T08:18:38.118+0000] {logging_mixin.py:190} INFO - [2025-03-23T08:18:38.117+0000] {dag.py:3239} INFO - Sync 1 DAGs
[2025-03-23T08:18:38.147+0000] {logging_mixin.py:190} INFO - [2025-03-23T08:18:38.147+0000] {dag.py:4180} INFO - Setting next_dagrun for example_task_group_decorator to None, run_after=None
[2025-03-23T08:18:38.227+0000] {processor.py:208} INFO - Processing /home/airflow/.local/lib/python3.12/site-packages/airflow/example_dags/example_task_group_decorator.py took 0.227 seconds
[2025-03-23T08:19:08.754+0000] {processor.py:186} INFO - Started process (PID=1631) to work on /home/airflow/.local/lib/python3.12/site-packages/airflow/example_dags/example_task_group_decorator.py
[2025-03-23T08:19:08.755+0000] {processor.py:914} INFO - Processing file /home/airflow/.local/lib/python3.12/site-packages/airflow/example_dags/example_task_group_decorator.py for tasks to queue
[2025-03-23T08:19:08.760+0000] {logging_mixin.py:190} INFO - [2025-03-23T08:19:08.760+0000] {dagbag.py:588} INFO - Filling up the DagBag from /home/airflow/.local/lib/python3.12/site-packages/airflow/example_dags/example_task_group_decorator.py
[2025-03-23T08:19:08.790+0000] {processor.py:925} INFO - DAG(s) 'example_task_group_decorator' retrieved from /home/airflow/.local/lib/python3.12/site-packages/airflow/example_dags/example_task_group_decorator.py
[2025-03-23T08:19:08.849+0000] {logging_mixin.py:190} INFO - [2025-03-23T08:19:08.848+0000] {dag.py:3239} INFO - Sync 1 DAGs
[2025-03-23T08:19:08.878+0000] {logging_mixin.py:190} INFO - [2025-03-23T08:19:08.878+0000] {dag.py:4180} INFO - Setting next_dagrun for example_task_group_decorator to None, run_after=None
[2025-03-23T08:19:09.002+0000] {processor.py:208} INFO - Processing /home/airflow/.local/lib/python3.12/site-packages/airflow/example_dags/example_task_group_decorator.py took 0.266 seconds
[2025-03-23T08:19:39.453+0000] {processor.py:186} INFO - Started process (PID=1695) to work on /home/airflow/.local/lib/python3.12/site-packages/airflow/example_dags/example_task_group_decorator.py
[2025-03-23T08:19:39.455+0000] {processor.py:914} INFO - Processing file /home/airflow/.local/lib/python3.12/site-packages/airflow/example_dags/example_task_group_decorator.py for tasks to queue
[2025-03-23T08:19:39.458+0000] {logging_mixin.py:190} INFO - [2025-03-23T08:19:39.457+0000] {dagbag.py:588} INFO - Filling up the DagBag from /home/airflow/.local/lib/python3.12/site-packages/airflow/example_dags/example_task_group_decorator.py
[2025-03-23T08:19:39.477+0000] {processor.py:925} INFO - DAG(s) 'example_task_group_decorator' retrieved from /home/airflow/.local/lib/python3.12/site-packages/airflow/example_dags/example_task_group_decorator.py
[2025-03-23T08:19:39.512+0000] {logging_mixin.py:190} INFO - [2025-03-23T08:19:39.511+0000] {dag.py:3239} INFO - Sync 1 DAGs
[2025-03-23T08:19:39.530+0000] {logging_mixin.py:190} INFO - [2025-03-23T08:19:39.530+0000] {dag.py:4180} INFO - Setting next_dagrun for example_task_group_decorator to None, run_after=None
[2025-03-23T08:19:39.589+0000] {processor.py:208} INFO - Processing /home/airflow/.local/lib/python3.12/site-packages/airflow/example_dags/example_task_group_decorator.py took 0.148 seconds
[2025-03-23T08:20:09.725+0000] {processor.py:186} INFO - Started process (PID=1759) to work on /home/airflow/.local/lib/python3.12/site-packages/airflow/example_dags/example_task_group_decorator.py
[2025-03-23T08:20:09.726+0000] {processor.py:914} INFO - Processing file /home/airflow/.local/lib/python3.12/site-packages/airflow/example_dags/example_task_group_decorator.py for tasks to queue
[2025-03-23T08:20:09.730+0000] {logging_mixin.py:190} INFO - [2025-03-23T08:20:09.730+0000] {dagbag.py:588} INFO - Filling up the DagBag from /home/airflow/.local/lib/python3.12/site-packages/airflow/example_dags/example_task_group_decorator.py
[2025-03-23T08:20:09.750+0000] {processor.py:925} INFO - DAG(s) 'example_task_group_decorator' retrieved from /home/airflow/.local/lib/python3.12/site-packages/airflow/example_dags/example_task_group_decorator.py
[2025-03-23T08:20:09.782+0000] {logging_mixin.py:190} INFO - [2025-03-23T08:20:09.782+0000] {dag.py:3239} INFO - Sync 1 DAGs
[2025-03-23T08:20:09.799+0000] {logging_mixin.py:190} INFO - [2025-03-23T08:20:09.799+0000] {dag.py:4180} INFO - Setting next_dagrun for example_task_group_decorator to None, run_after=None
[2025-03-23T08:20:09.892+0000] {processor.py:208} INFO - Processing /home/airflow/.local/lib/python3.12/site-packages/airflow/example_dags/example_task_group_decorator.py took 0.179 seconds
[2025-03-23T08:20:40.249+0000] {processor.py:186} INFO - Started process (PID=1823) to work on /home/airflow/.local/lib/python3.12/site-packages/airflow/example_dags/example_task_group_decorator.py
[2025-03-23T08:20:40.250+0000] {processor.py:914} INFO - Processing file /home/airflow/.local/lib/python3.12/site-packages/airflow/example_dags/example_task_group_decorator.py for tasks to queue
[2025-03-23T08:20:40.253+0000] {logging_mixin.py:190} INFO - [2025-03-23T08:20:40.253+0000] {dagbag.py:588} INFO - Filling up the DagBag from /home/airflow/.local/lib/python3.12/site-packages/airflow/example_dags/example_task_group_decorator.py
[2025-03-23T08:20:40.275+0000] {processor.py:925} INFO - DAG(s) 'example_task_group_decorator' retrieved from /home/airflow/.local/lib/python3.12/site-packages/airflow/example_dags/example_task_group_decorator.py
[2025-03-23T08:20:40.331+0000] {logging_mixin.py:190} INFO - [2025-03-23T08:20:40.331+0000] {dag.py:3239} INFO - Sync 1 DAGs
[2025-03-23T08:20:40.356+0000] {logging_mixin.py:190} INFO - [2025-03-23T08:20:40.356+0000] {dag.py:4180} INFO - Setting next_dagrun for example_task_group_decorator to None, run_after=None
[2025-03-23T08:20:40.414+0000] {processor.py:208} INFO - Processing /home/airflow/.local/lib/python3.12/site-packages/airflow/example_dags/example_task_group_decorator.py took 0.181 seconds
[2025-03-23T08:26:50.184+0000] {processor.py:186} INFO - Started process (PID=115) to work on /home/airflow/.local/lib/python3.12/site-packages/airflow/example_dags/example_task_group_decorator.py
[2025-03-23T08:26:50.206+0000] {processor.py:914} INFO - Processing file /home/airflow/.local/lib/python3.12/site-packages/airflow/example_dags/example_task_group_decorator.py for tasks to queue
[2025-03-23T08:26:50.209+0000] {logging_mixin.py:190} INFO - [2025-03-23T08:26:50.209+0000] {dagbag.py:588} INFO - Filling up the DagBag from /home/airflow/.local/lib/python3.12/site-packages/airflow/example_dags/example_task_group_decorator.py
[2025-03-23T08:26:50.233+0000] {processor.py:925} INFO - DAG(s) 'example_task_group_decorator' retrieved from /home/airflow/.local/lib/python3.12/site-packages/airflow/example_dags/example_task_group_decorator.py
[2025-03-23T08:26:50.287+0000] {logging_mixin.py:190} INFO - [2025-03-23T08:26:50.287+0000] {dag.py:3239} INFO - Sync 1 DAGs
[2025-03-23T08:26:50.309+0000] {logging_mixin.py:190} INFO - [2025-03-23T08:26:50.308+0000] {dag.py:4180} INFO - Setting next_dagrun for example_task_group_decorator to None, run_after=None
[2025-03-23T08:26:50.552+0000] {processor.py:208} INFO - Processing /home/airflow/.local/lib/python3.12/site-packages/airflow/example_dags/example_task_group_decorator.py took 0.380 seconds
[2025-03-23T08:27:20.704+0000] {processor.py:186} INFO - Started process (PID=179) to work on /home/airflow/.local/lib/python3.12/site-packages/airflow/example_dags/example_task_group_decorator.py
[2025-03-23T08:27:20.801+0000] {processor.py:914} INFO - Processing file /home/airflow/.local/lib/python3.12/site-packages/airflow/example_dags/example_task_group_decorator.py for tasks to queue
[2025-03-23T08:27:20.807+0000] {logging_mixin.py:190} INFO - [2025-03-23T08:27:20.807+0000] {dagbag.py:588} INFO - Filling up the DagBag from /home/airflow/.local/lib/python3.12/site-packages/airflow/example_dags/example_task_group_decorator.py
[2025-03-23T08:27:20.852+0000] {processor.py:925} INFO - DAG(s) 'example_task_group_decorator' retrieved from /home/airflow/.local/lib/python3.12/site-packages/airflow/example_dags/example_task_group_decorator.py
[2025-03-23T08:27:20.913+0000] {logging_mixin.py:190} INFO - [2025-03-23T08:27:20.912+0000] {dag.py:3239} INFO - Sync 1 DAGs
[2025-03-23T08:27:20.944+0000] {logging_mixin.py:190} INFO - [2025-03-23T08:27:20.944+0000] {dag.py:4180} INFO - Setting next_dagrun for example_task_group_decorator to None, run_after=None
[2025-03-23T08:27:21.104+0000] {processor.py:208} INFO - Processing /home/airflow/.local/lib/python3.12/site-packages/airflow/example_dags/example_task_group_decorator.py took 0.416 seconds
[2025-03-23T08:27:51.818+0000] {processor.py:186} INFO - Started process (PID=243) to work on /home/airflow/.local/lib/python3.12/site-packages/airflow/example_dags/example_task_group_decorator.py
[2025-03-23T08:27:51.820+0000] {processor.py:914} INFO - Processing file /home/airflow/.local/lib/python3.12/site-packages/airflow/example_dags/example_task_group_decorator.py for tasks to queue
[2025-03-23T08:27:51.826+0000] {logging_mixin.py:190} INFO - [2025-03-23T08:27:51.825+0000] {dagbag.py:588} INFO - Filling up the DagBag from /home/airflow/.local/lib/python3.12/site-packages/airflow/example_dags/example_task_group_decorator.py
[2025-03-23T08:27:51.869+0000] {processor.py:925} INFO - DAG(s) 'example_task_group_decorator' retrieved from /home/airflow/.local/lib/python3.12/site-packages/airflow/example_dags/example_task_group_decorator.py
[2025-03-23T08:27:51.935+0000] {logging_mixin.py:190} INFO - [2025-03-23T08:27:51.935+0000] {dag.py:3239} INFO - Sync 1 DAGs
[2025-03-23T08:27:51.952+0000] {logging_mixin.py:190} INFO - [2025-03-23T08:27:51.952+0000] {dag.py:4180} INFO - Setting next_dagrun for example_task_group_decorator to None, run_after=None
[2025-03-23T08:27:52.015+0000] {processor.py:208} INFO - Processing /home/airflow/.local/lib/python3.12/site-packages/airflow/example_dags/example_task_group_decorator.py took 0.212 seconds
[2025-03-23T08:28:22.555+0000] {processor.py:186} INFO - Started process (PID=306) to work on /home/airflow/.local/lib/python3.12/site-packages/airflow/example_dags/example_task_group_decorator.py
[2025-03-23T08:28:22.556+0000] {processor.py:914} INFO - Processing file /home/airflow/.local/lib/python3.12/site-packages/airflow/example_dags/example_task_group_decorator.py for tasks to queue
[2025-03-23T08:28:22.562+0000] {logging_mixin.py:190} INFO - [2025-03-23T08:28:22.561+0000] {dagbag.py:588} INFO - Filling up the DagBag from /home/airflow/.local/lib/python3.12/site-packages/airflow/example_dags/example_task_group_decorator.py
[2025-03-23T08:28:22.591+0000] {processor.py:925} INFO - DAG(s) 'example_task_group_decorator' retrieved from /home/airflow/.local/lib/python3.12/site-packages/airflow/example_dags/example_task_group_decorator.py
[2025-03-23T08:28:22.634+0000] {logging_mixin.py:190} INFO - [2025-03-23T08:28:22.634+0000] {dag.py:3239} INFO - Sync 1 DAGs
[2025-03-23T08:28:22.661+0000] {logging_mixin.py:190} INFO - [2025-03-23T08:28:22.660+0000] {dag.py:4180} INFO - Setting next_dagrun for example_task_group_decorator to None, run_after=None
[2025-03-23T08:28:22.724+0000] {processor.py:208} INFO - Processing /home/airflow/.local/lib/python3.12/site-packages/airflow/example_dags/example_task_group_decorator.py took 0.179 seconds
[2025-03-23T08:28:53.055+0000] {processor.py:186} INFO - Started process (PID=370) to work on /home/airflow/.local/lib/python3.12/site-packages/airflow/example_dags/example_task_group_decorator.py
[2025-03-23T08:28:53.056+0000] {processor.py:914} INFO - Processing file /home/airflow/.local/lib/python3.12/site-packages/airflow/example_dags/example_task_group_decorator.py for tasks to queue
[2025-03-23T08:28:53.059+0000] {logging_mixin.py:190} INFO - [2025-03-23T08:28:53.059+0000] {dagbag.py:588} INFO - Filling up the DagBag from /home/airflow/.local/lib/python3.12/site-packages/airflow/example_dags/example_task_group_decorator.py
[2025-03-23T08:28:53.081+0000] {processor.py:925} INFO - DAG(s) 'example_task_group_decorator' retrieved from /home/airflow/.local/lib/python3.12/site-packages/airflow/example_dags/example_task_group_decorator.py
[2025-03-23T08:28:53.120+0000] {logging_mixin.py:190} INFO - [2025-03-23T08:28:53.120+0000] {dag.py:3239} INFO - Sync 1 DAGs
[2025-03-23T08:28:53.150+0000] {logging_mixin.py:190} INFO - [2025-03-23T08:28:53.150+0000] {dag.py:4180} INFO - Setting next_dagrun for example_task_group_decorator to None, run_after=None
[2025-03-23T08:28:53.234+0000] {processor.py:208} INFO - Processing /home/airflow/.local/lib/python3.12/site-packages/airflow/example_dags/example_task_group_decorator.py took 0.188 seconds
[2025-03-23T08:29:23.902+0000] {processor.py:186} INFO - Started process (PID=434) to work on /home/airflow/.local/lib/python3.12/site-packages/airflow/example_dags/example_task_group_decorator.py
[2025-03-23T08:29:23.903+0000] {processor.py:914} INFO - Processing file /home/airflow/.local/lib/python3.12/site-packages/airflow/example_dags/example_task_group_decorator.py for tasks to queue
[2025-03-23T08:29:23.908+0000] {logging_mixin.py:190} INFO - [2025-03-23T08:29:23.907+0000] {dagbag.py:588} INFO - Filling up the DagBag from /home/airflow/.local/lib/python3.12/site-packages/airflow/example_dags/example_task_group_decorator.py
[2025-03-23T08:29:23.936+0000] {processor.py:925} INFO - DAG(s) 'example_task_group_decorator' retrieved from /home/airflow/.local/lib/python3.12/site-packages/airflow/example_dags/example_task_group_decorator.py
[2025-03-23T08:29:23.985+0000] {logging_mixin.py:190} INFO - [2025-03-23T08:29:23.984+0000] {dag.py:3239} INFO - Sync 1 DAGs
[2025-03-23T08:29:24.039+0000] {logging_mixin.py:190} INFO - [2025-03-23T08:29:24.039+0000] {dag.py:4180} INFO - Setting next_dagrun for example_task_group_decorator to None, run_after=None
[2025-03-23T08:29:24.169+0000] {processor.py:208} INFO - Processing /home/airflow/.local/lib/python3.12/site-packages/airflow/example_dags/example_task_group_decorator.py took 0.275 seconds
[2025-03-23T08:29:54.246+0000] {processor.py:186} INFO - Started process (PID=497) to work on /home/airflow/.local/lib/python3.12/site-packages/airflow/example_dags/example_task_group_decorator.py
[2025-03-23T08:29:54.247+0000] {processor.py:914} INFO - Processing file /home/airflow/.local/lib/python3.12/site-packages/airflow/example_dags/example_task_group_decorator.py for tasks to queue
[2025-03-23T08:29:54.251+0000] {logging_mixin.py:190} INFO - [2025-03-23T08:29:54.251+0000] {dagbag.py:588} INFO - Filling up the DagBag from /home/airflow/.local/lib/python3.12/site-packages/airflow/example_dags/example_task_group_decorator.py
[2025-03-23T08:29:54.274+0000] {processor.py:925} INFO - DAG(s) 'example_task_group_decorator' retrieved from /home/airflow/.local/lib/python3.12/site-packages/airflow/example_dags/example_task_group_decorator.py
[2025-03-23T08:29:54.310+0000] {logging_mixin.py:190} INFO - [2025-03-23T08:29:54.309+0000] {dag.py:3239} INFO - Sync 1 DAGs
[2025-03-23T08:29:54.332+0000] {logging_mixin.py:190} INFO - [2025-03-23T08:29:54.332+0000] {dag.py:4180} INFO - Setting next_dagrun for example_task_group_decorator to None, run_after=None
[2025-03-23T08:29:54.412+0000] {processor.py:208} INFO - Processing /home/airflow/.local/lib/python3.12/site-packages/airflow/example_dags/example_task_group_decorator.py took 0.177 seconds
