[2025-03-23T08:07:25.562+0000] {processor.py:186} INFO - Started process (PID=143) to work on /home/airflow/.local/lib/python3.12/site-packages/airflow/example_dags/example_dataset_alias_with_no_taskflow.py
[2025-03-23T08:07:25.563+0000] {processor.py:914} INFO - Processing file /home/airflow/.local/lib/python3.12/site-packages/airflow/example_dags/example_dataset_alias_with_no_taskflow.py for tasks to queue
[2025-03-23T08:07:25.566+0000] {logging_mixin.py:190} INFO - [2025-03-23T08:07:25.565+0000] {dagbag.py:588} INFO - Filling up the DagBag from /home/airflow/.local/lib/python3.12/site-packages/airflow/example_dags/example_dataset_alias_with_no_taskflow.py
[2025-03-23T08:07:26.493+0000] {processor.py:925} INFO - DAG(s) 'dataset_alias_example_alias_producer_with_no_taskflow', 'dataset_s3_bucket_consumer_with_no_taskflow', 'dataset_alias_example_alias_consumer_with_no_taskflow', 'dataset_s3_bucket_producer_with_no_taskflow' retrieved from /home/airflow/.local/lib/python3.12/site-packages/airflow/example_dags/example_dataset_alias_with_no_taskflow.py
[2025-03-23T08:07:26.711+0000] {logging_mixin.py:190} INFO - [2025-03-23T08:07:26.711+0000] {override.py:1911} INFO - Created Permission View: can edit on DAG:dataset_alias_example_alias_producer_with_no_taskflow
[2025-03-23T08:07:26.778+0000] {logging_mixin.py:190} INFO - [2025-03-23T08:07:26.778+0000] {override.py:1911} INFO - Created Permission View: can delete on DAG:dataset_alias_example_alias_producer_with_no_taskflow
[2025-03-23T08:07:26.868+0000] {logging_mixin.py:190} INFO - [2025-03-23T08:07:26.867+0000] {override.py:1911} INFO - Created Permission View: can read on DAG:dataset_alias_example_alias_producer_with_no_taskflow
[2025-03-23T08:07:27.200+0000] {logging_mixin.py:190} INFO - [2025-03-23T08:07:27.200+0000] {override.py:1911} INFO - Created Permission View: menu access on DAG Run:dataset_alias_example_alias_producer_with_no_taskflow
[2025-03-23T08:07:27.278+0000] {logging_mixin.py:190} INFO - [2025-03-23T08:07:27.278+0000] {override.py:1911} INFO - Created Permission View: can create on DAG Run:dataset_alias_example_alias_producer_with_no_taskflow
[2025-03-23T08:07:27.345+0000] {logging_mixin.py:190} INFO - [2025-03-23T08:07:27.344+0000] {override.py:1911} INFO - Created Permission View: can read on DAG Run:dataset_alias_example_alias_producer_with_no_taskflow
[2025-03-23T08:07:27.434+0000] {logging_mixin.py:190} INFO - [2025-03-23T08:07:27.433+0000] {override.py:1911} INFO - Created Permission View: can delete on DAG Run:dataset_alias_example_alias_producer_with_no_taskflow
[2025-03-23T08:07:27.567+0000] {logging_mixin.py:190} INFO - [2025-03-23T08:07:27.567+0000] {override.py:1911} INFO - Created Permission View: can edit on DAG:dataset_s3_bucket_consumer_with_no_taskflow
[2025-03-23T08:07:27.633+0000] {logging_mixin.py:190} INFO - [2025-03-23T08:07:27.633+0000] {override.py:1911} INFO - Created Permission View: can delete on DAG:dataset_s3_bucket_consumer_with_no_taskflow
[2025-03-23T08:07:27.700+0000] {logging_mixin.py:190} INFO - [2025-03-23T08:07:27.700+0000] {override.py:1911} INFO - Created Permission View: can read on DAG:dataset_s3_bucket_consumer_with_no_taskflow
[2025-03-23T08:07:27.789+0000] {logging_mixin.py:190} INFO - [2025-03-23T08:07:27.789+0000] {override.py:1911} INFO - Created Permission View: menu access on DAG Run:dataset_s3_bucket_consumer_with_no_taskflow
[2025-03-23T08:07:27.833+0000] {logging_mixin.py:190} INFO - [2025-03-23T08:07:27.833+0000] {override.py:1911} INFO - Created Permission View: can create on DAG Run:dataset_s3_bucket_consumer_with_no_taskflow
[2025-03-23T08:07:27.878+0000] {logging_mixin.py:190} INFO - [2025-03-23T08:07:27.878+0000] {override.py:1911} INFO - Created Permission View: can read on DAG Run:dataset_s3_bucket_consumer_with_no_taskflow
[2025-03-23T08:07:27.945+0000] {logging_mixin.py:190} INFO - [2025-03-23T08:07:27.944+0000] {override.py:1911} INFO - Created Permission View: can delete on DAG Run:dataset_s3_bucket_consumer_with_no_taskflow
[2025-03-23T08:07:28.078+0000] {logging_mixin.py:190} INFO - [2025-03-23T08:07:28.078+0000] {override.py:1911} INFO - Created Permission View: can edit on DAG:dataset_alias_example_alias_consumer_with_no_taskflow
[2025-03-23T08:07:28.145+0000] {logging_mixin.py:190} INFO - [2025-03-23T08:07:28.144+0000] {override.py:1911} INFO - Created Permission View: can delete on DAG:dataset_alias_example_alias_consumer_with_no_taskflow
[2025-03-23T08:07:28.211+0000] {logging_mixin.py:190} INFO - [2025-03-23T08:07:28.211+0000] {override.py:1911} INFO - Created Permission View: can read on DAG:dataset_alias_example_alias_consumer_with_no_taskflow
[2025-03-23T08:07:28.345+0000] {logging_mixin.py:190} INFO - [2025-03-23T08:07:28.345+0000] {override.py:1911} INFO - Created Permission View: menu access on DAG Run:dataset_alias_example_alias_consumer_with_no_taskflow
[2025-03-23T08:07:28.434+0000] {logging_mixin.py:190} INFO - [2025-03-23T08:07:28.433+0000] {override.py:1911} INFO - Created Permission View: can create on DAG Run:dataset_alias_example_alias_consumer_with_no_taskflow
[2025-03-23T08:07:28.500+0000] {logging_mixin.py:190} INFO - [2025-03-23T08:07:28.500+0000] {override.py:1911} INFO - Created Permission View: can read on DAG Run:dataset_alias_example_alias_consumer_with_no_taskflow
[2025-03-23T08:07:28.544+0000] {logging_mixin.py:190} INFO - [2025-03-23T08:07:28.544+0000] {override.py:1911} INFO - Created Permission View: can delete on DAG Run:dataset_alias_example_alias_consumer_with_no_taskflow
[2025-03-23T08:07:28.645+0000] {logging_mixin.py:190} INFO - [2025-03-23T08:07:28.645+0000] {override.py:1911} INFO - Created Permission View: can edit on DAG:dataset_s3_bucket_producer_with_no_taskflow
[2025-03-23T08:07:28.700+0000] {logging_mixin.py:190} INFO - [2025-03-23T08:07:28.700+0000] {override.py:1911} INFO - Created Permission View: can delete on DAG:dataset_s3_bucket_producer_with_no_taskflow
[2025-03-23T08:07:28.745+0000] {logging_mixin.py:190} INFO - [2025-03-23T08:07:28.744+0000] {override.py:1911} INFO - Created Permission View: can read on DAG:dataset_s3_bucket_producer_with_no_taskflow
[2025-03-23T08:07:28.856+0000] {logging_mixin.py:190} INFO - [2025-03-23T08:07:28.855+0000] {override.py:1911} INFO - Created Permission View: menu access on DAG Run:dataset_s3_bucket_producer_with_no_taskflow
[2025-03-23T08:07:28.934+0000] {logging_mixin.py:190} INFO - [2025-03-23T08:07:28.933+0000] {override.py:1911} INFO - Created Permission View: can create on DAG Run:dataset_s3_bucket_producer_with_no_taskflow
[2025-03-23T08:07:29.000+0000] {logging_mixin.py:190} INFO - [2025-03-23T08:07:28.999+0000] {override.py:1911} INFO - Created Permission View: can read on DAG Run:dataset_s3_bucket_producer_with_no_taskflow
[2025-03-23T08:07:29.066+0000] {logging_mixin.py:190} INFO - [2025-03-23T08:07:29.066+0000] {override.py:1911} INFO - Created Permission View: can delete on DAG Run:dataset_s3_bucket_producer_with_no_taskflow
[2025-03-23T08:07:29.068+0000] {logging_mixin.py:190} INFO - [2025-03-23T08:07:29.067+0000] {dag.py:3239} INFO - Sync 4 DAGs
[2025-03-23T08:07:29.084+0000] {logging_mixin.py:190} INFO - [2025-03-23T08:07:29.083+0000] {dag.py:3262} INFO - Creating ORM DAG for dataset_s3_bucket_consumer_with_no_taskflow
[2025-03-23T08:07:29.085+0000] {logging_mixin.py:190} INFO - [2025-03-23T08:07:29.085+0000] {dag.py:3262} INFO - Creating ORM DAG for dataset_s3_bucket_producer_with_no_taskflow
[2025-03-23T08:07:29.086+0000] {logging_mixin.py:190} INFO - [2025-03-23T08:07:29.086+0000] {dag.py:3262} INFO - Creating ORM DAG for dataset_alias_example_alias_consumer_with_no_taskflow
[2025-03-23T08:07:29.087+0000] {logging_mixin.py:190} INFO - [2025-03-23T08:07:29.087+0000] {dag.py:3262} INFO - Creating ORM DAG for dataset_alias_example_alias_producer_with_no_taskflow
[2025-03-23T08:07:29.098+0000] {logging_mixin.py:190} INFO - [2025-03-23T08:07:29.097+0000] {dag.py:4180} INFO - Setting next_dagrun for dataset_alias_example_alias_consumer_with_no_taskflow to None, run_after=None
[2025-03-23T08:07:29.099+0000] {logging_mixin.py:190} INFO - [2025-03-23T08:07:29.099+0000] {dag.py:4180} INFO - Setting next_dagrun for dataset_alias_example_alias_producer_with_no_taskflow to None, run_after=None
[2025-03-23T08:07:29.101+0000] {logging_mixin.py:190} INFO - [2025-03-23T08:07:29.100+0000] {dag.py:4180} INFO - Setting next_dagrun for dataset_s3_bucket_consumer_with_no_taskflow to None, run_after=None
[2025-03-23T08:07:29.102+0000] {logging_mixin.py:190} INFO - [2025-03-23T08:07:29.102+0000] {dag.py:4180} INFO - Setting next_dagrun for dataset_s3_bucket_producer_with_no_taskflow to None, run_after=None
[2025-03-23T08:07:29.177+0000] {processor.py:208} INFO - Processing /home/airflow/.local/lib/python3.12/site-packages/airflow/example_dags/example_dataset_alias_with_no_taskflow.py took 3.623 seconds
[2025-03-23T08:07:59.778+0000] {processor.py:186} INFO - Started process (PID=210) to work on /home/airflow/.local/lib/python3.12/site-packages/airflow/example_dags/example_dataset_alias_with_no_taskflow.py
[2025-03-23T08:07:59.935+0000] {processor.py:914} INFO - Processing file /home/airflow/.local/lib/python3.12/site-packages/airflow/example_dags/example_dataset_alias_with_no_taskflow.py for tasks to queue
[2025-03-23T08:07:59.938+0000] {logging_mixin.py:190} INFO - [2025-03-23T08:07:59.937+0000] {dagbag.py:588} INFO - Filling up the DagBag from /home/airflow/.local/lib/python3.12/site-packages/airflow/example_dags/example_dataset_alias_with_no_taskflow.py
[2025-03-23T08:08:00.853+0000] {processor.py:925} INFO - DAG(s) 'dataset_s3_bucket_producer_with_no_taskflow', 'dataset_s3_bucket_consumer_with_no_taskflow', 'dataset_alias_example_alias_consumer_with_no_taskflow', 'dataset_alias_example_alias_producer_with_no_taskflow' retrieved from /home/airflow/.local/lib/python3.12/site-packages/airflow/example_dags/example_dataset_alias_with_no_taskflow.py
[2025-03-23T08:08:00.896+0000] {logging_mixin.py:190} INFO - [2025-03-23T08:08:00.894+0000] {dag.py:3239} INFO - Sync 4 DAGs
[2025-03-23T08:08:00.940+0000] {logging_mixin.py:190} INFO - [2025-03-23T08:08:00.939+0000] {dag.py:4180} INFO - Setting next_dagrun for dataset_alias_example_alias_consumer_with_no_taskflow to None, run_after=None
[2025-03-23T08:08:00.945+0000] {logging_mixin.py:190} INFO - [2025-03-23T08:08:00.944+0000] {dag.py:4180} INFO - Setting next_dagrun for dataset_alias_example_alias_producer_with_no_taskflow to None, run_after=None
[2025-03-23T08:08:00.948+0000] {logging_mixin.py:190} INFO - [2025-03-23T08:08:00.948+0000] {dag.py:4180} INFO - Setting next_dagrun for dataset_s3_bucket_consumer_with_no_taskflow to None, run_after=None
[2025-03-23T08:08:00.950+0000] {logging_mixin.py:190} INFO - [2025-03-23T08:08:00.950+0000] {dag.py:4180} INFO - Setting next_dagrun for dataset_s3_bucket_producer_with_no_taskflow to None, run_after=None
[2025-03-23T08:08:01.115+0000] {processor.py:208} INFO - Processing /home/airflow/.local/lib/python3.12/site-packages/airflow/example_dags/example_dataset_alias_with_no_taskflow.py took 1.347 seconds
[2025-03-23T08:08:31.194+0000] {processor.py:186} INFO - Started process (PID=276) to work on /home/airflow/.local/lib/python3.12/site-packages/airflow/example_dags/example_dataset_alias_with_no_taskflow.py
[2025-03-23T08:08:31.195+0000] {processor.py:914} INFO - Processing file /home/airflow/.local/lib/python3.12/site-packages/airflow/example_dags/example_dataset_alias_with_no_taskflow.py for tasks to queue
[2025-03-23T08:08:31.198+0000] {logging_mixin.py:190} INFO - [2025-03-23T08:08:31.198+0000] {dagbag.py:588} INFO - Filling up the DagBag from /home/airflow/.local/lib/python3.12/site-packages/airflow/example_dags/example_dataset_alias_with_no_taskflow.py
[2025-03-23T08:08:32.054+0000] {processor.py:925} INFO - DAG(s) 'dataset_alias_example_alias_producer_with_no_taskflow', 'dataset_s3_bucket_consumer_with_no_taskflow', 'dataset_s3_bucket_producer_with_no_taskflow', 'dataset_alias_example_alias_consumer_with_no_taskflow' retrieved from /home/airflow/.local/lib/python3.12/site-packages/airflow/example_dags/example_dataset_alias_with_no_taskflow.py
[2025-03-23T08:08:32.087+0000] {logging_mixin.py:190} INFO - [2025-03-23T08:08:32.086+0000] {dag.py:3239} INFO - Sync 4 DAGs
[2025-03-23T08:08:32.118+0000] {logging_mixin.py:190} INFO - [2025-03-23T08:08:32.118+0000] {dag.py:4180} INFO - Setting next_dagrun for dataset_alias_example_alias_consumer_with_no_taskflow to None, run_after=None
[2025-03-23T08:08:32.122+0000] {logging_mixin.py:190} INFO - [2025-03-23T08:08:32.121+0000] {dag.py:4180} INFO - Setting next_dagrun for dataset_alias_example_alias_producer_with_no_taskflow to None, run_after=None
[2025-03-23T08:08:32.124+0000] {logging_mixin.py:190} INFO - [2025-03-23T08:08:32.124+0000] {dag.py:4180} INFO - Setting next_dagrun for dataset_s3_bucket_consumer_with_no_taskflow to None, run_after=None
[2025-03-23T08:08:32.126+0000] {logging_mixin.py:190} INFO - [2025-03-23T08:08:32.126+0000] {dag.py:4180} INFO - Setting next_dagrun for dataset_s3_bucket_producer_with_no_taskflow to None, run_after=None
[2025-03-23T08:08:32.307+0000] {processor.py:208} INFO - Processing /home/airflow/.local/lib/python3.12/site-packages/airflow/example_dags/example_dataset_alias_with_no_taskflow.py took 1.123 seconds
[2025-03-23T08:09:02.467+0000] {processor.py:186} INFO - Started process (PID=339) to work on /home/airflow/.local/lib/python3.12/site-packages/airflow/example_dags/example_dataset_alias_with_no_taskflow.py
[2025-03-23T08:09:02.469+0000] {processor.py:914} INFO - Processing file /home/airflow/.local/lib/python3.12/site-packages/airflow/example_dags/example_dataset_alias_with_no_taskflow.py for tasks to queue
[2025-03-23T08:09:02.476+0000] {logging_mixin.py:190} INFO - [2025-03-23T08:09:02.475+0000] {dagbag.py:588} INFO - Filling up the DagBag from /home/airflow/.local/lib/python3.12/site-packages/airflow/example_dags/example_dataset_alias_with_no_taskflow.py
[2025-03-23T08:09:04.227+0000] {processor.py:925} INFO - DAG(s) 'dataset_s3_bucket_producer_with_no_taskflow', 'dataset_s3_bucket_consumer_with_no_taskflow', 'dataset_alias_example_alias_producer_with_no_taskflow', 'dataset_alias_example_alias_consumer_with_no_taskflow' retrieved from /home/airflow/.local/lib/python3.12/site-packages/airflow/example_dags/example_dataset_alias_with_no_taskflow.py
[2025-03-23T08:09:04.327+0000] {logging_mixin.py:190} INFO - [2025-03-23T08:09:04.326+0000] {dag.py:3239} INFO - Sync 4 DAGs
[2025-03-23T08:09:04.415+0000] {logging_mixin.py:190} INFO - [2025-03-23T08:09:04.414+0000] {dag.py:4180} INFO - Setting next_dagrun for dataset_alias_example_alias_consumer_with_no_taskflow to None, run_after=None
[2025-03-23T08:09:04.425+0000] {logging_mixin.py:190} INFO - [2025-03-23T08:09:04.424+0000] {dag.py:4180} INFO - Setting next_dagrun for dataset_alias_example_alias_producer_with_no_taskflow to None, run_after=None
[2025-03-23T08:09:04.435+0000] {logging_mixin.py:190} INFO - [2025-03-23T08:09:04.432+0000] {dag.py:4180} INFO - Setting next_dagrun for dataset_s3_bucket_consumer_with_no_taskflow to None, run_after=None
[2025-03-23T08:09:04.438+0000] {logging_mixin.py:190} INFO - [2025-03-23T08:09:04.437+0000] {dag.py:4180} INFO - Setting next_dagrun for dataset_s3_bucket_producer_with_no_taskflow to None, run_after=None
[2025-03-23T08:09:04.674+0000] {processor.py:208} INFO - Processing /home/airflow/.local/lib/python3.12/site-packages/airflow/example_dags/example_dataset_alias_with_no_taskflow.py took 2.224 seconds
[2025-03-23T08:09:35.218+0000] {processor.py:186} INFO - Started process (PID=407) to work on /home/airflow/.local/lib/python3.12/site-packages/airflow/example_dags/example_dataset_alias_with_no_taskflow.py
[2025-03-23T08:09:35.220+0000] {processor.py:914} INFO - Processing file /home/airflow/.local/lib/python3.12/site-packages/airflow/example_dags/example_dataset_alias_with_no_taskflow.py for tasks to queue
[2025-03-23T08:09:35.223+0000] {logging_mixin.py:190} INFO - [2025-03-23T08:09:35.222+0000] {dagbag.py:588} INFO - Filling up the DagBag from /home/airflow/.local/lib/python3.12/site-packages/airflow/example_dags/example_dataset_alias_with_no_taskflow.py
[2025-03-23T08:09:36.050+0000] {processor.py:925} INFO - DAG(s) 'dataset_alias_example_alias_consumer_with_no_taskflow', 'dataset_s3_bucket_consumer_with_no_taskflow', 'dataset_s3_bucket_producer_with_no_taskflow', 'dataset_alias_example_alias_producer_with_no_taskflow' retrieved from /home/airflow/.local/lib/python3.12/site-packages/airflow/example_dags/example_dataset_alias_with_no_taskflow.py
[2025-03-23T08:09:36.082+0000] {logging_mixin.py:190} INFO - [2025-03-23T08:09:36.082+0000] {dag.py:3239} INFO - Sync 4 DAGs
[2025-03-23T08:09:36.116+0000] {logging_mixin.py:190} INFO - [2025-03-23T08:09:36.116+0000] {dag.py:4180} INFO - Setting next_dagrun for dataset_alias_example_alias_consumer_with_no_taskflow to None, run_after=None
[2025-03-23T08:09:36.124+0000] {logging_mixin.py:190} INFO - [2025-03-23T08:09:36.123+0000] {dag.py:4180} INFO - Setting next_dagrun for dataset_alias_example_alias_producer_with_no_taskflow to None, run_after=None
[2025-03-23T08:09:36.130+0000] {logging_mixin.py:190} INFO - [2025-03-23T08:09:36.130+0000] {dag.py:4180} INFO - Setting next_dagrun for dataset_s3_bucket_consumer_with_no_taskflow to None, run_after=None
[2025-03-23T08:09:36.133+0000] {logging_mixin.py:190} INFO - [2025-03-23T08:09:36.133+0000] {dag.py:4180} INFO - Setting next_dagrun for dataset_s3_bucket_producer_with_no_taskflow to None, run_after=None
[2025-03-23T08:09:36.665+0000] {processor.py:208} INFO - Processing /home/airflow/.local/lib/python3.12/site-packages/airflow/example_dags/example_dataset_alias_with_no_taskflow.py took 1.456 seconds
[2025-03-23T08:10:06.866+0000] {processor.py:186} INFO - Started process (PID=471) to work on /home/airflow/.local/lib/python3.12/site-packages/airflow/example_dags/example_dataset_alias_with_no_taskflow.py
[2025-03-23T08:10:06.867+0000] {processor.py:914} INFO - Processing file /home/airflow/.local/lib/python3.12/site-packages/airflow/example_dags/example_dataset_alias_with_no_taskflow.py for tasks to queue
[2025-03-23T08:10:06.871+0000] {logging_mixin.py:190} INFO - [2025-03-23T08:10:06.871+0000] {dagbag.py:588} INFO - Filling up the DagBag from /home/airflow/.local/lib/python3.12/site-packages/airflow/example_dags/example_dataset_alias_with_no_taskflow.py
[2025-03-23T08:10:07.759+0000] {processor.py:925} INFO - DAG(s) 'dataset_s3_bucket_producer_with_no_taskflow', 'dataset_alias_example_alias_consumer_with_no_taskflow', 'dataset_alias_example_alias_producer_with_no_taskflow', 'dataset_s3_bucket_consumer_with_no_taskflow' retrieved from /home/airflow/.local/lib/python3.12/site-packages/airflow/example_dags/example_dataset_alias_with_no_taskflow.py
[2025-03-23T08:10:07.816+0000] {logging_mixin.py:190} INFO - [2025-03-23T08:10:07.815+0000] {dag.py:3239} INFO - Sync 4 DAGs
[2025-03-23T08:10:07.869+0000] {logging_mixin.py:190} INFO - [2025-03-23T08:10:07.868+0000] {dag.py:4180} INFO - Setting next_dagrun for dataset_alias_example_alias_consumer_with_no_taskflow to None, run_after=None
[2025-03-23T08:10:07.875+0000] {logging_mixin.py:190} INFO - [2025-03-23T08:10:07.875+0000] {dag.py:4180} INFO - Setting next_dagrun for dataset_alias_example_alias_producer_with_no_taskflow to None, run_after=None
[2025-03-23T08:10:07.878+0000] {logging_mixin.py:190} INFO - [2025-03-23T08:10:07.878+0000] {dag.py:4180} INFO - Setting next_dagrun for dataset_s3_bucket_consumer_with_no_taskflow to None, run_after=None
[2025-03-23T08:10:07.881+0000] {logging_mixin.py:190} INFO - [2025-03-23T08:10:07.880+0000] {dag.py:4180} INFO - Setting next_dagrun for dataset_s3_bucket_producer_with_no_taskflow to None, run_after=None
[2025-03-23T08:10:07.988+0000] {processor.py:208} INFO - Processing /home/airflow/.local/lib/python3.12/site-packages/airflow/example_dags/example_dataset_alias_with_no_taskflow.py took 1.131 seconds
[2025-03-23T08:10:38.185+0000] {processor.py:186} INFO - Started process (PID=535) to work on /home/airflow/.local/lib/python3.12/site-packages/airflow/example_dags/example_dataset_alias_with_no_taskflow.py
[2025-03-23T08:10:38.186+0000] {processor.py:914} INFO - Processing file /home/airflow/.local/lib/python3.12/site-packages/airflow/example_dags/example_dataset_alias_with_no_taskflow.py for tasks to queue
[2025-03-23T08:10:38.193+0000] {logging_mixin.py:190} INFO - [2025-03-23T08:10:38.191+0000] {dagbag.py:588} INFO - Filling up the DagBag from /home/airflow/.local/lib/python3.12/site-packages/airflow/example_dags/example_dataset_alias_with_no_taskflow.py
[2025-03-23T08:10:39.481+0000] {processor.py:925} INFO - DAG(s) 'dataset_alias_example_alias_producer_with_no_taskflow', 'dataset_s3_bucket_consumer_with_no_taskflow', 'dataset_alias_example_alias_consumer_with_no_taskflow', 'dataset_s3_bucket_producer_with_no_taskflow' retrieved from /home/airflow/.local/lib/python3.12/site-packages/airflow/example_dags/example_dataset_alias_with_no_taskflow.py
[2025-03-23T08:10:39.516+0000] {logging_mixin.py:190} INFO - [2025-03-23T08:10:39.515+0000] {dag.py:3239} INFO - Sync 4 DAGs
[2025-03-23T08:10:39.550+0000] {logging_mixin.py:190} INFO - [2025-03-23T08:10:39.550+0000] {dag.py:4180} INFO - Setting next_dagrun for dataset_alias_example_alias_consumer_with_no_taskflow to None, run_after=None
[2025-03-23T08:10:39.554+0000] {logging_mixin.py:190} INFO - [2025-03-23T08:10:39.553+0000] {dag.py:4180} INFO - Setting next_dagrun for dataset_alias_example_alias_producer_with_no_taskflow to None, run_after=None
[2025-03-23T08:10:39.559+0000] {logging_mixin.py:190} INFO - [2025-03-23T08:10:39.555+0000] {dag.py:4180} INFO - Setting next_dagrun for dataset_s3_bucket_consumer_with_no_taskflow to None, run_after=None
[2025-03-23T08:10:39.563+0000] {logging_mixin.py:190} INFO - [2025-03-23T08:10:39.563+0000] {dag.py:4180} INFO - Setting next_dagrun for dataset_s3_bucket_producer_with_no_taskflow to None, run_after=None
[2025-03-23T08:10:39.778+0000] {processor.py:208} INFO - Processing /home/airflow/.local/lib/python3.12/site-packages/airflow/example_dags/example_dataset_alias_with_no_taskflow.py took 1.601 seconds
[2025-03-23T08:11:09.986+0000] {processor.py:186} INFO - Started process (PID=602) to work on /home/airflow/.local/lib/python3.12/site-packages/airflow/example_dags/example_dataset_alias_with_no_taskflow.py
[2025-03-23T08:11:09.987+0000] {processor.py:914} INFO - Processing file /home/airflow/.local/lib/python3.12/site-packages/airflow/example_dags/example_dataset_alias_with_no_taskflow.py for tasks to queue
[2025-03-23T08:11:09.990+0000] {logging_mixin.py:190} INFO - [2025-03-23T08:11:09.989+0000] {dagbag.py:588} INFO - Filling up the DagBag from /home/airflow/.local/lib/python3.12/site-packages/airflow/example_dags/example_dataset_alias_with_no_taskflow.py
[2025-03-23T08:11:10.744+0000] {processor.py:925} INFO - DAG(s) 'dataset_alias_example_alias_producer_with_no_taskflow', 'dataset_alias_example_alias_consumer_with_no_taskflow', 'dataset_s3_bucket_consumer_with_no_taskflow', 'dataset_s3_bucket_producer_with_no_taskflow' retrieved from /home/airflow/.local/lib/python3.12/site-packages/airflow/example_dags/example_dataset_alias_with_no_taskflow.py
[2025-03-23T08:11:10.781+0000] {logging_mixin.py:190} INFO - [2025-03-23T08:11:10.780+0000] {dag.py:3239} INFO - Sync 4 DAGs
[2025-03-23T08:11:10.812+0000] {logging_mixin.py:190} INFO - [2025-03-23T08:11:10.811+0000] {dag.py:4180} INFO - Setting next_dagrun for dataset_alias_example_alias_consumer_with_no_taskflow to None, run_after=None
[2025-03-23T08:11:10.818+0000] {logging_mixin.py:190} INFO - [2025-03-23T08:11:10.817+0000] {dag.py:4180} INFO - Setting next_dagrun for dataset_alias_example_alias_producer_with_no_taskflow to None, run_after=None
[2025-03-23T08:11:10.820+0000] {logging_mixin.py:190} INFO - [2025-03-23T08:11:10.820+0000] {dag.py:4180} INFO - Setting next_dagrun for dataset_s3_bucket_consumer_with_no_taskflow to None, run_after=None
[2025-03-23T08:11:10.823+0000] {logging_mixin.py:190} INFO - [2025-03-23T08:11:10.822+0000] {dag.py:4180} INFO - Setting next_dagrun for dataset_s3_bucket_producer_with_no_taskflow to None, run_after=None
[2025-03-23T08:11:10.907+0000] {processor.py:208} INFO - Processing /home/airflow/.local/lib/python3.12/site-packages/airflow/example_dags/example_dataset_alias_with_no_taskflow.py took 0.928 seconds
[2025-03-23T08:11:41.376+0000] {processor.py:186} INFO - Started process (PID=666) to work on /home/airflow/.local/lib/python3.12/site-packages/airflow/example_dags/example_dataset_alias_with_no_taskflow.py
[2025-03-23T08:11:41.378+0000] {processor.py:914} INFO - Processing file /home/airflow/.local/lib/python3.12/site-packages/airflow/example_dags/example_dataset_alias_with_no_taskflow.py for tasks to queue
[2025-03-23T08:11:41.380+0000] {logging_mixin.py:190} INFO - [2025-03-23T08:11:41.380+0000] {dagbag.py:588} INFO - Filling up the DagBag from /home/airflow/.local/lib/python3.12/site-packages/airflow/example_dags/example_dataset_alias_with_no_taskflow.py
[2025-03-23T08:11:42.102+0000] {processor.py:925} INFO - DAG(s) 'dataset_s3_bucket_consumer_with_no_taskflow', 'dataset_alias_example_alias_producer_with_no_taskflow', 'dataset_alias_example_alias_consumer_with_no_taskflow', 'dataset_s3_bucket_producer_with_no_taskflow' retrieved from /home/airflow/.local/lib/python3.12/site-packages/airflow/example_dags/example_dataset_alias_with_no_taskflow.py
[2025-03-23T08:11:42.148+0000] {logging_mixin.py:190} INFO - [2025-03-23T08:11:42.148+0000] {dag.py:3239} INFO - Sync 4 DAGs
[2025-03-23T08:11:42.181+0000] {logging_mixin.py:190} INFO - [2025-03-23T08:11:42.181+0000] {dag.py:4180} INFO - Setting next_dagrun for dataset_alias_example_alias_consumer_with_no_taskflow to None, run_after=None
[2025-03-23T08:11:42.185+0000] {logging_mixin.py:190} INFO - [2025-03-23T08:11:42.185+0000] {dag.py:4180} INFO - Setting next_dagrun for dataset_alias_example_alias_producer_with_no_taskflow to None, run_after=None
[2025-03-23T08:11:42.189+0000] {logging_mixin.py:190} INFO - [2025-03-23T08:11:42.188+0000] {dag.py:4180} INFO - Setting next_dagrun for dataset_s3_bucket_consumer_with_no_taskflow to None, run_after=None
[2025-03-23T08:11:42.191+0000] {logging_mixin.py:190} INFO - [2025-03-23T08:11:42.191+0000] {dag.py:4180} INFO - Setting next_dagrun for dataset_s3_bucket_producer_with_no_taskflow to None, run_after=None
[2025-03-23T08:11:42.266+0000] {processor.py:208} INFO - Processing /home/airflow/.local/lib/python3.12/site-packages/airflow/example_dags/example_dataset_alias_with_no_taskflow.py took 0.899 seconds
[2025-03-23T08:12:12.752+0000] {processor.py:186} INFO - Started process (PID=730) to work on /home/airflow/.local/lib/python3.12/site-packages/airflow/example_dags/example_dataset_alias_with_no_taskflow.py
[2025-03-23T08:12:12.754+0000] {processor.py:914} INFO - Processing file /home/airflow/.local/lib/python3.12/site-packages/airflow/example_dags/example_dataset_alias_with_no_taskflow.py for tasks to queue
[2025-03-23T08:12:12.757+0000] {logging_mixin.py:190} INFO - [2025-03-23T08:12:12.756+0000] {dagbag.py:588} INFO - Filling up the DagBag from /home/airflow/.local/lib/python3.12/site-packages/airflow/example_dags/example_dataset_alias_with_no_taskflow.py
[2025-03-23T08:12:13.427+0000] {processor.py:925} INFO - DAG(s) 'dataset_alias_example_alias_producer_with_no_taskflow', 'dataset_alias_example_alias_consumer_with_no_taskflow', 'dataset_s3_bucket_producer_with_no_taskflow', 'dataset_s3_bucket_consumer_with_no_taskflow' retrieved from /home/airflow/.local/lib/python3.12/site-packages/airflow/example_dags/example_dataset_alias_with_no_taskflow.py
[2025-03-23T08:12:13.452+0000] {logging_mixin.py:190} INFO - [2025-03-23T08:12:13.451+0000] {dag.py:3239} INFO - Sync 4 DAGs
[2025-03-23T08:12:13.479+0000] {logging_mixin.py:190} INFO - [2025-03-23T08:12:13.479+0000] {dag.py:4180} INFO - Setting next_dagrun for dataset_alias_example_alias_consumer_with_no_taskflow to None, run_after=None
[2025-03-23T08:12:13.482+0000] {logging_mixin.py:190} INFO - [2025-03-23T08:12:13.482+0000] {dag.py:4180} INFO - Setting next_dagrun for dataset_alias_example_alias_producer_with_no_taskflow to None, run_after=None
[2025-03-23T08:12:13.484+0000] {logging_mixin.py:190} INFO - [2025-03-23T08:12:13.484+0000] {dag.py:4180} INFO - Setting next_dagrun for dataset_s3_bucket_consumer_with_no_taskflow to None, run_after=None
[2025-03-23T08:12:13.486+0000] {logging_mixin.py:190} INFO - [2025-03-23T08:12:13.486+0000] {dag.py:4180} INFO - Setting next_dagrun for dataset_s3_bucket_producer_with_no_taskflow to None, run_after=None
[2025-03-23T08:12:13.570+0000] {processor.py:208} INFO - Processing /home/airflow/.local/lib/python3.12/site-packages/airflow/example_dags/example_dataset_alias_with_no_taskflow.py took 0.825 seconds
[2025-03-23T08:12:43.828+0000] {processor.py:186} INFO - Started process (PID=794) to work on /home/airflow/.local/lib/python3.12/site-packages/airflow/example_dags/example_dataset_alias_with_no_taskflow.py
[2025-03-23T08:12:43.830+0000] {processor.py:914} INFO - Processing file /home/airflow/.local/lib/python3.12/site-packages/airflow/example_dags/example_dataset_alias_with_no_taskflow.py for tasks to queue
[2025-03-23T08:12:43.833+0000] {logging_mixin.py:190} INFO - [2025-03-23T08:12:43.833+0000] {dagbag.py:588} INFO - Filling up the DagBag from /home/airflow/.local/lib/python3.12/site-packages/airflow/example_dags/example_dataset_alias_with_no_taskflow.py
[2025-03-23T08:12:44.535+0000] {processor.py:925} INFO - DAG(s) 'dataset_alias_example_alias_producer_with_no_taskflow', 'dataset_s3_bucket_producer_with_no_taskflow', 'dataset_s3_bucket_consumer_with_no_taskflow', 'dataset_alias_example_alias_consumer_with_no_taskflow' retrieved from /home/airflow/.local/lib/python3.12/site-packages/airflow/example_dags/example_dataset_alias_with_no_taskflow.py
[2025-03-23T08:12:44.563+0000] {logging_mixin.py:190} INFO - [2025-03-23T08:12:44.562+0000] {dag.py:3239} INFO - Sync 4 DAGs
[2025-03-23T08:12:44.589+0000] {logging_mixin.py:190} INFO - [2025-03-23T08:12:44.589+0000] {dag.py:4180} INFO - Setting next_dagrun for dataset_alias_example_alias_consumer_with_no_taskflow to None, run_after=None
[2025-03-23T08:12:44.593+0000] {logging_mixin.py:190} INFO - [2025-03-23T08:12:44.592+0000] {dag.py:4180} INFO - Setting next_dagrun for dataset_alias_example_alias_producer_with_no_taskflow to None, run_after=None
[2025-03-23T08:12:44.595+0000] {logging_mixin.py:190} INFO - [2025-03-23T08:12:44.595+0000] {dag.py:4180} INFO - Setting next_dagrun for dataset_s3_bucket_consumer_with_no_taskflow to None, run_after=None
[2025-03-23T08:12:44.597+0000] {logging_mixin.py:190} INFO - [2025-03-23T08:12:44.596+0000] {dag.py:4180} INFO - Setting next_dagrun for dataset_s3_bucket_producer_with_no_taskflow to None, run_after=None
[2025-03-23T08:12:44.697+0000] {processor.py:208} INFO - Processing /home/airflow/.local/lib/python3.12/site-packages/airflow/example_dags/example_dataset_alias_with_no_taskflow.py took 0.876 seconds
[2025-03-23T08:13:15.568+0000] {processor.py:186} INFO - Started process (PID=860) to work on /home/airflow/.local/lib/python3.12/site-packages/airflow/example_dags/example_dataset_alias_with_no_taskflow.py
[2025-03-23T08:13:15.570+0000] {processor.py:914} INFO - Processing file /home/airflow/.local/lib/python3.12/site-packages/airflow/example_dags/example_dataset_alias_with_no_taskflow.py for tasks to queue
[2025-03-23T08:13:15.575+0000] {logging_mixin.py:190} INFO - [2025-03-23T08:13:15.574+0000] {dagbag.py:588} INFO - Filling up the DagBag from /home/airflow/.local/lib/python3.12/site-packages/airflow/example_dags/example_dataset_alias_with_no_taskflow.py
[2025-03-23T08:13:16.401+0000] {processor.py:925} INFO - DAG(s) 'dataset_alias_example_alias_producer_with_no_taskflow', 'dataset_alias_example_alias_consumer_with_no_taskflow', 'dataset_s3_bucket_producer_with_no_taskflow', 'dataset_s3_bucket_consumer_with_no_taskflow' retrieved from /home/airflow/.local/lib/python3.12/site-packages/airflow/example_dags/example_dataset_alias_with_no_taskflow.py
[2025-03-23T08:13:16.436+0000] {logging_mixin.py:190} INFO - [2025-03-23T08:13:16.435+0000] {dag.py:3239} INFO - Sync 4 DAGs
[2025-03-23T08:13:16.463+0000] {logging_mixin.py:190} INFO - [2025-03-23T08:13:16.463+0000] {dag.py:4180} INFO - Setting next_dagrun for dataset_alias_example_alias_consumer_with_no_taskflow to None, run_after=None
[2025-03-23T08:13:16.466+0000] {logging_mixin.py:190} INFO - [2025-03-23T08:13:16.466+0000] {dag.py:4180} INFO - Setting next_dagrun for dataset_alias_example_alias_producer_with_no_taskflow to None, run_after=None
[2025-03-23T08:13:16.468+0000] {logging_mixin.py:190} INFO - [2025-03-23T08:13:16.468+0000] {dag.py:4180} INFO - Setting next_dagrun for dataset_s3_bucket_consumer_with_no_taskflow to None, run_after=None
[2025-03-23T08:13:16.470+0000] {logging_mixin.py:190} INFO - [2025-03-23T08:13:16.470+0000] {dag.py:4180} INFO - Setting next_dagrun for dataset_s3_bucket_producer_with_no_taskflow to None, run_after=None
[2025-03-23T08:13:16.534+0000] {processor.py:208} INFO - Processing /home/airflow/.local/lib/python3.12/site-packages/airflow/example_dags/example_dataset_alias_with_no_taskflow.py took 0.973 seconds
[2025-03-23T08:13:47.382+0000] {processor.py:186} INFO - Started process (PID=931) to work on /home/airflow/.local/lib/python3.12/site-packages/airflow/example_dags/example_dataset_alias_with_no_taskflow.py
[2025-03-23T08:13:47.383+0000] {processor.py:914} INFO - Processing file /home/airflow/.local/lib/python3.12/site-packages/airflow/example_dags/example_dataset_alias_with_no_taskflow.py for tasks to queue
[2025-03-23T08:13:47.387+0000] {logging_mixin.py:190} INFO - [2025-03-23T08:13:47.386+0000] {dagbag.py:588} INFO - Filling up the DagBag from /home/airflow/.local/lib/python3.12/site-packages/airflow/example_dags/example_dataset_alias_with_no_taskflow.py
[2025-03-23T08:13:48.318+0000] {processor.py:925} INFO - DAG(s) 'dataset_s3_bucket_producer_with_no_taskflow', 'dataset_alias_example_alias_producer_with_no_taskflow', 'dataset_alias_example_alias_consumer_with_no_taskflow', 'dataset_s3_bucket_consumer_with_no_taskflow' retrieved from /home/airflow/.local/lib/python3.12/site-packages/airflow/example_dags/example_dataset_alias_with_no_taskflow.py
[2025-03-23T08:13:48.346+0000] {logging_mixin.py:190} INFO - [2025-03-23T08:13:48.345+0000] {dag.py:3239} INFO - Sync 4 DAGs
[2025-03-23T08:13:48.376+0000] {logging_mixin.py:190} INFO - [2025-03-23T08:13:48.376+0000] {dag.py:4180} INFO - Setting next_dagrun for dataset_alias_example_alias_consumer_with_no_taskflow to None, run_after=None
[2025-03-23T08:13:48.381+0000] {logging_mixin.py:190} INFO - [2025-03-23T08:13:48.381+0000] {dag.py:4180} INFO - Setting next_dagrun for dataset_alias_example_alias_producer_with_no_taskflow to None, run_after=None
[2025-03-23T08:13:48.385+0000] {logging_mixin.py:190} INFO - [2025-03-23T08:13:48.384+0000] {dag.py:4180} INFO - Setting next_dagrun for dataset_s3_bucket_consumer_with_no_taskflow to None, run_after=None
[2025-03-23T08:13:48.387+0000] {logging_mixin.py:190} INFO - [2025-03-23T08:13:48.387+0000] {dag.py:4180} INFO - Setting next_dagrun for dataset_s3_bucket_producer_with_no_taskflow to None, run_after=None
[2025-03-23T08:13:48.468+0000] {processor.py:208} INFO - Processing /home/airflow/.local/lib/python3.12/site-packages/airflow/example_dags/example_dataset_alias_with_no_taskflow.py took 1.094 seconds
[2025-03-23T08:14:18.740+0000] {processor.py:186} INFO - Started process (PID=995) to work on /home/airflow/.local/lib/python3.12/site-packages/airflow/example_dags/example_dataset_alias_with_no_taskflow.py
[2025-03-23T08:14:18.741+0000] {processor.py:914} INFO - Processing file /home/airflow/.local/lib/python3.12/site-packages/airflow/example_dags/example_dataset_alias_with_no_taskflow.py for tasks to queue
[2025-03-23T08:14:18.744+0000] {logging_mixin.py:190} INFO - [2025-03-23T08:14:18.744+0000] {dagbag.py:588} INFO - Filling up the DagBag from /home/airflow/.local/lib/python3.12/site-packages/airflow/example_dags/example_dataset_alias_with_no_taskflow.py
[2025-03-23T08:14:19.555+0000] {processor.py:925} INFO - DAG(s) 'dataset_s3_bucket_producer_with_no_taskflow', 'dataset_s3_bucket_consumer_with_no_taskflow', 'dataset_alias_example_alias_producer_with_no_taskflow', 'dataset_alias_example_alias_consumer_with_no_taskflow' retrieved from /home/airflow/.local/lib/python3.12/site-packages/airflow/example_dags/example_dataset_alias_with_no_taskflow.py
[2025-03-23T08:14:19.583+0000] {logging_mixin.py:190} INFO - [2025-03-23T08:14:19.582+0000] {dag.py:3239} INFO - Sync 4 DAGs
[2025-03-23T08:14:19.610+0000] {logging_mixin.py:190} INFO - [2025-03-23T08:14:19.610+0000] {dag.py:4180} INFO - Setting next_dagrun for dataset_alias_example_alias_consumer_with_no_taskflow to None, run_after=None
[2025-03-23T08:14:19.614+0000] {logging_mixin.py:190} INFO - [2025-03-23T08:14:19.614+0000] {dag.py:4180} INFO - Setting next_dagrun for dataset_alias_example_alias_producer_with_no_taskflow to None, run_after=None
[2025-03-23T08:14:19.616+0000] {logging_mixin.py:190} INFO - [2025-03-23T08:14:19.616+0000] {dag.py:4180} INFO - Setting next_dagrun for dataset_s3_bucket_consumer_with_no_taskflow to None, run_after=None
[2025-03-23T08:14:19.618+0000] {logging_mixin.py:190} INFO - [2025-03-23T08:14:19.618+0000] {dag.py:4180} INFO - Setting next_dagrun for dataset_s3_bucket_producer_with_no_taskflow to None, run_after=None
[2025-03-23T08:14:19.723+0000] {processor.py:208} INFO - Processing /home/airflow/.local/lib/python3.12/site-packages/airflow/example_dags/example_dataset_alias_with_no_taskflow.py took 0.992 seconds
[2025-03-23T08:14:51.253+0000] {processor.py:186} INFO - Started process (PID=1087) to work on /home/airflow/.local/lib/python3.12/site-packages/airflow/example_dags/example_dataset_alias_with_no_taskflow.py
[2025-03-23T08:14:51.255+0000] {processor.py:914} INFO - Processing file /home/airflow/.local/lib/python3.12/site-packages/airflow/example_dags/example_dataset_alias_with_no_taskflow.py for tasks to queue
[2025-03-23T08:14:51.259+0000] {logging_mixin.py:190} INFO - [2025-03-23T08:14:51.258+0000] {dagbag.py:588} INFO - Filling up the DagBag from /home/airflow/.local/lib/python3.12/site-packages/airflow/example_dags/example_dataset_alias_with_no_taskflow.py
[2025-03-23T08:14:52.347+0000] {processor.py:925} INFO - DAG(s) 'dataset_alias_example_alias_consumer_with_no_taskflow', 'dataset_s3_bucket_consumer_with_no_taskflow', 'dataset_alias_example_alias_producer_with_no_taskflow', 'dataset_s3_bucket_producer_with_no_taskflow' retrieved from /home/airflow/.local/lib/python3.12/site-packages/airflow/example_dags/example_dataset_alias_with_no_taskflow.py
[2025-03-23T08:14:52.401+0000] {logging_mixin.py:190} INFO - [2025-03-23T08:14:52.400+0000] {dag.py:3239} INFO - Sync 4 DAGs
[2025-03-23T08:14:52.449+0000] {logging_mixin.py:190} INFO - [2025-03-23T08:14:52.448+0000] {dag.py:4180} INFO - Setting next_dagrun for dataset_alias_example_alias_consumer_with_no_taskflow to None, run_after=None
[2025-03-23T08:14:52.454+0000] {logging_mixin.py:190} INFO - [2025-03-23T08:14:52.454+0000] {dag.py:4180} INFO - Setting next_dagrun for dataset_alias_example_alias_producer_with_no_taskflow to None, run_after=None
[2025-03-23T08:14:52.458+0000] {logging_mixin.py:190} INFO - [2025-03-23T08:14:52.457+0000] {dag.py:4180} INFO - Setting next_dagrun for dataset_s3_bucket_consumer_with_no_taskflow to None, run_after=None
[2025-03-23T08:14:52.461+0000] {logging_mixin.py:190} INFO - [2025-03-23T08:14:52.461+0000] {dag.py:4180} INFO - Setting next_dagrun for dataset_s3_bucket_producer_with_no_taskflow to None, run_after=None
[2025-03-23T08:14:52.649+0000] {processor.py:208} INFO - Processing /home/airflow/.local/lib/python3.12/site-packages/airflow/example_dags/example_dataset_alias_with_no_taskflow.py took 1.406 seconds
[2025-03-23T08:15:23.871+0000] {processor.py:186} INFO - Started process (PID=1162) to work on /home/airflow/.local/lib/python3.12/site-packages/airflow/example_dags/example_dataset_alias_with_no_taskflow.py
[2025-03-23T08:15:23.872+0000] {processor.py:914} INFO - Processing file /home/airflow/.local/lib/python3.12/site-packages/airflow/example_dags/example_dataset_alias_with_no_taskflow.py for tasks to queue
[2025-03-23T08:15:23.877+0000] {logging_mixin.py:190} INFO - [2025-03-23T08:15:23.876+0000] {dagbag.py:588} INFO - Filling up the DagBag from /home/airflow/.local/lib/python3.12/site-packages/airflow/example_dags/example_dataset_alias_with_no_taskflow.py
[2025-03-23T08:15:24.899+0000] {processor.py:925} INFO - DAG(s) 'dataset_alias_example_alias_consumer_with_no_taskflow', 'dataset_alias_example_alias_producer_with_no_taskflow', 'dataset_s3_bucket_consumer_with_no_taskflow', 'dataset_s3_bucket_producer_with_no_taskflow' retrieved from /home/airflow/.local/lib/python3.12/site-packages/airflow/example_dags/example_dataset_alias_with_no_taskflow.py
[2025-03-23T08:15:24.934+0000] {logging_mixin.py:190} INFO - [2025-03-23T08:15:24.933+0000] {dag.py:3239} INFO - Sync 4 DAGs
[2025-03-23T08:15:24.981+0000] {logging_mixin.py:190} INFO - [2025-03-23T08:15:24.980+0000] {dag.py:4180} INFO - Setting next_dagrun for dataset_alias_example_alias_consumer_with_no_taskflow to None, run_after=None
[2025-03-23T08:15:24.986+0000] {logging_mixin.py:190} INFO - [2025-03-23T08:15:24.985+0000] {dag.py:4180} INFO - Setting next_dagrun for dataset_alias_example_alias_producer_with_no_taskflow to None, run_after=None
[2025-03-23T08:15:24.989+0000] {logging_mixin.py:190} INFO - [2025-03-23T08:15:24.988+0000] {dag.py:4180} INFO - Setting next_dagrun for dataset_s3_bucket_consumer_with_no_taskflow to None, run_after=None
[2025-03-23T08:15:24.993+0000] {logging_mixin.py:190} INFO - [2025-03-23T08:15:24.993+0000] {dag.py:4180} INFO - Setting next_dagrun for dataset_s3_bucket_producer_with_no_taskflow to None, run_after=None
[2025-03-23T08:15:25.107+0000] {processor.py:208} INFO - Processing /home/airflow/.local/lib/python3.12/site-packages/airflow/example_dags/example_dataset_alias_with_no_taskflow.py took 1.250 seconds
[2025-03-23T08:15:55.209+0000] {processor.py:186} INFO - Started process (PID=1234) to work on /home/airflow/.local/lib/python3.12/site-packages/airflow/example_dags/example_dataset_alias_with_no_taskflow.py
[2025-03-23T08:15:55.210+0000] {processor.py:914} INFO - Processing file /home/airflow/.local/lib/python3.12/site-packages/airflow/example_dags/example_dataset_alias_with_no_taskflow.py for tasks to queue
[2025-03-23T08:15:55.214+0000] {logging_mixin.py:190} INFO - [2025-03-23T08:15:55.214+0000] {dagbag.py:588} INFO - Filling up the DagBag from /home/airflow/.local/lib/python3.12/site-packages/airflow/example_dags/example_dataset_alias_with_no_taskflow.py
[2025-03-23T08:15:55.992+0000] {processor.py:925} INFO - DAG(s) 'dataset_alias_example_alias_producer_with_no_taskflow', 'dataset_s3_bucket_consumer_with_no_taskflow', 'dataset_s3_bucket_producer_with_no_taskflow', 'dataset_alias_example_alias_consumer_with_no_taskflow' retrieved from /home/airflow/.local/lib/python3.12/site-packages/airflow/example_dags/example_dataset_alias_with_no_taskflow.py
[2025-03-23T08:15:56.026+0000] {logging_mixin.py:190} INFO - [2025-03-23T08:15:56.025+0000] {dag.py:3239} INFO - Sync 4 DAGs
[2025-03-23T08:15:56.059+0000] {logging_mixin.py:190} INFO - [2025-03-23T08:15:56.058+0000] {dag.py:4180} INFO - Setting next_dagrun for dataset_alias_example_alias_consumer_with_no_taskflow to None, run_after=None
[2025-03-23T08:15:56.062+0000] {logging_mixin.py:190} INFO - [2025-03-23T08:15:56.062+0000] {dag.py:4180} INFO - Setting next_dagrun for dataset_alias_example_alias_producer_with_no_taskflow to None, run_after=None
[2025-03-23T08:15:56.066+0000] {logging_mixin.py:190} INFO - [2025-03-23T08:15:56.065+0000] {dag.py:4180} INFO - Setting next_dagrun for dataset_s3_bucket_consumer_with_no_taskflow to None, run_after=None
[2025-03-23T08:15:56.068+0000] {logging_mixin.py:190} INFO - [2025-03-23T08:15:56.067+0000] {dag.py:4180} INFO - Setting next_dagrun for dataset_s3_bucket_producer_with_no_taskflow to None, run_after=None
[2025-03-23T08:15:56.129+0000] {processor.py:208} INFO - Processing /home/airflow/.local/lib/python3.12/site-packages/airflow/example_dags/example_dataset_alias_with_no_taskflow.py took 0.936 seconds
[2025-03-23T08:16:26.602+0000] {processor.py:186} INFO - Started process (PID=1299) to work on /home/airflow/.local/lib/python3.12/site-packages/airflow/example_dags/example_dataset_alias_with_no_taskflow.py
[2025-03-23T08:16:26.603+0000] {processor.py:914} INFO - Processing file /home/airflow/.local/lib/python3.12/site-packages/airflow/example_dags/example_dataset_alias_with_no_taskflow.py for tasks to queue
[2025-03-23T08:16:26.607+0000] {logging_mixin.py:190} INFO - [2025-03-23T08:16:26.606+0000] {dagbag.py:588} INFO - Filling up the DagBag from /home/airflow/.local/lib/python3.12/site-packages/airflow/example_dags/example_dataset_alias_with_no_taskflow.py
[2025-03-23T08:16:27.357+0000] {processor.py:925} INFO - DAG(s) 'dataset_s3_bucket_producer_with_no_taskflow', 'dataset_s3_bucket_consumer_with_no_taskflow', 'dataset_alias_example_alias_consumer_with_no_taskflow', 'dataset_alias_example_alias_producer_with_no_taskflow' retrieved from /home/airflow/.local/lib/python3.12/site-packages/airflow/example_dags/example_dataset_alias_with_no_taskflow.py
[2025-03-23T08:16:27.384+0000] {logging_mixin.py:190} INFO - [2025-03-23T08:16:27.383+0000] {dag.py:3239} INFO - Sync 4 DAGs
[2025-03-23T08:16:27.412+0000] {logging_mixin.py:190} INFO - [2025-03-23T08:16:27.412+0000] {dag.py:4180} INFO - Setting next_dagrun for dataset_alias_example_alias_consumer_with_no_taskflow to None, run_after=None
[2025-03-23T08:16:27.416+0000] {logging_mixin.py:190} INFO - [2025-03-23T08:16:27.415+0000] {dag.py:4180} INFO - Setting next_dagrun for dataset_alias_example_alias_producer_with_no_taskflow to None, run_after=None
[2025-03-23T08:16:27.418+0000] {logging_mixin.py:190} INFO - [2025-03-23T08:16:27.418+0000] {dag.py:4180} INFO - Setting next_dagrun for dataset_s3_bucket_consumer_with_no_taskflow to None, run_after=None
[2025-03-23T08:16:27.420+0000] {logging_mixin.py:190} INFO - [2025-03-23T08:16:27.420+0000] {dag.py:4180} INFO - Setting next_dagrun for dataset_s3_bucket_producer_with_no_taskflow to None, run_after=None
[2025-03-23T08:16:27.471+0000] {processor.py:208} INFO - Processing /home/airflow/.local/lib/python3.12/site-packages/airflow/example_dags/example_dataset_alias_with_no_taskflow.py took 0.882 seconds
[2025-03-23T08:16:58.405+0000] {processor.py:186} INFO - Started process (PID=1363) to work on /home/airflow/.local/lib/python3.12/site-packages/airflow/example_dags/example_dataset_alias_with_no_taskflow.py
[2025-03-23T08:16:58.406+0000] {processor.py:914} INFO - Processing file /home/airflow/.local/lib/python3.12/site-packages/airflow/example_dags/example_dataset_alias_with_no_taskflow.py for tasks to queue
[2025-03-23T08:16:58.410+0000] {logging_mixin.py:190} INFO - [2025-03-23T08:16:58.409+0000] {dagbag.py:588} INFO - Filling up the DagBag from /home/airflow/.local/lib/python3.12/site-packages/airflow/example_dags/example_dataset_alias_with_no_taskflow.py
[2025-03-23T08:16:59.075+0000] {processor.py:925} INFO - DAG(s) 'dataset_alias_example_alias_consumer_with_no_taskflow', 'dataset_alias_example_alias_producer_with_no_taskflow', 'dataset_s3_bucket_consumer_with_no_taskflow', 'dataset_s3_bucket_producer_with_no_taskflow' retrieved from /home/airflow/.local/lib/python3.12/site-packages/airflow/example_dags/example_dataset_alias_with_no_taskflow.py
[2025-03-23T08:16:59.101+0000] {logging_mixin.py:190} INFO - [2025-03-23T08:16:59.100+0000] {dag.py:3239} INFO - Sync 4 DAGs
[2025-03-23T08:16:59.138+0000] {logging_mixin.py:190} INFO - [2025-03-23T08:16:59.137+0000] {dag.py:4180} INFO - Setting next_dagrun for dataset_alias_example_alias_consumer_with_no_taskflow to None, run_after=None
[2025-03-23T08:16:59.141+0000] {logging_mixin.py:190} INFO - [2025-03-23T08:16:59.141+0000] {dag.py:4180} INFO - Setting next_dagrun for dataset_alias_example_alias_producer_with_no_taskflow to None, run_after=None
[2025-03-23T08:16:59.143+0000] {logging_mixin.py:190} INFO - [2025-03-23T08:16:59.143+0000] {dag.py:4180} INFO - Setting next_dagrun for dataset_s3_bucket_consumer_with_no_taskflow to None, run_after=None
[2025-03-23T08:16:59.145+0000] {logging_mixin.py:190} INFO - [2025-03-23T08:16:59.144+0000] {dag.py:4180} INFO - Setting next_dagrun for dataset_s3_bucket_producer_with_no_taskflow to None, run_after=None
[2025-03-23T08:16:59.216+0000] {processor.py:208} INFO - Processing /home/airflow/.local/lib/python3.12/site-packages/airflow/example_dags/example_dataset_alias_with_no_taskflow.py took 0.824 seconds
[2025-03-23T08:17:29.674+0000] {processor.py:186} INFO - Started process (PID=1428) to work on /home/airflow/.local/lib/python3.12/site-packages/airflow/example_dags/example_dataset_alias_with_no_taskflow.py
[2025-03-23T08:17:29.676+0000] {processor.py:914} INFO - Processing file /home/airflow/.local/lib/python3.12/site-packages/airflow/example_dags/example_dataset_alias_with_no_taskflow.py for tasks to queue
[2025-03-23T08:17:29.680+0000] {logging_mixin.py:190} INFO - [2025-03-23T08:17:29.680+0000] {dagbag.py:588} INFO - Filling up the DagBag from /home/airflow/.local/lib/python3.12/site-packages/airflow/example_dags/example_dataset_alias_with_no_taskflow.py
[2025-03-23T08:17:30.478+0000] {processor.py:925} INFO - DAG(s) 'dataset_s3_bucket_producer_with_no_taskflow', 'dataset_s3_bucket_consumer_with_no_taskflow', 'dataset_alias_example_alias_producer_with_no_taskflow', 'dataset_alias_example_alias_consumer_with_no_taskflow' retrieved from /home/airflow/.local/lib/python3.12/site-packages/airflow/example_dags/example_dataset_alias_with_no_taskflow.py
[2025-03-23T08:17:30.507+0000] {logging_mixin.py:190} INFO - [2025-03-23T08:17:30.506+0000] {dag.py:3239} INFO - Sync 4 DAGs
[2025-03-23T08:17:30.541+0000] {logging_mixin.py:190} INFO - [2025-03-23T08:17:30.541+0000] {dag.py:4180} INFO - Setting next_dagrun for dataset_alias_example_alias_consumer_with_no_taskflow to None, run_after=None
[2025-03-23T08:17:30.545+0000] {logging_mixin.py:190} INFO - [2025-03-23T08:17:30.545+0000] {dag.py:4180} INFO - Setting next_dagrun for dataset_alias_example_alias_producer_with_no_taskflow to None, run_after=None
[2025-03-23T08:17:30.548+0000] {logging_mixin.py:190} INFO - [2025-03-23T08:17:30.548+0000] {dag.py:4180} INFO - Setting next_dagrun for dataset_s3_bucket_consumer_with_no_taskflow to None, run_after=None
[2025-03-23T08:17:30.551+0000] {logging_mixin.py:190} INFO - [2025-03-23T08:17:30.551+0000] {dag.py:4180} INFO - Setting next_dagrun for dataset_s3_bucket_producer_with_no_taskflow to None, run_after=None
[2025-03-23T08:17:30.677+0000] {processor.py:208} INFO - Processing /home/airflow/.local/lib/python3.12/site-packages/airflow/example_dags/example_dataset_alias_with_no_taskflow.py took 1.025 seconds
[2025-03-23T08:18:01.356+0000] {processor.py:186} INFO - Started process (PID=1492) to work on /home/airflow/.local/lib/python3.12/site-packages/airflow/example_dags/example_dataset_alias_with_no_taskflow.py
[2025-03-23T08:18:01.358+0000] {processor.py:914} INFO - Processing file /home/airflow/.local/lib/python3.12/site-packages/airflow/example_dags/example_dataset_alias_with_no_taskflow.py for tasks to queue
[2025-03-23T08:18:01.361+0000] {logging_mixin.py:190} INFO - [2025-03-23T08:18:01.361+0000] {dagbag.py:588} INFO - Filling up the DagBag from /home/airflow/.local/lib/python3.12/site-packages/airflow/example_dags/example_dataset_alias_with_no_taskflow.py
[2025-03-23T08:18:02.076+0000] {processor.py:925} INFO - DAG(s) 'dataset_alias_example_alias_consumer_with_no_taskflow', 'dataset_alias_example_alias_producer_with_no_taskflow', 'dataset_s3_bucket_producer_with_no_taskflow', 'dataset_s3_bucket_consumer_with_no_taskflow' retrieved from /home/airflow/.local/lib/python3.12/site-packages/airflow/example_dags/example_dataset_alias_with_no_taskflow.py
[2025-03-23T08:18:02.104+0000] {logging_mixin.py:190} INFO - [2025-03-23T08:18:02.103+0000] {dag.py:3239} INFO - Sync 4 DAGs
[2025-03-23T08:18:02.130+0000] {logging_mixin.py:190} INFO - [2025-03-23T08:18:02.130+0000] {dag.py:4180} INFO - Setting next_dagrun for dataset_alias_example_alias_consumer_with_no_taskflow to None, run_after=None
[2025-03-23T08:18:02.133+0000] {logging_mixin.py:190} INFO - [2025-03-23T08:18:02.133+0000] {dag.py:4180} INFO - Setting next_dagrun for dataset_alias_example_alias_producer_with_no_taskflow to None, run_after=None
[2025-03-23T08:18:02.135+0000] {logging_mixin.py:190} INFO - [2025-03-23T08:18:02.135+0000] {dag.py:4180} INFO - Setting next_dagrun for dataset_s3_bucket_consumer_with_no_taskflow to None, run_after=None
[2025-03-23T08:18:02.138+0000] {logging_mixin.py:190} INFO - [2025-03-23T08:18:02.138+0000] {dag.py:4180} INFO - Setting next_dagrun for dataset_s3_bucket_producer_with_no_taskflow to None, run_after=None
[2025-03-23T08:18:02.239+0000] {processor.py:208} INFO - Processing /home/airflow/.local/lib/python3.12/site-packages/airflow/example_dags/example_dataset_alias_with_no_taskflow.py took 0.895 seconds
[2025-03-23T08:18:32.331+0000] {processor.py:186} INFO - Started process (PID=1556) to work on /home/airflow/.local/lib/python3.12/site-packages/airflow/example_dags/example_dataset_alias_with_no_taskflow.py
[2025-03-23T08:18:32.333+0000] {processor.py:914} INFO - Processing file /home/airflow/.local/lib/python3.12/site-packages/airflow/example_dags/example_dataset_alias_with_no_taskflow.py for tasks to queue
[2025-03-23T08:18:32.337+0000] {logging_mixin.py:190} INFO - [2025-03-23T08:18:32.336+0000] {dagbag.py:588} INFO - Filling up the DagBag from /home/airflow/.local/lib/python3.12/site-packages/airflow/example_dags/example_dataset_alias_with_no_taskflow.py
[2025-03-23T08:18:33.054+0000] {processor.py:925} INFO - DAG(s) 'dataset_s3_bucket_consumer_with_no_taskflow', 'dataset_alias_example_alias_consumer_with_no_taskflow', 'dataset_s3_bucket_producer_with_no_taskflow', 'dataset_alias_example_alias_producer_with_no_taskflow' retrieved from /home/airflow/.local/lib/python3.12/site-packages/airflow/example_dags/example_dataset_alias_with_no_taskflow.py
[2025-03-23T08:18:33.085+0000] {logging_mixin.py:190} INFO - [2025-03-23T08:18:33.084+0000] {dag.py:3239} INFO - Sync 4 DAGs
[2025-03-23T08:18:33.116+0000] {logging_mixin.py:190} INFO - [2025-03-23T08:18:33.115+0000] {dag.py:4180} INFO - Setting next_dagrun for dataset_alias_example_alias_consumer_with_no_taskflow to None, run_after=None
[2025-03-23T08:18:33.121+0000] {logging_mixin.py:190} INFO - [2025-03-23T08:18:33.120+0000] {dag.py:4180} INFO - Setting next_dagrun for dataset_alias_example_alias_producer_with_no_taskflow to None, run_after=None
[2025-03-23T08:18:33.125+0000] {logging_mixin.py:190} INFO - [2025-03-23T08:18:33.125+0000] {dag.py:4180} INFO - Setting next_dagrun for dataset_s3_bucket_consumer_with_no_taskflow to None, run_after=None
[2025-03-23T08:18:33.128+0000] {logging_mixin.py:190} INFO - [2025-03-23T08:18:33.127+0000] {dag.py:4180} INFO - Setting next_dagrun for dataset_s3_bucket_producer_with_no_taskflow to None, run_after=None
[2025-03-23T08:18:33.221+0000] {processor.py:208} INFO - Processing /home/airflow/.local/lib/python3.12/site-packages/airflow/example_dags/example_dataset_alias_with_no_taskflow.py took 0.908 seconds
[2025-03-23T08:19:04.242+0000] {processor.py:186} INFO - Started process (PID=1624) to work on /home/airflow/.local/lib/python3.12/site-packages/airflow/example_dags/example_dataset_alias_with_no_taskflow.py
[2025-03-23T08:19:04.244+0000] {processor.py:914} INFO - Processing file /home/airflow/.local/lib/python3.12/site-packages/airflow/example_dags/example_dataset_alias_with_no_taskflow.py for tasks to queue
[2025-03-23T08:19:04.248+0000] {logging_mixin.py:190} INFO - [2025-03-23T08:19:04.248+0000] {dagbag.py:588} INFO - Filling up the DagBag from /home/airflow/.local/lib/python3.12/site-packages/airflow/example_dags/example_dataset_alias_with_no_taskflow.py
[2025-03-23T08:19:05.187+0000] {processor.py:925} INFO - DAG(s) 'dataset_alias_example_alias_producer_with_no_taskflow', 'dataset_alias_example_alias_consumer_with_no_taskflow', 'dataset_s3_bucket_consumer_with_no_taskflow', 'dataset_s3_bucket_producer_with_no_taskflow' retrieved from /home/airflow/.local/lib/python3.12/site-packages/airflow/example_dags/example_dataset_alias_with_no_taskflow.py
[2025-03-23T08:19:05.233+0000] {logging_mixin.py:190} INFO - [2025-03-23T08:19:05.231+0000] {dag.py:3239} INFO - Sync 4 DAGs
[2025-03-23T08:19:05.281+0000] {logging_mixin.py:190} INFO - [2025-03-23T08:19:05.279+0000] {dag.py:4180} INFO - Setting next_dagrun for dataset_alias_example_alias_consumer_with_no_taskflow to None, run_after=None
[2025-03-23T08:19:05.286+0000] {logging_mixin.py:190} INFO - [2025-03-23T08:19:05.286+0000] {dag.py:4180} INFO - Setting next_dagrun for dataset_alias_example_alias_producer_with_no_taskflow to None, run_after=None
[2025-03-23T08:19:05.293+0000] {logging_mixin.py:190} INFO - [2025-03-23T08:19:05.293+0000] {dag.py:4180} INFO - Setting next_dagrun for dataset_s3_bucket_consumer_with_no_taskflow to None, run_after=None
[2025-03-23T08:19:05.296+0000] {logging_mixin.py:190} INFO - [2025-03-23T08:19:05.296+0000] {dag.py:4180} INFO - Setting next_dagrun for dataset_s3_bucket_producer_with_no_taskflow to None, run_after=None
[2025-03-23T08:19:05.368+0000] {processor.py:208} INFO - Processing /home/airflow/.local/lib/python3.12/site-packages/airflow/example_dags/example_dataset_alias_with_no_taskflow.py took 1.144 seconds
[2025-03-23T08:19:36.039+0000] {processor.py:186} INFO - Started process (PID=1690) to work on /home/airflow/.local/lib/python3.12/site-packages/airflow/example_dags/example_dataset_alias_with_no_taskflow.py
[2025-03-23T08:19:36.041+0000] {processor.py:914} INFO - Processing file /home/airflow/.local/lib/python3.12/site-packages/airflow/example_dags/example_dataset_alias_with_no_taskflow.py for tasks to queue
[2025-03-23T08:19:36.044+0000] {logging_mixin.py:190} INFO - [2025-03-23T08:19:36.043+0000] {dagbag.py:588} INFO - Filling up the DagBag from /home/airflow/.local/lib/python3.12/site-packages/airflow/example_dags/example_dataset_alias_with_no_taskflow.py
[2025-03-23T08:19:36.884+0000] {processor.py:925} INFO - DAG(s) 'dataset_alias_example_alias_consumer_with_no_taskflow', 'dataset_alias_example_alias_producer_with_no_taskflow', 'dataset_s3_bucket_consumer_with_no_taskflow', 'dataset_s3_bucket_producer_with_no_taskflow' retrieved from /home/airflow/.local/lib/python3.12/site-packages/airflow/example_dags/example_dataset_alias_with_no_taskflow.py
[2025-03-23T08:19:36.921+0000] {logging_mixin.py:190} INFO - [2025-03-23T08:19:36.920+0000] {dag.py:3239} INFO - Sync 4 DAGs
[2025-03-23T08:19:36.952+0000] {logging_mixin.py:190} INFO - [2025-03-23T08:19:36.952+0000] {dag.py:4180} INFO - Setting next_dagrun for dataset_alias_example_alias_consumer_with_no_taskflow to None, run_after=None
[2025-03-23T08:19:36.957+0000] {logging_mixin.py:190} INFO - [2025-03-23T08:19:36.957+0000] {dag.py:4180} INFO - Setting next_dagrun for dataset_alias_example_alias_producer_with_no_taskflow to None, run_after=None
[2025-03-23T08:19:36.960+0000] {logging_mixin.py:190} INFO - [2025-03-23T08:19:36.959+0000] {dag.py:4180} INFO - Setting next_dagrun for dataset_s3_bucket_consumer_with_no_taskflow to None, run_after=None
[2025-03-23T08:19:36.963+0000] {logging_mixin.py:190} INFO - [2025-03-23T08:19:36.962+0000] {dag.py:4180} INFO - Setting next_dagrun for dataset_s3_bucket_producer_with_no_taskflow to None, run_after=None
[2025-03-23T08:19:37.023+0000] {processor.py:208} INFO - Processing /home/airflow/.local/lib/python3.12/site-packages/airflow/example_dags/example_dataset_alias_with_no_taskflow.py took 0.996 seconds
[2025-03-23T08:20:07.363+0000] {processor.py:186} INFO - Started process (PID=1755) to work on /home/airflow/.local/lib/python3.12/site-packages/airflow/example_dags/example_dataset_alias_with_no_taskflow.py
[2025-03-23T08:20:07.365+0000] {processor.py:914} INFO - Processing file /home/airflow/.local/lib/python3.12/site-packages/airflow/example_dags/example_dataset_alias_with_no_taskflow.py for tasks to queue
[2025-03-23T08:20:07.368+0000] {logging_mixin.py:190} INFO - [2025-03-23T08:20:07.367+0000] {dagbag.py:588} INFO - Filling up the DagBag from /home/airflow/.local/lib/python3.12/site-packages/airflow/example_dags/example_dataset_alias_with_no_taskflow.py
[2025-03-23T08:20:08.279+0000] {processor.py:925} INFO - DAG(s) 'dataset_s3_bucket_producer_with_no_taskflow', 'dataset_s3_bucket_consumer_with_no_taskflow', 'dataset_alias_example_alias_consumer_with_no_taskflow', 'dataset_alias_example_alias_producer_with_no_taskflow' retrieved from /home/airflow/.local/lib/python3.12/site-packages/airflow/example_dags/example_dataset_alias_with_no_taskflow.py
[2025-03-23T08:20:08.317+0000] {logging_mixin.py:190} INFO - [2025-03-23T08:20:08.317+0000] {dag.py:3239} INFO - Sync 4 DAGs
[2025-03-23T08:20:08.349+0000] {logging_mixin.py:190} INFO - [2025-03-23T08:20:08.349+0000] {dag.py:4180} INFO - Setting next_dagrun for dataset_alias_example_alias_consumer_with_no_taskflow to None, run_after=None
[2025-03-23T08:20:08.353+0000] {logging_mixin.py:190} INFO - [2025-03-23T08:20:08.353+0000] {dag.py:4180} INFO - Setting next_dagrun for dataset_alias_example_alias_producer_with_no_taskflow to None, run_after=None
[2025-03-23T08:20:08.357+0000] {logging_mixin.py:190} INFO - [2025-03-23T08:20:08.355+0000] {dag.py:4180} INFO - Setting next_dagrun for dataset_s3_bucket_consumer_with_no_taskflow to None, run_after=None
[2025-03-23T08:20:08.363+0000] {logging_mixin.py:190} INFO - [2025-03-23T08:20:08.363+0000] {dag.py:4180} INFO - Setting next_dagrun for dataset_s3_bucket_producer_with_no_taskflow to None, run_after=None
[2025-03-23T08:20:08.469+0000] {processor.py:208} INFO - Processing /home/airflow/.local/lib/python3.12/site-packages/airflow/example_dags/example_dataset_alias_with_no_taskflow.py took 1.123 seconds
[2025-03-23T08:20:39.235+0000] {processor.py:186} INFO - Started process (PID=1822) to work on /home/airflow/.local/lib/python3.12/site-packages/airflow/example_dags/example_dataset_alias_with_no_taskflow.py
[2025-03-23T08:20:39.236+0000] {processor.py:914} INFO - Processing file /home/airflow/.local/lib/python3.12/site-packages/airflow/example_dags/example_dataset_alias_with_no_taskflow.py for tasks to queue
[2025-03-23T08:20:39.240+0000] {logging_mixin.py:190} INFO - [2025-03-23T08:20:39.240+0000] {dagbag.py:588} INFO - Filling up the DagBag from /home/airflow/.local/lib/python3.12/site-packages/airflow/example_dags/example_dataset_alias_with_no_taskflow.py
[2025-03-23T08:20:40.252+0000] {processor.py:925} INFO - DAG(s) 'dataset_alias_example_alias_producer_with_no_taskflow', 'dataset_alias_example_alias_consumer_with_no_taskflow', 'dataset_s3_bucket_producer_with_no_taskflow', 'dataset_s3_bucket_consumer_with_no_taskflow' retrieved from /home/airflow/.local/lib/python3.12/site-packages/airflow/example_dags/example_dataset_alias_with_no_taskflow.py
[2025-03-23T08:20:40.288+0000] {logging_mixin.py:190} INFO - [2025-03-23T08:20:40.287+0000] {dag.py:3239} INFO - Sync 4 DAGs
[2025-03-23T08:20:40.341+0000] {logging_mixin.py:190} INFO - [2025-03-23T08:20:40.340+0000] {dag.py:4180} INFO - Setting next_dagrun for dataset_alias_example_alias_consumer_with_no_taskflow to None, run_after=None
[2025-03-23T08:20:40.346+0000] {logging_mixin.py:190} INFO - [2025-03-23T08:20:40.346+0000] {dag.py:4180} INFO - Setting next_dagrun for dataset_alias_example_alias_producer_with_no_taskflow to None, run_after=None
[2025-03-23T08:20:40.350+0000] {logging_mixin.py:190} INFO - [2025-03-23T08:20:40.349+0000] {dag.py:4180} INFO - Setting next_dagrun for dataset_s3_bucket_consumer_with_no_taskflow to None, run_after=None
[2025-03-23T08:20:40.353+0000] {logging_mixin.py:190} INFO - [2025-03-23T08:20:40.352+0000] {dag.py:4180} INFO - Setting next_dagrun for dataset_s3_bucket_producer_with_no_taskflow to None, run_after=None
[2025-03-23T08:20:40.448+0000] {processor.py:208} INFO - Processing /home/airflow/.local/lib/python3.12/site-packages/airflow/example_dags/example_dataset_alias_with_no_taskflow.py took 1.231 seconds
[2025-03-23T08:26:51.468+0000] {processor.py:186} INFO - Started process (PID=119) to work on /home/airflow/.local/lib/python3.12/site-packages/airflow/example_dags/example_dataset_alias_with_no_taskflow.py
[2025-03-23T08:26:51.610+0000] {processor.py:914} INFO - Processing file /home/airflow/.local/lib/python3.12/site-packages/airflow/example_dags/example_dataset_alias_with_no_taskflow.py for tasks to queue
[2025-03-23T08:26:51.614+0000] {logging_mixin.py:190} INFO - [2025-03-23T08:26:51.613+0000] {dagbag.py:588} INFO - Filling up the DagBag from /home/airflow/.local/lib/python3.12/site-packages/airflow/example_dags/example_dataset_alias_with_no_taskflow.py
[2025-03-23T08:26:52.546+0000] {processor.py:925} INFO - DAG(s) 'dataset_s3_bucket_consumer_with_no_taskflow', 'dataset_alias_example_alias_producer_with_no_taskflow', 'dataset_s3_bucket_producer_with_no_taskflow', 'dataset_alias_example_alias_consumer_with_no_taskflow' retrieved from /home/airflow/.local/lib/python3.12/site-packages/airflow/example_dags/example_dataset_alias_with_no_taskflow.py
[2025-03-23T08:26:52.636+0000] {logging_mixin.py:190} INFO - [2025-03-23T08:26:52.633+0000] {dag.py:3239} INFO - Sync 4 DAGs
[2025-03-23T08:26:52.726+0000] {logging_mixin.py:190} INFO - [2025-03-23T08:26:52.726+0000] {dag.py:4180} INFO - Setting next_dagrun for dataset_alias_example_alias_consumer_with_no_taskflow to None, run_after=None
[2025-03-23T08:26:52.733+0000] {logging_mixin.py:190} INFO - [2025-03-23T08:26:52.733+0000] {dag.py:4180} INFO - Setting next_dagrun for dataset_alias_example_alias_producer_with_no_taskflow to None, run_after=None
[2025-03-23T08:26:52.737+0000] {logging_mixin.py:190} INFO - [2025-03-23T08:26:52.737+0000] {dag.py:4180} INFO - Setting next_dagrun for dataset_s3_bucket_consumer_with_no_taskflow to None, run_after=None
[2025-03-23T08:26:52.742+0000] {logging_mixin.py:190} INFO - [2025-03-23T08:26:52.741+0000] {dag.py:4180} INFO - Setting next_dagrun for dataset_s3_bucket_producer_with_no_taskflow to None, run_after=None
[2025-03-23T08:26:52.967+0000] {processor.py:208} INFO - Processing /home/airflow/.local/lib/python3.12/site-packages/airflow/example_dags/example_dataset_alias_with_no_taskflow.py took 1.507 seconds
[2025-03-23T08:27:23.259+0000] {processor.py:186} INFO - Started process (PID=185) to work on /home/airflow/.local/lib/python3.12/site-packages/airflow/example_dags/example_dataset_alias_with_no_taskflow.py
[2025-03-23T08:27:23.267+0000] {processor.py:914} INFO - Processing file /home/airflow/.local/lib/python3.12/site-packages/airflow/example_dags/example_dataset_alias_with_no_taskflow.py for tasks to queue
[2025-03-23T08:27:23.271+0000] {logging_mixin.py:190} INFO - [2025-03-23T08:27:23.271+0000] {dagbag.py:588} INFO - Filling up the DagBag from /home/airflow/.local/lib/python3.12/site-packages/airflow/example_dags/example_dataset_alias_with_no_taskflow.py
[2025-03-23T08:27:24.191+0000] {processor.py:925} INFO - DAG(s) 'dataset_s3_bucket_consumer_with_no_taskflow', 'dataset_s3_bucket_producer_with_no_taskflow', 'dataset_alias_example_alias_producer_with_no_taskflow', 'dataset_alias_example_alias_consumer_with_no_taskflow' retrieved from /home/airflow/.local/lib/python3.12/site-packages/airflow/example_dags/example_dataset_alias_with_no_taskflow.py
[2025-03-23T08:27:24.232+0000] {logging_mixin.py:190} INFO - [2025-03-23T08:27:24.230+0000] {dag.py:3239} INFO - Sync 4 DAGs
[2025-03-23T08:27:24.279+0000] {logging_mixin.py:190} INFO - [2025-03-23T08:27:24.279+0000] {dag.py:4180} INFO - Setting next_dagrun for dataset_alias_example_alias_consumer_with_no_taskflow to None, run_after=None
[2025-03-23T08:27:24.284+0000] {logging_mixin.py:190} INFO - [2025-03-23T08:27:24.284+0000] {dag.py:4180} INFO - Setting next_dagrun for dataset_alias_example_alias_producer_with_no_taskflow to None, run_after=None
[2025-03-23T08:27:24.287+0000] {logging_mixin.py:190} INFO - [2025-03-23T08:27:24.287+0000] {dag.py:4180} INFO - Setting next_dagrun for dataset_s3_bucket_consumer_with_no_taskflow to None, run_after=None
[2025-03-23T08:27:24.290+0000] {logging_mixin.py:190} INFO - [2025-03-23T08:27:24.289+0000] {dag.py:4180} INFO - Setting next_dagrun for dataset_s3_bucket_producer_with_no_taskflow to None, run_after=None
[2025-03-23T08:27:24.362+0000] {processor.py:208} INFO - Processing /home/airflow/.local/lib/python3.12/site-packages/airflow/example_dags/example_dataset_alias_with_no_taskflow.py took 1.116 seconds
[2025-03-23T08:27:55.291+0000] {processor.py:186} INFO - Started process (PID=249) to work on /home/airflow/.local/lib/python3.12/site-packages/airflow/example_dags/example_dataset_alias_with_no_taskflow.py
[2025-03-23T08:27:55.292+0000] {processor.py:914} INFO - Processing file /home/airflow/.local/lib/python3.12/site-packages/airflow/example_dags/example_dataset_alias_with_no_taskflow.py for tasks to queue
[2025-03-23T08:27:55.295+0000] {logging_mixin.py:190} INFO - [2025-03-23T08:27:55.295+0000] {dagbag.py:588} INFO - Filling up the DagBag from /home/airflow/.local/lib/python3.12/site-packages/airflow/example_dags/example_dataset_alias_with_no_taskflow.py
[2025-03-23T08:27:56.196+0000] {processor.py:925} INFO - DAG(s) 'dataset_alias_example_alias_producer_with_no_taskflow', 'dataset_s3_bucket_producer_with_no_taskflow', 'dataset_s3_bucket_consumer_with_no_taskflow', 'dataset_alias_example_alias_consumer_with_no_taskflow' retrieved from /home/airflow/.local/lib/python3.12/site-packages/airflow/example_dags/example_dataset_alias_with_no_taskflow.py
[2025-03-23T08:27:56.227+0000] {logging_mixin.py:190} INFO - [2025-03-23T08:27:56.227+0000] {dag.py:3239} INFO - Sync 4 DAGs
[2025-03-23T08:27:56.264+0000] {logging_mixin.py:190} INFO - [2025-03-23T08:27:56.264+0000] {dag.py:4180} INFO - Setting next_dagrun for dataset_alias_example_alias_consumer_with_no_taskflow to None, run_after=None
[2025-03-23T08:27:56.267+0000] {logging_mixin.py:190} INFO - [2025-03-23T08:27:56.267+0000] {dag.py:4180} INFO - Setting next_dagrun for dataset_alias_example_alias_producer_with_no_taskflow to None, run_after=None
[2025-03-23T08:27:56.270+0000] {logging_mixin.py:190} INFO - [2025-03-23T08:27:56.270+0000] {dag.py:4180} INFO - Setting next_dagrun for dataset_s3_bucket_consumer_with_no_taskflow to None, run_after=None
[2025-03-23T08:27:56.272+0000] {logging_mixin.py:190} INFO - [2025-03-23T08:27:56.272+0000] {dag.py:4180} INFO - Setting next_dagrun for dataset_s3_bucket_producer_with_no_taskflow to None, run_after=None
[2025-03-23T08:27:56.345+0000] {processor.py:208} INFO - Processing /home/airflow/.local/lib/python3.12/site-packages/airflow/example_dags/example_dataset_alias_with_no_taskflow.py took 1.061 seconds
[2025-03-23T08:28:26.663+0000] {processor.py:186} INFO - Started process (PID=317) to work on /home/airflow/.local/lib/python3.12/site-packages/airflow/example_dags/example_dataset_alias_with_no_taskflow.py
[2025-03-23T08:28:26.665+0000] {processor.py:914} INFO - Processing file /home/airflow/.local/lib/python3.12/site-packages/airflow/example_dags/example_dataset_alias_with_no_taskflow.py for tasks to queue
[2025-03-23T08:28:26.670+0000] {logging_mixin.py:190} INFO - [2025-03-23T08:28:26.669+0000] {dagbag.py:588} INFO - Filling up the DagBag from /home/airflow/.local/lib/python3.12/site-packages/airflow/example_dags/example_dataset_alias_with_no_taskflow.py
[2025-03-23T08:28:27.773+0000] {processor.py:925} INFO - DAG(s) 'dataset_alias_example_alias_producer_with_no_taskflow', 'dataset_s3_bucket_producer_with_no_taskflow', 'dataset_s3_bucket_consumer_with_no_taskflow', 'dataset_alias_example_alias_consumer_with_no_taskflow' retrieved from /home/airflow/.local/lib/python3.12/site-packages/airflow/example_dags/example_dataset_alias_with_no_taskflow.py
[2025-03-23T08:28:27.808+0000] {logging_mixin.py:190} INFO - [2025-03-23T08:28:27.807+0000] {dag.py:3239} INFO - Sync 4 DAGs
[2025-03-23T08:28:27.841+0000] {logging_mixin.py:190} INFO - [2025-03-23T08:28:27.841+0000] {dag.py:4180} INFO - Setting next_dagrun for dataset_alias_example_alias_consumer_with_no_taskflow to None, run_after=None
[2025-03-23T08:28:27.846+0000] {logging_mixin.py:190} INFO - [2025-03-23T08:28:27.845+0000] {dag.py:4180} INFO - Setting next_dagrun for dataset_alias_example_alias_producer_with_no_taskflow to None, run_after=None
[2025-03-23T08:28:27.850+0000] {logging_mixin.py:190} INFO - [2025-03-23T08:28:27.849+0000] {dag.py:4180} INFO - Setting next_dagrun for dataset_s3_bucket_consumer_with_no_taskflow to None, run_after=None
[2025-03-23T08:28:27.852+0000] {logging_mixin.py:190} INFO - [2025-03-23T08:28:27.852+0000] {dag.py:4180} INFO - Setting next_dagrun for dataset_s3_bucket_producer_with_no_taskflow to None, run_after=None
[2025-03-23T08:28:27.920+0000] {processor.py:208} INFO - Processing /home/airflow/.local/lib/python3.12/site-packages/airflow/example_dags/example_dataset_alias_with_no_taskflow.py took 1.269 seconds
[2025-03-23T08:28:58.670+0000] {processor.py:186} INFO - Started process (PID=385) to work on /home/airflow/.local/lib/python3.12/site-packages/airflow/example_dags/example_dataset_alias_with_no_taskflow.py
[2025-03-23T08:28:58.672+0000] {processor.py:914} INFO - Processing file /home/airflow/.local/lib/python3.12/site-packages/airflow/example_dags/example_dataset_alias_with_no_taskflow.py for tasks to queue
[2025-03-23T08:28:58.676+0000] {logging_mixin.py:190} INFO - [2025-03-23T08:28:58.675+0000] {dagbag.py:588} INFO - Filling up the DagBag from /home/airflow/.local/lib/python3.12/site-packages/airflow/example_dags/example_dataset_alias_with_no_taskflow.py
[2025-03-23T08:28:59.890+0000] {processor.py:925} INFO - DAG(s) 'dataset_alias_example_alias_consumer_with_no_taskflow', 'dataset_s3_bucket_consumer_with_no_taskflow', 'dataset_s3_bucket_producer_with_no_taskflow', 'dataset_alias_example_alias_producer_with_no_taskflow' retrieved from /home/airflow/.local/lib/python3.12/site-packages/airflow/example_dags/example_dataset_alias_with_no_taskflow.py
[2025-03-23T08:28:59.927+0000] {logging_mixin.py:190} INFO - [2025-03-23T08:28:59.926+0000] {dag.py:3239} INFO - Sync 4 DAGs
[2025-03-23T08:28:59.970+0000] {logging_mixin.py:190} INFO - [2025-03-23T08:28:59.970+0000] {dag.py:4180} INFO - Setting next_dagrun for dataset_alias_example_alias_consumer_with_no_taskflow to None, run_after=None
[2025-03-23T08:28:59.976+0000] {logging_mixin.py:190} INFO - [2025-03-23T08:28:59.975+0000] {dag.py:4180} INFO - Setting next_dagrun for dataset_alias_example_alias_producer_with_no_taskflow to None, run_after=None
[2025-03-23T08:28:59.981+0000] {logging_mixin.py:190} INFO - [2025-03-23T08:28:59.980+0000] {dag.py:4180} INFO - Setting next_dagrun for dataset_s3_bucket_consumer_with_no_taskflow to None, run_after=None
[2025-03-23T08:28:59.984+0000] {logging_mixin.py:190} INFO - [2025-03-23T08:28:59.984+0000] {dag.py:4180} INFO - Setting next_dagrun for dataset_s3_bucket_producer_with_no_taskflow to None, run_after=None
[2025-03-23T08:29:00.295+0000] {processor.py:208} INFO - Processing /home/airflow/.local/lib/python3.12/site-packages/airflow/example_dags/example_dataset_alias_with_no_taskflow.py took 1.636 seconds
[2025-03-23T08:29:30.507+0000] {processor.py:186} INFO - Started process (PID=450) to work on /home/airflow/.local/lib/python3.12/site-packages/airflow/example_dags/example_dataset_alias_with_no_taskflow.py
[2025-03-23T08:29:30.508+0000] {processor.py:914} INFO - Processing file /home/airflow/.local/lib/python3.12/site-packages/airflow/example_dags/example_dataset_alias_with_no_taskflow.py for tasks to queue
[2025-03-23T08:29:30.512+0000] {logging_mixin.py:190} INFO - [2025-03-23T08:29:30.512+0000] {dagbag.py:588} INFO - Filling up the DagBag from /home/airflow/.local/lib/python3.12/site-packages/airflow/example_dags/example_dataset_alias_with_no_taskflow.py
[2025-03-23T08:29:32.411+0000] {processor.py:925} INFO - DAG(s) 'dataset_alias_example_alias_producer_with_no_taskflow', 'dataset_alias_example_alias_consumer_with_no_taskflow', 'dataset_s3_bucket_consumer_with_no_taskflow', 'dataset_s3_bucket_producer_with_no_taskflow' retrieved from /home/airflow/.local/lib/python3.12/site-packages/airflow/example_dags/example_dataset_alias_with_no_taskflow.py
[2025-03-23T08:29:32.485+0000] {logging_mixin.py:190} INFO - [2025-03-23T08:29:32.484+0000] {dag.py:3239} INFO - Sync 4 DAGs
[2025-03-23T08:29:32.570+0000] {logging_mixin.py:190} INFO - [2025-03-23T08:29:32.569+0000] {dag.py:4180} INFO - Setting next_dagrun for dataset_alias_example_alias_consumer_with_no_taskflow to None, run_after=None
[2025-03-23T08:29:32.578+0000] {logging_mixin.py:190} INFO - [2025-03-23T08:29:32.577+0000] {dag.py:4180} INFO - Setting next_dagrun for dataset_alias_example_alias_producer_with_no_taskflow to None, run_after=None
[2025-03-23T08:29:32.582+0000] {logging_mixin.py:190} INFO - [2025-03-23T08:29:32.581+0000] {dag.py:4180} INFO - Setting next_dagrun for dataset_s3_bucket_consumer_with_no_taskflow to None, run_after=None
[2025-03-23T08:29:32.585+0000] {logging_mixin.py:190} INFO - [2025-03-23T08:29:32.585+0000] {dag.py:4180} INFO - Setting next_dagrun for dataset_s3_bucket_producer_with_no_taskflow to None, run_after=None
[2025-03-23T08:29:32.660+0000] {processor.py:208} INFO - Processing /home/airflow/.local/lib/python3.12/site-packages/airflow/example_dags/example_dataset_alias_with_no_taskflow.py took 2.164 seconds
[2025-03-23T08:30:02.790+0000] {processor.py:186} INFO - Started process (PID=517) to work on /home/airflow/.local/lib/python3.12/site-packages/airflow/example_dags/example_dataset_alias_with_no_taskflow.py
[2025-03-23T08:30:02.792+0000] {processor.py:914} INFO - Processing file /home/airflow/.local/lib/python3.12/site-packages/airflow/example_dags/example_dataset_alias_with_no_taskflow.py for tasks to queue
[2025-03-23T08:30:02.797+0000] {logging_mixin.py:190} INFO - [2025-03-23T08:30:02.796+0000] {dagbag.py:588} INFO - Filling up the DagBag from /home/airflow/.local/lib/python3.12/site-packages/airflow/example_dags/example_dataset_alias_with_no_taskflow.py
