[2025-03-23T08:07:09.711+0000] {processor.py:186} INFO - Started process (PID=120) to work on /home/airflow/.local/lib/python3.12/site-packages/airflow/example_dags/example_dataset_alias.py
[2025-03-23T08:07:09.713+0000] {processor.py:914} INFO - Processing file /home/airflow/.local/lib/python3.12/site-packages/airflow/example_dags/example_dataset_alias.py for tasks to queue
[2025-03-23T08:07:09.717+0000] {logging_mixin.py:190} INFO - [2025-03-23T08:07:09.716+0000] {dagbag.py:588} INFO - Filling up the DagBag from /home/airflow/.local/lib/python3.12/site-packages/airflow/example_dags/example_dataset_alias.py
[2025-03-23T08:07:10.693+0000] {processor.py:925} INFO - DAG(s) 'dataset_s3_bucket_consumer', 'dataset_alias_example_alias_producer', 'dataset_s3_bucket_producer', 'dataset_alias_example_alias_consumer' retrieved from /home/airflow/.local/lib/python3.12/site-packages/airflow/example_dags/example_dataset_alias.py
[2025-03-23T08:07:11.390+0000] {logging_mixin.py:190} INFO - [2025-03-23T08:07:11.389+0000] {override.py:1911} INFO - Created Permission View: can edit on DAG:dataset_s3_bucket_consumer
[2025-03-23T08:07:11.434+0000] {logging_mixin.py:190} INFO - [2025-03-23T08:07:11.433+0000] {override.py:1911} INFO - Created Permission View: can delete on DAG:dataset_s3_bucket_consumer
[2025-03-23T08:07:11.489+0000] {logging_mixin.py:190} INFO - [2025-03-23T08:07:11.489+0000] {override.py:1911} INFO - Created Permission View: can read on DAG:dataset_s3_bucket_consumer
[2025-03-23T08:07:11.633+0000] {logging_mixin.py:190} INFO - [2025-03-23T08:07:11.633+0000] {override.py:1911} INFO - Created Permission View: menu access on DAG Run:dataset_s3_bucket_consumer
[2025-03-23T08:07:11.678+0000] {logging_mixin.py:190} INFO - [2025-03-23T08:07:11.677+0000] {override.py:1911} INFO - Created Permission View: can create on DAG Run:dataset_s3_bucket_consumer
[2025-03-23T08:07:11.734+0000] {logging_mixin.py:190} INFO - [2025-03-23T08:07:11.733+0000] {override.py:1911} INFO - Created Permission View: can read on DAG Run:dataset_s3_bucket_consumer
[2025-03-23T08:07:11.778+0000] {logging_mixin.py:190} INFO - [2025-03-23T08:07:11.778+0000] {override.py:1911} INFO - Created Permission View: can delete on DAG Run:dataset_s3_bucket_consumer
[2025-03-23T08:07:11.900+0000] {logging_mixin.py:190} INFO - [2025-03-23T08:07:11.900+0000] {override.py:1911} INFO - Created Permission View: can edit on DAG:dataset_alias_example_alias_producer
[2025-03-23T08:07:11.945+0000] {logging_mixin.py:190} INFO - [2025-03-23T08:07:11.944+0000] {override.py:1911} INFO - Created Permission View: can delete on DAG:dataset_alias_example_alias_producer
[2025-03-23T08:07:11.990+0000] {logging_mixin.py:190} INFO - [2025-03-23T08:07:11.989+0000] {override.py:1911} INFO - Created Permission View: can read on DAG:dataset_alias_example_alias_producer
[2025-03-23T08:07:12.123+0000] {logging_mixin.py:190} INFO - [2025-03-23T08:07:12.123+0000] {override.py:1911} INFO - Created Permission View: menu access on DAG Run:dataset_alias_example_alias_producer
[2025-03-23T08:07:12.191+0000] {logging_mixin.py:190} INFO - [2025-03-23T08:07:12.189+0000] {override.py:1911} INFO - Created Permission View: can create on DAG Run:dataset_alias_example_alias_producer
[2025-03-23T08:07:12.330+0000] {logging_mixin.py:190} INFO - [2025-03-23T08:07:12.329+0000] {override.py:1911} INFO - Created Permission View: can read on DAG Run:dataset_alias_example_alias_producer
[2025-03-23T08:07:12.379+0000] {logging_mixin.py:190} INFO - [2025-03-23T08:07:12.378+0000] {override.py:1911} INFO - Created Permission View: can delete on DAG Run:dataset_alias_example_alias_producer
[2025-03-23T08:07:12.490+0000] {logging_mixin.py:190} INFO - [2025-03-23T08:07:12.489+0000] {override.py:1911} INFO - Created Permission View: can edit on DAG:dataset_s3_bucket_producer
[2025-03-23T08:07:12.556+0000] {logging_mixin.py:190} INFO - [2025-03-23T08:07:12.556+0000] {override.py:1911} INFO - Created Permission View: can delete on DAG:dataset_s3_bucket_producer
[2025-03-23T08:07:12.612+0000] {logging_mixin.py:190} INFO - [2025-03-23T08:07:12.611+0000] {override.py:1911} INFO - Created Permission View: can read on DAG:dataset_s3_bucket_producer
[2025-03-23T08:07:12.790+0000] {logging_mixin.py:190} INFO - [2025-03-23T08:07:12.789+0000] {override.py:1911} INFO - Created Permission View: menu access on DAG Run:dataset_s3_bucket_producer
[2025-03-23T08:07:12.848+0000] {logging_mixin.py:190} INFO - [2025-03-23T08:07:12.845+0000] {override.py:1911} INFO - Created Permission View: can create on DAG Run:dataset_s3_bucket_producer
[2025-03-23T08:07:12.913+0000] {logging_mixin.py:190} INFO - [2025-03-23T08:07:12.911+0000] {override.py:1911} INFO - Created Permission View: can read on DAG Run:dataset_s3_bucket_producer
[2025-03-23T08:07:13.012+0000] {logging_mixin.py:190} INFO - [2025-03-23T08:07:13.011+0000] {override.py:1911} INFO - Created Permission View: can delete on DAG Run:dataset_s3_bucket_producer
[2025-03-23T08:07:13.134+0000] {logging_mixin.py:190} INFO - [2025-03-23T08:07:13.133+0000] {override.py:1911} INFO - Created Permission View: can edit on DAG:dataset_alias_example_alias_consumer
[2025-03-23T08:07:13.190+0000] {logging_mixin.py:190} INFO - [2025-03-23T08:07:13.189+0000] {override.py:1911} INFO - Created Permission View: can delete on DAG:dataset_alias_example_alias_consumer
[2025-03-23T08:07:13.245+0000] {logging_mixin.py:190} INFO - [2025-03-23T08:07:13.245+0000] {override.py:1911} INFO - Created Permission View: can read on DAG:dataset_alias_example_alias_consumer
[2025-03-23T08:07:13.418+0000] {logging_mixin.py:190} INFO - [2025-03-23T08:07:13.418+0000] {override.py:1911} INFO - Created Permission View: menu access on DAG Run:dataset_alias_example_alias_consumer
[2025-03-23T08:07:13.479+0000] {logging_mixin.py:190} INFO - [2025-03-23T08:07:13.478+0000] {override.py:1911} INFO - Created Permission View: can create on DAG Run:dataset_alias_example_alias_consumer
[2025-03-23T08:07:13.523+0000] {logging_mixin.py:190} INFO - [2025-03-23T08:07:13.522+0000] {override.py:1911} INFO - Created Permission View: can read on DAG Run:dataset_alias_example_alias_consumer
[2025-03-23T08:07:13.612+0000] {logging_mixin.py:190} INFO - [2025-03-23T08:07:13.611+0000] {override.py:1911} INFO - Created Permission View: can delete on DAG Run:dataset_alias_example_alias_consumer
[2025-03-23T08:07:13.620+0000] {logging_mixin.py:190} INFO - [2025-03-23T08:07:13.618+0000] {dag.py:3239} INFO - Sync 4 DAGs
[2025-03-23T08:07:13.658+0000] {logging_mixin.py:190} INFO - [2025-03-23T08:07:13.656+0000] {dag.py:3262} INFO - Creating ORM DAG for dataset_s3_bucket_producer
[2025-03-23T08:07:13.659+0000] {logging_mixin.py:190} INFO - [2025-03-23T08:07:13.659+0000] {dag.py:3262} INFO - Creating ORM DAG for dataset_alias_example_alias_consumer
[2025-03-23T08:07:13.660+0000] {logging_mixin.py:190} INFO - [2025-03-23T08:07:13.660+0000] {dag.py:3262} INFO - Creating ORM DAG for dataset_alias_example_alias_producer
[2025-03-23T08:07:13.661+0000] {logging_mixin.py:190} INFO - [2025-03-23T08:07:13.661+0000] {dag.py:3262} INFO - Creating ORM DAG for dataset_s3_bucket_consumer
[2025-03-23T08:07:13.677+0000] {logging_mixin.py:190} INFO - [2025-03-23T08:07:13.677+0000] {dag.py:4180} INFO - Setting next_dagrun for dataset_alias_example_alias_consumer to None, run_after=None
[2025-03-23T08:07:13.678+0000] {logging_mixin.py:190} INFO - [2025-03-23T08:07:13.678+0000] {dag.py:4180} INFO - Setting next_dagrun for dataset_alias_example_alias_producer to None, run_after=None
[2025-03-23T08:07:13.679+0000] {logging_mixin.py:190} INFO - [2025-03-23T08:07:13.679+0000] {dag.py:4180} INFO - Setting next_dagrun for dataset_s3_bucket_consumer to None, run_after=None
[2025-03-23T08:07:13.680+0000] {logging_mixin.py:190} INFO - [2025-03-23T08:07:13.680+0000] {dag.py:4180} INFO - Setting next_dagrun for dataset_s3_bucket_producer to None, run_after=None
[2025-03-23T08:07:13.761+0000] {processor.py:208} INFO - Processing /home/airflow/.local/lib/python3.12/site-packages/airflow/example_dags/example_dataset_alias.py took 4.060 seconds
[2025-03-23T08:07:47.818+0000] {processor.py:186} INFO - Started process (PID=184) to work on /home/airflow/.local/lib/python3.12/site-packages/airflow/example_dags/example_dataset_alias.py
[2025-03-23T08:07:47.855+0000] {processor.py:914} INFO - Processing file /home/airflow/.local/lib/python3.12/site-packages/airflow/example_dags/example_dataset_alias.py for tasks to queue
[2025-03-23T08:07:47.858+0000] {logging_mixin.py:190} INFO - [2025-03-23T08:07:47.858+0000] {dagbag.py:588} INFO - Filling up the DagBag from /home/airflow/.local/lib/python3.12/site-packages/airflow/example_dags/example_dataset_alias.py
[2025-03-23T08:07:48.833+0000] {processor.py:925} INFO - DAG(s) 'dataset_alias_example_alias_producer', 'dataset_s3_bucket_consumer', 'dataset_s3_bucket_producer', 'dataset_alias_example_alias_consumer' retrieved from /home/airflow/.local/lib/python3.12/site-packages/airflow/example_dags/example_dataset_alias.py
[2025-03-23T08:07:48.867+0000] {logging_mixin.py:190} INFO - [2025-03-23T08:07:48.866+0000] {dag.py:3239} INFO - Sync 4 DAGs
[2025-03-23T08:07:48.903+0000] {logging_mixin.py:190} INFO - [2025-03-23T08:07:48.903+0000] {dag.py:4180} INFO - Setting next_dagrun for dataset_alias_example_alias_consumer to None, run_after=None
[2025-03-23T08:07:48.908+0000] {logging_mixin.py:190} INFO - [2025-03-23T08:07:48.907+0000] {dag.py:4180} INFO - Setting next_dagrun for dataset_alias_example_alias_producer to None, run_after=None
[2025-03-23T08:07:48.912+0000] {logging_mixin.py:190} INFO - [2025-03-23T08:07:48.911+0000] {dag.py:4180} INFO - Setting next_dagrun for dataset_s3_bucket_consumer to None, run_after=None
[2025-03-23T08:07:48.915+0000] {logging_mixin.py:190} INFO - [2025-03-23T08:07:48.914+0000] {dag.py:4180} INFO - Setting next_dagrun for dataset_s3_bucket_producer to None, run_after=None
[2025-03-23T08:07:49.025+0000] {processor.py:208} INFO - Processing /home/airflow/.local/lib/python3.12/site-packages/airflow/example_dags/example_dataset_alias.py took 1.235 seconds
[2025-03-23T08:08:19.357+0000] {processor.py:186} INFO - Started process (PID=248) to work on /home/airflow/.local/lib/python3.12/site-packages/airflow/example_dags/example_dataset_alias.py
[2025-03-23T08:08:19.365+0000] {processor.py:914} INFO - Processing file /home/airflow/.local/lib/python3.12/site-packages/airflow/example_dags/example_dataset_alias.py for tasks to queue
[2025-03-23T08:08:19.374+0000] {logging_mixin.py:190} INFO - [2025-03-23T08:08:19.374+0000] {dagbag.py:588} INFO - Filling up the DagBag from /home/airflow/.local/lib/python3.12/site-packages/airflow/example_dags/example_dataset_alias.py
[2025-03-23T08:08:20.581+0000] {processor.py:925} INFO - DAG(s) 'dataset_s3_bucket_producer', 'dataset_alias_example_alias_producer', 'dataset_alias_example_alias_consumer', 'dataset_s3_bucket_consumer' retrieved from /home/airflow/.local/lib/python3.12/site-packages/airflow/example_dags/example_dataset_alias.py
[2025-03-23T08:08:20.627+0000] {logging_mixin.py:190} INFO - [2025-03-23T08:08:20.626+0000] {dag.py:3239} INFO - Sync 4 DAGs
[2025-03-23T08:08:20.684+0000] {logging_mixin.py:190} INFO - [2025-03-23T08:08:20.683+0000] {dag.py:4180} INFO - Setting next_dagrun for dataset_alias_example_alias_consumer to None, run_after=None
[2025-03-23T08:08:20.689+0000] {logging_mixin.py:190} INFO - [2025-03-23T08:08:20.688+0000] {dag.py:4180} INFO - Setting next_dagrun for dataset_alias_example_alias_producer to None, run_after=None
[2025-03-23T08:08:20.696+0000] {logging_mixin.py:190} INFO - [2025-03-23T08:08:20.696+0000] {dag.py:4180} INFO - Setting next_dagrun for dataset_s3_bucket_consumer to None, run_after=None
[2025-03-23T08:08:20.699+0000] {logging_mixin.py:190} INFO - [2025-03-23T08:08:20.699+0000] {dag.py:4180} INFO - Setting next_dagrun for dataset_s3_bucket_producer to None, run_after=None
[2025-03-23T08:08:20.916+0000] {processor.py:208} INFO - Processing /home/airflow/.local/lib/python3.12/site-packages/airflow/example_dags/example_dataset_alias.py took 1.579 seconds
[2025-03-23T08:08:51.146+0000] {processor.py:186} INFO - Started process (PID=317) to work on /home/airflow/.local/lib/python3.12/site-packages/airflow/example_dags/example_dataset_alias.py
[2025-03-23T08:08:51.148+0000] {processor.py:914} INFO - Processing file /home/airflow/.local/lib/python3.12/site-packages/airflow/example_dags/example_dataset_alias.py for tasks to queue
[2025-03-23T08:08:51.151+0000] {logging_mixin.py:190} INFO - [2025-03-23T08:08:51.150+0000] {dagbag.py:588} INFO - Filling up the DagBag from /home/airflow/.local/lib/python3.12/site-packages/airflow/example_dags/example_dataset_alias.py
[2025-03-23T08:08:52.193+0000] {processor.py:925} INFO - DAG(s) 'dataset_alias_example_alias_producer', 'dataset_s3_bucket_consumer', 'dataset_alias_example_alias_consumer', 'dataset_s3_bucket_producer' retrieved from /home/airflow/.local/lib/python3.12/site-packages/airflow/example_dags/example_dataset_alias.py
[2025-03-23T08:08:52.241+0000] {logging_mixin.py:190} INFO - [2025-03-23T08:08:52.240+0000] {dag.py:3239} INFO - Sync 4 DAGs
[2025-03-23T08:08:52.294+0000] {logging_mixin.py:190} INFO - [2025-03-23T08:08:52.293+0000] {dag.py:4180} INFO - Setting next_dagrun for dataset_alias_example_alias_consumer to None, run_after=None
[2025-03-23T08:08:52.301+0000] {logging_mixin.py:190} INFO - [2025-03-23T08:08:52.300+0000] {dag.py:4180} INFO - Setting next_dagrun for dataset_alias_example_alias_producer to None, run_after=None
[2025-03-23T08:08:52.308+0000] {logging_mixin.py:190} INFO - [2025-03-23T08:08:52.307+0000] {dag.py:4180} INFO - Setting next_dagrun for dataset_s3_bucket_consumer to None, run_after=None
[2025-03-23T08:08:52.312+0000] {logging_mixin.py:190} INFO - [2025-03-23T08:08:52.312+0000] {dag.py:4180} INFO - Setting next_dagrun for dataset_s3_bucket_producer to None, run_after=None
[2025-03-23T08:08:52.395+0000] {processor.py:208} INFO - Processing /home/airflow/.local/lib/python3.12/site-packages/airflow/example_dags/example_dataset_alias.py took 1.257 seconds
[2025-03-23T08:09:22.797+0000] {processor.py:186} INFO - Started process (PID=380) to work on /home/airflow/.local/lib/python3.12/site-packages/airflow/example_dags/example_dataset_alias.py
[2025-03-23T08:09:22.799+0000] {processor.py:914} INFO - Processing file /home/airflow/.local/lib/python3.12/site-packages/airflow/example_dags/example_dataset_alias.py for tasks to queue
[2025-03-23T08:09:22.802+0000] {logging_mixin.py:190} INFO - [2025-03-23T08:09:22.801+0000] {dagbag.py:588} INFO - Filling up the DagBag from /home/airflow/.local/lib/python3.12/site-packages/airflow/example_dags/example_dataset_alias.py
[2025-03-23T08:09:23.677+0000] {processor.py:925} INFO - DAG(s) 'dataset_alias_example_alias_consumer', 'dataset_s3_bucket_producer', 'dataset_s3_bucket_consumer', 'dataset_alias_example_alias_producer' retrieved from /home/airflow/.local/lib/python3.12/site-packages/airflow/example_dags/example_dataset_alias.py
[2025-03-23T08:09:23.707+0000] {logging_mixin.py:190} INFO - [2025-03-23T08:09:23.706+0000] {dag.py:3239} INFO - Sync 4 DAGs
[2025-03-23T08:09:23.736+0000] {logging_mixin.py:190} INFO - [2025-03-23T08:09:23.736+0000] {dag.py:4180} INFO - Setting next_dagrun for dataset_alias_example_alias_consumer to None, run_after=None
[2025-03-23T08:09:23.740+0000] {logging_mixin.py:190} INFO - [2025-03-23T08:09:23.740+0000] {dag.py:4180} INFO - Setting next_dagrun for dataset_alias_example_alias_producer to None, run_after=None
[2025-03-23T08:09:23.742+0000] {logging_mixin.py:190} INFO - [2025-03-23T08:09:23.742+0000] {dag.py:4180} INFO - Setting next_dagrun for dataset_s3_bucket_consumer to None, run_after=None
[2025-03-23T08:09:23.744+0000] {logging_mixin.py:190} INFO - [2025-03-23T08:09:23.744+0000] {dag.py:4180} INFO - Setting next_dagrun for dataset_s3_bucket_producer to None, run_after=None
[2025-03-23T08:09:23.894+0000] {processor.py:208} INFO - Processing /home/airflow/.local/lib/python3.12/site-packages/airflow/example_dags/example_dataset_alias.py took 1.107 seconds
[2025-03-23T08:09:54.536+0000] {processor.py:186} INFO - Started process (PID=452) to work on /home/airflow/.local/lib/python3.12/site-packages/airflow/example_dags/example_dataset_alias.py
[2025-03-23T08:09:54.537+0000] {processor.py:914} INFO - Processing file /home/airflow/.local/lib/python3.12/site-packages/airflow/example_dags/example_dataset_alias.py for tasks to queue
[2025-03-23T08:09:54.541+0000] {logging_mixin.py:190} INFO - [2025-03-23T08:09:54.541+0000] {dagbag.py:588} INFO - Filling up the DagBag from /home/airflow/.local/lib/python3.12/site-packages/airflow/example_dags/example_dataset_alias.py
[2025-03-23T08:09:55.326+0000] {processor.py:925} INFO - DAG(s) 'dataset_s3_bucket_consumer', 'dataset_alias_example_alias_consumer', 'dataset_s3_bucket_producer', 'dataset_alias_example_alias_producer' retrieved from /home/airflow/.local/lib/python3.12/site-packages/airflow/example_dags/example_dataset_alias.py
[2025-03-23T08:09:55.368+0000] {logging_mixin.py:190} INFO - [2025-03-23T08:09:55.368+0000] {dag.py:3239} INFO - Sync 4 DAGs
[2025-03-23T08:09:55.405+0000] {logging_mixin.py:190} INFO - [2025-03-23T08:09:55.404+0000] {dag.py:4180} INFO - Setting next_dagrun for dataset_alias_example_alias_consumer to None, run_after=None
[2025-03-23T08:09:55.409+0000] {logging_mixin.py:190} INFO - [2025-03-23T08:09:55.409+0000] {dag.py:4180} INFO - Setting next_dagrun for dataset_alias_example_alias_producer to None, run_after=None
[2025-03-23T08:09:55.412+0000] {logging_mixin.py:190} INFO - [2025-03-23T08:09:55.412+0000] {dag.py:4180} INFO - Setting next_dagrun for dataset_s3_bucket_consumer to None, run_after=None
[2025-03-23T08:09:55.414+0000] {logging_mixin.py:190} INFO - [2025-03-23T08:09:55.414+0000] {dag.py:4180} INFO - Setting next_dagrun for dataset_s3_bucket_producer to None, run_after=None
[2025-03-23T08:09:55.815+0000] {processor.py:208} INFO - Processing /home/airflow/.local/lib/python3.12/site-packages/airflow/example_dags/example_dataset_alias.py took 1.290 seconds
[2025-03-23T08:10:25.892+0000] {processor.py:186} INFO - Started process (PID=517) to work on /home/airflow/.local/lib/python3.12/site-packages/airflow/example_dags/example_dataset_alias.py
[2025-03-23T08:10:25.893+0000] {processor.py:914} INFO - Processing file /home/airflow/.local/lib/python3.12/site-packages/airflow/example_dags/example_dataset_alias.py for tasks to queue
[2025-03-23T08:10:25.896+0000] {logging_mixin.py:190} INFO - [2025-03-23T08:10:25.896+0000] {dagbag.py:588} INFO - Filling up the DagBag from /home/airflow/.local/lib/python3.12/site-packages/airflow/example_dags/example_dataset_alias.py
[2025-03-23T08:10:26.615+0000] {processor.py:925} INFO - DAG(s) 'dataset_alias_example_alias_producer', 'dataset_alias_example_alias_consumer', 'dataset_s3_bucket_producer', 'dataset_s3_bucket_consumer' retrieved from /home/airflow/.local/lib/python3.12/site-packages/airflow/example_dags/example_dataset_alias.py
[2025-03-23T08:10:26.640+0000] {logging_mixin.py:190} INFO - [2025-03-23T08:10:26.639+0000] {dag.py:3239} INFO - Sync 4 DAGs
[2025-03-23T08:10:26.666+0000] {logging_mixin.py:190} INFO - [2025-03-23T08:10:26.666+0000] {dag.py:4180} INFO - Setting next_dagrun for dataset_alias_example_alias_consumer to None, run_after=None
[2025-03-23T08:10:26.670+0000] {logging_mixin.py:190} INFO - [2025-03-23T08:10:26.670+0000] {dag.py:4180} INFO - Setting next_dagrun for dataset_alias_example_alias_producer to None, run_after=None
[2025-03-23T08:10:26.673+0000] {logging_mixin.py:190} INFO - [2025-03-23T08:10:26.672+0000] {dag.py:4180} INFO - Setting next_dagrun for dataset_s3_bucket_consumer to None, run_after=None
[2025-03-23T08:10:26.674+0000] {logging_mixin.py:190} INFO - [2025-03-23T08:10:26.674+0000] {dag.py:4180} INFO - Setting next_dagrun for dataset_s3_bucket_producer to None, run_after=None
[2025-03-23T08:10:26.723+0000] {processor.py:208} INFO - Processing /home/airflow/.local/lib/python3.12/site-packages/airflow/example_dags/example_dataset_alias.py took 0.839 seconds
[2025-03-23T08:10:56.884+0000] {processor.py:186} INFO - Started process (PID=581) to work on /home/airflow/.local/lib/python3.12/site-packages/airflow/example_dags/example_dataset_alias.py
[2025-03-23T08:10:56.885+0000] {processor.py:914} INFO - Processing file /home/airflow/.local/lib/python3.12/site-packages/airflow/example_dags/example_dataset_alias.py for tasks to queue
[2025-03-23T08:10:56.889+0000] {logging_mixin.py:190} INFO - [2025-03-23T08:10:56.888+0000] {dagbag.py:588} INFO - Filling up the DagBag from /home/airflow/.local/lib/python3.12/site-packages/airflow/example_dags/example_dataset_alias.py
[2025-03-23T08:10:58.506+0000] {processor.py:925} INFO - DAG(s) 'dataset_alias_example_alias_consumer', 'dataset_s3_bucket_producer', 'dataset_alias_example_alias_producer', 'dataset_s3_bucket_consumer' retrieved from /home/airflow/.local/lib/python3.12/site-packages/airflow/example_dags/example_dataset_alias.py
[2025-03-23T08:10:58.546+0000] {logging_mixin.py:190} INFO - [2025-03-23T08:10:58.545+0000] {dag.py:3239} INFO - Sync 4 DAGs
[2025-03-23T08:10:58.581+0000] {logging_mixin.py:190} INFO - [2025-03-23T08:10:58.581+0000] {dag.py:4180} INFO - Setting next_dagrun for dataset_alias_example_alias_consumer to None, run_after=None
[2025-03-23T08:10:58.587+0000] {logging_mixin.py:190} INFO - [2025-03-23T08:10:58.587+0000] {dag.py:4180} INFO - Setting next_dagrun for dataset_alias_example_alias_producer to None, run_after=None
[2025-03-23T08:10:58.590+0000] {logging_mixin.py:190} INFO - [2025-03-23T08:10:58.590+0000] {dag.py:4180} INFO - Setting next_dagrun for dataset_s3_bucket_consumer to None, run_after=None
[2025-03-23T08:10:58.593+0000] {logging_mixin.py:190} INFO - [2025-03-23T08:10:58.593+0000] {dag.py:4180} INFO - Setting next_dagrun for dataset_s3_bucket_producer to None, run_after=None
[2025-03-23T08:10:58.745+0000] {processor.py:208} INFO - Processing /home/airflow/.local/lib/python3.12/site-packages/airflow/example_dags/example_dataset_alias.py took 1.868 seconds
[2025-03-23T08:11:29.652+0000] {processor.py:186} INFO - Started process (PID=645) to work on /home/airflow/.local/lib/python3.12/site-packages/airflow/example_dags/example_dataset_alias.py
[2025-03-23T08:11:29.654+0000] {processor.py:914} INFO - Processing file /home/airflow/.local/lib/python3.12/site-packages/airflow/example_dags/example_dataset_alias.py for tasks to queue
[2025-03-23T08:11:29.659+0000] {logging_mixin.py:190} INFO - [2025-03-23T08:11:29.659+0000] {dagbag.py:588} INFO - Filling up the DagBag from /home/airflow/.local/lib/python3.12/site-packages/airflow/example_dags/example_dataset_alias.py
[2025-03-23T08:11:30.789+0000] {processor.py:925} INFO - DAG(s) 'dataset_alias_example_alias_producer', 'dataset_s3_bucket_consumer', 'dataset_alias_example_alias_consumer', 'dataset_s3_bucket_producer' retrieved from /home/airflow/.local/lib/python3.12/site-packages/airflow/example_dags/example_dataset_alias.py
[2025-03-23T08:11:30.826+0000] {logging_mixin.py:190} INFO - [2025-03-23T08:11:30.826+0000] {dag.py:3239} INFO - Sync 4 DAGs
[2025-03-23T08:11:30.865+0000] {logging_mixin.py:190} INFO - [2025-03-23T08:11:30.865+0000] {dag.py:4180} INFO - Setting next_dagrun for dataset_alias_example_alias_consumer to None, run_after=None
[2025-03-23T08:11:30.871+0000] {logging_mixin.py:190} INFO - [2025-03-23T08:11:30.870+0000] {dag.py:4180} INFO - Setting next_dagrun for dataset_alias_example_alias_producer to None, run_after=None
[2025-03-23T08:11:30.877+0000] {logging_mixin.py:190} INFO - [2025-03-23T08:11:30.877+0000] {dag.py:4180} INFO - Setting next_dagrun for dataset_s3_bucket_consumer to None, run_after=None
[2025-03-23T08:11:30.887+0000] {logging_mixin.py:190} INFO - [2025-03-23T08:11:30.886+0000] {dag.py:4180} INFO - Setting next_dagrun for dataset_s3_bucket_producer to None, run_after=None
[2025-03-23T08:11:30.965+0000] {processor.py:208} INFO - Processing /home/airflow/.local/lib/python3.12/site-packages/airflow/example_dags/example_dataset_alias.py took 1.330 seconds
[2025-03-23T08:12:01.139+0000] {processor.py:186} INFO - Started process (PID=713) to work on /home/airflow/.local/lib/python3.12/site-packages/airflow/example_dags/example_dataset_alias.py
[2025-03-23T08:12:01.141+0000] {processor.py:914} INFO - Processing file /home/airflow/.local/lib/python3.12/site-packages/airflow/example_dags/example_dataset_alias.py for tasks to queue
[2025-03-23T08:12:01.145+0000] {logging_mixin.py:190} INFO - [2025-03-23T08:12:01.144+0000] {dagbag.py:588} INFO - Filling up the DagBag from /home/airflow/.local/lib/python3.12/site-packages/airflow/example_dags/example_dataset_alias.py
[2025-03-23T08:12:01.950+0000] {processor.py:925} INFO - DAG(s) 'dataset_alias_example_alias_producer', 'dataset_alias_example_alias_consumer', 'dataset_s3_bucket_consumer', 'dataset_s3_bucket_producer' retrieved from /home/airflow/.local/lib/python3.12/site-packages/airflow/example_dags/example_dataset_alias.py
[2025-03-23T08:12:01.981+0000] {logging_mixin.py:190} INFO - [2025-03-23T08:12:01.981+0000] {dag.py:3239} INFO - Sync 4 DAGs
[2025-03-23T08:12:02.011+0000] {logging_mixin.py:190} INFO - [2025-03-23T08:12:02.011+0000] {dag.py:4180} INFO - Setting next_dagrun for dataset_alias_example_alias_consumer to None, run_after=None
[2025-03-23T08:12:02.015+0000] {logging_mixin.py:190} INFO - [2025-03-23T08:12:02.015+0000] {dag.py:4180} INFO - Setting next_dagrun for dataset_alias_example_alias_producer to None, run_after=None
[2025-03-23T08:12:02.018+0000] {logging_mixin.py:190} INFO - [2025-03-23T08:12:02.018+0000] {dag.py:4180} INFO - Setting next_dagrun for dataset_s3_bucket_consumer to None, run_after=None
[2025-03-23T08:12:02.021+0000] {logging_mixin.py:190} INFO - [2025-03-23T08:12:02.021+0000] {dag.py:4180} INFO - Setting next_dagrun for dataset_s3_bucket_producer to None, run_after=None
[2025-03-23T08:12:02.100+0000] {processor.py:208} INFO - Processing /home/airflow/.local/lib/python3.12/site-packages/airflow/example_dags/example_dataset_alias.py took 0.969 seconds
[2025-03-23T08:12:32.287+0000] {processor.py:186} INFO - Started process (PID=777) to work on /home/airflow/.local/lib/python3.12/site-packages/airflow/example_dags/example_dataset_alias.py
[2025-03-23T08:12:32.290+0000] {processor.py:914} INFO - Processing file /home/airflow/.local/lib/python3.12/site-packages/airflow/example_dags/example_dataset_alias.py for tasks to queue
[2025-03-23T08:12:32.294+0000] {logging_mixin.py:190} INFO - [2025-03-23T08:12:32.294+0000] {dagbag.py:588} INFO - Filling up the DagBag from /home/airflow/.local/lib/python3.12/site-packages/airflow/example_dags/example_dataset_alias.py
[2025-03-23T08:12:33.070+0000] {processor.py:925} INFO - DAG(s) 'dataset_alias_example_alias_consumer', 'dataset_s3_bucket_consumer', 'dataset_alias_example_alias_producer', 'dataset_s3_bucket_producer' retrieved from /home/airflow/.local/lib/python3.12/site-packages/airflow/example_dags/example_dataset_alias.py
[2025-03-23T08:12:33.103+0000] {logging_mixin.py:190} INFO - [2025-03-23T08:12:33.102+0000] {dag.py:3239} INFO - Sync 4 DAGs
[2025-03-23T08:12:33.133+0000] {logging_mixin.py:190} INFO - [2025-03-23T08:12:33.133+0000] {dag.py:4180} INFO - Setting next_dagrun for dataset_alias_example_alias_consumer to None, run_after=None
[2025-03-23T08:12:33.137+0000] {logging_mixin.py:190} INFO - [2025-03-23T08:12:33.137+0000] {dag.py:4180} INFO - Setting next_dagrun for dataset_alias_example_alias_producer to None, run_after=None
[2025-03-23T08:12:33.139+0000] {logging_mixin.py:190} INFO - [2025-03-23T08:12:33.139+0000] {dag.py:4180} INFO - Setting next_dagrun for dataset_s3_bucket_consumer to None, run_after=None
[2025-03-23T08:12:33.142+0000] {logging_mixin.py:190} INFO - [2025-03-23T08:12:33.141+0000] {dag.py:4180} INFO - Setting next_dagrun for dataset_s3_bucket_producer to None, run_after=None
[2025-03-23T08:12:33.218+0000] {processor.py:208} INFO - Processing /home/airflow/.local/lib/python3.12/site-packages/airflow/example_dags/example_dataset_alias.py took 0.939 seconds
[2025-03-23T08:13:03.570+0000] {processor.py:186} INFO - Started process (PID=841) to work on /home/airflow/.local/lib/python3.12/site-packages/airflow/example_dags/example_dataset_alias.py
[2025-03-23T08:13:03.571+0000] {processor.py:914} INFO - Processing file /home/airflow/.local/lib/python3.12/site-packages/airflow/example_dags/example_dataset_alias.py for tasks to queue
[2025-03-23T08:13:03.574+0000] {logging_mixin.py:190} INFO - [2025-03-23T08:13:03.574+0000] {dagbag.py:588} INFO - Filling up the DagBag from /home/airflow/.local/lib/python3.12/site-packages/airflow/example_dags/example_dataset_alias.py
[2025-03-23T08:13:04.363+0000] {processor.py:925} INFO - DAG(s) 'dataset_alias_example_alias_consumer', 'dataset_s3_bucket_producer', 'dataset_s3_bucket_consumer', 'dataset_alias_example_alias_producer' retrieved from /home/airflow/.local/lib/python3.12/site-packages/airflow/example_dags/example_dataset_alias.py
[2025-03-23T08:13:04.393+0000] {logging_mixin.py:190} INFO - [2025-03-23T08:13:04.392+0000] {dag.py:3239} INFO - Sync 4 DAGs
[2025-03-23T08:13:04.422+0000] {logging_mixin.py:190} INFO - [2025-03-23T08:13:04.421+0000] {dag.py:4180} INFO - Setting next_dagrun for dataset_alias_example_alias_consumer to None, run_after=None
[2025-03-23T08:13:04.425+0000] {logging_mixin.py:190} INFO - [2025-03-23T08:13:04.425+0000] {dag.py:4180} INFO - Setting next_dagrun for dataset_alias_example_alias_producer to None, run_after=None
[2025-03-23T08:13:04.427+0000] {logging_mixin.py:190} INFO - [2025-03-23T08:13:04.427+0000] {dag.py:4180} INFO - Setting next_dagrun for dataset_s3_bucket_consumer to None, run_after=None
[2025-03-23T08:13:04.429+0000] {logging_mixin.py:190} INFO - [2025-03-23T08:13:04.429+0000] {dag.py:4180} INFO - Setting next_dagrun for dataset_s3_bucket_producer to None, run_after=None
[2025-03-23T08:13:04.589+0000] {processor.py:208} INFO - Processing /home/airflow/.local/lib/python3.12/site-packages/airflow/example_dags/example_dataset_alias.py took 1.026 seconds
[2025-03-23T08:13:34.696+0000] {processor.py:186} INFO - Started process (PID=908) to work on /home/airflow/.local/lib/python3.12/site-packages/airflow/example_dags/example_dataset_alias.py
[2025-03-23T08:13:34.697+0000] {processor.py:914} INFO - Processing file /home/airflow/.local/lib/python3.12/site-packages/airflow/example_dags/example_dataset_alias.py for tasks to queue
[2025-03-23T08:13:34.700+0000] {logging_mixin.py:190} INFO - [2025-03-23T08:13:34.700+0000] {dagbag.py:588} INFO - Filling up the DagBag from /home/airflow/.local/lib/python3.12/site-packages/airflow/example_dags/example_dataset_alias.py
[2025-03-23T08:13:35.451+0000] {processor.py:925} INFO - DAG(s) 'dataset_s3_bucket_consumer', 'dataset_alias_example_alias_producer', 'dataset_alias_example_alias_consumer', 'dataset_s3_bucket_producer' retrieved from /home/airflow/.local/lib/python3.12/site-packages/airflow/example_dags/example_dataset_alias.py
[2025-03-23T08:13:35.481+0000] {logging_mixin.py:190} INFO - [2025-03-23T08:13:35.481+0000] {dag.py:3239} INFO - Sync 4 DAGs
[2025-03-23T08:13:35.508+0000] {logging_mixin.py:190} INFO - [2025-03-23T08:13:35.508+0000] {dag.py:4180} INFO - Setting next_dagrun for dataset_alias_example_alias_consumer to None, run_after=None
[2025-03-23T08:13:35.511+0000] {logging_mixin.py:190} INFO - [2025-03-23T08:13:35.511+0000] {dag.py:4180} INFO - Setting next_dagrun for dataset_alias_example_alias_producer to None, run_after=None
[2025-03-23T08:13:35.513+0000] {logging_mixin.py:190} INFO - [2025-03-23T08:13:35.513+0000] {dag.py:4180} INFO - Setting next_dagrun for dataset_s3_bucket_consumer to None, run_after=None
[2025-03-23T08:13:35.515+0000] {logging_mixin.py:190} INFO - [2025-03-23T08:13:35.515+0000] {dag.py:4180} INFO - Setting next_dagrun for dataset_s3_bucket_producer to None, run_after=None
[2025-03-23T08:13:35.624+0000] {processor.py:208} INFO - Processing /home/airflow/.local/lib/python3.12/site-packages/airflow/example_dags/example_dataset_alias.py took 0.937 seconds
[2025-03-23T08:14:05.905+0000] {processor.py:186} INFO - Started process (PID=972) to work on /home/airflow/.local/lib/python3.12/site-packages/airflow/example_dags/example_dataset_alias.py
[2025-03-23T08:14:05.907+0000] {processor.py:914} INFO - Processing file /home/airflow/.local/lib/python3.12/site-packages/airflow/example_dags/example_dataset_alias.py for tasks to queue
[2025-03-23T08:14:05.910+0000] {logging_mixin.py:190} INFO - [2025-03-23T08:14:05.910+0000] {dagbag.py:588} INFO - Filling up the DagBag from /home/airflow/.local/lib/python3.12/site-packages/airflow/example_dags/example_dataset_alias.py
[2025-03-23T08:14:06.740+0000] {processor.py:925} INFO - DAG(s) 'dataset_s3_bucket_consumer', 'dataset_s3_bucket_producer', 'dataset_alias_example_alias_producer', 'dataset_alias_example_alias_consumer' retrieved from /home/airflow/.local/lib/python3.12/site-packages/airflow/example_dags/example_dataset_alias.py
[2025-03-23T08:14:06.771+0000] {logging_mixin.py:190} INFO - [2025-03-23T08:14:06.770+0000] {dag.py:3239} INFO - Sync 4 DAGs
[2025-03-23T08:14:06.804+0000] {logging_mixin.py:190} INFO - [2025-03-23T08:14:06.803+0000] {dag.py:4180} INFO - Setting next_dagrun for dataset_alias_example_alias_consumer to None, run_after=None
[2025-03-23T08:14:06.807+0000] {logging_mixin.py:190} INFO - [2025-03-23T08:14:06.807+0000] {dag.py:4180} INFO - Setting next_dagrun for dataset_alias_example_alias_producer to None, run_after=None
[2025-03-23T08:14:06.809+0000] {logging_mixin.py:190} INFO - [2025-03-23T08:14:06.809+0000] {dag.py:4180} INFO - Setting next_dagrun for dataset_s3_bucket_consumer to None, run_after=None
[2025-03-23T08:14:06.812+0000] {logging_mixin.py:190} INFO - [2025-03-23T08:14:06.812+0000] {dag.py:4180} INFO - Setting next_dagrun for dataset_s3_bucket_producer to None, run_after=None
[2025-03-23T08:14:06.906+0000] {processor.py:208} INFO - Processing /home/airflow/.local/lib/python3.12/site-packages/airflow/example_dags/example_dataset_alias.py took 1.012 seconds
[2025-03-23T08:14:37.297+0000] {processor.py:186} INFO - Started process (PID=1044) to work on /home/airflow/.local/lib/python3.12/site-packages/airflow/example_dags/example_dataset_alias.py
[2025-03-23T08:14:37.298+0000] {processor.py:914} INFO - Processing file /home/airflow/.local/lib/python3.12/site-packages/airflow/example_dags/example_dataset_alias.py for tasks to queue
[2025-03-23T08:14:37.302+0000] {logging_mixin.py:190} INFO - [2025-03-23T08:14:37.301+0000] {dagbag.py:588} INFO - Filling up the DagBag from /home/airflow/.local/lib/python3.12/site-packages/airflow/example_dags/example_dataset_alias.py
[2025-03-23T08:14:38.179+0000] {processor.py:925} INFO - DAG(s) 'dataset_alias_example_alias_producer', 'dataset_s3_bucket_consumer', 'dataset_alias_example_alias_consumer', 'dataset_s3_bucket_producer' retrieved from /home/airflow/.local/lib/python3.12/site-packages/airflow/example_dags/example_dataset_alias.py
[2025-03-23T08:14:38.209+0000] {logging_mixin.py:190} INFO - [2025-03-23T08:14:38.209+0000] {dag.py:3239} INFO - Sync 4 DAGs
[2025-03-23T08:14:38.240+0000] {logging_mixin.py:190} INFO - [2025-03-23T08:14:38.240+0000] {dag.py:4180} INFO - Setting next_dagrun for dataset_alias_example_alias_consumer to None, run_after=None
[2025-03-23T08:14:38.244+0000] {logging_mixin.py:190} INFO - [2025-03-23T08:14:38.243+0000] {dag.py:4180} INFO - Setting next_dagrun for dataset_alias_example_alias_producer to None, run_after=None
[2025-03-23T08:14:38.246+0000] {logging_mixin.py:190} INFO - [2025-03-23T08:14:38.246+0000] {dag.py:4180} INFO - Setting next_dagrun for dataset_s3_bucket_consumer to None, run_after=None
[2025-03-23T08:14:38.248+0000] {logging_mixin.py:190} INFO - [2025-03-23T08:14:38.248+0000] {dag.py:4180} INFO - Setting next_dagrun for dataset_s3_bucket_producer to None, run_after=None
[2025-03-23T08:14:38.314+0000] {processor.py:208} INFO - Processing /home/airflow/.local/lib/python3.12/site-packages/airflow/example_dags/example_dataset_alias.py took 1.023 seconds
[2025-03-23T08:15:09.008+0000] {processor.py:186} INFO - Started process (PID=1127) to work on /home/airflow/.local/lib/python3.12/site-packages/airflow/example_dags/example_dataset_alias.py
[2025-03-23T08:15:09.009+0000] {processor.py:914} INFO - Processing file /home/airflow/.local/lib/python3.12/site-packages/airflow/example_dags/example_dataset_alias.py for tasks to queue
[2025-03-23T08:15:09.012+0000] {logging_mixin.py:190} INFO - [2025-03-23T08:15:09.012+0000] {dagbag.py:588} INFO - Filling up the DagBag from /home/airflow/.local/lib/python3.12/site-packages/airflow/example_dags/example_dataset_alias.py
[2025-03-23T08:15:09.696+0000] {processor.py:925} INFO - DAG(s) 'dataset_s3_bucket_consumer', 'dataset_s3_bucket_producer', 'dataset_alias_example_alias_consumer', 'dataset_alias_example_alias_producer' retrieved from /home/airflow/.local/lib/python3.12/site-packages/airflow/example_dags/example_dataset_alias.py
[2025-03-23T08:15:09.723+0000] {logging_mixin.py:190} INFO - [2025-03-23T08:15:09.722+0000] {dag.py:3239} INFO - Sync 4 DAGs
[2025-03-23T08:15:09.754+0000] {logging_mixin.py:190} INFO - [2025-03-23T08:15:09.754+0000] {dag.py:4180} INFO - Setting next_dagrun for dataset_alias_example_alias_consumer to None, run_after=None
[2025-03-23T08:15:09.759+0000] {logging_mixin.py:190} INFO - [2025-03-23T08:15:09.759+0000] {dag.py:4180} INFO - Setting next_dagrun for dataset_alias_example_alias_producer to None, run_after=None
[2025-03-23T08:15:09.762+0000] {logging_mixin.py:190} INFO - [2025-03-23T08:15:09.761+0000] {dag.py:4180} INFO - Setting next_dagrun for dataset_s3_bucket_consumer to None, run_after=None
[2025-03-23T08:15:09.764+0000] {logging_mixin.py:190} INFO - [2025-03-23T08:15:09.764+0000] {dag.py:4180} INFO - Setting next_dagrun for dataset_s3_bucket_producer to None, run_after=None
[2025-03-23T08:15:09.860+0000] {processor.py:208} INFO - Processing /home/airflow/.local/lib/python3.12/site-packages/airflow/example_dags/example_dataset_alias.py took 0.864 seconds
[2025-03-23T08:15:39.937+0000] {processor.py:186} INFO - Started process (PID=1192) to work on /home/airflow/.local/lib/python3.12/site-packages/airflow/example_dags/example_dataset_alias.py
[2025-03-23T08:15:39.938+0000] {processor.py:914} INFO - Processing file /home/airflow/.local/lib/python3.12/site-packages/airflow/example_dags/example_dataset_alias.py for tasks to queue
[2025-03-23T08:15:39.941+0000] {logging_mixin.py:190} INFO - [2025-03-23T08:15:39.941+0000] {dagbag.py:588} INFO - Filling up the DagBag from /home/airflow/.local/lib/python3.12/site-packages/airflow/example_dags/example_dataset_alias.py
[2025-03-23T08:15:40.822+0000] {processor.py:925} INFO - DAG(s) 'dataset_s3_bucket_producer', 'dataset_alias_example_alias_producer', 'dataset_s3_bucket_consumer', 'dataset_alias_example_alias_consumer' retrieved from /home/airflow/.local/lib/python3.12/site-packages/airflow/example_dags/example_dataset_alias.py
[2025-03-23T08:15:40.848+0000] {logging_mixin.py:190} INFO - [2025-03-23T08:15:40.847+0000] {dag.py:3239} INFO - Sync 4 DAGs
[2025-03-23T08:15:40.877+0000] {logging_mixin.py:190} INFO - [2025-03-23T08:15:40.877+0000] {dag.py:4180} INFO - Setting next_dagrun for dataset_alias_example_alias_consumer to None, run_after=None
[2025-03-23T08:15:40.881+0000] {logging_mixin.py:190} INFO - [2025-03-23T08:15:40.881+0000] {dag.py:4180} INFO - Setting next_dagrun for dataset_alias_example_alias_producer to None, run_after=None
[2025-03-23T08:15:40.884+0000] {logging_mixin.py:190} INFO - [2025-03-23T08:15:40.884+0000] {dag.py:4180} INFO - Setting next_dagrun for dataset_s3_bucket_consumer to None, run_after=None
[2025-03-23T08:15:40.885+0000] {logging_mixin.py:190} INFO - [2025-03-23T08:15:40.885+0000] {dag.py:4180} INFO - Setting next_dagrun for dataset_s3_bucket_producer to None, run_after=None
[2025-03-23T08:15:40.936+0000] {processor.py:208} INFO - Processing /home/airflow/.local/lib/python3.12/site-packages/airflow/example_dags/example_dataset_alias.py took 1.016 seconds
[2025-03-23T08:16:11.266+0000] {processor.py:186} INFO - Started process (PID=1256) to work on /home/airflow/.local/lib/python3.12/site-packages/airflow/example_dags/example_dataset_alias.py
[2025-03-23T08:16:11.268+0000] {processor.py:914} INFO - Processing file /home/airflow/.local/lib/python3.12/site-packages/airflow/example_dags/example_dataset_alias.py for tasks to queue
[2025-03-23T08:16:11.273+0000] {logging_mixin.py:190} INFO - [2025-03-23T08:16:11.272+0000] {dagbag.py:588} INFO - Filling up the DagBag from /home/airflow/.local/lib/python3.12/site-packages/airflow/example_dags/example_dataset_alias.py
[2025-03-23T08:16:12.130+0000] {processor.py:925} INFO - DAG(s) 'dataset_s3_bucket_consumer', 'dataset_alias_example_alias_consumer', 'dataset_s3_bucket_producer', 'dataset_alias_example_alias_producer' retrieved from /home/airflow/.local/lib/python3.12/site-packages/airflow/example_dags/example_dataset_alias.py
[2025-03-23T08:16:12.160+0000] {logging_mixin.py:190} INFO - [2025-03-23T08:16:12.160+0000] {dag.py:3239} INFO - Sync 4 DAGs
[2025-03-23T08:16:12.187+0000] {logging_mixin.py:190} INFO - [2025-03-23T08:16:12.187+0000] {dag.py:4180} INFO - Setting next_dagrun for dataset_alias_example_alias_consumer to None, run_after=None
[2025-03-23T08:16:12.191+0000] {logging_mixin.py:190} INFO - [2025-03-23T08:16:12.190+0000] {dag.py:4180} INFO - Setting next_dagrun for dataset_alias_example_alias_producer to None, run_after=None
[2025-03-23T08:16:12.192+0000] {logging_mixin.py:190} INFO - [2025-03-23T08:16:12.192+0000] {dag.py:4180} INFO - Setting next_dagrun for dataset_s3_bucket_consumer to None, run_after=None
[2025-03-23T08:16:12.194+0000] {logging_mixin.py:190} INFO - [2025-03-23T08:16:12.194+0000] {dag.py:4180} INFO - Setting next_dagrun for dataset_s3_bucket_producer to None, run_after=None
[2025-03-23T08:16:12.305+0000] {processor.py:208} INFO - Processing /home/airflow/.local/lib/python3.12/site-packages/airflow/example_dags/example_dataset_alias.py took 1.051 seconds
[2025-03-23T08:16:42.559+0000] {processor.py:186} INFO - Started process (PID=1319) to work on /home/airflow/.local/lib/python3.12/site-packages/airflow/example_dags/example_dataset_alias.py
[2025-03-23T08:16:42.560+0000] {processor.py:914} INFO - Processing file /home/airflow/.local/lib/python3.12/site-packages/airflow/example_dags/example_dataset_alias.py for tasks to queue
[2025-03-23T08:16:42.563+0000] {logging_mixin.py:190} INFO - [2025-03-23T08:16:42.563+0000] {dagbag.py:588} INFO - Filling up the DagBag from /home/airflow/.local/lib/python3.12/site-packages/airflow/example_dags/example_dataset_alias.py
[2025-03-23T08:16:43.375+0000] {processor.py:925} INFO - DAG(s) 'dataset_alias_example_alias_consumer', 'dataset_s3_bucket_consumer', 'dataset_s3_bucket_producer', 'dataset_alias_example_alias_producer' retrieved from /home/airflow/.local/lib/python3.12/site-packages/airflow/example_dags/example_dataset_alias.py
[2025-03-23T08:16:43.408+0000] {logging_mixin.py:190} INFO - [2025-03-23T08:16:43.408+0000] {dag.py:3239} INFO - Sync 4 DAGs
[2025-03-23T08:16:43.437+0000] {logging_mixin.py:190} INFO - [2025-03-23T08:16:43.437+0000] {dag.py:4180} INFO - Setting next_dagrun for dataset_alias_example_alias_consumer to None, run_after=None
[2025-03-23T08:16:43.441+0000] {logging_mixin.py:190} INFO - [2025-03-23T08:16:43.441+0000] {dag.py:4180} INFO - Setting next_dagrun for dataset_alias_example_alias_producer to None, run_after=None
[2025-03-23T08:16:43.443+0000] {logging_mixin.py:190} INFO - [2025-03-23T08:16:43.443+0000] {dag.py:4180} INFO - Setting next_dagrun for dataset_s3_bucket_consumer to None, run_after=None
[2025-03-23T08:16:43.445+0000] {logging_mixin.py:190} INFO - [2025-03-23T08:16:43.445+0000] {dag.py:4180} INFO - Setting next_dagrun for dataset_s3_bucket_producer to None, run_after=None
[2025-03-23T08:16:43.507+0000] {processor.py:208} INFO - Processing /home/airflow/.local/lib/python3.12/site-packages/airflow/example_dags/example_dataset_alias.py took 0.961 seconds
[2025-03-23T08:17:13.984+0000] {processor.py:186} INFO - Started process (PID=1383) to work on /home/airflow/.local/lib/python3.12/site-packages/airflow/example_dags/example_dataset_alias.py
[2025-03-23T08:17:13.985+0000] {processor.py:914} INFO - Processing file /home/airflow/.local/lib/python3.12/site-packages/airflow/example_dags/example_dataset_alias.py for tasks to queue
[2025-03-23T08:17:13.989+0000] {logging_mixin.py:190} INFO - [2025-03-23T08:17:13.988+0000] {dagbag.py:588} INFO - Filling up the DagBag from /home/airflow/.local/lib/python3.12/site-packages/airflow/example_dags/example_dataset_alias.py
[2025-03-23T08:17:14.847+0000] {processor.py:925} INFO - DAG(s) 'dataset_s3_bucket_producer', 'dataset_s3_bucket_consumer', 'dataset_alias_example_alias_consumer', 'dataset_alias_example_alias_producer' retrieved from /home/airflow/.local/lib/python3.12/site-packages/airflow/example_dags/example_dataset_alias.py
[2025-03-23T08:17:14.879+0000] {logging_mixin.py:190} INFO - [2025-03-23T08:17:14.879+0000] {dag.py:3239} INFO - Sync 4 DAGs
[2025-03-23T08:17:14.908+0000] {logging_mixin.py:190} INFO - [2025-03-23T08:17:14.908+0000] {dag.py:4180} INFO - Setting next_dagrun for dataset_alias_example_alias_consumer to None, run_after=None
[2025-03-23T08:17:14.913+0000] {logging_mixin.py:190} INFO - [2025-03-23T08:17:14.912+0000] {dag.py:4180} INFO - Setting next_dagrun for dataset_alias_example_alias_producer to None, run_after=None
[2025-03-23T08:17:14.916+0000] {logging_mixin.py:190} INFO - [2025-03-23T08:17:14.916+0000] {dag.py:4180} INFO - Setting next_dagrun for dataset_s3_bucket_consumer to None, run_after=None
[2025-03-23T08:17:14.919+0000] {logging_mixin.py:190} INFO - [2025-03-23T08:17:14.919+0000] {dag.py:4180} INFO - Setting next_dagrun for dataset_s3_bucket_producer to None, run_after=None
[2025-03-23T08:17:14.987+0000] {processor.py:208} INFO - Processing /home/airflow/.local/lib/python3.12/site-packages/airflow/example_dags/example_dataset_alias.py took 1.019 seconds
[2025-03-23T08:17:45.152+0000] {processor.py:186} INFO - Started process (PID=1447) to work on /home/airflow/.local/lib/python3.12/site-packages/airflow/example_dags/example_dataset_alias.py
[2025-03-23T08:17:45.153+0000] {processor.py:914} INFO - Processing file /home/airflow/.local/lib/python3.12/site-packages/airflow/example_dags/example_dataset_alias.py for tasks to queue
[2025-03-23T08:17:45.157+0000] {logging_mixin.py:190} INFO - [2025-03-23T08:17:45.156+0000] {dagbag.py:588} INFO - Filling up the DagBag from /home/airflow/.local/lib/python3.12/site-packages/airflow/example_dags/example_dataset_alias.py
[2025-03-23T08:17:46.031+0000] {processor.py:925} INFO - DAG(s) 'dataset_s3_bucket_producer', 'dataset_alias_example_alias_consumer', 'dataset_s3_bucket_consumer', 'dataset_alias_example_alias_producer' retrieved from /home/airflow/.local/lib/python3.12/site-packages/airflow/example_dags/example_dataset_alias.py
[2025-03-23T08:17:46.061+0000] {logging_mixin.py:190} INFO - [2025-03-23T08:17:46.060+0000] {dag.py:3239} INFO - Sync 4 DAGs
[2025-03-23T08:17:46.094+0000] {logging_mixin.py:190} INFO - [2025-03-23T08:17:46.094+0000] {dag.py:4180} INFO - Setting next_dagrun for dataset_alias_example_alias_consumer to None, run_after=None
[2025-03-23T08:17:46.097+0000] {logging_mixin.py:190} INFO - [2025-03-23T08:17:46.097+0000] {dag.py:4180} INFO - Setting next_dagrun for dataset_alias_example_alias_producer to None, run_after=None
[2025-03-23T08:17:46.100+0000] {logging_mixin.py:190} INFO - [2025-03-23T08:17:46.100+0000] {dag.py:4180} INFO - Setting next_dagrun for dataset_s3_bucket_consumer to None, run_after=None
[2025-03-23T08:17:46.103+0000] {logging_mixin.py:190} INFO - [2025-03-23T08:17:46.102+0000] {dag.py:4180} INFO - Setting next_dagrun for dataset_s3_bucket_producer to None, run_after=None
[2025-03-23T08:17:46.154+0000] {processor.py:208} INFO - Processing /home/airflow/.local/lib/python3.12/site-packages/airflow/example_dags/example_dataset_alias.py took 1.016 seconds
[2025-03-23T08:18:16.209+0000] {processor.py:186} INFO - Started process (PID=1511) to work on /home/airflow/.local/lib/python3.12/site-packages/airflow/example_dags/example_dataset_alias.py
[2025-03-23T08:18:16.211+0000] {processor.py:914} INFO - Processing file /home/airflow/.local/lib/python3.12/site-packages/airflow/example_dags/example_dataset_alias.py for tasks to queue
[2025-03-23T08:18:16.213+0000] {logging_mixin.py:190} INFO - [2025-03-23T08:18:16.213+0000] {dagbag.py:588} INFO - Filling up the DagBag from /home/airflow/.local/lib/python3.12/site-packages/airflow/example_dags/example_dataset_alias.py
[2025-03-23T08:18:16.961+0000] {processor.py:925} INFO - DAG(s) 'dataset_alias_example_alias_producer', 'dataset_s3_bucket_producer', 'dataset_alias_example_alias_consumer', 'dataset_s3_bucket_consumer' retrieved from /home/airflow/.local/lib/python3.12/site-packages/airflow/example_dags/example_dataset_alias.py
[2025-03-23T08:18:16.990+0000] {logging_mixin.py:190} INFO - [2025-03-23T08:18:16.990+0000] {dag.py:3239} INFO - Sync 4 DAGs
[2025-03-23T08:18:17.021+0000] {logging_mixin.py:190} INFO - [2025-03-23T08:18:17.021+0000] {dag.py:4180} INFO - Setting next_dagrun for dataset_alias_example_alias_consumer to None, run_after=None
[2025-03-23T08:18:17.025+0000] {logging_mixin.py:190} INFO - [2025-03-23T08:18:17.025+0000] {dag.py:4180} INFO - Setting next_dagrun for dataset_alias_example_alias_producer to None, run_after=None
[2025-03-23T08:18:17.028+0000] {logging_mixin.py:190} INFO - [2025-03-23T08:18:17.028+0000] {dag.py:4180} INFO - Setting next_dagrun for dataset_s3_bucket_consumer to None, run_after=None
[2025-03-23T08:18:17.031+0000] {logging_mixin.py:190} INFO - [2025-03-23T08:18:17.030+0000] {dag.py:4180} INFO - Setting next_dagrun for dataset_s3_bucket_producer to None, run_after=None
[2025-03-23T08:18:17.144+0000] {processor.py:208} INFO - Processing /home/airflow/.local/lib/python3.12/site-packages/airflow/example_dags/example_dataset_alias.py took 0.949 seconds
[2025-03-23T08:18:47.870+0000] {processor.py:186} INFO - Started process (PID=1575) to work on /home/airflow/.local/lib/python3.12/site-packages/airflow/example_dags/example_dataset_alias.py
[2025-03-23T08:18:47.871+0000] {processor.py:914} INFO - Processing file /home/airflow/.local/lib/python3.12/site-packages/airflow/example_dags/example_dataset_alias.py for tasks to queue
[2025-03-23T08:18:47.875+0000] {logging_mixin.py:190} INFO - [2025-03-23T08:18:47.875+0000] {dagbag.py:588} INFO - Filling up the DagBag from /home/airflow/.local/lib/python3.12/site-packages/airflow/example_dags/example_dataset_alias.py
[2025-03-23T08:18:48.784+0000] {processor.py:925} INFO - DAG(s) 'dataset_s3_bucket_producer', 'dataset_alias_example_alias_producer', 'dataset_alias_example_alias_consumer', 'dataset_s3_bucket_consumer' retrieved from /home/airflow/.local/lib/python3.12/site-packages/airflow/example_dags/example_dataset_alias.py
[2025-03-23T08:18:48.827+0000] {logging_mixin.py:190} INFO - [2025-03-23T08:18:48.827+0000] {dag.py:3239} INFO - Sync 4 DAGs
[2025-03-23T08:18:48.863+0000] {logging_mixin.py:190} INFO - [2025-03-23T08:18:48.863+0000] {dag.py:4180} INFO - Setting next_dagrun for dataset_alias_example_alias_consumer to None, run_after=None
[2025-03-23T08:18:48.866+0000] {logging_mixin.py:190} INFO - [2025-03-23T08:18:48.866+0000] {dag.py:4180} INFO - Setting next_dagrun for dataset_alias_example_alias_producer to None, run_after=None
[2025-03-23T08:18:48.868+0000] {logging_mixin.py:190} INFO - [2025-03-23T08:18:48.868+0000] {dag.py:4180} INFO - Setting next_dagrun for dataset_s3_bucket_consumer to None, run_after=None
[2025-03-23T08:18:48.870+0000] {logging_mixin.py:190} INFO - [2025-03-23T08:18:48.870+0000] {dag.py:4180} INFO - Setting next_dagrun for dataset_s3_bucket_producer to None, run_after=None
[2025-03-23T08:18:48.988+0000] {processor.py:208} INFO - Processing /home/airflow/.local/lib/python3.12/site-packages/airflow/example_dags/example_dataset_alias.py took 1.133 seconds
[2025-03-23T08:19:19.425+0000] {processor.py:186} INFO - Started process (PID=1639) to work on /home/airflow/.local/lib/python3.12/site-packages/airflow/example_dags/example_dataset_alias.py
[2025-03-23T08:19:19.427+0000] {processor.py:914} INFO - Processing file /home/airflow/.local/lib/python3.12/site-packages/airflow/example_dags/example_dataset_alias.py for tasks to queue
[2025-03-23T08:19:19.431+0000] {logging_mixin.py:190} INFO - [2025-03-23T08:19:19.430+0000] {dagbag.py:588} INFO - Filling up the DagBag from /home/airflow/.local/lib/python3.12/site-packages/airflow/example_dags/example_dataset_alias.py
[2025-03-23T08:19:20.328+0000] {processor.py:925} INFO - DAG(s) 'dataset_s3_bucket_producer', 'dataset_alias_example_alias_producer', 'dataset_alias_example_alias_consumer', 'dataset_s3_bucket_consumer' retrieved from /home/airflow/.local/lib/python3.12/site-packages/airflow/example_dags/example_dataset_alias.py
[2025-03-23T08:19:20.361+0000] {logging_mixin.py:190} INFO - [2025-03-23T08:19:20.360+0000] {dag.py:3239} INFO - Sync 4 DAGs
[2025-03-23T08:19:20.396+0000] {logging_mixin.py:190} INFO - [2025-03-23T08:19:20.396+0000] {dag.py:4180} INFO - Setting next_dagrun for dataset_alias_example_alias_consumer to None, run_after=None
[2025-03-23T08:19:20.399+0000] {logging_mixin.py:190} INFO - [2025-03-23T08:19:20.399+0000] {dag.py:4180} INFO - Setting next_dagrun for dataset_alias_example_alias_producer to None, run_after=None
[2025-03-23T08:19:20.401+0000] {logging_mixin.py:190} INFO - [2025-03-23T08:19:20.401+0000] {dag.py:4180} INFO - Setting next_dagrun for dataset_s3_bucket_consumer to None, run_after=None
[2025-03-23T08:19:20.405+0000] {logging_mixin.py:190} INFO - [2025-03-23T08:19:20.404+0000] {dag.py:4180} INFO - Setting next_dagrun for dataset_s3_bucket_producer to None, run_after=None
[2025-03-23T08:19:20.514+0000] {processor.py:208} INFO - Processing /home/airflow/.local/lib/python3.12/site-packages/airflow/example_dags/example_dataset_alias.py took 1.099 seconds
[2025-03-23T08:19:51.172+0000] {processor.py:186} INFO - Started process (PID=1703) to work on /home/airflow/.local/lib/python3.12/site-packages/airflow/example_dags/example_dataset_alias.py
[2025-03-23T08:19:51.174+0000] {processor.py:914} INFO - Processing file /home/airflow/.local/lib/python3.12/site-packages/airflow/example_dags/example_dataset_alias.py for tasks to queue
[2025-03-23T08:19:51.177+0000] {logging_mixin.py:190} INFO - [2025-03-23T08:19:51.177+0000] {dagbag.py:588} INFO - Filling up the DagBag from /home/airflow/.local/lib/python3.12/site-packages/airflow/example_dags/example_dataset_alias.py
[2025-03-23T08:19:51.930+0000] {processor.py:925} INFO - DAG(s) 'dataset_alias_example_alias_consumer', 'dataset_s3_bucket_consumer', 'dataset_alias_example_alias_producer', 'dataset_s3_bucket_producer' retrieved from /home/airflow/.local/lib/python3.12/site-packages/airflow/example_dags/example_dataset_alias.py
[2025-03-23T08:19:51.959+0000] {logging_mixin.py:190} INFO - [2025-03-23T08:19:51.958+0000] {dag.py:3239} INFO - Sync 4 DAGs
[2025-03-23T08:19:51.991+0000] {logging_mixin.py:190} INFO - [2025-03-23T08:19:51.991+0000] {dag.py:4180} INFO - Setting next_dagrun for dataset_alias_example_alias_consumer to None, run_after=None
[2025-03-23T08:19:51.995+0000] {logging_mixin.py:190} INFO - [2025-03-23T08:19:51.994+0000] {dag.py:4180} INFO - Setting next_dagrun for dataset_alias_example_alias_producer to None, run_after=None
[2025-03-23T08:19:51.997+0000] {logging_mixin.py:190} INFO - [2025-03-23T08:19:51.997+0000] {dag.py:4180} INFO - Setting next_dagrun for dataset_s3_bucket_consumer to None, run_after=None
[2025-03-23T08:19:51.999+0000] {logging_mixin.py:190} INFO - [2025-03-23T08:19:51.999+0000] {dag.py:4180} INFO - Setting next_dagrun for dataset_s3_bucket_producer to None, run_after=None
[2025-03-23T08:19:52.179+0000] {processor.py:208} INFO - Processing /home/airflow/.local/lib/python3.12/site-packages/airflow/example_dags/example_dataset_alias.py took 1.020 seconds
[2025-03-23T08:20:22.699+0000] {processor.py:186} INFO - Started process (PID=1767) to work on /home/airflow/.local/lib/python3.12/site-packages/airflow/example_dags/example_dataset_alias.py
[2025-03-23T08:20:22.701+0000] {processor.py:914} INFO - Processing file /home/airflow/.local/lib/python3.12/site-packages/airflow/example_dags/example_dataset_alias.py for tasks to queue
[2025-03-23T08:20:22.705+0000] {logging_mixin.py:190} INFO - [2025-03-23T08:20:22.704+0000] {dagbag.py:588} INFO - Filling up the DagBag from /home/airflow/.local/lib/python3.12/site-packages/airflow/example_dags/example_dataset_alias.py
[2025-03-23T08:20:23.482+0000] {processor.py:925} INFO - DAG(s) 'dataset_s3_bucket_consumer', 'dataset_s3_bucket_producer', 'dataset_alias_example_alias_consumer', 'dataset_alias_example_alias_producer' retrieved from /home/airflow/.local/lib/python3.12/site-packages/airflow/example_dags/example_dataset_alias.py
[2025-03-23T08:20:23.508+0000] {logging_mixin.py:190} INFO - [2025-03-23T08:20:23.507+0000] {dag.py:3239} INFO - Sync 4 DAGs
[2025-03-23T08:20:23.542+0000] {logging_mixin.py:190} INFO - [2025-03-23T08:20:23.542+0000] {dag.py:4180} INFO - Setting next_dagrun for dataset_alias_example_alias_consumer to None, run_after=None
[2025-03-23T08:20:23.545+0000] {logging_mixin.py:190} INFO - [2025-03-23T08:20:23.545+0000] {dag.py:4180} INFO - Setting next_dagrun for dataset_alias_example_alias_producer to None, run_after=None
[2025-03-23T08:20:23.547+0000] {logging_mixin.py:190} INFO - [2025-03-23T08:20:23.547+0000] {dag.py:4180} INFO - Setting next_dagrun for dataset_s3_bucket_consumer to None, run_after=None
[2025-03-23T08:20:23.549+0000] {logging_mixin.py:190} INFO - [2025-03-23T08:20:23.549+0000] {dag.py:4180} INFO - Setting next_dagrun for dataset_s3_bucket_producer to None, run_after=None
[2025-03-23T08:20:23.636+0000] {processor.py:208} INFO - Processing /home/airflow/.local/lib/python3.12/site-packages/airflow/example_dags/example_dataset_alias.py took 0.953 seconds
[2025-03-23T08:20:54.332+0000] {processor.py:186} INFO - Started process (PID=1831) to work on /home/airflow/.local/lib/python3.12/site-packages/airflow/example_dags/example_dataset_alias.py
[2025-03-23T08:20:54.337+0000] {processor.py:914} INFO - Processing file /home/airflow/.local/lib/python3.12/site-packages/airflow/example_dags/example_dataset_alias.py for tasks to queue
[2025-03-23T08:20:54.351+0000] {logging_mixin.py:190} INFO - [2025-03-23T08:20:54.348+0000] {dagbag.py:588} INFO - Filling up the DagBag from /home/airflow/.local/lib/python3.12/site-packages/airflow/example_dags/example_dataset_alias.py
[2025-03-23T08:20:58.798+0000] {processor.py:925} INFO - DAG(s) 'dataset_alias_example_alias_producer', 'dataset_s3_bucket_consumer', 'dataset_alias_example_alias_consumer', 'dataset_s3_bucket_producer' retrieved from /home/airflow/.local/lib/python3.12/site-packages/airflow/example_dags/example_dataset_alias.py
[2025-03-23T08:20:58.900+0000] {logging_mixin.py:190} INFO - [2025-03-23T08:20:58.898+0000] {dag.py:3239} INFO - Sync 4 DAGs
[2025-03-23T08:20:58.983+0000] {logging_mixin.py:190} INFO - [2025-03-23T08:20:58.983+0000] {dag.py:4180} INFO - Setting next_dagrun for dataset_alias_example_alias_consumer to None, run_after=None
[2025-03-23T08:20:58.992+0000] {logging_mixin.py:190} INFO - [2025-03-23T08:20:58.991+0000] {dag.py:4180} INFO - Setting next_dagrun for dataset_alias_example_alias_producer to None, run_after=None
[2025-03-23T08:20:58.996+0000] {logging_mixin.py:190} INFO - [2025-03-23T08:20:58.996+0000] {dag.py:4180} INFO - Setting next_dagrun for dataset_s3_bucket_consumer to None, run_after=None
[2025-03-23T08:20:59.003+0000] {logging_mixin.py:190} INFO - [2025-03-23T08:20:59.003+0000] {dag.py:4180} INFO - Setting next_dagrun for dataset_s3_bucket_producer to None, run_after=None
[2025-03-23T08:20:59.118+0000] {processor.py:208} INFO - Processing /home/airflow/.local/lib/python3.12/site-packages/airflow/example_dags/example_dataset_alias.py took 4.844 seconds
[2025-03-23T08:25:03.055+0000] {processor.py:186} INFO - Started process (PID=113) to work on /home/airflow/.local/lib/python3.12/site-packages/airflow/example_dags/example_dataset_alias.py
[2025-03-23T08:25:03.064+0000] {processor.py:914} INFO - Processing file /home/airflow/.local/lib/python3.12/site-packages/airflow/example_dags/example_dataset_alias.py for tasks to queue
[2025-03-23T08:25:03.068+0000] {logging_mixin.py:190} INFO - [2025-03-23T08:25:03.067+0000] {dagbag.py:588} INFO - Filling up the DagBag from /home/airflow/.local/lib/python3.12/site-packages/airflow/example_dags/example_dataset_alias.py
[2025-03-23T08:25:03.834+0000] {processor.py:925} INFO - DAG(s) 'dataset_s3_bucket_producer', 'dataset_s3_bucket_consumer', 'dataset_alias_example_alias_consumer', 'dataset_alias_example_alias_producer' retrieved from /home/airflow/.local/lib/python3.12/site-packages/airflow/example_dags/example_dataset_alias.py
[2025-03-23T08:25:03.864+0000] {logging_mixin.py:190} INFO - [2025-03-23T08:25:03.863+0000] {dag.py:3239} INFO - Sync 4 DAGs
[2025-03-23T08:25:03.890+0000] {logging_mixin.py:190} INFO - [2025-03-23T08:25:03.889+0000] {dag.py:4180} INFO - Setting next_dagrun for dataset_alias_example_alias_consumer to None, run_after=None
[2025-03-23T08:25:03.893+0000] {logging_mixin.py:190} INFO - [2025-03-23T08:25:03.893+0000] {dag.py:4180} INFO - Setting next_dagrun for dataset_alias_example_alias_producer to None, run_after=None
[2025-03-23T08:25:03.895+0000] {logging_mixin.py:190} INFO - [2025-03-23T08:25:03.895+0000] {dag.py:4180} INFO - Setting next_dagrun for dataset_s3_bucket_consumer to None, run_after=None
[2025-03-23T08:25:03.898+0000] {logging_mixin.py:190} INFO - [2025-03-23T08:25:03.897+0000] {dag.py:4180} INFO - Setting next_dagrun for dataset_s3_bucket_producer to None, run_after=None
[2025-03-23T08:25:12.802+0000] {processor.py:208} INFO - Processing /home/airflow/.local/lib/python3.12/site-packages/airflow/example_dags/example_dataset_alias.py took 9.755 seconds
[2025-03-23T08:26:40.136+0000] {processor.py:186} INFO - Started process (PID=102) to work on /home/airflow/.local/lib/python3.12/site-packages/airflow/example_dags/example_dataset_alias.py
[2025-03-23T08:26:40.138+0000] {processor.py:914} INFO - Processing file /home/airflow/.local/lib/python3.12/site-packages/airflow/example_dags/example_dataset_alias.py for tasks to queue
[2025-03-23T08:26:40.144+0000] {logging_mixin.py:190} INFO - [2025-03-23T08:26:40.143+0000] {dagbag.py:588} INFO - Filling up the DagBag from /home/airflow/.local/lib/python3.12/site-packages/airflow/example_dags/example_dataset_alias.py
[2025-03-23T08:26:41.212+0000] {processor.py:925} INFO - DAG(s) 'dataset_alias_example_alias_consumer', 'dataset_alias_example_alias_producer', 'dataset_s3_bucket_consumer', 'dataset_s3_bucket_producer' retrieved from /home/airflow/.local/lib/python3.12/site-packages/airflow/example_dags/example_dataset_alias.py
[2025-03-23T08:26:41.245+0000] {logging_mixin.py:190} INFO - [2025-03-23T08:26:41.244+0000] {dag.py:3239} INFO - Sync 4 DAGs
[2025-03-23T08:26:41.277+0000] {logging_mixin.py:190} INFO - [2025-03-23T08:26:41.276+0000] {dag.py:4180} INFO - Setting next_dagrun for dataset_alias_example_alias_consumer to None, run_after=None
[2025-03-23T08:26:41.281+0000] {logging_mixin.py:190} INFO - [2025-03-23T08:26:41.281+0000] {dag.py:4180} INFO - Setting next_dagrun for dataset_alias_example_alias_producer to None, run_after=None
[2025-03-23T08:26:41.283+0000] {logging_mixin.py:190} INFO - [2025-03-23T08:26:41.283+0000] {dag.py:4180} INFO - Setting next_dagrun for dataset_s3_bucket_consumer to None, run_after=None
[2025-03-23T08:26:41.286+0000] {logging_mixin.py:190} INFO - [2025-03-23T08:26:41.285+0000] {dag.py:4180} INFO - Setting next_dagrun for dataset_s3_bucket_producer to None, run_after=None
[2025-03-23T08:26:45.992+0000] {processor.py:208} INFO - Processing /home/airflow/.local/lib/python3.12/site-packages/airflow/example_dags/example_dataset_alias.py took 5.892 seconds
[2025-03-23T08:27:16.114+0000] {processor.py:186} INFO - Started process (PID=166) to work on /home/airflow/.local/lib/python3.12/site-packages/airflow/example_dags/example_dataset_alias.py
[2025-03-23T08:27:16.150+0000] {processor.py:914} INFO - Processing file /home/airflow/.local/lib/python3.12/site-packages/airflow/example_dags/example_dataset_alias.py for tasks to queue
[2025-03-23T08:27:16.156+0000] {logging_mixin.py:190} INFO - [2025-03-23T08:27:16.156+0000] {dagbag.py:588} INFO - Filling up the DagBag from /home/airflow/.local/lib/python3.12/site-packages/airflow/example_dags/example_dataset_alias.py
[2025-03-23T08:27:16.992+0000] {processor.py:925} INFO - DAG(s) 'dataset_s3_bucket_producer', 'dataset_alias_example_alias_producer', 'dataset_s3_bucket_consumer', 'dataset_alias_example_alias_consumer' retrieved from /home/airflow/.local/lib/python3.12/site-packages/airflow/example_dags/example_dataset_alias.py
[2025-03-23T08:27:17.125+0000] {logging_mixin.py:190} INFO - [2025-03-23T08:27:17.124+0000] {dag.py:3239} INFO - Sync 4 DAGs
[2025-03-23T08:27:17.175+0000] {logging_mixin.py:190} INFO - [2025-03-23T08:27:17.175+0000] {dag.py:4180} INFO - Setting next_dagrun for dataset_alias_example_alias_consumer to None, run_after=None
[2025-03-23T08:27:17.179+0000] {logging_mixin.py:190} INFO - [2025-03-23T08:27:17.179+0000] {dag.py:4180} INFO - Setting next_dagrun for dataset_alias_example_alias_producer to None, run_after=None
[2025-03-23T08:27:17.182+0000] {logging_mixin.py:190} INFO - [2025-03-23T08:27:17.181+0000] {dag.py:4180} INFO - Setting next_dagrun for dataset_s3_bucket_consumer to None, run_after=None
[2025-03-23T08:27:17.184+0000] {logging_mixin.py:190} INFO - [2025-03-23T08:27:17.183+0000] {dag.py:4180} INFO - Setting next_dagrun for dataset_s3_bucket_producer to None, run_after=None
[2025-03-23T08:27:17.531+0000] {processor.py:208} INFO - Processing /home/airflow/.local/lib/python3.12/site-packages/airflow/example_dags/example_dataset_alias.py took 1.434 seconds
[2025-03-23T08:27:48.275+0000] {processor.py:186} INFO - Started process (PID=230) to work on /home/airflow/.local/lib/python3.12/site-packages/airflow/example_dags/example_dataset_alias.py
[2025-03-23T08:27:48.281+0000] {processor.py:914} INFO - Processing file /home/airflow/.local/lib/python3.12/site-packages/airflow/example_dags/example_dataset_alias.py for tasks to queue
[2025-03-23T08:27:48.284+0000] {logging_mixin.py:190} INFO - [2025-03-23T08:27:48.284+0000] {dagbag.py:588} INFO - Filling up the DagBag from /home/airflow/.local/lib/python3.12/site-packages/airflow/example_dags/example_dataset_alias.py
[2025-03-23T08:27:49.479+0000] {processor.py:925} INFO - DAG(s) 'dataset_alias_example_alias_producer', 'dataset_s3_bucket_producer', 'dataset_alias_example_alias_consumer', 'dataset_s3_bucket_consumer' retrieved from /home/airflow/.local/lib/python3.12/site-packages/airflow/example_dags/example_dataset_alias.py
[2025-03-23T08:27:49.514+0000] {logging_mixin.py:190} INFO - [2025-03-23T08:27:49.514+0000] {dag.py:3239} INFO - Sync 4 DAGs
[2025-03-23T08:27:49.552+0000] {logging_mixin.py:190} INFO - [2025-03-23T08:27:49.551+0000] {dag.py:4180} INFO - Setting next_dagrun for dataset_alias_example_alias_consumer to None, run_after=None
[2025-03-23T08:27:49.556+0000] {logging_mixin.py:190} INFO - [2025-03-23T08:27:49.556+0000] {dag.py:4180} INFO - Setting next_dagrun for dataset_alias_example_alias_producer to None, run_after=None
[2025-03-23T08:27:49.559+0000] {logging_mixin.py:190} INFO - [2025-03-23T08:27:49.558+0000] {dag.py:4180} INFO - Setting next_dagrun for dataset_s3_bucket_consumer to None, run_after=None
[2025-03-23T08:27:49.561+0000] {logging_mixin.py:190} INFO - [2025-03-23T08:27:49.561+0000] {dag.py:4180} INFO - Setting next_dagrun for dataset_s3_bucket_producer to None, run_after=None
[2025-03-23T08:27:49.673+0000] {processor.py:208} INFO - Processing /home/airflow/.local/lib/python3.12/site-packages/airflow/example_dags/example_dataset_alias.py took 1.408 seconds
[2025-03-23T08:28:19.986+0000] {processor.py:186} INFO - Started process (PID=296) to work on /home/airflow/.local/lib/python3.12/site-packages/airflow/example_dags/example_dataset_alias.py
[2025-03-23T08:28:19.989+0000] {processor.py:914} INFO - Processing file /home/airflow/.local/lib/python3.12/site-packages/airflow/example_dags/example_dataset_alias.py for tasks to queue
[2025-03-23T08:28:19.995+0000] {logging_mixin.py:190} INFO - [2025-03-23T08:28:19.995+0000] {dagbag.py:588} INFO - Filling up the DagBag from /home/airflow/.local/lib/python3.12/site-packages/airflow/example_dags/example_dataset_alias.py
[2025-03-23T08:28:21.101+0000] {processor.py:925} INFO - DAG(s) 'dataset_alias_example_alias_consumer', 'dataset_alias_example_alias_producer', 'dataset_s3_bucket_consumer', 'dataset_s3_bucket_producer' retrieved from /home/airflow/.local/lib/python3.12/site-packages/airflow/example_dags/example_dataset_alias.py
[2025-03-23T08:28:21.130+0000] {logging_mixin.py:190} INFO - [2025-03-23T08:28:21.130+0000] {dag.py:3239} INFO - Sync 4 DAGs
[2025-03-23T08:28:21.162+0000] {logging_mixin.py:190} INFO - [2025-03-23T08:28:21.161+0000] {dag.py:4180} INFO - Setting next_dagrun for dataset_alias_example_alias_consumer to None, run_after=None
[2025-03-23T08:28:21.166+0000] {logging_mixin.py:190} INFO - [2025-03-23T08:28:21.165+0000] {dag.py:4180} INFO - Setting next_dagrun for dataset_alias_example_alias_producer to None, run_after=None
[2025-03-23T08:28:21.168+0000] {logging_mixin.py:190} INFO - [2025-03-23T08:28:21.168+0000] {dag.py:4180} INFO - Setting next_dagrun for dataset_s3_bucket_consumer to None, run_after=None
[2025-03-23T08:28:21.171+0000] {logging_mixin.py:190} INFO - [2025-03-23T08:28:21.170+0000] {dag.py:4180} INFO - Setting next_dagrun for dataset_s3_bucket_producer to None, run_after=None
[2025-03-23T08:28:21.267+0000] {processor.py:208} INFO - Processing /home/airflow/.local/lib/python3.12/site-packages/airflow/example_dags/example_dataset_alias.py took 1.295 seconds
[2025-03-23T08:28:51.525+0000] {processor.py:186} INFO - Started process (PID=365) to work on /home/airflow/.local/lib/python3.12/site-packages/airflow/example_dags/example_dataset_alias.py
[2025-03-23T08:28:51.526+0000] {processor.py:914} INFO - Processing file /home/airflow/.local/lib/python3.12/site-packages/airflow/example_dags/example_dataset_alias.py for tasks to queue
[2025-03-23T08:28:51.531+0000] {logging_mixin.py:190} INFO - [2025-03-23T08:28:51.530+0000] {dagbag.py:588} INFO - Filling up the DagBag from /home/airflow/.local/lib/python3.12/site-packages/airflow/example_dags/example_dataset_alias.py
[2025-03-23T08:28:52.458+0000] {processor.py:925} INFO - DAG(s) 'dataset_alias_example_alias_producer', 'dataset_s3_bucket_consumer', 'dataset_alias_example_alias_consumer', 'dataset_s3_bucket_producer' retrieved from /home/airflow/.local/lib/python3.12/site-packages/airflow/example_dags/example_dataset_alias.py
[2025-03-23T08:28:52.494+0000] {logging_mixin.py:190} INFO - [2025-03-23T08:28:52.493+0000] {dag.py:3239} INFO - Sync 4 DAGs
[2025-03-23T08:28:52.522+0000] {logging_mixin.py:190} INFO - [2025-03-23T08:28:52.522+0000] {dag.py:4180} INFO - Setting next_dagrun for dataset_alias_example_alias_consumer to None, run_after=None
[2025-03-23T08:28:52.526+0000] {logging_mixin.py:190} INFO - [2025-03-23T08:28:52.525+0000] {dag.py:4180} INFO - Setting next_dagrun for dataset_alias_example_alias_producer to None, run_after=None
[2025-03-23T08:28:52.528+0000] {logging_mixin.py:190} INFO - [2025-03-23T08:28:52.528+0000] {dag.py:4180} INFO - Setting next_dagrun for dataset_s3_bucket_consumer to None, run_after=None
[2025-03-23T08:28:52.530+0000] {logging_mixin.py:190} INFO - [2025-03-23T08:28:52.530+0000] {dag.py:4180} INFO - Setting next_dagrun for dataset_s3_bucket_producer to None, run_after=None
[2025-03-23T08:28:52.595+0000] {processor.py:208} INFO - Processing /home/airflow/.local/lib/python3.12/site-packages/airflow/example_dags/example_dataset_alias.py took 1.079 seconds
[2025-03-23T08:29:23.237+0000] {processor.py:186} INFO - Started process (PID=432) to work on /home/airflow/.local/lib/python3.12/site-packages/airflow/example_dags/example_dataset_alias.py
[2025-03-23T08:29:23.241+0000] {processor.py:914} INFO - Processing file /home/airflow/.local/lib/python3.12/site-packages/airflow/example_dags/example_dataset_alias.py for tasks to queue
[2025-03-23T08:29:23.248+0000] {logging_mixin.py:190} INFO - [2025-03-23T08:29:23.247+0000] {dagbag.py:588} INFO - Filling up the DagBag from /home/airflow/.local/lib/python3.12/site-packages/airflow/example_dags/example_dataset_alias.py
[2025-03-23T08:29:25.131+0000] {processor.py:925} INFO - DAG(s) 'dataset_alias_example_alias_consumer', 'dataset_s3_bucket_consumer', 'dataset_s3_bucket_producer', 'dataset_alias_example_alias_producer' retrieved from /home/airflow/.local/lib/python3.12/site-packages/airflow/example_dags/example_dataset_alias.py
[2025-03-23T08:29:25.217+0000] {logging_mixin.py:190} INFO - [2025-03-23T08:29:25.216+0000] {dag.py:3239} INFO - Sync 4 DAGs
[2025-03-23T08:29:25.300+0000] {logging_mixin.py:190} INFO - [2025-03-23T08:29:25.300+0000] {dag.py:4180} INFO - Setting next_dagrun for dataset_alias_example_alias_consumer to None, run_after=None
[2025-03-23T08:29:25.328+0000] {logging_mixin.py:190} INFO - [2025-03-23T08:29:25.327+0000] {dag.py:4180} INFO - Setting next_dagrun for dataset_alias_example_alias_producer to None, run_after=None
[2025-03-23T08:29:25.341+0000] {logging_mixin.py:190} INFO - [2025-03-23T08:29:25.341+0000] {dag.py:4180} INFO - Setting next_dagrun for dataset_s3_bucket_consumer to None, run_after=None
[2025-03-23T08:29:25.347+0000] {logging_mixin.py:190} INFO - [2025-03-23T08:29:25.346+0000] {dag.py:4180} INFO - Setting next_dagrun for dataset_s3_bucket_producer to None, run_after=None
[2025-03-23T08:29:25.469+0000] {processor.py:208} INFO - Processing /home/airflow/.local/lib/python3.12/site-packages/airflow/example_dags/example_dataset_alias.py took 2.252 seconds
[2025-03-23T08:29:55.557+0000] {processor.py:186} INFO - Started process (PID=500) to work on /home/airflow/.local/lib/python3.12/site-packages/airflow/example_dags/example_dataset_alias.py
[2025-03-23T08:29:55.558+0000] {processor.py:914} INFO - Processing file /home/airflow/.local/lib/python3.12/site-packages/airflow/example_dags/example_dataset_alias.py for tasks to queue
[2025-03-23T08:29:55.562+0000] {logging_mixin.py:190} INFO - [2025-03-23T08:29:55.561+0000] {dagbag.py:588} INFO - Filling up the DagBag from /home/airflow/.local/lib/python3.12/site-packages/airflow/example_dags/example_dataset_alias.py
[2025-03-23T08:29:56.702+0000] {processor.py:925} INFO - DAG(s) 'dataset_s3_bucket_producer', 'dataset_alias_example_alias_producer', 'dataset_s3_bucket_consumer', 'dataset_alias_example_alias_consumer' retrieved from /home/airflow/.local/lib/python3.12/site-packages/airflow/example_dags/example_dataset_alias.py
[2025-03-23T08:29:56.734+0000] {logging_mixin.py:190} INFO - [2025-03-23T08:29:56.734+0000] {dag.py:3239} INFO - Sync 4 DAGs
[2025-03-23T08:29:56.767+0000] {logging_mixin.py:190} INFO - [2025-03-23T08:29:56.767+0000] {dag.py:4180} INFO - Setting next_dagrun for dataset_alias_example_alias_consumer to None, run_after=None
[2025-03-23T08:29:56.771+0000] {logging_mixin.py:190} INFO - [2025-03-23T08:29:56.771+0000] {dag.py:4180} INFO - Setting next_dagrun for dataset_alias_example_alias_producer to None, run_after=None
[2025-03-23T08:29:56.773+0000] {logging_mixin.py:190} INFO - [2025-03-23T08:29:56.773+0000] {dag.py:4180} INFO - Setting next_dagrun for dataset_s3_bucket_consumer to None, run_after=None
[2025-03-23T08:29:56.775+0000] {logging_mixin.py:190} INFO - [2025-03-23T08:29:56.775+0000] {dag.py:4180} INFO - Setting next_dagrun for dataset_s3_bucket_producer to None, run_after=None
[2025-03-23T08:29:56.867+0000] {processor.py:208} INFO - Processing /home/airflow/.local/lib/python3.12/site-packages/airflow/example_dags/example_dataset_alias.py took 1.319 seconds
