[2025-03-23T08:07:36.473+0000] {processor.py:186} INFO - Started process (PID=158) to work on /home/airflow/.local/lib/python3.12/site-packages/airflow/example_dags/example_latest_only.py
[2025-03-23T08:07:36.474+0000] {processor.py:914} INFO - Processing file /home/airflow/.local/lib/python3.12/site-packages/airflow/example_dags/example_latest_only.py for tasks to queue
[2025-03-23T08:07:36.477+0000] {logging_mixin.py:190} INFO - [2025-03-23T08:07:36.477+0000] {dagbag.py:588} INFO - Filling up the DagBag from /home/airflow/.local/lib/python3.12/site-packages/airflow/example_dags/example_latest_only.py
[2025-03-23T08:07:36.507+0000] {processor.py:925} INFO - DAG(s) 'latest_only' retrieved from /home/airflow/.local/lib/python3.12/site-packages/airflow/example_dags/example_latest_only.py
[2025-03-23T08:07:36.820+0000] {logging_mixin.py:190} INFO - [2025-03-23T08:07:36.819+0000] {override.py:1911} INFO - Created Permission View: can edit on DAG:latest_only
[2025-03-23T08:07:37.267+0000] {logging_mixin.py:190} INFO - [2025-03-23T08:07:37.267+0000] {override.py:1911} INFO - Created Permission View: can delete on DAG:latest_only
[2025-03-23T08:07:37.312+0000] {logging_mixin.py:190} INFO - [2025-03-23T08:07:37.312+0000] {override.py:1911} INFO - Created Permission View: can read on DAG:latest_only
[2025-03-23T08:07:37.379+0000] {logging_mixin.py:190} INFO - [2025-03-23T08:07:37.378+0000] {override.py:1911} INFO - Created Permission View: menu access on DAG Run:latest_only
[2025-03-23T08:07:37.423+0000] {logging_mixin.py:190} INFO - [2025-03-23T08:07:37.422+0000] {override.py:1911} INFO - Created Permission View: can create on DAG Run:latest_only
[2025-03-23T08:07:37.468+0000] {logging_mixin.py:190} INFO - [2025-03-23T08:07:37.468+0000] {override.py:1911} INFO - Created Permission View: can read on DAG Run:latest_only
[2025-03-23T08:07:37.534+0000] {logging_mixin.py:190} INFO - [2025-03-23T08:07:37.534+0000] {override.py:1911} INFO - Created Permission View: can delete on DAG Run:latest_only
[2025-03-23T08:07:37.535+0000] {logging_mixin.py:190} INFO - [2025-03-23T08:07:37.535+0000] {dag.py:3239} INFO - Sync 1 DAGs
[2025-03-23T08:07:37.556+0000] {logging_mixin.py:190} INFO - [2025-03-23T08:07:37.556+0000] {dag.py:3262} INFO - Creating ORM DAG for latest_only
[2025-03-23T08:07:37.570+0000] {logging_mixin.py:190} INFO - [2025-03-23T08:07:37.570+0000] {dag.py:4180} INFO - Setting next_dagrun for latest_only to 2025-03-23 04:00:00+00:00, run_after=2025-03-23 08:00:00+00:00
[2025-03-23T08:07:37.646+0000] {processor.py:208} INFO - Processing /home/airflow/.local/lib/python3.12/site-packages/airflow/example_dags/example_latest_only.py took 1.181 seconds
[2025-03-23T08:08:07.819+0000] {processor.py:186} INFO - Started process (PID=223) to work on /home/airflow/.local/lib/python3.12/site-packages/airflow/example_dags/example_latest_only.py
[2025-03-23T08:08:07.820+0000] {processor.py:914} INFO - Processing file /home/airflow/.local/lib/python3.12/site-packages/airflow/example_dags/example_latest_only.py for tasks to queue
[2025-03-23T08:08:07.824+0000] {logging_mixin.py:190} INFO - [2025-03-23T08:08:07.823+0000] {dagbag.py:588} INFO - Filling up the DagBag from /home/airflow/.local/lib/python3.12/site-packages/airflow/example_dags/example_latest_only.py
[2025-03-23T08:08:07.835+0000] {processor.py:925} INFO - DAG(s) 'latest_only' retrieved from /home/airflow/.local/lib/python3.12/site-packages/airflow/example_dags/example_latest_only.py
[2025-03-23T08:08:07.865+0000] {logging_mixin.py:190} INFO - [2025-03-23T08:08:07.865+0000] {dag.py:3239} INFO - Sync 1 DAGs
[2025-03-23T08:08:07.903+0000] {logging_mixin.py:190} INFO - [2025-03-23T08:08:07.903+0000] {dag.py:4180} INFO - Setting next_dagrun for latest_only to 2025-03-23 04:00:00+00:00, run_after=2025-03-23 08:00:00+00:00
[2025-03-23T08:08:08.002+0000] {processor.py:208} INFO - Processing /home/airflow/.local/lib/python3.12/site-packages/airflow/example_dags/example_latest_only.py took 0.193 seconds
[2025-03-23T08:08:38.510+0000] {processor.py:186} INFO - Started process (PID=287) to work on /home/airflow/.local/lib/python3.12/site-packages/airflow/example_dags/example_latest_only.py
[2025-03-23T08:08:38.512+0000] {processor.py:914} INFO - Processing file /home/airflow/.local/lib/python3.12/site-packages/airflow/example_dags/example_latest_only.py for tasks to queue
[2025-03-23T08:08:38.517+0000] {logging_mixin.py:190} INFO - [2025-03-23T08:08:38.517+0000] {dagbag.py:588} INFO - Filling up the DagBag from /home/airflow/.local/lib/python3.12/site-packages/airflow/example_dags/example_latest_only.py
[2025-03-23T08:08:38.526+0000] {processor.py:925} INFO - DAG(s) 'latest_only' retrieved from /home/airflow/.local/lib/python3.12/site-packages/airflow/example_dags/example_latest_only.py
[2025-03-23T08:08:38.560+0000] {logging_mixin.py:190} INFO - [2025-03-23T08:08:38.560+0000] {dag.py:3239} INFO - Sync 1 DAGs
[2025-03-23T08:08:38.600+0000] {logging_mixin.py:190} INFO - [2025-03-23T08:08:38.599+0000] {dag.py:4180} INFO - Setting next_dagrun for latest_only to 2025-03-23 04:00:00+00:00, run_after=2025-03-23 08:00:00+00:00
[2025-03-23T08:08:38.777+0000] {processor.py:208} INFO - Processing /home/airflow/.local/lib/python3.12/site-packages/airflow/example_dags/example_latest_only.py took 0.276 seconds
[2025-03-23T08:09:09.207+0000] {processor.py:186} INFO - Started process (PID=350) to work on /home/airflow/.local/lib/python3.12/site-packages/airflow/example_dags/example_latest_only.py
[2025-03-23T08:09:09.208+0000] {processor.py:914} INFO - Processing file /home/airflow/.local/lib/python3.12/site-packages/airflow/example_dags/example_latest_only.py for tasks to queue
[2025-03-23T08:09:09.212+0000] {logging_mixin.py:190} INFO - [2025-03-23T08:09:09.212+0000] {dagbag.py:588} INFO - Filling up the DagBag from /home/airflow/.local/lib/python3.12/site-packages/airflow/example_dags/example_latest_only.py
[2025-03-23T08:09:09.233+0000] {processor.py:925} INFO - DAG(s) 'latest_only' retrieved from /home/airflow/.local/lib/python3.12/site-packages/airflow/example_dags/example_latest_only.py
[2025-03-23T08:09:09.318+0000] {logging_mixin.py:190} INFO - [2025-03-23T08:09:09.317+0000] {dag.py:3239} INFO - Sync 1 DAGs
[2025-03-23T08:09:09.442+0000] {logging_mixin.py:190} INFO - [2025-03-23T08:09:09.442+0000] {dag.py:4180} INFO - Setting next_dagrun for latest_only to 2025-03-23 04:00:00+00:00, run_after=2025-03-23 08:00:00+00:00
[2025-03-23T08:09:09.910+0000] {processor.py:208} INFO - Processing /home/airflow/.local/lib/python3.12/site-packages/airflow/example_dags/example_latest_only.py took 0.713 seconds
[2025-03-23T08:09:40.314+0000] {processor.py:186} INFO - Started process (PID=414) to work on /home/airflow/.local/lib/python3.12/site-packages/airflow/example_dags/example_latest_only.py
[2025-03-23T08:09:40.315+0000] {processor.py:914} INFO - Processing file /home/airflow/.local/lib/python3.12/site-packages/airflow/example_dags/example_latest_only.py for tasks to queue
[2025-03-23T08:09:40.319+0000] {logging_mixin.py:190} INFO - [2025-03-23T08:09:40.319+0000] {dagbag.py:588} INFO - Filling up the DagBag from /home/airflow/.local/lib/python3.12/site-packages/airflow/example_dags/example_latest_only.py
[2025-03-23T08:09:40.331+0000] {processor.py:925} INFO - DAG(s) 'latest_only' retrieved from /home/airflow/.local/lib/python3.12/site-packages/airflow/example_dags/example_latest_only.py
[2025-03-23T08:09:40.360+0000] {logging_mixin.py:190} INFO - [2025-03-23T08:09:40.360+0000] {dag.py:3239} INFO - Sync 1 DAGs
[2025-03-23T08:09:40.399+0000] {logging_mixin.py:190} INFO - [2025-03-23T08:09:40.399+0000] {dag.py:4180} INFO - Setting next_dagrun for latest_only to 2025-03-23 04:00:00+00:00, run_after=2025-03-23 08:00:00+00:00
[2025-03-23T08:09:40.514+0000] {processor.py:208} INFO - Processing /home/airflow/.local/lib/python3.12/site-packages/airflow/example_dags/example_latest_only.py took 0.210 seconds
[2025-03-23T08:10:11.529+0000] {processor.py:186} INFO - Started process (PID=478) to work on /home/airflow/.local/lib/python3.12/site-packages/airflow/example_dags/example_latest_only.py
[2025-03-23T08:10:11.531+0000] {processor.py:914} INFO - Processing file /home/airflow/.local/lib/python3.12/site-packages/airflow/example_dags/example_latest_only.py for tasks to queue
[2025-03-23T08:10:11.535+0000] {logging_mixin.py:190} INFO - [2025-03-23T08:10:11.534+0000] {dagbag.py:588} INFO - Filling up the DagBag from /home/airflow/.local/lib/python3.12/site-packages/airflow/example_dags/example_latest_only.py
[2025-03-23T08:10:11.544+0000] {processor.py:925} INFO - DAG(s) 'latest_only' retrieved from /home/airflow/.local/lib/python3.12/site-packages/airflow/example_dags/example_latest_only.py
[2025-03-23T08:10:11.569+0000] {logging_mixin.py:190} INFO - [2025-03-23T08:10:11.569+0000] {dag.py:3239} INFO - Sync 1 DAGs
[2025-03-23T08:10:11.597+0000] {logging_mixin.py:190} INFO - [2025-03-23T08:10:11.597+0000] {dag.py:4180} INFO - Setting next_dagrun for latest_only to 2025-03-23 04:00:00+00:00, run_after=2025-03-23 08:00:00+00:00
[2025-03-23T08:10:11.735+0000] {processor.py:208} INFO - Processing /home/airflow/.local/lib/python3.12/site-packages/airflow/example_dags/example_latest_only.py took 0.213 seconds
[2025-03-23T08:10:42.123+0000] {processor.py:186} INFO - Started process (PID=542) to work on /home/airflow/.local/lib/python3.12/site-packages/airflow/example_dags/example_latest_only.py
[2025-03-23T08:10:42.124+0000] {processor.py:914} INFO - Processing file /home/airflow/.local/lib/python3.12/site-packages/airflow/example_dags/example_latest_only.py for tasks to queue
[2025-03-23T08:10:42.128+0000] {logging_mixin.py:190} INFO - [2025-03-23T08:10:42.128+0000] {dagbag.py:588} INFO - Filling up the DagBag from /home/airflow/.local/lib/python3.12/site-packages/airflow/example_dags/example_latest_only.py
[2025-03-23T08:10:42.139+0000] {processor.py:925} INFO - DAG(s) 'latest_only' retrieved from /home/airflow/.local/lib/python3.12/site-packages/airflow/example_dags/example_latest_only.py
[2025-03-23T08:10:42.168+0000] {logging_mixin.py:190} INFO - [2025-03-23T08:10:42.168+0000] {dag.py:3239} INFO - Sync 1 DAGs
[2025-03-23T08:10:42.229+0000] {logging_mixin.py:190} INFO - [2025-03-23T08:10:42.229+0000] {dag.py:4180} INFO - Setting next_dagrun for latest_only to 2025-03-23 04:00:00+00:00, run_after=2025-03-23 08:00:00+00:00
[2025-03-23T08:10:42.374+0000] {processor.py:208} INFO - Processing /home/airflow/.local/lib/python3.12/site-packages/airflow/example_dags/example_latest_only.py took 0.262 seconds
[2025-03-23T08:11:13.069+0000] {processor.py:186} INFO - Started process (PID=606) to work on /home/airflow/.local/lib/python3.12/site-packages/airflow/example_dags/example_latest_only.py
[2025-03-23T08:11:13.070+0000] {processor.py:914} INFO - Processing file /home/airflow/.local/lib/python3.12/site-packages/airflow/example_dags/example_latest_only.py for tasks to queue
[2025-03-23T08:11:13.072+0000] {logging_mixin.py:190} INFO - [2025-03-23T08:11:13.072+0000] {dagbag.py:588} INFO - Filling up the DagBag from /home/airflow/.local/lib/python3.12/site-packages/airflow/example_dags/example_latest_only.py
[2025-03-23T08:11:13.083+0000] {processor.py:925} INFO - DAG(s) 'latest_only' retrieved from /home/airflow/.local/lib/python3.12/site-packages/airflow/example_dags/example_latest_only.py
[2025-03-23T08:11:13.112+0000] {logging_mixin.py:190} INFO - [2025-03-23T08:11:13.112+0000] {dag.py:3239} INFO - Sync 1 DAGs
[2025-03-23T08:11:13.148+0000] {logging_mixin.py:190} INFO - [2025-03-23T08:11:13.148+0000] {dag.py:4180} INFO - Setting next_dagrun for latest_only to 2025-03-23 04:00:00+00:00, run_after=2025-03-23 08:00:00+00:00
[2025-03-23T08:11:13.217+0000] {processor.py:208} INFO - Processing /home/airflow/.local/lib/python3.12/site-packages/airflow/example_dags/example_latest_only.py took 0.158 seconds
[2025-03-23T08:11:43.516+0000] {processor.py:186} INFO - Started process (PID=670) to work on /home/airflow/.local/lib/python3.12/site-packages/airflow/example_dags/example_latest_only.py
[2025-03-23T08:11:43.517+0000] {processor.py:914} INFO - Processing file /home/airflow/.local/lib/python3.12/site-packages/airflow/example_dags/example_latest_only.py for tasks to queue
[2025-03-23T08:11:43.522+0000] {logging_mixin.py:190} INFO - [2025-03-23T08:11:43.522+0000] {dagbag.py:588} INFO - Filling up the DagBag from /home/airflow/.local/lib/python3.12/site-packages/airflow/example_dags/example_latest_only.py
[2025-03-23T08:11:43.531+0000] {processor.py:925} INFO - DAG(s) 'latest_only' retrieved from /home/airflow/.local/lib/python3.12/site-packages/airflow/example_dags/example_latest_only.py
[2025-03-23T08:11:43.562+0000] {logging_mixin.py:190} INFO - [2025-03-23T08:11:43.562+0000] {dag.py:3239} INFO - Sync 1 DAGs
[2025-03-23T08:11:43.596+0000] {logging_mixin.py:190} INFO - [2025-03-23T08:11:43.596+0000] {dag.py:4180} INFO - Setting next_dagrun for latest_only to 2025-03-23 04:00:00+00:00, run_after=2025-03-23 08:00:00+00:00
[2025-03-23T08:11:43.679+0000] {processor.py:208} INFO - Processing /home/airflow/.local/lib/python3.12/site-packages/airflow/example_dags/example_latest_only.py took 0.174 seconds
[2025-03-23T08:12:14.095+0000] {processor.py:186} INFO - Started process (PID=734) to work on /home/airflow/.local/lib/python3.12/site-packages/airflow/example_dags/example_latest_only.py
[2025-03-23T08:12:14.096+0000] {processor.py:914} INFO - Processing file /home/airflow/.local/lib/python3.12/site-packages/airflow/example_dags/example_latest_only.py for tasks to queue
[2025-03-23T08:12:14.100+0000] {logging_mixin.py:190} INFO - [2025-03-23T08:12:14.100+0000] {dagbag.py:588} INFO - Filling up the DagBag from /home/airflow/.local/lib/python3.12/site-packages/airflow/example_dags/example_latest_only.py
[2025-03-23T08:12:14.109+0000] {processor.py:925} INFO - DAG(s) 'latest_only' retrieved from /home/airflow/.local/lib/python3.12/site-packages/airflow/example_dags/example_latest_only.py
[2025-03-23T08:12:14.138+0000] {logging_mixin.py:190} INFO - [2025-03-23T08:12:14.138+0000] {dag.py:3239} INFO - Sync 1 DAGs
[2025-03-23T08:12:14.170+0000] {logging_mixin.py:190} INFO - [2025-03-23T08:12:14.169+0000] {dag.py:4180} INFO - Setting next_dagrun for latest_only to 2025-03-23 04:00:00+00:00, run_after=2025-03-23 08:00:00+00:00
[2025-03-23T08:12:14.241+0000] {processor.py:208} INFO - Processing /home/airflow/.local/lib/python3.12/site-packages/airflow/example_dags/example_latest_only.py took 0.154 seconds
[2025-03-23T08:12:44.750+0000] {processor.py:186} INFO - Started process (PID=798) to work on /home/airflow/.local/lib/python3.12/site-packages/airflow/example_dags/example_latest_only.py
[2025-03-23T08:12:44.751+0000] {processor.py:914} INFO - Processing file /home/airflow/.local/lib/python3.12/site-packages/airflow/example_dags/example_latest_only.py for tasks to queue
[2025-03-23T08:12:44.754+0000] {logging_mixin.py:190} INFO - [2025-03-23T08:12:44.754+0000] {dagbag.py:588} INFO - Filling up the DagBag from /home/airflow/.local/lib/python3.12/site-packages/airflow/example_dags/example_latest_only.py
[2025-03-23T08:12:44.763+0000] {processor.py:925} INFO - DAG(s) 'latest_only' retrieved from /home/airflow/.local/lib/python3.12/site-packages/airflow/example_dags/example_latest_only.py
[2025-03-23T08:12:44.786+0000] {logging_mixin.py:190} INFO - [2025-03-23T08:12:44.786+0000] {dag.py:3239} INFO - Sync 1 DAGs
[2025-03-23T08:12:44.815+0000] {logging_mixin.py:190} INFO - [2025-03-23T08:12:44.815+0000] {dag.py:4180} INFO - Setting next_dagrun for latest_only to 2025-03-23 04:00:00+00:00, run_after=2025-03-23 08:00:00+00:00
[2025-03-23T08:12:44.876+0000] {processor.py:208} INFO - Processing /home/airflow/.local/lib/python3.12/site-packages/airflow/example_dags/example_latest_only.py took 0.133 seconds
[2025-03-23T08:13:15.826+0000] {processor.py:186} INFO - Started process (PID=862) to work on /home/airflow/.local/lib/python3.12/site-packages/airflow/example_dags/example_latest_only.py
[2025-03-23T08:13:15.827+0000] {processor.py:914} INFO - Processing file /home/airflow/.local/lib/python3.12/site-packages/airflow/example_dags/example_latest_only.py for tasks to queue
[2025-03-23T08:13:15.830+0000] {logging_mixin.py:190} INFO - [2025-03-23T08:13:15.830+0000] {dagbag.py:588} INFO - Filling up the DagBag from /home/airflow/.local/lib/python3.12/site-packages/airflow/example_dags/example_latest_only.py
[2025-03-23T08:13:15.840+0000] {processor.py:925} INFO - DAG(s) 'latest_only' retrieved from /home/airflow/.local/lib/python3.12/site-packages/airflow/example_dags/example_latest_only.py
[2025-03-23T08:13:15.867+0000] {logging_mixin.py:190} INFO - [2025-03-23T08:13:15.867+0000] {dag.py:3239} INFO - Sync 1 DAGs
[2025-03-23T08:13:15.903+0000] {logging_mixin.py:190} INFO - [2025-03-23T08:13:15.902+0000] {dag.py:4180} INFO - Setting next_dagrun for latest_only to 2025-03-23 04:00:00+00:00, run_after=2025-03-23 08:00:00+00:00
[2025-03-23T08:13:15.968+0000] {processor.py:208} INFO - Processing /home/airflow/.local/lib/python3.12/site-packages/airflow/example_dags/example_latest_only.py took 0.150 seconds
[2025-03-23T08:13:46.103+0000] {processor.py:186} INFO - Started process (PID=925) to work on /home/airflow/.local/lib/python3.12/site-packages/airflow/example_dags/example_latest_only.py
[2025-03-23T08:13:46.104+0000] {processor.py:914} INFO - Processing file /home/airflow/.local/lib/python3.12/site-packages/airflow/example_dags/example_latest_only.py for tasks to queue
[2025-03-23T08:13:46.107+0000] {logging_mixin.py:190} INFO - [2025-03-23T08:13:46.106+0000] {dagbag.py:588} INFO - Filling up the DagBag from /home/airflow/.local/lib/python3.12/site-packages/airflow/example_dags/example_latest_only.py
[2025-03-23T08:13:46.117+0000] {processor.py:925} INFO - DAG(s) 'latest_only' retrieved from /home/airflow/.local/lib/python3.12/site-packages/airflow/example_dags/example_latest_only.py
[2025-03-23T08:13:46.143+0000] {logging_mixin.py:190} INFO - [2025-03-23T08:13:46.143+0000] {dag.py:3239} INFO - Sync 1 DAGs
[2025-03-23T08:13:46.182+0000] {logging_mixin.py:190} INFO - [2025-03-23T08:13:46.182+0000] {dag.py:4180} INFO - Setting next_dagrun for latest_only to 2025-03-23 04:00:00+00:00, run_after=2025-03-23 08:00:00+00:00
[2025-03-23T08:13:46.248+0000] {processor.py:208} INFO - Processing /home/airflow/.local/lib/python3.12/site-packages/airflow/example_dags/example_latest_only.py took 0.152 seconds
[2025-03-23T08:14:16.307+0000] {processor.py:186} INFO - Started process (PID=989) to work on /home/airflow/.local/lib/python3.12/site-packages/airflow/example_dags/example_latest_only.py
[2025-03-23T08:14:16.309+0000] {processor.py:914} INFO - Processing file /home/airflow/.local/lib/python3.12/site-packages/airflow/example_dags/example_latest_only.py for tasks to queue
[2025-03-23T08:14:16.312+0000] {logging_mixin.py:190} INFO - [2025-03-23T08:14:16.311+0000] {dagbag.py:588} INFO - Filling up the DagBag from /home/airflow/.local/lib/python3.12/site-packages/airflow/example_dags/example_latest_only.py
[2025-03-23T08:14:16.321+0000] {processor.py:925} INFO - DAG(s) 'latest_only' retrieved from /home/airflow/.local/lib/python3.12/site-packages/airflow/example_dags/example_latest_only.py
[2025-03-23T08:14:16.348+0000] {logging_mixin.py:190} INFO - [2025-03-23T08:14:16.348+0000] {dag.py:3239} INFO - Sync 1 DAGs
[2025-03-23T08:14:16.384+0000] {logging_mixin.py:190} INFO - [2025-03-23T08:14:16.384+0000] {dag.py:4180} INFO - Setting next_dagrun for latest_only to 2025-03-23 04:00:00+00:00, run_after=2025-03-23 08:00:00+00:00
[2025-03-23T08:14:16.459+0000] {processor.py:208} INFO - Processing /home/airflow/.local/lib/python3.12/site-packages/airflow/example_dags/example_latest_only.py took 0.162 seconds
[2025-03-23T08:14:47.096+0000] {processor.py:186} INFO - Started process (PID=1060) to work on /home/airflow/.local/lib/python3.12/site-packages/airflow/example_dags/example_latest_only.py
[2025-03-23T08:14:47.098+0000] {processor.py:914} INFO - Processing file /home/airflow/.local/lib/python3.12/site-packages/airflow/example_dags/example_latest_only.py for tasks to queue
[2025-03-23T08:14:47.102+0000] {logging_mixin.py:190} INFO - [2025-03-23T08:14:47.101+0000] {dagbag.py:588} INFO - Filling up the DagBag from /home/airflow/.local/lib/python3.12/site-packages/airflow/example_dags/example_latest_only.py
[2025-03-23T08:14:47.111+0000] {processor.py:925} INFO - DAG(s) 'latest_only' retrieved from /home/airflow/.local/lib/python3.12/site-packages/airflow/example_dags/example_latest_only.py
[2025-03-23T08:14:47.137+0000] {logging_mixin.py:190} INFO - [2025-03-23T08:14:47.137+0000] {dag.py:3239} INFO - Sync 1 DAGs
[2025-03-23T08:14:47.175+0000] {logging_mixin.py:190} INFO - [2025-03-23T08:14:47.175+0000] {dag.py:4180} INFO - Setting next_dagrun for latest_only to 2025-03-23 04:00:00+00:00, run_after=2025-03-23 08:00:00+00:00
[2025-03-23T08:14:47.238+0000] {processor.py:208} INFO - Processing /home/airflow/.local/lib/python3.12/site-packages/airflow/example_dags/example_latest_only.py took 0.152 seconds
[2025-03-23T08:15:17.969+0000] {processor.py:186} INFO - Started process (PID=1142) to work on /home/airflow/.local/lib/python3.12/site-packages/airflow/example_dags/example_latest_only.py
[2025-03-23T08:15:17.971+0000] {processor.py:914} INFO - Processing file /home/airflow/.local/lib/python3.12/site-packages/airflow/example_dags/example_latest_only.py for tasks to queue
[2025-03-23T08:15:17.975+0000] {logging_mixin.py:190} INFO - [2025-03-23T08:15:17.975+0000] {dagbag.py:588} INFO - Filling up the DagBag from /home/airflow/.local/lib/python3.12/site-packages/airflow/example_dags/example_latest_only.py
[2025-03-23T08:15:17.990+0000] {processor.py:925} INFO - DAG(s) 'latest_only' retrieved from /home/airflow/.local/lib/python3.12/site-packages/airflow/example_dags/example_latest_only.py
[2025-03-23T08:15:18.027+0000] {logging_mixin.py:190} INFO - [2025-03-23T08:15:18.027+0000] {dag.py:3239} INFO - Sync 1 DAGs
[2025-03-23T08:15:18.092+0000] {logging_mixin.py:190} INFO - [2025-03-23T08:15:18.091+0000] {dag.py:4180} INFO - Setting next_dagrun for latest_only to 2025-03-23 04:00:00+00:00, run_after=2025-03-23 08:00:00+00:00
[2025-03-23T08:15:18.156+0000] {processor.py:208} INFO - Processing /home/airflow/.local/lib/python3.12/site-packages/airflow/example_dags/example_latest_only.py took 0.216 seconds
[2025-03-23T08:15:48.671+0000] {processor.py:186} INFO - Started process (PID=1206) to work on /home/airflow/.local/lib/python3.12/site-packages/airflow/example_dags/example_latest_only.py
[2025-03-23T08:15:48.672+0000] {processor.py:914} INFO - Processing file /home/airflow/.local/lib/python3.12/site-packages/airflow/example_dags/example_latest_only.py for tasks to queue
[2025-03-23T08:15:48.676+0000] {logging_mixin.py:190} INFO - [2025-03-23T08:15:48.676+0000] {dagbag.py:588} INFO - Filling up the DagBag from /home/airflow/.local/lib/python3.12/site-packages/airflow/example_dags/example_latest_only.py
[2025-03-23T08:15:48.692+0000] {processor.py:925} INFO - DAG(s) 'latest_only' retrieved from /home/airflow/.local/lib/python3.12/site-packages/airflow/example_dags/example_latest_only.py
[2025-03-23T08:15:48.730+0000] {logging_mixin.py:190} INFO - [2025-03-23T08:15:48.730+0000] {dag.py:3239} INFO - Sync 1 DAGs
[2025-03-23T08:15:48.788+0000] {logging_mixin.py:190} INFO - [2025-03-23T08:15:48.788+0000] {dag.py:4180} INFO - Setting next_dagrun for latest_only to 2025-03-23 04:00:00+00:00, run_after=2025-03-23 08:00:00+00:00
[2025-03-23T08:15:48.872+0000] {processor.py:208} INFO - Processing /home/airflow/.local/lib/python3.12/site-packages/airflow/example_dags/example_latest_only.py took 0.219 seconds
[2025-03-23T08:16:19.348+0000] {processor.py:186} INFO - Started process (PID=1270) to work on /home/airflow/.local/lib/python3.12/site-packages/airflow/example_dags/example_latest_only.py
[2025-03-23T08:16:19.349+0000] {processor.py:914} INFO - Processing file /home/airflow/.local/lib/python3.12/site-packages/airflow/example_dags/example_latest_only.py for tasks to queue
[2025-03-23T08:16:19.352+0000] {logging_mixin.py:190} INFO - [2025-03-23T08:16:19.352+0000] {dagbag.py:588} INFO - Filling up the DagBag from /home/airflow/.local/lib/python3.12/site-packages/airflow/example_dags/example_latest_only.py
[2025-03-23T08:16:19.360+0000] {processor.py:925} INFO - DAG(s) 'latest_only' retrieved from /home/airflow/.local/lib/python3.12/site-packages/airflow/example_dags/example_latest_only.py
[2025-03-23T08:16:19.381+0000] {logging_mixin.py:190} INFO - [2025-03-23T08:16:19.381+0000] {dag.py:3239} INFO - Sync 1 DAGs
[2025-03-23T08:16:19.410+0000] {logging_mixin.py:190} INFO - [2025-03-23T08:16:19.410+0000] {dag.py:4180} INFO - Setting next_dagrun for latest_only to 2025-03-23 04:00:00+00:00, run_after=2025-03-23 08:00:00+00:00
[2025-03-23T08:16:19.471+0000] {processor.py:208} INFO - Processing /home/airflow/.local/lib/python3.12/site-packages/airflow/example_dags/example_latest_only.py took 0.134 seconds
[2025-03-23T08:16:49.899+0000] {processor.py:186} INFO - Started process (PID=1333) to work on /home/airflow/.local/lib/python3.12/site-packages/airflow/example_dags/example_latest_only.py
[2025-03-23T08:16:49.900+0000] {processor.py:914} INFO - Processing file /home/airflow/.local/lib/python3.12/site-packages/airflow/example_dags/example_latest_only.py for tasks to queue
[2025-03-23T08:16:49.904+0000] {logging_mixin.py:190} INFO - [2025-03-23T08:16:49.903+0000] {dagbag.py:588} INFO - Filling up the DagBag from /home/airflow/.local/lib/python3.12/site-packages/airflow/example_dags/example_latest_only.py
[2025-03-23T08:16:49.913+0000] {processor.py:925} INFO - DAG(s) 'latest_only' retrieved from /home/airflow/.local/lib/python3.12/site-packages/airflow/example_dags/example_latest_only.py
[2025-03-23T08:16:49.941+0000] {logging_mixin.py:190} INFO - [2025-03-23T08:16:49.941+0000] {dag.py:3239} INFO - Sync 1 DAGs
[2025-03-23T08:16:49.977+0000] {logging_mixin.py:190} INFO - [2025-03-23T08:16:49.976+0000] {dag.py:4180} INFO - Setting next_dagrun for latest_only to 2025-03-23 04:00:00+00:00, run_after=2025-03-23 08:00:00+00:00
[2025-03-23T08:16:50.032+0000] {processor.py:208} INFO - Processing /home/airflow/.local/lib/python3.12/site-packages/airflow/example_dags/example_latest_only.py took 0.149 seconds
[2025-03-23T08:17:20.149+0000] {processor.py:186} INFO - Started process (PID=1396) to work on /home/airflow/.local/lib/python3.12/site-packages/airflow/example_dags/example_latest_only.py
[2025-03-23T08:17:20.152+0000] {processor.py:914} INFO - Processing file /home/airflow/.local/lib/python3.12/site-packages/airflow/example_dags/example_latest_only.py for tasks to queue
[2025-03-23T08:17:20.161+0000] {logging_mixin.py:190} INFO - [2025-03-23T08:17:20.160+0000] {dagbag.py:588} INFO - Filling up the DagBag from /home/airflow/.local/lib/python3.12/site-packages/airflow/example_dags/example_latest_only.py
[2025-03-23T08:17:20.174+0000] {processor.py:925} INFO - DAG(s) 'latest_only' retrieved from /home/airflow/.local/lib/python3.12/site-packages/airflow/example_dags/example_latest_only.py
[2025-03-23T08:17:20.210+0000] {logging_mixin.py:190} INFO - [2025-03-23T08:17:20.209+0000] {dag.py:3239} INFO - Sync 1 DAGs
[2025-03-23T08:17:20.245+0000] {logging_mixin.py:190} INFO - [2025-03-23T08:17:20.244+0000] {dag.py:4180} INFO - Setting next_dagrun for latest_only to 2025-03-23 04:00:00+00:00, run_after=2025-03-23 08:00:00+00:00
[2025-03-23T08:17:20.296+0000] {processor.py:208} INFO - Processing /home/airflow/.local/lib/python3.12/site-packages/airflow/example_dags/example_latest_only.py took 0.165 seconds
[2025-03-23T08:17:52.121+0000] {processor.py:186} INFO - Started process (PID=1460) to work on /home/airflow/.local/lib/python3.12/site-packages/airflow/example_dags/example_latest_only.py
[2025-03-23T08:17:52.122+0000] {processor.py:914} INFO - Processing file /home/airflow/.local/lib/python3.12/site-packages/airflow/example_dags/example_latest_only.py for tasks to queue
[2025-03-23T08:17:52.125+0000] {logging_mixin.py:190} INFO - [2025-03-23T08:17:52.124+0000] {dagbag.py:588} INFO - Filling up the DagBag from /home/airflow/.local/lib/python3.12/site-packages/airflow/example_dags/example_latest_only.py
[2025-03-23T08:17:52.135+0000] {processor.py:925} INFO - DAG(s) 'latest_only' retrieved from /home/airflow/.local/lib/python3.12/site-packages/airflow/example_dags/example_latest_only.py
[2025-03-23T08:17:52.162+0000] {logging_mixin.py:190} INFO - [2025-03-23T08:17:52.161+0000] {dag.py:3239} INFO - Sync 1 DAGs
[2025-03-23T08:17:52.192+0000] {logging_mixin.py:190} INFO - [2025-03-23T08:17:52.192+0000] {dag.py:4180} INFO - Setting next_dagrun for latest_only to 2025-03-23 04:00:00+00:00, run_after=2025-03-23 08:00:00+00:00
[2025-03-23T08:17:52.611+0000] {processor.py:208} INFO - Processing /home/airflow/.local/lib/python3.12/site-packages/airflow/example_dags/example_latest_only.py took 0.503 seconds
[2025-03-23T08:18:23.275+0000] {processor.py:186} INFO - Started process (PID=1524) to work on /home/airflow/.local/lib/python3.12/site-packages/airflow/example_dags/example_latest_only.py
[2025-03-23T08:18:23.277+0000] {processor.py:914} INFO - Processing file /home/airflow/.local/lib/python3.12/site-packages/airflow/example_dags/example_latest_only.py for tasks to queue
[2025-03-23T08:18:23.280+0000] {logging_mixin.py:190} INFO - [2025-03-23T08:18:23.280+0000] {dagbag.py:588} INFO - Filling up the DagBag from /home/airflow/.local/lib/python3.12/site-packages/airflow/example_dags/example_latest_only.py
[2025-03-23T08:18:23.290+0000] {processor.py:925} INFO - DAG(s) 'latest_only' retrieved from /home/airflow/.local/lib/python3.12/site-packages/airflow/example_dags/example_latest_only.py
[2025-03-23T08:18:23.320+0000] {logging_mixin.py:190} INFO - [2025-03-23T08:18:23.320+0000] {dag.py:3239} INFO - Sync 1 DAGs
[2025-03-23T08:18:23.356+0000] {logging_mixin.py:190} INFO - [2025-03-23T08:18:23.356+0000] {dag.py:4180} INFO - Setting next_dagrun for latest_only to 2025-03-23 04:00:00+00:00, run_after=2025-03-23 08:00:00+00:00
[2025-03-23T08:18:23.455+0000] {processor.py:208} INFO - Processing /home/airflow/.local/lib/python3.12/site-packages/airflow/example_dags/example_latest_only.py took 0.195 seconds
[2025-03-23T08:18:54.057+0000] {processor.py:186} INFO - Started process (PID=1587) to work on /home/airflow/.local/lib/python3.12/site-packages/airflow/example_dags/example_latest_only.py
[2025-03-23T08:18:54.059+0000] {processor.py:914} INFO - Processing file /home/airflow/.local/lib/python3.12/site-packages/airflow/example_dags/example_latest_only.py for tasks to queue
[2025-03-23T08:18:54.061+0000] {logging_mixin.py:190} INFO - [2025-03-23T08:18:54.061+0000] {dagbag.py:588} INFO - Filling up the DagBag from /home/airflow/.local/lib/python3.12/site-packages/airflow/example_dags/example_latest_only.py
[2025-03-23T08:18:54.071+0000] {processor.py:925} INFO - DAG(s) 'latest_only' retrieved from /home/airflow/.local/lib/python3.12/site-packages/airflow/example_dags/example_latest_only.py
[2025-03-23T08:18:54.096+0000] {logging_mixin.py:190} INFO - [2025-03-23T08:18:54.096+0000] {dag.py:3239} INFO - Sync 1 DAGs
[2025-03-23T08:18:54.133+0000] {logging_mixin.py:190} INFO - [2025-03-23T08:18:54.133+0000] {dag.py:4180} INFO - Setting next_dagrun for latest_only to 2025-03-23 04:00:00+00:00, run_after=2025-03-23 08:00:00+00:00
[2025-03-23T08:18:54.222+0000] {processor.py:208} INFO - Processing /home/airflow/.local/lib/python3.12/site-packages/airflow/example_dags/example_latest_only.py took 0.182 seconds
[2025-03-23T08:19:24.762+0000] {processor.py:186} INFO - Started process (PID=1651) to work on /home/airflow/.local/lib/python3.12/site-packages/airflow/example_dags/example_latest_only.py
[2025-03-23T08:19:24.764+0000] {processor.py:914} INFO - Processing file /home/airflow/.local/lib/python3.12/site-packages/airflow/example_dags/example_latest_only.py for tasks to queue
[2025-03-23T08:19:24.768+0000] {logging_mixin.py:190} INFO - [2025-03-23T08:19:24.768+0000] {dagbag.py:588} INFO - Filling up the DagBag from /home/airflow/.local/lib/python3.12/site-packages/airflow/example_dags/example_latest_only.py
[2025-03-23T08:19:24.776+0000] {processor.py:925} INFO - DAG(s) 'latest_only' retrieved from /home/airflow/.local/lib/python3.12/site-packages/airflow/example_dags/example_latest_only.py
[2025-03-23T08:19:24.804+0000] {logging_mixin.py:190} INFO - [2025-03-23T08:19:24.804+0000] {dag.py:3239} INFO - Sync 1 DAGs
[2025-03-23T08:19:24.840+0000] {logging_mixin.py:190} INFO - [2025-03-23T08:19:24.840+0000] {dag.py:4180} INFO - Setting next_dagrun for latest_only to 2025-03-23 04:00:00+00:00, run_after=2025-03-23 08:00:00+00:00
[2025-03-23T08:19:24.936+0000] {processor.py:208} INFO - Processing /home/airflow/.local/lib/python3.12/site-packages/airflow/example_dags/example_latest_only.py took 0.185 seconds
[2025-03-23T08:19:55.293+0000] {processor.py:186} INFO - Started process (PID=1721) to work on /home/airflow/.local/lib/python3.12/site-packages/airflow/example_dags/example_latest_only.py
[2025-03-23T08:19:55.295+0000] {processor.py:914} INFO - Processing file /home/airflow/.local/lib/python3.12/site-packages/airflow/example_dags/example_latest_only.py for tasks to queue
[2025-03-23T08:19:55.299+0000] {logging_mixin.py:190} INFO - [2025-03-23T08:19:55.298+0000] {dagbag.py:588} INFO - Filling up the DagBag from /home/airflow/.local/lib/python3.12/site-packages/airflow/example_dags/example_latest_only.py
[2025-03-23T08:19:55.311+0000] {processor.py:925} INFO - DAG(s) 'latest_only' retrieved from /home/airflow/.local/lib/python3.12/site-packages/airflow/example_dags/example_latest_only.py
[2025-03-23T08:19:55.352+0000] {logging_mixin.py:190} INFO - [2025-03-23T08:19:55.351+0000] {dag.py:3239} INFO - Sync 1 DAGs
[2025-03-23T08:19:55.383+0000] {logging_mixin.py:190} INFO - [2025-03-23T08:19:55.383+0000] {dag.py:4180} INFO - Setting next_dagrun for latest_only to 2025-03-23 04:00:00+00:00, run_after=2025-03-23 08:00:00+00:00
[2025-03-23T08:19:55.446+0000] {processor.py:208} INFO - Processing /home/airflow/.local/lib/python3.12/site-packages/airflow/example_dags/example_latest_only.py took 0.177 seconds
[2025-03-23T08:20:25.634+0000] {processor.py:186} INFO - Started process (PID=1785) to work on /home/airflow/.local/lib/python3.12/site-packages/airflow/example_dags/example_latest_only.py
[2025-03-23T08:20:25.635+0000] {processor.py:914} INFO - Processing file /home/airflow/.local/lib/python3.12/site-packages/airflow/example_dags/example_latest_only.py for tasks to queue
[2025-03-23T08:20:25.639+0000] {logging_mixin.py:190} INFO - [2025-03-23T08:20:25.638+0000] {dagbag.py:588} INFO - Filling up the DagBag from /home/airflow/.local/lib/python3.12/site-packages/airflow/example_dags/example_latest_only.py
[2025-03-23T08:20:25.649+0000] {processor.py:925} INFO - DAG(s) 'latest_only' retrieved from /home/airflow/.local/lib/python3.12/site-packages/airflow/example_dags/example_latest_only.py
[2025-03-23T08:20:25.675+0000] {logging_mixin.py:190} INFO - [2025-03-23T08:20:25.674+0000] {dag.py:3239} INFO - Sync 1 DAGs
[2025-03-23T08:20:25.708+0000] {logging_mixin.py:190} INFO - [2025-03-23T08:20:25.708+0000] {dag.py:4180} INFO - Setting next_dagrun for latest_only to 2025-03-23 04:00:00+00:00, run_after=2025-03-23 08:00:00+00:00
[2025-03-23T08:20:25.817+0000] {processor.py:208} INFO - Processing /home/airflow/.local/lib/python3.12/site-packages/airflow/example_dags/example_latest_only.py took 0.197 seconds
[2025-03-23T08:26:56.619+0000] {processor.py:186} INFO - Started process (PID=134) to work on /home/airflow/.local/lib/python3.12/site-packages/airflow/example_dags/example_latest_only.py
[2025-03-23T08:26:56.685+0000] {processor.py:914} INFO - Processing file /home/airflow/.local/lib/python3.12/site-packages/airflow/example_dags/example_latest_only.py for tasks to queue
[2025-03-23T08:26:56.687+0000] {logging_mixin.py:190} INFO - [2025-03-23T08:26:56.687+0000] {dagbag.py:588} INFO - Filling up the DagBag from /home/airflow/.local/lib/python3.12/site-packages/airflow/example_dags/example_latest_only.py
[2025-03-23T08:26:56.696+0000] {processor.py:925} INFO - DAG(s) 'latest_only' retrieved from /home/airflow/.local/lib/python3.12/site-packages/airflow/example_dags/example_latest_only.py
[2025-03-23T08:26:56.720+0000] {logging_mixin.py:190} INFO - [2025-03-23T08:26:56.720+0000] {dag.py:3239} INFO - Sync 1 DAGs
[2025-03-23T08:26:56.750+0000] {logging_mixin.py:190} INFO - [2025-03-23T08:26:56.750+0000] {dag.py:4180} INFO - Setting next_dagrun for latest_only to 2025-03-23 04:00:00+00:00, run_after=2025-03-23 08:00:00+00:00
[2025-03-23T08:26:56.928+0000] {processor.py:208} INFO - Processing /home/airflow/.local/lib/python3.12/site-packages/airflow/example_dags/example_latest_only.py took 0.323 seconds
[2025-03-23T08:27:27.757+0000] {processor.py:186} INFO - Started process (PID=198) to work on /home/airflow/.local/lib/python3.12/site-packages/airflow/example_dags/example_latest_only.py
[2025-03-23T08:27:27.760+0000] {processor.py:914} INFO - Processing file /home/airflow/.local/lib/python3.12/site-packages/airflow/example_dags/example_latest_only.py for tasks to queue
[2025-03-23T08:27:27.768+0000] {logging_mixin.py:190} INFO - [2025-03-23T08:27:27.768+0000] {dagbag.py:588} INFO - Filling up the DagBag from /home/airflow/.local/lib/python3.12/site-packages/airflow/example_dags/example_latest_only.py
[2025-03-23T08:27:27.782+0000] {processor.py:925} INFO - DAG(s) 'latest_only' retrieved from /home/airflow/.local/lib/python3.12/site-packages/airflow/example_dags/example_latest_only.py
[2025-03-23T08:27:27.818+0000] {logging_mixin.py:190} INFO - [2025-03-23T08:27:27.818+0000] {dag.py:3239} INFO - Sync 1 DAGs
[2025-03-23T08:27:27.883+0000] {logging_mixin.py:190} INFO - [2025-03-23T08:27:27.883+0000] {dag.py:4180} INFO - Setting next_dagrun for latest_only to 2025-03-23 04:00:00+00:00, run_after=2025-03-23 08:00:00+00:00
[2025-03-23T08:27:27.941+0000] {processor.py:208} INFO - Processing /home/airflow/.local/lib/python3.12/site-packages/airflow/example_dags/example_latest_only.py took 0.194 seconds
[2025-03-23T08:27:58.087+0000] {processor.py:186} INFO - Started process (PID=262) to work on /home/airflow/.local/lib/python3.12/site-packages/airflow/example_dags/example_latest_only.py
[2025-03-23T08:27:58.088+0000] {processor.py:914} INFO - Processing file /home/airflow/.local/lib/python3.12/site-packages/airflow/example_dags/example_latest_only.py for tasks to queue
[2025-03-23T08:27:58.092+0000] {logging_mixin.py:190} INFO - [2025-03-23T08:27:58.091+0000] {dagbag.py:588} INFO - Filling up the DagBag from /home/airflow/.local/lib/python3.12/site-packages/airflow/example_dags/example_latest_only.py
[2025-03-23T08:27:58.105+0000] {processor.py:925} INFO - DAG(s) 'latest_only' retrieved from /home/airflow/.local/lib/python3.12/site-packages/airflow/example_dags/example_latest_only.py
[2025-03-23T08:27:58.138+0000] {logging_mixin.py:190} INFO - [2025-03-23T08:27:58.138+0000] {dag.py:3239} INFO - Sync 1 DAGs
[2025-03-23T08:27:58.183+0000] {logging_mixin.py:190} INFO - [2025-03-23T08:27:58.182+0000] {dag.py:4180} INFO - Setting next_dagrun for latest_only to 2025-03-23 04:00:00+00:00, run_after=2025-03-23 08:00:00+00:00
[2025-03-23T08:27:58.256+0000] {processor.py:208} INFO - Processing /home/airflow/.local/lib/python3.12/site-packages/airflow/example_dags/example_latest_only.py took 0.179 seconds
[2025-03-23T08:28:29.093+0000] {processor.py:186} INFO - Started process (PID=326) to work on /home/airflow/.local/lib/python3.12/site-packages/airflow/example_dags/example_latest_only.py
[2025-03-23T08:28:29.094+0000] {processor.py:914} INFO - Processing file /home/airflow/.local/lib/python3.12/site-packages/airflow/example_dags/example_latest_only.py for tasks to queue
[2025-03-23T08:28:29.099+0000] {logging_mixin.py:190} INFO - [2025-03-23T08:28:29.098+0000] {dagbag.py:588} INFO - Filling up the DagBag from /home/airflow/.local/lib/python3.12/site-packages/airflow/example_dags/example_latest_only.py
[2025-03-23T08:28:29.110+0000] {processor.py:925} INFO - DAG(s) 'latest_only' retrieved from /home/airflow/.local/lib/python3.12/site-packages/airflow/example_dags/example_latest_only.py
[2025-03-23T08:28:29.144+0000] {logging_mixin.py:190} INFO - [2025-03-23T08:28:29.143+0000] {dag.py:3239} INFO - Sync 1 DAGs
[2025-03-23T08:28:29.183+0000] {logging_mixin.py:190} INFO - [2025-03-23T08:28:29.183+0000] {dag.py:4180} INFO - Setting next_dagrun for latest_only to 2025-03-23 04:00:00+00:00, run_after=2025-03-23 08:00:00+00:00
[2025-03-23T08:28:29.244+0000] {processor.py:208} INFO - Processing /home/airflow/.local/lib/python3.12/site-packages/airflow/example_dags/example_latest_only.py took 0.161 seconds
[2025-03-23T08:29:00.673+0000] {processor.py:186} INFO - Started process (PID=390) to work on /home/airflow/.local/lib/python3.12/site-packages/airflow/example_dags/example_latest_only.py
[2025-03-23T08:29:00.675+0000] {processor.py:914} INFO - Processing file /home/airflow/.local/lib/python3.12/site-packages/airflow/example_dags/example_latest_only.py for tasks to queue
[2025-03-23T08:29:00.688+0000] {logging_mixin.py:190} INFO - [2025-03-23T08:29:00.681+0000] {dagbag.py:588} INFO - Filling up the DagBag from /home/airflow/.local/lib/python3.12/site-packages/airflow/example_dags/example_latest_only.py
[2025-03-23T08:29:00.722+0000] {processor.py:925} INFO - DAG(s) 'latest_only' retrieved from /home/airflow/.local/lib/python3.12/site-packages/airflow/example_dags/example_latest_only.py
[2025-03-23T08:29:00.770+0000] {logging_mixin.py:190} INFO - [2025-03-23T08:29:00.770+0000] {dag.py:3239} INFO - Sync 1 DAGs
[2025-03-23T08:29:00.852+0000] {logging_mixin.py:190} INFO - [2025-03-23T08:29:00.851+0000] {dag.py:4180} INFO - Setting next_dagrun for latest_only to 2025-03-23 04:00:00+00:00, run_after=2025-03-23 08:00:00+00:00
[2025-03-23T08:29:00.955+0000] {processor.py:208} INFO - Processing /home/airflow/.local/lib/python3.12/site-packages/airflow/example_dags/example_latest_only.py took 0.299 seconds
[2025-03-23T08:29:32.114+0000] {processor.py:186} INFO - Started process (PID=454) to work on /home/airflow/.local/lib/python3.12/site-packages/airflow/example_dags/example_latest_only.py
[2025-03-23T08:29:32.116+0000] {processor.py:914} INFO - Processing file /home/airflow/.local/lib/python3.12/site-packages/airflow/example_dags/example_latest_only.py for tasks to queue
[2025-03-23T08:29:32.130+0000] {logging_mixin.py:190} INFO - [2025-03-23T08:29:32.129+0000] {dagbag.py:588} INFO - Filling up the DagBag from /home/airflow/.local/lib/python3.12/site-packages/airflow/example_dags/example_latest_only.py
[2025-03-23T08:29:32.159+0000] {processor.py:925} INFO - DAG(s) 'latest_only' retrieved from /home/airflow/.local/lib/python3.12/site-packages/airflow/example_dags/example_latest_only.py
[2025-03-23T08:29:32.260+0000] {logging_mixin.py:190} INFO - [2025-03-23T08:29:32.260+0000] {dag.py:3239} INFO - Sync 1 DAGs
[2025-03-23T08:29:32.321+0000] {logging_mixin.py:190} INFO - [2025-03-23T08:29:32.320+0000] {dag.py:4180} INFO - Setting next_dagrun for latest_only to 2025-03-23 04:00:00+00:00, run_after=2025-03-23 08:00:00+00:00
[2025-03-23T08:29:32.515+0000] {processor.py:208} INFO - Processing /home/airflow/.local/lib/python3.12/site-packages/airflow/example_dags/example_latest_only.py took 0.443 seconds
[2025-03-23T08:30:02.793+0000] {processor.py:186} INFO - Started process (PID=518) to work on /home/airflow/.local/lib/python3.12/site-packages/airflow/example_dags/example_latest_only.py
[2025-03-23T08:30:02.795+0000] {processor.py:914} INFO - Processing file /home/airflow/.local/lib/python3.12/site-packages/airflow/example_dags/example_latest_only.py for tasks to queue
[2025-03-23T08:30:02.801+0000] {logging_mixin.py:190} INFO - [2025-03-23T08:30:02.800+0000] {dagbag.py:588} INFO - Filling up the DagBag from /home/airflow/.local/lib/python3.12/site-packages/airflow/example_dags/example_latest_only.py
[2025-03-23T08:30:02.816+0000] {processor.py:925} INFO - DAG(s) 'latest_only' retrieved from /home/airflow/.local/lib/python3.12/site-packages/airflow/example_dags/example_latest_only.py
[2025-03-23T08:30:02.888+0000] {logging_mixin.py:190} INFO - [2025-03-23T08:30:02.887+0000] {dag.py:3239} INFO - Sync 1 DAGs
[2025-03-23T08:30:02.957+0000] {logging_mixin.py:190} INFO - [2025-03-23T08:30:02.957+0000] {dag.py:4180} INFO - Setting next_dagrun for latest_only to 2025-03-23 04:00:00+00:00, run_after=2025-03-23 08:00:00+00:00
[2025-03-23T08:30:03.096+0000] {processor.py:208} INFO - Processing /home/airflow/.local/lib/python3.12/site-packages/airflow/example_dags/example_latest_only.py took 0.316 seconds
