[2025-03-23T08:06:16.019+0000] {processor.py:186} INFO - Started process (PID=90) to work on /home/airflow/.local/lib/python3.12/site-packages/airflow/example_dags/example_workday_timetable.py
[2025-03-23T08:06:16.022+0000] {processor.py:914} INFO - Processing file /home/airflow/.local/lib/python3.12/site-packages/airflow/example_dags/example_workday_timetable.py for tasks to queue
[2025-03-23T08:06:16.028+0000] {logging_mixin.py:190} INFO - [2025-03-23T08:06:16.027+0000] {dagbag.py:588} INFO - Filling up the DagBag from /home/airflow/.local/lib/python3.12/site-packages/airflow/example_dags/example_workday_timetable.py
[2025-03-23T08:06:16.052+0000] {processor.py:925} INFO - DAG(s) 'example_workday_timetable' retrieved from /home/airflow/.local/lib/python3.12/site-packages/airflow/example_dags/example_workday_timetable.py
[2025-03-23T08:06:16.522+0000] {logging_mixin.py:190} INFO - [2025-03-23T08:06:16.521+0000] {override.py:1911} INFO - Created Permission View: can edit on DAG:example_workday_timetable
[2025-03-23T08:06:16.588+0000] {logging_mixin.py:190} INFO - [2025-03-23T08:06:16.588+0000] {override.py:1911} INFO - Created Permission View: can delete on DAG:example_workday_timetable
[2025-03-23T08:06:16.667+0000] {logging_mixin.py:190} INFO - [2025-03-23T08:06:16.666+0000] {override.py:1911} INFO - Created Permission View: can read on DAG:example_workday_timetable
[2025-03-23T08:06:16.911+0000] {logging_mixin.py:190} INFO - [2025-03-23T08:06:16.910+0000] {override.py:1911} INFO - Created Permission View: menu access on DAG Run:example_workday_timetable
[2025-03-23T08:06:17.040+0000] {logging_mixin.py:190} INFO - [2025-03-23T08:06:17.039+0000] {override.py:1911} INFO - Created Permission View: can create on DAG Run:example_workday_timetable
[2025-03-23T08:06:17.100+0000] {logging_mixin.py:190} INFO - [2025-03-23T08:06:17.099+0000] {override.py:1911} INFO - Created Permission View: can read on DAG Run:example_workday_timetable
[2025-03-23T08:06:17.189+0000] {logging_mixin.py:190} INFO - [2025-03-23T08:06:17.188+0000] {override.py:1911} INFO - Created Permission View: can delete on DAG Run:example_workday_timetable
[2025-03-23T08:06:17.196+0000] {logging_mixin.py:190} INFO - [2025-03-23T08:06:17.195+0000] {dag.py:3239} INFO - Sync 1 DAGs
[2025-03-23T08:06:17.229+0000] {logging_mixin.py:190} INFO - [2025-03-23T08:06:17.229+0000] {dag.py:3262} INFO - Creating ORM DAG for example_workday_timetable
[2025-03-23T08:06:17.457+0000] {logging_mixin.py:190} INFO - [2025-03-23T08:06:17.457+0000] {dag.py:4180} INFO - Setting next_dagrun for example_workday_timetable to 2021-01-04 00:00:00+00:00, run_after=2021-01-05 00:00:00+00:00
[2025-03-23T08:06:17.625+0000] {processor.py:208} INFO - Processing /home/airflow/.local/lib/python3.12/site-packages/airflow/example_dags/example_workday_timetable.py took 1.626 seconds
[2025-03-23T08:07:38.505+0000] {processor.py:186} INFO - Started process (PID=166) to work on /home/airflow/.local/lib/python3.12/site-packages/airflow/example_dags/example_workday_timetable.py
[2025-03-23T08:07:38.531+0000] {processor.py:914} INFO - Processing file /home/airflow/.local/lib/python3.12/site-packages/airflow/example_dags/example_workday_timetable.py for tasks to queue
[2025-03-23T08:07:38.536+0000] {logging_mixin.py:190} INFO - [2025-03-23T08:07:38.535+0000] {dagbag.py:588} INFO - Filling up the DagBag from /home/airflow/.local/lib/python3.12/site-packages/airflow/example_dags/example_workday_timetable.py
[2025-03-23T08:07:38.545+0000] {processor.py:925} INFO - DAG(s) 'example_workday_timetable' retrieved from /home/airflow/.local/lib/python3.12/site-packages/airflow/example_dags/example_workday_timetable.py
[2025-03-23T08:07:38.576+0000] {logging_mixin.py:190} INFO - [2025-03-23T08:07:38.575+0000] {dag.py:3239} INFO - Sync 1 DAGs
[2025-03-23T08:07:38.701+0000] {logging_mixin.py:190} INFO - [2025-03-23T08:07:38.701+0000] {dag.py:4180} INFO - Setting next_dagrun for example_workday_timetable to 2021-01-04 00:00:00+00:00, run_after=2021-01-05 00:00:00+00:00
[2025-03-23T08:07:39.233+0000] {processor.py:208} INFO - Processing /home/airflow/.local/lib/python3.12/site-packages/airflow/example_dags/example_workday_timetable.py took 0.740 seconds
[2025-03-23T08:08:09.765+0000] {processor.py:186} INFO - Started process (PID=231) to work on /home/airflow/.local/lib/python3.12/site-packages/airflow/example_dags/example_workday_timetable.py
[2025-03-23T08:08:09.766+0000] {processor.py:914} INFO - Processing file /home/airflow/.local/lib/python3.12/site-packages/airflow/example_dags/example_workday_timetable.py for tasks to queue
[2025-03-23T08:08:09.769+0000] {logging_mixin.py:190} INFO - [2025-03-23T08:08:09.769+0000] {dagbag.py:588} INFO - Filling up the DagBag from /home/airflow/.local/lib/python3.12/site-packages/airflow/example_dags/example_workday_timetable.py
[2025-03-23T08:08:09.776+0000] {processor.py:925} INFO - DAG(s) 'example_workday_timetable' retrieved from /home/airflow/.local/lib/python3.12/site-packages/airflow/example_dags/example_workday_timetable.py
[2025-03-23T08:08:09.798+0000] {logging_mixin.py:190} INFO - [2025-03-23T08:08:09.798+0000] {dag.py:3239} INFO - Sync 1 DAGs
[2025-03-23T08:08:09.925+0000] {logging_mixin.py:190} INFO - [2025-03-23T08:08:09.924+0000] {dag.py:4180} INFO - Setting next_dagrun for example_workday_timetable to 2021-01-04 00:00:00+00:00, run_after=2021-01-05 00:00:00+00:00
[2025-03-23T08:08:10.026+0000] {processor.py:208} INFO - Processing /home/airflow/.local/lib/python3.12/site-packages/airflow/example_dags/example_workday_timetable.py took 0.269 seconds
[2025-03-23T08:08:40.533+0000] {processor.py:186} INFO - Started process (PID=295) to work on /home/airflow/.local/lib/python3.12/site-packages/airflow/example_dags/example_workday_timetable.py
[2025-03-23T08:08:40.535+0000] {processor.py:914} INFO - Processing file /home/airflow/.local/lib/python3.12/site-packages/airflow/example_dags/example_workday_timetable.py for tasks to queue
[2025-03-23T08:08:40.548+0000] {logging_mixin.py:190} INFO - [2025-03-23T08:08:40.541+0000] {dagbag.py:588} INFO - Filling up the DagBag from /home/airflow/.local/lib/python3.12/site-packages/airflow/example_dags/example_workday_timetable.py
[2025-03-23T08:08:40.563+0000] {processor.py:925} INFO - DAG(s) 'example_workday_timetable' retrieved from /home/airflow/.local/lib/python3.12/site-packages/airflow/example_dags/example_workday_timetable.py
[2025-03-23T08:08:40.607+0000] {logging_mixin.py:190} INFO - [2025-03-23T08:08:40.607+0000] {dag.py:3239} INFO - Sync 1 DAGs
[2025-03-23T08:08:40.823+0000] {logging_mixin.py:190} INFO - [2025-03-23T08:08:40.822+0000] {dag.py:4180} INFO - Setting next_dagrun for example_workday_timetable to 2021-01-04 00:00:00+00:00, run_after=2021-01-05 00:00:00+00:00
[2025-03-23T08:08:40.891+0000] {processor.py:208} INFO - Processing /home/airflow/.local/lib/python3.12/site-packages/airflow/example_dags/example_workday_timetable.py took 0.376 seconds
[2025-03-23T08:09:11.588+0000] {processor.py:186} INFO - Started process (PID=358) to work on /home/airflow/.local/lib/python3.12/site-packages/airflow/example_dags/example_workday_timetable.py
[2025-03-23T08:09:11.589+0000] {processor.py:914} INFO - Processing file /home/airflow/.local/lib/python3.12/site-packages/airflow/example_dags/example_workday_timetable.py for tasks to queue
[2025-03-23T08:09:11.593+0000] {logging_mixin.py:190} INFO - [2025-03-23T08:09:11.593+0000] {dagbag.py:588} INFO - Filling up the DagBag from /home/airflow/.local/lib/python3.12/site-packages/airflow/example_dags/example_workday_timetable.py
[2025-03-23T08:09:11.600+0000] {processor.py:925} INFO - DAG(s) 'example_workday_timetable' retrieved from /home/airflow/.local/lib/python3.12/site-packages/airflow/example_dags/example_workday_timetable.py
[2025-03-23T08:09:11.627+0000] {logging_mixin.py:190} INFO - [2025-03-23T08:09:11.627+0000] {dag.py:3239} INFO - Sync 1 DAGs
[2025-03-23T08:09:11.721+0000] {logging_mixin.py:190} INFO - [2025-03-23T08:09:11.721+0000] {dag.py:4180} INFO - Setting next_dagrun for example_workday_timetable to 2021-01-04 00:00:00+00:00, run_after=2021-01-05 00:00:00+00:00
[2025-03-23T08:09:11.854+0000] {processor.py:208} INFO - Processing /home/airflow/.local/lib/python3.12/site-packages/airflow/example_dags/example_workday_timetable.py took 0.273 seconds
[2025-03-23T08:09:42.377+0000] {processor.py:186} INFO - Started process (PID=422) to work on /home/airflow/.local/lib/python3.12/site-packages/airflow/example_dags/example_workday_timetable.py
[2025-03-23T08:09:42.380+0000] {processor.py:914} INFO - Processing file /home/airflow/.local/lib/python3.12/site-packages/airflow/example_dags/example_workday_timetable.py for tasks to queue
[2025-03-23T08:09:42.383+0000] {logging_mixin.py:190} INFO - [2025-03-23T08:09:42.383+0000] {dagbag.py:588} INFO - Filling up the DagBag from /home/airflow/.local/lib/python3.12/site-packages/airflow/example_dags/example_workday_timetable.py
[2025-03-23T08:09:42.391+0000] {processor.py:925} INFO - DAG(s) 'example_workday_timetable' retrieved from /home/airflow/.local/lib/python3.12/site-packages/airflow/example_dags/example_workday_timetable.py
[2025-03-23T08:09:42.415+0000] {logging_mixin.py:190} INFO - [2025-03-23T08:09:42.414+0000] {dag.py:3239} INFO - Sync 1 DAGs
[2025-03-23T08:09:42.495+0000] {logging_mixin.py:190} INFO - [2025-03-23T08:09:42.494+0000] {dag.py:4180} INFO - Setting next_dagrun for example_workday_timetable to 2021-01-04 00:00:00+00:00, run_after=2021-01-05 00:00:00+00:00
[2025-03-23T08:09:42.651+0000] {processor.py:208} INFO - Processing /home/airflow/.local/lib/python3.12/site-packages/airflow/example_dags/example_workday_timetable.py took 0.281 seconds
[2025-03-23T08:10:13.201+0000] {processor.py:186} INFO - Started process (PID=486) to work on /home/airflow/.local/lib/python3.12/site-packages/airflow/example_dags/example_workday_timetable.py
[2025-03-23T08:10:13.202+0000] {processor.py:914} INFO - Processing file /home/airflow/.local/lib/python3.12/site-packages/airflow/example_dags/example_workday_timetable.py for tasks to queue
[2025-03-23T08:10:13.205+0000] {logging_mixin.py:190} INFO - [2025-03-23T08:10:13.204+0000] {dagbag.py:588} INFO - Filling up the DagBag from /home/airflow/.local/lib/python3.12/site-packages/airflow/example_dags/example_workday_timetable.py
[2025-03-23T08:10:13.213+0000] {processor.py:925} INFO - DAG(s) 'example_workday_timetable' retrieved from /home/airflow/.local/lib/python3.12/site-packages/airflow/example_dags/example_workday_timetable.py
[2025-03-23T08:10:13.241+0000] {logging_mixin.py:190} INFO - [2025-03-23T08:10:13.241+0000] {dag.py:3239} INFO - Sync 1 DAGs
[2025-03-23T08:10:13.342+0000] {logging_mixin.py:190} INFO - [2025-03-23T08:10:13.342+0000] {dag.py:4180} INFO - Setting next_dagrun for example_workday_timetable to 2021-01-04 00:00:00+00:00, run_after=2021-01-05 00:00:00+00:00
[2025-03-23T08:10:13.406+0000] {processor.py:208} INFO - Processing /home/airflow/.local/lib/python3.12/site-packages/airflow/example_dags/example_workday_timetable.py took 0.213 seconds
[2025-03-23T08:10:44.017+0000] {processor.py:186} INFO - Started process (PID=550) to work on /home/airflow/.local/lib/python3.12/site-packages/airflow/example_dags/example_workday_timetable.py
[2025-03-23T08:10:44.019+0000] {processor.py:914} INFO - Processing file /home/airflow/.local/lib/python3.12/site-packages/airflow/example_dags/example_workday_timetable.py for tasks to queue
[2025-03-23T08:10:44.023+0000] {logging_mixin.py:190} INFO - [2025-03-23T08:10:44.023+0000] {dagbag.py:588} INFO - Filling up the DagBag from /home/airflow/.local/lib/python3.12/site-packages/airflow/example_dags/example_workday_timetable.py
[2025-03-23T08:10:44.030+0000] {processor.py:925} INFO - DAG(s) 'example_workday_timetable' retrieved from /home/airflow/.local/lib/python3.12/site-packages/airflow/example_dags/example_workday_timetable.py
[2025-03-23T08:10:44.054+0000] {logging_mixin.py:190} INFO - [2025-03-23T08:10:44.054+0000] {dag.py:3239} INFO - Sync 1 DAGs
[2025-03-23T08:10:44.147+0000] {logging_mixin.py:190} INFO - [2025-03-23T08:10:44.147+0000] {dag.py:4180} INFO - Setting next_dagrun for example_workday_timetable to 2021-01-04 00:00:00+00:00, run_after=2021-01-05 00:00:00+00:00
[2025-03-23T08:10:44.270+0000] {processor.py:208} INFO - Processing /home/airflow/.local/lib/python3.12/site-packages/airflow/example_dags/example_workday_timetable.py took 0.261 seconds
[2025-03-23T08:11:15.087+0000] {processor.py:186} INFO - Started process (PID=614) to work on /home/airflow/.local/lib/python3.12/site-packages/airflow/example_dags/example_workday_timetable.py
[2025-03-23T08:11:15.088+0000] {processor.py:914} INFO - Processing file /home/airflow/.local/lib/python3.12/site-packages/airflow/example_dags/example_workday_timetable.py for tasks to queue
[2025-03-23T08:11:15.092+0000] {logging_mixin.py:190} INFO - [2025-03-23T08:11:15.092+0000] {dagbag.py:588} INFO - Filling up the DagBag from /home/airflow/.local/lib/python3.12/site-packages/airflow/example_dags/example_workday_timetable.py
[2025-03-23T08:11:15.106+0000] {processor.py:925} INFO - DAG(s) 'example_workday_timetable' retrieved from /home/airflow/.local/lib/python3.12/site-packages/airflow/example_dags/example_workday_timetable.py
[2025-03-23T08:11:15.152+0000] {logging_mixin.py:190} INFO - [2025-03-23T08:11:15.149+0000] {dag.py:3239} INFO - Sync 1 DAGs
[2025-03-23T08:11:15.425+0000] {logging_mixin.py:190} INFO - [2025-03-23T08:11:15.424+0000] {dag.py:4180} INFO - Setting next_dagrun for example_workday_timetable to 2021-01-04 00:00:00+00:00, run_after=2021-01-05 00:00:00+00:00
[2025-03-23T08:11:15.629+0000] {processor.py:208} INFO - Processing /home/airflow/.local/lib/python3.12/site-packages/airflow/example_dags/example_workday_timetable.py took 0.556 seconds
[2025-03-23T08:11:46.220+0000] {processor.py:186} INFO - Started process (PID=678) to work on /home/airflow/.local/lib/python3.12/site-packages/airflow/example_dags/example_workday_timetable.py
[2025-03-23T08:11:46.222+0000] {processor.py:914} INFO - Processing file /home/airflow/.local/lib/python3.12/site-packages/airflow/example_dags/example_workday_timetable.py for tasks to queue
[2025-03-23T08:11:46.226+0000] {logging_mixin.py:190} INFO - [2025-03-23T08:11:46.225+0000] {dagbag.py:588} INFO - Filling up the DagBag from /home/airflow/.local/lib/python3.12/site-packages/airflow/example_dags/example_workday_timetable.py
[2025-03-23T08:11:46.236+0000] {processor.py:925} INFO - DAG(s) 'example_workday_timetable' retrieved from /home/airflow/.local/lib/python3.12/site-packages/airflow/example_dags/example_workday_timetable.py
[2025-03-23T08:11:46.262+0000] {logging_mixin.py:190} INFO - [2025-03-23T08:11:46.261+0000] {dag.py:3239} INFO - Sync 1 DAGs
[2025-03-23T08:11:46.355+0000] {logging_mixin.py:190} INFO - [2025-03-23T08:11:46.355+0000] {dag.py:4180} INFO - Setting next_dagrun for example_workday_timetable to 2021-01-04 00:00:00+00:00, run_after=2021-01-05 00:00:00+00:00
[2025-03-23T08:11:46.435+0000] {processor.py:208} INFO - Processing /home/airflow/.local/lib/python3.12/site-packages/airflow/example_dags/example_workday_timetable.py took 0.223 seconds
[2025-03-23T08:12:16.746+0000] {processor.py:186} INFO - Started process (PID=742) to work on /home/airflow/.local/lib/python3.12/site-packages/airflow/example_dags/example_workday_timetable.py
[2025-03-23T08:12:16.748+0000] {processor.py:914} INFO - Processing file /home/airflow/.local/lib/python3.12/site-packages/airflow/example_dags/example_workday_timetable.py for tasks to queue
[2025-03-23T08:12:16.751+0000] {logging_mixin.py:190} INFO - [2025-03-23T08:12:16.751+0000] {dagbag.py:588} INFO - Filling up the DagBag from /home/airflow/.local/lib/python3.12/site-packages/airflow/example_dags/example_workday_timetable.py
[2025-03-23T08:12:16.763+0000] {processor.py:925} INFO - DAG(s) 'example_workday_timetable' retrieved from /home/airflow/.local/lib/python3.12/site-packages/airflow/example_dags/example_workday_timetable.py
[2025-03-23T08:12:16.796+0000] {logging_mixin.py:190} INFO - [2025-03-23T08:12:16.796+0000] {dag.py:3239} INFO - Sync 1 DAGs
[2025-03-23T08:12:16.921+0000] {logging_mixin.py:190} INFO - [2025-03-23T08:12:16.921+0000] {dag.py:4180} INFO - Setting next_dagrun for example_workday_timetable to 2021-01-04 00:00:00+00:00, run_after=2021-01-05 00:00:00+00:00
[2025-03-23T08:12:16.976+0000] {processor.py:208} INFO - Processing /home/airflow/.local/lib/python3.12/site-packages/airflow/example_dags/example_workday_timetable.py took 0.240 seconds
[2025-03-23T08:12:47.340+0000] {processor.py:186} INFO - Started process (PID=806) to work on /home/airflow/.local/lib/python3.12/site-packages/airflow/example_dags/example_workday_timetable.py
[2025-03-23T08:12:47.341+0000] {processor.py:914} INFO - Processing file /home/airflow/.local/lib/python3.12/site-packages/airflow/example_dags/example_workday_timetable.py for tasks to queue
[2025-03-23T08:12:47.344+0000] {logging_mixin.py:190} INFO - [2025-03-23T08:12:47.344+0000] {dagbag.py:588} INFO - Filling up the DagBag from /home/airflow/.local/lib/python3.12/site-packages/airflow/example_dags/example_workday_timetable.py
[2025-03-23T08:12:47.352+0000] {processor.py:925} INFO - DAG(s) 'example_workday_timetable' retrieved from /home/airflow/.local/lib/python3.12/site-packages/airflow/example_dags/example_workday_timetable.py
[2025-03-23T08:12:47.379+0000] {logging_mixin.py:190} INFO - [2025-03-23T08:12:47.378+0000] {dag.py:3239} INFO - Sync 1 DAGs
[2025-03-23T08:12:47.462+0000] {logging_mixin.py:190} INFO - [2025-03-23T08:12:47.461+0000] {dag.py:4180} INFO - Setting next_dagrun for example_workday_timetable to 2021-01-04 00:00:00+00:00, run_after=2021-01-05 00:00:00+00:00
[2025-03-23T08:12:47.521+0000] {processor.py:208} INFO - Processing /home/airflow/.local/lib/python3.12/site-packages/airflow/example_dags/example_workday_timetable.py took 0.188 seconds
[2025-03-23T08:13:17.957+0000] {processor.py:186} INFO - Started process (PID=870) to work on /home/airflow/.local/lib/python3.12/site-packages/airflow/example_dags/example_workday_timetable.py
[2025-03-23T08:13:17.959+0000] {processor.py:914} INFO - Processing file /home/airflow/.local/lib/python3.12/site-packages/airflow/example_dags/example_workday_timetable.py for tasks to queue
[2025-03-23T08:13:17.964+0000] {logging_mixin.py:190} INFO - [2025-03-23T08:13:17.963+0000] {dagbag.py:588} INFO - Filling up the DagBag from /home/airflow/.local/lib/python3.12/site-packages/airflow/example_dags/example_workday_timetable.py
[2025-03-23T08:13:17.976+0000] {processor.py:925} INFO - DAG(s) 'example_workday_timetable' retrieved from /home/airflow/.local/lib/python3.12/site-packages/airflow/example_dags/example_workday_timetable.py
[2025-03-23T08:13:18.012+0000] {logging_mixin.py:190} INFO - [2025-03-23T08:13:18.011+0000] {dag.py:3239} INFO - Sync 1 DAGs
[2025-03-23T08:13:18.108+0000] {logging_mixin.py:190} INFO - [2025-03-23T08:13:18.106+0000] {dag.py:4180} INFO - Setting next_dagrun for example_workday_timetable to 2021-01-04 00:00:00+00:00, run_after=2021-01-05 00:00:00+00:00
[2025-03-23T08:13:18.188+0000] {processor.py:208} INFO - Processing /home/airflow/.local/lib/python3.12/site-packages/airflow/example_dags/example_workday_timetable.py took 0.248 seconds
[2025-03-23T08:13:48.925+0000] {processor.py:186} INFO - Started process (PID=934) to work on /home/airflow/.local/lib/python3.12/site-packages/airflow/example_dags/example_workday_timetable.py
[2025-03-23T08:13:48.927+0000] {processor.py:914} INFO - Processing file /home/airflow/.local/lib/python3.12/site-packages/airflow/example_dags/example_workday_timetable.py for tasks to queue
[2025-03-23T08:13:48.931+0000] {logging_mixin.py:190} INFO - [2025-03-23T08:13:48.930+0000] {dagbag.py:588} INFO - Filling up the DagBag from /home/airflow/.local/lib/python3.12/site-packages/airflow/example_dags/example_workday_timetable.py
[2025-03-23T08:13:48.938+0000] {processor.py:925} INFO - DAG(s) 'example_workday_timetable' retrieved from /home/airflow/.local/lib/python3.12/site-packages/airflow/example_dags/example_workday_timetable.py
[2025-03-23T08:13:48.962+0000] {logging_mixin.py:190} INFO - [2025-03-23T08:13:48.962+0000] {dag.py:3239} INFO - Sync 1 DAGs
[2025-03-23T08:13:49.063+0000] {logging_mixin.py:190} INFO - [2025-03-23T08:13:49.063+0000] {dag.py:4180} INFO - Setting next_dagrun for example_workday_timetable to 2021-01-04 00:00:00+00:00, run_after=2021-01-05 00:00:00+00:00
[2025-03-23T08:13:49.126+0000] {processor.py:208} INFO - Processing /home/airflow/.local/lib/python3.12/site-packages/airflow/example_dags/example_workday_timetable.py took 0.208 seconds
[2025-03-23T08:14:20.035+0000] {processor.py:186} INFO - Started process (PID=998) to work on /home/airflow/.local/lib/python3.12/site-packages/airflow/example_dags/example_workday_timetable.py
[2025-03-23T08:14:20.036+0000] {processor.py:914} INFO - Processing file /home/airflow/.local/lib/python3.12/site-packages/airflow/example_dags/example_workday_timetable.py for tasks to queue
[2025-03-23T08:14:20.041+0000] {logging_mixin.py:190} INFO - [2025-03-23T08:14:20.041+0000] {dagbag.py:588} INFO - Filling up the DagBag from /home/airflow/.local/lib/python3.12/site-packages/airflow/example_dags/example_workday_timetable.py
[2025-03-23T08:14:20.051+0000] {processor.py:925} INFO - DAG(s) 'example_workday_timetable' retrieved from /home/airflow/.local/lib/python3.12/site-packages/airflow/example_dags/example_workday_timetable.py
[2025-03-23T08:14:20.091+0000] {logging_mixin.py:190} INFO - [2025-03-23T08:14:20.091+0000] {dag.py:3239} INFO - Sync 1 DAGs
[2025-03-23T08:14:20.212+0000] {logging_mixin.py:190} INFO - [2025-03-23T08:14:20.212+0000] {dag.py:4180} INFO - Setting next_dagrun for example_workday_timetable to 2021-01-04 00:00:00+00:00, run_after=2021-01-05 00:00:00+00:00
[2025-03-23T08:14:20.280+0000] {processor.py:208} INFO - Processing /home/airflow/.local/lib/python3.12/site-packages/airflow/example_dags/example_workday_timetable.py took 0.254 seconds
[2025-03-23T08:14:50.960+0000] {processor.py:186} INFO - Started process (PID=1085) to work on /home/airflow/.local/lib/python3.12/site-packages/airflow/example_dags/example_workday_timetable.py
[2025-03-23T08:14:50.961+0000] {processor.py:914} INFO - Processing file /home/airflow/.local/lib/python3.12/site-packages/airflow/example_dags/example_workday_timetable.py for tasks to queue
[2025-03-23T08:14:50.966+0000] {logging_mixin.py:190} INFO - [2025-03-23T08:14:50.965+0000] {dagbag.py:588} INFO - Filling up the DagBag from /home/airflow/.local/lib/python3.12/site-packages/airflow/example_dags/example_workday_timetable.py
[2025-03-23T08:14:50.979+0000] {processor.py:925} INFO - DAG(s) 'example_workday_timetable' retrieved from /home/airflow/.local/lib/python3.12/site-packages/airflow/example_dags/example_workday_timetable.py
[2025-03-23T08:14:51.015+0000] {logging_mixin.py:190} INFO - [2025-03-23T08:14:51.014+0000] {dag.py:3239} INFO - Sync 1 DAGs
[2025-03-23T08:14:51.146+0000] {logging_mixin.py:190} INFO - [2025-03-23T08:14:51.146+0000] {dag.py:4180} INFO - Setting next_dagrun for example_workday_timetable to 2021-01-04 00:00:00+00:00, run_after=2021-01-05 00:00:00+00:00
[2025-03-23T08:14:51.262+0000] {processor.py:208} INFO - Processing /home/airflow/.local/lib/python3.12/site-packages/airflow/example_dags/example_workday_timetable.py took 0.316 seconds
[2025-03-23T08:15:21.687+0000] {processor.py:186} INFO - Started process (PID=1150) to work on /home/airflow/.local/lib/python3.12/site-packages/airflow/example_dags/example_workday_timetable.py
[2025-03-23T08:15:21.688+0000] {processor.py:914} INFO - Processing file /home/airflow/.local/lib/python3.12/site-packages/airflow/example_dags/example_workday_timetable.py for tasks to queue
[2025-03-23T08:15:21.692+0000] {logging_mixin.py:190} INFO - [2025-03-23T08:15:21.691+0000] {dagbag.py:588} INFO - Filling up the DagBag from /home/airflow/.local/lib/python3.12/site-packages/airflow/example_dags/example_workday_timetable.py
[2025-03-23T08:15:21.702+0000] {processor.py:925} INFO - DAG(s) 'example_workday_timetable' retrieved from /home/airflow/.local/lib/python3.12/site-packages/airflow/example_dags/example_workday_timetable.py
[2025-03-23T08:15:21.727+0000] {logging_mixin.py:190} INFO - [2025-03-23T08:15:21.727+0000] {dag.py:3239} INFO - Sync 1 DAGs
[2025-03-23T08:15:21.816+0000] {logging_mixin.py:190} INFO - [2025-03-23T08:15:21.816+0000] {dag.py:4180} INFO - Setting next_dagrun for example_workday_timetable to 2021-01-04 00:00:00+00:00, run_after=2021-01-05 00:00:00+00:00
[2025-03-23T08:15:21.881+0000] {processor.py:208} INFO - Processing /home/airflow/.local/lib/python3.12/site-packages/airflow/example_dags/example_workday_timetable.py took 0.209 seconds
[2025-03-23T08:15:52.414+0000] {processor.py:186} INFO - Started process (PID=1214) to work on /home/airflow/.local/lib/python3.12/site-packages/airflow/example_dags/example_workday_timetable.py
[2025-03-23T08:15:52.416+0000] {processor.py:914} INFO - Processing file /home/airflow/.local/lib/python3.12/site-packages/airflow/example_dags/example_workday_timetable.py for tasks to queue
[2025-03-23T08:15:52.418+0000] {logging_mixin.py:190} INFO - [2025-03-23T08:15:52.418+0000] {dagbag.py:588} INFO - Filling up the DagBag from /home/airflow/.local/lib/python3.12/site-packages/airflow/example_dags/example_workday_timetable.py
[2025-03-23T08:15:52.425+0000] {processor.py:925} INFO - DAG(s) 'example_workday_timetable' retrieved from /home/airflow/.local/lib/python3.12/site-packages/airflow/example_dags/example_workday_timetable.py
[2025-03-23T08:15:52.448+0000] {logging_mixin.py:190} INFO - [2025-03-23T08:15:52.447+0000] {dag.py:3239} INFO - Sync 1 DAGs
[2025-03-23T08:15:52.535+0000] {logging_mixin.py:190} INFO - [2025-03-23T08:15:52.535+0000] {dag.py:4180} INFO - Setting next_dagrun for example_workday_timetable to 2021-01-04 00:00:00+00:00, run_after=2021-01-05 00:00:00+00:00
[2025-03-23T08:15:52.592+0000] {processor.py:208} INFO - Processing /home/airflow/.local/lib/python3.12/site-packages/airflow/example_dags/example_workday_timetable.py took 0.189 seconds
[2025-03-23T08:16:22.971+0000] {processor.py:186} INFO - Started process (PID=1278) to work on /home/airflow/.local/lib/python3.12/site-packages/airflow/example_dags/example_workday_timetable.py
[2025-03-23T08:16:22.973+0000] {processor.py:914} INFO - Processing file /home/airflow/.local/lib/python3.12/site-packages/airflow/example_dags/example_workday_timetable.py for tasks to queue
[2025-03-23T08:16:22.977+0000] {logging_mixin.py:190} INFO - [2025-03-23T08:16:22.976+0000] {dagbag.py:588} INFO - Filling up the DagBag from /home/airflow/.local/lib/python3.12/site-packages/airflow/example_dags/example_workday_timetable.py
[2025-03-23T08:16:22.985+0000] {processor.py:925} INFO - DAG(s) 'example_workday_timetable' retrieved from /home/airflow/.local/lib/python3.12/site-packages/airflow/example_dags/example_workday_timetable.py
[2025-03-23T08:16:23.009+0000] {logging_mixin.py:190} INFO - [2025-03-23T08:16:23.009+0000] {dag.py:3239} INFO - Sync 1 DAGs
[2025-03-23T08:16:23.099+0000] {logging_mixin.py:190} INFO - [2025-03-23T08:16:23.099+0000] {dag.py:4180} INFO - Setting next_dagrun for example_workday_timetable to 2021-01-04 00:00:00+00:00, run_after=2021-01-05 00:00:00+00:00
[2025-03-23T08:16:23.150+0000] {processor.py:208} INFO - Processing /home/airflow/.local/lib/python3.12/site-packages/airflow/example_dags/example_workday_timetable.py took 0.190 seconds
[2025-03-23T08:16:53.745+0000] {processor.py:186} INFO - Started process (PID=1341) to work on /home/airflow/.local/lib/python3.12/site-packages/airflow/example_dags/example_workday_timetable.py
[2025-03-23T08:16:53.747+0000] {processor.py:914} INFO - Processing file /home/airflow/.local/lib/python3.12/site-packages/airflow/example_dags/example_workday_timetable.py for tasks to queue
[2025-03-23T08:16:53.750+0000] {logging_mixin.py:190} INFO - [2025-03-23T08:16:53.750+0000] {dagbag.py:588} INFO - Filling up the DagBag from /home/airflow/.local/lib/python3.12/site-packages/airflow/example_dags/example_workday_timetable.py
[2025-03-23T08:16:53.757+0000] {processor.py:925} INFO - DAG(s) 'example_workday_timetable' retrieved from /home/airflow/.local/lib/python3.12/site-packages/airflow/example_dags/example_workday_timetable.py
[2025-03-23T08:16:53.781+0000] {logging_mixin.py:190} INFO - [2025-03-23T08:16:53.781+0000] {dag.py:3239} INFO - Sync 1 DAGs
[2025-03-23T08:16:53.886+0000] {logging_mixin.py:190} INFO - [2025-03-23T08:16:53.886+0000] {dag.py:4180} INFO - Setting next_dagrun for example_workday_timetable to 2021-01-04 00:00:00+00:00, run_after=2021-01-05 00:00:00+00:00
[2025-03-23T08:16:53.940+0000] {processor.py:208} INFO - Processing /home/airflow/.local/lib/python3.12/site-packages/airflow/example_dags/example_workday_timetable.py took 0.208 seconds
[2025-03-23T08:17:24.740+0000] {processor.py:186} INFO - Started process (PID=1405) to work on /home/airflow/.local/lib/python3.12/site-packages/airflow/example_dags/example_workday_timetable.py
[2025-03-23T08:17:24.741+0000] {processor.py:914} INFO - Processing file /home/airflow/.local/lib/python3.12/site-packages/airflow/example_dags/example_workday_timetable.py for tasks to queue
[2025-03-23T08:17:24.744+0000] {logging_mixin.py:190} INFO - [2025-03-23T08:17:24.744+0000] {dagbag.py:588} INFO - Filling up the DagBag from /home/airflow/.local/lib/python3.12/site-packages/airflow/example_dags/example_workday_timetable.py
[2025-03-23T08:17:24.752+0000] {processor.py:925} INFO - DAG(s) 'example_workday_timetable' retrieved from /home/airflow/.local/lib/python3.12/site-packages/airflow/example_dags/example_workday_timetable.py
[2025-03-23T08:17:24.778+0000] {logging_mixin.py:190} INFO - [2025-03-23T08:17:24.778+0000] {dag.py:3239} INFO - Sync 1 DAGs
[2025-03-23T08:17:24.967+0000] {logging_mixin.py:190} INFO - [2025-03-23T08:17:24.966+0000] {dag.py:4180} INFO - Setting next_dagrun for example_workday_timetable to 2021-01-04 00:00:00+00:00, run_after=2021-01-05 00:00:00+00:00
[2025-03-23T08:17:25.020+0000] {processor.py:208} INFO - Processing /home/airflow/.local/lib/python3.12/site-packages/airflow/example_dags/example_workday_timetable.py took 0.294 seconds
[2025-03-23T08:17:55.101+0000] {processor.py:186} INFO - Started process (PID=1475) to work on /home/airflow/.local/lib/python3.12/site-packages/airflow/example_dags/example_workday_timetable.py
[2025-03-23T08:17:55.103+0000] {processor.py:914} INFO - Processing file /home/airflow/.local/lib/python3.12/site-packages/airflow/example_dags/example_workday_timetable.py for tasks to queue
[2025-03-23T08:17:55.106+0000] {logging_mixin.py:190} INFO - [2025-03-23T08:17:55.105+0000] {dagbag.py:588} INFO - Filling up the DagBag from /home/airflow/.local/lib/python3.12/site-packages/airflow/example_dags/example_workday_timetable.py
[2025-03-23T08:17:55.114+0000] {processor.py:925} INFO - DAG(s) 'example_workday_timetable' retrieved from /home/airflow/.local/lib/python3.12/site-packages/airflow/example_dags/example_workday_timetable.py
[2025-03-23T08:17:55.138+0000] {logging_mixin.py:190} INFO - [2025-03-23T08:17:55.138+0000] {dag.py:3239} INFO - Sync 1 DAGs
[2025-03-23T08:17:55.239+0000] {logging_mixin.py:190} INFO - [2025-03-23T08:17:55.239+0000] {dag.py:4180} INFO - Setting next_dagrun for example_workday_timetable to 2021-01-04 00:00:00+00:00, run_after=2021-01-05 00:00:00+00:00
[2025-03-23T08:17:55.345+0000] {processor.py:208} INFO - Processing /home/airflow/.local/lib/python3.12/site-packages/airflow/example_dags/example_workday_timetable.py took 0.256 seconds
[2025-03-23T08:18:26.239+0000] {processor.py:186} INFO - Started process (PID=1539) to work on /home/airflow/.local/lib/python3.12/site-packages/airflow/example_dags/example_workday_timetable.py
[2025-03-23T08:18:26.240+0000] {processor.py:914} INFO - Processing file /home/airflow/.local/lib/python3.12/site-packages/airflow/example_dags/example_workday_timetable.py for tasks to queue
[2025-03-23T08:18:26.243+0000] {logging_mixin.py:190} INFO - [2025-03-23T08:18:26.243+0000] {dagbag.py:588} INFO - Filling up the DagBag from /home/airflow/.local/lib/python3.12/site-packages/airflow/example_dags/example_workday_timetable.py
[2025-03-23T08:18:26.252+0000] {processor.py:925} INFO - DAG(s) 'example_workday_timetable' retrieved from /home/airflow/.local/lib/python3.12/site-packages/airflow/example_dags/example_workday_timetable.py
[2025-03-23T08:18:26.280+0000] {logging_mixin.py:190} INFO - [2025-03-23T08:18:26.280+0000] {dag.py:3239} INFO - Sync 1 DAGs
[2025-03-23T08:18:26.394+0000] {logging_mixin.py:190} INFO - [2025-03-23T08:18:26.394+0000] {dag.py:4180} INFO - Setting next_dagrun for example_workday_timetable to 2021-01-04 00:00:00+00:00, run_after=2021-01-05 00:00:00+00:00
[2025-03-23T08:18:26.479+0000] {processor.py:208} INFO - Processing /home/airflow/.local/lib/python3.12/site-packages/airflow/example_dags/example_workday_timetable.py took 0.253 seconds
[2025-03-23T08:18:56.562+0000] {processor.py:186} INFO - Started process (PID=1603) to work on /home/airflow/.local/lib/python3.12/site-packages/airflow/example_dags/example_workday_timetable.py
[2025-03-23T08:18:56.564+0000] {processor.py:914} INFO - Processing file /home/airflow/.local/lib/python3.12/site-packages/airflow/example_dags/example_workday_timetable.py for tasks to queue
[2025-03-23T08:18:56.568+0000] {logging_mixin.py:190} INFO - [2025-03-23T08:18:56.567+0000] {dagbag.py:588} INFO - Filling up the DagBag from /home/airflow/.local/lib/python3.12/site-packages/airflow/example_dags/example_workday_timetable.py
[2025-03-23T08:18:56.577+0000] {processor.py:925} INFO - DAG(s) 'example_workday_timetable' retrieved from /home/airflow/.local/lib/python3.12/site-packages/airflow/example_dags/example_workday_timetable.py
[2025-03-23T08:18:56.601+0000] {logging_mixin.py:190} INFO - [2025-03-23T08:18:56.600+0000] {dag.py:3239} INFO - Sync 1 DAGs
[2025-03-23T08:18:56.718+0000] {logging_mixin.py:190} INFO - [2025-03-23T08:18:56.718+0000] {dag.py:4180} INFO - Setting next_dagrun for example_workday_timetable to 2021-01-04 00:00:00+00:00, run_after=2021-01-05 00:00:00+00:00
[2025-03-23T08:18:56.787+0000] {processor.py:208} INFO - Processing /home/airflow/.local/lib/python3.12/site-packages/airflow/example_dags/example_workday_timetable.py took 0.239 seconds
[2025-03-23T08:19:27.725+0000] {processor.py:186} INFO - Started process (PID=1666) to work on /home/airflow/.local/lib/python3.12/site-packages/airflow/example_dags/example_workday_timetable.py
[2025-03-23T08:19:27.726+0000] {processor.py:914} INFO - Processing file /home/airflow/.local/lib/python3.12/site-packages/airflow/example_dags/example_workday_timetable.py for tasks to queue
[2025-03-23T08:19:27.731+0000] {logging_mixin.py:190} INFO - [2025-03-23T08:19:27.730+0000] {dagbag.py:588} INFO - Filling up the DagBag from /home/airflow/.local/lib/python3.12/site-packages/airflow/example_dags/example_workday_timetable.py
[2025-03-23T08:19:27.739+0000] {processor.py:925} INFO - DAG(s) 'example_workday_timetable' retrieved from /home/airflow/.local/lib/python3.12/site-packages/airflow/example_dags/example_workday_timetable.py
[2025-03-23T08:19:27.761+0000] {logging_mixin.py:190} INFO - [2025-03-23T08:19:27.760+0000] {dag.py:3239} INFO - Sync 1 DAGs
[2025-03-23T08:19:27.864+0000] {logging_mixin.py:190} INFO - [2025-03-23T08:19:27.864+0000] {dag.py:4180} INFO - Setting next_dagrun for example_workday_timetable to 2021-01-04 00:00:00+00:00, run_after=2021-01-05 00:00:00+00:00
[2025-03-23T08:19:27.925+0000] {processor.py:208} INFO - Processing /home/airflow/.local/lib/python3.12/site-packages/airflow/example_dags/example_workday_timetable.py took 0.218 seconds
[2025-03-23T08:19:58.973+0000] {processor.py:186} INFO - Started process (PID=1730) to work on /home/airflow/.local/lib/python3.12/site-packages/airflow/example_dags/example_workday_timetable.py
[2025-03-23T08:19:58.975+0000] {processor.py:914} INFO - Processing file /home/airflow/.local/lib/python3.12/site-packages/airflow/example_dags/example_workday_timetable.py for tasks to queue
[2025-03-23T08:19:58.979+0000] {logging_mixin.py:190} INFO - [2025-03-23T08:19:58.978+0000] {dagbag.py:588} INFO - Filling up the DagBag from /home/airflow/.local/lib/python3.12/site-packages/airflow/example_dags/example_workday_timetable.py
[2025-03-23T08:19:58.987+0000] {processor.py:925} INFO - DAG(s) 'example_workday_timetable' retrieved from /home/airflow/.local/lib/python3.12/site-packages/airflow/example_dags/example_workday_timetable.py
[2025-03-23T08:19:59.015+0000] {logging_mixin.py:190} INFO - [2025-03-23T08:19:59.015+0000] {dag.py:3239} INFO - Sync 1 DAGs
[2025-03-23T08:19:59.160+0000] {logging_mixin.py:190} INFO - [2025-03-23T08:19:59.160+0000] {dag.py:4180} INFO - Setting next_dagrun for example_workday_timetable to 2021-01-04 00:00:00+00:00, run_after=2021-01-05 00:00:00+00:00
[2025-03-23T08:19:59.247+0000] {processor.py:208} INFO - Processing /home/airflow/.local/lib/python3.12/site-packages/airflow/example_dags/example_workday_timetable.py took 0.288 seconds
[2025-03-23T08:20:29.469+0000] {processor.py:186} INFO - Started process (PID=1794) to work on /home/airflow/.local/lib/python3.12/site-packages/airflow/example_dags/example_workday_timetable.py
[2025-03-23T08:20:29.470+0000] {processor.py:914} INFO - Processing file /home/airflow/.local/lib/python3.12/site-packages/airflow/example_dags/example_workday_timetable.py for tasks to queue
[2025-03-23T08:20:29.473+0000] {logging_mixin.py:190} INFO - [2025-03-23T08:20:29.472+0000] {dagbag.py:588} INFO - Filling up the DagBag from /home/airflow/.local/lib/python3.12/site-packages/airflow/example_dags/example_workday_timetable.py
[2025-03-23T08:20:29.482+0000] {processor.py:925} INFO - DAG(s) 'example_workday_timetable' retrieved from /home/airflow/.local/lib/python3.12/site-packages/airflow/example_dags/example_workday_timetable.py
[2025-03-23T08:20:29.512+0000] {logging_mixin.py:190} INFO - [2025-03-23T08:20:29.512+0000] {dag.py:3239} INFO - Sync 1 DAGs
[2025-03-23T08:20:29.618+0000] {logging_mixin.py:190} INFO - [2025-03-23T08:20:29.617+0000] {dag.py:4180} INFO - Setting next_dagrun for example_workday_timetable to 2021-01-04 00:00:00+00:00, run_after=2021-01-05 00:00:00+00:00
[2025-03-23T08:20:29.726+0000] {processor.py:208} INFO - Processing /home/airflow/.local/lib/python3.12/site-packages/airflow/example_dags/example_workday_timetable.py took 0.270 seconds
[2025-03-23T08:24:47.716+0000] {processor.py:186} INFO - Started process (PID=95) to work on /home/airflow/.local/lib/python3.12/site-packages/airflow/example_dags/example_workday_timetable.py
[2025-03-23T08:24:47.717+0000] {processor.py:914} INFO - Processing file /home/airflow/.local/lib/python3.12/site-packages/airflow/example_dags/example_workday_timetable.py for tasks to queue
[2025-03-23T08:24:47.724+0000] {logging_mixin.py:190} INFO - [2025-03-23T08:24:47.723+0000] {dagbag.py:588} INFO - Filling up the DagBag from /home/airflow/.local/lib/python3.12/site-packages/airflow/example_dags/example_workday_timetable.py
[2025-03-23T08:24:47.738+0000] {processor.py:925} INFO - DAG(s) 'example_workday_timetable' retrieved from /home/airflow/.local/lib/python3.12/site-packages/airflow/example_dags/example_workday_timetable.py
[2025-03-23T08:24:47.781+0000] {logging_mixin.py:190} INFO - [2025-03-23T08:24:47.781+0000] {dag.py:3239} INFO - Sync 1 DAGs
[2025-03-23T08:24:47.913+0000] {logging_mixin.py:190} INFO - [2025-03-23T08:24:47.912+0000] {dag.py:4180} INFO - Setting next_dagrun for example_workday_timetable to 2021-01-04 00:00:00+00:00, run_after=2021-01-05 00:00:00+00:00
[2025-03-23T08:24:48.147+0000] {processor.py:208} INFO - Processing /home/airflow/.local/lib/python3.12/site-packages/airflow/example_dags/example_workday_timetable.py took 0.441 seconds
[2025-03-23T08:26:33.562+0000] {processor.py:186} INFO - Started process (PID=78) to work on /home/airflow/.local/lib/python3.12/site-packages/airflow/example_dags/example_workday_timetable.py
[2025-03-23T08:26:33.564+0000] {processor.py:914} INFO - Processing file /home/airflow/.local/lib/python3.12/site-packages/airflow/example_dags/example_workday_timetable.py for tasks to queue
[2025-03-23T08:26:33.567+0000] {logging_mixin.py:190} INFO - [2025-03-23T08:26:33.567+0000] {dagbag.py:588} INFO - Filling up the DagBag from /home/airflow/.local/lib/python3.12/site-packages/airflow/example_dags/example_workday_timetable.py
[2025-03-23T08:26:33.579+0000] {processor.py:925} INFO - DAG(s) 'example_workday_timetable' retrieved from /home/airflow/.local/lib/python3.12/site-packages/airflow/example_dags/example_workday_timetable.py
[2025-03-23T08:26:33.618+0000] {logging_mixin.py:190} INFO - [2025-03-23T08:26:33.618+0000] {dag.py:3239} INFO - Sync 1 DAGs
[2025-03-23T08:26:33.729+0000] {logging_mixin.py:190} INFO - [2025-03-23T08:26:33.728+0000] {dag.py:4180} INFO - Setting next_dagrun for example_workday_timetable to 2021-01-04 00:00:00+00:00, run_after=2021-01-05 00:00:00+00:00
[2025-03-23T08:26:34.086+0000] {processor.py:208} INFO - Processing /home/airflow/.local/lib/python3.12/site-packages/airflow/example_dags/example_workday_timetable.py took 0.532 seconds
[2025-03-23T08:27:04.205+0000] {processor.py:186} INFO - Started process (PID=142) to work on /home/airflow/.local/lib/python3.12/site-packages/airflow/example_dags/example_workday_timetable.py
[2025-03-23T08:27:04.207+0000] {processor.py:914} INFO - Processing file /home/airflow/.local/lib/python3.12/site-packages/airflow/example_dags/example_workday_timetable.py for tasks to queue
[2025-03-23T08:27:04.210+0000] {logging_mixin.py:190} INFO - [2025-03-23T08:27:04.209+0000] {dagbag.py:588} INFO - Filling up the DagBag from /home/airflow/.local/lib/python3.12/site-packages/airflow/example_dags/example_workday_timetable.py
[2025-03-23T08:27:04.218+0000] {processor.py:925} INFO - DAG(s) 'example_workday_timetable' retrieved from /home/airflow/.local/lib/python3.12/site-packages/airflow/example_dags/example_workday_timetable.py
[2025-03-23T08:27:04.243+0000] {logging_mixin.py:190} INFO - [2025-03-23T08:27:04.243+0000] {dag.py:3239} INFO - Sync 1 DAGs
[2025-03-23T08:27:04.337+0000] {logging_mixin.py:190} INFO - [2025-03-23T08:27:04.336+0000] {dag.py:4180} INFO - Setting next_dagrun for example_workday_timetable to 2021-01-04 00:00:00+00:00, run_after=2021-01-05 00:00:00+00:00
[2025-03-23T08:27:04.660+0000] {processor.py:208} INFO - Processing /home/airflow/.local/lib/python3.12/site-packages/airflow/example_dags/example_workday_timetable.py took 0.463 seconds
[2025-03-23T08:27:34.990+0000] {processor.py:186} INFO - Started process (PID=212) to work on /home/airflow/.local/lib/python3.12/site-packages/airflow/example_dags/example_workday_timetable.py
[2025-03-23T08:27:34.992+0000] {processor.py:914} INFO - Processing file /home/airflow/.local/lib/python3.12/site-packages/airflow/example_dags/example_workday_timetable.py for tasks to queue
[2025-03-23T08:27:34.996+0000] {logging_mixin.py:190} INFO - [2025-03-23T08:27:34.996+0000] {dagbag.py:588} INFO - Filling up the DagBag from /home/airflow/.local/lib/python3.12/site-packages/airflow/example_dags/example_workday_timetable.py
[2025-03-23T08:27:35.009+0000] {processor.py:925} INFO - DAG(s) 'example_workday_timetable' retrieved from /home/airflow/.local/lib/python3.12/site-packages/airflow/example_dags/example_workday_timetable.py
[2025-03-23T08:27:35.063+0000] {logging_mixin.py:190} INFO - [2025-03-23T08:27:35.062+0000] {dag.py:3239} INFO - Sync 1 DAGs
[2025-03-23T08:27:35.184+0000] {logging_mixin.py:190} INFO - [2025-03-23T08:27:35.184+0000] {dag.py:4180} INFO - Setting next_dagrun for example_workday_timetable to 2021-01-04 00:00:00+00:00, run_after=2021-01-05 00:00:00+00:00
[2025-03-23T08:27:35.332+0000] {processor.py:208} INFO - Processing /home/airflow/.local/lib/python3.12/site-packages/airflow/example_dags/example_workday_timetable.py took 0.353 seconds
[2025-03-23T08:28:05.964+0000] {processor.py:186} INFO - Started process (PID=276) to work on /home/airflow/.local/lib/python3.12/site-packages/airflow/example_dags/example_workday_timetable.py
[2025-03-23T08:28:05.965+0000] {processor.py:914} INFO - Processing file /home/airflow/.local/lib/python3.12/site-packages/airflow/example_dags/example_workday_timetable.py for tasks to queue
[2025-03-23T08:28:05.970+0000] {logging_mixin.py:190} INFO - [2025-03-23T08:28:05.969+0000] {dagbag.py:588} INFO - Filling up the DagBag from /home/airflow/.local/lib/python3.12/site-packages/airflow/example_dags/example_workday_timetable.py
[2025-03-23T08:28:05.978+0000] {processor.py:925} INFO - DAG(s) 'example_workday_timetable' retrieved from /home/airflow/.local/lib/python3.12/site-packages/airflow/example_dags/example_workday_timetable.py
[2025-03-23T08:28:06.013+0000] {logging_mixin.py:190} INFO - [2025-03-23T08:28:06.013+0000] {dag.py:3239} INFO - Sync 1 DAGs
[2025-03-23T08:28:06.112+0000] {logging_mixin.py:190} INFO - [2025-03-23T08:28:06.112+0000] {dag.py:4180} INFO - Setting next_dagrun for example_workday_timetable to 2021-01-04 00:00:00+00:00, run_after=2021-01-05 00:00:00+00:00
[2025-03-23T08:28:06.186+0000] {processor.py:208} INFO - Processing /home/airflow/.local/lib/python3.12/site-packages/airflow/example_dags/example_workday_timetable.py took 0.235 seconds
[2025-03-23T08:28:37.044+0000] {processor.py:186} INFO - Started process (PID=340) to work on /home/airflow/.local/lib/python3.12/site-packages/airflow/example_dags/example_workday_timetable.py
[2025-03-23T08:28:37.047+0000] {processor.py:914} INFO - Processing file /home/airflow/.local/lib/python3.12/site-packages/airflow/example_dags/example_workday_timetable.py for tasks to queue
[2025-03-23T08:28:37.054+0000] {logging_mixin.py:190} INFO - [2025-03-23T08:28:37.053+0000] {dagbag.py:588} INFO - Filling up the DagBag from /home/airflow/.local/lib/python3.12/site-packages/airflow/example_dags/example_workday_timetable.py
[2025-03-23T08:28:37.067+0000] {processor.py:925} INFO - DAG(s) 'example_workday_timetable' retrieved from /home/airflow/.local/lib/python3.12/site-packages/airflow/example_dags/example_workday_timetable.py
[2025-03-23T08:28:37.104+0000] {logging_mixin.py:190} INFO - [2025-03-23T08:28:37.104+0000] {dag.py:3239} INFO - Sync 1 DAGs
[2025-03-23T08:28:37.211+0000] {logging_mixin.py:190} INFO - [2025-03-23T08:28:37.211+0000] {dag.py:4180} INFO - Setting next_dagrun for example_workday_timetable to 2021-01-04 00:00:00+00:00, run_after=2021-01-05 00:00:00+00:00
[2025-03-23T08:28:37.289+0000] {processor.py:208} INFO - Processing /home/airflow/.local/lib/python3.12/site-packages/airflow/example_dags/example_workday_timetable.py took 0.257 seconds
[2025-03-23T08:29:07.803+0000] {processor.py:186} INFO - Started process (PID=404) to work on /home/airflow/.local/lib/python3.12/site-packages/airflow/example_dags/example_workday_timetable.py
[2025-03-23T08:29:07.805+0000] {processor.py:914} INFO - Processing file /home/airflow/.local/lib/python3.12/site-packages/airflow/example_dags/example_workday_timetable.py for tasks to queue
[2025-03-23T08:29:07.810+0000] {logging_mixin.py:190} INFO - [2025-03-23T08:29:07.809+0000] {dagbag.py:588} INFO - Filling up the DagBag from /home/airflow/.local/lib/python3.12/site-packages/airflow/example_dags/example_workday_timetable.py
[2025-03-23T08:29:07.819+0000] {processor.py:925} INFO - DAG(s) 'example_workday_timetable' retrieved from /home/airflow/.local/lib/python3.12/site-packages/airflow/example_dags/example_workday_timetable.py
[2025-03-23T08:29:07.849+0000] {logging_mixin.py:190} INFO - [2025-03-23T08:29:07.849+0000] {dag.py:3239} INFO - Sync 1 DAGs
[2025-03-23T08:29:07.955+0000] {logging_mixin.py:190} INFO - [2025-03-23T08:29:07.955+0000] {dag.py:4180} INFO - Setting next_dagrun for example_workday_timetable to 2021-01-04 00:00:00+00:00, run_after=2021-01-05 00:00:00+00:00
[2025-03-23T08:29:08.023+0000] {processor.py:208} INFO - Processing /home/airflow/.local/lib/python3.12/site-packages/airflow/example_dags/example_workday_timetable.py took 0.231 seconds
[2025-03-23T08:29:38.650+0000] {processor.py:186} INFO - Started process (PID=468) to work on /home/airflow/.local/lib/python3.12/site-packages/airflow/example_dags/example_workday_timetable.py
[2025-03-23T08:29:38.657+0000] {processor.py:914} INFO - Processing file /home/airflow/.local/lib/python3.12/site-packages/airflow/example_dags/example_workday_timetable.py for tasks to queue
[2025-03-23T08:29:38.669+0000] {logging_mixin.py:190} INFO - [2025-03-23T08:29:38.669+0000] {dagbag.py:588} INFO - Filling up the DagBag from /home/airflow/.local/lib/python3.12/site-packages/airflow/example_dags/example_workday_timetable.py
[2025-03-23T08:29:38.681+0000] {processor.py:925} INFO - DAG(s) 'example_workday_timetable' retrieved from /home/airflow/.local/lib/python3.12/site-packages/airflow/example_dags/example_workday_timetable.py
[2025-03-23T08:29:38.705+0000] {logging_mixin.py:190} INFO - [2025-03-23T08:29:38.704+0000] {dag.py:3239} INFO - Sync 1 DAGs
[2025-03-23T08:29:38.828+0000] {logging_mixin.py:190} INFO - [2025-03-23T08:29:38.827+0000] {dag.py:4180} INFO - Setting next_dagrun for example_workday_timetable to 2021-01-04 00:00:00+00:00, run_after=2021-01-05 00:00:00+00:00
[2025-03-23T08:29:38.942+0000] {processor.py:208} INFO - Processing /home/airflow/.local/lib/python3.12/site-packages/airflow/example_dags/example_workday_timetable.py took 0.315 seconds
