[2025-03-23T08:06:16.095+0000] {processor.py:186} INFO - Started process (PID=91) to work on /home/airflow/.local/lib/python3.12/site-packages/airflow/example_dags/example_latest_only_with_trigger.py
[2025-03-23T08:06:16.097+0000] {processor.py:914} INFO - Processing file /home/airflow/.local/lib/python3.12/site-packages/airflow/example_dags/example_latest_only_with_trigger.py for tasks to queue
[2025-03-23T08:06:16.118+0000] {logging_mixin.py:190} INFO - [2025-03-23T08:06:16.117+0000] {dagbag.py:588} INFO - Filling up the DagBag from /home/airflow/.local/lib/python3.12/site-packages/airflow/example_dags/example_latest_only_with_trigger.py
[2025-03-23T08:06:16.194+0000] {processor.py:925} INFO - DAG(s) 'latest_only_with_trigger' retrieved from /home/airflow/.local/lib/python3.12/site-packages/airflow/example_dags/example_latest_only_with_trigger.py
[2025-03-23T08:06:16.623+0000] {logging_mixin.py:190} INFO - [2025-03-23T08:06:16.620+0000] {override.py:1911} INFO - Created Permission View: can edit on DAG:latest_only_with_trigger
[2025-03-23T08:06:16.784+0000] {logging_mixin.py:190} INFO - [2025-03-23T08:06:16.783+0000] {override.py:1911} INFO - Created Permission View: can delete on DAG:latest_only_with_trigger
[2025-03-23T08:06:16.877+0000] {logging_mixin.py:190} INFO - [2025-03-23T08:06:16.876+0000] {override.py:1911} INFO - Created Permission View: can read on DAG:latest_only_with_trigger
[2025-03-23T08:06:17.066+0000] {logging_mixin.py:190} INFO - [2025-03-23T08:06:17.065+0000] {override.py:1911} INFO - Created Permission View: menu access on DAG Run:latest_only_with_trigger
[2025-03-23T08:06:17.132+0000] {logging_mixin.py:190} INFO - [2025-03-23T08:06:17.132+0000] {override.py:1911} INFO - Created Permission View: can create on DAG Run:latest_only_with_trigger
[2025-03-23T08:06:17.319+0000] {logging_mixin.py:190} INFO - [2025-03-23T08:06:17.318+0000] {override.py:1911} INFO - Created Permission View: can read on DAG Run:latest_only_with_trigger
[2025-03-23T08:06:17.410+0000] {logging_mixin.py:190} INFO - [2025-03-23T08:06:17.410+0000] {override.py:1911} INFO - Created Permission View: can delete on DAG Run:latest_only_with_trigger
[2025-03-23T08:06:17.412+0000] {logging_mixin.py:190} INFO - [2025-03-23T08:06:17.412+0000] {dag.py:3239} INFO - Sync 1 DAGs
[2025-03-23T08:06:17.445+0000] {logging_mixin.py:190} INFO - [2025-03-23T08:06:17.444+0000] {dag.py:3262} INFO - Creating ORM DAG for latest_only_with_trigger
[2025-03-23T08:06:17.461+0000] {logging_mixin.py:190} INFO - [2025-03-23T08:06:17.461+0000] {dag.py:4180} INFO - Setting next_dagrun for latest_only_with_trigger to 2025-03-23 04:00:00+00:00, run_after=2025-03-23 08:00:00+00:00
[2025-03-23T08:06:17.629+0000] {processor.py:208} INFO - Processing /home/airflow/.local/lib/python3.12/site-packages/airflow/example_dags/example_latest_only_with_trigger.py took 1.547 seconds
[2025-03-23T08:07:39.127+0000] {processor.py:186} INFO - Started process (PID=167) to work on /home/airflow/.local/lib/python3.12/site-packages/airflow/example_dags/example_latest_only_with_trigger.py
[2025-03-23T08:07:39.209+0000] {processor.py:914} INFO - Processing file /home/airflow/.local/lib/python3.12/site-packages/airflow/example_dags/example_latest_only_with_trigger.py for tasks to queue
[2025-03-23T08:07:39.212+0000] {logging_mixin.py:190} INFO - [2025-03-23T08:07:39.212+0000] {dagbag.py:588} INFO - Filling up the DagBag from /home/airflow/.local/lib/python3.12/site-packages/airflow/example_dags/example_latest_only_with_trigger.py
[2025-03-23T08:07:39.224+0000] {processor.py:925} INFO - DAG(s) 'latest_only_with_trigger' retrieved from /home/airflow/.local/lib/python3.12/site-packages/airflow/example_dags/example_latest_only_with_trigger.py
[2025-03-23T08:07:39.268+0000] {logging_mixin.py:190} INFO - [2025-03-23T08:07:39.266+0000] {dag.py:3239} INFO - Sync 1 DAGs
[2025-03-23T08:07:39.302+0000] {logging_mixin.py:190} INFO - [2025-03-23T08:07:39.302+0000] {dag.py:4180} INFO - Setting next_dagrun for latest_only_with_trigger to 2025-03-23 04:00:00+00:00, run_after=2025-03-23 08:00:00+00:00
[2025-03-23T08:07:39.560+0000] {processor.py:208} INFO - Processing /home/airflow/.local/lib/python3.12/site-packages/airflow/example_dags/example_latest_only_with_trigger.py took 0.443 seconds
[2025-03-23T08:08:09.944+0000] {processor.py:186} INFO - Started process (PID=232) to work on /home/airflow/.local/lib/python3.12/site-packages/airflow/example_dags/example_latest_only_with_trigger.py
[2025-03-23T08:08:09.956+0000] {processor.py:914} INFO - Processing file /home/airflow/.local/lib/python3.12/site-packages/airflow/example_dags/example_latest_only_with_trigger.py for tasks to queue
[2025-03-23T08:08:09.962+0000] {logging_mixin.py:190} INFO - [2025-03-23T08:08:09.961+0000] {dagbag.py:588} INFO - Filling up the DagBag from /home/airflow/.local/lib/python3.12/site-packages/airflow/example_dags/example_latest_only_with_trigger.py
[2025-03-23T08:08:09.977+0000] {processor.py:925} INFO - DAG(s) 'latest_only_with_trigger' retrieved from /home/airflow/.local/lib/python3.12/site-packages/airflow/example_dags/example_latest_only_with_trigger.py
[2025-03-23T08:08:10.008+0000] {logging_mixin.py:190} INFO - [2025-03-23T08:08:10.007+0000] {dag.py:3239} INFO - Sync 1 DAGs
[2025-03-23T08:08:10.044+0000] {logging_mixin.py:190} INFO - [2025-03-23T08:08:10.043+0000] {dag.py:4180} INFO - Setting next_dagrun for latest_only_with_trigger to 2025-03-23 04:00:00+00:00, run_after=2025-03-23 08:00:00+00:00
[2025-03-23T08:08:10.122+0000] {processor.py:208} INFO - Processing /home/airflow/.local/lib/python3.12/site-packages/airflow/example_dags/example_latest_only_with_trigger.py took 0.192 seconds
[2025-03-23T08:08:40.604+0000] {processor.py:186} INFO - Started process (PID=296) to work on /home/airflow/.local/lib/python3.12/site-packages/airflow/example_dags/example_latest_only_with_trigger.py
[2025-03-23T08:08:40.606+0000] {processor.py:914} INFO - Processing file /home/airflow/.local/lib/python3.12/site-packages/airflow/example_dags/example_latest_only_with_trigger.py for tasks to queue
[2025-03-23T08:08:40.610+0000] {logging_mixin.py:190} INFO - [2025-03-23T08:08:40.609+0000] {dagbag.py:588} INFO - Filling up the DagBag from /home/airflow/.local/lib/python3.12/site-packages/airflow/example_dags/example_latest_only_with_trigger.py
[2025-03-23T08:08:40.634+0000] {processor.py:925} INFO - DAG(s) 'latest_only_with_trigger' retrieved from /home/airflow/.local/lib/python3.12/site-packages/airflow/example_dags/example_latest_only_with_trigger.py
[2025-03-23T08:08:40.676+0000] {logging_mixin.py:190} INFO - [2025-03-23T08:08:40.675+0000] {dag.py:3239} INFO - Sync 1 DAGs
[2025-03-23T08:08:40.769+0000] {logging_mixin.py:190} INFO - [2025-03-23T08:08:40.769+0000] {dag.py:4180} INFO - Setting next_dagrun for latest_only_with_trigger to 2025-03-23 04:00:00+00:00, run_after=2025-03-23 08:00:00+00:00
[2025-03-23T08:08:40.842+0000] {processor.py:208} INFO - Processing /home/airflow/.local/lib/python3.12/site-packages/airflow/example_dags/example_latest_only_with_trigger.py took 0.257 seconds
[2025-03-23T08:09:11.776+0000] {processor.py:186} INFO - Started process (PID=359) to work on /home/airflow/.local/lib/python3.12/site-packages/airflow/example_dags/example_latest_only_with_trigger.py
[2025-03-23T08:09:11.777+0000] {processor.py:914} INFO - Processing file /home/airflow/.local/lib/python3.12/site-packages/airflow/example_dags/example_latest_only_with_trigger.py for tasks to queue
[2025-03-23T08:09:11.781+0000] {logging_mixin.py:190} INFO - [2025-03-23T08:09:11.780+0000] {dagbag.py:588} INFO - Filling up the DagBag from /home/airflow/.local/lib/python3.12/site-packages/airflow/example_dags/example_latest_only_with_trigger.py
[2025-03-23T08:09:11.793+0000] {processor.py:925} INFO - DAG(s) 'latest_only_with_trigger' retrieved from /home/airflow/.local/lib/python3.12/site-packages/airflow/example_dags/example_latest_only_with_trigger.py
[2025-03-23T08:09:11.820+0000] {logging_mixin.py:190} INFO - [2025-03-23T08:09:11.819+0000] {dag.py:3239} INFO - Sync 1 DAGs
[2025-03-23T08:09:11.859+0000] {logging_mixin.py:190} INFO - [2025-03-23T08:09:11.856+0000] {dag.py:4180} INFO - Setting next_dagrun for latest_only_with_trigger to 2025-03-23 04:00:00+00:00, run_after=2025-03-23 08:00:00+00:00
[2025-03-23T08:09:12.126+0000] {processor.py:208} INFO - Processing /home/airflow/.local/lib/python3.12/site-packages/airflow/example_dags/example_latest_only_with_trigger.py took 0.358 seconds
[2025-03-23T08:09:42.619+0000] {processor.py:186} INFO - Started process (PID=423) to work on /home/airflow/.local/lib/python3.12/site-packages/airflow/example_dags/example_latest_only_with_trigger.py
[2025-03-23T08:09:42.620+0000] {processor.py:914} INFO - Processing file /home/airflow/.local/lib/python3.12/site-packages/airflow/example_dags/example_latest_only_with_trigger.py for tasks to queue
[2025-03-23T08:09:42.623+0000] {logging_mixin.py:190} INFO - [2025-03-23T08:09:42.623+0000] {dagbag.py:588} INFO - Filling up the DagBag from /home/airflow/.local/lib/python3.12/site-packages/airflow/example_dags/example_latest_only_with_trigger.py
[2025-03-23T08:09:42.634+0000] {processor.py:925} INFO - DAG(s) 'latest_only_with_trigger' retrieved from /home/airflow/.local/lib/python3.12/site-packages/airflow/example_dags/example_latest_only_with_trigger.py
[2025-03-23T08:09:42.662+0000] {logging_mixin.py:190} INFO - [2025-03-23T08:09:42.662+0000] {dag.py:3239} INFO - Sync 1 DAGs
[2025-03-23T08:09:42.703+0000] {logging_mixin.py:190} INFO - [2025-03-23T08:09:42.703+0000] {dag.py:4180} INFO - Setting next_dagrun for latest_only_with_trigger to 2025-03-23 04:00:00+00:00, run_after=2025-03-23 08:00:00+00:00
[2025-03-23T08:09:42.996+0000] {processor.py:208} INFO - Processing /home/airflow/.local/lib/python3.12/site-packages/airflow/example_dags/example_latest_only_with_trigger.py took 0.385 seconds
[2025-03-23T08:10:13.254+0000] {processor.py:186} INFO - Started process (PID=487) to work on /home/airflow/.local/lib/python3.12/site-packages/airflow/example_dags/example_latest_only_with_trigger.py
[2025-03-23T08:10:13.256+0000] {processor.py:914} INFO - Processing file /home/airflow/.local/lib/python3.12/site-packages/airflow/example_dags/example_latest_only_with_trigger.py for tasks to queue
[2025-03-23T08:10:13.259+0000] {logging_mixin.py:190} INFO - [2025-03-23T08:10:13.258+0000] {dagbag.py:588} INFO - Filling up the DagBag from /home/airflow/.local/lib/python3.12/site-packages/airflow/example_dags/example_latest_only_with_trigger.py
[2025-03-23T08:10:13.271+0000] {processor.py:925} INFO - DAG(s) 'latest_only_with_trigger' retrieved from /home/airflow/.local/lib/python3.12/site-packages/airflow/example_dags/example_latest_only_with_trigger.py
[2025-03-23T08:10:13.299+0000] {logging_mixin.py:190} INFO - [2025-03-23T08:10:13.299+0000] {dag.py:3239} INFO - Sync 1 DAGs
[2025-03-23T08:10:13.331+0000] {logging_mixin.py:190} INFO - [2025-03-23T08:10:13.331+0000] {dag.py:4180} INFO - Setting next_dagrun for latest_only_with_trigger to 2025-03-23 04:00:00+00:00, run_after=2025-03-23 08:00:00+00:00
[2025-03-23T08:10:13.381+0000] {processor.py:208} INFO - Processing /home/airflow/.local/lib/python3.12/site-packages/airflow/example_dags/example_latest_only_with_trigger.py took 0.140 seconds
[2025-03-23T08:10:44.319+0000] {processor.py:186} INFO - Started process (PID=551) to work on /home/airflow/.local/lib/python3.12/site-packages/airflow/example_dags/example_latest_only_with_trigger.py
[2025-03-23T08:10:44.320+0000] {processor.py:914} INFO - Processing file /home/airflow/.local/lib/python3.12/site-packages/airflow/example_dags/example_latest_only_with_trigger.py for tasks to queue
[2025-03-23T08:10:44.325+0000] {logging_mixin.py:190} INFO - [2025-03-23T08:10:44.324+0000] {dagbag.py:588} INFO - Filling up the DagBag from /home/airflow/.local/lib/python3.12/site-packages/airflow/example_dags/example_latest_only_with_trigger.py
[2025-03-23T08:10:44.335+0000] {processor.py:925} INFO - DAG(s) 'latest_only_with_trigger' retrieved from /home/airflow/.local/lib/python3.12/site-packages/airflow/example_dags/example_latest_only_with_trigger.py
[2025-03-23T08:10:44.364+0000] {logging_mixin.py:190} INFO - [2025-03-23T08:10:44.364+0000] {dag.py:3239} INFO - Sync 1 DAGs
[2025-03-23T08:10:44.400+0000] {logging_mixin.py:190} INFO - [2025-03-23T08:10:44.400+0000] {dag.py:4180} INFO - Setting next_dagrun for latest_only_with_trigger to 2025-03-23 04:00:00+00:00, run_after=2025-03-23 08:00:00+00:00
[2025-03-23T08:10:44.490+0000] {processor.py:208} INFO - Processing /home/airflow/.local/lib/python3.12/site-packages/airflow/example_dags/example_latest_only_with_trigger.py took 0.180 seconds
[2025-03-23T08:11:15.554+0000] {processor.py:186} INFO - Started process (PID=615) to work on /home/airflow/.local/lib/python3.12/site-packages/airflow/example_dags/example_latest_only_with_trigger.py
[2025-03-23T08:11:15.555+0000] {processor.py:914} INFO - Processing file /home/airflow/.local/lib/python3.12/site-packages/airflow/example_dags/example_latest_only_with_trigger.py for tasks to queue
[2025-03-23T08:11:15.559+0000] {logging_mixin.py:190} INFO - [2025-03-23T08:11:15.559+0000] {dagbag.py:588} INFO - Filling up the DagBag from /home/airflow/.local/lib/python3.12/site-packages/airflow/example_dags/example_latest_only_with_trigger.py
[2025-03-23T08:11:15.594+0000] {processor.py:925} INFO - DAG(s) 'latest_only_with_trigger' retrieved from /home/airflow/.local/lib/python3.12/site-packages/airflow/example_dags/example_latest_only_with_trigger.py
[2025-03-23T08:11:15.637+0000] {logging_mixin.py:190} INFO - [2025-03-23T08:11:15.637+0000] {dag.py:3239} INFO - Sync 1 DAGs
[2025-03-23T08:11:15.689+0000] {logging_mixin.py:190} INFO - [2025-03-23T08:11:15.689+0000] {dag.py:4180} INFO - Setting next_dagrun for latest_only_with_trigger to 2025-03-23 04:00:00+00:00, run_after=2025-03-23 08:00:00+00:00
[2025-03-23T08:11:15.771+0000] {processor.py:208} INFO - Processing /home/airflow/.local/lib/python3.12/site-packages/airflow/example_dags/example_latest_only_with_trigger.py took 0.250 seconds
[2025-03-23T08:11:46.256+0000] {processor.py:186} INFO - Started process (PID=679) to work on /home/airflow/.local/lib/python3.12/site-packages/airflow/example_dags/example_latest_only_with_trigger.py
[2025-03-23T08:11:46.257+0000] {processor.py:914} INFO - Processing file /home/airflow/.local/lib/python3.12/site-packages/airflow/example_dags/example_latest_only_with_trigger.py for tasks to queue
[2025-03-23T08:11:46.260+0000] {logging_mixin.py:190} INFO - [2025-03-23T08:11:46.260+0000] {dagbag.py:588} INFO - Filling up the DagBag from /home/airflow/.local/lib/python3.12/site-packages/airflow/example_dags/example_latest_only_with_trigger.py
[2025-03-23T08:11:46.274+0000] {processor.py:925} INFO - DAG(s) 'latest_only_with_trigger' retrieved from /home/airflow/.local/lib/python3.12/site-packages/airflow/example_dags/example_latest_only_with_trigger.py
[2025-03-23T08:11:46.305+0000] {logging_mixin.py:190} INFO - [2025-03-23T08:11:46.304+0000] {dag.py:3239} INFO - Sync 1 DAGs
[2025-03-23T08:11:46.336+0000] {logging_mixin.py:190} INFO - [2025-03-23T08:11:46.336+0000] {dag.py:4180} INFO - Setting next_dagrun for latest_only_with_trigger to 2025-03-23 04:00:00+00:00, run_after=2025-03-23 08:00:00+00:00
[2025-03-23T08:11:46.399+0000] {processor.py:208} INFO - Processing /home/airflow/.local/lib/python3.12/site-packages/airflow/example_dags/example_latest_only_with_trigger.py took 0.153 seconds
[2025-03-23T08:12:16.773+0000] {processor.py:186} INFO - Started process (PID=743) to work on /home/airflow/.local/lib/python3.12/site-packages/airflow/example_dags/example_latest_only_with_trigger.py
[2025-03-23T08:12:16.776+0000] {processor.py:914} INFO - Processing file /home/airflow/.local/lib/python3.12/site-packages/airflow/example_dags/example_latest_only_with_trigger.py for tasks to queue
[2025-03-23T08:12:16.780+0000] {logging_mixin.py:190} INFO - [2025-03-23T08:12:16.779+0000] {dagbag.py:588} INFO - Filling up the DagBag from /home/airflow/.local/lib/python3.12/site-packages/airflow/example_dags/example_latest_only_with_trigger.py
[2025-03-23T08:12:16.793+0000] {processor.py:925} INFO - DAG(s) 'latest_only_with_trigger' retrieved from /home/airflow/.local/lib/python3.12/site-packages/airflow/example_dags/example_latest_only_with_trigger.py
[2025-03-23T08:12:16.830+0000] {logging_mixin.py:190} INFO - [2025-03-23T08:12:16.829+0000] {dag.py:3239} INFO - Sync 1 DAGs
[2025-03-23T08:12:16.872+0000] {logging_mixin.py:190} INFO - [2025-03-23T08:12:16.871+0000] {dag.py:4180} INFO - Setting next_dagrun for latest_only_with_trigger to 2025-03-23 04:00:00+00:00, run_after=2025-03-23 08:00:00+00:00
[2025-03-23T08:12:16.941+0000] {processor.py:208} INFO - Processing /home/airflow/.local/lib/python3.12/site-packages/airflow/example_dags/example_latest_only_with_trigger.py took 0.178 seconds
[2025-03-23T08:12:47.387+0000] {processor.py:186} INFO - Started process (PID=807) to work on /home/airflow/.local/lib/python3.12/site-packages/airflow/example_dags/example_latest_only_with_trigger.py
[2025-03-23T08:12:47.388+0000] {processor.py:914} INFO - Processing file /home/airflow/.local/lib/python3.12/site-packages/airflow/example_dags/example_latest_only_with_trigger.py for tasks to queue
[2025-03-23T08:12:47.391+0000] {logging_mixin.py:190} INFO - [2025-03-23T08:12:47.390+0000] {dagbag.py:588} INFO - Filling up the DagBag from /home/airflow/.local/lib/python3.12/site-packages/airflow/example_dags/example_latest_only_with_trigger.py
[2025-03-23T08:12:47.402+0000] {processor.py:925} INFO - DAG(s) 'latest_only_with_trigger' retrieved from /home/airflow/.local/lib/python3.12/site-packages/airflow/example_dags/example_latest_only_with_trigger.py
[2025-03-23T08:12:47.428+0000] {logging_mixin.py:190} INFO - [2025-03-23T08:12:47.427+0000] {dag.py:3239} INFO - Sync 1 DAGs
[2025-03-23T08:12:47.461+0000] {logging_mixin.py:190} INFO - [2025-03-23T08:12:47.460+0000] {dag.py:4180} INFO - Setting next_dagrun for latest_only_with_trigger to 2025-03-23 04:00:00+00:00, run_after=2025-03-23 08:00:00+00:00
[2025-03-23T08:12:47.556+0000] {processor.py:208} INFO - Processing /home/airflow/.local/lib/python3.12/site-packages/airflow/example_dags/example_latest_only_with_trigger.py took 0.177 seconds
[2025-03-23T08:13:18.238+0000] {processor.py:186} INFO - Started process (PID=871) to work on /home/airflow/.local/lib/python3.12/site-packages/airflow/example_dags/example_latest_only_with_trigger.py
[2025-03-23T08:13:18.240+0000] {processor.py:914} INFO - Processing file /home/airflow/.local/lib/python3.12/site-packages/airflow/example_dags/example_latest_only_with_trigger.py for tasks to queue
[2025-03-23T08:13:18.242+0000] {logging_mixin.py:190} INFO - [2025-03-23T08:13:18.242+0000] {dagbag.py:588} INFO - Filling up the DagBag from /home/airflow/.local/lib/python3.12/site-packages/airflow/example_dags/example_latest_only_with_trigger.py
[2025-03-23T08:13:18.253+0000] {processor.py:925} INFO - DAG(s) 'latest_only_with_trigger' retrieved from /home/airflow/.local/lib/python3.12/site-packages/airflow/example_dags/example_latest_only_with_trigger.py
[2025-03-23T08:13:18.279+0000] {logging_mixin.py:190} INFO - [2025-03-23T08:13:18.279+0000] {dag.py:3239} INFO - Sync 1 DAGs
[2025-03-23T08:13:18.309+0000] {logging_mixin.py:190} INFO - [2025-03-23T08:13:18.308+0000] {dag.py:4180} INFO - Setting next_dagrun for latest_only_with_trigger to 2025-03-23 04:00:00+00:00, run_after=2025-03-23 08:00:00+00:00
[2025-03-23T08:13:18.378+0000] {processor.py:208} INFO - Processing /home/airflow/.local/lib/python3.12/site-packages/airflow/example_dags/example_latest_only_with_trigger.py took 0.149 seconds
[2025-03-23T08:13:48.979+0000] {processor.py:186} INFO - Started process (PID=935) to work on /home/airflow/.local/lib/python3.12/site-packages/airflow/example_dags/example_latest_only_with_trigger.py
[2025-03-23T08:13:48.981+0000] {processor.py:914} INFO - Processing file /home/airflow/.local/lib/python3.12/site-packages/airflow/example_dags/example_latest_only_with_trigger.py for tasks to queue
[2025-03-23T08:13:48.986+0000] {logging_mixin.py:190} INFO - [2025-03-23T08:13:48.986+0000] {dagbag.py:588} INFO - Filling up the DagBag from /home/airflow/.local/lib/python3.12/site-packages/airflow/example_dags/example_latest_only_with_trigger.py
[2025-03-23T08:13:49.000+0000] {processor.py:925} INFO - DAG(s) 'latest_only_with_trigger' retrieved from /home/airflow/.local/lib/python3.12/site-packages/airflow/example_dags/example_latest_only_with_trigger.py
[2025-03-23T08:13:49.026+0000] {logging_mixin.py:190} INFO - [2025-03-23T08:13:49.025+0000] {dag.py:3239} INFO - Sync 1 DAGs
[2025-03-23T08:13:49.065+0000] {logging_mixin.py:190} INFO - [2025-03-23T08:13:49.065+0000] {dag.py:4180} INFO - Setting next_dagrun for latest_only_with_trigger to 2025-03-23 04:00:00+00:00, run_after=2025-03-23 08:00:00+00:00
[2025-03-23T08:13:49.159+0000] {processor.py:208} INFO - Processing /home/airflow/.local/lib/python3.12/site-packages/airflow/example_dags/example_latest_only_with_trigger.py took 0.190 seconds
[2025-03-23T08:14:20.071+0000] {processor.py:186} INFO - Started process (PID=999) to work on /home/airflow/.local/lib/python3.12/site-packages/airflow/example_dags/example_latest_only_with_trigger.py
[2025-03-23T08:14:20.073+0000] {processor.py:914} INFO - Processing file /home/airflow/.local/lib/python3.12/site-packages/airflow/example_dags/example_latest_only_with_trigger.py for tasks to queue
[2025-03-23T08:14:20.077+0000] {logging_mixin.py:190} INFO - [2025-03-23T08:14:20.076+0000] {dagbag.py:588} INFO - Filling up the DagBag from /home/airflow/.local/lib/python3.12/site-packages/airflow/example_dags/example_latest_only_with_trigger.py
[2025-03-23T08:14:20.105+0000] {processor.py:925} INFO - DAG(s) 'latest_only_with_trigger' retrieved from /home/airflow/.local/lib/python3.12/site-packages/airflow/example_dags/example_latest_only_with_trigger.py
[2025-03-23T08:14:20.147+0000] {logging_mixin.py:190} INFO - [2025-03-23T08:14:20.147+0000] {dag.py:3239} INFO - Sync 1 DAGs
[2025-03-23T08:14:20.185+0000] {logging_mixin.py:190} INFO - [2025-03-23T08:14:20.184+0000] {dag.py:4180} INFO - Setting next_dagrun for latest_only_with_trigger to 2025-03-23 04:00:00+00:00, run_after=2025-03-23 08:00:00+00:00
[2025-03-23T08:14:20.244+0000] {processor.py:208} INFO - Processing /home/airflow/.local/lib/python3.12/site-packages/airflow/example_dags/example_latest_only_with_trigger.py took 0.184 seconds
[2025-03-23T08:14:50.994+0000] {processor.py:186} INFO - Started process (PID=1086) to work on /home/airflow/.local/lib/python3.12/site-packages/airflow/example_dags/example_latest_only_with_trigger.py
[2025-03-23T08:14:50.995+0000] {processor.py:914} INFO - Processing file /home/airflow/.local/lib/python3.12/site-packages/airflow/example_dags/example_latest_only_with_trigger.py for tasks to queue
[2025-03-23T08:14:50.998+0000] {logging_mixin.py:190} INFO - [2025-03-23T08:14:50.998+0000] {dagbag.py:588} INFO - Filling up the DagBag from /home/airflow/.local/lib/python3.12/site-packages/airflow/example_dags/example_latest_only_with_trigger.py
[2025-03-23T08:14:51.016+0000] {processor.py:925} INFO - DAG(s) 'latest_only_with_trigger' retrieved from /home/airflow/.local/lib/python3.12/site-packages/airflow/example_dags/example_latest_only_with_trigger.py
[2025-03-23T08:14:51.057+0000] {logging_mixin.py:190} INFO - [2025-03-23T08:14:51.057+0000] {dag.py:3239} INFO - Sync 1 DAGs
[2025-03-23T08:14:51.105+0000] {logging_mixin.py:190} INFO - [2025-03-23T08:14:51.105+0000] {dag.py:4180} INFO - Setting next_dagrun for latest_only_with_trigger to 2025-03-23 04:00:00+00:00, run_after=2025-03-23 08:00:00+00:00
[2025-03-23T08:14:51.208+0000] {processor.py:208} INFO - Processing /home/airflow/.local/lib/python3.12/site-packages/airflow/example_dags/example_latest_only_with_trigger.py took 0.227 seconds
[2025-03-23T08:15:21.816+0000] {processor.py:186} INFO - Started process (PID=1151) to work on /home/airflow/.local/lib/python3.12/site-packages/airflow/example_dags/example_latest_only_with_trigger.py
[2025-03-23T08:15:21.818+0000] {processor.py:914} INFO - Processing file /home/airflow/.local/lib/python3.12/site-packages/airflow/example_dags/example_latest_only_with_trigger.py for tasks to queue
[2025-03-23T08:15:21.822+0000] {logging_mixin.py:190} INFO - [2025-03-23T08:15:21.821+0000] {dagbag.py:588} INFO - Filling up the DagBag from /home/airflow/.local/lib/python3.12/site-packages/airflow/example_dags/example_latest_only_with_trigger.py
[2025-03-23T08:15:21.831+0000] {processor.py:925} INFO - DAG(s) 'latest_only_with_trigger' retrieved from /home/airflow/.local/lib/python3.12/site-packages/airflow/example_dags/example_latest_only_with_trigger.py
[2025-03-23T08:15:21.854+0000] {logging_mixin.py:190} INFO - [2025-03-23T08:15:21.854+0000] {dag.py:3239} INFO - Sync 1 DAGs
[2025-03-23T08:15:21.882+0000] {logging_mixin.py:190} INFO - [2025-03-23T08:15:21.882+0000] {dag.py:4180} INFO - Setting next_dagrun for latest_only_with_trigger to 2025-03-23 04:00:00+00:00, run_after=2025-03-23 08:00:00+00:00
[2025-03-23T08:15:21.946+0000] {processor.py:208} INFO - Processing /home/airflow/.local/lib/python3.12/site-packages/airflow/example_dags/example_latest_only_with_trigger.py took 0.142 seconds
[2025-03-23T08:15:52.482+0000] {processor.py:186} INFO - Started process (PID=1215) to work on /home/airflow/.local/lib/python3.12/site-packages/airflow/example_dags/example_latest_only_with_trigger.py
[2025-03-23T08:15:52.484+0000] {processor.py:914} INFO - Processing file /home/airflow/.local/lib/python3.12/site-packages/airflow/example_dags/example_latest_only_with_trigger.py for tasks to queue
[2025-03-23T08:15:52.487+0000] {logging_mixin.py:190} INFO - [2025-03-23T08:15:52.486+0000] {dagbag.py:588} INFO - Filling up the DagBag from /home/airflow/.local/lib/python3.12/site-packages/airflow/example_dags/example_latest_only_with_trigger.py
[2025-03-23T08:15:52.496+0000] {processor.py:925} INFO - DAG(s) 'latest_only_with_trigger' retrieved from /home/airflow/.local/lib/python3.12/site-packages/airflow/example_dags/example_latest_only_with_trigger.py
[2025-03-23T08:15:52.521+0000] {logging_mixin.py:190} INFO - [2025-03-23T08:15:52.520+0000] {dag.py:3239} INFO - Sync 1 DAGs
[2025-03-23T08:15:52.550+0000] {logging_mixin.py:190} INFO - [2025-03-23T08:15:52.550+0000] {dag.py:4180} INFO - Setting next_dagrun for latest_only_with_trigger to 2025-03-23 04:00:00+00:00, run_after=2025-03-23 08:00:00+00:00
[2025-03-23T08:15:52.628+0000] {processor.py:208} INFO - Processing /home/airflow/.local/lib/python3.12/site-packages/airflow/example_dags/example_latest_only_with_trigger.py took 0.157 seconds
[2025-03-23T08:16:23.071+0000] {processor.py:186} INFO - Started process (PID=1279) to work on /home/airflow/.local/lib/python3.12/site-packages/airflow/example_dags/example_latest_only_with_trigger.py
[2025-03-23T08:16:23.072+0000] {processor.py:914} INFO - Processing file /home/airflow/.local/lib/python3.12/site-packages/airflow/example_dags/example_latest_only_with_trigger.py for tasks to queue
[2025-03-23T08:16:23.075+0000] {logging_mixin.py:190} INFO - [2025-03-23T08:16:23.075+0000] {dagbag.py:588} INFO - Filling up the DagBag from /home/airflow/.local/lib/python3.12/site-packages/airflow/example_dags/example_latest_only_with_trigger.py
[2025-03-23T08:16:23.084+0000] {processor.py:925} INFO - DAG(s) 'latest_only_with_trigger' retrieved from /home/airflow/.local/lib/python3.12/site-packages/airflow/example_dags/example_latest_only_with_trigger.py
[2025-03-23T08:16:23.108+0000] {logging_mixin.py:190} INFO - [2025-03-23T08:16:23.108+0000] {dag.py:3239} INFO - Sync 1 DAGs
[2025-03-23T08:16:23.136+0000] {logging_mixin.py:190} INFO - [2025-03-23T08:16:23.136+0000] {dag.py:4180} INFO - Setting next_dagrun for latest_only_with_trigger to 2025-03-23 04:00:00+00:00, run_after=2025-03-23 08:00:00+00:00
[2025-03-23T08:16:23.193+0000] {processor.py:208} INFO - Processing /home/airflow/.local/lib/python3.12/site-packages/airflow/example_dags/example_latest_only_with_trigger.py took 0.133 seconds
[2025-03-23T08:16:53.848+0000] {processor.py:186} INFO - Started process (PID=1342) to work on /home/airflow/.local/lib/python3.12/site-packages/airflow/example_dags/example_latest_only_with_trigger.py
[2025-03-23T08:16:53.850+0000] {processor.py:914} INFO - Processing file /home/airflow/.local/lib/python3.12/site-packages/airflow/example_dags/example_latest_only_with_trigger.py for tasks to queue
[2025-03-23T08:16:53.854+0000] {logging_mixin.py:190} INFO - [2025-03-23T08:16:53.853+0000] {dagbag.py:588} INFO - Filling up the DagBag from /home/airflow/.local/lib/python3.12/site-packages/airflow/example_dags/example_latest_only_with_trigger.py
[2025-03-23T08:16:53.869+0000] {processor.py:925} INFO - DAG(s) 'latest_only_with_trigger' retrieved from /home/airflow/.local/lib/python3.12/site-packages/airflow/example_dags/example_latest_only_with_trigger.py
[2025-03-23T08:16:53.900+0000] {logging_mixin.py:190} INFO - [2025-03-23T08:16:53.900+0000] {dag.py:3239} INFO - Sync 1 DAGs
[2025-03-23T08:16:53.930+0000] {logging_mixin.py:190} INFO - [2025-03-23T08:16:53.930+0000] {dag.py:4180} INFO - Setting next_dagrun for latest_only_with_trigger to 2025-03-23 04:00:00+00:00, run_after=2025-03-23 08:00:00+00:00
[2025-03-23T08:16:53.984+0000] {processor.py:208} INFO - Processing /home/airflow/.local/lib/python3.12/site-packages/airflow/example_dags/example_latest_only_with_trigger.py took 0.152 seconds
[2025-03-23T08:17:24.920+0000] {processor.py:186} INFO - Started process (PID=1412) to work on /home/airflow/.local/lib/python3.12/site-packages/airflow/example_dags/example_latest_only_with_trigger.py
[2025-03-23T08:17:24.922+0000] {processor.py:914} INFO - Processing file /home/airflow/.local/lib/python3.12/site-packages/airflow/example_dags/example_latest_only_with_trigger.py for tasks to queue
[2025-03-23T08:17:24.929+0000] {logging_mixin.py:190} INFO - [2025-03-23T08:17:24.928+0000] {dagbag.py:588} INFO - Filling up the DagBag from /home/airflow/.local/lib/python3.12/site-packages/airflow/example_dags/example_latest_only_with_trigger.py
[2025-03-23T08:17:24.943+0000] {processor.py:925} INFO - DAG(s) 'latest_only_with_trigger' retrieved from /home/airflow/.local/lib/python3.12/site-packages/airflow/example_dags/example_latest_only_with_trigger.py
[2025-03-23T08:17:24.987+0000] {logging_mixin.py:190} INFO - [2025-03-23T08:17:24.986+0000] {dag.py:3239} INFO - Sync 1 DAGs
[2025-03-23T08:17:25.025+0000] {logging_mixin.py:190} INFO - [2025-03-23T08:17:25.024+0000] {dag.py:4180} INFO - Setting next_dagrun for latest_only_with_trigger to 2025-03-23 04:00:00+00:00, run_after=2025-03-23 08:00:00+00:00
[2025-03-23T08:17:25.075+0000] {processor.py:208} INFO - Processing /home/airflow/.local/lib/python3.12/site-packages/airflow/example_dags/example_latest_only_with_trigger.py took 0.198 seconds
[2025-03-23T08:17:55.413+0000] {processor.py:186} INFO - Started process (PID=1476) to work on /home/airflow/.local/lib/python3.12/site-packages/airflow/example_dags/example_latest_only_with_trigger.py
[2025-03-23T08:17:55.415+0000] {processor.py:914} INFO - Processing file /home/airflow/.local/lib/python3.12/site-packages/airflow/example_dags/example_latest_only_with_trigger.py for tasks to queue
[2025-03-23T08:17:55.418+0000] {logging_mixin.py:190} INFO - [2025-03-23T08:17:55.418+0000] {dagbag.py:588} INFO - Filling up the DagBag from /home/airflow/.local/lib/python3.12/site-packages/airflow/example_dags/example_latest_only_with_trigger.py
[2025-03-23T08:17:55.430+0000] {processor.py:925} INFO - DAG(s) 'latest_only_with_trigger' retrieved from /home/airflow/.local/lib/python3.12/site-packages/airflow/example_dags/example_latest_only_with_trigger.py
[2025-03-23T08:17:55.463+0000] {logging_mixin.py:190} INFO - [2025-03-23T08:17:55.463+0000] {dag.py:3239} INFO - Sync 1 DAGs
[2025-03-23T08:17:55.498+0000] {logging_mixin.py:190} INFO - [2025-03-23T08:17:55.497+0000] {dag.py:4180} INFO - Setting next_dagrun for latest_only_with_trigger to 2025-03-23 04:00:00+00:00, run_after=2025-03-23 08:00:00+00:00
[2025-03-23T08:17:55.554+0000] {processor.py:208} INFO - Processing /home/airflow/.local/lib/python3.12/site-packages/airflow/example_dags/example_latest_only_with_trigger.py took 0.155 seconds
[2025-03-23T08:18:26.362+0000] {processor.py:186} INFO - Started process (PID=1540) to work on /home/airflow/.local/lib/python3.12/site-packages/airflow/example_dags/example_latest_only_with_trigger.py
[2025-03-23T08:18:26.363+0000] {processor.py:914} INFO - Processing file /home/airflow/.local/lib/python3.12/site-packages/airflow/example_dags/example_latest_only_with_trigger.py for tasks to queue
[2025-03-23T08:18:26.368+0000] {logging_mixin.py:190} INFO - [2025-03-23T08:18:26.366+0000] {dagbag.py:588} INFO - Filling up the DagBag from /home/airflow/.local/lib/python3.12/site-packages/airflow/example_dags/example_latest_only_with_trigger.py
[2025-03-23T08:18:26.379+0000] {processor.py:925} INFO - DAG(s) 'latest_only_with_trigger' retrieved from /home/airflow/.local/lib/python3.12/site-packages/airflow/example_dags/example_latest_only_with_trigger.py
[2025-03-23T08:18:26.411+0000] {logging_mixin.py:190} INFO - [2025-03-23T08:18:26.411+0000] {dag.py:3239} INFO - Sync 1 DAGs
[2025-03-23T08:18:26.449+0000] {logging_mixin.py:190} INFO - [2025-03-23T08:18:26.449+0000] {dag.py:4180} INFO - Setting next_dagrun for latest_only_with_trigger to 2025-03-23 04:00:00+00:00, run_after=2025-03-23 08:00:00+00:00
[2025-03-23T08:18:26.523+0000] {processor.py:208} INFO - Processing /home/airflow/.local/lib/python3.12/site-packages/airflow/example_dags/example_latest_only_with_trigger.py took 0.176 seconds
[2025-03-23T08:18:56.841+0000] {processor.py:186} INFO - Started process (PID=1604) to work on /home/airflow/.local/lib/python3.12/site-packages/airflow/example_dags/example_latest_only_with_trigger.py
[2025-03-23T08:18:56.842+0000] {processor.py:914} INFO - Processing file /home/airflow/.local/lib/python3.12/site-packages/airflow/example_dags/example_latest_only_with_trigger.py for tasks to queue
[2025-03-23T08:18:56.845+0000] {logging_mixin.py:190} INFO - [2025-03-23T08:18:56.845+0000] {dagbag.py:588} INFO - Filling up the DagBag from /home/airflow/.local/lib/python3.12/site-packages/airflow/example_dags/example_latest_only_with_trigger.py
[2025-03-23T08:18:56.856+0000] {processor.py:925} INFO - DAG(s) 'latest_only_with_trigger' retrieved from /home/airflow/.local/lib/python3.12/site-packages/airflow/example_dags/example_latest_only_with_trigger.py
[2025-03-23T08:18:56.886+0000] {logging_mixin.py:190} INFO - [2025-03-23T08:18:56.885+0000] {dag.py:3239} INFO - Sync 1 DAGs
[2025-03-23T08:18:56.926+0000] {logging_mixin.py:190} INFO - [2025-03-23T08:18:56.925+0000] {dag.py:4180} INFO - Setting next_dagrun for latest_only_with_trigger to 2025-03-23 04:00:00+00:00, run_after=2025-03-23 08:00:00+00:00
[2025-03-23T08:18:56.988+0000] {processor.py:208} INFO - Processing /home/airflow/.local/lib/python3.12/site-packages/airflow/example_dags/example_latest_only_with_trigger.py took 0.160 seconds
[2025-03-23T08:19:27.828+0000] {processor.py:186} INFO - Started process (PID=1667) to work on /home/airflow/.local/lib/python3.12/site-packages/airflow/example_dags/example_latest_only_with_trigger.py
[2025-03-23T08:19:27.829+0000] {processor.py:914} INFO - Processing file /home/airflow/.local/lib/python3.12/site-packages/airflow/example_dags/example_latest_only_with_trigger.py for tasks to queue
[2025-03-23T08:19:27.833+0000] {logging_mixin.py:190} INFO - [2025-03-23T08:19:27.832+0000] {dagbag.py:588} INFO - Filling up the DagBag from /home/airflow/.local/lib/python3.12/site-packages/airflow/example_dags/example_latest_only_with_trigger.py
[2025-03-23T08:19:27.844+0000] {processor.py:925} INFO - DAG(s) 'latest_only_with_trigger' retrieved from /home/airflow/.local/lib/python3.12/site-packages/airflow/example_dags/example_latest_only_with_trigger.py
[2025-03-23T08:19:27.871+0000] {logging_mixin.py:190} INFO - [2025-03-23T08:19:27.871+0000] {dag.py:3239} INFO - Sync 1 DAGs
[2025-03-23T08:19:27.907+0000] {logging_mixin.py:190} INFO - [2025-03-23T08:19:27.906+0000] {dag.py:4180} INFO - Setting next_dagrun for latest_only_with_trigger to 2025-03-23 04:00:00+00:00, run_after=2025-03-23 08:00:00+00:00
[2025-03-23T08:19:27.972+0000] {processor.py:208} INFO - Processing /home/airflow/.local/lib/python3.12/site-packages/airflow/example_dags/example_latest_only_with_trigger.py took 0.157 seconds
[2025-03-23T08:19:59.022+0000] {processor.py:186} INFO - Started process (PID=1731) to work on /home/airflow/.local/lib/python3.12/site-packages/airflow/example_dags/example_latest_only_with_trigger.py
[2025-03-23T08:19:59.023+0000] {processor.py:914} INFO - Processing file /home/airflow/.local/lib/python3.12/site-packages/airflow/example_dags/example_latest_only_with_trigger.py for tasks to queue
[2025-03-23T08:19:59.033+0000] {logging_mixin.py:190} INFO - [2025-03-23T08:19:59.032+0000] {dagbag.py:588} INFO - Filling up the DagBag from /home/airflow/.local/lib/python3.12/site-packages/airflow/example_dags/example_latest_only_with_trigger.py
[2025-03-23T08:19:59.085+0000] {processor.py:925} INFO - DAG(s) 'latest_only_with_trigger' retrieved from /home/airflow/.local/lib/python3.12/site-packages/airflow/example_dags/example_latest_only_with_trigger.py
[2025-03-23T08:19:59.119+0000] {logging_mixin.py:190} INFO - [2025-03-23T08:19:59.119+0000] {dag.py:3239} INFO - Sync 1 DAGs
[2025-03-23T08:19:59.156+0000] {logging_mixin.py:190} INFO - [2025-03-23T08:19:59.155+0000] {dag.py:4180} INFO - Setting next_dagrun for latest_only_with_trigger to 2025-03-23 04:00:00+00:00, run_after=2025-03-23 08:00:00+00:00
[2025-03-23T08:19:59.247+0000] {processor.py:208} INFO - Processing /home/airflow/.local/lib/python3.12/site-packages/airflow/example_dags/example_latest_only_with_trigger.py took 0.241 seconds
[2025-03-23T08:20:29.781+0000] {processor.py:186} INFO - Started process (PID=1795) to work on /home/airflow/.local/lib/python3.12/site-packages/airflow/example_dags/example_latest_only_with_trigger.py
[2025-03-23T08:20:29.783+0000] {processor.py:914} INFO - Processing file /home/airflow/.local/lib/python3.12/site-packages/airflow/example_dags/example_latest_only_with_trigger.py for tasks to queue
[2025-03-23T08:20:29.788+0000] {logging_mixin.py:190} INFO - [2025-03-23T08:20:29.787+0000] {dagbag.py:588} INFO - Filling up the DagBag from /home/airflow/.local/lib/python3.12/site-packages/airflow/example_dags/example_latest_only_with_trigger.py
[2025-03-23T08:20:29.798+0000] {processor.py:925} INFO - DAG(s) 'latest_only_with_trigger' retrieved from /home/airflow/.local/lib/python3.12/site-packages/airflow/example_dags/example_latest_only_with_trigger.py
[2025-03-23T08:20:29.829+0000] {logging_mixin.py:190} INFO - [2025-03-23T08:20:29.829+0000] {dag.py:3239} INFO - Sync 1 DAGs
[2025-03-23T08:20:29.864+0000] {logging_mixin.py:190} INFO - [2025-03-23T08:20:29.864+0000] {dag.py:4180} INFO - Setting next_dagrun for latest_only_with_trigger to 2025-03-23 04:00:00+00:00, run_after=2025-03-23 08:00:00+00:00
[2025-03-23T08:20:29.927+0000] {processor.py:208} INFO - Processing /home/airflow/.local/lib/python3.12/site-packages/airflow/example_dags/example_latest_only_with_trigger.py took 0.162 seconds
[2025-03-23T08:24:48.124+0000] {processor.py:186} INFO - Started process (PID=96) to work on /home/airflow/.local/lib/python3.12/site-packages/airflow/example_dags/example_latest_only_with_trigger.py
[2025-03-23T08:24:48.126+0000] {processor.py:914} INFO - Processing file /home/airflow/.local/lib/python3.12/site-packages/airflow/example_dags/example_latest_only_with_trigger.py for tasks to queue
[2025-03-23T08:24:48.131+0000] {logging_mixin.py:190} INFO - [2025-03-23T08:24:48.130+0000] {dagbag.py:588} INFO - Filling up the DagBag from /home/airflow/.local/lib/python3.12/site-packages/airflow/example_dags/example_latest_only_with_trigger.py
[2025-03-23T08:24:48.147+0000] {processor.py:925} INFO - DAG(s) 'latest_only_with_trigger' retrieved from /home/airflow/.local/lib/python3.12/site-packages/airflow/example_dags/example_latest_only_with_trigger.py
[2025-03-23T08:24:48.205+0000] {logging_mixin.py:190} INFO - [2025-03-23T08:24:48.205+0000] {dag.py:3239} INFO - Sync 1 DAGs
[2025-03-23T08:24:48.245+0000] {logging_mixin.py:190} INFO - [2025-03-23T08:24:48.245+0000] {dag.py:4180} INFO - Setting next_dagrun for latest_only_with_trigger to 2025-03-23 04:00:00+00:00, run_after=2025-03-23 08:00:00+00:00
[2025-03-23T08:24:48.839+0000] {processor.py:208} INFO - Processing /home/airflow/.local/lib/python3.12/site-packages/airflow/example_dags/example_latest_only_with_trigger.py took 0.727 seconds
[2025-03-23T08:26:33.860+0000] {processor.py:186} INFO - Started process (PID=79) to work on /home/airflow/.local/lib/python3.12/site-packages/airflow/example_dags/example_latest_only_with_trigger.py
[2025-03-23T08:26:33.862+0000] {processor.py:914} INFO - Processing file /home/airflow/.local/lib/python3.12/site-packages/airflow/example_dags/example_latest_only_with_trigger.py for tasks to queue
[2025-03-23T08:26:33.865+0000] {logging_mixin.py:190} INFO - [2025-03-23T08:26:33.865+0000] {dagbag.py:588} INFO - Filling up the DagBag from /home/airflow/.local/lib/python3.12/site-packages/airflow/example_dags/example_latest_only_with_trigger.py
[2025-03-23T08:26:33.880+0000] {processor.py:925} INFO - DAG(s) 'latest_only_with_trigger' retrieved from /home/airflow/.local/lib/python3.12/site-packages/airflow/example_dags/example_latest_only_with_trigger.py
[2025-03-23T08:26:33.919+0000] {logging_mixin.py:190} INFO - [2025-03-23T08:26:33.919+0000] {dag.py:3239} INFO - Sync 1 DAGs
[2025-03-23T08:26:33.948+0000] {logging_mixin.py:190} INFO - [2025-03-23T08:26:33.948+0000] {dag.py:4180} INFO - Setting next_dagrun for latest_only_with_trigger to 2025-03-23 04:00:00+00:00, run_after=2025-03-23 08:00:00+00:00
[2025-03-23T08:26:34.162+0000] {processor.py:208} INFO - Processing /home/airflow/.local/lib/python3.12/site-packages/airflow/example_dags/example_latest_only_with_trigger.py took 0.310 seconds
[2025-03-23T08:27:04.603+0000] {processor.py:186} INFO - Started process (PID=149) to work on /home/airflow/.local/lib/python3.12/site-packages/airflow/example_dags/example_latest_only_with_trigger.py
[2025-03-23T08:27:04.607+0000] {processor.py:914} INFO - Processing file /home/airflow/.local/lib/python3.12/site-packages/airflow/example_dags/example_latest_only_with_trigger.py for tasks to queue
[2025-03-23T08:27:04.615+0000] {logging_mixin.py:190} INFO - [2025-03-23T08:27:04.614+0000] {dagbag.py:588} INFO - Filling up the DagBag from /home/airflow/.local/lib/python3.12/site-packages/airflow/example_dags/example_latest_only_with_trigger.py
[2025-03-23T08:27:04.631+0000] {processor.py:925} INFO - DAG(s) 'latest_only_with_trigger' retrieved from /home/airflow/.local/lib/python3.12/site-packages/airflow/example_dags/example_latest_only_with_trigger.py
[2025-03-23T08:27:04.681+0000] {logging_mixin.py:190} INFO - [2025-03-23T08:27:04.681+0000] {dag.py:3239} INFO - Sync 1 DAGs
[2025-03-23T08:27:04.751+0000] {logging_mixin.py:190} INFO - [2025-03-23T08:27:04.751+0000] {dag.py:4180} INFO - Setting next_dagrun for latest_only_with_trigger to 2025-03-23 04:00:00+00:00, run_after=2025-03-23 08:00:00+00:00
[2025-03-23T08:27:04.864+0000] {processor.py:208} INFO - Processing /home/airflow/.local/lib/python3.12/site-packages/airflow/example_dags/example_latest_only_with_trigger.py took 0.294 seconds
[2025-03-23T08:27:35.356+0000] {processor.py:186} INFO - Started process (PID=213) to work on /home/airflow/.local/lib/python3.12/site-packages/airflow/example_dags/example_latest_only_with_trigger.py
[2025-03-23T08:27:35.359+0000] {processor.py:914} INFO - Processing file /home/airflow/.local/lib/python3.12/site-packages/airflow/example_dags/example_latest_only_with_trigger.py for tasks to queue
[2025-03-23T08:27:35.366+0000] {logging_mixin.py:190} INFO - [2025-03-23T08:27:35.365+0000] {dagbag.py:588} INFO - Filling up the DagBag from /home/airflow/.local/lib/python3.12/site-packages/airflow/example_dags/example_latest_only_with_trigger.py
[2025-03-23T08:27:35.383+0000] {processor.py:925} INFO - DAG(s) 'latest_only_with_trigger' retrieved from /home/airflow/.local/lib/python3.12/site-packages/airflow/example_dags/example_latest_only_with_trigger.py
[2025-03-23T08:27:35.414+0000] {logging_mixin.py:190} INFO - [2025-03-23T08:27:35.414+0000] {dag.py:3239} INFO - Sync 1 DAGs
[2025-03-23T08:27:35.450+0000] {logging_mixin.py:190} INFO - [2025-03-23T08:27:35.450+0000] {dag.py:4180} INFO - Setting next_dagrun for latest_only_with_trigger to 2025-03-23 04:00:00+00:00, run_after=2025-03-23 08:00:00+00:00
[2025-03-23T08:27:35.507+0000] {processor.py:208} INFO - Processing /home/airflow/.local/lib/python3.12/site-packages/airflow/example_dags/example_latest_only_with_trigger.py took 0.161 seconds
[2025-03-23T08:28:05.995+0000] {processor.py:186} INFO - Started process (PID=277) to work on /home/airflow/.local/lib/python3.12/site-packages/airflow/example_dags/example_latest_only_with_trigger.py
[2025-03-23T08:28:05.997+0000] {processor.py:914} INFO - Processing file /home/airflow/.local/lib/python3.12/site-packages/airflow/example_dags/example_latest_only_with_trigger.py for tasks to queue
[2025-03-23T08:28:06.002+0000] {logging_mixin.py:190} INFO - [2025-03-23T08:28:06.001+0000] {dagbag.py:588} INFO - Filling up the DagBag from /home/airflow/.local/lib/python3.12/site-packages/airflow/example_dags/example_latest_only_with_trigger.py
[2025-03-23T08:28:06.015+0000] {processor.py:925} INFO - DAG(s) 'latest_only_with_trigger' retrieved from /home/airflow/.local/lib/python3.12/site-packages/airflow/example_dags/example_latest_only_with_trigger.py
[2025-03-23T08:28:06.046+0000] {logging_mixin.py:190} INFO - [2025-03-23T08:28:06.045+0000] {dag.py:3239} INFO - Sync 1 DAGs
[2025-03-23T08:28:06.086+0000] {logging_mixin.py:190} INFO - [2025-03-23T08:28:06.086+0000] {dag.py:4180} INFO - Setting next_dagrun for latest_only_with_trigger to 2025-03-23 04:00:00+00:00, run_after=2025-03-23 08:00:00+00:00
[2025-03-23T08:28:06.151+0000] {processor.py:208} INFO - Processing /home/airflow/.local/lib/python3.12/site-packages/airflow/example_dags/example_latest_only_with_trigger.py took 0.166 seconds
[2025-03-23T08:28:37.103+0000] {processor.py:186} INFO - Started process (PID=341) to work on /home/airflow/.local/lib/python3.12/site-packages/airflow/example_dags/example_latest_only_with_trigger.py
[2025-03-23T08:28:37.106+0000] {processor.py:914} INFO - Processing file /home/airflow/.local/lib/python3.12/site-packages/airflow/example_dags/example_latest_only_with_trigger.py for tasks to queue
[2025-03-23T08:28:37.111+0000] {logging_mixin.py:190} INFO - [2025-03-23T08:28:37.111+0000] {dagbag.py:588} INFO - Filling up the DagBag from /home/airflow/.local/lib/python3.12/site-packages/airflow/example_dags/example_latest_only_with_trigger.py
[2025-03-23T08:28:37.126+0000] {processor.py:925} INFO - DAG(s) 'latest_only_with_trigger' retrieved from /home/airflow/.local/lib/python3.12/site-packages/airflow/example_dags/example_latest_only_with_trigger.py
[2025-03-23T08:28:37.160+0000] {logging_mixin.py:190} INFO - [2025-03-23T08:28:37.160+0000] {dag.py:3239} INFO - Sync 1 DAGs
[2025-03-23T08:28:37.191+0000] {logging_mixin.py:190} INFO - [2025-03-23T08:28:37.190+0000] {dag.py:4180} INFO - Setting next_dagrun for latest_only_with_trigger to 2025-03-23 04:00:00+00:00, run_after=2025-03-23 08:00:00+00:00
[2025-03-23T08:28:37.253+0000] {processor.py:208} INFO - Processing /home/airflow/.local/lib/python3.12/site-packages/airflow/example_dags/example_latest_only_with_trigger.py took 0.161 seconds
[2025-03-23T08:29:07.825+0000] {processor.py:186} INFO - Started process (PID=405) to work on /home/airflow/.local/lib/python3.12/site-packages/airflow/example_dags/example_latest_only_with_trigger.py
[2025-03-23T08:29:07.826+0000] {processor.py:914} INFO - Processing file /home/airflow/.local/lib/python3.12/site-packages/airflow/example_dags/example_latest_only_with_trigger.py for tasks to queue
[2025-03-23T08:29:07.830+0000] {logging_mixin.py:190} INFO - [2025-03-23T08:29:07.829+0000] {dagbag.py:588} INFO - Filling up the DagBag from /home/airflow/.local/lib/python3.12/site-packages/airflow/example_dags/example_latest_only_with_trigger.py
[2025-03-23T08:29:07.844+0000] {processor.py:925} INFO - DAG(s) 'latest_only_with_trigger' retrieved from /home/airflow/.local/lib/python3.12/site-packages/airflow/example_dags/example_latest_only_with_trigger.py
[2025-03-23T08:29:07.883+0000] {logging_mixin.py:190} INFO - [2025-03-23T08:29:07.883+0000] {dag.py:3239} INFO - Sync 1 DAGs
[2025-03-23T08:29:07.917+0000] {logging_mixin.py:190} INFO - [2025-03-23T08:29:07.916+0000] {dag.py:4180} INFO - Setting next_dagrun for latest_only_with_trigger to 2025-03-23 04:00:00+00:00, run_after=2025-03-23 08:00:00+00:00
[2025-03-23T08:29:07.978+0000] {processor.py:208} INFO - Processing /home/airflow/.local/lib/python3.12/site-packages/airflow/example_dags/example_latest_only_with_trigger.py took 0.164 seconds
[2025-03-23T08:29:38.759+0000] {processor.py:186} INFO - Started process (PID=469) to work on /home/airflow/.local/lib/python3.12/site-packages/airflow/example_dags/example_latest_only_with_trigger.py
[2025-03-23T08:29:38.760+0000] {processor.py:914} INFO - Processing file /home/airflow/.local/lib/python3.12/site-packages/airflow/example_dags/example_latest_only_with_trigger.py for tasks to queue
[2025-03-23T08:29:38.764+0000] {logging_mixin.py:190} INFO - [2025-03-23T08:29:38.763+0000] {dagbag.py:588} INFO - Filling up the DagBag from /home/airflow/.local/lib/python3.12/site-packages/airflow/example_dags/example_latest_only_with_trigger.py
[2025-03-23T08:29:38.776+0000] {processor.py:925} INFO - DAG(s) 'latest_only_with_trigger' retrieved from /home/airflow/.local/lib/python3.12/site-packages/airflow/example_dags/example_latest_only_with_trigger.py
[2025-03-23T08:29:38.812+0000] {logging_mixin.py:190} INFO - [2025-03-23T08:29:38.811+0000] {dag.py:3239} INFO - Sync 1 DAGs
[2025-03-23T08:29:38.850+0000] {logging_mixin.py:190} INFO - [2025-03-23T08:29:38.849+0000] {dag.py:4180} INFO - Setting next_dagrun for latest_only_with_trigger to 2025-03-23 04:00:00+00:00, run_after=2025-03-23 08:00:00+00:00
[2025-03-23T08:29:38.943+0000] {processor.py:208} INFO - Processing /home/airflow/.local/lib/python3.12/site-packages/airflow/example_dags/example_latest_only_with_trigger.py took 0.196 seconds
