[2025-03-23T08:07:33.576+0000] {processor.py:186} INFO - Started process (PID=154) to work on /home/airflow/.local/lib/python3.12/site-packages/airflow/example_dags/example_branch_labels.py
[2025-03-23T08:07:33.579+0000] {processor.py:914} INFO - Processing file /home/airflow/.local/lib/python3.12/site-packages/airflow/example_dags/example_branch_labels.py for tasks to queue
[2025-03-23T08:07:33.583+0000] {logging_mixin.py:190} INFO - [2025-03-23T08:07:33.583+0000] {dagbag.py:588} INFO - Filling up the DagBag from /home/airflow/.local/lib/python3.12/site-packages/airflow/example_dags/example_branch_labels.py
[2025-03-23T08:07:33.618+0000] {processor.py:925} INFO - DAG(s) 'example_branch_labels' retrieved from /home/airflow/.local/lib/python3.12/site-packages/airflow/example_dags/example_branch_labels.py
[2025-03-23T08:07:34.114+0000] {logging_mixin.py:190} INFO - [2025-03-23T08:07:34.113+0000] {override.py:1911} INFO - Created Permission View: can edit on DAG:example_branch_labels
[2025-03-23T08:07:34.190+0000] {logging_mixin.py:190} INFO - [2025-03-23T08:07:34.189+0000] {override.py:1911} INFO - Created Permission View: can delete on DAG:example_branch_labels
[2025-03-23T08:07:34.256+0000] {logging_mixin.py:190} INFO - [2025-03-23T08:07:34.256+0000] {override.py:1911} INFO - Created Permission View: can read on DAG:example_branch_labels
[2025-03-23T08:07:34.535+0000] {logging_mixin.py:190} INFO - [2025-03-23T08:07:34.534+0000] {override.py:1911} INFO - Created Permission View: menu access on DAG Run:example_branch_labels
[2025-03-23T08:07:34.745+0000] {logging_mixin.py:190} INFO - [2025-03-23T08:07:34.745+0000] {override.py:1911} INFO - Created Permission View: can create on DAG Run:example_branch_labels
[2025-03-23T08:07:34.901+0000] {logging_mixin.py:190} INFO - [2025-03-23T08:07:34.901+0000] {override.py:1911} INFO - Created Permission View: can read on DAG Run:example_branch_labels
[2025-03-23T08:07:35.101+0000] {logging_mixin.py:190} INFO - [2025-03-23T08:07:35.100+0000] {override.py:1911} INFO - Created Permission View: can delete on DAG Run:example_branch_labels
[2025-03-23T08:07:35.101+0000] {logging_mixin.py:190} INFO - [2025-03-23T08:07:35.101+0000] {dag.py:3239} INFO - Sync 1 DAGs
[2025-03-23T08:07:35.117+0000] {logging_mixin.py:190} INFO - [2025-03-23T08:07:35.116+0000] {dag.py:3262} INFO - Creating ORM DAG for example_branch_labels
[2025-03-23T08:07:35.133+0000] {logging_mixin.py:190} INFO - [2025-03-23T08:07:35.132+0000] {dag.py:4180} INFO - Setting next_dagrun for example_branch_labels to 2025-03-22 00:00:00+00:00, run_after=2025-03-23 00:00:00+00:00
[2025-03-23T08:07:35.286+0000] {processor.py:208} INFO - Processing /home/airflow/.local/lib/python3.12/site-packages/airflow/example_dags/example_branch_labels.py took 1.731 seconds
[2025-03-23T08:08:05.408+0000] {processor.py:186} INFO - Started process (PID=219) to work on /home/airflow/.local/lib/python3.12/site-packages/airflow/example_dags/example_branch_labels.py
[2025-03-23T08:08:05.409+0000] {processor.py:914} INFO - Processing file /home/airflow/.local/lib/python3.12/site-packages/airflow/example_dags/example_branch_labels.py for tasks to queue
[2025-03-23T08:08:05.413+0000] {logging_mixin.py:190} INFO - [2025-03-23T08:08:05.413+0000] {dagbag.py:588} INFO - Filling up the DagBag from /home/airflow/.local/lib/python3.12/site-packages/airflow/example_dags/example_branch_labels.py
[2025-03-23T08:08:05.434+0000] {processor.py:925} INFO - DAG(s) 'example_branch_labels' retrieved from /home/airflow/.local/lib/python3.12/site-packages/airflow/example_dags/example_branch_labels.py
[2025-03-23T08:08:05.462+0000] {logging_mixin.py:190} INFO - [2025-03-23T08:08:05.462+0000] {dag.py:3239} INFO - Sync 1 DAGs
[2025-03-23T08:08:05.499+0000] {logging_mixin.py:190} INFO - [2025-03-23T08:08:05.499+0000] {dag.py:4180} INFO - Setting next_dagrun for example_branch_labels to 2025-03-22 00:00:00+00:00, run_after=2025-03-23 00:00:00+00:00
[2025-03-23T08:08:05.626+0000] {processor.py:208} INFO - Processing /home/airflow/.local/lib/python3.12/site-packages/airflow/example_dags/example_branch_labels.py took 0.228 seconds
[2025-03-23T08:08:36.053+0000] {processor.py:186} INFO - Started process (PID=283) to work on /home/airflow/.local/lib/python3.12/site-packages/airflow/example_dags/example_branch_labels.py
[2025-03-23T08:08:36.055+0000] {processor.py:914} INFO - Processing file /home/airflow/.local/lib/python3.12/site-packages/airflow/example_dags/example_branch_labels.py for tasks to queue
[2025-03-23T08:08:36.058+0000] {logging_mixin.py:190} INFO - [2025-03-23T08:08:36.058+0000] {dagbag.py:588} INFO - Filling up the DagBag from /home/airflow/.local/lib/python3.12/site-packages/airflow/example_dags/example_branch_labels.py
[2025-03-23T08:08:36.074+0000] {processor.py:925} INFO - DAG(s) 'example_branch_labels' retrieved from /home/airflow/.local/lib/python3.12/site-packages/airflow/example_dags/example_branch_labels.py
[2025-03-23T08:08:36.113+0000] {logging_mixin.py:190} INFO - [2025-03-23T08:08:36.112+0000] {dag.py:3239} INFO - Sync 1 DAGs
[2025-03-23T08:08:36.177+0000] {logging_mixin.py:190} INFO - [2025-03-23T08:08:36.177+0000] {dag.py:4180} INFO - Setting next_dagrun for example_branch_labels to 2025-03-22 00:00:00+00:00, run_after=2025-03-23 00:00:00+00:00
[2025-03-23T08:08:36.368+0000] {processor.py:208} INFO - Processing /home/airflow/.local/lib/python3.12/site-packages/airflow/example_dags/example_branch_labels.py took 0.323 seconds
[2025-03-23T08:09:06.891+0000] {processor.py:186} INFO - Started process (PID=346) to work on /home/airflow/.local/lib/python3.12/site-packages/airflow/example_dags/example_branch_labels.py
[2025-03-23T08:09:06.895+0000] {processor.py:914} INFO - Processing file /home/airflow/.local/lib/python3.12/site-packages/airflow/example_dags/example_branch_labels.py for tasks to queue
[2025-03-23T08:09:06.903+0000] {logging_mixin.py:190} INFO - [2025-03-23T08:09:06.903+0000] {dagbag.py:588} INFO - Filling up the DagBag from /home/airflow/.local/lib/python3.12/site-packages/airflow/example_dags/example_branch_labels.py
[2025-03-23T08:09:06.932+0000] {processor.py:925} INFO - DAG(s) 'example_branch_labels' retrieved from /home/airflow/.local/lib/python3.12/site-packages/airflow/example_dags/example_branch_labels.py
[2025-03-23T08:09:06.981+0000] {logging_mixin.py:190} INFO - [2025-03-23T08:09:06.980+0000] {dag.py:3239} INFO - Sync 1 DAGs
[2025-03-23T08:09:07.033+0000] {logging_mixin.py:190} INFO - [2025-03-23T08:09:07.032+0000] {dag.py:4180} INFO - Setting next_dagrun for example_branch_labels to 2025-03-22 00:00:00+00:00, run_after=2025-03-23 00:00:00+00:00
[2025-03-23T08:09:07.131+0000] {processor.py:208} INFO - Processing /home/airflow/.local/lib/python3.12/site-packages/airflow/example_dags/example_branch_labels.py took 0.258 seconds
[2025-03-23T08:09:37.412+0000] {processor.py:186} INFO - Started process (PID=410) to work on /home/airflow/.local/lib/python3.12/site-packages/airflow/example_dags/example_branch_labels.py
[2025-03-23T08:09:37.413+0000] {processor.py:914} INFO - Processing file /home/airflow/.local/lib/python3.12/site-packages/airflow/example_dags/example_branch_labels.py for tasks to queue
[2025-03-23T08:09:37.416+0000] {logging_mixin.py:190} INFO - [2025-03-23T08:09:37.416+0000] {dagbag.py:588} INFO - Filling up the DagBag from /home/airflow/.local/lib/python3.12/site-packages/airflow/example_dags/example_branch_labels.py
[2025-03-23T08:09:37.430+0000] {processor.py:925} INFO - DAG(s) 'example_branch_labels' retrieved from /home/airflow/.local/lib/python3.12/site-packages/airflow/example_dags/example_branch_labels.py
[2025-03-23T08:09:37.458+0000] {logging_mixin.py:190} INFO - [2025-03-23T08:09:37.458+0000] {dag.py:3239} INFO - Sync 1 DAGs
[2025-03-23T08:09:37.493+0000] {logging_mixin.py:190} INFO - [2025-03-23T08:09:37.493+0000] {dag.py:4180} INFO - Setting next_dagrun for example_branch_labels to 2025-03-22 00:00:00+00:00, run_after=2025-03-23 00:00:00+00:00
[2025-03-23T08:09:37.936+0000] {processor.py:208} INFO - Processing /home/airflow/.local/lib/python3.12/site-packages/airflow/example_dags/example_branch_labels.py took 0.533 seconds
[2025-03-23T08:10:08.090+0000] {processor.py:186} INFO - Started process (PID=474) to work on /home/airflow/.local/lib/python3.12/site-packages/airflow/example_dags/example_branch_labels.py
[2025-03-23T08:10:08.092+0000] {processor.py:914} INFO - Processing file /home/airflow/.local/lib/python3.12/site-packages/airflow/example_dags/example_branch_labels.py for tasks to queue
[2025-03-23T08:10:08.098+0000] {logging_mixin.py:190} INFO - [2025-03-23T08:10:08.097+0000] {dagbag.py:588} INFO - Filling up the DagBag from /home/airflow/.local/lib/python3.12/site-packages/airflow/example_dags/example_branch_labels.py
[2025-03-23T08:10:08.115+0000] {processor.py:925} INFO - DAG(s) 'example_branch_labels' retrieved from /home/airflow/.local/lib/python3.12/site-packages/airflow/example_dags/example_branch_labels.py
[2025-03-23T08:10:08.148+0000] {logging_mixin.py:190} INFO - [2025-03-23T08:10:08.148+0000] {dag.py:3239} INFO - Sync 1 DAGs
[2025-03-23T08:10:08.183+0000] {logging_mixin.py:190} INFO - [2025-03-23T08:10:08.183+0000] {dag.py:4180} INFO - Setting next_dagrun for example_branch_labels to 2025-03-22 00:00:00+00:00, run_after=2025-03-23 00:00:00+00:00
[2025-03-23T08:10:08.238+0000] {processor.py:208} INFO - Processing /home/airflow/.local/lib/python3.12/site-packages/airflow/example_dags/example_branch_labels.py took 0.158 seconds
[2025-03-23T08:10:38.907+0000] {processor.py:186} INFO - Started process (PID=538) to work on /home/airflow/.local/lib/python3.12/site-packages/airflow/example_dags/example_branch_labels.py
[2025-03-23T08:10:38.909+0000] {processor.py:914} INFO - Processing file /home/airflow/.local/lib/python3.12/site-packages/airflow/example_dags/example_branch_labels.py for tasks to queue
[2025-03-23T08:10:38.913+0000] {logging_mixin.py:190} INFO - [2025-03-23T08:10:38.913+0000] {dagbag.py:588} INFO - Filling up the DagBag from /home/airflow/.local/lib/python3.12/site-packages/airflow/example_dags/example_branch_labels.py
[2025-03-23T08:10:38.942+0000] {processor.py:925} INFO - DAG(s) 'example_branch_labels' retrieved from /home/airflow/.local/lib/python3.12/site-packages/airflow/example_dags/example_branch_labels.py
[2025-03-23T08:10:39.070+0000] {logging_mixin.py:190} INFO - [2025-03-23T08:10:39.069+0000] {dag.py:3239} INFO - Sync 1 DAGs
[2025-03-23T08:10:39.213+0000] {logging_mixin.py:190} INFO - [2025-03-23T08:10:39.211+0000] {dag.py:4180} INFO - Setting next_dagrun for example_branch_labels to 2025-03-22 00:00:00+00:00, run_after=2025-03-23 00:00:00+00:00
[2025-03-23T08:10:39.570+0000] {processor.py:208} INFO - Processing /home/airflow/.local/lib/python3.12/site-packages/airflow/example_dags/example_branch_labels.py took 0.672 seconds
[2025-03-23T08:11:09.784+0000] {processor.py:186} INFO - Started process (PID=601) to work on /home/airflow/.local/lib/python3.12/site-packages/airflow/example_dags/example_branch_labels.py
[2025-03-23T08:11:09.785+0000] {processor.py:914} INFO - Processing file /home/airflow/.local/lib/python3.12/site-packages/airflow/example_dags/example_branch_labels.py for tasks to queue
[2025-03-23T08:11:09.788+0000] {logging_mixin.py:190} INFO - [2025-03-23T08:11:09.788+0000] {dagbag.py:588} INFO - Filling up the DagBag from /home/airflow/.local/lib/python3.12/site-packages/airflow/example_dags/example_branch_labels.py
[2025-03-23T08:11:09.801+0000] {processor.py:925} INFO - DAG(s) 'example_branch_labels' retrieved from /home/airflow/.local/lib/python3.12/site-packages/airflow/example_dags/example_branch_labels.py
[2025-03-23T08:11:09.827+0000] {logging_mixin.py:190} INFO - [2025-03-23T08:11:09.827+0000] {dag.py:3239} INFO - Sync 1 DAGs
[2025-03-23T08:11:09.869+0000] {logging_mixin.py:190} INFO - [2025-03-23T08:11:09.863+0000] {dag.py:4180} INFO - Setting next_dagrun for example_branch_labels to 2025-03-22 00:00:00+00:00, run_after=2025-03-23 00:00:00+00:00
[2025-03-23T08:11:09.940+0000] {processor.py:208} INFO - Processing /home/airflow/.local/lib/python3.12/site-packages/airflow/example_dags/example_branch_labels.py took 0.166 seconds
[2025-03-23T08:11:40.137+0000] {processor.py:186} INFO - Started process (PID=665) to work on /home/airflow/.local/lib/python3.12/site-packages/airflow/example_dags/example_branch_labels.py
[2025-03-23T08:11:40.139+0000] {processor.py:914} INFO - Processing file /home/airflow/.local/lib/python3.12/site-packages/airflow/example_dags/example_branch_labels.py for tasks to queue
[2025-03-23T08:11:40.142+0000] {logging_mixin.py:190} INFO - [2025-03-23T08:11:40.141+0000] {dagbag.py:588} INFO - Filling up the DagBag from /home/airflow/.local/lib/python3.12/site-packages/airflow/example_dags/example_branch_labels.py
[2025-03-23T08:11:40.156+0000] {processor.py:925} INFO - DAG(s) 'example_branch_labels' retrieved from /home/airflow/.local/lib/python3.12/site-packages/airflow/example_dags/example_branch_labels.py
[2025-03-23T08:11:40.186+0000] {logging_mixin.py:190} INFO - [2025-03-23T08:11:40.186+0000] {dag.py:3239} INFO - Sync 1 DAGs
[2025-03-23T08:11:40.219+0000] {logging_mixin.py:190} INFO - [2025-03-23T08:11:40.219+0000] {dag.py:4180} INFO - Setting next_dagrun for example_branch_labels to 2025-03-22 00:00:00+00:00, run_after=2025-03-23 00:00:00+00:00
[2025-03-23T08:11:40.319+0000] {processor.py:208} INFO - Processing /home/airflow/.local/lib/python3.12/site-packages/airflow/example_dags/example_branch_labels.py took 0.190 seconds
[2025-03-23T08:12:10.485+0000] {processor.py:186} INFO - Started process (PID=729) to work on /home/airflow/.local/lib/python3.12/site-packages/airflow/example_dags/example_branch_labels.py
[2025-03-23T08:12:10.487+0000] {processor.py:914} INFO - Processing file /home/airflow/.local/lib/python3.12/site-packages/airflow/example_dags/example_branch_labels.py for tasks to queue
[2025-03-23T08:12:10.492+0000] {logging_mixin.py:190} INFO - [2025-03-23T08:12:10.491+0000] {dagbag.py:588} INFO - Filling up the DagBag from /home/airflow/.local/lib/python3.12/site-packages/airflow/example_dags/example_branch_labels.py
[2025-03-23T08:12:10.507+0000] {processor.py:925} INFO - DAG(s) 'example_branch_labels' retrieved from /home/airflow/.local/lib/python3.12/site-packages/airflow/example_dags/example_branch_labels.py
[2025-03-23T08:12:10.546+0000] {logging_mixin.py:190} INFO - [2025-03-23T08:12:10.546+0000] {dag.py:3239} INFO - Sync 1 DAGs
[2025-03-23T08:12:10.600+0000] {logging_mixin.py:190} INFO - [2025-03-23T08:12:10.600+0000] {dag.py:4180} INFO - Setting next_dagrun for example_branch_labels to 2025-03-22 00:00:00+00:00, run_after=2025-03-23 00:00:00+00:00
[2025-03-23T08:12:10.718+0000] {processor.py:208} INFO - Processing /home/airflow/.local/lib/python3.12/site-packages/airflow/example_dags/example_branch_labels.py took 0.244 seconds
[2025-03-23T08:12:41.594+0000] {processor.py:186} INFO - Started process (PID=793) to work on /home/airflow/.local/lib/python3.12/site-packages/airflow/example_dags/example_branch_labels.py
[2025-03-23T08:12:41.596+0000] {processor.py:914} INFO - Processing file /home/airflow/.local/lib/python3.12/site-packages/airflow/example_dags/example_branch_labels.py for tasks to queue
[2025-03-23T08:12:41.601+0000] {logging_mixin.py:190} INFO - [2025-03-23T08:12:41.601+0000] {dagbag.py:588} INFO - Filling up the DagBag from /home/airflow/.local/lib/python3.12/site-packages/airflow/example_dags/example_branch_labels.py
[2025-03-23T08:12:41.619+0000] {processor.py:925} INFO - DAG(s) 'example_branch_labels' retrieved from /home/airflow/.local/lib/python3.12/site-packages/airflow/example_dags/example_branch_labels.py
[2025-03-23T08:12:41.650+0000] {logging_mixin.py:190} INFO - [2025-03-23T08:12:41.649+0000] {dag.py:3239} INFO - Sync 1 DAGs
[2025-03-23T08:12:41.680+0000] {logging_mixin.py:190} INFO - [2025-03-23T08:12:41.680+0000] {dag.py:4180} INFO - Setting next_dagrun for example_branch_labels to 2025-03-22 00:00:00+00:00, run_after=2025-03-23 00:00:00+00:00
[2025-03-23T08:12:41.798+0000] {processor.py:208} INFO - Processing /home/airflow/.local/lib/python3.12/site-packages/airflow/example_dags/example_branch_labels.py took 0.215 seconds
[2025-03-23T08:13:12.124+0000] {processor.py:186} INFO - Started process (PID=857) to work on /home/airflow/.local/lib/python3.12/site-packages/airflow/example_dags/example_branch_labels.py
[2025-03-23T08:13:12.126+0000] {processor.py:914} INFO - Processing file /home/airflow/.local/lib/python3.12/site-packages/airflow/example_dags/example_branch_labels.py for tasks to queue
[2025-03-23T08:13:12.130+0000] {logging_mixin.py:190} INFO - [2025-03-23T08:13:12.130+0000] {dagbag.py:588} INFO - Filling up the DagBag from /home/airflow/.local/lib/python3.12/site-packages/airflow/example_dags/example_branch_labels.py
[2025-03-23T08:13:12.146+0000] {processor.py:925} INFO - DAG(s) 'example_branch_labels' retrieved from /home/airflow/.local/lib/python3.12/site-packages/airflow/example_dags/example_branch_labels.py
[2025-03-23T08:13:12.179+0000] {logging_mixin.py:190} INFO - [2025-03-23T08:13:12.179+0000] {dag.py:3239} INFO - Sync 1 DAGs
[2025-03-23T08:13:12.214+0000] {logging_mixin.py:190} INFO - [2025-03-23T08:13:12.213+0000] {dag.py:4180} INFO - Setting next_dagrun for example_branch_labels to 2025-03-22 00:00:00+00:00, run_after=2025-03-23 00:00:00+00:00
[2025-03-23T08:13:12.311+0000] {processor.py:208} INFO - Processing /home/airflow/.local/lib/python3.12/site-packages/airflow/example_dags/example_branch_labels.py took 0.197 seconds
[2025-03-23T08:13:42.439+0000] {processor.py:186} INFO - Started process (PID=921) to work on /home/airflow/.local/lib/python3.12/site-packages/airflow/example_dags/example_branch_labels.py
[2025-03-23T08:13:42.441+0000] {processor.py:914} INFO - Processing file /home/airflow/.local/lib/python3.12/site-packages/airflow/example_dags/example_branch_labels.py for tasks to queue
[2025-03-23T08:13:42.445+0000] {logging_mixin.py:190} INFO - [2025-03-23T08:13:42.445+0000] {dagbag.py:588} INFO - Filling up the DagBag from /home/airflow/.local/lib/python3.12/site-packages/airflow/example_dags/example_branch_labels.py
[2025-03-23T08:13:42.458+0000] {processor.py:925} INFO - DAG(s) 'example_branch_labels' retrieved from /home/airflow/.local/lib/python3.12/site-packages/airflow/example_dags/example_branch_labels.py
[2025-03-23T08:13:42.491+0000] {logging_mixin.py:190} INFO - [2025-03-23T08:13:42.491+0000] {dag.py:3239} INFO - Sync 1 DAGs
[2025-03-23T08:13:42.531+0000] {logging_mixin.py:190} INFO - [2025-03-23T08:13:42.531+0000] {dag.py:4180} INFO - Setting next_dagrun for example_branch_labels to 2025-03-22 00:00:00+00:00, run_after=2025-03-23 00:00:00+00:00
[2025-03-23T08:13:42.635+0000] {processor.py:208} INFO - Processing /home/airflow/.local/lib/python3.12/site-packages/airflow/example_dags/example_branch_labels.py took 0.204 seconds
[2025-03-23T08:14:12.861+0000] {processor.py:186} INFO - Started process (PID=985) to work on /home/airflow/.local/lib/python3.12/site-packages/airflow/example_dags/example_branch_labels.py
[2025-03-23T08:14:12.862+0000] {processor.py:914} INFO - Processing file /home/airflow/.local/lib/python3.12/site-packages/airflow/example_dags/example_branch_labels.py for tasks to queue
[2025-03-23T08:14:12.866+0000] {logging_mixin.py:190} INFO - [2025-03-23T08:14:12.866+0000] {dagbag.py:588} INFO - Filling up the DagBag from /home/airflow/.local/lib/python3.12/site-packages/airflow/example_dags/example_branch_labels.py
[2025-03-23T08:14:12.878+0000] {processor.py:925} INFO - DAG(s) 'example_branch_labels' retrieved from /home/airflow/.local/lib/python3.12/site-packages/airflow/example_dags/example_branch_labels.py
[2025-03-23T08:14:12.906+0000] {logging_mixin.py:190} INFO - [2025-03-23T08:14:12.906+0000] {dag.py:3239} INFO - Sync 1 DAGs
[2025-03-23T08:14:12.936+0000] {logging_mixin.py:190} INFO - [2025-03-23T08:14:12.936+0000] {dag.py:4180} INFO - Setting next_dagrun for example_branch_labels to 2025-03-22 00:00:00+00:00, run_after=2025-03-23 00:00:00+00:00
[2025-03-23T08:14:13.032+0000] {processor.py:208} INFO - Processing /home/airflow/.local/lib/python3.12/site-packages/airflow/example_dags/example_branch_labels.py took 0.178 seconds
[2025-03-23T08:14:43.676+0000] {processor.py:186} INFO - Started process (PID=1056) to work on /home/airflow/.local/lib/python3.12/site-packages/airflow/example_dags/example_branch_labels.py
[2025-03-23T08:14:43.678+0000] {processor.py:914} INFO - Processing file /home/airflow/.local/lib/python3.12/site-packages/airflow/example_dags/example_branch_labels.py for tasks to queue
[2025-03-23T08:14:43.681+0000] {logging_mixin.py:190} INFO - [2025-03-23T08:14:43.681+0000] {dagbag.py:588} INFO - Filling up the DagBag from /home/airflow/.local/lib/python3.12/site-packages/airflow/example_dags/example_branch_labels.py
[2025-03-23T08:14:43.709+0000] {processor.py:925} INFO - DAG(s) 'example_branch_labels' retrieved from /home/airflow/.local/lib/python3.12/site-packages/airflow/example_dags/example_branch_labels.py
[2025-03-23T08:14:43.745+0000] {logging_mixin.py:190} INFO - [2025-03-23T08:14:43.745+0000] {dag.py:3239} INFO - Sync 1 DAGs
[2025-03-23T08:14:43.781+0000] {logging_mixin.py:190} INFO - [2025-03-23T08:14:43.781+0000] {dag.py:4180} INFO - Setting next_dagrun for example_branch_labels to 2025-03-22 00:00:00+00:00, run_after=2025-03-23 00:00:00+00:00
[2025-03-23T08:14:43.837+0000] {processor.py:208} INFO - Processing /home/airflow/.local/lib/python3.12/site-packages/airflow/example_dags/example_branch_labels.py took 0.168 seconds
[2025-03-23T08:15:14.845+0000] {processor.py:186} INFO - Started process (PID=1138) to work on /home/airflow/.local/lib/python3.12/site-packages/airflow/example_dags/example_branch_labels.py
[2025-03-23T08:15:14.846+0000] {processor.py:914} INFO - Processing file /home/airflow/.local/lib/python3.12/site-packages/airflow/example_dags/example_branch_labels.py for tasks to queue
[2025-03-23T08:15:14.849+0000] {logging_mixin.py:190} INFO - [2025-03-23T08:15:14.849+0000] {dagbag.py:588} INFO - Filling up the DagBag from /home/airflow/.local/lib/python3.12/site-packages/airflow/example_dags/example_branch_labels.py
[2025-03-23T08:15:14.868+0000] {processor.py:925} INFO - DAG(s) 'example_branch_labels' retrieved from /home/airflow/.local/lib/python3.12/site-packages/airflow/example_dags/example_branch_labels.py
[2025-03-23T08:15:14.895+0000] {logging_mixin.py:190} INFO - [2025-03-23T08:15:14.895+0000] {dag.py:3239} INFO - Sync 1 DAGs
[2025-03-23T08:15:14.929+0000] {logging_mixin.py:190} INFO - [2025-03-23T08:15:14.929+0000] {dag.py:4180} INFO - Setting next_dagrun for example_branch_labels to 2025-03-22 00:00:00+00:00, run_after=2025-03-23 00:00:00+00:00
[2025-03-23T08:15:14.982+0000] {processor.py:208} INFO - Processing /home/airflow/.local/lib/python3.12/site-packages/airflow/example_dags/example_branch_labels.py took 0.154 seconds
[2025-03-23T08:15:45.380+0000] {processor.py:186} INFO - Started process (PID=1201) to work on /home/airflow/.local/lib/python3.12/site-packages/airflow/example_dags/example_branch_labels.py
[2025-03-23T08:15:45.381+0000] {processor.py:914} INFO - Processing file /home/airflow/.local/lib/python3.12/site-packages/airflow/example_dags/example_branch_labels.py for tasks to queue
[2025-03-23T08:15:45.385+0000] {logging_mixin.py:190} INFO - [2025-03-23T08:15:45.384+0000] {dagbag.py:588} INFO - Filling up the DagBag from /home/airflow/.local/lib/python3.12/site-packages/airflow/example_dags/example_branch_labels.py
[2025-03-23T08:15:45.398+0000] {processor.py:925} INFO - DAG(s) 'example_branch_labels' retrieved from /home/airflow/.local/lib/python3.12/site-packages/airflow/example_dags/example_branch_labels.py
[2025-03-23T08:15:45.425+0000] {logging_mixin.py:190} INFO - [2025-03-23T08:15:45.424+0000] {dag.py:3239} INFO - Sync 1 DAGs
[2025-03-23T08:15:45.464+0000] {logging_mixin.py:190} INFO - [2025-03-23T08:15:45.464+0000] {dag.py:4180} INFO - Setting next_dagrun for example_branch_labels to 2025-03-22 00:00:00+00:00, run_after=2025-03-23 00:00:00+00:00
[2025-03-23T08:15:45.551+0000] {processor.py:208} INFO - Processing /home/airflow/.local/lib/python3.12/site-packages/airflow/example_dags/example_branch_labels.py took 0.183 seconds
[2025-03-23T08:16:16.104+0000] {processor.py:186} INFO - Started process (PID=1265) to work on /home/airflow/.local/lib/python3.12/site-packages/airflow/example_dags/example_branch_labels.py
[2025-03-23T08:16:16.105+0000] {processor.py:914} INFO - Processing file /home/airflow/.local/lib/python3.12/site-packages/airflow/example_dags/example_branch_labels.py for tasks to queue
[2025-03-23T08:16:16.109+0000] {logging_mixin.py:190} INFO - [2025-03-23T08:16:16.108+0000] {dagbag.py:588} INFO - Filling up the DagBag from /home/airflow/.local/lib/python3.12/site-packages/airflow/example_dags/example_branch_labels.py
[2025-03-23T08:16:16.120+0000] {processor.py:925} INFO - DAG(s) 'example_branch_labels' retrieved from /home/airflow/.local/lib/python3.12/site-packages/airflow/example_dags/example_branch_labels.py
[2025-03-23T08:16:16.147+0000] {logging_mixin.py:190} INFO - [2025-03-23T08:16:16.147+0000] {dag.py:3239} INFO - Sync 1 DAGs
[2025-03-23T08:16:16.190+0000] {logging_mixin.py:190} INFO - [2025-03-23T08:16:16.189+0000] {dag.py:4180} INFO - Setting next_dagrun for example_branch_labels to 2025-03-22 00:00:00+00:00, run_after=2025-03-23 00:00:00+00:00
[2025-03-23T08:16:16.253+0000] {processor.py:208} INFO - Processing /home/airflow/.local/lib/python3.12/site-packages/airflow/example_dags/example_branch_labels.py took 0.160 seconds
[2025-03-23T08:16:46.324+0000] {processor.py:186} INFO - Started process (PID=1327) to work on /home/airflow/.local/lib/python3.12/site-packages/airflow/example_dags/example_branch_labels.py
[2025-03-23T08:16:46.326+0000] {processor.py:914} INFO - Processing file /home/airflow/.local/lib/python3.12/site-packages/airflow/example_dags/example_branch_labels.py for tasks to queue
[2025-03-23T08:16:46.329+0000] {logging_mixin.py:190} INFO - [2025-03-23T08:16:46.329+0000] {dagbag.py:588} INFO - Filling up the DagBag from /home/airflow/.local/lib/python3.12/site-packages/airflow/example_dags/example_branch_labels.py
[2025-03-23T08:16:46.342+0000] {processor.py:925} INFO - DAG(s) 'example_branch_labels' retrieved from /home/airflow/.local/lib/python3.12/site-packages/airflow/example_dags/example_branch_labels.py
[2025-03-23T08:16:46.369+0000] {logging_mixin.py:190} INFO - [2025-03-23T08:16:46.369+0000] {dag.py:3239} INFO - Sync 1 DAGs
[2025-03-23T08:16:46.397+0000] {logging_mixin.py:190} INFO - [2025-03-23T08:16:46.397+0000] {dag.py:4180} INFO - Setting next_dagrun for example_branch_labels to 2025-03-22 00:00:00+00:00, run_after=2025-03-23 00:00:00+00:00
[2025-03-23T08:16:46.451+0000] {processor.py:208} INFO - Processing /home/airflow/.local/lib/python3.12/site-packages/airflow/example_dags/example_branch_labels.py took 0.138 seconds
[2025-03-23T08:17:16.552+0000] {processor.py:186} INFO - Started process (PID=1391) to work on /home/airflow/.local/lib/python3.12/site-packages/airflow/example_dags/example_branch_labels.py
[2025-03-23T08:17:16.553+0000] {processor.py:914} INFO - Processing file /home/airflow/.local/lib/python3.12/site-packages/airflow/example_dags/example_branch_labels.py for tasks to queue
[2025-03-23T08:17:16.558+0000] {logging_mixin.py:190} INFO - [2025-03-23T08:17:16.557+0000] {dagbag.py:588} INFO - Filling up the DagBag from /home/airflow/.local/lib/python3.12/site-packages/airflow/example_dags/example_branch_labels.py
[2025-03-23T08:17:16.574+0000] {processor.py:925} INFO - DAG(s) 'example_branch_labels' retrieved from /home/airflow/.local/lib/python3.12/site-packages/airflow/example_dags/example_branch_labels.py
[2025-03-23T08:17:16.609+0000] {logging_mixin.py:190} INFO - [2025-03-23T08:17:16.609+0000] {dag.py:3239} INFO - Sync 1 DAGs
[2025-03-23T08:17:16.642+0000] {logging_mixin.py:190} INFO - [2025-03-23T08:17:16.642+0000] {dag.py:4180} INFO - Setting next_dagrun for example_branch_labels to 2025-03-22 00:00:00+00:00, run_after=2025-03-23 00:00:00+00:00
[2025-03-23T08:17:16.737+0000] {processor.py:208} INFO - Processing /home/airflow/.local/lib/python3.12/site-packages/airflow/example_dags/example_branch_labels.py took 0.205 seconds
[2025-03-23T08:17:47.658+0000] {processor.py:186} INFO - Started process (PID=1455) to work on /home/airflow/.local/lib/python3.12/site-packages/airflow/example_dags/example_branch_labels.py
[2025-03-23T08:17:47.660+0000] {processor.py:914} INFO - Processing file /home/airflow/.local/lib/python3.12/site-packages/airflow/example_dags/example_branch_labels.py for tasks to queue
[2025-03-23T08:17:47.665+0000] {logging_mixin.py:190} INFO - [2025-03-23T08:17:47.664+0000] {dagbag.py:588} INFO - Filling up the DagBag from /home/airflow/.local/lib/python3.12/site-packages/airflow/example_dags/example_branch_labels.py
[2025-03-23T08:17:47.682+0000] {processor.py:925} INFO - DAG(s) 'example_branch_labels' retrieved from /home/airflow/.local/lib/python3.12/site-packages/airflow/example_dags/example_branch_labels.py
[2025-03-23T08:17:47.715+0000] {logging_mixin.py:190} INFO - [2025-03-23T08:17:47.714+0000] {dag.py:3239} INFO - Sync 1 DAGs
[2025-03-23T08:17:47.751+0000] {logging_mixin.py:190} INFO - [2025-03-23T08:17:47.751+0000] {dag.py:4180} INFO - Setting next_dagrun for example_branch_labels to 2025-03-22 00:00:00+00:00, run_after=2025-03-23 00:00:00+00:00
[2025-03-23T08:17:47.846+0000] {processor.py:208} INFO - Processing /home/airflow/.local/lib/python3.12/site-packages/airflow/example_dags/example_branch_labels.py took 0.205 seconds
[2025-03-23T08:18:18.811+0000] {processor.py:186} INFO - Started process (PID=1519) to work on /home/airflow/.local/lib/python3.12/site-packages/airflow/example_dags/example_branch_labels.py
[2025-03-23T08:18:18.812+0000] {processor.py:914} INFO - Processing file /home/airflow/.local/lib/python3.12/site-packages/airflow/example_dags/example_branch_labels.py for tasks to queue
[2025-03-23T08:18:18.817+0000] {logging_mixin.py:190} INFO - [2025-03-23T08:18:18.816+0000] {dagbag.py:588} INFO - Filling up the DagBag from /home/airflow/.local/lib/python3.12/site-packages/airflow/example_dags/example_branch_labels.py
[2025-03-23T08:18:18.831+0000] {processor.py:925} INFO - DAG(s) 'example_branch_labels' retrieved from /home/airflow/.local/lib/python3.12/site-packages/airflow/example_dags/example_branch_labels.py
[2025-03-23T08:18:18.862+0000] {logging_mixin.py:190} INFO - [2025-03-23T08:18:18.862+0000] {dag.py:3239} INFO - Sync 1 DAGs
[2025-03-23T08:18:18.902+0000] {logging_mixin.py:190} INFO - [2025-03-23T08:18:18.901+0000] {dag.py:4180} INFO - Setting next_dagrun for example_branch_labels to 2025-03-22 00:00:00+00:00, run_after=2025-03-23 00:00:00+00:00
[2025-03-23T08:18:18.990+0000] {processor.py:208} INFO - Processing /home/airflow/.local/lib/python3.12/site-packages/airflow/example_dags/example_branch_labels.py took 0.195 seconds
[2025-03-23T08:18:49.594+0000] {processor.py:186} INFO - Started process (PID=1583) to work on /home/airflow/.local/lib/python3.12/site-packages/airflow/example_dags/example_branch_labels.py
[2025-03-23T08:18:49.595+0000] {processor.py:914} INFO - Processing file /home/airflow/.local/lib/python3.12/site-packages/airflow/example_dags/example_branch_labels.py for tasks to queue
[2025-03-23T08:18:49.599+0000] {logging_mixin.py:190} INFO - [2025-03-23T08:18:49.598+0000] {dagbag.py:588} INFO - Filling up the DagBag from /home/airflow/.local/lib/python3.12/site-packages/airflow/example_dags/example_branch_labels.py
[2025-03-23T08:18:49.615+0000] {processor.py:925} INFO - DAG(s) 'example_branch_labels' retrieved from /home/airflow/.local/lib/python3.12/site-packages/airflow/example_dags/example_branch_labels.py
[2025-03-23T08:18:49.644+0000] {logging_mixin.py:190} INFO - [2025-03-23T08:18:49.644+0000] {dag.py:3239} INFO - Sync 1 DAGs
[2025-03-23T08:18:49.676+0000] {logging_mixin.py:190} INFO - [2025-03-23T08:18:49.676+0000] {dag.py:4180} INFO - Setting next_dagrun for example_branch_labels to 2025-03-22 00:00:00+00:00, run_after=2025-03-23 00:00:00+00:00
[2025-03-23T08:18:49.731+0000] {processor.py:208} INFO - Processing /home/airflow/.local/lib/python3.12/site-packages/airflow/example_dags/example_branch_labels.py took 0.151 seconds
[2025-03-23T08:19:21.324+0000] {processor.py:186} INFO - Started process (PID=1647) to work on /home/airflow/.local/lib/python3.12/site-packages/airflow/example_dags/example_branch_labels.py
[2025-03-23T08:19:21.325+0000] {processor.py:914} INFO - Processing file /home/airflow/.local/lib/python3.12/site-packages/airflow/example_dags/example_branch_labels.py for tasks to queue
[2025-03-23T08:19:21.328+0000] {logging_mixin.py:190} INFO - [2025-03-23T08:19:21.328+0000] {dagbag.py:588} INFO - Filling up the DagBag from /home/airflow/.local/lib/python3.12/site-packages/airflow/example_dags/example_branch_labels.py
[2025-03-23T08:19:21.340+0000] {processor.py:925} INFO - DAG(s) 'example_branch_labels' retrieved from /home/airflow/.local/lib/python3.12/site-packages/airflow/example_dags/example_branch_labels.py
[2025-03-23T08:19:21.372+0000] {logging_mixin.py:190} INFO - [2025-03-23T08:19:21.372+0000] {dag.py:3239} INFO - Sync 1 DAGs
[2025-03-23T08:19:21.402+0000] {logging_mixin.py:190} INFO - [2025-03-23T08:19:21.401+0000] {dag.py:4180} INFO - Setting next_dagrun for example_branch_labels to 2025-03-22 00:00:00+00:00, run_after=2025-03-23 00:00:00+00:00
[2025-03-23T08:19:21.465+0000] {processor.py:208} INFO - Processing /home/airflow/.local/lib/python3.12/site-packages/airflow/example_dags/example_branch_labels.py took 0.157 seconds
[2025-03-23T08:19:52.773+0000] {processor.py:186} INFO - Started process (PID=1711) to work on /home/airflow/.local/lib/python3.12/site-packages/airflow/example_dags/example_branch_labels.py
[2025-03-23T08:19:52.774+0000] {processor.py:914} INFO - Processing file /home/airflow/.local/lib/python3.12/site-packages/airflow/example_dags/example_branch_labels.py for tasks to queue
[2025-03-23T08:19:52.777+0000] {logging_mixin.py:190} INFO - [2025-03-23T08:19:52.777+0000] {dagbag.py:588} INFO - Filling up the DagBag from /home/airflow/.local/lib/python3.12/site-packages/airflow/example_dags/example_branch_labels.py
[2025-03-23T08:19:52.790+0000] {processor.py:925} INFO - DAG(s) 'example_branch_labels' retrieved from /home/airflow/.local/lib/python3.12/site-packages/airflow/example_dags/example_branch_labels.py
[2025-03-23T08:19:52.817+0000] {logging_mixin.py:190} INFO - [2025-03-23T08:19:52.817+0000] {dag.py:3239} INFO - Sync 1 DAGs
[2025-03-23T08:19:52.848+0000] {logging_mixin.py:190} INFO - [2025-03-23T08:19:52.847+0000] {dag.py:4180} INFO - Setting next_dagrun for example_branch_labels to 2025-03-22 00:00:00+00:00, run_after=2025-03-23 00:00:00+00:00
[2025-03-23T08:19:52.903+0000] {processor.py:208} INFO - Processing /home/airflow/.local/lib/python3.12/site-packages/airflow/example_dags/example_branch_labels.py took 0.143 seconds
[2025-03-23T08:20:24.202+0000] {processor.py:186} INFO - Started process (PID=1775) to work on /home/airflow/.local/lib/python3.12/site-packages/airflow/example_dags/example_branch_labels.py
[2025-03-23T08:20:24.204+0000] {processor.py:914} INFO - Processing file /home/airflow/.local/lib/python3.12/site-packages/airflow/example_dags/example_branch_labels.py for tasks to queue
[2025-03-23T08:20:24.207+0000] {logging_mixin.py:190} INFO - [2025-03-23T08:20:24.207+0000] {dagbag.py:588} INFO - Filling up the DagBag from /home/airflow/.local/lib/python3.12/site-packages/airflow/example_dags/example_branch_labels.py
[2025-03-23T08:20:24.220+0000] {processor.py:925} INFO - DAG(s) 'example_branch_labels' retrieved from /home/airflow/.local/lib/python3.12/site-packages/airflow/example_dags/example_branch_labels.py
[2025-03-23T08:20:24.245+0000] {logging_mixin.py:190} INFO - [2025-03-23T08:20:24.245+0000] {dag.py:3239} INFO - Sync 1 DAGs
[2025-03-23T08:20:24.289+0000] {logging_mixin.py:190} INFO - [2025-03-23T08:20:24.288+0000] {dag.py:4180} INFO - Setting next_dagrun for example_branch_labels to 2025-03-22 00:00:00+00:00, run_after=2025-03-23 00:00:00+00:00
[2025-03-23T08:20:24.378+0000] {processor.py:208} INFO - Processing /home/airflow/.local/lib/python3.12/site-packages/airflow/example_dags/example_branch_labels.py took 0.187 seconds
[2025-03-23T08:21:00.422+0000] {processor.py:186} INFO - Started process (PID=1847) to work on /home/airflow/.local/lib/python3.12/site-packages/airflow/example_dags/example_branch_labels.py
[2025-03-23T08:21:00.423+0000] {processor.py:914} INFO - Processing file /home/airflow/.local/lib/python3.12/site-packages/airflow/example_dags/example_branch_labels.py for tasks to queue
[2025-03-23T08:21:00.428+0000] {logging_mixin.py:190} INFO - [2025-03-23T08:21:00.427+0000] {dagbag.py:588} INFO - Filling up the DagBag from /home/airflow/.local/lib/python3.12/site-packages/airflow/example_dags/example_branch_labels.py
[2025-03-23T08:21:00.447+0000] {processor.py:925} INFO - DAG(s) 'example_branch_labels' retrieved from /home/airflow/.local/lib/python3.12/site-packages/airflow/example_dags/example_branch_labels.py
[2025-03-23T08:21:00.484+0000] {logging_mixin.py:190} INFO - [2025-03-23T08:21:00.483+0000] {dag.py:3239} INFO - Sync 1 DAGs
[2025-03-23T08:21:00.527+0000] {logging_mixin.py:190} INFO - [2025-03-23T08:21:00.527+0000] {dag.py:4180} INFO - Setting next_dagrun for example_branch_labels to 2025-03-22 00:00:00+00:00, run_after=2025-03-23 00:00:00+00:00
[2025-03-23T08:26:55.240+0000] {processor.py:186} INFO - Started process (PID=130) to work on /home/airflow/.local/lib/python3.12/site-packages/airflow/example_dags/example_branch_labels.py
[2025-03-23T08:26:55.402+0000] {processor.py:914} INFO - Processing file /home/airflow/.local/lib/python3.12/site-packages/airflow/example_dags/example_branch_labels.py for tasks to queue
[2025-03-23T08:26:55.410+0000] {logging_mixin.py:190} INFO - [2025-03-23T08:26:55.410+0000] {dagbag.py:588} INFO - Filling up the DagBag from /home/airflow/.local/lib/python3.12/site-packages/airflow/example_dags/example_branch_labels.py
[2025-03-23T08:26:55.434+0000] {processor.py:925} INFO - DAG(s) 'example_branch_labels' retrieved from /home/airflow/.local/lib/python3.12/site-packages/airflow/example_dags/example_branch_labels.py
[2025-03-23T08:26:55.468+0000] {logging_mixin.py:190} INFO - [2025-03-23T08:26:55.467+0000] {dag.py:3239} INFO - Sync 1 DAGs
[2025-03-23T08:26:55.503+0000] {logging_mixin.py:190} INFO - [2025-03-23T08:26:55.503+0000] {dag.py:4180} INFO - Setting next_dagrun for example_branch_labels to 2025-03-22 00:00:00+00:00, run_after=2025-03-23 00:00:00+00:00
[2025-03-23T08:26:55.701+0000] {processor.py:208} INFO - Processing /home/airflow/.local/lib/python3.12/site-packages/airflow/example_dags/example_branch_labels.py took 0.469 seconds
[2025-03-23T08:27:25.937+0000] {processor.py:186} INFO - Started process (PID=194) to work on /home/airflow/.local/lib/python3.12/site-packages/airflow/example_dags/example_branch_labels.py
[2025-03-23T08:27:25.939+0000] {processor.py:914} INFO - Processing file /home/airflow/.local/lib/python3.12/site-packages/airflow/example_dags/example_branch_labels.py for tasks to queue
[2025-03-23T08:27:25.943+0000] {logging_mixin.py:190} INFO - [2025-03-23T08:27:25.943+0000] {dagbag.py:588} INFO - Filling up the DagBag from /home/airflow/.local/lib/python3.12/site-packages/airflow/example_dags/example_branch_labels.py
[2025-03-23T08:27:25.957+0000] {processor.py:925} INFO - DAG(s) 'example_branch_labels' retrieved from /home/airflow/.local/lib/python3.12/site-packages/airflow/example_dags/example_branch_labels.py
[2025-03-23T08:27:25.991+0000] {logging_mixin.py:190} INFO - [2025-03-23T08:27:25.990+0000] {dag.py:3239} INFO - Sync 1 DAGs
[2025-03-23T08:27:26.044+0000] {logging_mixin.py:190} INFO - [2025-03-23T08:27:26.043+0000] {dag.py:4180} INFO - Setting next_dagrun for example_branch_labels to 2025-03-22 00:00:00+00:00, run_after=2025-03-23 00:00:00+00:00
[2025-03-23T08:27:26.108+0000] {processor.py:208} INFO - Processing /home/airflow/.local/lib/python3.12/site-packages/airflow/example_dags/example_branch_labels.py took 0.182 seconds
[2025-03-23T08:27:56.594+0000] {processor.py:186} INFO - Started process (PID=258) to work on /home/airflow/.local/lib/python3.12/site-packages/airflow/example_dags/example_branch_labels.py
[2025-03-23T08:27:56.596+0000] {processor.py:914} INFO - Processing file /home/airflow/.local/lib/python3.12/site-packages/airflow/example_dags/example_branch_labels.py for tasks to queue
[2025-03-23T08:27:56.600+0000] {logging_mixin.py:190} INFO - [2025-03-23T08:27:56.599+0000] {dagbag.py:588} INFO - Filling up the DagBag from /home/airflow/.local/lib/python3.12/site-packages/airflow/example_dags/example_branch_labels.py
[2025-03-23T08:27:56.614+0000] {processor.py:925} INFO - DAG(s) 'example_branch_labels' retrieved from /home/airflow/.local/lib/python3.12/site-packages/airflow/example_dags/example_branch_labels.py
[2025-03-23T08:27:56.646+0000] {logging_mixin.py:190} INFO - [2025-03-23T08:27:56.645+0000] {dag.py:3239} INFO - Sync 1 DAGs
[2025-03-23T08:27:56.689+0000] {logging_mixin.py:190} INFO - [2025-03-23T08:27:56.689+0000] {dag.py:4180} INFO - Setting next_dagrun for example_branch_labels to 2025-03-22 00:00:00+00:00, run_after=2025-03-23 00:00:00+00:00
[2025-03-23T08:27:56.768+0000] {processor.py:208} INFO - Processing /home/airflow/.local/lib/python3.12/site-packages/airflow/example_dags/example_branch_labels.py took 0.183 seconds
[2025-03-23T08:28:27.611+0000] {processor.py:186} INFO - Started process (PID=322) to work on /home/airflow/.local/lib/python3.12/site-packages/airflow/example_dags/example_branch_labels.py
[2025-03-23T08:28:27.614+0000] {processor.py:914} INFO - Processing file /home/airflow/.local/lib/python3.12/site-packages/airflow/example_dags/example_branch_labels.py for tasks to queue
[2025-03-23T08:28:27.624+0000] {logging_mixin.py:190} INFO - [2025-03-23T08:28:27.623+0000] {dagbag.py:588} INFO - Filling up the DagBag from /home/airflow/.local/lib/python3.12/site-packages/airflow/example_dags/example_branch_labels.py
[2025-03-23T08:28:27.659+0000] {processor.py:925} INFO - DAG(s) 'example_branch_labels' retrieved from /home/airflow/.local/lib/python3.12/site-packages/airflow/example_dags/example_branch_labels.py
[2025-03-23T08:28:27.694+0000] {logging_mixin.py:190} INFO - [2025-03-23T08:28:27.693+0000] {dag.py:3239} INFO - Sync 1 DAGs
[2025-03-23T08:28:27.737+0000] {logging_mixin.py:190} INFO - [2025-03-23T08:28:27.737+0000] {dag.py:4180} INFO - Setting next_dagrun for example_branch_labels to 2025-03-22 00:00:00+00:00, run_after=2025-03-23 00:00:00+00:00
[2025-03-23T08:28:27.809+0000] {processor.py:208} INFO - Processing /home/airflow/.local/lib/python3.12/site-packages/airflow/example_dags/example_branch_labels.py took 0.212 seconds
[2025-03-23T08:28:58.671+0000] {processor.py:186} INFO - Started process (PID=386) to work on /home/airflow/.local/lib/python3.12/site-packages/airflow/example_dags/example_branch_labels.py
[2025-03-23T08:28:58.673+0000] {processor.py:914} INFO - Processing file /home/airflow/.local/lib/python3.12/site-packages/airflow/example_dags/example_branch_labels.py for tasks to queue
[2025-03-23T08:28:58.684+0000] {logging_mixin.py:190} INFO - [2025-03-23T08:28:58.683+0000] {dagbag.py:588} INFO - Filling up the DagBag from /home/airflow/.local/lib/python3.12/site-packages/airflow/example_dags/example_branch_labels.py
[2025-03-23T08:28:58.705+0000] {processor.py:925} INFO - DAG(s) 'example_branch_labels' retrieved from /home/airflow/.local/lib/python3.12/site-packages/airflow/example_dags/example_branch_labels.py
[2025-03-23T08:28:58.756+0000] {logging_mixin.py:190} INFO - [2025-03-23T08:28:58.755+0000] {dag.py:3239} INFO - Sync 1 DAGs
[2025-03-23T08:28:58.820+0000] {logging_mixin.py:190} INFO - [2025-03-23T08:28:58.820+0000] {dag.py:4180} INFO - Setting next_dagrun for example_branch_labels to 2025-03-22 00:00:00+00:00, run_after=2025-03-23 00:00:00+00:00
[2025-03-23T08:28:58.963+0000] {processor.py:208} INFO - Processing /home/airflow/.local/lib/python3.12/site-packages/airflow/example_dags/example_branch_labels.py took 0.302 seconds
[2025-03-23T08:29:29.317+0000] {processor.py:186} INFO - Started process (PID=449) to work on /home/airflow/.local/lib/python3.12/site-packages/airflow/example_dags/example_branch_labels.py
[2025-03-23T08:29:29.319+0000] {processor.py:914} INFO - Processing file /home/airflow/.local/lib/python3.12/site-packages/airflow/example_dags/example_branch_labels.py for tasks to queue
[2025-03-23T08:29:29.326+0000] {logging_mixin.py:190} INFO - [2025-03-23T08:29:29.326+0000] {dagbag.py:588} INFO - Filling up the DagBag from /home/airflow/.local/lib/python3.12/site-packages/airflow/example_dags/example_branch_labels.py
[2025-03-23T08:29:29.351+0000] {processor.py:925} INFO - DAG(s) 'example_branch_labels' retrieved from /home/airflow/.local/lib/python3.12/site-packages/airflow/example_dags/example_branch_labels.py
[2025-03-23T08:29:29.416+0000] {logging_mixin.py:190} INFO - [2025-03-23T08:29:29.416+0000] {dag.py:3239} INFO - Sync 1 DAGs
[2025-03-23T08:29:29.468+0000] {logging_mixin.py:190} INFO - [2025-03-23T08:29:29.468+0000] {dag.py:4180} INFO - Setting next_dagrun for example_branch_labels to 2025-03-22 00:00:00+00:00, run_after=2025-03-23 00:00:00+00:00
[2025-03-23T08:29:29.543+0000] {processor.py:208} INFO - Processing /home/airflow/.local/lib/python3.12/site-packages/airflow/example_dags/example_branch_labels.py took 0.239 seconds
[2025-03-23T08:29:59.830+0000] {processor.py:186} INFO - Started process (PID=513) to work on /home/airflow/.local/lib/python3.12/site-packages/airflow/example_dags/example_branch_labels.py
[2025-03-23T08:29:59.832+0000] {processor.py:914} INFO - Processing file /home/airflow/.local/lib/python3.12/site-packages/airflow/example_dags/example_branch_labels.py for tasks to queue
[2025-03-23T08:29:59.837+0000] {logging_mixin.py:190} INFO - [2025-03-23T08:29:59.837+0000] {dagbag.py:588} INFO - Filling up the DagBag from /home/airflow/.local/lib/python3.12/site-packages/airflow/example_dags/example_branch_labels.py
[2025-03-23T08:29:59.858+0000] {processor.py:925} INFO - DAG(s) 'example_branch_labels' retrieved from /home/airflow/.local/lib/python3.12/site-packages/airflow/example_dags/example_branch_labels.py
[2025-03-23T08:29:59.923+0000] {logging_mixin.py:190} INFO - [2025-03-23T08:29:59.923+0000] {dag.py:3239} INFO - Sync 1 DAGs
[2025-03-23T08:30:00.051+0000] {logging_mixin.py:190} INFO - [2025-03-23T08:30:00.050+0000] {dag.py:4180} INFO - Setting next_dagrun for example_branch_labels to 2025-03-22 00:00:00+00:00, run_after=2025-03-23 00:00:00+00:00
[2025-03-23T08:30:00.204+0000] {processor.py:208} INFO - Processing /home/airflow/.local/lib/python3.12/site-packages/airflow/example_dags/example_branch_labels.py took 0.385 seconds
