[2025-03-23T08:06:50.384+0000] {processor.py:186} INFO - Started process (PID=107) to work on /home/airflow/.local/lib/python3.12/site-packages/airflow/example_dags/example_params_trigger_ui.py
[2025-03-23T08:06:50.385+0000] {processor.py:914} INFO - Processing file /home/airflow/.local/lib/python3.12/site-packages/airflow/example_dags/example_params_trigger_ui.py for tasks to queue
[2025-03-23T08:06:50.388+0000] {logging_mixin.py:190} INFO - [2025-03-23T08:06:50.388+0000] {dagbag.py:588} INFO - Filling up the DagBag from /home/airflow/.local/lib/python3.12/site-packages/airflow/example_dags/example_params_trigger_ui.py
[2025-03-23T08:06:50.494+0000] {processor.py:925} INFO - DAG(s) 'example_params_trigger_ui' retrieved from /home/airflow/.local/lib/python3.12/site-packages/airflow/example_dags/example_params_trigger_ui.py
[2025-03-23T08:06:50.999+0000] {logging_mixin.py:190} INFO - [2025-03-23T08:06:50.998+0000] {override.py:1911} INFO - Created Permission View: can edit on DAG:example_params_trigger_ui
[2025-03-23T08:06:51.214+0000] {logging_mixin.py:190} INFO - [2025-03-23T08:06:51.214+0000] {override.py:1911} INFO - Created Permission View: can delete on DAG:example_params_trigger_ui
[2025-03-23T08:06:51.478+0000] {logging_mixin.py:190} INFO - [2025-03-23T08:06:51.477+0000] {override.py:1911} INFO - Created Permission View: can read on DAG:example_params_trigger_ui
[2025-03-23T08:06:51.728+0000] {logging_mixin.py:190} INFO - [2025-03-23T08:06:51.727+0000] {override.py:1911} INFO - Created Permission View: menu access on DAG Run:example_params_trigger_ui
[2025-03-23T08:06:52.076+0000] {logging_mixin.py:190} INFO - [2025-03-23T08:06:52.075+0000] {override.py:1911} INFO - Created Permission View: can create on DAG Run:example_params_trigger_ui
[2025-03-23T08:06:52.156+0000] {logging_mixin.py:190} INFO - [2025-03-23T08:06:52.155+0000] {override.py:1911} INFO - Created Permission View: can read on DAG Run:example_params_trigger_ui
[2025-03-23T08:06:52.476+0000] {logging_mixin.py:190} INFO - [2025-03-23T08:06:52.476+0000] {override.py:1911} INFO - Created Permission View: can delete on DAG Run:example_params_trigger_ui
[2025-03-23T08:06:52.478+0000] {logging_mixin.py:190} INFO - [2025-03-23T08:06:52.477+0000] {dag.py:3239} INFO - Sync 1 DAGs
[2025-03-23T08:06:52.556+0000] {logging_mixin.py:190} INFO - [2025-03-23T08:06:52.555+0000] {dag.py:3262} INFO - Creating ORM DAG for example_params_trigger_ui
[2025-03-23T08:06:52.559+0000] {logging_mixin.py:190} INFO - [2025-03-23T08:06:52.559+0000] {dag.py:4180} INFO - Setting next_dagrun for example_params_trigger_ui to None, run_after=None
[2025-03-23T08:06:53.135+0000] {processor.py:208} INFO - Processing /home/airflow/.local/lib/python3.12/site-packages/airflow/example_dags/example_params_trigger_ui.py took 2.763 seconds
[2025-03-23T08:07:41.976+0000] {processor.py:186} INFO - Started process (PID=176) to work on /home/airflow/.local/lib/python3.12/site-packages/airflow/example_dags/example_params_trigger_ui.py
[2025-03-23T08:07:42.090+0000] {processor.py:914} INFO - Processing file /home/airflow/.local/lib/python3.12/site-packages/airflow/example_dags/example_params_trigger_ui.py for tasks to queue
[2025-03-23T08:07:42.097+0000] {logging_mixin.py:190} INFO - [2025-03-23T08:07:42.097+0000] {dagbag.py:588} INFO - Filling up the DagBag from /home/airflow/.local/lib/python3.12/site-packages/airflow/example_dags/example_params_trigger_ui.py
[2025-03-23T08:07:42.114+0000] {processor.py:925} INFO - DAG(s) 'example_params_trigger_ui' retrieved from /home/airflow/.local/lib/python3.12/site-packages/airflow/example_dags/example_params_trigger_ui.py
[2025-03-23T08:07:42.224+0000] {logging_mixin.py:190} INFO - [2025-03-23T08:07:42.224+0000] {dag.py:3239} INFO - Sync 1 DAGs
[2025-03-23T08:07:42.248+0000] {logging_mixin.py:190} INFO - [2025-03-23T08:07:42.247+0000] {dag.py:4180} INFO - Setting next_dagrun for example_params_trigger_ui to None, run_after=None
[2025-03-23T08:07:42.388+0000] {processor.py:208} INFO - Processing /home/airflow/.local/lib/python3.12/site-packages/airflow/example_dags/example_params_trigger_ui.py took 0.419 seconds
[2025-03-23T08:08:12.774+0000] {processor.py:186} INFO - Started process (PID=240) to work on /home/airflow/.local/lib/python3.12/site-packages/airflow/example_dags/example_params_trigger_ui.py
[2025-03-23T08:08:12.776+0000] {processor.py:914} INFO - Processing file /home/airflow/.local/lib/python3.12/site-packages/airflow/example_dags/example_params_trigger_ui.py for tasks to queue
[2025-03-23T08:08:12.781+0000] {logging_mixin.py:190} INFO - [2025-03-23T08:08:12.781+0000] {dagbag.py:588} INFO - Filling up the DagBag from /home/airflow/.local/lib/python3.12/site-packages/airflow/example_dags/example_params_trigger_ui.py
[2025-03-23T08:08:12.804+0000] {processor.py:925} INFO - DAG(s) 'example_params_trigger_ui' retrieved from /home/airflow/.local/lib/python3.12/site-packages/airflow/example_dags/example_params_trigger_ui.py
[2025-03-23T08:08:12.971+0000] {logging_mixin.py:190} INFO - [2025-03-23T08:08:12.970+0000] {dag.py:3239} INFO - Sync 1 DAGs
[2025-03-23T08:08:12.992+0000] {logging_mixin.py:190} INFO - [2025-03-23T08:08:12.992+0000] {dag.py:4180} INFO - Setting next_dagrun for example_params_trigger_ui to None, run_after=None
[2025-03-23T08:08:13.049+0000] {processor.py:208} INFO - Processing /home/airflow/.local/lib/python3.12/site-packages/airflow/example_dags/example_params_trigger_ui.py took 0.288 seconds
[2025-03-23T08:08:43.596+0000] {processor.py:186} INFO - Started process (PID=304) to work on /home/airflow/.local/lib/python3.12/site-packages/airflow/example_dags/example_params_trigger_ui.py
[2025-03-23T08:08:43.597+0000] {processor.py:914} INFO - Processing file /home/airflow/.local/lib/python3.12/site-packages/airflow/example_dags/example_params_trigger_ui.py for tasks to queue
[2025-03-23T08:08:43.600+0000] {logging_mixin.py:190} INFO - [2025-03-23T08:08:43.600+0000] {dagbag.py:588} INFO - Filling up the DagBag from /home/airflow/.local/lib/python3.12/site-packages/airflow/example_dags/example_params_trigger_ui.py
[2025-03-23T08:08:43.621+0000] {processor.py:925} INFO - DAG(s) 'example_params_trigger_ui' retrieved from /home/airflow/.local/lib/python3.12/site-packages/airflow/example_dags/example_params_trigger_ui.py
[2025-03-23T08:08:43.717+0000] {logging_mixin.py:190} INFO - [2025-03-23T08:08:43.716+0000] {dag.py:3239} INFO - Sync 1 DAGs
[2025-03-23T08:08:43.741+0000] {logging_mixin.py:190} INFO - [2025-03-23T08:08:43.740+0000] {dag.py:4180} INFO - Setting next_dagrun for example_params_trigger_ui to None, run_after=None
[2025-03-23T08:08:43.806+0000] {processor.py:208} INFO - Processing /home/airflow/.local/lib/python3.12/site-packages/airflow/example_dags/example_params_trigger_ui.py took 0.221 seconds
[2025-03-23T08:09:14.153+0000] {processor.py:186} INFO - Started process (PID=367) to work on /home/airflow/.local/lib/python3.12/site-packages/airflow/example_dags/example_params_trigger_ui.py
[2025-03-23T08:09:14.155+0000] {processor.py:914} INFO - Processing file /home/airflow/.local/lib/python3.12/site-packages/airflow/example_dags/example_params_trigger_ui.py for tasks to queue
[2025-03-23T08:09:14.159+0000] {logging_mixin.py:190} INFO - [2025-03-23T08:09:14.159+0000] {dagbag.py:588} INFO - Filling up the DagBag from /home/airflow/.local/lib/python3.12/site-packages/airflow/example_dags/example_params_trigger_ui.py
[2025-03-23T08:09:14.179+0000] {processor.py:925} INFO - DAG(s) 'example_params_trigger_ui' retrieved from /home/airflow/.local/lib/python3.12/site-packages/airflow/example_dags/example_params_trigger_ui.py
[2025-03-23T08:09:14.248+0000] {logging_mixin.py:190} INFO - [2025-03-23T08:09:14.247+0000] {dag.py:3239} INFO - Sync 1 DAGs
[2025-03-23T08:09:14.297+0000] {logging_mixin.py:190} INFO - [2025-03-23T08:09:14.289+0000] {dag.py:4180} INFO - Setting next_dagrun for example_params_trigger_ui to None, run_after=None
[2025-03-23T08:09:14.817+0000] {processor.py:208} INFO - Processing /home/airflow/.local/lib/python3.12/site-packages/airflow/example_dags/example_params_trigger_ui.py took 0.728 seconds
[2025-03-23T08:09:45.402+0000] {processor.py:186} INFO - Started process (PID=431) to work on /home/airflow/.local/lib/python3.12/site-packages/airflow/example_dags/example_params_trigger_ui.py
[2025-03-23T08:09:45.422+0000] {processor.py:914} INFO - Processing file /home/airflow/.local/lib/python3.12/site-packages/airflow/example_dags/example_params_trigger_ui.py for tasks to queue
[2025-03-23T08:09:45.458+0000] {logging_mixin.py:190} INFO - [2025-03-23T08:09:45.458+0000] {dagbag.py:588} INFO - Filling up the DagBag from /home/airflow/.local/lib/python3.12/site-packages/airflow/example_dags/example_params_trigger_ui.py
[2025-03-23T08:09:45.498+0000] {processor.py:925} INFO - DAG(s) 'example_params_trigger_ui' retrieved from /home/airflow/.local/lib/python3.12/site-packages/airflow/example_dags/example_params_trigger_ui.py
[2025-03-23T08:09:45.618+0000] {logging_mixin.py:190} INFO - [2025-03-23T08:09:45.618+0000] {dag.py:3239} INFO - Sync 1 DAGs
[2025-03-23T08:09:45.660+0000] {logging_mixin.py:190} INFO - [2025-03-23T08:09:45.660+0000] {dag.py:4180} INFO - Setting next_dagrun for example_params_trigger_ui to None, run_after=None
[2025-03-23T08:09:45.904+0000] {processor.py:208} INFO - Processing /home/airflow/.local/lib/python3.12/site-packages/airflow/example_dags/example_params_trigger_ui.py took 0.520 seconds
[2025-03-23T08:10:16.040+0000] {processor.py:186} INFO - Started process (PID=495) to work on /home/airflow/.local/lib/python3.12/site-packages/airflow/example_dags/example_params_trigger_ui.py
[2025-03-23T08:10:16.042+0000] {processor.py:914} INFO - Processing file /home/airflow/.local/lib/python3.12/site-packages/airflow/example_dags/example_params_trigger_ui.py for tasks to queue
[2025-03-23T08:10:16.048+0000] {logging_mixin.py:190} INFO - [2025-03-23T08:10:16.047+0000] {dagbag.py:588} INFO - Filling up the DagBag from /home/airflow/.local/lib/python3.12/site-packages/airflow/example_dags/example_params_trigger_ui.py
[2025-03-23T08:10:16.066+0000] {processor.py:925} INFO - DAG(s) 'example_params_trigger_ui' retrieved from /home/airflow/.local/lib/python3.12/site-packages/airflow/example_dags/example_params_trigger_ui.py
[2025-03-23T08:10:16.140+0000] {logging_mixin.py:190} INFO - [2025-03-23T08:10:16.140+0000] {dag.py:3239} INFO - Sync 1 DAGs
[2025-03-23T08:10:16.169+0000] {logging_mixin.py:190} INFO - [2025-03-23T08:10:16.169+0000] {dag.py:4180} INFO - Setting next_dagrun for example_params_trigger_ui to None, run_after=None
[2025-03-23T08:10:16.233+0000] {processor.py:208} INFO - Processing /home/airflow/.local/lib/python3.12/site-packages/airflow/example_dags/example_params_trigger_ui.py took 0.208 seconds
[2025-03-23T08:10:46.282+0000] {processor.py:186} INFO - Started process (PID=559) to work on /home/airflow/.local/lib/python3.12/site-packages/airflow/example_dags/example_params_trigger_ui.py
[2025-03-23T08:10:46.283+0000] {processor.py:914} INFO - Processing file /home/airflow/.local/lib/python3.12/site-packages/airflow/example_dags/example_params_trigger_ui.py for tasks to queue
[2025-03-23T08:10:46.286+0000] {logging_mixin.py:190} INFO - [2025-03-23T08:10:46.285+0000] {dagbag.py:588} INFO - Filling up the DagBag from /home/airflow/.local/lib/python3.12/site-packages/airflow/example_dags/example_params_trigger_ui.py
[2025-03-23T08:10:46.302+0000] {processor.py:925} INFO - DAG(s) 'example_params_trigger_ui' retrieved from /home/airflow/.local/lib/python3.12/site-packages/airflow/example_dags/example_params_trigger_ui.py
[2025-03-23T08:10:46.361+0000] {logging_mixin.py:190} INFO - [2025-03-23T08:10:46.361+0000] {dag.py:3239} INFO - Sync 1 DAGs
[2025-03-23T08:10:46.379+0000] {logging_mixin.py:190} INFO - [2025-03-23T08:10:46.379+0000] {dag.py:4180} INFO - Setting next_dagrun for example_params_trigger_ui to None, run_after=None
[2025-03-23T08:10:46.432+0000] {processor.py:208} INFO - Processing /home/airflow/.local/lib/python3.12/site-packages/airflow/example_dags/example_params_trigger_ui.py took 0.157 seconds
[2025-03-23T08:11:17.248+0000] {processor.py:186} INFO - Started process (PID=623) to work on /home/airflow/.local/lib/python3.12/site-packages/airflow/example_dags/example_params_trigger_ui.py
[2025-03-23T08:11:17.249+0000] {processor.py:914} INFO - Processing file /home/airflow/.local/lib/python3.12/site-packages/airflow/example_dags/example_params_trigger_ui.py for tasks to queue
[2025-03-23T08:11:17.254+0000] {logging_mixin.py:190} INFO - [2025-03-23T08:11:17.253+0000] {dagbag.py:588} INFO - Filling up the DagBag from /home/airflow/.local/lib/python3.12/site-packages/airflow/example_dags/example_params_trigger_ui.py
[2025-03-23T08:11:17.271+0000] {processor.py:925} INFO - DAG(s) 'example_params_trigger_ui' retrieved from /home/airflow/.local/lib/python3.12/site-packages/airflow/example_dags/example_params_trigger_ui.py
[2025-03-23T08:11:17.341+0000] {logging_mixin.py:190} INFO - [2025-03-23T08:11:17.340+0000] {dag.py:3239} INFO - Sync 1 DAGs
[2025-03-23T08:11:17.402+0000] {logging_mixin.py:190} INFO - [2025-03-23T08:11:17.402+0000] {dag.py:4180} INFO - Setting next_dagrun for example_params_trigger_ui to None, run_after=None
[2025-03-23T08:11:17.486+0000] {processor.py:208} INFO - Processing /home/airflow/.local/lib/python3.12/site-packages/airflow/example_dags/example_params_trigger_ui.py took 0.249 seconds
[2025-03-23T08:11:48.297+0000] {processor.py:186} INFO - Started process (PID=687) to work on /home/airflow/.local/lib/python3.12/site-packages/airflow/example_dags/example_params_trigger_ui.py
[2025-03-23T08:11:48.299+0000] {processor.py:914} INFO - Processing file /home/airflow/.local/lib/python3.12/site-packages/airflow/example_dags/example_params_trigger_ui.py for tasks to queue
[2025-03-23T08:11:48.302+0000] {logging_mixin.py:190} INFO - [2025-03-23T08:11:48.302+0000] {dagbag.py:588} INFO - Filling up the DagBag from /home/airflow/.local/lib/python3.12/site-packages/airflow/example_dags/example_params_trigger_ui.py
[2025-03-23T08:11:48.319+0000] {processor.py:925} INFO - DAG(s) 'example_params_trigger_ui' retrieved from /home/airflow/.local/lib/python3.12/site-packages/airflow/example_dags/example_params_trigger_ui.py
[2025-03-23T08:11:48.390+0000] {logging_mixin.py:190} INFO - [2025-03-23T08:11:48.389+0000] {dag.py:3239} INFO - Sync 1 DAGs
[2025-03-23T08:11:48.418+0000] {logging_mixin.py:190} INFO - [2025-03-23T08:11:48.417+0000] {dag.py:4180} INFO - Setting next_dagrun for example_params_trigger_ui to None, run_after=None
[2025-03-23T08:11:48.511+0000] {processor.py:208} INFO - Processing /home/airflow/.local/lib/python3.12/site-packages/airflow/example_dags/example_params_trigger_ui.py took 0.221 seconds
[2025-03-23T08:12:18.605+0000] {processor.py:186} INFO - Started process (PID=751) to work on /home/airflow/.local/lib/python3.12/site-packages/airflow/example_dags/example_params_trigger_ui.py
[2025-03-23T08:12:18.606+0000] {processor.py:914} INFO - Processing file /home/airflow/.local/lib/python3.12/site-packages/airflow/example_dags/example_params_trigger_ui.py for tasks to queue
[2025-03-23T08:12:18.609+0000] {logging_mixin.py:190} INFO - [2025-03-23T08:12:18.608+0000] {dagbag.py:588} INFO - Filling up the DagBag from /home/airflow/.local/lib/python3.12/site-packages/airflow/example_dags/example_params_trigger_ui.py
[2025-03-23T08:12:18.625+0000] {processor.py:925} INFO - DAG(s) 'example_params_trigger_ui' retrieved from /home/airflow/.local/lib/python3.12/site-packages/airflow/example_dags/example_params_trigger_ui.py
[2025-03-23T08:12:18.689+0000] {logging_mixin.py:190} INFO - [2025-03-23T08:12:18.689+0000] {dag.py:3239} INFO - Sync 1 DAGs
[2025-03-23T08:12:18.714+0000] {logging_mixin.py:190} INFO - [2025-03-23T08:12:18.713+0000] {dag.py:4180} INFO - Setting next_dagrun for example_params_trigger_ui to None, run_after=None
[2025-03-23T08:12:18.854+0000] {processor.py:208} INFO - Processing /home/airflow/.local/lib/python3.12/site-packages/airflow/example_dags/example_params_trigger_ui.py took 0.257 seconds
[2025-03-23T08:12:49.271+0000] {processor.py:186} INFO - Started process (PID=815) to work on /home/airflow/.local/lib/python3.12/site-packages/airflow/example_dags/example_params_trigger_ui.py
[2025-03-23T08:12:49.272+0000] {processor.py:914} INFO - Processing file /home/airflow/.local/lib/python3.12/site-packages/airflow/example_dags/example_params_trigger_ui.py for tasks to queue
[2025-03-23T08:12:49.276+0000] {logging_mixin.py:190} INFO - [2025-03-23T08:12:49.275+0000] {dagbag.py:588} INFO - Filling up the DagBag from /home/airflow/.local/lib/python3.12/site-packages/airflow/example_dags/example_params_trigger_ui.py
[2025-03-23T08:12:49.289+0000] {processor.py:925} INFO - DAG(s) 'example_params_trigger_ui' retrieved from /home/airflow/.local/lib/python3.12/site-packages/airflow/example_dags/example_params_trigger_ui.py
[2025-03-23T08:12:49.348+0000] {logging_mixin.py:190} INFO - [2025-03-23T08:12:49.348+0000] {dag.py:3239} INFO - Sync 1 DAGs
[2025-03-23T08:12:49.366+0000] {logging_mixin.py:190} INFO - [2025-03-23T08:12:49.365+0000] {dag.py:4180} INFO - Setting next_dagrun for example_params_trigger_ui to None, run_after=None
[2025-03-23T08:12:49.465+0000] {processor.py:208} INFO - Processing /home/airflow/.local/lib/python3.12/site-packages/airflow/example_dags/example_params_trigger_ui.py took 0.202 seconds
[2025-03-23T08:13:20.011+0000] {processor.py:186} INFO - Started process (PID=879) to work on /home/airflow/.local/lib/python3.12/site-packages/airflow/example_dags/example_params_trigger_ui.py
[2025-03-23T08:13:20.014+0000] {processor.py:914} INFO - Processing file /home/airflow/.local/lib/python3.12/site-packages/airflow/example_dags/example_params_trigger_ui.py for tasks to queue
[2025-03-23T08:13:20.018+0000] {logging_mixin.py:190} INFO - [2025-03-23T08:13:20.017+0000] {dagbag.py:588} INFO - Filling up the DagBag from /home/airflow/.local/lib/python3.12/site-packages/airflow/example_dags/example_params_trigger_ui.py
[2025-03-23T08:13:20.036+0000] {processor.py:925} INFO - DAG(s) 'example_params_trigger_ui' retrieved from /home/airflow/.local/lib/python3.12/site-packages/airflow/example_dags/example_params_trigger_ui.py
[2025-03-23T08:13:20.101+0000] {logging_mixin.py:190} INFO - [2025-03-23T08:13:20.101+0000] {dag.py:3239} INFO - Sync 1 DAGs
[2025-03-23T08:13:20.122+0000] {logging_mixin.py:190} INFO - [2025-03-23T08:13:20.122+0000] {dag.py:4180} INFO - Setting next_dagrun for example_params_trigger_ui to None, run_after=None
[2025-03-23T08:13:20.224+0000] {processor.py:208} INFO - Processing /home/airflow/.local/lib/python3.12/site-packages/airflow/example_dags/example_params_trigger_ui.py took 0.225 seconds
[2025-03-23T08:13:50.837+0000] {processor.py:186} INFO - Started process (PID=943) to work on /home/airflow/.local/lib/python3.12/site-packages/airflow/example_dags/example_params_trigger_ui.py
[2025-03-23T08:13:50.839+0000] {processor.py:914} INFO - Processing file /home/airflow/.local/lib/python3.12/site-packages/airflow/example_dags/example_params_trigger_ui.py for tasks to queue
[2025-03-23T08:13:50.842+0000] {logging_mixin.py:190} INFO - [2025-03-23T08:13:50.841+0000] {dagbag.py:588} INFO - Filling up the DagBag from /home/airflow/.local/lib/python3.12/site-packages/airflow/example_dags/example_params_trigger_ui.py
[2025-03-23T08:13:50.856+0000] {processor.py:925} INFO - DAG(s) 'example_params_trigger_ui' retrieved from /home/airflow/.local/lib/python3.12/site-packages/airflow/example_dags/example_params_trigger_ui.py
[2025-03-23T08:13:50.926+0000] {logging_mixin.py:190} INFO - [2025-03-23T08:13:50.925+0000] {dag.py:3239} INFO - Sync 1 DAGs
[2025-03-23T08:13:50.945+0000] {logging_mixin.py:190} INFO - [2025-03-23T08:13:50.945+0000] {dag.py:4180} INFO - Setting next_dagrun for example_params_trigger_ui to None, run_after=None
[2025-03-23T08:13:51.034+0000] {processor.py:208} INFO - Processing /home/airflow/.local/lib/python3.12/site-packages/airflow/example_dags/example_params_trigger_ui.py took 0.205 seconds
[2025-03-23T08:14:21.997+0000] {processor.py:186} INFO - Started process (PID=1007) to work on /home/airflow/.local/lib/python3.12/site-packages/airflow/example_dags/example_params_trigger_ui.py
[2025-03-23T08:14:21.998+0000] {processor.py:914} INFO - Processing file /home/airflow/.local/lib/python3.12/site-packages/airflow/example_dags/example_params_trigger_ui.py for tasks to queue
[2025-03-23T08:14:22.002+0000] {logging_mixin.py:190} INFO - [2025-03-23T08:14:22.001+0000] {dagbag.py:588} INFO - Filling up the DagBag from /home/airflow/.local/lib/python3.12/site-packages/airflow/example_dags/example_params_trigger_ui.py
[2025-03-23T08:14:22.018+0000] {processor.py:925} INFO - DAG(s) 'example_params_trigger_ui' retrieved from /home/airflow/.local/lib/python3.12/site-packages/airflow/example_dags/example_params_trigger_ui.py
[2025-03-23T08:14:22.074+0000] {logging_mixin.py:190} INFO - [2025-03-23T08:14:22.074+0000] {dag.py:3239} INFO - Sync 1 DAGs
[2025-03-23T08:14:22.090+0000] {logging_mixin.py:190} INFO - [2025-03-23T08:14:22.090+0000] {dag.py:4180} INFO - Setting next_dagrun for example_params_trigger_ui to None, run_after=None
[2025-03-23T08:14:22.145+0000] {processor.py:208} INFO - Processing /home/airflow/.local/lib/python3.12/site-packages/airflow/example_dags/example_params_trigger_ui.py took 0.157 seconds
[2025-03-23T08:14:52.748+0000] {processor.py:186} INFO - Started process (PID=1095) to work on /home/airflow/.local/lib/python3.12/site-packages/airflow/example_dags/example_params_trigger_ui.py
[2025-03-23T08:14:52.750+0000] {processor.py:914} INFO - Processing file /home/airflow/.local/lib/python3.12/site-packages/airflow/example_dags/example_params_trigger_ui.py for tasks to queue
[2025-03-23T08:14:52.754+0000] {logging_mixin.py:190} INFO - [2025-03-23T08:14:52.754+0000] {dagbag.py:588} INFO - Filling up the DagBag from /home/airflow/.local/lib/python3.12/site-packages/airflow/example_dags/example_params_trigger_ui.py
[2025-03-23T08:14:52.776+0000] {processor.py:925} INFO - DAG(s) 'example_params_trigger_ui' retrieved from /home/airflow/.local/lib/python3.12/site-packages/airflow/example_dags/example_params_trigger_ui.py
[2025-03-23T08:14:52.850+0000] {logging_mixin.py:190} INFO - [2025-03-23T08:14:52.850+0000] {dag.py:3239} INFO - Sync 1 DAGs
[2025-03-23T08:14:52.871+0000] {logging_mixin.py:190} INFO - [2025-03-23T08:14:52.871+0000] {dag.py:4180} INFO - Setting next_dagrun for example_params_trigger_ui to None, run_after=None
[2025-03-23T08:14:52.927+0000] {processor.py:208} INFO - Processing /home/airflow/.local/lib/python3.12/site-packages/airflow/example_dags/example_params_trigger_ui.py took 0.194 seconds
[2025-03-23T08:15:23.521+0000] {processor.py:186} INFO - Started process (PID=1159) to work on /home/airflow/.local/lib/python3.12/site-packages/airflow/example_dags/example_params_trigger_ui.py
[2025-03-23T08:15:23.522+0000] {processor.py:914} INFO - Processing file /home/airflow/.local/lib/python3.12/site-packages/airflow/example_dags/example_params_trigger_ui.py for tasks to queue
[2025-03-23T08:15:23.526+0000] {logging_mixin.py:190} INFO - [2025-03-23T08:15:23.525+0000] {dagbag.py:588} INFO - Filling up the DagBag from /home/airflow/.local/lib/python3.12/site-packages/airflow/example_dags/example_params_trigger_ui.py
[2025-03-23T08:15:23.541+0000] {processor.py:925} INFO - DAG(s) 'example_params_trigger_ui' retrieved from /home/airflow/.local/lib/python3.12/site-packages/airflow/example_dags/example_params_trigger_ui.py
[2025-03-23T08:15:23.606+0000] {logging_mixin.py:190} INFO - [2025-03-23T08:15:23.605+0000] {dag.py:3239} INFO - Sync 1 DAGs
[2025-03-23T08:15:23.623+0000] {logging_mixin.py:190} INFO - [2025-03-23T08:15:23.623+0000] {dag.py:4180} INFO - Setting next_dagrun for example_params_trigger_ui to None, run_after=None
[2025-03-23T08:15:23.684+0000] {processor.py:208} INFO - Processing /home/airflow/.local/lib/python3.12/site-packages/airflow/example_dags/example_params_trigger_ui.py took 0.175 seconds
[2025-03-23T08:15:54.264+0000] {processor.py:186} INFO - Started process (PID=1223) to work on /home/airflow/.local/lib/python3.12/site-packages/airflow/example_dags/example_params_trigger_ui.py
[2025-03-23T08:15:54.266+0000] {processor.py:914} INFO - Processing file /home/airflow/.local/lib/python3.12/site-packages/airflow/example_dags/example_params_trigger_ui.py for tasks to queue
[2025-03-23T08:15:54.268+0000] {logging_mixin.py:190} INFO - [2025-03-23T08:15:54.268+0000] {dagbag.py:588} INFO - Filling up the DagBag from /home/airflow/.local/lib/python3.12/site-packages/airflow/example_dags/example_params_trigger_ui.py
[2025-03-23T08:15:54.286+0000] {processor.py:925} INFO - DAG(s) 'example_params_trigger_ui' retrieved from /home/airflow/.local/lib/python3.12/site-packages/airflow/example_dags/example_params_trigger_ui.py
[2025-03-23T08:15:54.342+0000] {logging_mixin.py:190} INFO - [2025-03-23T08:15:54.342+0000] {dag.py:3239} INFO - Sync 1 DAGs
[2025-03-23T08:15:54.378+0000] {logging_mixin.py:190} INFO - [2025-03-23T08:15:54.377+0000] {dag.py:4180} INFO - Setting next_dagrun for example_params_trigger_ui to None, run_after=None
[2025-03-23T08:15:54.457+0000] {processor.py:208} INFO - Processing /home/airflow/.local/lib/python3.12/site-packages/airflow/example_dags/example_params_trigger_ui.py took 0.204 seconds
[2025-03-23T08:16:24.878+0000] {processor.py:186} INFO - Started process (PID=1292) to work on /home/airflow/.local/lib/python3.12/site-packages/airflow/example_dags/example_params_trigger_ui.py
[2025-03-23T08:16:24.879+0000] {processor.py:914} INFO - Processing file /home/airflow/.local/lib/python3.12/site-packages/airflow/example_dags/example_params_trigger_ui.py for tasks to queue
[2025-03-23T08:16:24.882+0000] {logging_mixin.py:190} INFO - [2025-03-23T08:16:24.881+0000] {dagbag.py:588} INFO - Filling up the DagBag from /home/airflow/.local/lib/python3.12/site-packages/airflow/example_dags/example_params_trigger_ui.py
[2025-03-23T08:16:24.898+0000] {processor.py:925} INFO - DAG(s) 'example_params_trigger_ui' retrieved from /home/airflow/.local/lib/python3.12/site-packages/airflow/example_dags/example_params_trigger_ui.py
[2025-03-23T08:16:24.961+0000] {logging_mixin.py:190} INFO - [2025-03-23T08:16:24.960+0000] {dag.py:3239} INFO - Sync 1 DAGs
[2025-03-23T08:16:24.979+0000] {logging_mixin.py:190} INFO - [2025-03-23T08:16:24.979+0000] {dag.py:4180} INFO - Setting next_dagrun for example_params_trigger_ui to None, run_after=None
[2025-03-23T08:16:25.027+0000] {processor.py:208} INFO - Processing /home/airflow/.local/lib/python3.12/site-packages/airflow/example_dags/example_params_trigger_ui.py took 0.163 seconds
[2025-03-23T08:16:55.624+0000] {processor.py:186} INFO - Started process (PID=1356) to work on /home/airflow/.local/lib/python3.12/site-packages/airflow/example_dags/example_params_trigger_ui.py
[2025-03-23T08:16:55.626+0000] {processor.py:914} INFO - Processing file /home/airflow/.local/lib/python3.12/site-packages/airflow/example_dags/example_params_trigger_ui.py for tasks to queue
[2025-03-23T08:16:55.629+0000] {logging_mixin.py:190} INFO - [2025-03-23T08:16:55.629+0000] {dagbag.py:588} INFO - Filling up the DagBag from /home/airflow/.local/lib/python3.12/site-packages/airflow/example_dags/example_params_trigger_ui.py
[2025-03-23T08:16:55.643+0000] {processor.py:925} INFO - DAG(s) 'example_params_trigger_ui' retrieved from /home/airflow/.local/lib/python3.12/site-packages/airflow/example_dags/example_params_trigger_ui.py
[2025-03-23T08:16:55.709+0000] {logging_mixin.py:190} INFO - [2025-03-23T08:16:55.709+0000] {dag.py:3239} INFO - Sync 1 DAGs
[2025-03-23T08:16:55.731+0000] {logging_mixin.py:190} INFO - [2025-03-23T08:16:55.731+0000] {dag.py:4180} INFO - Setting next_dagrun for example_params_trigger_ui to None, run_after=None
[2025-03-23T08:16:55.783+0000] {processor.py:208} INFO - Processing /home/airflow/.local/lib/python3.12/site-packages/airflow/example_dags/example_params_trigger_ui.py took 0.174 seconds
[2025-03-23T08:17:26.716+0000] {processor.py:186} INFO - Started process (PID=1420) to work on /home/airflow/.local/lib/python3.12/site-packages/airflow/example_dags/example_params_trigger_ui.py
[2025-03-23T08:17:26.718+0000] {processor.py:914} INFO - Processing file /home/airflow/.local/lib/python3.12/site-packages/airflow/example_dags/example_params_trigger_ui.py for tasks to queue
[2025-03-23T08:17:26.721+0000] {logging_mixin.py:190} INFO - [2025-03-23T08:17:26.720+0000] {dagbag.py:588} INFO - Filling up the DagBag from /home/airflow/.local/lib/python3.12/site-packages/airflow/example_dags/example_params_trigger_ui.py
[2025-03-23T08:17:26.735+0000] {processor.py:925} INFO - DAG(s) 'example_params_trigger_ui' retrieved from /home/airflow/.local/lib/python3.12/site-packages/airflow/example_dags/example_params_trigger_ui.py
[2025-03-23T08:17:26.793+0000] {logging_mixin.py:190} INFO - [2025-03-23T08:17:26.792+0000] {dag.py:3239} INFO - Sync 1 DAGs
[2025-03-23T08:17:26.812+0000] {logging_mixin.py:190} INFO - [2025-03-23T08:17:26.812+0000] {dag.py:4180} INFO - Setting next_dagrun for example_params_trigger_ui to None, run_after=None
[2025-03-23T08:17:26.863+0000] {processor.py:208} INFO - Processing /home/airflow/.local/lib/python3.12/site-packages/airflow/example_dags/example_params_trigger_ui.py took 0.159 seconds
[2025-03-23T08:17:57.218+0000] {processor.py:186} INFO - Started process (PID=1484) to work on /home/airflow/.local/lib/python3.12/site-packages/airflow/example_dags/example_params_trigger_ui.py
[2025-03-23T08:17:57.220+0000] {processor.py:914} INFO - Processing file /home/airflow/.local/lib/python3.12/site-packages/airflow/example_dags/example_params_trigger_ui.py for tasks to queue
[2025-03-23T08:17:57.223+0000] {logging_mixin.py:190} INFO - [2025-03-23T08:17:57.223+0000] {dagbag.py:588} INFO - Filling up the DagBag from /home/airflow/.local/lib/python3.12/site-packages/airflow/example_dags/example_params_trigger_ui.py
[2025-03-23T08:17:57.239+0000] {processor.py:925} INFO - DAG(s) 'example_params_trigger_ui' retrieved from /home/airflow/.local/lib/python3.12/site-packages/airflow/example_dags/example_params_trigger_ui.py
[2025-03-23T08:17:57.302+0000] {logging_mixin.py:190} INFO - [2025-03-23T08:17:57.301+0000] {dag.py:3239} INFO - Sync 1 DAGs
[2025-03-23T08:17:57.329+0000] {logging_mixin.py:190} INFO - [2025-03-23T08:17:57.329+0000] {dag.py:4180} INFO - Setting next_dagrun for example_params_trigger_ui to None, run_after=None
[2025-03-23T08:17:57.388+0000] {processor.py:208} INFO - Processing /home/airflow/.local/lib/python3.12/site-packages/airflow/example_dags/example_params_trigger_ui.py took 0.184 seconds
[2025-03-23T08:18:28.194+0000] {processor.py:186} INFO - Started process (PID=1548) to work on /home/airflow/.local/lib/python3.12/site-packages/airflow/example_dags/example_params_trigger_ui.py
[2025-03-23T08:18:28.195+0000] {processor.py:914} INFO - Processing file /home/airflow/.local/lib/python3.12/site-packages/airflow/example_dags/example_params_trigger_ui.py for tasks to queue
[2025-03-23T08:18:28.201+0000] {logging_mixin.py:190} INFO - [2025-03-23T08:18:28.200+0000] {dagbag.py:588} INFO - Filling up the DagBag from /home/airflow/.local/lib/python3.12/site-packages/airflow/example_dags/example_params_trigger_ui.py
[2025-03-23T08:18:28.225+0000] {processor.py:925} INFO - DAG(s) 'example_params_trigger_ui' retrieved from /home/airflow/.local/lib/python3.12/site-packages/airflow/example_dags/example_params_trigger_ui.py
[2025-03-23T08:18:28.311+0000] {logging_mixin.py:190} INFO - [2025-03-23T08:18:28.311+0000] {dag.py:3239} INFO - Sync 1 DAGs
[2025-03-23T08:18:28.335+0000] {logging_mixin.py:190} INFO - [2025-03-23T08:18:28.334+0000] {dag.py:4180} INFO - Setting next_dagrun for example_params_trigger_ui to None, run_after=None
[2025-03-23T08:18:28.399+0000] {processor.py:208} INFO - Processing /home/airflow/.local/lib/python3.12/site-packages/airflow/example_dags/example_params_trigger_ui.py took 0.231 seconds
[2025-03-23T08:18:58.687+0000] {processor.py:186} INFO - Started process (PID=1612) to work on /home/airflow/.local/lib/python3.12/site-packages/airflow/example_dags/example_params_trigger_ui.py
[2025-03-23T08:18:58.689+0000] {processor.py:914} INFO - Processing file /home/airflow/.local/lib/python3.12/site-packages/airflow/example_dags/example_params_trigger_ui.py for tasks to queue
[2025-03-23T08:18:58.692+0000] {logging_mixin.py:190} INFO - [2025-03-23T08:18:58.691+0000] {dagbag.py:588} INFO - Filling up the DagBag from /home/airflow/.local/lib/python3.12/site-packages/airflow/example_dags/example_params_trigger_ui.py
[2025-03-23T08:18:58.707+0000] {processor.py:925} INFO - DAG(s) 'example_params_trigger_ui' retrieved from /home/airflow/.local/lib/python3.12/site-packages/airflow/example_dags/example_params_trigger_ui.py
[2025-03-23T08:18:58.770+0000] {logging_mixin.py:190} INFO - [2025-03-23T08:18:58.770+0000] {dag.py:3239} INFO - Sync 1 DAGs
[2025-03-23T08:18:58.788+0000] {logging_mixin.py:190} INFO - [2025-03-23T08:18:58.788+0000] {dag.py:4180} INFO - Setting next_dagrun for example_params_trigger_ui to None, run_after=None
[2025-03-23T08:18:58.847+0000] {processor.py:208} INFO - Processing /home/airflow/.local/lib/python3.12/site-packages/airflow/example_dags/example_params_trigger_ui.py took 0.172 seconds
[2025-03-23T08:19:29.502+0000] {processor.py:186} INFO - Started process (PID=1676) to work on /home/airflow/.local/lib/python3.12/site-packages/airflow/example_dags/example_params_trigger_ui.py
[2025-03-23T08:19:29.503+0000] {processor.py:914} INFO - Processing file /home/airflow/.local/lib/python3.12/site-packages/airflow/example_dags/example_params_trigger_ui.py for tasks to queue
[2025-03-23T08:19:29.507+0000] {logging_mixin.py:190} INFO - [2025-03-23T08:19:29.506+0000] {dagbag.py:588} INFO - Filling up the DagBag from /home/airflow/.local/lib/python3.12/site-packages/airflow/example_dags/example_params_trigger_ui.py
[2025-03-23T08:19:29.529+0000] {processor.py:925} INFO - DAG(s) 'example_params_trigger_ui' retrieved from /home/airflow/.local/lib/python3.12/site-packages/airflow/example_dags/example_params_trigger_ui.py
[2025-03-23T08:19:29.634+0000] {logging_mixin.py:190} INFO - [2025-03-23T08:19:29.634+0000] {dag.py:3239} INFO - Sync 1 DAGs
[2025-03-23T08:19:29.661+0000] {logging_mixin.py:190} INFO - [2025-03-23T08:19:29.660+0000] {dag.py:4180} INFO - Setting next_dagrun for example_params_trigger_ui to None, run_after=None
[2025-03-23T08:19:29.758+0000] {processor.py:208} INFO - Processing /home/airflow/.local/lib/python3.12/site-packages/airflow/example_dags/example_params_trigger_ui.py took 0.274 seconds
[2025-03-23T08:20:00.307+0000] {processor.py:186} INFO - Started process (PID=1740) to work on /home/airflow/.local/lib/python3.12/site-packages/airflow/example_dags/example_params_trigger_ui.py
[2025-03-23T08:20:00.309+0000] {processor.py:914} INFO - Processing file /home/airflow/.local/lib/python3.12/site-packages/airflow/example_dags/example_params_trigger_ui.py for tasks to queue
[2025-03-23T08:20:00.312+0000] {logging_mixin.py:190} INFO - [2025-03-23T08:20:00.312+0000] {dagbag.py:588} INFO - Filling up the DagBag from /home/airflow/.local/lib/python3.12/site-packages/airflow/example_dags/example_params_trigger_ui.py
[2025-03-23T08:20:00.330+0000] {processor.py:925} INFO - DAG(s) 'example_params_trigger_ui' retrieved from /home/airflow/.local/lib/python3.12/site-packages/airflow/example_dags/example_params_trigger_ui.py
[2025-03-23T08:20:00.426+0000] {logging_mixin.py:190} INFO - [2025-03-23T08:20:00.425+0000] {dag.py:3239} INFO - Sync 1 DAGs
[2025-03-23T08:20:00.456+0000] {logging_mixin.py:190} INFO - [2025-03-23T08:20:00.455+0000] {dag.py:4180} INFO - Setting next_dagrun for example_params_trigger_ui to None, run_after=None
[2025-03-23T08:20:00.558+0000] {processor.py:208} INFO - Processing /home/airflow/.local/lib/python3.12/site-packages/airflow/example_dags/example_params_trigger_ui.py took 0.267 seconds
[2025-03-23T08:20:30.902+0000] {processor.py:186} INFO - Started process (PID=1803) to work on /home/airflow/.local/lib/python3.12/site-packages/airflow/example_dags/example_params_trigger_ui.py
[2025-03-23T08:20:30.904+0000] {processor.py:914} INFO - Processing file /home/airflow/.local/lib/python3.12/site-packages/airflow/example_dags/example_params_trigger_ui.py for tasks to queue
[2025-03-23T08:20:30.907+0000] {logging_mixin.py:190} INFO - [2025-03-23T08:20:30.906+0000] {dagbag.py:588} INFO - Filling up the DagBag from /home/airflow/.local/lib/python3.12/site-packages/airflow/example_dags/example_params_trigger_ui.py
[2025-03-23T08:20:30.922+0000] {processor.py:925} INFO - DAG(s) 'example_params_trigger_ui' retrieved from /home/airflow/.local/lib/python3.12/site-packages/airflow/example_dags/example_params_trigger_ui.py
[2025-03-23T08:20:31.001+0000] {logging_mixin.py:190} INFO - [2025-03-23T08:20:31.001+0000] {dag.py:3239} INFO - Sync 1 DAGs
[2025-03-23T08:20:31.019+0000] {logging_mixin.py:190} INFO - [2025-03-23T08:20:31.019+0000] {dag.py:4180} INFO - Setting next_dagrun for example_params_trigger_ui to None, run_after=None
[2025-03-23T08:20:31.080+0000] {processor.py:208} INFO - Processing /home/airflow/.local/lib/python3.12/site-packages/airflow/example_dags/example_params_trigger_ui.py took 0.189 seconds
[2025-03-23T08:24:59.252+0000] {processor.py:186} INFO - Started process (PID=106) to work on /home/airflow/.local/lib/python3.12/site-packages/airflow/example_dags/example_params_trigger_ui.py
[2025-03-23T08:24:59.428+0000] {processor.py:914} INFO - Processing file /home/airflow/.local/lib/python3.12/site-packages/airflow/example_dags/example_params_trigger_ui.py for tasks to queue
[2025-03-23T08:24:59.431+0000] {logging_mixin.py:190} INFO - [2025-03-23T08:24:59.431+0000] {dagbag.py:588} INFO - Filling up the DagBag from /home/airflow/.local/lib/python3.12/site-packages/airflow/example_dags/example_params_trigger_ui.py
[2025-03-23T08:24:59.450+0000] {processor.py:925} INFO - DAG(s) 'example_params_trigger_ui' retrieved from /home/airflow/.local/lib/python3.12/site-packages/airflow/example_dags/example_params_trigger_ui.py
[2025-03-23T08:24:59.530+0000] {logging_mixin.py:190} INFO - [2025-03-23T08:24:59.529+0000] {dag.py:3239} INFO - Sync 1 DAGs
[2025-03-23T08:24:59.548+0000] {logging_mixin.py:190} INFO - [2025-03-23T08:24:59.548+0000] {dag.py:4180} INFO - Setting next_dagrun for example_params_trigger_ui to None, run_after=None
[2025-03-23T08:24:59.942+0000] {processor.py:208} INFO - Processing /home/airflow/.local/lib/python3.12/site-packages/airflow/example_dags/example_params_trigger_ui.py took 0.697 seconds
[2025-03-23T08:26:36.581+0000] {processor.py:186} INFO - Started process (PID=95) to work on /home/airflow/.local/lib/python3.12/site-packages/airflow/example_dags/example_params_trigger_ui.py
[2025-03-23T08:26:36.584+0000] {processor.py:914} INFO - Processing file /home/airflow/.local/lib/python3.12/site-packages/airflow/example_dags/example_params_trigger_ui.py for tasks to queue
[2025-03-23T08:26:36.590+0000] {logging_mixin.py:190} INFO - [2025-03-23T08:26:36.590+0000] {dagbag.py:588} INFO - Filling up the DagBag from /home/airflow/.local/lib/python3.12/site-packages/airflow/example_dags/example_params_trigger_ui.py
[2025-03-23T08:26:36.612+0000] {processor.py:925} INFO - DAG(s) 'example_params_trigger_ui' retrieved from /home/airflow/.local/lib/python3.12/site-packages/airflow/example_dags/example_params_trigger_ui.py
[2025-03-23T08:26:36.703+0000] {logging_mixin.py:190} INFO - [2025-03-23T08:26:36.703+0000] {dag.py:3239} INFO - Sync 1 DAGs
[2025-03-23T08:26:36.727+0000] {logging_mixin.py:190} INFO - [2025-03-23T08:26:36.727+0000] {dag.py:4180} INFO - Setting next_dagrun for example_params_trigger_ui to None, run_after=None
[2025-03-23T08:26:36.880+0000] {processor.py:208} INFO - Processing /home/airflow/.local/lib/python3.12/site-packages/airflow/example_dags/example_params_trigger_ui.py took 0.313 seconds
[2025-03-23T08:27:07.408+0000] {processor.py:186} INFO - Started process (PID=158) to work on /home/airflow/.local/lib/python3.12/site-packages/airflow/example_dags/example_params_trigger_ui.py
[2025-03-23T08:27:07.410+0000] {processor.py:914} INFO - Processing file /home/airflow/.local/lib/python3.12/site-packages/airflow/example_dags/example_params_trigger_ui.py for tasks to queue
[2025-03-23T08:27:07.416+0000] {logging_mixin.py:190} INFO - [2025-03-23T08:27:07.416+0000] {dagbag.py:588} INFO - Filling up the DagBag from /home/airflow/.local/lib/python3.12/site-packages/airflow/example_dags/example_params_trigger_ui.py
[2025-03-23T08:27:07.450+0000] {processor.py:925} INFO - DAG(s) 'example_params_trigger_ui' retrieved from /home/airflow/.local/lib/python3.12/site-packages/airflow/example_dags/example_params_trigger_ui.py
[2025-03-23T08:27:07.569+0000] {logging_mixin.py:190} INFO - [2025-03-23T08:27:07.569+0000] {dag.py:3239} INFO - Sync 1 DAGs
[2025-03-23T08:27:07.610+0000] {logging_mixin.py:190} INFO - [2025-03-23T08:27:07.609+0000] {dag.py:4180} INFO - Setting next_dagrun for example_params_trigger_ui to None, run_after=None
[2025-03-23T08:27:07.908+0000] {processor.py:208} INFO - Processing /home/airflow/.local/lib/python3.12/site-packages/airflow/example_dags/example_params_trigger_ui.py took 0.516 seconds
[2025-03-23T08:27:38.077+0000] {processor.py:186} INFO - Started process (PID=221) to work on /home/airflow/.local/lib/python3.12/site-packages/airflow/example_dags/example_params_trigger_ui.py
[2025-03-23T08:27:38.079+0000] {processor.py:914} INFO - Processing file /home/airflow/.local/lib/python3.12/site-packages/airflow/example_dags/example_params_trigger_ui.py for tasks to queue
[2025-03-23T08:27:38.083+0000] {logging_mixin.py:190} INFO - [2025-03-23T08:27:38.083+0000] {dagbag.py:588} INFO - Filling up the DagBag from /home/airflow/.local/lib/python3.12/site-packages/airflow/example_dags/example_params_trigger_ui.py
[2025-03-23T08:27:38.113+0000] {processor.py:925} INFO - DAG(s) 'example_params_trigger_ui' retrieved from /home/airflow/.local/lib/python3.12/site-packages/airflow/example_dags/example_params_trigger_ui.py
[2025-03-23T08:27:38.223+0000] {logging_mixin.py:190} INFO - [2025-03-23T08:27:38.223+0000] {dag.py:3239} INFO - Sync 1 DAGs
[2025-03-23T08:27:38.250+0000] {logging_mixin.py:190} INFO - [2025-03-23T08:27:38.249+0000] {dag.py:4180} INFO - Setting next_dagrun for example_params_trigger_ui to None, run_after=None
[2025-03-23T08:27:38.384+0000] {processor.py:208} INFO - Processing /home/airflow/.local/lib/python3.12/site-packages/airflow/example_dags/example_params_trigger_ui.py took 0.322 seconds
[2025-03-23T08:28:09.106+0000] {processor.py:186} INFO - Started process (PID=285) to work on /home/airflow/.local/lib/python3.12/site-packages/airflow/example_dags/example_params_trigger_ui.py
[2025-03-23T08:28:09.108+0000] {processor.py:914} INFO - Processing file /home/airflow/.local/lib/python3.12/site-packages/airflow/example_dags/example_params_trigger_ui.py for tasks to queue
[2025-03-23T08:28:09.112+0000] {logging_mixin.py:190} INFO - [2025-03-23T08:28:09.112+0000] {dagbag.py:588} INFO - Filling up the DagBag from /home/airflow/.local/lib/python3.12/site-packages/airflow/example_dags/example_params_trigger_ui.py
[2025-03-23T08:28:09.131+0000] {processor.py:925} INFO - DAG(s) 'example_params_trigger_ui' retrieved from /home/airflow/.local/lib/python3.12/site-packages/airflow/example_dags/example_params_trigger_ui.py
[2025-03-23T08:28:09.196+0000] {logging_mixin.py:190} INFO - [2025-03-23T08:28:09.196+0000] {dag.py:3239} INFO - Sync 1 DAGs
[2025-03-23T08:28:09.220+0000] {logging_mixin.py:190} INFO - [2025-03-23T08:28:09.220+0000] {dag.py:4180} INFO - Setting next_dagrun for example_params_trigger_ui to None, run_after=None
[2025-03-23T08:28:09.288+0000] {processor.py:208} INFO - Processing /home/airflow/.local/lib/python3.12/site-packages/airflow/example_dags/example_params_trigger_ui.py took 0.189 seconds
[2025-03-23T08:28:39.654+0000] {processor.py:186} INFO - Started process (PID=349) to work on /home/airflow/.local/lib/python3.12/site-packages/airflow/example_dags/example_params_trigger_ui.py
[2025-03-23T08:28:39.657+0000] {processor.py:914} INFO - Processing file /home/airflow/.local/lib/python3.12/site-packages/airflow/example_dags/example_params_trigger_ui.py for tasks to queue
[2025-03-23T08:28:39.663+0000] {logging_mixin.py:190} INFO - [2025-03-23T08:28:39.662+0000] {dagbag.py:588} INFO - Filling up the DagBag from /home/airflow/.local/lib/python3.12/site-packages/airflow/example_dags/example_params_trigger_ui.py
[2025-03-23T08:28:39.705+0000] {processor.py:925} INFO - DAG(s) 'example_params_trigger_ui' retrieved from /home/airflow/.local/lib/python3.12/site-packages/airflow/example_dags/example_params_trigger_ui.py
[2025-03-23T08:28:39.803+0000] {logging_mixin.py:190} INFO - [2025-03-23T08:28:39.803+0000] {dag.py:3239} INFO - Sync 1 DAGs
[2025-03-23T08:28:39.821+0000] {logging_mixin.py:190} INFO - [2025-03-23T08:28:39.820+0000] {dag.py:4180} INFO - Setting next_dagrun for example_params_trigger_ui to None, run_after=None
[2025-03-23T08:28:39.906+0000] {processor.py:208} INFO - Processing /home/airflow/.local/lib/python3.12/site-packages/airflow/example_dags/example_params_trigger_ui.py took 0.279 seconds
[2025-03-23T08:29:10.152+0000] {processor.py:186} INFO - Started process (PID=413) to work on /home/airflow/.local/lib/python3.12/site-packages/airflow/example_dags/example_params_trigger_ui.py
[2025-03-23T08:29:10.154+0000] {processor.py:914} INFO - Processing file /home/airflow/.local/lib/python3.12/site-packages/airflow/example_dags/example_params_trigger_ui.py for tasks to queue
[2025-03-23T08:29:10.159+0000] {logging_mixin.py:190} INFO - [2025-03-23T08:29:10.159+0000] {dagbag.py:588} INFO - Filling up the DagBag from /home/airflow/.local/lib/python3.12/site-packages/airflow/example_dags/example_params_trigger_ui.py
[2025-03-23T08:29:10.177+0000] {processor.py:925} INFO - DAG(s) 'example_params_trigger_ui' retrieved from /home/airflow/.local/lib/python3.12/site-packages/airflow/example_dags/example_params_trigger_ui.py
[2025-03-23T08:29:10.236+0000] {logging_mixin.py:190} INFO - [2025-03-23T08:29:10.236+0000] {dag.py:3239} INFO - Sync 1 DAGs
[2025-03-23T08:29:10.257+0000] {logging_mixin.py:190} INFO - [2025-03-23T08:29:10.256+0000] {dag.py:4180} INFO - Setting next_dagrun for example_params_trigger_ui to None, run_after=None
[2025-03-23T08:29:10.358+0000] {processor.py:208} INFO - Processing /home/airflow/.local/lib/python3.12/site-packages/airflow/example_dags/example_params_trigger_ui.py took 0.220 seconds
[2025-03-23T08:29:40.902+0000] {processor.py:186} INFO - Started process (PID=477) to work on /home/airflow/.local/lib/python3.12/site-packages/airflow/example_dags/example_params_trigger_ui.py
[2025-03-23T08:29:40.903+0000] {processor.py:914} INFO - Processing file /home/airflow/.local/lib/python3.12/site-packages/airflow/example_dags/example_params_trigger_ui.py for tasks to queue
[2025-03-23T08:29:40.909+0000] {logging_mixin.py:190} INFO - [2025-03-23T08:29:40.908+0000] {dagbag.py:588} INFO - Filling up the DagBag from /home/airflow/.local/lib/python3.12/site-packages/airflow/example_dags/example_params_trigger_ui.py
[2025-03-23T08:29:40.937+0000] {processor.py:925} INFO - DAG(s) 'example_params_trigger_ui' retrieved from /home/airflow/.local/lib/python3.12/site-packages/airflow/example_dags/example_params_trigger_ui.py
[2025-03-23T08:29:41.044+0000] {logging_mixin.py:190} INFO - [2025-03-23T08:29:41.043+0000] {dag.py:3239} INFO - Sync 1 DAGs
[2025-03-23T08:29:41.075+0000] {logging_mixin.py:190} INFO - [2025-03-23T08:29:41.075+0000] {dag.py:4180} INFO - Setting next_dagrun for example_params_trigger_ui to None, run_after=None
[2025-03-23T08:29:41.148+0000] {processor.py:208} INFO - Processing /home/airflow/.local/lib/python3.12/site-packages/airflow/example_dags/example_params_trigger_ui.py took 0.256 seconds
