[2025-03-23T08:07:06.555+0000] {processor.py:186} INFO - Started process (PID=118) to work on /home/airflow/.local/lib/python3.12/site-packages/airflow/example_dags/example_local_kubernetes_executor.py
[2025-03-23T08:07:06.556+0000] {processor.py:914} INFO - Processing file /home/airflow/.local/lib/python3.12/site-packages/airflow/example_dags/example_local_kubernetes_executor.py for tasks to queue
[2025-03-23T08:07:06.561+0000] {logging_mixin.py:190} INFO - [2025-03-23T08:07:06.561+0000] {dagbag.py:588} INFO - Filling up the DagBag from /home/airflow/.local/lib/python3.12/site-packages/airflow/example_dags/example_local_kubernetes_executor.py
[2025-03-23T08:07:06.718+0000] {processor.py:925} INFO - DAG(s) 'example_local_kubernetes_executor' retrieved from /home/airflow/.local/lib/python3.12/site-packages/airflow/example_dags/example_local_kubernetes_executor.py
[2025-03-23T08:07:07.147+0000] {logging_mixin.py:190} INFO - [2025-03-23T08:07:07.145+0000] {override.py:1911} INFO - Created Permission View: can edit on DAG:example_local_kubernetes_executor
[2025-03-23T08:07:07.244+0000] {logging_mixin.py:190} INFO - [2025-03-23T08:07:07.244+0000] {override.py:1911} INFO - Created Permission View: can delete on DAG:example_local_kubernetes_executor
[2025-03-23T08:07:07.300+0000] {logging_mixin.py:190} INFO - [2025-03-23T08:07:07.299+0000] {override.py:1911} INFO - Created Permission View: can read on DAG:example_local_kubernetes_executor
[2025-03-23T08:07:07.422+0000] {logging_mixin.py:190} INFO - [2025-03-23T08:07:07.422+0000] {override.py:1911} INFO - Created Permission View: menu access on DAG Run:example_local_kubernetes_executor
[2025-03-23T08:07:07.489+0000] {logging_mixin.py:190} INFO - [2025-03-23T08:07:07.488+0000] {override.py:1911} INFO - Created Permission View: can create on DAG Run:example_local_kubernetes_executor
[2025-03-23T08:07:07.533+0000] {logging_mixin.py:190} INFO - [2025-03-23T08:07:07.533+0000] {override.py:1911} INFO - Created Permission View: can read on DAG Run:example_local_kubernetes_executor
[2025-03-23T08:07:07.589+0000] {logging_mixin.py:190} INFO - [2025-03-23T08:07:07.588+0000] {override.py:1911} INFO - Created Permission View: can delete on DAG Run:example_local_kubernetes_executor
[2025-03-23T08:07:07.590+0000] {logging_mixin.py:190} INFO - [2025-03-23T08:07:07.590+0000] {dag.py:3239} INFO - Sync 1 DAGs
[2025-03-23T08:07:07.615+0000] {logging_mixin.py:190} INFO - [2025-03-23T08:07:07.615+0000] {dag.py:3262} INFO - Creating ORM DAG for example_local_kubernetes_executor
[2025-03-23T08:07:07.617+0000] {logging_mixin.py:190} INFO - [2025-03-23T08:07:07.616+0000] {dag.py:4180} INFO - Setting next_dagrun for example_local_kubernetes_executor to None, run_after=None
[2025-03-23T08:07:07.679+0000] {processor.py:208} INFO - Processing /home/airflow/.local/lib/python3.12/site-packages/airflow/example_dags/example_local_kubernetes_executor.py took 1.131 seconds
[2025-03-23T08:07:46.917+0000] {processor.py:186} INFO - Started process (PID=182) to work on /home/airflow/.local/lib/python3.12/site-packages/airflow/example_dags/example_local_kubernetes_executor.py
[2025-03-23T08:07:46.933+0000] {processor.py:914} INFO - Processing file /home/airflow/.local/lib/python3.12/site-packages/airflow/example_dags/example_local_kubernetes_executor.py for tasks to queue
[2025-03-23T08:07:46.936+0000] {logging_mixin.py:190} INFO - [2025-03-23T08:07:46.936+0000] {dagbag.py:588} INFO - Filling up the DagBag from /home/airflow/.local/lib/python3.12/site-packages/airflow/example_dags/example_local_kubernetes_executor.py
[2025-03-23T08:07:46.952+0000] {processor.py:925} INFO - DAG(s) 'example_local_kubernetes_executor' retrieved from /home/airflow/.local/lib/python3.12/site-packages/airflow/example_dags/example_local_kubernetes_executor.py
[2025-03-23T08:07:47.007+0000] {logging_mixin.py:190} INFO - [2025-03-23T08:07:47.007+0000] {dag.py:3239} INFO - Sync 1 DAGs
[2025-03-23T08:07:47.035+0000] {logging_mixin.py:190} INFO - [2025-03-23T08:07:47.035+0000] {dag.py:4180} INFO - Setting next_dagrun for example_local_kubernetes_executor to None, run_after=None
[2025-03-23T08:07:47.189+0000] {processor.py:208} INFO - Processing /home/airflow/.local/lib/python3.12/site-packages/airflow/example_dags/example_local_kubernetes_executor.py took 0.281 seconds
[2025-03-23T08:08:17.890+0000] {processor.py:186} INFO - Started process (PID=246) to work on /home/airflow/.local/lib/python3.12/site-packages/airflow/example_dags/example_local_kubernetes_executor.py
[2025-03-23T08:08:17.893+0000] {processor.py:914} INFO - Processing file /home/airflow/.local/lib/python3.12/site-packages/airflow/example_dags/example_local_kubernetes_executor.py for tasks to queue
[2025-03-23T08:08:17.907+0000] {logging_mixin.py:190} INFO - [2025-03-23T08:08:17.906+0000] {dagbag.py:588} INFO - Filling up the DagBag from /home/airflow/.local/lib/python3.12/site-packages/airflow/example_dags/example_local_kubernetes_executor.py
[2025-03-23T08:08:17.949+0000] {processor.py:925} INFO - DAG(s) 'example_local_kubernetes_executor' retrieved from /home/airflow/.local/lib/python3.12/site-packages/airflow/example_dags/example_local_kubernetes_executor.py
[2025-03-23T08:08:18.017+0000] {logging_mixin.py:190} INFO - [2025-03-23T08:08:18.017+0000] {dag.py:3239} INFO - Sync 1 DAGs
[2025-03-23T08:08:18.065+0000] {logging_mixin.py:190} INFO - [2025-03-23T08:08:18.064+0000] {dag.py:4180} INFO - Setting next_dagrun for example_local_kubernetes_executor to None, run_after=None
[2025-03-23T08:08:18.221+0000] {processor.py:208} INFO - Processing /home/airflow/.local/lib/python3.12/site-packages/airflow/example_dags/example_local_kubernetes_executor.py took 0.448 seconds
[2025-03-23T08:08:48.461+0000] {processor.py:186} INFO - Started process (PID=309) to work on /home/airflow/.local/lib/python3.12/site-packages/airflow/example_dags/example_local_kubernetes_executor.py
[2025-03-23T08:08:48.463+0000] {processor.py:914} INFO - Processing file /home/airflow/.local/lib/python3.12/site-packages/airflow/example_dags/example_local_kubernetes_executor.py for tasks to queue
[2025-03-23T08:08:48.467+0000] {logging_mixin.py:190} INFO - [2025-03-23T08:08:48.466+0000] {dagbag.py:588} INFO - Filling up the DagBag from /home/airflow/.local/lib/python3.12/site-packages/airflow/example_dags/example_local_kubernetes_executor.py
[2025-03-23T08:08:48.483+0000] {processor.py:925} INFO - DAG(s) 'example_local_kubernetes_executor' retrieved from /home/airflow/.local/lib/python3.12/site-packages/airflow/example_dags/example_local_kubernetes_executor.py
[2025-03-23T08:08:48.543+0000] {logging_mixin.py:190} INFO - [2025-03-23T08:08:48.543+0000] {dag.py:3239} INFO - Sync 1 DAGs
[2025-03-23T08:08:48.569+0000] {logging_mixin.py:190} INFO - [2025-03-23T08:08:48.569+0000] {dag.py:4180} INFO - Setting next_dagrun for example_local_kubernetes_executor to None, run_after=None
[2025-03-23T08:08:48.648+0000] {processor.py:208} INFO - Processing /home/airflow/.local/lib/python3.12/site-packages/airflow/example_dags/example_local_kubernetes_executor.py took 0.201 seconds
[2025-03-23T08:09:18.777+0000] {processor.py:186} INFO - Started process (PID=372) to work on /home/airflow/.local/lib/python3.12/site-packages/airflow/example_dags/example_local_kubernetes_executor.py
[2025-03-23T08:09:18.781+0000] {processor.py:914} INFO - Processing file /home/airflow/.local/lib/python3.12/site-packages/airflow/example_dags/example_local_kubernetes_executor.py for tasks to queue
[2025-03-23T08:09:18.785+0000] {logging_mixin.py:190} INFO - [2025-03-23T08:09:18.785+0000] {dagbag.py:588} INFO - Filling up the DagBag from /home/airflow/.local/lib/python3.12/site-packages/airflow/example_dags/example_local_kubernetes_executor.py
[2025-03-23T08:09:18.801+0000] {processor.py:925} INFO - DAG(s) 'example_local_kubernetes_executor' retrieved from /home/airflow/.local/lib/python3.12/site-packages/airflow/example_dags/example_local_kubernetes_executor.py
[2025-03-23T08:09:18.848+0000] {logging_mixin.py:190} INFO - [2025-03-23T08:09:18.848+0000] {dag.py:3239} INFO - Sync 1 DAGs
[2025-03-23T08:09:18.877+0000] {logging_mixin.py:190} INFO - [2025-03-23T08:09:18.876+0000] {dag.py:4180} INFO - Setting next_dagrun for example_local_kubernetes_executor to None, run_after=None
[2025-03-23T08:09:19.032+0000] {processor.py:208} INFO - Processing /home/airflow/.local/lib/python3.12/site-packages/airflow/example_dags/example_local_kubernetes_executor.py took 0.263 seconds
[2025-03-23T08:09:49.295+0000] {processor.py:186} INFO - Started process (PID=436) to work on /home/airflow/.local/lib/python3.12/site-packages/airflow/example_dags/example_local_kubernetes_executor.py
[2025-03-23T08:09:49.296+0000] {processor.py:914} INFO - Processing file /home/airflow/.local/lib/python3.12/site-packages/airflow/example_dags/example_local_kubernetes_executor.py for tasks to queue
[2025-03-23T08:09:49.299+0000] {logging_mixin.py:190} INFO - [2025-03-23T08:09:49.299+0000] {dagbag.py:588} INFO - Filling up the DagBag from /home/airflow/.local/lib/python3.12/site-packages/airflow/example_dags/example_local_kubernetes_executor.py
[2025-03-23T08:09:49.310+0000] {processor.py:925} INFO - DAG(s) 'example_local_kubernetes_executor' retrieved from /home/airflow/.local/lib/python3.12/site-packages/airflow/example_dags/example_local_kubernetes_executor.py
[2025-03-23T08:09:49.385+0000] {logging_mixin.py:190} INFO - [2025-03-23T08:09:49.385+0000] {dag.py:3239} INFO - Sync 1 DAGs
[2025-03-23T08:09:49.410+0000] {logging_mixin.py:190} INFO - [2025-03-23T08:09:49.409+0000] {dag.py:4180} INFO - Setting next_dagrun for example_local_kubernetes_executor to None, run_after=None
[2025-03-23T08:09:49.746+0000] {processor.py:208} INFO - Processing /home/airflow/.local/lib/python3.12/site-packages/airflow/example_dags/example_local_kubernetes_executor.py took 0.458 seconds
[2025-03-23T08:10:19.842+0000] {processor.py:186} INFO - Started process (PID=500) to work on /home/airflow/.local/lib/python3.12/site-packages/airflow/example_dags/example_local_kubernetes_executor.py
[2025-03-23T08:10:19.843+0000] {processor.py:914} INFO - Processing file /home/airflow/.local/lib/python3.12/site-packages/airflow/example_dags/example_local_kubernetes_executor.py for tasks to queue
[2025-03-23T08:10:19.846+0000] {logging_mixin.py:190} INFO - [2025-03-23T08:10:19.845+0000] {dagbag.py:588} INFO - Filling up the DagBag from /home/airflow/.local/lib/python3.12/site-packages/airflow/example_dags/example_local_kubernetes_executor.py
[2025-03-23T08:10:19.868+0000] {processor.py:925} INFO - DAG(s) 'example_local_kubernetes_executor' retrieved from /home/airflow/.local/lib/python3.12/site-packages/airflow/example_dags/example_local_kubernetes_executor.py
[2025-03-23T08:10:19.916+0000] {logging_mixin.py:190} INFO - [2025-03-23T08:10:19.916+0000] {dag.py:3239} INFO - Sync 1 DAGs
[2025-03-23T08:10:19.939+0000] {logging_mixin.py:190} INFO - [2025-03-23T08:10:19.938+0000] {dag.py:4180} INFO - Setting next_dagrun for example_local_kubernetes_executor to None, run_after=None
[2025-03-23T08:10:20.003+0000] {processor.py:208} INFO - Processing /home/airflow/.local/lib/python3.12/site-packages/airflow/example_dags/example_local_kubernetes_executor.py took 0.170 seconds
[2025-03-23T08:10:50.412+0000] {processor.py:186} INFO - Started process (PID=564) to work on /home/airflow/.local/lib/python3.12/site-packages/airflow/example_dags/example_local_kubernetes_executor.py
[2025-03-23T08:10:50.413+0000] {processor.py:914} INFO - Processing file /home/airflow/.local/lib/python3.12/site-packages/airflow/example_dags/example_local_kubernetes_executor.py for tasks to queue
[2025-03-23T08:10:50.417+0000] {logging_mixin.py:190} INFO - [2025-03-23T08:10:50.416+0000] {dagbag.py:588} INFO - Filling up the DagBag from /home/airflow/.local/lib/python3.12/site-packages/airflow/example_dags/example_local_kubernetes_executor.py
[2025-03-23T08:10:50.431+0000] {processor.py:925} INFO - DAG(s) 'example_local_kubernetes_executor' retrieved from /home/airflow/.local/lib/python3.12/site-packages/airflow/example_dags/example_local_kubernetes_executor.py
[2025-03-23T08:10:50.487+0000] {logging_mixin.py:190} INFO - [2025-03-23T08:10:50.487+0000] {dag.py:3239} INFO - Sync 1 DAGs
[2025-03-23T08:10:50.514+0000] {logging_mixin.py:190} INFO - [2025-03-23T08:10:50.514+0000] {dag.py:4180} INFO - Setting next_dagrun for example_local_kubernetes_executor to None, run_after=None
[2025-03-23T08:10:50.680+0000] {processor.py:208} INFO - Processing /home/airflow/.local/lib/python3.12/site-packages/airflow/example_dags/example_local_kubernetes_executor.py took 0.276 seconds
[2025-03-23T08:11:20.849+0000] {processor.py:186} INFO - Started process (PID=628) to work on /home/airflow/.local/lib/python3.12/site-packages/airflow/example_dags/example_local_kubernetes_executor.py
[2025-03-23T08:11:20.897+0000] {processor.py:914} INFO - Processing file /home/airflow/.local/lib/python3.12/site-packages/airflow/example_dags/example_local_kubernetes_executor.py for tasks to queue
[2025-03-23T08:11:20.905+0000] {logging_mixin.py:190} INFO - [2025-03-23T08:11:20.904+0000] {dagbag.py:588} INFO - Filling up the DagBag from /home/airflow/.local/lib/python3.12/site-packages/airflow/example_dags/example_local_kubernetes_executor.py
[2025-03-23T08:11:20.922+0000] {processor.py:925} INFO - DAG(s) 'example_local_kubernetes_executor' retrieved from /home/airflow/.local/lib/python3.12/site-packages/airflow/example_dags/example_local_kubernetes_executor.py
[2025-03-23T08:11:20.986+0000] {logging_mixin.py:190} INFO - [2025-03-23T08:11:20.985+0000] {dag.py:3239} INFO - Sync 1 DAGs
[2025-03-23T08:11:21.006+0000] {logging_mixin.py:190} INFO - [2025-03-23T08:11:21.006+0000] {dag.py:4180} INFO - Setting next_dagrun for example_local_kubernetes_executor to None, run_after=None
[2025-03-23T08:11:21.177+0000] {processor.py:208} INFO - Processing /home/airflow/.local/lib/python3.12/site-packages/airflow/example_dags/example_local_kubernetes_executor.py took 0.342 seconds
[2025-03-23T08:11:51.252+0000] {processor.py:186} INFO - Started process (PID=693) to work on /home/airflow/.local/lib/python3.12/site-packages/airflow/example_dags/example_local_kubernetes_executor.py
[2025-03-23T08:11:51.254+0000] {processor.py:914} INFO - Processing file /home/airflow/.local/lib/python3.12/site-packages/airflow/example_dags/example_local_kubernetes_executor.py for tasks to queue
[2025-03-23T08:11:51.258+0000] {logging_mixin.py:190} INFO - [2025-03-23T08:11:51.257+0000] {dagbag.py:588} INFO - Filling up the DagBag from /home/airflow/.local/lib/python3.12/site-packages/airflow/example_dags/example_local_kubernetes_executor.py
[2025-03-23T08:11:51.276+0000] {processor.py:925} INFO - DAG(s) 'example_local_kubernetes_executor' retrieved from /home/airflow/.local/lib/python3.12/site-packages/airflow/example_dags/example_local_kubernetes_executor.py
[2025-03-23T08:11:51.324+0000] {logging_mixin.py:190} INFO - [2025-03-23T08:11:51.324+0000] {dag.py:3239} INFO - Sync 1 DAGs
[2025-03-23T08:11:51.346+0000] {logging_mixin.py:190} INFO - [2025-03-23T08:11:51.346+0000] {dag.py:4180} INFO - Setting next_dagrun for example_local_kubernetes_executor to None, run_after=None
[2025-03-23T08:11:51.448+0000] {processor.py:208} INFO - Processing /home/airflow/.local/lib/python3.12/site-packages/airflow/example_dags/example_local_kubernetes_executor.py took 0.204 seconds
[2025-03-23T08:12:21.574+0000] {processor.py:186} INFO - Started process (PID=756) to work on /home/airflow/.local/lib/python3.12/site-packages/airflow/example_dags/example_local_kubernetes_executor.py
[2025-03-23T08:12:21.576+0000] {processor.py:914} INFO - Processing file /home/airflow/.local/lib/python3.12/site-packages/airflow/example_dags/example_local_kubernetes_executor.py for tasks to queue
[2025-03-23T08:12:21.580+0000] {logging_mixin.py:190} INFO - [2025-03-23T08:12:21.579+0000] {dagbag.py:588} INFO - Filling up the DagBag from /home/airflow/.local/lib/python3.12/site-packages/airflow/example_dags/example_local_kubernetes_executor.py
[2025-03-23T08:12:21.593+0000] {processor.py:925} INFO - DAG(s) 'example_local_kubernetes_executor' retrieved from /home/airflow/.local/lib/python3.12/site-packages/airflow/example_dags/example_local_kubernetes_executor.py
[2025-03-23T08:12:21.655+0000] {logging_mixin.py:190} INFO - [2025-03-23T08:12:21.655+0000] {dag.py:3239} INFO - Sync 1 DAGs
[2025-03-23T08:12:21.677+0000] {logging_mixin.py:190} INFO - [2025-03-23T08:12:21.676+0000] {dag.py:4180} INFO - Setting next_dagrun for example_local_kubernetes_executor to None, run_after=None
[2025-03-23T08:12:21.809+0000] {processor.py:208} INFO - Processing /home/airflow/.local/lib/python3.12/site-packages/airflow/example_dags/example_local_kubernetes_executor.py took 0.243 seconds
[2025-03-23T08:12:52.009+0000] {processor.py:186} INFO - Started process (PID=820) to work on /home/airflow/.local/lib/python3.12/site-packages/airflow/example_dags/example_local_kubernetes_executor.py
[2025-03-23T08:12:52.024+0000] {processor.py:914} INFO - Processing file /home/airflow/.local/lib/python3.12/site-packages/airflow/example_dags/example_local_kubernetes_executor.py for tasks to queue
[2025-03-23T08:12:52.032+0000] {logging_mixin.py:190} INFO - [2025-03-23T08:12:52.031+0000] {dagbag.py:588} INFO - Filling up the DagBag from /home/airflow/.local/lib/python3.12/site-packages/airflow/example_dags/example_local_kubernetes_executor.py
[2025-03-23T08:12:52.057+0000] {processor.py:925} INFO - DAG(s) 'example_local_kubernetes_executor' retrieved from /home/airflow/.local/lib/python3.12/site-packages/airflow/example_dags/example_local_kubernetes_executor.py
[2025-03-23T08:12:52.099+0000] {logging_mixin.py:190} INFO - [2025-03-23T08:12:52.099+0000] {dag.py:3239} INFO - Sync 1 DAGs
[2025-03-23T08:12:52.116+0000] {logging_mixin.py:190} INFO - [2025-03-23T08:12:52.115+0000] {dag.py:4180} INFO - Setting next_dagrun for example_local_kubernetes_executor to None, run_after=None
[2025-03-23T08:12:52.315+0000] {processor.py:208} INFO - Processing /home/airflow/.local/lib/python3.12/site-packages/airflow/example_dags/example_local_kubernetes_executor.py took 0.326 seconds
[2025-03-23T08:13:22.411+0000] {processor.py:186} INFO - Started process (PID=884) to work on /home/airflow/.local/lib/python3.12/site-packages/airflow/example_dags/example_local_kubernetes_executor.py
[2025-03-23T08:13:22.413+0000] {processor.py:914} INFO - Processing file /home/airflow/.local/lib/python3.12/site-packages/airflow/example_dags/example_local_kubernetes_executor.py for tasks to queue
[2025-03-23T08:13:22.416+0000] {logging_mixin.py:190} INFO - [2025-03-23T08:13:22.415+0000] {dagbag.py:588} INFO - Filling up the DagBag from /home/airflow/.local/lib/python3.12/site-packages/airflow/example_dags/example_local_kubernetes_executor.py
[2025-03-23T08:13:22.428+0000] {processor.py:925} INFO - DAG(s) 'example_local_kubernetes_executor' retrieved from /home/airflow/.local/lib/python3.12/site-packages/airflow/example_dags/example_local_kubernetes_executor.py
[2025-03-23T08:13:22.473+0000] {logging_mixin.py:190} INFO - [2025-03-23T08:13:22.473+0000] {dag.py:3239} INFO - Sync 1 DAGs
[2025-03-23T08:13:22.491+0000] {logging_mixin.py:190} INFO - [2025-03-23T08:13:22.490+0000] {dag.py:4180} INFO - Setting next_dagrun for example_local_kubernetes_executor to None, run_after=None
[2025-03-23T08:13:22.617+0000] {processor.py:208} INFO - Processing /home/airflow/.local/lib/python3.12/site-packages/airflow/example_dags/example_local_kubernetes_executor.py took 0.213 seconds
[2025-03-23T08:13:53.304+0000] {processor.py:186} INFO - Started process (PID=948) to work on /home/airflow/.local/lib/python3.12/site-packages/airflow/example_dags/example_local_kubernetes_executor.py
[2025-03-23T08:13:53.306+0000] {processor.py:914} INFO - Processing file /home/airflow/.local/lib/python3.12/site-packages/airflow/example_dags/example_local_kubernetes_executor.py for tasks to queue
[2025-03-23T08:13:53.310+0000] {logging_mixin.py:190} INFO - [2025-03-23T08:13:53.309+0000] {dagbag.py:588} INFO - Filling up the DagBag from /home/airflow/.local/lib/python3.12/site-packages/airflow/example_dags/example_local_kubernetes_executor.py
[2025-03-23T08:13:53.331+0000] {processor.py:925} INFO - DAG(s) 'example_local_kubernetes_executor' retrieved from /home/airflow/.local/lib/python3.12/site-packages/airflow/example_dags/example_local_kubernetes_executor.py
[2025-03-23T08:13:53.379+0000] {logging_mixin.py:190} INFO - [2025-03-23T08:13:53.379+0000] {dag.py:3239} INFO - Sync 1 DAGs
[2025-03-23T08:13:53.400+0000] {logging_mixin.py:190} INFO - [2025-03-23T08:13:53.400+0000] {dag.py:4180} INFO - Setting next_dagrun for example_local_kubernetes_executor to None, run_after=None
[2025-03-23T08:13:53.495+0000] {processor.py:208} INFO - Processing /home/airflow/.local/lib/python3.12/site-packages/airflow/example_dags/example_local_kubernetes_executor.py took 0.199 seconds
[2025-03-23T08:14:23.768+0000] {processor.py:186} INFO - Started process (PID=1019) to work on /home/airflow/.local/lib/python3.12/site-packages/airflow/example_dags/example_local_kubernetes_executor.py
[2025-03-23T08:14:23.769+0000] {processor.py:914} INFO - Processing file /home/airflow/.local/lib/python3.12/site-packages/airflow/example_dags/example_local_kubernetes_executor.py for tasks to queue
[2025-03-23T08:14:23.773+0000] {logging_mixin.py:190} INFO - [2025-03-23T08:14:23.773+0000] {dagbag.py:588} INFO - Filling up the DagBag from /home/airflow/.local/lib/python3.12/site-packages/airflow/example_dags/example_local_kubernetes_executor.py
[2025-03-23T08:14:23.786+0000] {processor.py:925} INFO - DAG(s) 'example_local_kubernetes_executor' retrieved from /home/airflow/.local/lib/python3.12/site-packages/airflow/example_dags/example_local_kubernetes_executor.py
[2025-03-23T08:14:23.829+0000] {logging_mixin.py:190} INFO - [2025-03-23T08:14:23.829+0000] {dag.py:3239} INFO - Sync 1 DAGs
[2025-03-23T08:14:23.859+0000] {logging_mixin.py:190} INFO - [2025-03-23T08:14:23.859+0000] {dag.py:4180} INFO - Setting next_dagrun for example_local_kubernetes_executor to None, run_after=None
[2025-03-23T08:14:23.980+0000] {processor.py:208} INFO - Processing /home/airflow/.local/lib/python3.12/site-packages/airflow/example_dags/example_local_kubernetes_executor.py took 0.221 seconds
[2025-03-23T08:14:54.533+0000] {processor.py:186} INFO - Started process (PID=1106) to work on /home/airflow/.local/lib/python3.12/site-packages/airflow/example_dags/example_local_kubernetes_executor.py
[2025-03-23T08:14:54.535+0000] {processor.py:914} INFO - Processing file /home/airflow/.local/lib/python3.12/site-packages/airflow/example_dags/example_local_kubernetes_executor.py for tasks to queue
[2025-03-23T08:14:54.539+0000] {logging_mixin.py:190} INFO - [2025-03-23T08:14:54.539+0000] {dagbag.py:588} INFO - Filling up the DagBag from /home/airflow/.local/lib/python3.12/site-packages/airflow/example_dags/example_local_kubernetes_executor.py
[2025-03-23T08:14:54.551+0000] {processor.py:925} INFO - DAG(s) 'example_local_kubernetes_executor' retrieved from /home/airflow/.local/lib/python3.12/site-packages/airflow/example_dags/example_local_kubernetes_executor.py
[2025-03-23T08:14:54.595+0000] {logging_mixin.py:190} INFO - [2025-03-23T08:14:54.595+0000] {dag.py:3239} INFO - Sync 1 DAGs
[2025-03-23T08:14:54.612+0000] {logging_mixin.py:190} INFO - [2025-03-23T08:14:54.612+0000] {dag.py:4180} INFO - Setting next_dagrun for example_local_kubernetes_executor to None, run_after=None
[2025-03-23T08:14:54.726+0000] {processor.py:208} INFO - Processing /home/airflow/.local/lib/python3.12/site-packages/airflow/example_dags/example_local_kubernetes_executor.py took 0.218 seconds
[2025-03-23T08:15:25.218+0000] {processor.py:186} INFO - Started process (PID=1171) to work on /home/airflow/.local/lib/python3.12/site-packages/airflow/example_dags/example_local_kubernetes_executor.py
[2025-03-23T08:15:25.219+0000] {processor.py:914} INFO - Processing file /home/airflow/.local/lib/python3.12/site-packages/airflow/example_dags/example_local_kubernetes_executor.py for tasks to queue
[2025-03-23T08:15:25.223+0000] {logging_mixin.py:190} INFO - [2025-03-23T08:15:25.222+0000] {dagbag.py:588} INFO - Filling up the DagBag from /home/airflow/.local/lib/python3.12/site-packages/airflow/example_dags/example_local_kubernetes_executor.py
[2025-03-23T08:15:25.239+0000] {processor.py:925} INFO - DAG(s) 'example_local_kubernetes_executor' retrieved from /home/airflow/.local/lib/python3.12/site-packages/airflow/example_dags/example_local_kubernetes_executor.py
[2025-03-23T08:15:25.302+0000] {logging_mixin.py:190} INFO - [2025-03-23T08:15:25.301+0000] {dag.py:3239} INFO - Sync 1 DAGs
[2025-03-23T08:15:25.337+0000] {logging_mixin.py:190} INFO - [2025-03-23T08:15:25.330+0000] {dag.py:4180} INFO - Setting next_dagrun for example_local_kubernetes_executor to None, run_after=None
[2025-03-23T08:15:25.429+0000] {processor.py:208} INFO - Processing /home/airflow/.local/lib/python3.12/site-packages/airflow/example_dags/example_local_kubernetes_executor.py took 0.229 seconds
[2025-03-23T08:15:55.990+0000] {processor.py:186} INFO - Started process (PID=1235) to work on /home/airflow/.local/lib/python3.12/site-packages/airflow/example_dags/example_local_kubernetes_executor.py
[2025-03-23T08:15:55.991+0000] {processor.py:914} INFO - Processing file /home/airflow/.local/lib/python3.12/site-packages/airflow/example_dags/example_local_kubernetes_executor.py for tasks to queue
[2025-03-23T08:15:55.995+0000] {logging_mixin.py:190} INFO - [2025-03-23T08:15:55.995+0000] {dagbag.py:588} INFO - Filling up the DagBag from /home/airflow/.local/lib/python3.12/site-packages/airflow/example_dags/example_local_kubernetes_executor.py
[2025-03-23T08:15:56.009+0000] {processor.py:925} INFO - DAG(s) 'example_local_kubernetes_executor' retrieved from /home/airflow/.local/lib/python3.12/site-packages/airflow/example_dags/example_local_kubernetes_executor.py
[2025-03-23T08:15:56.056+0000] {logging_mixin.py:190} INFO - [2025-03-23T08:15:56.055+0000] {dag.py:3239} INFO - Sync 1 DAGs
[2025-03-23T08:15:56.076+0000] {logging_mixin.py:190} INFO - [2025-03-23T08:15:56.076+0000] {dag.py:4180} INFO - Setting next_dagrun for example_local_kubernetes_executor to None, run_after=None
[2025-03-23T08:15:56.162+0000] {processor.py:208} INFO - Processing /home/airflow/.local/lib/python3.12/site-packages/airflow/example_dags/example_local_kubernetes_executor.py took 0.184 seconds
[2025-03-23T08:16:26.423+0000] {processor.py:186} INFO - Started process (PID=1297) to work on /home/airflow/.local/lib/python3.12/site-packages/airflow/example_dags/example_local_kubernetes_executor.py
[2025-03-23T08:16:26.425+0000] {processor.py:914} INFO - Processing file /home/airflow/.local/lib/python3.12/site-packages/airflow/example_dags/example_local_kubernetes_executor.py for tasks to queue
[2025-03-23T08:16:26.429+0000] {logging_mixin.py:190} INFO - [2025-03-23T08:16:26.428+0000] {dagbag.py:588} INFO - Filling up the DagBag from /home/airflow/.local/lib/python3.12/site-packages/airflow/example_dags/example_local_kubernetes_executor.py
[2025-03-23T08:16:26.441+0000] {processor.py:925} INFO - DAG(s) 'example_local_kubernetes_executor' retrieved from /home/airflow/.local/lib/python3.12/site-packages/airflow/example_dags/example_local_kubernetes_executor.py
[2025-03-23T08:16:26.489+0000] {logging_mixin.py:190} INFO - [2025-03-23T08:16:26.489+0000] {dag.py:3239} INFO - Sync 1 DAGs
[2025-03-23T08:16:26.507+0000] {logging_mixin.py:190} INFO - [2025-03-23T08:16:26.507+0000] {dag.py:4180} INFO - Setting next_dagrun for example_local_kubernetes_executor to None, run_after=None
[2025-03-23T08:16:26.595+0000] {processor.py:208} INFO - Processing /home/airflow/.local/lib/python3.12/site-packages/airflow/example_dags/example_local_kubernetes_executor.py took 0.184 seconds
[2025-03-23T08:16:57.202+0000] {processor.py:186} INFO - Started process (PID=1361) to work on /home/airflow/.local/lib/python3.12/site-packages/airflow/example_dags/example_local_kubernetes_executor.py
[2025-03-23T08:16:57.203+0000] {processor.py:914} INFO - Processing file /home/airflow/.local/lib/python3.12/site-packages/airflow/example_dags/example_local_kubernetes_executor.py for tasks to queue
[2025-03-23T08:16:57.206+0000] {logging_mixin.py:190} INFO - [2025-03-23T08:16:57.206+0000] {dagbag.py:588} INFO - Filling up the DagBag from /home/airflow/.local/lib/python3.12/site-packages/airflow/example_dags/example_local_kubernetes_executor.py
[2025-03-23T08:16:57.218+0000] {processor.py:925} INFO - DAG(s) 'example_local_kubernetes_executor' retrieved from /home/airflow/.local/lib/python3.12/site-packages/airflow/example_dags/example_local_kubernetes_executor.py
[2025-03-23T08:16:57.274+0000] {logging_mixin.py:190} INFO - [2025-03-23T08:16:57.274+0000] {dag.py:3239} INFO - Sync 1 DAGs
[2025-03-23T08:16:57.295+0000] {logging_mixin.py:190} INFO - [2025-03-23T08:16:57.295+0000] {dag.py:4180} INFO - Setting next_dagrun for example_local_kubernetes_executor to None, run_after=None
[2025-03-23T08:16:57.384+0000] {processor.py:208} INFO - Processing /home/airflow/.local/lib/python3.12/site-packages/airflow/example_dags/example_local_kubernetes_executor.py took 0.195 seconds
[2025-03-23T08:17:27.626+0000] {processor.py:186} INFO - Started process (PID=1426) to work on /home/airflow/.local/lib/python3.12/site-packages/airflow/example_dags/example_local_kubernetes_executor.py
[2025-03-23T08:17:27.627+0000] {processor.py:914} INFO - Processing file /home/airflow/.local/lib/python3.12/site-packages/airflow/example_dags/example_local_kubernetes_executor.py for tasks to queue
[2025-03-23T08:17:27.631+0000] {logging_mixin.py:190} INFO - [2025-03-23T08:17:27.630+0000] {dagbag.py:588} INFO - Filling up the DagBag from /home/airflow/.local/lib/python3.12/site-packages/airflow/example_dags/example_local_kubernetes_executor.py
[2025-03-23T08:17:27.643+0000] {processor.py:925} INFO - DAG(s) 'example_local_kubernetes_executor' retrieved from /home/airflow/.local/lib/python3.12/site-packages/airflow/example_dags/example_local_kubernetes_executor.py
[2025-03-23T08:17:27.692+0000] {logging_mixin.py:190} INFO - [2025-03-23T08:17:27.692+0000] {dag.py:3239} INFO - Sync 1 DAGs
[2025-03-23T08:17:27.712+0000] {logging_mixin.py:190} INFO - [2025-03-23T08:17:27.712+0000] {dag.py:4180} INFO - Setting next_dagrun for example_local_kubernetes_executor to None, run_after=None
[2025-03-23T08:17:27.764+0000] {processor.py:208} INFO - Processing /home/airflow/.local/lib/python3.12/site-packages/airflow/example_dags/example_local_kubernetes_executor.py took 0.151 seconds
[2025-03-23T08:17:57.950+0000] {processor.py:186} INFO - Started process (PID=1490) to work on /home/airflow/.local/lib/python3.12/site-packages/airflow/example_dags/example_local_kubernetes_executor.py
[2025-03-23T08:17:57.952+0000] {processor.py:914} INFO - Processing file /home/airflow/.local/lib/python3.12/site-packages/airflow/example_dags/example_local_kubernetes_executor.py for tasks to queue
[2025-03-23T08:17:57.955+0000] {logging_mixin.py:190} INFO - [2025-03-23T08:17:57.955+0000] {dagbag.py:588} INFO - Filling up the DagBag from /home/airflow/.local/lib/python3.12/site-packages/airflow/example_dags/example_local_kubernetes_executor.py
[2025-03-23T08:17:57.987+0000] {processor.py:925} INFO - DAG(s) 'example_local_kubernetes_executor' retrieved from /home/airflow/.local/lib/python3.12/site-packages/airflow/example_dags/example_local_kubernetes_executor.py
[2025-03-23T08:17:58.139+0000] {logging_mixin.py:190} INFO - [2025-03-23T08:17:58.139+0000] {dag.py:3239} INFO - Sync 1 DAGs
[2025-03-23T08:17:58.176+0000] {logging_mixin.py:190} INFO - [2025-03-23T08:17:58.175+0000] {dag.py:4180} INFO - Setting next_dagrun for example_local_kubernetes_executor to None, run_after=None
[2025-03-23T08:17:58.265+0000] {processor.py:208} INFO - Processing /home/airflow/.local/lib/python3.12/site-packages/airflow/example_dags/example_local_kubernetes_executor.py took 0.340 seconds
[2025-03-23T08:18:28.749+0000] {processor.py:186} INFO - Started process (PID=1553) to work on /home/airflow/.local/lib/python3.12/site-packages/airflow/example_dags/example_local_kubernetes_executor.py
[2025-03-23T08:18:28.750+0000] {processor.py:914} INFO - Processing file /home/airflow/.local/lib/python3.12/site-packages/airflow/example_dags/example_local_kubernetes_executor.py for tasks to queue
[2025-03-23T08:18:28.753+0000] {logging_mixin.py:190} INFO - [2025-03-23T08:18:28.752+0000] {dagbag.py:588} INFO - Filling up the DagBag from /home/airflow/.local/lib/python3.12/site-packages/airflow/example_dags/example_local_kubernetes_executor.py
[2025-03-23T08:18:28.764+0000] {processor.py:925} INFO - DAG(s) 'example_local_kubernetes_executor' retrieved from /home/airflow/.local/lib/python3.12/site-packages/airflow/example_dags/example_local_kubernetes_executor.py
[2025-03-23T08:18:28.818+0000] {logging_mixin.py:190} INFO - [2025-03-23T08:18:28.818+0000] {dag.py:3239} INFO - Sync 1 DAGs
[2025-03-23T08:18:28.839+0000] {logging_mixin.py:190} INFO - [2025-03-23T08:18:28.838+0000] {dag.py:4180} INFO - Setting next_dagrun for example_local_kubernetes_executor to None, run_after=None
[2025-03-23T08:18:28.890+0000] {processor.py:208} INFO - Processing /home/airflow/.local/lib/python3.12/site-packages/airflow/example_dags/example_local_kubernetes_executor.py took 0.155 seconds
[2025-03-23T08:18:59.225+0000] {processor.py:186} INFO - Started process (PID=1617) to work on /home/airflow/.local/lib/python3.12/site-packages/airflow/example_dags/example_local_kubernetes_executor.py
[2025-03-23T08:18:59.226+0000] {processor.py:914} INFO - Processing file /home/airflow/.local/lib/python3.12/site-packages/airflow/example_dags/example_local_kubernetes_executor.py for tasks to queue
[2025-03-23T08:18:59.229+0000] {logging_mixin.py:190} INFO - [2025-03-23T08:18:59.229+0000] {dagbag.py:588} INFO - Filling up the DagBag from /home/airflow/.local/lib/python3.12/site-packages/airflow/example_dags/example_local_kubernetes_executor.py
[2025-03-23T08:18:59.241+0000] {processor.py:925} INFO - DAG(s) 'example_local_kubernetes_executor' retrieved from /home/airflow/.local/lib/python3.12/site-packages/airflow/example_dags/example_local_kubernetes_executor.py
[2025-03-23T08:18:59.298+0000] {logging_mixin.py:190} INFO - [2025-03-23T08:18:59.298+0000] {dag.py:3239} INFO - Sync 1 DAGs
[2025-03-23T08:18:59.324+0000] {logging_mixin.py:190} INFO - [2025-03-23T08:18:59.323+0000] {dag.py:4180} INFO - Setting next_dagrun for example_local_kubernetes_executor to None, run_after=None
[2025-03-23T08:18:59.389+0000] {processor.py:208} INFO - Processing /home/airflow/.local/lib/python3.12/site-packages/airflow/example_dags/example_local_kubernetes_executor.py took 0.178 seconds
[2025-03-23T08:19:30.019+0000] {processor.py:186} INFO - Started process (PID=1681) to work on /home/airflow/.local/lib/python3.12/site-packages/airflow/example_dags/example_local_kubernetes_executor.py
[2025-03-23T08:19:30.020+0000] {processor.py:914} INFO - Processing file /home/airflow/.local/lib/python3.12/site-packages/airflow/example_dags/example_local_kubernetes_executor.py for tasks to queue
[2025-03-23T08:19:30.023+0000] {logging_mixin.py:190} INFO - [2025-03-23T08:19:30.023+0000] {dagbag.py:588} INFO - Filling up the DagBag from /home/airflow/.local/lib/python3.12/site-packages/airflow/example_dags/example_local_kubernetes_executor.py
[2025-03-23T08:19:30.036+0000] {processor.py:925} INFO - DAG(s) 'example_local_kubernetes_executor' retrieved from /home/airflow/.local/lib/python3.12/site-packages/airflow/example_dags/example_local_kubernetes_executor.py
[2025-03-23T08:19:30.080+0000] {logging_mixin.py:190} INFO - [2025-03-23T08:19:30.080+0000] {dag.py:3239} INFO - Sync 1 DAGs
[2025-03-23T08:19:30.105+0000] {logging_mixin.py:190} INFO - [2025-03-23T08:19:30.105+0000] {dag.py:4180} INFO - Setting next_dagrun for example_local_kubernetes_executor to None, run_after=None
[2025-03-23T08:19:30.178+0000] {processor.py:208} INFO - Processing /home/airflow/.local/lib/python3.12/site-packages/airflow/example_dags/example_local_kubernetes_executor.py took 0.173 seconds
[2025-03-23T08:20:01.272+0000] {processor.py:186} INFO - Started process (PID=1745) to work on /home/airflow/.local/lib/python3.12/site-packages/airflow/example_dags/example_local_kubernetes_executor.py
[2025-03-23T08:20:01.273+0000] {processor.py:914} INFO - Processing file /home/airflow/.local/lib/python3.12/site-packages/airflow/example_dags/example_local_kubernetes_executor.py for tasks to queue
[2025-03-23T08:20:01.276+0000] {logging_mixin.py:190} INFO - [2025-03-23T08:20:01.276+0000] {dagbag.py:588} INFO - Filling up the DagBag from /home/airflow/.local/lib/python3.12/site-packages/airflow/example_dags/example_local_kubernetes_executor.py
[2025-03-23T08:20:01.288+0000] {processor.py:925} INFO - DAG(s) 'example_local_kubernetes_executor' retrieved from /home/airflow/.local/lib/python3.12/site-packages/airflow/example_dags/example_local_kubernetes_executor.py
[2025-03-23T08:20:01.337+0000] {logging_mixin.py:190} INFO - [2025-03-23T08:20:01.337+0000] {dag.py:3239} INFO - Sync 1 DAGs
[2025-03-23T08:20:01.357+0000] {logging_mixin.py:190} INFO - [2025-03-23T08:20:01.357+0000] {dag.py:4180} INFO - Setting next_dagrun for example_local_kubernetes_executor to None, run_after=None
[2025-03-23T08:20:01.415+0000] {processor.py:208} INFO - Processing /home/airflow/.local/lib/python3.12/site-packages/airflow/example_dags/example_local_kubernetes_executor.py took 0.155 seconds
[2025-03-23T08:20:31.839+0000] {processor.py:186} INFO - Started process (PID=1809) to work on /home/airflow/.local/lib/python3.12/site-packages/airflow/example_dags/example_local_kubernetes_executor.py
[2025-03-23T08:20:31.842+0000] {processor.py:914} INFO - Processing file /home/airflow/.local/lib/python3.12/site-packages/airflow/example_dags/example_local_kubernetes_executor.py for tasks to queue
[2025-03-23T08:20:31.846+0000] {logging_mixin.py:190} INFO - [2025-03-23T08:20:31.845+0000] {dagbag.py:588} INFO - Filling up the DagBag from /home/airflow/.local/lib/python3.12/site-packages/airflow/example_dags/example_local_kubernetes_executor.py
[2025-03-23T08:20:31.860+0000] {processor.py:925} INFO - DAG(s) 'example_local_kubernetes_executor' retrieved from /home/airflow/.local/lib/python3.12/site-packages/airflow/example_dags/example_local_kubernetes_executor.py
[2025-03-23T08:20:31.903+0000] {logging_mixin.py:190} INFO - [2025-03-23T08:20:31.903+0000] {dag.py:3239} INFO - Sync 1 DAGs
[2025-03-23T08:20:31.921+0000] {logging_mixin.py:190} INFO - [2025-03-23T08:20:31.921+0000] {dag.py:4180} INFO - Setting next_dagrun for example_local_kubernetes_executor to None, run_after=None
[2025-03-23T08:20:31.980+0000] {processor.py:208} INFO - Processing /home/airflow/.local/lib/python3.12/site-packages/airflow/example_dags/example_local_kubernetes_executor.py took 0.158 seconds
[2025-03-23T08:25:01.841+0000] {processor.py:186} INFO - Started process (PID=111) to work on /home/airflow/.local/lib/python3.12/site-packages/airflow/example_dags/example_local_kubernetes_executor.py
[2025-03-23T08:25:01.846+0000] {processor.py:914} INFO - Processing file /home/airflow/.local/lib/python3.12/site-packages/airflow/example_dags/example_local_kubernetes_executor.py for tasks to queue
[2025-03-23T08:25:01.850+0000] {logging_mixin.py:190} INFO - [2025-03-23T08:25:01.850+0000] {dagbag.py:588} INFO - Filling up the DagBag from /home/airflow/.local/lib/python3.12/site-packages/airflow/example_dags/example_local_kubernetes_executor.py
[2025-03-23T08:25:01.865+0000] {processor.py:925} INFO - DAG(s) 'example_local_kubernetes_executor' retrieved from /home/airflow/.local/lib/python3.12/site-packages/airflow/example_dags/example_local_kubernetes_executor.py
[2025-03-23T08:25:01.913+0000] {logging_mixin.py:190} INFO - [2025-03-23T08:25:01.913+0000] {dag.py:3239} INFO - Sync 1 DAGs
[2025-03-23T08:25:01.929+0000] {logging_mixin.py:190} INFO - [2025-03-23T08:25:01.929+0000] {dag.py:4180} INFO - Setting next_dagrun for example_local_kubernetes_executor to None, run_after=None
[2025-03-23T08:25:03.015+0000] {processor.py:208} INFO - Processing /home/airflow/.local/lib/python3.12/site-packages/airflow/example_dags/example_local_kubernetes_executor.py took 1.181 seconds
[2025-03-23T08:26:38.050+0000] {processor.py:186} INFO - Started process (PID=100) to work on /home/airflow/.local/lib/python3.12/site-packages/airflow/example_dags/example_local_kubernetes_executor.py
[2025-03-23T08:26:38.052+0000] {processor.py:914} INFO - Processing file /home/airflow/.local/lib/python3.12/site-packages/airflow/example_dags/example_local_kubernetes_executor.py for tasks to queue
[2025-03-23T08:26:38.055+0000] {logging_mixin.py:190} INFO - [2025-03-23T08:26:38.055+0000] {dagbag.py:588} INFO - Filling up the DagBag from /home/airflow/.local/lib/python3.12/site-packages/airflow/example_dags/example_local_kubernetes_executor.py
[2025-03-23T08:26:38.071+0000] {processor.py:925} INFO - DAG(s) 'example_local_kubernetes_executor' retrieved from /home/airflow/.local/lib/python3.12/site-packages/airflow/example_dags/example_local_kubernetes_executor.py
[2025-03-23T08:26:38.127+0000] {logging_mixin.py:190} INFO - [2025-03-23T08:26:38.127+0000] {dag.py:3239} INFO - Sync 1 DAGs
[2025-03-23T08:26:38.150+0000] {logging_mixin.py:190} INFO - [2025-03-23T08:26:38.150+0000] {dag.py:4180} INFO - Setting next_dagrun for example_local_kubernetes_executor to None, run_after=None
[2025-03-23T08:26:39.138+0000] {processor.py:208} INFO - Processing /home/airflow/.local/lib/python3.12/site-packages/airflow/example_dags/example_local_kubernetes_executor.py took 1.096 seconds
[2025-03-23T08:27:09.518+0000] {processor.py:186} INFO - Started process (PID=164) to work on /home/airflow/.local/lib/python3.12/site-packages/airflow/example_dags/example_local_kubernetes_executor.py
[2025-03-23T08:27:09.520+0000] {processor.py:914} INFO - Processing file /home/airflow/.local/lib/python3.12/site-packages/airflow/example_dags/example_local_kubernetes_executor.py for tasks to queue
[2025-03-23T08:27:09.524+0000] {logging_mixin.py:190} INFO - [2025-03-23T08:27:09.524+0000] {dagbag.py:588} INFO - Filling up the DagBag from /home/airflow/.local/lib/python3.12/site-packages/airflow/example_dags/example_local_kubernetes_executor.py
[2025-03-23T08:27:09.543+0000] {processor.py:925} INFO - DAG(s) 'example_local_kubernetes_executor' retrieved from /home/airflow/.local/lib/python3.12/site-packages/airflow/example_dags/example_local_kubernetes_executor.py
[2025-03-23T08:27:09.645+0000] {logging_mixin.py:190} INFO - [2025-03-23T08:27:09.645+0000] {dag.py:3239} INFO - Sync 1 DAGs
[2025-03-23T08:27:09.685+0000] {logging_mixin.py:190} INFO - [2025-03-23T08:27:09.684+0000] {dag.py:4180} INFO - Setting next_dagrun for example_local_kubernetes_executor to None, run_after=None
[2025-03-23T08:27:09.912+0000] {processor.py:208} INFO - Processing /home/airflow/.local/lib/python3.12/site-packages/airflow/example_dags/example_local_kubernetes_executor.py took 0.406 seconds
[2025-03-23T08:27:40.967+0000] {processor.py:186} INFO - Started process (PID=228) to work on /home/airflow/.local/lib/python3.12/site-packages/airflow/example_dags/example_local_kubernetes_executor.py
[2025-03-23T08:27:40.973+0000] {processor.py:914} INFO - Processing file /home/airflow/.local/lib/python3.12/site-packages/airflow/example_dags/example_local_kubernetes_executor.py for tasks to queue
[2025-03-23T08:27:40.977+0000] {logging_mixin.py:190} INFO - [2025-03-23T08:27:40.977+0000] {dagbag.py:588} INFO - Filling up the DagBag from /home/airflow/.local/lib/python3.12/site-packages/airflow/example_dags/example_local_kubernetes_executor.py
[2025-03-23T08:27:40.993+0000] {processor.py:925} INFO - DAG(s) 'example_local_kubernetes_executor' retrieved from /home/airflow/.local/lib/python3.12/site-packages/airflow/example_dags/example_local_kubernetes_executor.py
[2025-03-23T08:27:41.041+0000] {logging_mixin.py:190} INFO - [2025-03-23T08:27:41.041+0000] {dag.py:3239} INFO - Sync 1 DAGs
[2025-03-23T08:27:41.064+0000] {logging_mixin.py:190} INFO - [2025-03-23T08:27:41.064+0000] {dag.py:4180} INFO - Setting next_dagrun for example_local_kubernetes_executor to None, run_after=None
[2025-03-23T08:27:41.163+0000] {processor.py:208} INFO - Processing /home/airflow/.local/lib/python3.12/site-packages/airflow/example_dags/example_local_kubernetes_executor.py took 0.207 seconds
[2025-03-23T08:28:11.471+0000] {processor.py:186} INFO - Started process (PID=292) to work on /home/airflow/.local/lib/python3.12/site-packages/airflow/example_dags/example_local_kubernetes_executor.py
[2025-03-23T08:28:11.473+0000] {processor.py:914} INFO - Processing file /home/airflow/.local/lib/python3.12/site-packages/airflow/example_dags/example_local_kubernetes_executor.py for tasks to queue
[2025-03-23T08:28:11.477+0000] {logging_mixin.py:190} INFO - [2025-03-23T08:28:11.476+0000] {dagbag.py:588} INFO - Filling up the DagBag from /home/airflow/.local/lib/python3.12/site-packages/airflow/example_dags/example_local_kubernetes_executor.py
[2025-03-23T08:28:11.491+0000] {processor.py:925} INFO - DAG(s) 'example_local_kubernetes_executor' retrieved from /home/airflow/.local/lib/python3.12/site-packages/airflow/example_dags/example_local_kubernetes_executor.py
[2025-03-23T08:28:11.536+0000] {logging_mixin.py:190} INFO - [2025-03-23T08:28:11.536+0000] {dag.py:3239} INFO - Sync 1 DAGs
[2025-03-23T08:28:11.556+0000] {logging_mixin.py:190} INFO - [2025-03-23T08:28:11.556+0000] {dag.py:4180} INFO - Setting next_dagrun for example_local_kubernetes_executor to None, run_after=None
[2025-03-23T08:28:11.619+0000] {processor.py:208} INFO - Processing /home/airflow/.local/lib/python3.12/site-packages/airflow/example_dags/example_local_kubernetes_executor.py took 0.157 seconds
[2025-03-23T08:28:42.697+0000] {processor.py:186} INFO - Started process (PID=356) to work on /home/airflow/.local/lib/python3.12/site-packages/airflow/example_dags/example_local_kubernetes_executor.py
[2025-03-23T08:28:42.699+0000] {processor.py:914} INFO - Processing file /home/airflow/.local/lib/python3.12/site-packages/airflow/example_dags/example_local_kubernetes_executor.py for tasks to queue
[2025-03-23T08:28:42.703+0000] {logging_mixin.py:190} INFO - [2025-03-23T08:28:42.702+0000] {dagbag.py:588} INFO - Filling up the DagBag from /home/airflow/.local/lib/python3.12/site-packages/airflow/example_dags/example_local_kubernetes_executor.py
[2025-03-23T08:28:42.717+0000] {processor.py:925} INFO - DAG(s) 'example_local_kubernetes_executor' retrieved from /home/airflow/.local/lib/python3.12/site-packages/airflow/example_dags/example_local_kubernetes_executor.py
[2025-03-23T08:28:42.758+0000] {logging_mixin.py:190} INFO - [2025-03-23T08:28:42.758+0000] {dag.py:3239} INFO - Sync 1 DAGs
[2025-03-23T08:28:42.787+0000] {logging_mixin.py:190} INFO - [2025-03-23T08:28:42.783+0000] {dag.py:4180} INFO - Setting next_dagrun for example_local_kubernetes_executor to None, run_after=None
[2025-03-23T08:28:42.853+0000] {processor.py:208} INFO - Processing /home/airflow/.local/lib/python3.12/site-packages/airflow/example_dags/example_local_kubernetes_executor.py took 0.167 seconds
[2025-03-23T08:29:13.034+0000] {processor.py:186} INFO - Started process (PID=419) to work on /home/airflow/.local/lib/python3.12/site-packages/airflow/example_dags/example_local_kubernetes_executor.py
[2025-03-23T08:29:13.040+0000] {processor.py:914} INFO - Processing file /home/airflow/.local/lib/python3.12/site-packages/airflow/example_dags/example_local_kubernetes_executor.py for tasks to queue
[2025-03-23T08:29:13.046+0000] {logging_mixin.py:190} INFO - [2025-03-23T08:29:13.045+0000] {dagbag.py:588} INFO - Filling up the DagBag from /home/airflow/.local/lib/python3.12/site-packages/airflow/example_dags/example_local_kubernetes_executor.py
[2025-03-23T08:29:13.070+0000] {processor.py:925} INFO - DAG(s) 'example_local_kubernetes_executor' retrieved from /home/airflow/.local/lib/python3.12/site-packages/airflow/example_dags/example_local_kubernetes_executor.py
[2025-03-23T08:29:13.130+0000] {logging_mixin.py:190} INFO - [2025-03-23T08:29:13.129+0000] {dag.py:3239} INFO - Sync 1 DAGs
[2025-03-23T08:29:13.156+0000] {logging_mixin.py:190} INFO - [2025-03-23T08:29:13.156+0000] {dag.py:4180} INFO - Setting next_dagrun for example_local_kubernetes_executor to None, run_after=None
[2025-03-23T08:29:13.228+0000] {processor.py:208} INFO - Processing /home/airflow/.local/lib/python3.12/site-packages/airflow/example_dags/example_local_kubernetes_executor.py took 0.213 seconds
[2025-03-23T08:29:43.591+0000] {processor.py:186} INFO - Started process (PID=482) to work on /home/airflow/.local/lib/python3.12/site-packages/airflow/example_dags/example_local_kubernetes_executor.py
[2025-03-23T08:29:43.592+0000] {processor.py:914} INFO - Processing file /home/airflow/.local/lib/python3.12/site-packages/airflow/example_dags/example_local_kubernetes_executor.py for tasks to queue
[2025-03-23T08:29:43.596+0000] {logging_mixin.py:190} INFO - [2025-03-23T08:29:43.596+0000] {dagbag.py:588} INFO - Filling up the DagBag from /home/airflow/.local/lib/python3.12/site-packages/airflow/example_dags/example_local_kubernetes_executor.py
[2025-03-23T08:29:43.610+0000] {processor.py:925} INFO - DAG(s) 'example_local_kubernetes_executor' retrieved from /home/airflow/.local/lib/python3.12/site-packages/airflow/example_dags/example_local_kubernetes_executor.py
[2025-03-23T08:29:43.654+0000] {logging_mixin.py:190} INFO - [2025-03-23T08:29:43.653+0000] {dag.py:3239} INFO - Sync 1 DAGs
[2025-03-23T08:29:43.673+0000] {logging_mixin.py:190} INFO - [2025-03-23T08:29:43.672+0000] {dag.py:4180} INFO - Setting next_dagrun for example_local_kubernetes_executor to None, run_after=None
[2025-03-23T08:29:43.734+0000] {processor.py:208} INFO - Processing /home/airflow/.local/lib/python3.12/site-packages/airflow/example_dags/example_local_kubernetes_executor.py took 0.151 seconds
