[2025-03-23T08:07:28.626+0000] {processor.py:186} INFO - Started process (PID=146) to work on /home/airflow/.local/lib/python3.12/site-packages/airflow/example_dags/example_xcom.py
[2025-03-23T08:07:28.627+0000] {processor.py:914} INFO - Processing file /home/airflow/.local/lib/python3.12/site-packages/airflow/example_dags/example_xcom.py for tasks to queue
[2025-03-23T08:07:28.630+0000] {logging_mixin.py:190} INFO - [2025-03-23T08:07:28.630+0000] {dagbag.py:588} INFO - Filling up the DagBag from /home/airflow/.local/lib/python3.12/site-packages/airflow/example_dags/example_xcom.py
[2025-03-23T08:07:28.643+0000] {processor.py:925} INFO - DAG(s) 'example_xcom' retrieved from /home/airflow/.local/lib/python3.12/site-packages/airflow/example_dags/example_xcom.py
[2025-03-23T08:07:28.890+0000] {logging_mixin.py:190} INFO - [2025-03-23T08:07:28.889+0000] {override.py:1911} INFO - Created Permission View: can edit on DAG:example_xcom
[2025-03-23T08:07:28.967+0000] {logging_mixin.py:190} INFO - [2025-03-23T08:07:28.967+0000] {override.py:1911} INFO - Created Permission View: can delete on DAG:example_xcom
[2025-03-23T08:07:29.034+0000] {logging_mixin.py:190} INFO - [2025-03-23T08:07:29.033+0000] {override.py:1911} INFO - Created Permission View: can read on DAG:example_xcom
[2025-03-23T08:07:29.133+0000] {logging_mixin.py:190} INFO - [2025-03-23T08:07:29.133+0000] {override.py:1911} INFO - Created Permission View: menu access on DAG Run:example_xcom
[2025-03-23T08:07:29.200+0000] {logging_mixin.py:190} INFO - [2025-03-23T08:07:29.199+0000] {override.py:1911} INFO - Created Permission View: can create on DAG Run:example_xcom
[2025-03-23T08:07:29.245+0000] {logging_mixin.py:190} INFO - [2025-03-23T08:07:29.244+0000] {override.py:1911} INFO - Created Permission View: can read on DAG Run:example_xcom
[2025-03-23T08:07:29.322+0000] {logging_mixin.py:190} INFO - [2025-03-23T08:07:29.322+0000] {override.py:1911} INFO - Created Permission View: can delete on DAG Run:example_xcom
[2025-03-23T08:07:29.323+0000] {logging_mixin.py:190} INFO - [2025-03-23T08:07:29.323+0000] {dag.py:3239} INFO - Sync 1 DAGs
[2025-03-23T08:07:29.341+0000] {logging_mixin.py:190} INFO - [2025-03-23T08:07:29.341+0000] {dag.py:3262} INFO - Creating ORM DAG for example_xcom
[2025-03-23T08:07:29.356+0000] {logging_mixin.py:190} INFO - [2025-03-23T08:07:29.356+0000] {dag.py:4180} INFO - Setting next_dagrun for example_xcom to 2021-01-01 00:00:00+00:00, run_after=2021-01-01 00:00:00+00:00
[2025-03-23T08:07:29.409+0000] {processor.py:208} INFO - Processing /home/airflow/.local/lib/python3.12/site-packages/airflow/example_dags/example_xcom.py took 0.791 seconds
[2025-03-23T08:07:59.782+0000] {processor.py:186} INFO - Started process (PID=211) to work on /home/airflow/.local/lib/python3.12/site-packages/airflow/example_dags/example_xcom.py
[2025-03-23T08:07:59.946+0000] {processor.py:914} INFO - Processing file /home/airflow/.local/lib/python3.12/site-packages/airflow/example_dags/example_xcom.py for tasks to queue
[2025-03-23T08:07:59.950+0000] {logging_mixin.py:190} INFO - [2025-03-23T08:07:59.949+0000] {dagbag.py:588} INFO - Filling up the DagBag from /home/airflow/.local/lib/python3.12/site-packages/airflow/example_dags/example_xcom.py
[2025-03-23T08:07:59.967+0000] {processor.py:925} INFO - DAG(s) 'example_xcom' retrieved from /home/airflow/.local/lib/python3.12/site-packages/airflow/example_dags/example_xcom.py
[2025-03-23T08:08:00.002+0000] {logging_mixin.py:190} INFO - [2025-03-23T08:08:00.001+0000] {dag.py:3239} INFO - Sync 1 DAGs
[2025-03-23T08:08:00.053+0000] {logging_mixin.py:190} INFO - [2025-03-23T08:08:00.052+0000] {dag.py:4180} INFO - Setting next_dagrun for example_xcom to 2021-01-01 00:00:00+00:00, run_after=2021-01-01 00:00:00+00:00
[2025-03-23T08:08:00.274+0000] {processor.py:208} INFO - Processing /home/airflow/.local/lib/python3.12/site-packages/airflow/example_dags/example_xcom.py took 0.502 seconds
[2025-03-23T08:08:30.989+0000] {processor.py:186} INFO - Started process (PID=274) to work on /home/airflow/.local/lib/python3.12/site-packages/airflow/example_dags/example_xcom.py
[2025-03-23T08:08:30.991+0000] {processor.py:914} INFO - Processing file /home/airflow/.local/lib/python3.12/site-packages/airflow/example_dags/example_xcom.py for tasks to queue
[2025-03-23T08:08:30.994+0000] {logging_mixin.py:190} INFO - [2025-03-23T08:08:30.994+0000] {dagbag.py:588} INFO - Filling up the DagBag from /home/airflow/.local/lib/python3.12/site-packages/airflow/example_dags/example_xcom.py
[2025-03-23T08:08:31.007+0000] {processor.py:925} INFO - DAG(s) 'example_xcom' retrieved from /home/airflow/.local/lib/python3.12/site-packages/airflow/example_dags/example_xcom.py
[2025-03-23T08:08:31.040+0000] {logging_mixin.py:190} INFO - [2025-03-23T08:08:31.039+0000] {dag.py:3239} INFO - Sync 1 DAGs
[2025-03-23T08:08:31.074+0000] {logging_mixin.py:190} INFO - [2025-03-23T08:08:31.074+0000] {dag.py:4180} INFO - Setting next_dagrun for example_xcom to 2021-01-01 00:00:00+00:00, run_after=2021-01-01 00:00:00+00:00
[2025-03-23T08:08:31.156+0000] {processor.py:208} INFO - Processing /home/airflow/.local/lib/python3.12/site-packages/airflow/example_dags/example_xcom.py took 0.175 seconds
[2025-03-23T08:09:01.394+0000] {processor.py:186} INFO - Started process (PID=337) to work on /home/airflow/.local/lib/python3.12/site-packages/airflow/example_dags/example_xcom.py
[2025-03-23T08:09:01.402+0000] {processor.py:914} INFO - Processing file /home/airflow/.local/lib/python3.12/site-packages/airflow/example_dags/example_xcom.py for tasks to queue
[2025-03-23T08:09:01.410+0000] {logging_mixin.py:190} INFO - [2025-03-23T08:09:01.409+0000] {dagbag.py:588} INFO - Filling up the DagBag from /home/airflow/.local/lib/python3.12/site-packages/airflow/example_dags/example_xcom.py
[2025-03-23T08:09:01.479+0000] {processor.py:925} INFO - DAG(s) 'example_xcom' retrieved from /home/airflow/.local/lib/python3.12/site-packages/airflow/example_dags/example_xcom.py
[2025-03-23T08:09:01.585+0000] {logging_mixin.py:190} INFO - [2025-03-23T08:09:01.584+0000] {dag.py:3239} INFO - Sync 1 DAGs
[2025-03-23T08:09:01.676+0000] {logging_mixin.py:190} INFO - [2025-03-23T08:09:01.675+0000] {dag.py:4180} INFO - Setting next_dagrun for example_xcom to 2021-01-01 00:00:00+00:00, run_after=2021-01-01 00:00:00+00:00
[2025-03-23T08:09:02.404+0000] {processor.py:208} INFO - Processing /home/airflow/.local/lib/python3.12/site-packages/airflow/example_dags/example_xcom.py took 1.039 seconds
[2025-03-23T08:09:32.488+0000] {processor.py:186} INFO - Started process (PID=401) to work on /home/airflow/.local/lib/python3.12/site-packages/airflow/example_dags/example_xcom.py
[2025-03-23T08:09:32.489+0000] {processor.py:914} INFO - Processing file /home/airflow/.local/lib/python3.12/site-packages/airflow/example_dags/example_xcom.py for tasks to queue
[2025-03-23T08:09:32.493+0000] {logging_mixin.py:190} INFO - [2025-03-23T08:09:32.492+0000] {dagbag.py:588} INFO - Filling up the DagBag from /home/airflow/.local/lib/python3.12/site-packages/airflow/example_dags/example_xcom.py
[2025-03-23T08:09:32.506+0000] {processor.py:925} INFO - DAG(s) 'example_xcom' retrieved from /home/airflow/.local/lib/python3.12/site-packages/airflow/example_dags/example_xcom.py
[2025-03-23T08:09:32.541+0000] {logging_mixin.py:190} INFO - [2025-03-23T08:09:32.541+0000] {dag.py:3239} INFO - Sync 1 DAGs
[2025-03-23T08:09:32.597+0000] {logging_mixin.py:190} INFO - [2025-03-23T08:09:32.597+0000] {dag.py:4180} INFO - Setting next_dagrun for example_xcom to 2021-01-01 00:00:00+00:00, run_after=2021-01-01 00:00:00+00:00
[2025-03-23T08:09:32.881+0000] {processor.py:208} INFO - Processing /home/airflow/.local/lib/python3.12/site-packages/airflow/example_dags/example_xcom.py took 0.401 seconds
[2025-03-23T08:10:03.106+0000] {processor.py:186} INFO - Started process (PID=465) to work on /home/airflow/.local/lib/python3.12/site-packages/airflow/example_dags/example_xcom.py
[2025-03-23T08:10:03.130+0000] {processor.py:914} INFO - Processing file /home/airflow/.local/lib/python3.12/site-packages/airflow/example_dags/example_xcom.py for tasks to queue
[2025-03-23T08:10:03.146+0000] {logging_mixin.py:190} INFO - [2025-03-23T08:10:03.145+0000] {dagbag.py:588} INFO - Filling up the DagBag from /home/airflow/.local/lib/python3.12/site-packages/airflow/example_dags/example_xcom.py
[2025-03-23T08:10:03.178+0000] {processor.py:925} INFO - DAG(s) 'example_xcom' retrieved from /home/airflow/.local/lib/python3.12/site-packages/airflow/example_dags/example_xcom.py
[2025-03-23T08:10:03.303+0000] {logging_mixin.py:190} INFO - [2025-03-23T08:10:03.302+0000] {dag.py:3239} INFO - Sync 1 DAGs
[2025-03-23T08:10:03.362+0000] {logging_mixin.py:190} INFO - [2025-03-23T08:10:03.362+0000] {dag.py:4180} INFO - Setting next_dagrun for example_xcom to 2021-01-01 00:00:00+00:00, run_after=2021-01-01 00:00:00+00:00
[2025-03-23T08:10:03.494+0000] {processor.py:208} INFO - Processing /home/airflow/.local/lib/python3.12/site-packages/airflow/example_dags/example_xcom.py took 0.408 seconds
[2025-03-23T08:10:33.783+0000] {processor.py:186} INFO - Started process (PID=529) to work on /home/airflow/.local/lib/python3.12/site-packages/airflow/example_dags/example_xcom.py
[2025-03-23T08:10:33.785+0000] {processor.py:914} INFO - Processing file /home/airflow/.local/lib/python3.12/site-packages/airflow/example_dags/example_xcom.py for tasks to queue
[2025-03-23T08:10:33.790+0000] {logging_mixin.py:190} INFO - [2025-03-23T08:10:33.789+0000] {dagbag.py:588} INFO - Filling up the DagBag from /home/airflow/.local/lib/python3.12/site-packages/airflow/example_dags/example_xcom.py
[2025-03-23T08:10:33.819+0000] {processor.py:925} INFO - DAG(s) 'example_xcom' retrieved from /home/airflow/.local/lib/python3.12/site-packages/airflow/example_dags/example_xcom.py
[2025-03-23T08:10:33.864+0000] {logging_mixin.py:190} INFO - [2025-03-23T08:10:33.863+0000] {dag.py:3239} INFO - Sync 1 DAGs
[2025-03-23T08:10:33.920+0000] {logging_mixin.py:190} INFO - [2025-03-23T08:10:33.920+0000] {dag.py:4180} INFO - Setting next_dagrun for example_xcom to 2021-01-01 00:00:00+00:00, run_after=2021-01-01 00:00:00+00:00
[2025-03-23T08:10:34.196+0000] {processor.py:208} INFO - Processing /home/airflow/.local/lib/python3.12/site-packages/airflow/example_dags/example_xcom.py took 0.427 seconds
[2025-03-23T08:11:04.711+0000] {processor.py:186} INFO - Started process (PID=593) to work on /home/airflow/.local/lib/python3.12/site-packages/airflow/example_dags/example_xcom.py
[2025-03-23T08:11:04.713+0000] {processor.py:914} INFO - Processing file /home/airflow/.local/lib/python3.12/site-packages/airflow/example_dags/example_xcom.py for tasks to queue
[2025-03-23T08:11:04.717+0000] {logging_mixin.py:190} INFO - [2025-03-23T08:11:04.716+0000] {dagbag.py:588} INFO - Filling up the DagBag from /home/airflow/.local/lib/python3.12/site-packages/airflow/example_dags/example_xcom.py
[2025-03-23T08:11:04.732+0000] {processor.py:925} INFO - DAG(s) 'example_xcom' retrieved from /home/airflow/.local/lib/python3.12/site-packages/airflow/example_dags/example_xcom.py
[2025-03-23T08:11:04.759+0000] {logging_mixin.py:190} INFO - [2025-03-23T08:11:04.759+0000] {dag.py:3239} INFO - Sync 1 DAGs
[2025-03-23T08:11:04.811+0000] {logging_mixin.py:190} INFO - [2025-03-23T08:11:04.810+0000] {dag.py:4180} INFO - Setting next_dagrun for example_xcom to 2021-01-01 00:00:00+00:00, run_after=2021-01-01 00:00:00+00:00
[2025-03-23T08:11:04.896+0000] {processor.py:208} INFO - Processing /home/airflow/.local/lib/python3.12/site-packages/airflow/example_dags/example_xcom.py took 0.193 seconds
[2025-03-23T08:11:35.522+0000] {processor.py:186} INFO - Started process (PID=657) to work on /home/airflow/.local/lib/python3.12/site-packages/airflow/example_dags/example_xcom.py
[2025-03-23T08:11:35.523+0000] {processor.py:914} INFO - Processing file /home/airflow/.local/lib/python3.12/site-packages/airflow/example_dags/example_xcom.py for tasks to queue
[2025-03-23T08:11:35.526+0000] {logging_mixin.py:190} INFO - [2025-03-23T08:11:35.526+0000] {dagbag.py:588} INFO - Filling up the DagBag from /home/airflow/.local/lib/python3.12/site-packages/airflow/example_dags/example_xcom.py
[2025-03-23T08:11:35.537+0000] {processor.py:925} INFO - DAG(s) 'example_xcom' retrieved from /home/airflow/.local/lib/python3.12/site-packages/airflow/example_dags/example_xcom.py
[2025-03-23T08:11:35.568+0000] {logging_mixin.py:190} INFO - [2025-03-23T08:11:35.567+0000] {dag.py:3239} INFO - Sync 1 DAGs
[2025-03-23T08:11:35.597+0000] {logging_mixin.py:190} INFO - [2025-03-23T08:11:35.597+0000] {dag.py:4180} INFO - Setting next_dagrun for example_xcom to 2021-01-01 00:00:00+00:00, run_after=2021-01-01 00:00:00+00:00
[2025-03-23T08:11:35.690+0000] {processor.py:208} INFO - Processing /home/airflow/.local/lib/python3.12/site-packages/airflow/example_dags/example_xcom.py took 0.175 seconds
[2025-03-23T08:12:05.974+0000] {processor.py:186} INFO - Started process (PID=721) to work on /home/airflow/.local/lib/python3.12/site-packages/airflow/example_dags/example_xcom.py
[2025-03-23T08:12:05.975+0000] {processor.py:914} INFO - Processing file /home/airflow/.local/lib/python3.12/site-packages/airflow/example_dags/example_xcom.py for tasks to queue
[2025-03-23T08:12:05.978+0000] {logging_mixin.py:190} INFO - [2025-03-23T08:12:05.978+0000] {dagbag.py:588} INFO - Filling up the DagBag from /home/airflow/.local/lib/python3.12/site-packages/airflow/example_dags/example_xcom.py
[2025-03-23T08:12:05.990+0000] {processor.py:925} INFO - DAG(s) 'example_xcom' retrieved from /home/airflow/.local/lib/python3.12/site-packages/airflow/example_dags/example_xcom.py
[2025-03-23T08:12:06.021+0000] {logging_mixin.py:190} INFO - [2025-03-23T08:12:06.020+0000] {dag.py:3239} INFO - Sync 1 DAGs
[2025-03-23T08:12:06.056+0000] {logging_mixin.py:190} INFO - [2025-03-23T08:12:06.055+0000] {dag.py:4180} INFO - Setting next_dagrun for example_xcom to 2021-01-01 00:00:00+00:00, run_after=2021-01-01 00:00:00+00:00
[2025-03-23T08:12:06.146+0000] {processor.py:208} INFO - Processing /home/airflow/.local/lib/python3.12/site-packages/airflow/example_dags/example_xcom.py took 0.182 seconds
[2025-03-23T08:12:36.631+0000] {processor.py:186} INFO - Started process (PID=784) to work on /home/airflow/.local/lib/python3.12/site-packages/airflow/example_dags/example_xcom.py
[2025-03-23T08:12:36.632+0000] {processor.py:914} INFO - Processing file /home/airflow/.local/lib/python3.12/site-packages/airflow/example_dags/example_xcom.py for tasks to queue
[2025-03-23T08:12:36.637+0000] {logging_mixin.py:190} INFO - [2025-03-23T08:12:36.636+0000] {dagbag.py:588} INFO - Filling up the DagBag from /home/airflow/.local/lib/python3.12/site-packages/airflow/example_dags/example_xcom.py
[2025-03-23T08:12:36.654+0000] {processor.py:925} INFO - DAG(s) 'example_xcom' retrieved from /home/airflow/.local/lib/python3.12/site-packages/airflow/example_dags/example_xcom.py
[2025-03-23T08:12:36.688+0000] {logging_mixin.py:190} INFO - [2025-03-23T08:12:36.687+0000] {dag.py:3239} INFO - Sync 1 DAGs
[2025-03-23T08:12:36.726+0000] {logging_mixin.py:190} INFO - [2025-03-23T08:12:36.725+0000] {dag.py:4180} INFO - Setting next_dagrun for example_xcom to 2021-01-01 00:00:00+00:00, run_after=2021-01-01 00:00:00+00:00
[2025-03-23T08:12:36.819+0000] {processor.py:208} INFO - Processing /home/airflow/.local/lib/python3.12/site-packages/airflow/example_dags/example_xcom.py took 0.198 seconds
[2025-03-23T08:13:07.559+0000] {processor.py:186} INFO - Started process (PID=848) to work on /home/airflow/.local/lib/python3.12/site-packages/airflow/example_dags/example_xcom.py
[2025-03-23T08:13:07.560+0000] {processor.py:914} INFO - Processing file /home/airflow/.local/lib/python3.12/site-packages/airflow/example_dags/example_xcom.py for tasks to queue
[2025-03-23T08:13:07.563+0000] {logging_mixin.py:190} INFO - [2025-03-23T08:13:07.563+0000] {dagbag.py:588} INFO - Filling up the DagBag from /home/airflow/.local/lib/python3.12/site-packages/airflow/example_dags/example_xcom.py
[2025-03-23T08:13:07.574+0000] {processor.py:925} INFO - DAG(s) 'example_xcom' retrieved from /home/airflow/.local/lib/python3.12/site-packages/airflow/example_dags/example_xcom.py
[2025-03-23T08:13:07.603+0000] {logging_mixin.py:190} INFO - [2025-03-23T08:13:07.603+0000] {dag.py:3239} INFO - Sync 1 DAGs
[2025-03-23T08:13:07.641+0000] {logging_mixin.py:190} INFO - [2025-03-23T08:13:07.640+0000] {dag.py:4180} INFO - Setting next_dagrun for example_xcom to 2021-01-01 00:00:00+00:00, run_after=2021-01-01 00:00:00+00:00
[2025-03-23T08:13:07.721+0000] {processor.py:208} INFO - Processing /home/airflow/.local/lib/python3.12/site-packages/airflow/example_dags/example_xcom.py took 0.169 seconds
[2025-03-23T08:13:37.839+0000] {processor.py:186} INFO - Started process (PID=912) to work on /home/airflow/.local/lib/python3.12/site-packages/airflow/example_dags/example_xcom.py
[2025-03-23T08:13:37.843+0000] {processor.py:914} INFO - Processing file /home/airflow/.local/lib/python3.12/site-packages/airflow/example_dags/example_xcom.py for tasks to queue
[2025-03-23T08:13:37.849+0000] {logging_mixin.py:190} INFO - [2025-03-23T08:13:37.848+0000] {dagbag.py:588} INFO - Filling up the DagBag from /home/airflow/.local/lib/python3.12/site-packages/airflow/example_dags/example_xcom.py
[2025-03-23T08:13:37.868+0000] {processor.py:925} INFO - DAG(s) 'example_xcom' retrieved from /home/airflow/.local/lib/python3.12/site-packages/airflow/example_dags/example_xcom.py
[2025-03-23T08:13:37.910+0000] {logging_mixin.py:190} INFO - [2025-03-23T08:13:37.909+0000] {dag.py:3239} INFO - Sync 1 DAGs
[2025-03-23T08:13:37.964+0000] {logging_mixin.py:190} INFO - [2025-03-23T08:13:37.963+0000] {dag.py:4180} INFO - Setting next_dagrun for example_xcom to 2021-01-01 00:00:00+00:00, run_after=2021-01-01 00:00:00+00:00
[2025-03-23T08:13:38.048+0000] {processor.py:208} INFO - Processing /home/airflow/.local/lib/python3.12/site-packages/airflow/example_dags/example_xcom.py took 0.222 seconds
[2025-03-23T08:14:08.165+0000] {processor.py:186} INFO - Started process (PID=975) to work on /home/airflow/.local/lib/python3.12/site-packages/airflow/example_dags/example_xcom.py
[2025-03-23T08:14:08.167+0000] {processor.py:914} INFO - Processing file /home/airflow/.local/lib/python3.12/site-packages/airflow/example_dags/example_xcom.py for tasks to queue
[2025-03-23T08:14:08.170+0000] {logging_mixin.py:190} INFO - [2025-03-23T08:14:08.169+0000] {dagbag.py:588} INFO - Filling up the DagBag from /home/airflow/.local/lib/python3.12/site-packages/airflow/example_dags/example_xcom.py
[2025-03-23T08:14:08.187+0000] {processor.py:925} INFO - DAG(s) 'example_xcom' retrieved from /home/airflow/.local/lib/python3.12/site-packages/airflow/example_dags/example_xcom.py
[2025-03-23T08:14:08.217+0000] {logging_mixin.py:190} INFO - [2025-03-23T08:14:08.217+0000] {dag.py:3239} INFO - Sync 1 DAGs
[2025-03-23T08:14:08.253+0000] {logging_mixin.py:190} INFO - [2025-03-23T08:14:08.252+0000] {dag.py:4180} INFO - Setting next_dagrun for example_xcom to 2021-01-01 00:00:00+00:00, run_after=2021-01-01 00:00:00+00:00
[2025-03-23T08:14:08.319+0000] {processor.py:208} INFO - Processing /home/airflow/.local/lib/python3.12/site-packages/airflow/example_dags/example_xcom.py took 0.165 seconds
[2025-03-23T08:14:38.378+0000] {processor.py:186} INFO - Started process (PID=1046) to work on /home/airflow/.local/lib/python3.12/site-packages/airflow/example_dags/example_xcom.py
[2025-03-23T08:14:38.380+0000] {processor.py:914} INFO - Processing file /home/airflow/.local/lib/python3.12/site-packages/airflow/example_dags/example_xcom.py for tasks to queue
[2025-03-23T08:14:38.383+0000] {logging_mixin.py:190} INFO - [2025-03-23T08:14:38.383+0000] {dagbag.py:588} INFO - Filling up the DagBag from /home/airflow/.local/lib/python3.12/site-packages/airflow/example_dags/example_xcom.py
[2025-03-23T08:14:38.396+0000] {processor.py:925} INFO - DAG(s) 'example_xcom' retrieved from /home/airflow/.local/lib/python3.12/site-packages/airflow/example_dags/example_xcom.py
[2025-03-23T08:14:38.423+0000] {logging_mixin.py:190} INFO - [2025-03-23T08:14:38.423+0000] {dag.py:3239} INFO - Sync 1 DAGs
[2025-03-23T08:14:38.451+0000] {logging_mixin.py:190} INFO - [2025-03-23T08:14:38.451+0000] {dag.py:4180} INFO - Setting next_dagrun for example_xcom to 2021-01-01 00:00:00+00:00, run_after=2021-01-01 00:00:00+00:00
[2025-03-23T08:14:38.501+0000] {processor.py:208} INFO - Processing /home/airflow/.local/lib/python3.12/site-packages/airflow/example_dags/example_xcom.py took 0.131 seconds
[2025-03-23T08:15:09.086+0000] {processor.py:186} INFO - Started process (PID=1128) to work on /home/airflow/.local/lib/python3.12/site-packages/airflow/example_dags/example_xcom.py
[2025-03-23T08:15:09.087+0000] {processor.py:914} INFO - Processing file /home/airflow/.local/lib/python3.12/site-packages/airflow/example_dags/example_xcom.py for tasks to queue
[2025-03-23T08:15:09.090+0000] {logging_mixin.py:190} INFO - [2025-03-23T08:15:09.090+0000] {dagbag.py:588} INFO - Filling up the DagBag from /home/airflow/.local/lib/python3.12/site-packages/airflow/example_dags/example_xcom.py
[2025-03-23T08:15:09.101+0000] {processor.py:925} INFO - DAG(s) 'example_xcom' retrieved from /home/airflow/.local/lib/python3.12/site-packages/airflow/example_dags/example_xcom.py
[2025-03-23T08:15:09.125+0000] {logging_mixin.py:190} INFO - [2025-03-23T08:15:09.125+0000] {dag.py:3239} INFO - Sync 1 DAGs
[2025-03-23T08:15:09.153+0000] {logging_mixin.py:190} INFO - [2025-03-23T08:15:09.153+0000] {dag.py:4180} INFO - Setting next_dagrun for example_xcom to 2021-01-01 00:00:00+00:00, run_after=2021-01-01 00:00:00+00:00
[2025-03-23T08:15:09.260+0000] {processor.py:208} INFO - Processing /home/airflow/.local/lib/python3.12/site-packages/airflow/example_dags/example_xcom.py took 0.187 seconds
[2025-03-23T08:15:39.662+0000] {processor.py:186} INFO - Started process (PID=1191) to work on /home/airflow/.local/lib/python3.12/site-packages/airflow/example_dags/example_xcom.py
[2025-03-23T08:15:39.664+0000] {processor.py:914} INFO - Processing file /home/airflow/.local/lib/python3.12/site-packages/airflow/example_dags/example_xcom.py for tasks to queue
[2025-03-23T08:15:39.666+0000] {logging_mixin.py:190} INFO - [2025-03-23T08:15:39.666+0000] {dagbag.py:588} INFO - Filling up the DagBag from /home/airflow/.local/lib/python3.12/site-packages/airflow/example_dags/example_xcom.py
[2025-03-23T08:15:39.680+0000] {processor.py:925} INFO - DAG(s) 'example_xcom' retrieved from /home/airflow/.local/lib/python3.12/site-packages/airflow/example_dags/example_xcom.py
[2025-03-23T08:15:39.712+0000] {logging_mixin.py:190} INFO - [2025-03-23T08:15:39.711+0000] {dag.py:3239} INFO - Sync 1 DAGs
[2025-03-23T08:15:39.747+0000] {logging_mixin.py:190} INFO - [2025-03-23T08:15:39.747+0000] {dag.py:4180} INFO - Setting next_dagrun for example_xcom to 2021-01-01 00:00:00+00:00, run_after=2021-01-01 00:00:00+00:00
[2025-03-23T08:15:39.883+0000] {processor.py:208} INFO - Processing /home/airflow/.local/lib/python3.12/site-packages/airflow/example_dags/example_xcom.py took 0.234 seconds
[2025-03-23T08:16:10.149+0000] {processor.py:186} INFO - Started process (PID=1254) to work on /home/airflow/.local/lib/python3.12/site-packages/airflow/example_dags/example_xcom.py
[2025-03-23T08:16:10.151+0000] {processor.py:914} INFO - Processing file /home/airflow/.local/lib/python3.12/site-packages/airflow/example_dags/example_xcom.py for tasks to queue
[2025-03-23T08:16:10.154+0000] {logging_mixin.py:190} INFO - [2025-03-23T08:16:10.153+0000] {dagbag.py:588} INFO - Filling up the DagBag from /home/airflow/.local/lib/python3.12/site-packages/airflow/example_dags/example_xcom.py
[2025-03-23T08:16:10.165+0000] {processor.py:925} INFO - DAG(s) 'example_xcom' retrieved from /home/airflow/.local/lib/python3.12/site-packages/airflow/example_dags/example_xcom.py
[2025-03-23T08:16:10.196+0000] {logging_mixin.py:190} INFO - [2025-03-23T08:16:10.196+0000] {dag.py:3239} INFO - Sync 1 DAGs
[2025-03-23T08:16:10.229+0000] {logging_mixin.py:190} INFO - [2025-03-23T08:16:10.229+0000] {dag.py:4180} INFO - Setting next_dagrun for example_xcom to 2021-01-01 00:00:00+00:00, run_after=2021-01-01 00:00:00+00:00
[2025-03-23T08:16:10.317+0000] {processor.py:208} INFO - Processing /home/airflow/.local/lib/python3.12/site-packages/airflow/example_dags/example_xcom.py took 0.180 seconds
[2025-03-23T08:16:40.451+0000] {processor.py:186} INFO - Started process (PID=1317) to work on /home/airflow/.local/lib/python3.12/site-packages/airflow/example_dags/example_xcom.py
[2025-03-23T08:16:40.453+0000] {processor.py:914} INFO - Processing file /home/airflow/.local/lib/python3.12/site-packages/airflow/example_dags/example_xcom.py for tasks to queue
[2025-03-23T08:16:40.456+0000] {logging_mixin.py:190} INFO - [2025-03-23T08:16:40.455+0000] {dagbag.py:588} INFO - Filling up the DagBag from /home/airflow/.local/lib/python3.12/site-packages/airflow/example_dags/example_xcom.py
[2025-03-23T08:16:40.472+0000] {processor.py:925} INFO - DAG(s) 'example_xcom' retrieved from /home/airflow/.local/lib/python3.12/site-packages/airflow/example_dags/example_xcom.py
[2025-03-23T08:16:40.508+0000] {logging_mixin.py:190} INFO - [2025-03-23T08:16:40.507+0000] {dag.py:3239} INFO - Sync 1 DAGs
[2025-03-23T08:16:40.538+0000] {logging_mixin.py:190} INFO - [2025-03-23T08:16:40.538+0000] {dag.py:4180} INFO - Setting next_dagrun for example_xcom to 2021-01-01 00:00:00+00:00, run_after=2021-01-01 00:00:00+00:00
[2025-03-23T08:16:40.610+0000] {processor.py:208} INFO - Processing /home/airflow/.local/lib/python3.12/site-packages/airflow/example_dags/example_xcom.py took 0.175 seconds
[2025-03-23T08:17:10.833+0000] {processor.py:186} INFO - Started process (PID=1381) to work on /home/airflow/.local/lib/python3.12/site-packages/airflow/example_dags/example_xcom.py
[2025-03-23T08:17:10.835+0000] {processor.py:914} INFO - Processing file /home/airflow/.local/lib/python3.12/site-packages/airflow/example_dags/example_xcom.py for tasks to queue
[2025-03-23T08:17:10.840+0000] {logging_mixin.py:190} INFO - [2025-03-23T08:17:10.839+0000] {dagbag.py:588} INFO - Filling up the DagBag from /home/airflow/.local/lib/python3.12/site-packages/airflow/example_dags/example_xcom.py
[2025-03-23T08:17:10.856+0000] {processor.py:925} INFO - DAG(s) 'example_xcom' retrieved from /home/airflow/.local/lib/python3.12/site-packages/airflow/example_dags/example_xcom.py
[2025-03-23T08:17:10.894+0000] {logging_mixin.py:190} INFO - [2025-03-23T08:17:10.893+0000] {dag.py:3239} INFO - Sync 1 DAGs
[2025-03-23T08:17:10.940+0000] {logging_mixin.py:190} INFO - [2025-03-23T08:17:10.940+0000] {dag.py:4180} INFO - Setting next_dagrun for example_xcom to 2021-01-01 00:00:00+00:00, run_after=2021-01-01 00:00:00+00:00
[2025-03-23T08:17:10.984+0000] {processor.py:208} INFO - Processing /home/airflow/.local/lib/python3.12/site-packages/airflow/example_dags/example_xcom.py took 0.175 seconds
[2025-03-23T08:17:41.109+0000] {processor.py:186} INFO - Started process (PID=1445) to work on /home/airflow/.local/lib/python3.12/site-packages/airflow/example_dags/example_xcom.py
[2025-03-23T08:17:41.110+0000] {processor.py:914} INFO - Processing file /home/airflow/.local/lib/python3.12/site-packages/airflow/example_dags/example_xcom.py for tasks to queue
[2025-03-23T08:17:41.113+0000] {logging_mixin.py:190} INFO - [2025-03-23T08:17:41.113+0000] {dagbag.py:588} INFO - Filling up the DagBag from /home/airflow/.local/lib/python3.12/site-packages/airflow/example_dags/example_xcom.py
[2025-03-23T08:17:41.125+0000] {processor.py:925} INFO - DAG(s) 'example_xcom' retrieved from /home/airflow/.local/lib/python3.12/site-packages/airflow/example_dags/example_xcom.py
[2025-03-23T08:17:41.151+0000] {logging_mixin.py:190} INFO - [2025-03-23T08:17:41.150+0000] {dag.py:3239} INFO - Sync 1 DAGs
[2025-03-23T08:17:41.179+0000] {logging_mixin.py:190} INFO - [2025-03-23T08:17:41.179+0000] {dag.py:4180} INFO - Setting next_dagrun for example_xcom to 2021-01-01 00:00:00+00:00, run_after=2021-01-01 00:00:00+00:00
[2025-03-23T08:17:41.256+0000] {processor.py:208} INFO - Processing /home/airflow/.local/lib/python3.12/site-packages/airflow/example_dags/example_xcom.py took 0.160 seconds
[2025-03-23T08:18:11.972+0000] {processor.py:186} INFO - Started process (PID=1509) to work on /home/airflow/.local/lib/python3.12/site-packages/airflow/example_dags/example_xcom.py
[2025-03-23T08:18:11.974+0000] {processor.py:914} INFO - Processing file /home/airflow/.local/lib/python3.12/site-packages/airflow/example_dags/example_xcom.py for tasks to queue
[2025-03-23T08:18:11.978+0000] {logging_mixin.py:190} INFO - [2025-03-23T08:18:11.977+0000] {dagbag.py:588} INFO - Filling up the DagBag from /home/airflow/.local/lib/python3.12/site-packages/airflow/example_dags/example_xcom.py
[2025-03-23T08:18:11.990+0000] {processor.py:925} INFO - DAG(s) 'example_xcom' retrieved from /home/airflow/.local/lib/python3.12/site-packages/airflow/example_dags/example_xcom.py
[2025-03-23T08:18:12.023+0000] {logging_mixin.py:190} INFO - [2025-03-23T08:18:12.023+0000] {dag.py:3239} INFO - Sync 1 DAGs
[2025-03-23T08:18:12.056+0000] {logging_mixin.py:190} INFO - [2025-03-23T08:18:12.056+0000] {dag.py:4180} INFO - Setting next_dagrun for example_xcom to 2021-01-01 00:00:00+00:00, run_after=2021-01-01 00:00:00+00:00
[2025-03-23T08:18:12.123+0000] {processor.py:208} INFO - Processing /home/airflow/.local/lib/python3.12/site-packages/airflow/example_dags/example_xcom.py took 0.163 seconds
[2025-03-23T08:18:42.731+0000] {processor.py:186} INFO - Started process (PID=1573) to work on /home/airflow/.local/lib/python3.12/site-packages/airflow/example_dags/example_xcom.py
[2025-03-23T08:18:42.732+0000] {processor.py:914} INFO - Processing file /home/airflow/.local/lib/python3.12/site-packages/airflow/example_dags/example_xcom.py for tasks to queue
[2025-03-23T08:18:42.735+0000] {logging_mixin.py:190} INFO - [2025-03-23T08:18:42.735+0000] {dagbag.py:588} INFO - Filling up the DagBag from /home/airflow/.local/lib/python3.12/site-packages/airflow/example_dags/example_xcom.py
[2025-03-23T08:18:42.748+0000] {processor.py:925} INFO - DAG(s) 'example_xcom' retrieved from /home/airflow/.local/lib/python3.12/site-packages/airflow/example_dags/example_xcom.py
[2025-03-23T08:18:42.774+0000] {logging_mixin.py:190} INFO - [2025-03-23T08:18:42.773+0000] {dag.py:3239} INFO - Sync 1 DAGs
[2025-03-23T08:18:42.801+0000] {logging_mixin.py:190} INFO - [2025-03-23T08:18:42.800+0000] {dag.py:4180} INFO - Setting next_dagrun for example_xcom to 2021-01-01 00:00:00+00:00, run_after=2021-01-01 00:00:00+00:00
[2025-03-23T08:18:42.877+0000] {processor.py:208} INFO - Processing /home/airflow/.local/lib/python3.12/site-packages/airflow/example_dags/example_xcom.py took 0.158 seconds
[2025-03-23T08:19:13.190+0000] {processor.py:186} INFO - Started process (PID=1637) to work on /home/airflow/.local/lib/python3.12/site-packages/airflow/example_dags/example_xcom.py
[2025-03-23T08:19:13.191+0000] {processor.py:914} INFO - Processing file /home/airflow/.local/lib/python3.12/site-packages/airflow/example_dags/example_xcom.py for tasks to queue
[2025-03-23T08:19:13.195+0000] {logging_mixin.py:190} INFO - [2025-03-23T08:19:13.195+0000] {dagbag.py:588} INFO - Filling up the DagBag from /home/airflow/.local/lib/python3.12/site-packages/airflow/example_dags/example_xcom.py
[2025-03-23T08:19:13.207+0000] {processor.py:925} INFO - DAG(s) 'example_xcom' retrieved from /home/airflow/.local/lib/python3.12/site-packages/airflow/example_dags/example_xcom.py
[2025-03-23T08:19:13.236+0000] {logging_mixin.py:190} INFO - [2025-03-23T08:19:13.235+0000] {dag.py:3239} INFO - Sync 1 DAGs
[2025-03-23T08:19:13.269+0000] {logging_mixin.py:190} INFO - [2025-03-23T08:19:13.269+0000] {dag.py:4180} INFO - Setting next_dagrun for example_xcom to 2021-01-01 00:00:00+00:00, run_after=2021-01-01 00:00:00+00:00
[2025-03-23T08:19:13.337+0000] {processor.py:208} INFO - Processing /home/airflow/.local/lib/python3.12/site-packages/airflow/example_dags/example_xcom.py took 0.160 seconds
[2025-03-23T08:19:44.091+0000] {processor.py:186} INFO - Started process (PID=1701) to work on /home/airflow/.local/lib/python3.12/site-packages/airflow/example_dags/example_xcom.py
[2025-03-23T08:19:44.093+0000] {processor.py:914} INFO - Processing file /home/airflow/.local/lib/python3.12/site-packages/airflow/example_dags/example_xcom.py for tasks to queue
[2025-03-23T08:19:44.095+0000] {logging_mixin.py:190} INFO - [2025-03-23T08:19:44.095+0000] {dagbag.py:588} INFO - Filling up the DagBag from /home/airflow/.local/lib/python3.12/site-packages/airflow/example_dags/example_xcom.py
[2025-03-23T08:19:44.106+0000] {processor.py:925} INFO - DAG(s) 'example_xcom' retrieved from /home/airflow/.local/lib/python3.12/site-packages/airflow/example_dags/example_xcom.py
[2025-03-23T08:19:44.130+0000] {logging_mixin.py:190} INFO - [2025-03-23T08:19:44.129+0000] {dag.py:3239} INFO - Sync 1 DAGs
[2025-03-23T08:19:44.157+0000] {logging_mixin.py:190} INFO - [2025-03-23T08:19:44.157+0000] {dag.py:4180} INFO - Setting next_dagrun for example_xcom to 2021-01-01 00:00:00+00:00, run_after=2021-01-01 00:00:00+00:00
[2025-03-23T08:19:44.212+0000] {processor.py:208} INFO - Processing /home/airflow/.local/lib/python3.12/site-packages/airflow/example_dags/example_xcom.py took 0.132 seconds
[2025-03-23T08:20:14.402+0000] {processor.py:186} INFO - Started process (PID=1765) to work on /home/airflow/.local/lib/python3.12/site-packages/airflow/example_dags/example_xcom.py
[2025-03-23T08:20:14.403+0000] {processor.py:914} INFO - Processing file /home/airflow/.local/lib/python3.12/site-packages/airflow/example_dags/example_xcom.py for tasks to queue
[2025-03-23T08:20:14.406+0000] {logging_mixin.py:190} INFO - [2025-03-23T08:20:14.406+0000] {dagbag.py:588} INFO - Filling up the DagBag from /home/airflow/.local/lib/python3.12/site-packages/airflow/example_dags/example_xcom.py
[2025-03-23T08:20:14.416+0000] {processor.py:925} INFO - DAG(s) 'example_xcom' retrieved from /home/airflow/.local/lib/python3.12/site-packages/airflow/example_dags/example_xcom.py
[2025-03-23T08:20:14.451+0000] {logging_mixin.py:190} INFO - [2025-03-23T08:20:14.450+0000] {dag.py:3239} INFO - Sync 1 DAGs
[2025-03-23T08:20:14.514+0000] {logging_mixin.py:190} INFO - [2025-03-23T08:20:14.513+0000] {dag.py:4180} INFO - Setting next_dagrun for example_xcom to 2021-01-01 00:00:00+00:00, run_after=2021-01-01 00:00:00+00:00
[2025-03-23T08:20:14.602+0000] {processor.py:208} INFO - Processing /home/airflow/.local/lib/python3.12/site-packages/airflow/example_dags/example_xcom.py took 0.212 seconds
[2025-03-23T08:20:45.010+0000] {processor.py:186} INFO - Started process (PID=1829) to work on /home/airflow/.local/lib/python3.12/site-packages/airflow/example_dags/example_xcom.py
[2025-03-23T08:20:45.012+0000] {processor.py:914} INFO - Processing file /home/airflow/.local/lib/python3.12/site-packages/airflow/example_dags/example_xcom.py for tasks to queue
[2025-03-23T08:20:45.016+0000] {logging_mixin.py:190} INFO - [2025-03-23T08:20:45.015+0000] {dagbag.py:588} INFO - Filling up the DagBag from /home/airflow/.local/lib/python3.12/site-packages/airflow/example_dags/example_xcom.py
[2025-03-23T08:20:45.033+0000] {processor.py:925} INFO - DAG(s) 'example_xcom' retrieved from /home/airflow/.local/lib/python3.12/site-packages/airflow/example_dags/example_xcom.py
[2025-03-23T08:20:45.063+0000] {logging_mixin.py:190} INFO - [2025-03-23T08:20:45.063+0000] {dag.py:3239} INFO - Sync 1 DAGs
[2025-03-23T08:20:45.102+0000] {logging_mixin.py:190} INFO - [2025-03-23T08:20:45.102+0000] {dag.py:4180} INFO - Setting next_dagrun for example_xcom to 2021-01-01 00:00:00+00:00, run_after=2021-01-01 00:00:00+00:00
[2025-03-23T08:20:45.172+0000] {processor.py:208} INFO - Processing /home/airflow/.local/lib/python3.12/site-packages/airflow/example_dags/example_xcom.py took 0.174 seconds
[2025-03-23T08:26:52.761+0000] {processor.py:186} INFO - Started process (PID=122) to work on /home/airflow/.local/lib/python3.12/site-packages/airflow/example_dags/example_xcom.py
[2025-03-23T08:26:52.807+0000] {processor.py:914} INFO - Processing file /home/airflow/.local/lib/python3.12/site-packages/airflow/example_dags/example_xcom.py for tasks to queue
[2025-03-23T08:26:52.812+0000] {logging_mixin.py:190} INFO - [2025-03-23T08:26:52.812+0000] {dagbag.py:588} INFO - Filling up the DagBag from /home/airflow/.local/lib/python3.12/site-packages/airflow/example_dags/example_xcom.py
[2025-03-23T08:26:52.840+0000] {processor.py:925} INFO - DAG(s) 'example_xcom' retrieved from /home/airflow/.local/lib/python3.12/site-packages/airflow/example_dags/example_xcom.py
[2025-03-23T08:26:52.897+0000] {logging_mixin.py:190} INFO - [2025-03-23T08:26:52.895+0000] {dag.py:3239} INFO - Sync 1 DAGs
[2025-03-23T08:26:53.017+0000] {logging_mixin.py:190} INFO - [2025-03-23T08:26:53.016+0000] {dag.py:4180} INFO - Setting next_dagrun for example_xcom to 2021-01-01 00:00:00+00:00, run_after=2021-01-01 00:00:00+00:00
[2025-03-23T08:26:53.387+0000] {processor.py:208} INFO - Processing /home/airflow/.local/lib/python3.12/site-packages/airflow/example_dags/example_xcom.py took 0.642 seconds
[2025-03-23T08:27:24.263+0000] {processor.py:186} INFO - Started process (PID=186) to work on /home/airflow/.local/lib/python3.12/site-packages/airflow/example_dags/example_xcom.py
[2025-03-23T08:27:24.301+0000] {processor.py:914} INFO - Processing file /home/airflow/.local/lib/python3.12/site-packages/airflow/example_dags/example_xcom.py for tasks to queue
[2025-03-23T08:27:24.306+0000] {logging_mixin.py:190} INFO - [2025-03-23T08:27:24.305+0000] {dagbag.py:588} INFO - Filling up the DagBag from /home/airflow/.local/lib/python3.12/site-packages/airflow/example_dags/example_xcom.py
[2025-03-23T08:27:24.321+0000] {processor.py:925} INFO - DAG(s) 'example_xcom' retrieved from /home/airflow/.local/lib/python3.12/site-packages/airflow/example_dags/example_xcom.py
[2025-03-23T08:27:24.349+0000] {logging_mixin.py:190} INFO - [2025-03-23T08:27:24.349+0000] {dag.py:3239} INFO - Sync 1 DAGs
[2025-03-23T08:27:24.392+0000] {logging_mixin.py:190} INFO - [2025-03-23T08:27:24.391+0000] {dag.py:4180} INFO - Setting next_dagrun for example_xcom to 2021-01-01 00:00:00+00:00, run_after=2021-01-01 00:00:00+00:00
[2025-03-23T08:27:24.763+0000] {processor.py:208} INFO - Processing /home/airflow/.local/lib/python3.12/site-packages/airflow/example_dags/example_xcom.py took 0.509 seconds
[2025-03-23T08:27:55.291+0000] {processor.py:186} INFO - Started process (PID=250) to work on /home/airflow/.local/lib/python3.12/site-packages/airflow/example_dags/example_xcom.py
[2025-03-23T08:27:55.293+0000] {processor.py:914} INFO - Processing file /home/airflow/.local/lib/python3.12/site-packages/airflow/example_dags/example_xcom.py for tasks to queue
[2025-03-23T08:27:55.296+0000] {logging_mixin.py:190} INFO - [2025-03-23T08:27:55.296+0000] {dagbag.py:588} INFO - Filling up the DagBag from /home/airflow/.local/lib/python3.12/site-packages/airflow/example_dags/example_xcom.py
[2025-03-23T08:27:55.307+0000] {processor.py:925} INFO - DAG(s) 'example_xcom' retrieved from /home/airflow/.local/lib/python3.12/site-packages/airflow/example_dags/example_xcom.py
[2025-03-23T08:27:55.332+0000] {logging_mixin.py:190} INFO - [2025-03-23T08:27:55.332+0000] {dag.py:3239} INFO - Sync 1 DAGs
[2025-03-23T08:27:55.359+0000] {logging_mixin.py:190} INFO - [2025-03-23T08:27:55.359+0000] {dag.py:4180} INFO - Setting next_dagrun for example_xcom to 2021-01-01 00:00:00+00:00, run_after=2021-01-01 00:00:00+00:00
[2025-03-23T08:27:55.418+0000] {processor.py:208} INFO - Processing /home/airflow/.local/lib/python3.12/site-packages/airflow/example_dags/example_xcom.py took 0.134 seconds
[2025-03-23T08:28:26.171+0000] {processor.py:186} INFO - Started process (PID=313) to work on /home/airflow/.local/lib/python3.12/site-packages/airflow/example_dags/example_xcom.py
[2025-03-23T08:28:26.173+0000] {processor.py:914} INFO - Processing file /home/airflow/.local/lib/python3.12/site-packages/airflow/example_dags/example_xcom.py for tasks to queue
[2025-03-23T08:28:26.177+0000] {logging_mixin.py:190} INFO - [2025-03-23T08:28:26.176+0000] {dagbag.py:588} INFO - Filling up the DagBag from /home/airflow/.local/lib/python3.12/site-packages/airflow/example_dags/example_xcom.py
[2025-03-23T08:28:26.194+0000] {processor.py:925} INFO - DAG(s) 'example_xcom' retrieved from /home/airflow/.local/lib/python3.12/site-packages/airflow/example_dags/example_xcom.py
[2025-03-23T08:28:26.228+0000] {logging_mixin.py:190} INFO - [2025-03-23T08:28:26.228+0000] {dag.py:3239} INFO - Sync 1 DAGs
[2025-03-23T08:28:26.262+0000] {logging_mixin.py:190} INFO - [2025-03-23T08:28:26.261+0000] {dag.py:4180} INFO - Setting next_dagrun for example_xcom to 2021-01-01 00:00:00+00:00, run_after=2021-01-01 00:00:00+00:00
[2025-03-23T08:28:26.407+0000] {processor.py:208} INFO - Processing /home/airflow/.local/lib/python3.12/site-packages/airflow/example_dags/example_xcom.py took 0.246 seconds
[2025-03-23T08:28:56.808+0000] {processor.py:186} INFO - Started process (PID=377) to work on /home/airflow/.local/lib/python3.12/site-packages/airflow/example_dags/example_xcom.py
[2025-03-23T08:28:56.809+0000] {processor.py:914} INFO - Processing file /home/airflow/.local/lib/python3.12/site-packages/airflow/example_dags/example_xcom.py for tasks to queue
[2025-03-23T08:28:56.813+0000] {logging_mixin.py:190} INFO - [2025-03-23T08:28:56.812+0000] {dagbag.py:588} INFO - Filling up the DagBag from /home/airflow/.local/lib/python3.12/site-packages/airflow/example_dags/example_xcom.py
[2025-03-23T08:28:56.830+0000] {processor.py:925} INFO - DAG(s) 'example_xcom' retrieved from /home/airflow/.local/lib/python3.12/site-packages/airflow/example_dags/example_xcom.py
[2025-03-23T08:28:56.864+0000] {logging_mixin.py:190} INFO - [2025-03-23T08:28:56.863+0000] {dag.py:3239} INFO - Sync 1 DAGs
[2025-03-23T08:28:56.900+0000] {logging_mixin.py:190} INFO - [2025-03-23T08:28:56.899+0000] {dag.py:4180} INFO - Setting next_dagrun for example_xcom to 2021-01-01 00:00:00+00:00, run_after=2021-01-01 00:00:00+00:00
[2025-03-23T08:28:56.997+0000] {processor.py:208} INFO - Processing /home/airflow/.local/lib/python3.12/site-packages/airflow/example_dags/example_xcom.py took 0.197 seconds
[2025-03-23T08:29:27.321+0000] {processor.py:186} INFO - Started process (PID=441) to work on /home/airflow/.local/lib/python3.12/site-packages/airflow/example_dags/example_xcom.py
[2025-03-23T08:29:27.337+0000] {processor.py:914} INFO - Processing file /home/airflow/.local/lib/python3.12/site-packages/airflow/example_dags/example_xcom.py for tasks to queue
[2025-03-23T08:29:27.343+0000] {logging_mixin.py:190} INFO - [2025-03-23T08:29:27.342+0000] {dagbag.py:588} INFO - Filling up the DagBag from /home/airflow/.local/lib/python3.12/site-packages/airflow/example_dags/example_xcom.py
[2025-03-23T08:29:27.374+0000] {processor.py:925} INFO - DAG(s) 'example_xcom' retrieved from /home/airflow/.local/lib/python3.12/site-packages/airflow/example_dags/example_xcom.py
[2025-03-23T08:29:27.419+0000] {logging_mixin.py:190} INFO - [2025-03-23T08:29:27.419+0000] {dag.py:3239} INFO - Sync 1 DAGs
[2025-03-23T08:29:27.481+0000] {logging_mixin.py:190} INFO - [2025-03-23T08:29:27.480+0000] {dag.py:4180} INFO - Setting next_dagrun for example_xcom to 2021-01-01 00:00:00+00:00, run_after=2021-01-01 00:00:00+00:00
[2025-03-23T08:29:27.578+0000] {processor.py:208} INFO - Processing /home/airflow/.local/lib/python3.12/site-packages/airflow/example_dags/example_xcom.py took 0.279 seconds
[2025-03-23T08:29:58.044+0000] {processor.py:186} INFO - Started process (PID=504) to work on /home/airflow/.local/lib/python3.12/site-packages/airflow/example_dags/example_xcom.py
[2025-03-23T08:29:58.046+0000] {processor.py:914} INFO - Processing file /home/airflow/.local/lib/python3.12/site-packages/airflow/example_dags/example_xcom.py for tasks to queue
[2025-03-23T08:29:58.049+0000] {logging_mixin.py:190} INFO - [2025-03-23T08:29:58.048+0000] {dagbag.py:588} INFO - Filling up the DagBag from /home/airflow/.local/lib/python3.12/site-packages/airflow/example_dags/example_xcom.py
[2025-03-23T08:29:58.061+0000] {processor.py:925} INFO - DAG(s) 'example_xcom' retrieved from /home/airflow/.local/lib/python3.12/site-packages/airflow/example_dags/example_xcom.py
[2025-03-23T08:29:58.099+0000] {logging_mixin.py:190} INFO - [2025-03-23T08:29:58.099+0000] {dag.py:3239} INFO - Sync 1 DAGs
[2025-03-23T08:29:58.149+0000] {logging_mixin.py:190} INFO - [2025-03-23T08:29:58.148+0000] {dag.py:4180} INFO - Setting next_dagrun for example_xcom to 2021-01-01 00:00:00+00:00, run_after=2021-01-01 00:00:00+00:00
[2025-03-23T08:29:58.221+0000] {processor.py:208} INFO - Processing /home/airflow/.local/lib/python3.12/site-packages/airflow/example_dags/example_xcom.py took 0.185 seconds
