[2025-03-23T08:07:20.975+0000] {processor.py:186} INFO - Started process (PID=132) to work on /home/airflow/.local/lib/python3.12/site-packages/airflow/example_dags/example_time_delta_sensor_async.py
[2025-03-23T08:07:20.977+0000] {processor.py:914} INFO - Processing file /home/airflow/.local/lib/python3.12/site-packages/airflow/example_dags/example_time_delta_sensor_async.py for tasks to queue
[2025-03-23T08:07:20.981+0000] {logging_mixin.py:190} INFO - [2025-03-23T08:07:20.980+0000] {dagbag.py:588} INFO - Filling up the DagBag from /home/airflow/.local/lib/python3.12/site-packages/airflow/example_dags/example_time_delta_sensor_async.py
[2025-03-23T08:07:21.010+0000] {processor.py:925} INFO - DAG(s) 'example_time_delta_sensor_async' retrieved from /home/airflow/.local/lib/python3.12/site-packages/airflow/example_dags/example_time_delta_sensor_async.py
[2025-03-23T08:07:21.256+0000] {logging_mixin.py:190} INFO - [2025-03-23T08:07:21.254+0000] {override.py:1911} INFO - Created Permission View: can edit on DAG:example_time_delta_sensor_async
[2025-03-23T08:07:21.399+0000] {logging_mixin.py:190} INFO - [2025-03-23T08:07:21.399+0000] {override.py:1911} INFO - Created Permission View: can delete on DAG:example_time_delta_sensor_async
[2025-03-23T08:07:21.477+0000] {logging_mixin.py:190} INFO - [2025-03-23T08:07:21.476+0000] {override.py:1911} INFO - Created Permission View: can read on DAG:example_time_delta_sensor_async
[2025-03-23T08:07:21.734+0000] {logging_mixin.py:190} INFO - [2025-03-23T08:07:21.733+0000] {override.py:1911} INFO - Created Permission View: menu access on DAG Run:example_time_delta_sensor_async
[2025-03-23T08:07:21.873+0000] {logging_mixin.py:190} INFO - [2025-03-23T08:07:21.873+0000] {override.py:1911} INFO - Created Permission View: can create on DAG Run:example_time_delta_sensor_async
[2025-03-23T08:07:21.966+0000] {logging_mixin.py:190} INFO - [2025-03-23T08:07:21.965+0000] {override.py:1911} INFO - Created Permission View: can read on DAG Run:example_time_delta_sensor_async
[2025-03-23T08:07:22.118+0000] {logging_mixin.py:190} INFO - [2025-03-23T08:07:22.117+0000] {override.py:1911} INFO - Created Permission View: can delete on DAG Run:example_time_delta_sensor_async
[2025-03-23T08:07:22.120+0000] {logging_mixin.py:190} INFO - [2025-03-23T08:07:22.120+0000] {dag.py:3239} INFO - Sync 1 DAGs
[2025-03-23T08:07:22.141+0000] {logging_mixin.py:190} INFO - [2025-03-23T08:07:22.141+0000] {dag.py:3262} INFO - Creating ORM DAG for example_time_delta_sensor_async
[2025-03-23T08:07:22.142+0000] {logging_mixin.py:190} INFO - [2025-03-23T08:07:22.142+0000] {dag.py:4180} INFO - Setting next_dagrun for example_time_delta_sensor_async to None, run_after=None
[2025-03-23T08:07:22.198+0000] {processor.py:208} INFO - Processing /home/airflow/.local/lib/python3.12/site-packages/airflow/example_dags/example_time_delta_sensor_async.py took 1.231 seconds
[2025-03-23T08:07:53.021+0000] {processor.py:186} INFO - Started process (PID=196) to work on /home/airflow/.local/lib/python3.12/site-packages/airflow/example_dags/example_time_delta_sensor_async.py
[2025-03-23T08:07:53.034+0000] {processor.py:914} INFO - Processing file /home/airflow/.local/lib/python3.12/site-packages/airflow/example_dags/example_time_delta_sensor_async.py for tasks to queue
[2025-03-23T08:07:53.040+0000] {logging_mixin.py:190} INFO - [2025-03-23T08:07:53.040+0000] {dagbag.py:588} INFO - Filling up the DagBag from /home/airflow/.local/lib/python3.12/site-packages/airflow/example_dags/example_time_delta_sensor_async.py
[2025-03-23T08:07:53.055+0000] {processor.py:925} INFO - DAG(s) 'example_time_delta_sensor_async' retrieved from /home/airflow/.local/lib/python3.12/site-packages/airflow/example_dags/example_time_delta_sensor_async.py
[2025-03-23T08:07:53.135+0000] {logging_mixin.py:190} INFO - [2025-03-23T08:07:53.134+0000] {dag.py:3239} INFO - Sync 1 DAGs
[2025-03-23T08:07:53.168+0000] {logging_mixin.py:190} INFO - [2025-03-23T08:07:53.168+0000] {dag.py:4180} INFO - Setting next_dagrun for example_time_delta_sensor_async to None, run_after=None
[2025-03-23T08:07:53.373+0000] {processor.py:208} INFO - Processing /home/airflow/.local/lib/python3.12/site-packages/airflow/example_dags/example_time_delta_sensor_async.py took 0.364 seconds
[2025-03-23T08:08:23.792+0000] {processor.py:186} INFO - Started process (PID=267) to work on /home/airflow/.local/lib/python3.12/site-packages/airflow/example_dags/example_time_delta_sensor_async.py
[2025-03-23T08:08:23.794+0000] {processor.py:914} INFO - Processing file /home/airflow/.local/lib/python3.12/site-packages/airflow/example_dags/example_time_delta_sensor_async.py for tasks to queue
[2025-03-23T08:08:23.797+0000] {logging_mixin.py:190} INFO - [2025-03-23T08:08:23.797+0000] {dagbag.py:588} INFO - Filling up the DagBag from /home/airflow/.local/lib/python3.12/site-packages/airflow/example_dags/example_time_delta_sensor_async.py
[2025-03-23T08:08:23.809+0000] {processor.py:925} INFO - DAG(s) 'example_time_delta_sensor_async' retrieved from /home/airflow/.local/lib/python3.12/site-packages/airflow/example_dags/example_time_delta_sensor_async.py
[2025-03-23T08:08:23.841+0000] {logging_mixin.py:190} INFO - [2025-03-23T08:08:23.841+0000] {dag.py:3239} INFO - Sync 1 DAGs
[2025-03-23T08:08:23.870+0000] {logging_mixin.py:190} INFO - [2025-03-23T08:08:23.870+0000] {dag.py:4180} INFO - Setting next_dagrun for example_time_delta_sensor_async to None, run_after=None
[2025-03-23T08:08:23.968+0000] {processor.py:208} INFO - Processing /home/airflow/.local/lib/python3.12/site-packages/airflow/example_dags/example_time_delta_sensor_async.py took 0.186 seconds
[2025-03-23T08:08:55.005+0000] {processor.py:186} INFO - Started process (PID=330) to work on /home/airflow/.local/lib/python3.12/site-packages/airflow/example_dags/example_time_delta_sensor_async.py
[2025-03-23T08:08:55.007+0000] {processor.py:914} INFO - Processing file /home/airflow/.local/lib/python3.12/site-packages/airflow/example_dags/example_time_delta_sensor_async.py for tasks to queue
[2025-03-23T08:08:55.010+0000] {logging_mixin.py:190} INFO - [2025-03-23T08:08:55.010+0000] {dagbag.py:588} INFO - Filling up the DagBag from /home/airflow/.local/lib/python3.12/site-packages/airflow/example_dags/example_time_delta_sensor_async.py
[2025-03-23T08:08:55.021+0000] {processor.py:925} INFO - DAG(s) 'example_time_delta_sensor_async' retrieved from /home/airflow/.local/lib/python3.12/site-packages/airflow/example_dags/example_time_delta_sensor_async.py
[2025-03-23T08:08:55.052+0000] {logging_mixin.py:190} INFO - [2025-03-23T08:08:55.051+0000] {dag.py:3239} INFO - Sync 1 DAGs
[2025-03-23T08:08:55.078+0000] {logging_mixin.py:190} INFO - [2025-03-23T08:08:55.078+0000] {dag.py:4180} INFO - Setting next_dagrun for example_time_delta_sensor_async to None, run_after=None
[2025-03-23T08:08:55.158+0000] {processor.py:208} INFO - Processing /home/airflow/.local/lib/python3.12/site-packages/airflow/example_dags/example_time_delta_sensor_async.py took 0.162 seconds
[2025-03-23T08:09:25.711+0000] {processor.py:186} INFO - Started process (PID=393) to work on /home/airflow/.local/lib/python3.12/site-packages/airflow/example_dags/example_time_delta_sensor_async.py
[2025-03-23T08:09:25.712+0000] {processor.py:914} INFO - Processing file /home/airflow/.local/lib/python3.12/site-packages/airflow/example_dags/example_time_delta_sensor_async.py for tasks to queue
[2025-03-23T08:09:25.715+0000] {logging_mixin.py:190} INFO - [2025-03-23T08:09:25.715+0000] {dagbag.py:588} INFO - Filling up the DagBag from /home/airflow/.local/lib/python3.12/site-packages/airflow/example_dags/example_time_delta_sensor_async.py
[2025-03-23T08:09:25.724+0000] {processor.py:925} INFO - DAG(s) 'example_time_delta_sensor_async' retrieved from /home/airflow/.local/lib/python3.12/site-packages/airflow/example_dags/example_time_delta_sensor_async.py
[2025-03-23T08:09:25.749+0000] {logging_mixin.py:190} INFO - [2025-03-23T08:09:25.748+0000] {dag.py:3239} INFO - Sync 1 DAGs
[2025-03-23T08:09:25.768+0000] {logging_mixin.py:190} INFO - [2025-03-23T08:09:25.767+0000] {dag.py:4180} INFO - Setting next_dagrun for example_time_delta_sensor_async to None, run_after=None
[2025-03-23T08:09:26.021+0000] {processor.py:208} INFO - Processing /home/airflow/.local/lib/python3.12/site-packages/airflow/example_dags/example_time_delta_sensor_async.py took 0.321 seconds
[2025-03-23T08:09:56.147+0000] {processor.py:186} INFO - Started process (PID=456) to work on /home/airflow/.local/lib/python3.12/site-packages/airflow/example_dags/example_time_delta_sensor_async.py
[2025-03-23T08:09:56.148+0000] {processor.py:914} INFO - Processing file /home/airflow/.local/lib/python3.12/site-packages/airflow/example_dags/example_time_delta_sensor_async.py for tasks to queue
[2025-03-23T08:09:56.152+0000] {logging_mixin.py:190} INFO - [2025-03-23T08:09:56.151+0000] {dagbag.py:588} INFO - Filling up the DagBag from /home/airflow/.local/lib/python3.12/site-packages/airflow/example_dags/example_time_delta_sensor_async.py
[2025-03-23T08:09:56.161+0000] {processor.py:925} INFO - DAG(s) 'example_time_delta_sensor_async' retrieved from /home/airflow/.local/lib/python3.12/site-packages/airflow/example_dags/example_time_delta_sensor_async.py
[2025-03-23T08:09:56.186+0000] {logging_mixin.py:190} INFO - [2025-03-23T08:09:56.186+0000] {dag.py:3239} INFO - Sync 1 DAGs
[2025-03-23T08:09:56.206+0000] {logging_mixin.py:190} INFO - [2025-03-23T08:09:56.205+0000] {dag.py:4180} INFO - Setting next_dagrun for example_time_delta_sensor_async to None, run_after=None
[2025-03-23T08:09:56.393+0000] {processor.py:208} INFO - Processing /home/airflow/.local/lib/python3.12/site-packages/airflow/example_dags/example_time_delta_sensor_async.py took 0.258 seconds
[2025-03-23T08:10:27.068+0000] {processor.py:186} INFO - Started process (PID=520) to work on /home/airflow/.local/lib/python3.12/site-packages/airflow/example_dags/example_time_delta_sensor_async.py
[2025-03-23T08:10:27.069+0000] {processor.py:914} INFO - Processing file /home/airflow/.local/lib/python3.12/site-packages/airflow/example_dags/example_time_delta_sensor_async.py for tasks to queue
[2025-03-23T08:10:27.073+0000] {logging_mixin.py:190} INFO - [2025-03-23T08:10:27.073+0000] {dagbag.py:588} INFO - Filling up the DagBag from /home/airflow/.local/lib/python3.12/site-packages/airflow/example_dags/example_time_delta_sensor_async.py
[2025-03-23T08:10:27.081+0000] {processor.py:925} INFO - DAG(s) 'example_time_delta_sensor_async' retrieved from /home/airflow/.local/lib/python3.12/site-packages/airflow/example_dags/example_time_delta_sensor_async.py
[2025-03-23T08:10:27.107+0000] {logging_mixin.py:190} INFO - [2025-03-23T08:10:27.107+0000] {dag.py:3239} INFO - Sync 1 DAGs
[2025-03-23T08:10:27.125+0000] {logging_mixin.py:190} INFO - [2025-03-23T08:10:27.125+0000] {dag.py:4180} INFO - Setting next_dagrun for example_time_delta_sensor_async to None, run_after=None
[2025-03-23T08:10:27.192+0000] {processor.py:208} INFO - Processing /home/airflow/.local/lib/python3.12/site-packages/airflow/example_dags/example_time_delta_sensor_async.py took 0.131 seconds
[2025-03-23T08:10:58.801+0000] {processor.py:186} INFO - Started process (PID=584) to work on /home/airflow/.local/lib/python3.12/site-packages/airflow/example_dags/example_time_delta_sensor_async.py
[2025-03-23T08:10:58.802+0000] {processor.py:914} INFO - Processing file /home/airflow/.local/lib/python3.12/site-packages/airflow/example_dags/example_time_delta_sensor_async.py for tasks to queue
[2025-03-23T08:10:58.806+0000] {logging_mixin.py:190} INFO - [2025-03-23T08:10:58.805+0000] {dagbag.py:588} INFO - Filling up the DagBag from /home/airflow/.local/lib/python3.12/site-packages/airflow/example_dags/example_time_delta_sensor_async.py
[2025-03-23T08:10:58.816+0000] {processor.py:925} INFO - DAG(s) 'example_time_delta_sensor_async' retrieved from /home/airflow/.local/lib/python3.12/site-packages/airflow/example_dags/example_time_delta_sensor_async.py
[2025-03-23T08:10:58.847+0000] {logging_mixin.py:190} INFO - [2025-03-23T08:10:58.847+0000] {dag.py:3239} INFO - Sync 1 DAGs
[2025-03-23T08:10:58.869+0000] {logging_mixin.py:190} INFO - [2025-03-23T08:10:58.869+0000] {dag.py:4180} INFO - Setting next_dagrun for example_time_delta_sensor_async to None, run_after=None
[2025-03-23T08:10:58.920+0000] {processor.py:208} INFO - Processing /home/airflow/.local/lib/python3.12/site-packages/airflow/example_dags/example_time_delta_sensor_async.py took 0.130 seconds
[2025-03-23T08:11:30.331+0000] {processor.py:186} INFO - Started process (PID=648) to work on /home/airflow/.local/lib/python3.12/site-packages/airflow/example_dags/example_time_delta_sensor_async.py
[2025-03-23T08:11:30.332+0000] {processor.py:914} INFO - Processing file /home/airflow/.local/lib/python3.12/site-packages/airflow/example_dags/example_time_delta_sensor_async.py for tasks to queue
[2025-03-23T08:11:30.337+0000] {logging_mixin.py:190} INFO - [2025-03-23T08:11:30.336+0000] {dagbag.py:588} INFO - Filling up the DagBag from /home/airflow/.local/lib/python3.12/site-packages/airflow/example_dags/example_time_delta_sensor_async.py
[2025-03-23T08:11:30.351+0000] {processor.py:925} INFO - DAG(s) 'example_time_delta_sensor_async' retrieved from /home/airflow/.local/lib/python3.12/site-packages/airflow/example_dags/example_time_delta_sensor_async.py
[2025-03-23T08:11:30.385+0000] {logging_mixin.py:190} INFO - [2025-03-23T08:11:30.384+0000] {dag.py:3239} INFO - Sync 1 DAGs
[2025-03-23T08:11:30.407+0000] {logging_mixin.py:190} INFO - [2025-03-23T08:11:30.406+0000] {dag.py:4180} INFO - Setting next_dagrun for example_time_delta_sensor_async to None, run_after=None
[2025-03-23T08:11:30.553+0000] {processor.py:208} INFO - Processing /home/airflow/.local/lib/python3.12/site-packages/airflow/example_dags/example_time_delta_sensor_async.py took 0.234 seconds
[2025-03-23T08:12:00.788+0000] {processor.py:186} INFO - Started process (PID=711) to work on /home/airflow/.local/lib/python3.12/site-packages/airflow/example_dags/example_time_delta_sensor_async.py
[2025-03-23T08:12:00.789+0000] {processor.py:914} INFO - Processing file /home/airflow/.local/lib/python3.12/site-packages/airflow/example_dags/example_time_delta_sensor_async.py for tasks to queue
[2025-03-23T08:12:00.792+0000] {logging_mixin.py:190} INFO - [2025-03-23T08:12:00.791+0000] {dagbag.py:588} INFO - Filling up the DagBag from /home/airflow/.local/lib/python3.12/site-packages/airflow/example_dags/example_time_delta_sensor_async.py
[2025-03-23T08:12:00.801+0000] {processor.py:925} INFO - DAG(s) 'example_time_delta_sensor_async' retrieved from /home/airflow/.local/lib/python3.12/site-packages/airflow/example_dags/example_time_delta_sensor_async.py
[2025-03-23T08:12:00.823+0000] {logging_mixin.py:190} INFO - [2025-03-23T08:12:00.823+0000] {dag.py:3239} INFO - Sync 1 DAGs
[2025-03-23T08:12:00.843+0000] {logging_mixin.py:190} INFO - [2025-03-23T08:12:00.843+0000] {dag.py:4180} INFO - Setting next_dagrun for example_time_delta_sensor_async to None, run_after=None
[2025-03-23T08:12:00.907+0000] {processor.py:208} INFO - Processing /home/airflow/.local/lib/python3.12/site-packages/airflow/example_dags/example_time_delta_sensor_async.py took 0.126 seconds
[2025-03-23T08:12:31.104+0000] {processor.py:186} INFO - Started process (PID=774) to work on /home/airflow/.local/lib/python3.12/site-packages/airflow/example_dags/example_time_delta_sensor_async.py
[2025-03-23T08:12:31.105+0000] {processor.py:914} INFO - Processing file /home/airflow/.local/lib/python3.12/site-packages/airflow/example_dags/example_time_delta_sensor_async.py for tasks to queue
[2025-03-23T08:12:31.109+0000] {logging_mixin.py:190} INFO - [2025-03-23T08:12:31.109+0000] {dagbag.py:588} INFO - Filling up the DagBag from /home/airflow/.local/lib/python3.12/site-packages/airflow/example_dags/example_time_delta_sensor_async.py
[2025-03-23T08:12:31.117+0000] {processor.py:925} INFO - DAG(s) 'example_time_delta_sensor_async' retrieved from /home/airflow/.local/lib/python3.12/site-packages/airflow/example_dags/example_time_delta_sensor_async.py
[2025-03-23T08:12:31.145+0000] {logging_mixin.py:190} INFO - [2025-03-23T08:12:31.144+0000] {dag.py:3239} INFO - Sync 1 DAGs
[2025-03-23T08:12:31.164+0000] {logging_mixin.py:190} INFO - [2025-03-23T08:12:31.163+0000] {dag.py:4180} INFO - Setting next_dagrun for example_time_delta_sensor_async to None, run_after=None
[2025-03-23T08:12:31.220+0000] {processor.py:208} INFO - Processing /home/airflow/.local/lib/python3.12/site-packages/airflow/example_dags/example_time_delta_sensor_async.py took 0.123 seconds
[2025-03-23T08:13:01.361+0000] {processor.py:186} INFO - Started process (PID=838) to work on /home/airflow/.local/lib/python3.12/site-packages/airflow/example_dags/example_time_delta_sensor_async.py
[2025-03-23T08:13:01.363+0000] {processor.py:914} INFO - Processing file /home/airflow/.local/lib/python3.12/site-packages/airflow/example_dags/example_time_delta_sensor_async.py for tasks to queue
[2025-03-23T08:13:01.369+0000] {logging_mixin.py:190} INFO - [2025-03-23T08:13:01.368+0000] {dagbag.py:588} INFO - Filling up the DagBag from /home/airflow/.local/lib/python3.12/site-packages/airflow/example_dags/example_time_delta_sensor_async.py
[2025-03-23T08:13:01.390+0000] {processor.py:925} INFO - DAG(s) 'example_time_delta_sensor_async' retrieved from /home/airflow/.local/lib/python3.12/site-packages/airflow/example_dags/example_time_delta_sensor_async.py
[2025-03-23T08:13:01.421+0000] {logging_mixin.py:190} INFO - [2025-03-23T08:13:01.420+0000] {dag.py:3239} INFO - Sync 1 DAGs
[2025-03-23T08:13:01.447+0000] {logging_mixin.py:190} INFO - [2025-03-23T08:13:01.446+0000] {dag.py:4180} INFO - Setting next_dagrun for example_time_delta_sensor_async to None, run_after=None
[2025-03-23T08:13:01.510+0000] {processor.py:208} INFO - Processing /home/airflow/.local/lib/python3.12/site-packages/airflow/example_dags/example_time_delta_sensor_async.py took 0.158 seconds
[2025-03-23T08:13:31.571+0000] {processor.py:186} INFO - Started process (PID=902) to work on /home/airflow/.local/lib/python3.12/site-packages/airflow/example_dags/example_time_delta_sensor_async.py
[2025-03-23T08:13:31.573+0000] {processor.py:914} INFO - Processing file /home/airflow/.local/lib/python3.12/site-packages/airflow/example_dags/example_time_delta_sensor_async.py for tasks to queue
[2025-03-23T08:13:31.576+0000] {logging_mixin.py:190} INFO - [2025-03-23T08:13:31.576+0000] {dagbag.py:588} INFO - Filling up the DagBag from /home/airflow/.local/lib/python3.12/site-packages/airflow/example_dags/example_time_delta_sensor_async.py
[2025-03-23T08:13:31.587+0000] {processor.py:925} INFO - DAG(s) 'example_time_delta_sensor_async' retrieved from /home/airflow/.local/lib/python3.12/site-packages/airflow/example_dags/example_time_delta_sensor_async.py
[2025-03-23T08:13:31.611+0000] {logging_mixin.py:190} INFO - [2025-03-23T08:13:31.610+0000] {dag.py:3239} INFO - Sync 1 DAGs
[2025-03-23T08:13:31.628+0000] {logging_mixin.py:190} INFO - [2025-03-23T08:13:31.627+0000] {dag.py:4180} INFO - Setting next_dagrun for example_time_delta_sensor_async to None, run_after=None
[2025-03-23T08:13:31.689+0000] {processor.py:208} INFO - Processing /home/airflow/.local/lib/python3.12/site-packages/airflow/example_dags/example_time_delta_sensor_async.py took 0.125 seconds
[2025-03-23T08:14:02.486+0000] {processor.py:186} INFO - Started process (PID=966) to work on /home/airflow/.local/lib/python3.12/site-packages/airflow/example_dags/example_time_delta_sensor_async.py
[2025-03-23T08:14:02.488+0000] {processor.py:914} INFO - Processing file /home/airflow/.local/lib/python3.12/site-packages/airflow/example_dags/example_time_delta_sensor_async.py for tasks to queue
[2025-03-23T08:14:02.492+0000] {logging_mixin.py:190} INFO - [2025-03-23T08:14:02.491+0000] {dagbag.py:588} INFO - Filling up the DagBag from /home/airflow/.local/lib/python3.12/site-packages/airflow/example_dags/example_time_delta_sensor_async.py
[2025-03-23T08:14:02.502+0000] {processor.py:925} INFO - DAG(s) 'example_time_delta_sensor_async' retrieved from /home/airflow/.local/lib/python3.12/site-packages/airflow/example_dags/example_time_delta_sensor_async.py
[2025-03-23T08:14:02.529+0000] {logging_mixin.py:190} INFO - [2025-03-23T08:14:02.529+0000] {dag.py:3239} INFO - Sync 1 DAGs
[2025-03-23T08:14:02.550+0000] {logging_mixin.py:190} INFO - [2025-03-23T08:14:02.550+0000] {dag.py:4180} INFO - Setting next_dagrun for example_time_delta_sensor_async to None, run_after=None
[2025-03-23T08:14:02.615+0000] {processor.py:208} INFO - Processing /home/airflow/.local/lib/python3.12/site-packages/airflow/example_dags/example_time_delta_sensor_async.py took 0.136 seconds
[2025-03-23T08:14:32.931+0000] {processor.py:186} INFO - Started process (PID=1037) to work on /home/airflow/.local/lib/python3.12/site-packages/airflow/example_dags/example_time_delta_sensor_async.py
[2025-03-23T08:14:32.933+0000] {processor.py:914} INFO - Processing file /home/airflow/.local/lib/python3.12/site-packages/airflow/example_dags/example_time_delta_sensor_async.py for tasks to queue
[2025-03-23T08:14:32.937+0000] {logging_mixin.py:190} INFO - [2025-03-23T08:14:32.936+0000] {dagbag.py:588} INFO - Filling up the DagBag from /home/airflow/.local/lib/python3.12/site-packages/airflow/example_dags/example_time_delta_sensor_async.py
[2025-03-23T08:14:32.949+0000] {processor.py:925} INFO - DAG(s) 'example_time_delta_sensor_async' retrieved from /home/airflow/.local/lib/python3.12/site-packages/airflow/example_dags/example_time_delta_sensor_async.py
[2025-03-23T08:14:32.973+0000] {logging_mixin.py:190} INFO - [2025-03-23T08:14:32.973+0000] {dag.py:3239} INFO - Sync 1 DAGs
[2025-03-23T08:14:32.992+0000] {logging_mixin.py:190} INFO - [2025-03-23T08:14:32.991+0000] {dag.py:4180} INFO - Setting next_dagrun for example_time_delta_sensor_async to None, run_after=None
[2025-03-23T08:14:33.047+0000] {processor.py:208} INFO - Processing /home/airflow/.local/lib/python3.12/site-packages/airflow/example_dags/example_time_delta_sensor_async.py took 0.123 seconds
[2025-03-23T08:15:03.263+0000] {processor.py:186} INFO - Started process (PID=1119) to work on /home/airflow/.local/lib/python3.12/site-packages/airflow/example_dags/example_time_delta_sensor_async.py
[2025-03-23T08:15:03.265+0000] {processor.py:914} INFO - Processing file /home/airflow/.local/lib/python3.12/site-packages/airflow/example_dags/example_time_delta_sensor_async.py for tasks to queue
[2025-03-23T08:15:03.269+0000] {logging_mixin.py:190} INFO - [2025-03-23T08:15:03.268+0000] {dagbag.py:588} INFO - Filling up the DagBag from /home/airflow/.local/lib/python3.12/site-packages/airflow/example_dags/example_time_delta_sensor_async.py
[2025-03-23T08:15:03.284+0000] {processor.py:925} INFO - DAG(s) 'example_time_delta_sensor_async' retrieved from /home/airflow/.local/lib/python3.12/site-packages/airflow/example_dags/example_time_delta_sensor_async.py
[2025-03-23T08:15:03.317+0000] {logging_mixin.py:190} INFO - [2025-03-23T08:15:03.317+0000] {dag.py:3239} INFO - Sync 1 DAGs
[2025-03-23T08:15:03.340+0000] {logging_mixin.py:190} INFO - [2025-03-23T08:15:03.339+0000] {dag.py:4180} INFO - Setting next_dagrun for example_time_delta_sensor_async to None, run_after=None
[2025-03-23T08:15:03.409+0000] {processor.py:208} INFO - Processing /home/airflow/.local/lib/python3.12/site-packages/airflow/example_dags/example_time_delta_sensor_async.py took 0.158 seconds
[2025-03-23T08:15:33.846+0000] {processor.py:186} INFO - Started process (PID=1183) to work on /home/airflow/.local/lib/python3.12/site-packages/airflow/example_dags/example_time_delta_sensor_async.py
[2025-03-23T08:15:33.847+0000] {processor.py:914} INFO - Processing file /home/airflow/.local/lib/python3.12/site-packages/airflow/example_dags/example_time_delta_sensor_async.py for tasks to queue
[2025-03-23T08:15:33.852+0000] {logging_mixin.py:190} INFO - [2025-03-23T08:15:33.851+0000] {dagbag.py:588} INFO - Filling up the DagBag from /home/airflow/.local/lib/python3.12/site-packages/airflow/example_dags/example_time_delta_sensor_async.py
[2025-03-23T08:15:33.863+0000] {processor.py:925} INFO - DAG(s) 'example_time_delta_sensor_async' retrieved from /home/airflow/.local/lib/python3.12/site-packages/airflow/example_dags/example_time_delta_sensor_async.py
[2025-03-23T08:15:33.893+0000] {logging_mixin.py:190} INFO - [2025-03-23T08:15:33.893+0000] {dag.py:3239} INFO - Sync 1 DAGs
[2025-03-23T08:15:33.919+0000] {logging_mixin.py:190} INFO - [2025-03-23T08:15:33.918+0000] {dag.py:4180} INFO - Setting next_dagrun for example_time_delta_sensor_async to None, run_after=None
[2025-03-23T08:15:34.104+0000] {processor.py:208} INFO - Processing /home/airflow/.local/lib/python3.12/site-packages/airflow/example_dags/example_time_delta_sensor_async.py took 0.275 seconds
[2025-03-23T08:16:04.343+0000] {processor.py:186} INFO - Started process (PID=1247) to work on /home/airflow/.local/lib/python3.12/site-packages/airflow/example_dags/example_time_delta_sensor_async.py
[2025-03-23T08:16:04.344+0000] {processor.py:914} INFO - Processing file /home/airflow/.local/lib/python3.12/site-packages/airflow/example_dags/example_time_delta_sensor_async.py for tasks to queue
[2025-03-23T08:16:04.348+0000] {logging_mixin.py:190} INFO - [2025-03-23T08:16:04.347+0000] {dagbag.py:588} INFO - Filling up the DagBag from /home/airflow/.local/lib/python3.12/site-packages/airflow/example_dags/example_time_delta_sensor_async.py
[2025-03-23T08:16:04.361+0000] {processor.py:925} INFO - DAG(s) 'example_time_delta_sensor_async' retrieved from /home/airflow/.local/lib/python3.12/site-packages/airflow/example_dags/example_time_delta_sensor_async.py
[2025-03-23T08:16:04.394+0000] {logging_mixin.py:190} INFO - [2025-03-23T08:16:04.394+0000] {dag.py:3239} INFO - Sync 1 DAGs
[2025-03-23T08:16:04.422+0000] {logging_mixin.py:190} INFO - [2025-03-23T08:16:04.422+0000] {dag.py:4180} INFO - Setting next_dagrun for example_time_delta_sensor_async to None, run_after=None
[2025-03-23T08:16:04.490+0000] {processor.py:208} INFO - Processing /home/airflow/.local/lib/python3.12/site-packages/airflow/example_dags/example_time_delta_sensor_async.py took 0.163 seconds
[2025-03-23T08:16:34.731+0000] {processor.py:186} INFO - Started process (PID=1310) to work on /home/airflow/.local/lib/python3.12/site-packages/airflow/example_dags/example_time_delta_sensor_async.py
[2025-03-23T08:16:34.732+0000] {processor.py:914} INFO - Processing file /home/airflow/.local/lib/python3.12/site-packages/airflow/example_dags/example_time_delta_sensor_async.py for tasks to queue
[2025-03-23T08:16:34.735+0000] {logging_mixin.py:190} INFO - [2025-03-23T08:16:34.734+0000] {dagbag.py:588} INFO - Filling up the DagBag from /home/airflow/.local/lib/python3.12/site-packages/airflow/example_dags/example_time_delta_sensor_async.py
[2025-03-23T08:16:34.743+0000] {processor.py:925} INFO - DAG(s) 'example_time_delta_sensor_async' retrieved from /home/airflow/.local/lib/python3.12/site-packages/airflow/example_dags/example_time_delta_sensor_async.py
[2025-03-23T08:16:34.767+0000] {logging_mixin.py:190} INFO - [2025-03-23T08:16:34.766+0000] {dag.py:3239} INFO - Sync 1 DAGs
[2025-03-23T08:16:34.787+0000] {logging_mixin.py:190} INFO - [2025-03-23T08:16:34.787+0000] {dag.py:4180} INFO - Setting next_dagrun for example_time_delta_sensor_async to None, run_after=None
[2025-03-23T08:16:34.853+0000] {processor.py:208} INFO - Processing /home/airflow/.local/lib/python3.12/site-packages/airflow/example_dags/example_time_delta_sensor_async.py took 0.134 seconds
[2025-03-23T08:17:05.081+0000] {processor.py:186} INFO - Started process (PID=1374) to work on /home/airflow/.local/lib/python3.12/site-packages/airflow/example_dags/example_time_delta_sensor_async.py
[2025-03-23T08:17:05.082+0000] {processor.py:914} INFO - Processing file /home/airflow/.local/lib/python3.12/site-packages/airflow/example_dags/example_time_delta_sensor_async.py for tasks to queue
[2025-03-23T08:17:05.086+0000] {logging_mixin.py:190} INFO - [2025-03-23T08:17:05.085+0000] {dagbag.py:588} INFO - Filling up the DagBag from /home/airflow/.local/lib/python3.12/site-packages/airflow/example_dags/example_time_delta_sensor_async.py
[2025-03-23T08:17:05.096+0000] {processor.py:925} INFO - DAG(s) 'example_time_delta_sensor_async' retrieved from /home/airflow/.local/lib/python3.12/site-packages/airflow/example_dags/example_time_delta_sensor_async.py
[2025-03-23T08:17:05.133+0000] {logging_mixin.py:190} INFO - [2025-03-23T08:17:05.132+0000] {dag.py:3239} INFO - Sync 1 DAGs
[2025-03-23T08:17:05.153+0000] {logging_mixin.py:190} INFO - [2025-03-23T08:17:05.153+0000] {dag.py:4180} INFO - Setting next_dagrun for example_time_delta_sensor_async to None, run_after=None
[2025-03-23T08:17:05.207+0000] {processor.py:208} INFO - Processing /home/airflow/.local/lib/python3.12/site-packages/airflow/example_dags/example_time_delta_sensor_async.py took 0.138 seconds
[2025-03-23T08:17:35.612+0000] {processor.py:186} INFO - Started process (PID=1438) to work on /home/airflow/.local/lib/python3.12/site-packages/airflow/example_dags/example_time_delta_sensor_async.py
[2025-03-23T08:17:35.613+0000] {processor.py:914} INFO - Processing file /home/airflow/.local/lib/python3.12/site-packages/airflow/example_dags/example_time_delta_sensor_async.py for tasks to queue
[2025-03-23T08:17:35.616+0000] {logging_mixin.py:190} INFO - [2025-03-23T08:17:35.615+0000] {dagbag.py:588} INFO - Filling up the DagBag from /home/airflow/.local/lib/python3.12/site-packages/airflow/example_dags/example_time_delta_sensor_async.py
[2025-03-23T08:17:35.625+0000] {processor.py:925} INFO - DAG(s) 'example_time_delta_sensor_async' retrieved from /home/airflow/.local/lib/python3.12/site-packages/airflow/example_dags/example_time_delta_sensor_async.py
[2025-03-23T08:17:35.648+0000] {logging_mixin.py:190} INFO - [2025-03-23T08:17:35.648+0000] {dag.py:3239} INFO - Sync 1 DAGs
[2025-03-23T08:17:35.673+0000] {logging_mixin.py:190} INFO - [2025-03-23T08:17:35.673+0000] {dag.py:4180} INFO - Setting next_dagrun for example_time_delta_sensor_async to None, run_after=None
[2025-03-23T08:17:35.718+0000] {processor.py:208} INFO - Processing /home/airflow/.local/lib/python3.12/site-packages/airflow/example_dags/example_time_delta_sensor_async.py took 0.120 seconds
[2025-03-23T08:18:06.413+0000] {processor.py:186} INFO - Started process (PID=1502) to work on /home/airflow/.local/lib/python3.12/site-packages/airflow/example_dags/example_time_delta_sensor_async.py
[2025-03-23T08:18:06.414+0000] {processor.py:914} INFO - Processing file /home/airflow/.local/lib/python3.12/site-packages/airflow/example_dags/example_time_delta_sensor_async.py for tasks to queue
[2025-03-23T08:18:06.417+0000] {logging_mixin.py:190} INFO - [2025-03-23T08:18:06.417+0000] {dagbag.py:588} INFO - Filling up the DagBag from /home/airflow/.local/lib/python3.12/site-packages/airflow/example_dags/example_time_delta_sensor_async.py
[2025-03-23T08:18:06.426+0000] {processor.py:925} INFO - DAG(s) 'example_time_delta_sensor_async' retrieved from /home/airflow/.local/lib/python3.12/site-packages/airflow/example_dags/example_time_delta_sensor_async.py
[2025-03-23T08:18:06.452+0000] {logging_mixin.py:190} INFO - [2025-03-23T08:18:06.451+0000] {dag.py:3239} INFO - Sync 1 DAGs
[2025-03-23T08:18:06.478+0000] {logging_mixin.py:190} INFO - [2025-03-23T08:18:06.478+0000] {dag.py:4180} INFO - Setting next_dagrun for example_time_delta_sensor_async to None, run_after=None
[2025-03-23T08:18:06.531+0000] {processor.py:208} INFO - Processing /home/airflow/.local/lib/python3.12/site-packages/airflow/example_dags/example_time_delta_sensor_async.py took 0.135 seconds
[2025-03-23T08:18:36.951+0000] {processor.py:186} INFO - Started process (PID=1566) to work on /home/airflow/.local/lib/python3.12/site-packages/airflow/example_dags/example_time_delta_sensor_async.py
[2025-03-23T08:18:36.952+0000] {processor.py:914} INFO - Processing file /home/airflow/.local/lib/python3.12/site-packages/airflow/example_dags/example_time_delta_sensor_async.py for tasks to queue
[2025-03-23T08:18:36.955+0000] {logging_mixin.py:190} INFO - [2025-03-23T08:18:36.955+0000] {dagbag.py:588} INFO - Filling up the DagBag from /home/airflow/.local/lib/python3.12/site-packages/airflow/example_dags/example_time_delta_sensor_async.py
[2025-03-23T08:18:36.964+0000] {processor.py:925} INFO - DAG(s) 'example_time_delta_sensor_async' retrieved from /home/airflow/.local/lib/python3.12/site-packages/airflow/example_dags/example_time_delta_sensor_async.py
[2025-03-23T08:18:36.984+0000] {logging_mixin.py:190} INFO - [2025-03-23T08:18:36.984+0000] {dag.py:3239} INFO - Sync 1 DAGs
[2025-03-23T08:18:37.002+0000] {logging_mixin.py:190} INFO - [2025-03-23T08:18:37.001+0000] {dag.py:4180} INFO - Setting next_dagrun for example_time_delta_sensor_async to None, run_after=None
[2025-03-23T08:18:37.108+0000] {processor.py:208} INFO - Processing /home/airflow/.local/lib/python3.12/site-packages/airflow/example_dags/example_time_delta_sensor_async.py took 0.170 seconds
[2025-03-23T08:19:07.695+0000] {processor.py:186} INFO - Started process (PID=1630) to work on /home/airflow/.local/lib/python3.12/site-packages/airflow/example_dags/example_time_delta_sensor_async.py
[2025-03-23T08:19:07.701+0000] {processor.py:914} INFO - Processing file /home/airflow/.local/lib/python3.12/site-packages/airflow/example_dags/example_time_delta_sensor_async.py for tasks to queue
[2025-03-23T08:19:07.705+0000] {logging_mixin.py:190} INFO - [2025-03-23T08:19:07.704+0000] {dagbag.py:588} INFO - Filling up the DagBag from /home/airflow/.local/lib/python3.12/site-packages/airflow/example_dags/example_time_delta_sensor_async.py
[2025-03-23T08:19:07.713+0000] {processor.py:925} INFO - DAG(s) 'example_time_delta_sensor_async' retrieved from /home/airflow/.local/lib/python3.12/site-packages/airflow/example_dags/example_time_delta_sensor_async.py
[2025-03-23T08:19:07.734+0000] {logging_mixin.py:190} INFO - [2025-03-23T08:19:07.734+0000] {dag.py:3239} INFO - Sync 1 DAGs
[2025-03-23T08:19:07.752+0000] {logging_mixin.py:190} INFO - [2025-03-23T08:19:07.752+0000] {dag.py:4180} INFO - Setting next_dagrun for example_time_delta_sensor_async to None, run_after=None
[2025-03-23T08:19:07.811+0000] {processor.py:208} INFO - Processing /home/airflow/.local/lib/python3.12/site-packages/airflow/example_dags/example_time_delta_sensor_async.py took 0.129 seconds
[2025-03-23T08:19:38.401+0000] {processor.py:186} INFO - Started process (PID=1694) to work on /home/airflow/.local/lib/python3.12/site-packages/airflow/example_dags/example_time_delta_sensor_async.py
[2025-03-23T08:19:38.403+0000] {processor.py:914} INFO - Processing file /home/airflow/.local/lib/python3.12/site-packages/airflow/example_dags/example_time_delta_sensor_async.py for tasks to queue
[2025-03-23T08:19:38.406+0000] {logging_mixin.py:190} INFO - [2025-03-23T08:19:38.406+0000] {dagbag.py:588} INFO - Filling up the DagBag from /home/airflow/.local/lib/python3.12/site-packages/airflow/example_dags/example_time_delta_sensor_async.py
[2025-03-23T08:19:38.416+0000] {processor.py:925} INFO - DAG(s) 'example_time_delta_sensor_async' retrieved from /home/airflow/.local/lib/python3.12/site-packages/airflow/example_dags/example_time_delta_sensor_async.py
[2025-03-23T08:19:38.437+0000] {logging_mixin.py:190} INFO - [2025-03-23T08:19:38.437+0000] {dag.py:3239} INFO - Sync 1 DAGs
[2025-03-23T08:19:38.455+0000] {logging_mixin.py:190} INFO - [2025-03-23T08:19:38.455+0000] {dag.py:4180} INFO - Setting next_dagrun for example_time_delta_sensor_async to None, run_after=None
[2025-03-23T08:19:38.524+0000] {processor.py:208} INFO - Processing /home/airflow/.local/lib/python3.12/site-packages/airflow/example_dags/example_time_delta_sensor_async.py took 0.143 seconds
[2025-03-23T08:20:08.711+0000] {processor.py:186} INFO - Started process (PID=1758) to work on /home/airflow/.local/lib/python3.12/site-packages/airflow/example_dags/example_time_delta_sensor_async.py
[2025-03-23T08:20:08.712+0000] {processor.py:914} INFO - Processing file /home/airflow/.local/lib/python3.12/site-packages/airflow/example_dags/example_time_delta_sensor_async.py for tasks to queue
[2025-03-23T08:20:08.715+0000] {logging_mixin.py:190} INFO - [2025-03-23T08:20:08.715+0000] {dagbag.py:588} INFO - Filling up the DagBag from /home/airflow/.local/lib/python3.12/site-packages/airflow/example_dags/example_time_delta_sensor_async.py
[2025-03-23T08:20:08.728+0000] {processor.py:925} INFO - DAG(s) 'example_time_delta_sensor_async' retrieved from /home/airflow/.local/lib/python3.12/site-packages/airflow/example_dags/example_time_delta_sensor_async.py
[2025-03-23T08:20:08.752+0000] {logging_mixin.py:190} INFO - [2025-03-23T08:20:08.752+0000] {dag.py:3239} INFO - Sync 1 DAGs
[2025-03-23T08:20:08.770+0000] {logging_mixin.py:190} INFO - [2025-03-23T08:20:08.770+0000] {dag.py:4180} INFO - Setting next_dagrun for example_time_delta_sensor_async to None, run_after=None
[2025-03-23T08:20:08.825+0000] {processor.py:208} INFO - Processing /home/airflow/.local/lib/python3.12/site-packages/airflow/example_dags/example_time_delta_sensor_async.py took 0.128 seconds
[2025-03-23T08:20:39.193+0000] {processor.py:186} INFO - Started process (PID=1821) to work on /home/airflow/.local/lib/python3.12/site-packages/airflow/example_dags/example_time_delta_sensor_async.py
[2025-03-23T08:20:39.194+0000] {processor.py:914} INFO - Processing file /home/airflow/.local/lib/python3.12/site-packages/airflow/example_dags/example_time_delta_sensor_async.py for tasks to queue
[2025-03-23T08:20:39.197+0000] {logging_mixin.py:190} INFO - [2025-03-23T08:20:39.197+0000] {dagbag.py:588} INFO - Filling up the DagBag from /home/airflow/.local/lib/python3.12/site-packages/airflow/example_dags/example_time_delta_sensor_async.py
[2025-03-23T08:20:39.208+0000] {processor.py:925} INFO - DAG(s) 'example_time_delta_sensor_async' retrieved from /home/airflow/.local/lib/python3.12/site-packages/airflow/example_dags/example_time_delta_sensor_async.py
[2025-03-23T08:20:39.241+0000] {logging_mixin.py:190} INFO - [2025-03-23T08:20:39.241+0000] {dag.py:3239} INFO - Sync 1 DAGs
[2025-03-23T08:20:39.284+0000] {logging_mixin.py:190} INFO - [2025-03-23T08:20:39.283+0000] {dag.py:4180} INFO - Setting next_dagrun for example_time_delta_sensor_async to None, run_after=None
[2025-03-23T08:20:39.361+0000] {processor.py:208} INFO - Processing /home/airflow/.local/lib/python3.12/site-packages/airflow/example_dags/example_time_delta_sensor_async.py took 0.183 seconds
[2025-03-23T08:26:49.781+0000] {processor.py:186} INFO - Started process (PID=114) to work on /home/airflow/.local/lib/python3.12/site-packages/airflow/example_dags/example_time_delta_sensor_async.py
[2025-03-23T08:26:49.788+0000] {processor.py:914} INFO - Processing file /home/airflow/.local/lib/python3.12/site-packages/airflow/example_dags/example_time_delta_sensor_async.py for tasks to queue
[2025-03-23T08:26:49.796+0000] {logging_mixin.py:190} INFO - [2025-03-23T08:26:49.795+0000] {dagbag.py:588} INFO - Filling up the DagBag from /home/airflow/.local/lib/python3.12/site-packages/airflow/example_dags/example_time_delta_sensor_async.py
[2025-03-23T08:26:49.825+0000] {processor.py:925} INFO - DAG(s) 'example_time_delta_sensor_async' retrieved from /home/airflow/.local/lib/python3.12/site-packages/airflow/example_dags/example_time_delta_sensor_async.py
[2025-03-23T08:26:49.900+0000] {logging_mixin.py:190} INFO - [2025-03-23T08:26:49.899+0000] {dag.py:3239} INFO - Sync 1 DAGs
[2025-03-23T08:26:49.955+0000] {logging_mixin.py:190} INFO - [2025-03-23T08:26:49.955+0000] {dag.py:4180} INFO - Setting next_dagrun for example_time_delta_sensor_async to None, run_after=None
[2025-03-23T08:26:50.123+0000] {processor.py:208} INFO - Processing /home/airflow/.local/lib/python3.12/site-packages/airflow/example_dags/example_time_delta_sensor_async.py took 0.357 seconds
[2025-03-23T08:27:20.357+0000] {processor.py:186} INFO - Started process (PID=178) to work on /home/airflow/.local/lib/python3.12/site-packages/airflow/example_dags/example_time_delta_sensor_async.py
[2025-03-23T08:27:20.425+0000] {processor.py:914} INFO - Processing file /home/airflow/.local/lib/python3.12/site-packages/airflow/example_dags/example_time_delta_sensor_async.py for tasks to queue
[2025-03-23T08:27:20.433+0000] {logging_mixin.py:190} INFO - [2025-03-23T08:27:20.432+0000] {dagbag.py:588} INFO - Filling up the DagBag from /home/airflow/.local/lib/python3.12/site-packages/airflow/example_dags/example_time_delta_sensor_async.py
[2025-03-23T08:27:20.468+0000] {processor.py:925} INFO - DAG(s) 'example_time_delta_sensor_async' retrieved from /home/airflow/.local/lib/python3.12/site-packages/airflow/example_dags/example_time_delta_sensor_async.py
[2025-03-23T08:27:20.503+0000] {logging_mixin.py:190} INFO - [2025-03-23T08:27:20.502+0000] {dag.py:3239} INFO - Sync 1 DAGs
[2025-03-23T08:27:20.529+0000] {logging_mixin.py:190} INFO - [2025-03-23T08:27:20.529+0000] {dag.py:4180} INFO - Setting next_dagrun for example_time_delta_sensor_async to None, run_after=None
[2025-03-23T08:27:20.638+0000] {processor.py:208} INFO - Processing /home/airflow/.local/lib/python3.12/site-packages/airflow/example_dags/example_time_delta_sensor_async.py took 0.294 seconds
[2025-03-23T08:27:51.556+0000] {processor.py:186} INFO - Started process (PID=242) to work on /home/airflow/.local/lib/python3.12/site-packages/airflow/example_dags/example_time_delta_sensor_async.py
[2025-03-23T08:27:51.561+0000] {processor.py:914} INFO - Processing file /home/airflow/.local/lib/python3.12/site-packages/airflow/example_dags/example_time_delta_sensor_async.py for tasks to queue
[2025-03-23T08:27:51.567+0000] {logging_mixin.py:190} INFO - [2025-03-23T08:27:51.567+0000] {dagbag.py:588} INFO - Filling up the DagBag from /home/airflow/.local/lib/python3.12/site-packages/airflow/example_dags/example_time_delta_sensor_async.py
[2025-03-23T08:27:51.585+0000] {processor.py:925} INFO - DAG(s) 'example_time_delta_sensor_async' retrieved from /home/airflow/.local/lib/python3.12/site-packages/airflow/example_dags/example_time_delta_sensor_async.py
[2025-03-23T08:27:51.632+0000] {logging_mixin.py:190} INFO - [2025-03-23T08:27:51.631+0000] {dag.py:3239} INFO - Sync 1 DAGs
[2025-03-23T08:27:51.662+0000] {logging_mixin.py:190} INFO - [2025-03-23T08:27:51.662+0000] {dag.py:4180} INFO - Setting next_dagrun for example_time_delta_sensor_async to None, run_after=None
[2025-03-23T08:27:51.749+0000] {processor.py:208} INFO - Processing /home/airflow/.local/lib/python3.12/site-packages/airflow/example_dags/example_time_delta_sensor_async.py took 0.224 seconds
[2025-03-23T08:28:22.555+0000] {processor.py:186} INFO - Started process (PID=305) to work on /home/airflow/.local/lib/python3.12/site-packages/airflow/example_dags/example_time_delta_sensor_async.py
[2025-03-23T08:28:22.556+0000] {processor.py:914} INFO - Processing file /home/airflow/.local/lib/python3.12/site-packages/airflow/example_dags/example_time_delta_sensor_async.py for tasks to queue
[2025-03-23T08:28:22.561+0000] {logging_mixin.py:190} INFO - [2025-03-23T08:28:22.561+0000] {dagbag.py:588} INFO - Filling up the DagBag from /home/airflow/.local/lib/python3.12/site-packages/airflow/example_dags/example_time_delta_sensor_async.py
[2025-03-23T08:28:22.576+0000] {processor.py:925} INFO - DAG(s) 'example_time_delta_sensor_async' retrieved from /home/airflow/.local/lib/python3.12/site-packages/airflow/example_dags/example_time_delta_sensor_async.py
[2025-03-23T08:28:22.607+0000] {logging_mixin.py:190} INFO - [2025-03-23T08:28:22.607+0000] {dag.py:3239} INFO - Sync 1 DAGs
[2025-03-23T08:28:22.629+0000] {logging_mixin.py:190} INFO - [2025-03-23T08:28:22.628+0000] {dag.py:4180} INFO - Setting next_dagrun for example_time_delta_sensor_async to None, run_after=None
[2025-03-23T08:28:22.688+0000] {processor.py:208} INFO - Processing /home/airflow/.local/lib/python3.12/site-packages/airflow/example_dags/example_time_delta_sensor_async.py took 0.144 seconds
[2025-03-23T08:28:53.054+0000] {processor.py:186} INFO - Started process (PID=369) to work on /home/airflow/.local/lib/python3.12/site-packages/airflow/example_dags/example_time_delta_sensor_async.py
[2025-03-23T08:28:53.055+0000] {processor.py:914} INFO - Processing file /home/airflow/.local/lib/python3.12/site-packages/airflow/example_dags/example_time_delta_sensor_async.py for tasks to queue
[2025-03-23T08:28:53.058+0000] {logging_mixin.py:190} INFO - [2025-03-23T08:28:53.058+0000] {dagbag.py:588} INFO - Filling up the DagBag from /home/airflow/.local/lib/python3.12/site-packages/airflow/example_dags/example_time_delta_sensor_async.py
[2025-03-23T08:28:53.067+0000] {processor.py:925} INFO - DAG(s) 'example_time_delta_sensor_async' retrieved from /home/airflow/.local/lib/python3.12/site-packages/airflow/example_dags/example_time_delta_sensor_async.py
[2025-03-23T08:28:53.092+0000] {logging_mixin.py:190} INFO - [2025-03-23T08:28:53.092+0000] {dag.py:3239} INFO - Sync 1 DAGs
[2025-03-23T08:28:53.110+0000] {logging_mixin.py:190} INFO - [2025-03-23T08:28:53.110+0000] {dag.py:4180} INFO - Setting next_dagrun for example_time_delta_sensor_async to None, run_after=None
[2025-03-23T08:28:53.196+0000] {processor.py:208} INFO - Processing /home/airflow/.local/lib/python3.12/site-packages/airflow/example_dags/example_time_delta_sensor_async.py took 0.151 seconds
[2025-03-23T08:29:23.557+0000] {processor.py:186} INFO - Started process (PID=433) to work on /home/airflow/.local/lib/python3.12/site-packages/airflow/example_dags/example_time_delta_sensor_async.py
[2025-03-23T08:29:23.560+0000] {processor.py:914} INFO - Processing file /home/airflow/.local/lib/python3.12/site-packages/airflow/example_dags/example_time_delta_sensor_async.py for tasks to queue
[2025-03-23T08:29:23.576+0000] {logging_mixin.py:190} INFO - [2025-03-23T08:29:23.575+0000] {dagbag.py:588} INFO - Filling up the DagBag from /home/airflow/.local/lib/python3.12/site-packages/airflow/example_dags/example_time_delta_sensor_async.py
[2025-03-23T08:29:23.609+0000] {processor.py:925} INFO - DAG(s) 'example_time_delta_sensor_async' retrieved from /home/airflow/.local/lib/python3.12/site-packages/airflow/example_dags/example_time_delta_sensor_async.py
[2025-03-23T08:29:23.694+0000] {logging_mixin.py:190} INFO - [2025-03-23T08:29:23.693+0000] {dag.py:3239} INFO - Sync 1 DAGs
[2025-03-23T08:29:23.731+0000] {logging_mixin.py:190} INFO - [2025-03-23T08:29:23.730+0000] {dag.py:4180} INFO - Setting next_dagrun for example_time_delta_sensor_async to None, run_after=None
[2025-03-23T08:29:23.858+0000] {processor.py:208} INFO - Processing /home/airflow/.local/lib/python3.12/site-packages/airflow/example_dags/example_time_delta_sensor_async.py took 0.318 seconds
[2025-03-23T08:29:54.077+0000] {processor.py:186} INFO - Started process (PID=496) to work on /home/airflow/.local/lib/python3.12/site-packages/airflow/example_dags/example_time_delta_sensor_async.py
[2025-03-23T08:29:54.079+0000] {processor.py:914} INFO - Processing file /home/airflow/.local/lib/python3.12/site-packages/airflow/example_dags/example_time_delta_sensor_async.py for tasks to queue
[2025-03-23T08:29:54.083+0000] {logging_mixin.py:190} INFO - [2025-03-23T08:29:54.082+0000] {dagbag.py:588} INFO - Filling up the DagBag from /home/airflow/.local/lib/python3.12/site-packages/airflow/example_dags/example_time_delta_sensor_async.py
[2025-03-23T08:29:54.113+0000] {processor.py:925} INFO - DAG(s) 'example_time_delta_sensor_async' retrieved from /home/airflow/.local/lib/python3.12/site-packages/airflow/example_dags/example_time_delta_sensor_async.py
[2025-03-23T08:29:54.142+0000] {logging_mixin.py:190} INFO - [2025-03-23T08:29:54.141+0000] {dag.py:3239} INFO - Sync 1 DAGs
[2025-03-23T08:29:54.162+0000] {logging_mixin.py:190} INFO - [2025-03-23T08:29:54.162+0000] {dag.py:4180} INFO - Setting next_dagrun for example_time_delta_sensor_async to None, run_after=None
[2025-03-23T08:29:54.224+0000] {processor.py:208} INFO - Processing /home/airflow/.local/lib/python3.12/site-packages/airflow/example_dags/example_time_delta_sensor_async.py took 0.157 seconds
