[2025-03-23T08:06:56.447+0000] {processor.py:186} INFO - Started process (PID=115) to work on /home/airflow/.local/lib/python3.12/site-packages/airflow/example_dags/example_nested_branch_dag.py
[2025-03-23T08:06:56.449+0000] {processor.py:914} INFO - Processing file /home/airflow/.local/lib/python3.12/site-packages/airflow/example_dags/example_nested_branch_dag.py for tasks to queue
[2025-03-23T08:06:56.454+0000] {logging_mixin.py:190} INFO - [2025-03-23T08:06:56.453+0000] {dagbag.py:588} INFO - Filling up the DagBag from /home/airflow/.local/lib/python3.12/site-packages/airflow/example_dags/example_nested_branch_dag.py
[2025-03-23T08:06:56.520+0000] {processor.py:925} INFO - DAG(s) 'example_nested_branch_dag' retrieved from /home/airflow/.local/lib/python3.12/site-packages/airflow/example_dags/example_nested_branch_dag.py
[2025-03-23T08:06:57.111+0000] {logging_mixin.py:190} INFO - [2025-03-23T08:06:57.110+0000] {override.py:1911} INFO - Created Permission View: can edit on DAG:example_nested_branch_dag
[2025-03-23T08:06:57.256+0000] {logging_mixin.py:190} INFO - [2025-03-23T08:06:57.256+0000] {override.py:1911} INFO - Created Permission View: can delete on DAG:example_nested_branch_dag
[2025-03-23T08:06:57.456+0000] {logging_mixin.py:190} INFO - [2025-03-23T08:06:57.455+0000] {override.py:1911} INFO - Created Permission View: can read on DAG:example_nested_branch_dag
[2025-03-23T08:06:58.099+0000] {logging_mixin.py:190} INFO - [2025-03-23T08:06:58.099+0000] {override.py:1911} INFO - Created Permission View: menu access on DAG Run:example_nested_branch_dag
[2025-03-23T08:06:58.175+0000] {logging_mixin.py:190} INFO - [2025-03-23T08:06:58.175+0000] {override.py:1911} INFO - Created Permission View: can create on DAG Run:example_nested_branch_dag
[2025-03-23T08:06:58.344+0000] {logging_mixin.py:190} INFO - [2025-03-23T08:06:58.343+0000] {override.py:1911} INFO - Created Permission View: can read on DAG Run:example_nested_branch_dag
[2025-03-23T08:06:58.433+0000] {logging_mixin.py:190} INFO - [2025-03-23T08:06:58.433+0000] {override.py:1911} INFO - Created Permission View: can delete on DAG Run:example_nested_branch_dag
[2025-03-23T08:06:58.435+0000] {logging_mixin.py:190} INFO - [2025-03-23T08:06:58.435+0000] {dag.py:3239} INFO - Sync 1 DAGs
[2025-03-23T08:06:58.451+0000] {logging_mixin.py:190} INFO - [2025-03-23T08:06:58.451+0000] {dag.py:3262} INFO - Creating ORM DAG for example_nested_branch_dag
[2025-03-23T08:06:58.465+0000] {logging_mixin.py:190} INFO - [2025-03-23T08:06:58.465+0000] {dag.py:4180} INFO - Setting next_dagrun for example_nested_branch_dag to 2025-03-22 00:00:00+00:00, run_after=2025-03-23 00:00:00+00:00
[2025-03-23T08:06:58.635+0000] {processor.py:208} INFO - Processing /home/airflow/.local/lib/python3.12/site-packages/airflow/example_dags/example_nested_branch_dag.py took 2.198 seconds
[2025-03-23T08:07:43.518+0000] {processor.py:186} INFO - Started process (PID=178) to work on /home/airflow/.local/lib/python3.12/site-packages/airflow/example_dags/example_nested_branch_dag.py
[2025-03-23T08:07:43.539+0000] {processor.py:914} INFO - Processing file /home/airflow/.local/lib/python3.12/site-packages/airflow/example_dags/example_nested_branch_dag.py for tasks to queue
[2025-03-23T08:07:43.545+0000] {logging_mixin.py:190} INFO - [2025-03-23T08:07:43.544+0000] {dagbag.py:588} INFO - Filling up the DagBag from /home/airflow/.local/lib/python3.12/site-packages/airflow/example_dags/example_nested_branch_dag.py
[2025-03-23T08:07:43.597+0000] {processor.py:925} INFO - DAG(s) 'example_nested_branch_dag' retrieved from /home/airflow/.local/lib/python3.12/site-packages/airflow/example_dags/example_nested_branch_dag.py
[2025-03-23T08:07:43.657+0000] {logging_mixin.py:190} INFO - [2025-03-23T08:07:43.656+0000] {dag.py:3239} INFO - Sync 1 DAGs
[2025-03-23T08:07:43.722+0000] {logging_mixin.py:190} INFO - [2025-03-23T08:07:43.722+0000] {dag.py:4180} INFO - Setting next_dagrun for example_nested_branch_dag to 2025-03-22 00:00:00+00:00, run_after=2025-03-23 00:00:00+00:00
[2025-03-23T08:07:43.836+0000] {processor.py:208} INFO - Processing /home/airflow/.local/lib/python3.12/site-packages/airflow/example_dags/example_nested_branch_dag.py took 0.330 seconds
[2025-03-23T08:08:14.080+0000] {processor.py:186} INFO - Started process (PID=242) to work on /home/airflow/.local/lib/python3.12/site-packages/airflow/example_dags/example_nested_branch_dag.py
[2025-03-23T08:08:14.081+0000] {processor.py:914} INFO - Processing file /home/airflow/.local/lib/python3.12/site-packages/airflow/example_dags/example_nested_branch_dag.py for tasks to queue
[2025-03-23T08:08:14.086+0000] {logging_mixin.py:190} INFO - [2025-03-23T08:08:14.086+0000] {dagbag.py:588} INFO - Filling up the DagBag from /home/airflow/.local/lib/python3.12/site-packages/airflow/example_dags/example_nested_branch_dag.py
[2025-03-23T08:08:14.106+0000] {processor.py:925} INFO - DAG(s) 'example_nested_branch_dag' retrieved from /home/airflow/.local/lib/python3.12/site-packages/airflow/example_dags/example_nested_branch_dag.py
[2025-03-23T08:08:14.149+0000] {logging_mixin.py:190} INFO - [2025-03-23T08:08:14.149+0000] {dag.py:3239} INFO - Sync 1 DAGs
[2025-03-23T08:08:14.190+0000] {logging_mixin.py:190} INFO - [2025-03-23T08:08:14.190+0000] {dag.py:4180} INFO - Setting next_dagrun for example_nested_branch_dag to 2025-03-22 00:00:00+00:00, run_after=2025-03-23 00:00:00+00:00
[2025-03-23T08:08:14.357+0000] {processor.py:208} INFO - Processing /home/airflow/.local/lib/python3.12/site-packages/airflow/example_dags/example_nested_branch_dag.py took 0.289 seconds
[2025-03-23T08:08:44.838+0000] {processor.py:186} INFO - Started process (PID=306) to work on /home/airflow/.local/lib/python3.12/site-packages/airflow/example_dags/example_nested_branch_dag.py
[2025-03-23T08:08:44.839+0000] {processor.py:914} INFO - Processing file /home/airflow/.local/lib/python3.12/site-packages/airflow/example_dags/example_nested_branch_dag.py for tasks to queue
[2025-03-23T08:08:44.848+0000] {logging_mixin.py:190} INFO - [2025-03-23T08:08:44.848+0000] {dagbag.py:588} INFO - Filling up the DagBag from /home/airflow/.local/lib/python3.12/site-packages/airflow/example_dags/example_nested_branch_dag.py
[2025-03-23T08:08:44.879+0000] {processor.py:925} INFO - DAG(s) 'example_nested_branch_dag' retrieved from /home/airflow/.local/lib/python3.12/site-packages/airflow/example_dags/example_nested_branch_dag.py
[2025-03-23T08:08:44.927+0000] {logging_mixin.py:190} INFO - [2025-03-23T08:08:44.925+0000] {dag.py:3239} INFO - Sync 1 DAGs
[2025-03-23T08:08:44.993+0000] {logging_mixin.py:190} INFO - [2025-03-23T08:08:44.991+0000] {dag.py:4180} INFO - Setting next_dagrun for example_nested_branch_dag to 2025-03-22 00:00:00+00:00, run_after=2025-03-23 00:00:00+00:00
[2025-03-23T08:08:45.145+0000] {processor.py:208} INFO - Processing /home/airflow/.local/lib/python3.12/site-packages/airflow/example_dags/example_nested_branch_dag.py took 0.320 seconds
[2025-03-23T08:09:15.626+0000] {processor.py:186} INFO - Started process (PID=369) to work on /home/airflow/.local/lib/python3.12/site-packages/airflow/example_dags/example_nested_branch_dag.py
[2025-03-23T08:09:15.627+0000] {processor.py:914} INFO - Processing file /home/airflow/.local/lib/python3.12/site-packages/airflow/example_dags/example_nested_branch_dag.py for tasks to queue
[2025-03-23T08:09:15.632+0000] {logging_mixin.py:190} INFO - [2025-03-23T08:09:15.630+0000] {dagbag.py:588} INFO - Filling up the DagBag from /home/airflow/.local/lib/python3.12/site-packages/airflow/example_dags/example_nested_branch_dag.py
[2025-03-23T08:09:15.657+0000] {processor.py:925} INFO - DAG(s) 'example_nested_branch_dag' retrieved from /home/airflow/.local/lib/python3.12/site-packages/airflow/example_dags/example_nested_branch_dag.py
[2025-03-23T08:09:15.700+0000] {logging_mixin.py:190} INFO - [2025-03-23T08:09:15.699+0000] {dag.py:3239} INFO - Sync 1 DAGs
[2025-03-23T08:09:15.747+0000] {logging_mixin.py:190} INFO - [2025-03-23T08:09:15.747+0000] {dag.py:4180} INFO - Setting next_dagrun for example_nested_branch_dag to 2025-03-22 00:00:00+00:00, run_after=2025-03-23 00:00:00+00:00
[2025-03-23T08:09:15.828+0000] {processor.py:208} INFO - Processing /home/airflow/.local/lib/python3.12/site-packages/airflow/example_dags/example_nested_branch_dag.py took 0.215 seconds
[2025-03-23T08:09:45.987+0000] {processor.py:186} INFO - Started process (PID=432) to work on /home/airflow/.local/lib/python3.12/site-packages/airflow/example_dags/example_nested_branch_dag.py
[2025-03-23T08:09:45.989+0000] {processor.py:914} INFO - Processing file /home/airflow/.local/lib/python3.12/site-packages/airflow/example_dags/example_nested_branch_dag.py for tasks to queue
[2025-03-23T08:09:45.994+0000] {logging_mixin.py:190} INFO - [2025-03-23T08:09:45.994+0000] {dagbag.py:588} INFO - Filling up the DagBag from /home/airflow/.local/lib/python3.12/site-packages/airflow/example_dags/example_nested_branch_dag.py
[2025-03-23T08:09:46.026+0000] {processor.py:925} INFO - DAG(s) 'example_nested_branch_dag' retrieved from /home/airflow/.local/lib/python3.12/site-packages/airflow/example_dags/example_nested_branch_dag.py
[2025-03-23T08:09:46.076+0000] {logging_mixin.py:190} INFO - [2025-03-23T08:09:46.076+0000] {dag.py:3239} INFO - Sync 1 DAGs
[2025-03-23T08:09:46.140+0000] {logging_mixin.py:190} INFO - [2025-03-23T08:09:46.139+0000] {dag.py:4180} INFO - Setting next_dagrun for example_nested_branch_dag to 2025-03-22 00:00:00+00:00, run_after=2025-03-23 00:00:00+00:00
[2025-03-23T08:09:46.624+0000] {processor.py:208} INFO - Processing /home/airflow/.local/lib/python3.12/site-packages/airflow/example_dags/example_nested_branch_dag.py took 0.655 seconds
[2025-03-23T08:10:17.338+0000] {processor.py:186} INFO - Started process (PID=497) to work on /home/airflow/.local/lib/python3.12/site-packages/airflow/example_dags/example_nested_branch_dag.py
[2025-03-23T08:10:17.340+0000] {processor.py:914} INFO - Processing file /home/airflow/.local/lib/python3.12/site-packages/airflow/example_dags/example_nested_branch_dag.py for tasks to queue
[2025-03-23T08:10:17.345+0000] {logging_mixin.py:190} INFO - [2025-03-23T08:10:17.344+0000] {dagbag.py:588} INFO - Filling up the DagBag from /home/airflow/.local/lib/python3.12/site-packages/airflow/example_dags/example_nested_branch_dag.py
[2025-03-23T08:10:17.375+0000] {processor.py:925} INFO - DAG(s) 'example_nested_branch_dag' retrieved from /home/airflow/.local/lib/python3.12/site-packages/airflow/example_dags/example_nested_branch_dag.py
[2025-03-23T08:10:17.409+0000] {logging_mixin.py:190} INFO - [2025-03-23T08:10:17.409+0000] {dag.py:3239} INFO - Sync 1 DAGs
[2025-03-23T08:10:17.449+0000] {logging_mixin.py:190} INFO - [2025-03-23T08:10:17.449+0000] {dag.py:4180} INFO - Setting next_dagrun for example_nested_branch_dag to 2025-03-22 00:00:00+00:00, run_after=2025-03-23 00:00:00+00:00
[2025-03-23T08:10:17.556+0000] {processor.py:208} INFO - Processing /home/airflow/.local/lib/python3.12/site-packages/airflow/example_dags/example_nested_branch_dag.py took 0.232 seconds
[2025-03-23T08:10:48.314+0000] {processor.py:186} INFO - Started process (PID=561) to work on /home/airflow/.local/lib/python3.12/site-packages/airflow/example_dags/example_nested_branch_dag.py
[2025-03-23T08:10:48.315+0000] {processor.py:914} INFO - Processing file /home/airflow/.local/lib/python3.12/site-packages/airflow/example_dags/example_nested_branch_dag.py for tasks to queue
[2025-03-23T08:10:48.318+0000] {logging_mixin.py:190} INFO - [2025-03-23T08:10:48.318+0000] {dagbag.py:588} INFO - Filling up the DagBag from /home/airflow/.local/lib/python3.12/site-packages/airflow/example_dags/example_nested_branch_dag.py
[2025-03-23T08:10:48.331+0000] {processor.py:925} INFO - DAG(s) 'example_nested_branch_dag' retrieved from /home/airflow/.local/lib/python3.12/site-packages/airflow/example_dags/example_nested_branch_dag.py
[2025-03-23T08:10:48.362+0000] {logging_mixin.py:190} INFO - [2025-03-23T08:10:48.361+0000] {dag.py:3239} INFO - Sync 1 DAGs
[2025-03-23T08:10:48.395+0000] {logging_mixin.py:190} INFO - [2025-03-23T08:10:48.394+0000] {dag.py:4180} INFO - Setting next_dagrun for example_nested_branch_dag to 2025-03-22 00:00:00+00:00, run_after=2025-03-23 00:00:00+00:00
[2025-03-23T08:10:48.572+0000] {processor.py:208} INFO - Processing /home/airflow/.local/lib/python3.12/site-packages/airflow/example_dags/example_nested_branch_dag.py took 0.265 seconds
[2025-03-23T08:11:19.264+0000] {processor.py:186} INFO - Started process (PID=625) to work on /home/airflow/.local/lib/python3.12/site-packages/airflow/example_dags/example_nested_branch_dag.py
[2025-03-23T08:11:19.265+0000] {processor.py:914} INFO - Processing file /home/airflow/.local/lib/python3.12/site-packages/airflow/example_dags/example_nested_branch_dag.py for tasks to queue
[2025-03-23T08:11:19.268+0000] {logging_mixin.py:190} INFO - [2025-03-23T08:11:19.268+0000] {dagbag.py:588} INFO - Filling up the DagBag from /home/airflow/.local/lib/python3.12/site-packages/airflow/example_dags/example_nested_branch_dag.py
[2025-03-23T08:11:19.285+0000] {processor.py:925} INFO - DAG(s) 'example_nested_branch_dag' retrieved from /home/airflow/.local/lib/python3.12/site-packages/airflow/example_dags/example_nested_branch_dag.py
[2025-03-23T08:11:19.327+0000] {logging_mixin.py:190} INFO - [2025-03-23T08:11:19.326+0000] {dag.py:3239} INFO - Sync 1 DAGs
[2025-03-23T08:11:19.405+0000] {logging_mixin.py:190} INFO - [2025-03-23T08:11:19.405+0000] {dag.py:4180} INFO - Setting next_dagrun for example_nested_branch_dag to 2025-03-22 00:00:00+00:00, run_after=2025-03-23 00:00:00+00:00
[2025-03-23T08:11:19.461+0000] {processor.py:208} INFO - Processing /home/airflow/.local/lib/python3.12/site-packages/airflow/example_dags/example_nested_branch_dag.py took 0.207 seconds
[2025-03-23T08:11:49.568+0000] {processor.py:186} INFO - Started process (PID=688) to work on /home/airflow/.local/lib/python3.12/site-packages/airflow/example_dags/example_nested_branch_dag.py
[2025-03-23T08:11:49.569+0000] {processor.py:914} INFO - Processing file /home/airflow/.local/lib/python3.12/site-packages/airflow/example_dags/example_nested_branch_dag.py for tasks to queue
[2025-03-23T08:11:49.574+0000] {logging_mixin.py:190} INFO - [2025-03-23T08:11:49.573+0000] {dagbag.py:588} INFO - Filling up the DagBag from /home/airflow/.local/lib/python3.12/site-packages/airflow/example_dags/example_nested_branch_dag.py
[2025-03-23T08:11:49.591+0000] {processor.py:925} INFO - DAG(s) 'example_nested_branch_dag' retrieved from /home/airflow/.local/lib/python3.12/site-packages/airflow/example_dags/example_nested_branch_dag.py
[2025-03-23T08:11:49.632+0000] {logging_mixin.py:190} INFO - [2025-03-23T08:11:49.632+0000] {dag.py:3239} INFO - Sync 1 DAGs
[2025-03-23T08:11:49.689+0000] {logging_mixin.py:190} INFO - [2025-03-23T08:11:49.688+0000] {dag.py:4180} INFO - Setting next_dagrun for example_nested_branch_dag to 2025-03-22 00:00:00+00:00, run_after=2025-03-23 00:00:00+00:00
[2025-03-23T08:11:49.754+0000] {processor.py:208} INFO - Processing /home/airflow/.local/lib/python3.12/site-packages/airflow/example_dags/example_nested_branch_dag.py took 0.196 seconds
[2025-03-23T08:12:19.906+0000] {processor.py:186} INFO - Started process (PID=752) to work on /home/airflow/.local/lib/python3.12/site-packages/airflow/example_dags/example_nested_branch_dag.py
[2025-03-23T08:12:19.909+0000] {processor.py:914} INFO - Processing file /home/airflow/.local/lib/python3.12/site-packages/airflow/example_dags/example_nested_branch_dag.py for tasks to queue
[2025-03-23T08:12:19.916+0000] {logging_mixin.py:190} INFO - [2025-03-23T08:12:19.916+0000] {dagbag.py:588} INFO - Filling up the DagBag from /home/airflow/.local/lib/python3.12/site-packages/airflow/example_dags/example_nested_branch_dag.py
[2025-03-23T08:12:19.932+0000] {processor.py:925} INFO - DAG(s) 'example_nested_branch_dag' retrieved from /home/airflow/.local/lib/python3.12/site-packages/airflow/example_dags/example_nested_branch_dag.py
[2025-03-23T08:12:19.957+0000] {logging_mixin.py:190} INFO - [2025-03-23T08:12:19.957+0000] {dag.py:3239} INFO - Sync 1 DAGs
[2025-03-23T08:12:19.984+0000] {logging_mixin.py:190} INFO - [2025-03-23T08:12:19.984+0000] {dag.py:4180} INFO - Setting next_dagrun for example_nested_branch_dag to 2025-03-22 00:00:00+00:00, run_after=2025-03-23 00:00:00+00:00
[2025-03-23T08:12:20.039+0000] {processor.py:208} INFO - Processing /home/airflow/.local/lib/python3.12/site-packages/airflow/example_dags/example_nested_branch_dag.py took 0.145 seconds
[2025-03-23T08:12:50.389+0000] {processor.py:186} INFO - Started process (PID=816) to work on /home/airflow/.local/lib/python3.12/site-packages/airflow/example_dags/example_nested_branch_dag.py
[2025-03-23T08:12:50.391+0000] {processor.py:914} INFO - Processing file /home/airflow/.local/lib/python3.12/site-packages/airflow/example_dags/example_nested_branch_dag.py for tasks to queue
[2025-03-23T08:12:50.394+0000] {logging_mixin.py:190} INFO - [2025-03-23T08:12:50.393+0000] {dagbag.py:588} INFO - Filling up the DagBag from /home/airflow/.local/lib/python3.12/site-packages/airflow/example_dags/example_nested_branch_dag.py
[2025-03-23T08:12:50.407+0000] {processor.py:925} INFO - DAG(s) 'example_nested_branch_dag' retrieved from /home/airflow/.local/lib/python3.12/site-packages/airflow/example_dags/example_nested_branch_dag.py
[2025-03-23T08:12:50.435+0000] {logging_mixin.py:190} INFO - [2025-03-23T08:12:50.434+0000] {dag.py:3239} INFO - Sync 1 DAGs
[2025-03-23T08:12:50.464+0000] {logging_mixin.py:190} INFO - [2025-03-23T08:12:50.464+0000] {dag.py:4180} INFO - Setting next_dagrun for example_nested_branch_dag to 2025-03-22 00:00:00+00:00, run_after=2025-03-23 00:00:00+00:00
[2025-03-23T08:12:50.595+0000] {processor.py:208} INFO - Processing /home/airflow/.local/lib/python3.12/site-packages/airflow/example_dags/example_nested_branch_dag.py took 0.212 seconds
[2025-03-23T08:13:21.047+0000] {processor.py:186} INFO - Started process (PID=881) to work on /home/airflow/.local/lib/python3.12/site-packages/airflow/example_dags/example_nested_branch_dag.py
[2025-03-23T08:13:21.048+0000] {processor.py:914} INFO - Processing file /home/airflow/.local/lib/python3.12/site-packages/airflow/example_dags/example_nested_branch_dag.py for tasks to queue
[2025-03-23T08:13:21.051+0000] {logging_mixin.py:190} INFO - [2025-03-23T08:13:21.051+0000] {dagbag.py:588} INFO - Filling up the DagBag from /home/airflow/.local/lib/python3.12/site-packages/airflow/example_dags/example_nested_branch_dag.py
[2025-03-23T08:13:21.066+0000] {processor.py:925} INFO - DAG(s) 'example_nested_branch_dag' retrieved from /home/airflow/.local/lib/python3.12/site-packages/airflow/example_dags/example_nested_branch_dag.py
[2025-03-23T08:13:21.096+0000] {logging_mixin.py:190} INFO - [2025-03-23T08:13:21.095+0000] {dag.py:3239} INFO - Sync 1 DAGs
[2025-03-23T08:13:21.130+0000] {logging_mixin.py:190} INFO - [2025-03-23T08:13:21.130+0000] {dag.py:4180} INFO - Setting next_dagrun for example_nested_branch_dag to 2025-03-22 00:00:00+00:00, run_after=2025-03-23 00:00:00+00:00
[2025-03-23T08:13:21.188+0000] {processor.py:208} INFO - Processing /home/airflow/.local/lib/python3.12/site-packages/airflow/example_dags/example_nested_branch_dag.py took 0.150 seconds
[2025-03-23T08:13:51.937+0000] {processor.py:186} INFO - Started process (PID=945) to work on /home/airflow/.local/lib/python3.12/site-packages/airflow/example_dags/example_nested_branch_dag.py
[2025-03-23T08:13:51.938+0000] {processor.py:914} INFO - Processing file /home/airflow/.local/lib/python3.12/site-packages/airflow/example_dags/example_nested_branch_dag.py for tasks to queue
[2025-03-23T08:13:51.942+0000] {logging_mixin.py:190} INFO - [2025-03-23T08:13:51.941+0000] {dagbag.py:588} INFO - Filling up the DagBag from /home/airflow/.local/lib/python3.12/site-packages/airflow/example_dags/example_nested_branch_dag.py
[2025-03-23T08:13:51.957+0000] {processor.py:925} INFO - DAG(s) 'example_nested_branch_dag' retrieved from /home/airflow/.local/lib/python3.12/site-packages/airflow/example_dags/example_nested_branch_dag.py
[2025-03-23T08:13:51.985+0000] {logging_mixin.py:190} INFO - [2025-03-23T08:13:51.984+0000] {dag.py:3239} INFO - Sync 1 DAGs
[2025-03-23T08:13:52.016+0000] {logging_mixin.py:190} INFO - [2025-03-23T08:13:52.015+0000] {dag.py:4180} INFO - Setting next_dagrun for example_nested_branch_dag to 2025-03-22 00:00:00+00:00, run_after=2025-03-23 00:00:00+00:00
[2025-03-23T08:13:52.079+0000] {processor.py:208} INFO - Processing /home/airflow/.local/lib/python3.12/site-packages/airflow/example_dags/example_nested_branch_dag.py took 0.150 seconds
[2025-03-23T08:14:22.188+0000] {processor.py:186} INFO - Started process (PID=1008) to work on /home/airflow/.local/lib/python3.12/site-packages/airflow/example_dags/example_nested_branch_dag.py
[2025-03-23T08:14:22.189+0000] {processor.py:914} INFO - Processing file /home/airflow/.local/lib/python3.12/site-packages/airflow/example_dags/example_nested_branch_dag.py for tasks to queue
[2025-03-23T08:14:22.192+0000] {logging_mixin.py:190} INFO - [2025-03-23T08:14:22.192+0000] {dagbag.py:588} INFO - Filling up the DagBag from /home/airflow/.local/lib/python3.12/site-packages/airflow/example_dags/example_nested_branch_dag.py
[2025-03-23T08:14:22.207+0000] {processor.py:925} INFO - DAG(s) 'example_nested_branch_dag' retrieved from /home/airflow/.local/lib/python3.12/site-packages/airflow/example_dags/example_nested_branch_dag.py
[2025-03-23T08:14:22.234+0000] {logging_mixin.py:190} INFO - [2025-03-23T08:14:22.234+0000] {dag.py:3239} INFO - Sync 1 DAGs
[2025-03-23T08:14:22.262+0000] {logging_mixin.py:190} INFO - [2025-03-23T08:14:22.261+0000] {dag.py:4180} INFO - Setting next_dagrun for example_nested_branch_dag to 2025-03-22 00:00:00+00:00, run_after=2025-03-23 00:00:00+00:00
[2025-03-23T08:14:22.321+0000] {processor.py:208} INFO - Processing /home/airflow/.local/lib/python3.12/site-packages/airflow/example_dags/example_nested_branch_dag.py took 0.141 seconds
[2025-03-23T08:14:52.912+0000] {processor.py:186} INFO - Started process (PID=1096) to work on /home/airflow/.local/lib/python3.12/site-packages/airflow/example_dags/example_nested_branch_dag.py
[2025-03-23T08:14:52.913+0000] {processor.py:914} INFO - Processing file /home/airflow/.local/lib/python3.12/site-packages/airflow/example_dags/example_nested_branch_dag.py for tasks to queue
[2025-03-23T08:14:52.917+0000] {logging_mixin.py:190} INFO - [2025-03-23T08:14:52.916+0000] {dagbag.py:588} INFO - Filling up the DagBag from /home/airflow/.local/lib/python3.12/site-packages/airflow/example_dags/example_nested_branch_dag.py
[2025-03-23T08:14:52.936+0000] {processor.py:925} INFO - DAG(s) 'example_nested_branch_dag' retrieved from /home/airflow/.local/lib/python3.12/site-packages/airflow/example_dags/example_nested_branch_dag.py
[2025-03-23T08:14:52.970+0000] {logging_mixin.py:190} INFO - [2025-03-23T08:14:52.969+0000] {dag.py:3239} INFO - Sync 1 DAGs
[2025-03-23T08:14:53.006+0000] {logging_mixin.py:190} INFO - [2025-03-23T08:14:53.006+0000] {dag.py:4180} INFO - Setting next_dagrun for example_nested_branch_dag to 2025-03-22 00:00:00+00:00, run_after=2025-03-23 00:00:00+00:00
[2025-03-23T08:14:53.060+0000] {processor.py:208} INFO - Processing /home/airflow/.local/lib/python3.12/site-packages/airflow/example_dags/example_nested_branch_dag.py took 0.157 seconds
[2025-03-23T08:15:23.691+0000] {processor.py:186} INFO - Started process (PID=1160) to work on /home/airflow/.local/lib/python3.12/site-packages/airflow/example_dags/example_nested_branch_dag.py
[2025-03-23T08:15:23.692+0000] {processor.py:914} INFO - Processing file /home/airflow/.local/lib/python3.12/site-packages/airflow/example_dags/example_nested_branch_dag.py for tasks to queue
[2025-03-23T08:15:23.696+0000] {logging_mixin.py:190} INFO - [2025-03-23T08:15:23.695+0000] {dagbag.py:588} INFO - Filling up the DagBag from /home/airflow/.local/lib/python3.12/site-packages/airflow/example_dags/example_nested_branch_dag.py
[2025-03-23T08:15:23.715+0000] {processor.py:925} INFO - DAG(s) 'example_nested_branch_dag' retrieved from /home/airflow/.local/lib/python3.12/site-packages/airflow/example_dags/example_nested_branch_dag.py
[2025-03-23T08:15:23.740+0000] {logging_mixin.py:190} INFO - [2025-03-23T08:15:23.740+0000] {dag.py:3239} INFO - Sync 1 DAGs
[2025-03-23T08:15:23.771+0000] {logging_mixin.py:190} INFO - [2025-03-23T08:15:23.771+0000] {dag.py:4180} INFO - Setting next_dagrun for example_nested_branch_dag to 2025-03-22 00:00:00+00:00, run_after=2025-03-23 00:00:00+00:00
[2025-03-23T08:15:23.824+0000] {processor.py:208} INFO - Processing /home/airflow/.local/lib/python3.12/site-packages/airflow/example_dags/example_nested_branch_dag.py took 0.145 seconds
[2025-03-23T08:15:54.436+0000] {processor.py:186} INFO - Started process (PID=1224) to work on /home/airflow/.local/lib/python3.12/site-packages/airflow/example_dags/example_nested_branch_dag.py
[2025-03-23T08:15:54.437+0000] {processor.py:914} INFO - Processing file /home/airflow/.local/lib/python3.12/site-packages/airflow/example_dags/example_nested_branch_dag.py for tasks to queue
[2025-03-23T08:15:54.441+0000] {logging_mixin.py:190} INFO - [2025-03-23T08:15:54.441+0000] {dagbag.py:588} INFO - Filling up the DagBag from /home/airflow/.local/lib/python3.12/site-packages/airflow/example_dags/example_nested_branch_dag.py
[2025-03-23T08:15:54.470+0000] {processor.py:925} INFO - DAG(s) 'example_nested_branch_dag' retrieved from /home/airflow/.local/lib/python3.12/site-packages/airflow/example_dags/example_nested_branch_dag.py
[2025-03-23T08:15:54.500+0000] {logging_mixin.py:190} INFO - [2025-03-23T08:15:54.500+0000] {dag.py:3239} INFO - Sync 1 DAGs
[2025-03-23T08:15:54.530+0000] {logging_mixin.py:190} INFO - [2025-03-23T08:15:54.530+0000] {dag.py:4180} INFO - Setting next_dagrun for example_nested_branch_dag to 2025-03-22 00:00:00+00:00, run_after=2025-03-23 00:00:00+00:00
[2025-03-23T08:15:54.620+0000] {processor.py:208} INFO - Processing /home/airflow/.local/lib/python3.12/site-packages/airflow/example_dags/example_nested_branch_dag.py took 0.196 seconds
[2025-03-23T08:16:25.071+0000] {processor.py:186} INFO - Started process (PID=1294) to work on /home/airflow/.local/lib/python3.12/site-packages/airflow/example_dags/example_nested_branch_dag.py
[2025-03-23T08:16:25.073+0000] {processor.py:914} INFO - Processing file /home/airflow/.local/lib/python3.12/site-packages/airflow/example_dags/example_nested_branch_dag.py for tasks to queue
[2025-03-23T08:16:25.076+0000] {logging_mixin.py:190} INFO - [2025-03-23T08:16:25.075+0000] {dagbag.py:588} INFO - Filling up the DagBag from /home/airflow/.local/lib/python3.12/site-packages/airflow/example_dags/example_nested_branch_dag.py
[2025-03-23T08:16:25.091+0000] {processor.py:925} INFO - DAG(s) 'example_nested_branch_dag' retrieved from /home/airflow/.local/lib/python3.12/site-packages/airflow/example_dags/example_nested_branch_dag.py
[2025-03-23T08:16:25.121+0000] {logging_mixin.py:190} INFO - [2025-03-23T08:16:25.121+0000] {dag.py:3239} INFO - Sync 1 DAGs
[2025-03-23T08:16:25.151+0000] {logging_mixin.py:190} INFO - [2025-03-23T08:16:25.151+0000] {dag.py:4180} INFO - Setting next_dagrun for example_nested_branch_dag to 2025-03-22 00:00:00+00:00, run_after=2025-03-23 00:00:00+00:00
[2025-03-23T08:16:25.203+0000] {processor.py:208} INFO - Processing /home/airflow/.local/lib/python3.12/site-packages/airflow/example_dags/example_nested_branch_dag.py took 0.144 seconds
[2025-03-23T08:16:55.830+0000] {processor.py:186} INFO - Started process (PID=1358) to work on /home/airflow/.local/lib/python3.12/site-packages/airflow/example_dags/example_nested_branch_dag.py
[2025-03-23T08:16:55.832+0000] {processor.py:914} INFO - Processing file /home/airflow/.local/lib/python3.12/site-packages/airflow/example_dags/example_nested_branch_dag.py for tasks to queue
[2025-03-23T08:16:55.835+0000] {logging_mixin.py:190} INFO - [2025-03-23T08:16:55.834+0000] {dagbag.py:588} INFO - Filling up the DagBag from /home/airflow/.local/lib/python3.12/site-packages/airflow/example_dags/example_nested_branch_dag.py
[2025-03-23T08:16:55.852+0000] {processor.py:925} INFO - DAG(s) 'example_nested_branch_dag' retrieved from /home/airflow/.local/lib/python3.12/site-packages/airflow/example_dags/example_nested_branch_dag.py
[2025-03-23T08:16:55.885+0000] {logging_mixin.py:190} INFO - [2025-03-23T08:16:55.885+0000] {dag.py:3239} INFO - Sync 1 DAGs
[2025-03-23T08:16:55.919+0000] {logging_mixin.py:190} INFO - [2025-03-23T08:16:55.918+0000] {dag.py:4180} INFO - Setting next_dagrun for example_nested_branch_dag to 2025-03-22 00:00:00+00:00, run_after=2025-03-23 00:00:00+00:00
[2025-03-23T08:16:55.976+0000] {processor.py:208} INFO - Processing /home/airflow/.local/lib/python3.12/site-packages/airflow/example_dags/example_nested_branch_dag.py took 0.160 seconds
[2025-03-23T08:17:26.909+0000] {processor.py:186} INFO - Started process (PID=1422) to work on /home/airflow/.local/lib/python3.12/site-packages/airflow/example_dags/example_nested_branch_dag.py
[2025-03-23T08:17:26.911+0000] {processor.py:914} INFO - Processing file /home/airflow/.local/lib/python3.12/site-packages/airflow/example_dags/example_nested_branch_dag.py for tasks to queue
[2025-03-23T08:17:26.913+0000] {logging_mixin.py:190} INFO - [2025-03-23T08:17:26.913+0000] {dagbag.py:588} INFO - Filling up the DagBag from /home/airflow/.local/lib/python3.12/site-packages/airflow/example_dags/example_nested_branch_dag.py
[2025-03-23T08:17:26.931+0000] {processor.py:925} INFO - DAG(s) 'example_nested_branch_dag' retrieved from /home/airflow/.local/lib/python3.12/site-packages/airflow/example_dags/example_nested_branch_dag.py
[2025-03-23T08:17:26.958+0000] {logging_mixin.py:190} INFO - [2025-03-23T08:17:26.958+0000] {dag.py:3239} INFO - Sync 1 DAGs
[2025-03-23T08:17:26.990+0000] {logging_mixin.py:190} INFO - [2025-03-23T08:17:26.990+0000] {dag.py:4180} INFO - Setting next_dagrun for example_nested_branch_dag to 2025-03-22 00:00:00+00:00, run_after=2025-03-23 00:00:00+00:00
[2025-03-23T08:17:27.042+0000] {processor.py:208} INFO - Processing /home/airflow/.local/lib/python3.12/site-packages/airflow/example_dags/example_nested_branch_dag.py took 0.146 seconds
[2025-03-23T08:17:57.440+0000] {processor.py:186} INFO - Started process (PID=1486) to work on /home/airflow/.local/lib/python3.12/site-packages/airflow/example_dags/example_nested_branch_dag.py
[2025-03-23T08:17:57.442+0000] {processor.py:914} INFO - Processing file /home/airflow/.local/lib/python3.12/site-packages/airflow/example_dags/example_nested_branch_dag.py for tasks to queue
[2025-03-23T08:17:57.445+0000] {logging_mixin.py:190} INFO - [2025-03-23T08:17:57.444+0000] {dagbag.py:588} INFO - Filling up the DagBag from /home/airflow/.local/lib/python3.12/site-packages/airflow/example_dags/example_nested_branch_dag.py
[2025-03-23T08:17:57.459+0000] {processor.py:925} INFO - DAG(s) 'example_nested_branch_dag' retrieved from /home/airflow/.local/lib/python3.12/site-packages/airflow/example_dags/example_nested_branch_dag.py
[2025-03-23T08:17:57.493+0000] {logging_mixin.py:190} INFO - [2025-03-23T08:17:57.493+0000] {dag.py:3239} INFO - Sync 1 DAGs
[2025-03-23T08:17:57.527+0000] {logging_mixin.py:190} INFO - [2025-03-23T08:17:57.526+0000] {dag.py:4180} INFO - Setting next_dagrun for example_nested_branch_dag to 2025-03-22 00:00:00+00:00, run_after=2025-03-23 00:00:00+00:00
[2025-03-23T08:17:57.576+0000] {processor.py:208} INFO - Processing /home/airflow/.local/lib/python3.12/site-packages/airflow/example_dags/example_nested_branch_dag.py took 0.150 seconds
[2025-03-23T08:18:28.450+0000] {processor.py:186} INFO - Started process (PID=1550) to work on /home/airflow/.local/lib/python3.12/site-packages/airflow/example_dags/example_nested_branch_dag.py
[2025-03-23T08:18:28.451+0000] {processor.py:914} INFO - Processing file /home/airflow/.local/lib/python3.12/site-packages/airflow/example_dags/example_nested_branch_dag.py for tasks to queue
[2025-03-23T08:18:28.455+0000] {logging_mixin.py:190} INFO - [2025-03-23T08:18:28.455+0000] {dagbag.py:588} INFO - Filling up the DagBag from /home/airflow/.local/lib/python3.12/site-packages/airflow/example_dags/example_nested_branch_dag.py
[2025-03-23T08:18:28.470+0000] {processor.py:925} INFO - DAG(s) 'example_nested_branch_dag' retrieved from /home/airflow/.local/lib/python3.12/site-packages/airflow/example_dags/example_nested_branch_dag.py
[2025-03-23T08:18:28.495+0000] {logging_mixin.py:190} INFO - [2025-03-23T08:18:28.495+0000] {dag.py:3239} INFO - Sync 1 DAGs
[2025-03-23T08:18:28.527+0000] {logging_mixin.py:190} INFO - [2025-03-23T08:18:28.527+0000] {dag.py:4180} INFO - Setting next_dagrun for example_nested_branch_dag to 2025-03-22 00:00:00+00:00, run_after=2025-03-23 00:00:00+00:00
[2025-03-23T08:18:28.576+0000] {processor.py:208} INFO - Processing /home/airflow/.local/lib/python3.12/site-packages/airflow/example_dags/example_nested_branch_dag.py took 0.139 seconds
[2025-03-23T08:18:58.895+0000] {processor.py:186} INFO - Started process (PID=1614) to work on /home/airflow/.local/lib/python3.12/site-packages/airflow/example_dags/example_nested_branch_dag.py
[2025-03-23T08:18:58.896+0000] {processor.py:914} INFO - Processing file /home/airflow/.local/lib/python3.12/site-packages/airflow/example_dags/example_nested_branch_dag.py for tasks to queue
[2025-03-23T08:18:58.899+0000] {logging_mixin.py:190} INFO - [2025-03-23T08:18:58.899+0000] {dagbag.py:588} INFO - Filling up the DagBag from /home/airflow/.local/lib/python3.12/site-packages/airflow/example_dags/example_nested_branch_dag.py
[2025-03-23T08:18:58.915+0000] {processor.py:925} INFO - DAG(s) 'example_nested_branch_dag' retrieved from /home/airflow/.local/lib/python3.12/site-packages/airflow/example_dags/example_nested_branch_dag.py
[2025-03-23T08:18:58.945+0000] {logging_mixin.py:190} INFO - [2025-03-23T08:18:58.945+0000] {dag.py:3239} INFO - Sync 1 DAGs
[2025-03-23T08:18:58.975+0000] {logging_mixin.py:190} INFO - [2025-03-23T08:18:58.975+0000] {dag.py:4180} INFO - Setting next_dagrun for example_nested_branch_dag to 2025-03-22 00:00:00+00:00, run_after=2025-03-23 00:00:00+00:00
[2025-03-23T08:18:59.036+0000] {processor.py:208} INFO - Processing /home/airflow/.local/lib/python3.12/site-packages/airflow/example_dags/example_nested_branch_dag.py took 0.155 seconds
[2025-03-23T08:19:29.776+0000] {processor.py:186} INFO - Started process (PID=1678) to work on /home/airflow/.local/lib/python3.12/site-packages/airflow/example_dags/example_nested_branch_dag.py
[2025-03-23T08:19:29.779+0000] {processor.py:914} INFO - Processing file /home/airflow/.local/lib/python3.12/site-packages/airflow/example_dags/example_nested_branch_dag.py for tasks to queue
[2025-03-23T08:19:29.784+0000] {logging_mixin.py:190} INFO - [2025-03-23T08:19:29.784+0000] {dagbag.py:588} INFO - Filling up the DagBag from /home/airflow/.local/lib/python3.12/site-packages/airflow/example_dags/example_nested_branch_dag.py
[2025-03-23T08:19:29.805+0000] {processor.py:925} INFO - DAG(s) 'example_nested_branch_dag' retrieved from /home/airflow/.local/lib/python3.12/site-packages/airflow/example_dags/example_nested_branch_dag.py
[2025-03-23T08:19:29.834+0000] {logging_mixin.py:190} INFO - [2025-03-23T08:19:29.834+0000] {dag.py:3239} INFO - Sync 1 DAGs
[2025-03-23T08:19:29.873+0000] {logging_mixin.py:190} INFO - [2025-03-23T08:19:29.873+0000] {dag.py:4180} INFO - Setting next_dagrun for example_nested_branch_dag to 2025-03-22 00:00:00+00:00, run_after=2025-03-23 00:00:00+00:00
[2025-03-23T08:19:29.938+0000] {processor.py:208} INFO - Processing /home/airflow/.local/lib/python3.12/site-packages/airflow/example_dags/example_nested_branch_dag.py took 0.178 seconds
[2025-03-23T08:20:00.802+0000] {processor.py:186} INFO - Started process (PID=1742) to work on /home/airflow/.local/lib/python3.12/site-packages/airflow/example_dags/example_nested_branch_dag.py
[2025-03-23T08:20:00.803+0000] {processor.py:914} INFO - Processing file /home/airflow/.local/lib/python3.12/site-packages/airflow/example_dags/example_nested_branch_dag.py for tasks to queue
[2025-03-23T08:20:00.807+0000] {logging_mixin.py:190} INFO - [2025-03-23T08:20:00.807+0000] {dagbag.py:588} INFO - Filling up the DagBag from /home/airflow/.local/lib/python3.12/site-packages/airflow/example_dags/example_nested_branch_dag.py
[2025-03-23T08:20:00.827+0000] {processor.py:925} INFO - DAG(s) 'example_nested_branch_dag' retrieved from /home/airflow/.local/lib/python3.12/site-packages/airflow/example_dags/example_nested_branch_dag.py
[2025-03-23T08:20:00.863+0000] {logging_mixin.py:190} INFO - [2025-03-23T08:20:00.862+0000] {dag.py:3239} INFO - Sync 1 DAGs
[2025-03-23T08:20:00.912+0000] {logging_mixin.py:190} INFO - [2025-03-23T08:20:00.903+0000] {dag.py:4180} INFO - Setting next_dagrun for example_nested_branch_dag to 2025-03-22 00:00:00+00:00, run_after=2025-03-23 00:00:00+00:00
[2025-03-23T08:20:01.050+0000] {processor.py:208} INFO - Processing /home/airflow/.local/lib/python3.12/site-packages/airflow/example_dags/example_nested_branch_dag.py took 0.261 seconds
[2025-03-23T08:20:31.138+0000] {processor.py:186} INFO - Started process (PID=1805) to work on /home/airflow/.local/lib/python3.12/site-packages/airflow/example_dags/example_nested_branch_dag.py
[2025-03-23T08:20:31.140+0000] {processor.py:914} INFO - Processing file /home/airflow/.local/lib/python3.12/site-packages/airflow/example_dags/example_nested_branch_dag.py for tasks to queue
[2025-03-23T08:20:31.144+0000] {logging_mixin.py:190} INFO - [2025-03-23T08:20:31.143+0000] {dagbag.py:588} INFO - Filling up the DagBag from /home/airflow/.local/lib/python3.12/site-packages/airflow/example_dags/example_nested_branch_dag.py
[2025-03-23T08:20:31.165+0000] {processor.py:925} INFO - DAG(s) 'example_nested_branch_dag' retrieved from /home/airflow/.local/lib/python3.12/site-packages/airflow/example_dags/example_nested_branch_dag.py
[2025-03-23T08:20:31.201+0000] {logging_mixin.py:190} INFO - [2025-03-23T08:20:31.201+0000] {dag.py:3239} INFO - Sync 1 DAGs
[2025-03-23T08:20:31.247+0000] {logging_mixin.py:190} INFO - [2025-03-23T08:20:31.246+0000] {dag.py:4180} INFO - Setting next_dagrun for example_nested_branch_dag to 2025-03-22 00:00:00+00:00, run_after=2025-03-23 00:00:00+00:00
[2025-03-23T08:20:31.304+0000] {processor.py:208} INFO - Processing /home/airflow/.local/lib/python3.12/site-packages/airflow/example_dags/example_nested_branch_dag.py took 0.182 seconds
[2025-03-23T08:25:00.552+0000] {processor.py:186} INFO - Started process (PID=108) to work on /home/airflow/.local/lib/python3.12/site-packages/airflow/example_dags/example_nested_branch_dag.py
[2025-03-23T08:25:00.612+0000] {processor.py:914} INFO - Processing file /home/airflow/.local/lib/python3.12/site-packages/airflow/example_dags/example_nested_branch_dag.py for tasks to queue
[2025-03-23T08:25:00.615+0000] {logging_mixin.py:190} INFO - [2025-03-23T08:25:00.615+0000] {dagbag.py:588} INFO - Filling up the DagBag from /home/airflow/.local/lib/python3.12/site-packages/airflow/example_dags/example_nested_branch_dag.py
[2025-03-23T08:25:00.632+0000] {processor.py:925} INFO - DAG(s) 'example_nested_branch_dag' retrieved from /home/airflow/.local/lib/python3.12/site-packages/airflow/example_dags/example_nested_branch_dag.py
[2025-03-23T08:25:00.667+0000] {logging_mixin.py:190} INFO - [2025-03-23T08:25:00.667+0000] {dag.py:3239} INFO - Sync 1 DAGs
[2025-03-23T08:25:00.703+0000] {logging_mixin.py:190} INFO - [2025-03-23T08:25:00.703+0000] {dag.py:4180} INFO - Setting next_dagrun for example_nested_branch_dag to 2025-03-22 00:00:00+00:00, run_after=2025-03-23 00:00:00+00:00
[2025-03-23T08:25:01.480+0000] {processor.py:208} INFO - Processing /home/airflow/.local/lib/python3.12/site-packages/airflow/example_dags/example_nested_branch_dag.py took 0.936 seconds
[2025-03-23T08:26:37.405+0000] {processor.py:186} INFO - Started process (PID=97) to work on /home/airflow/.local/lib/python3.12/site-packages/airflow/example_dags/example_nested_branch_dag.py
[2025-03-23T08:26:37.407+0000] {processor.py:914} INFO - Processing file /home/airflow/.local/lib/python3.12/site-packages/airflow/example_dags/example_nested_branch_dag.py for tasks to queue
[2025-03-23T08:26:37.411+0000] {logging_mixin.py:190} INFO - [2025-03-23T08:26:37.410+0000] {dagbag.py:588} INFO - Filling up the DagBag from /home/airflow/.local/lib/python3.12/site-packages/airflow/example_dags/example_nested_branch_dag.py
[2025-03-23T08:26:37.440+0000] {processor.py:925} INFO - DAG(s) 'example_nested_branch_dag' retrieved from /home/airflow/.local/lib/python3.12/site-packages/airflow/example_dags/example_nested_branch_dag.py
[2025-03-23T08:26:37.501+0000] {logging_mixin.py:190} INFO - [2025-03-23T08:26:37.501+0000] {dag.py:3239} INFO - Sync 1 DAGs
[2025-03-23T08:26:37.558+0000] {logging_mixin.py:190} INFO - [2025-03-23T08:26:37.558+0000] {dag.py:4180} INFO - Setting next_dagrun for example_nested_branch_dag to 2025-03-22 00:00:00+00:00, run_after=2025-03-23 00:00:00+00:00
[2025-03-23T08:26:37.917+0000] {processor.py:208} INFO - Processing /home/airflow/.local/lib/python3.12/site-packages/airflow/example_dags/example_nested_branch_dag.py took 0.525 seconds
[2025-03-23T08:27:08.847+0000] {processor.py:186} INFO - Started process (PID=161) to work on /home/airflow/.local/lib/python3.12/site-packages/airflow/example_dags/example_nested_branch_dag.py
[2025-03-23T08:27:08.848+0000] {processor.py:914} INFO - Processing file /home/airflow/.local/lib/python3.12/site-packages/airflow/example_dags/example_nested_branch_dag.py for tasks to queue
[2025-03-23T08:27:08.853+0000] {logging_mixin.py:190} INFO - [2025-03-23T08:27:08.852+0000] {dagbag.py:588} INFO - Filling up the DagBag from /home/airflow/.local/lib/python3.12/site-packages/airflow/example_dags/example_nested_branch_dag.py
[2025-03-23T08:27:08.870+0000] {processor.py:925} INFO - DAG(s) 'example_nested_branch_dag' retrieved from /home/airflow/.local/lib/python3.12/site-packages/airflow/example_dags/example_nested_branch_dag.py
[2025-03-23T08:27:08.901+0000] {logging_mixin.py:190} INFO - [2025-03-23T08:27:08.901+0000] {dag.py:3239} INFO - Sync 1 DAGs
[2025-03-23T08:27:08.941+0000] {logging_mixin.py:190} INFO - [2025-03-23T08:27:08.940+0000] {dag.py:4180} INFO - Setting next_dagrun for example_nested_branch_dag to 2025-03-22 00:00:00+00:00, run_after=2025-03-23 00:00:00+00:00
[2025-03-23T08:27:09.121+0000] {processor.py:208} INFO - Processing /home/airflow/.local/lib/python3.12/site-packages/airflow/example_dags/example_nested_branch_dag.py took 0.286 seconds
[2025-03-23T08:27:39.798+0000] {processor.py:186} INFO - Started process (PID=225) to work on /home/airflow/.local/lib/python3.12/site-packages/airflow/example_dags/example_nested_branch_dag.py
[2025-03-23T08:27:39.822+0000] {processor.py:914} INFO - Processing file /home/airflow/.local/lib/python3.12/site-packages/airflow/example_dags/example_nested_branch_dag.py for tasks to queue
[2025-03-23T08:27:39.827+0000] {logging_mixin.py:190} INFO - [2025-03-23T08:27:39.826+0000] {dagbag.py:588} INFO - Filling up the DagBag from /home/airflow/.local/lib/python3.12/site-packages/airflow/example_dags/example_nested_branch_dag.py
[2025-03-23T08:27:39.847+0000] {processor.py:925} INFO - DAG(s) 'example_nested_branch_dag' retrieved from /home/airflow/.local/lib/python3.12/site-packages/airflow/example_dags/example_nested_branch_dag.py
[2025-03-23T08:27:39.923+0000] {logging_mixin.py:190} INFO - [2025-03-23T08:27:39.922+0000] {dag.py:3239} INFO - Sync 1 DAGs
[2025-03-23T08:27:39.996+0000] {logging_mixin.py:190} INFO - [2025-03-23T08:27:39.995+0000] {dag.py:4180} INFO - Setting next_dagrun for example_nested_branch_dag to 2025-03-22 00:00:00+00:00, run_after=2025-03-23 00:00:00+00:00
[2025-03-23T08:27:40.067+0000] {processor.py:208} INFO - Processing /home/airflow/.local/lib/python3.12/site-packages/airflow/example_dags/example_nested_branch_dag.py took 0.284 seconds
[2025-03-23T08:28:10.659+0000] {processor.py:186} INFO - Started process (PID=288) to work on /home/airflow/.local/lib/python3.12/site-packages/airflow/example_dags/example_nested_branch_dag.py
[2025-03-23T08:28:10.660+0000] {processor.py:914} INFO - Processing file /home/airflow/.local/lib/python3.12/site-packages/airflow/example_dags/example_nested_branch_dag.py for tasks to queue
[2025-03-23T08:28:10.664+0000] {logging_mixin.py:190} INFO - [2025-03-23T08:28:10.663+0000] {dagbag.py:588} INFO - Filling up the DagBag from /home/airflow/.local/lib/python3.12/site-packages/airflow/example_dags/example_nested_branch_dag.py
[2025-03-23T08:28:10.694+0000] {processor.py:925} INFO - DAG(s) 'example_nested_branch_dag' retrieved from /home/airflow/.local/lib/python3.12/site-packages/airflow/example_dags/example_nested_branch_dag.py
[2025-03-23T08:28:10.736+0000] {logging_mixin.py:190} INFO - [2025-03-23T08:28:10.736+0000] {dag.py:3239} INFO - Sync 1 DAGs
[2025-03-23T08:28:10.779+0000] {logging_mixin.py:190} INFO - [2025-03-23T08:28:10.778+0000] {dag.py:4180} INFO - Setting next_dagrun for example_nested_branch_dag to 2025-03-22 00:00:00+00:00, run_after=2025-03-23 00:00:00+00:00
[2025-03-23T08:28:10.921+0000] {processor.py:208} INFO - Processing /home/airflow/.local/lib/python3.12/site-packages/airflow/example_dags/example_nested_branch_dag.py took 0.270 seconds
[2025-03-23T08:28:40.995+0000] {processor.py:186} INFO - Started process (PID=351) to work on /home/airflow/.local/lib/python3.12/site-packages/airflow/example_dags/example_nested_branch_dag.py
[2025-03-23T08:28:40.996+0000] {processor.py:914} INFO - Processing file /home/airflow/.local/lib/python3.12/site-packages/airflow/example_dags/example_nested_branch_dag.py for tasks to queue
[2025-03-23T08:28:40.999+0000] {logging_mixin.py:190} INFO - [2025-03-23T08:28:40.998+0000] {dagbag.py:588} INFO - Filling up the DagBag from /home/airflow/.local/lib/python3.12/site-packages/airflow/example_dags/example_nested_branch_dag.py
[2025-03-23T08:28:41.013+0000] {processor.py:925} INFO - DAG(s) 'example_nested_branch_dag' retrieved from /home/airflow/.local/lib/python3.12/site-packages/airflow/example_dags/example_nested_branch_dag.py
[2025-03-23T08:28:41.043+0000] {logging_mixin.py:190} INFO - [2025-03-23T08:28:41.042+0000] {dag.py:3239} INFO - Sync 1 DAGs
[2025-03-23T08:28:41.074+0000] {logging_mixin.py:190} INFO - [2025-03-23T08:28:41.073+0000] {dag.py:4180} INFO - Setting next_dagrun for example_nested_branch_dag to 2025-03-22 00:00:00+00:00, run_after=2025-03-23 00:00:00+00:00
[2025-03-23T08:28:41.143+0000] {processor.py:208} INFO - Processing /home/airflow/.local/lib/python3.12/site-packages/airflow/example_dags/example_nested_branch_dag.py took 0.155 seconds
[2025-03-23T08:29:11.430+0000] {processor.py:186} INFO - Started process (PID=415) to work on /home/airflow/.local/lib/python3.12/site-packages/airflow/example_dags/example_nested_branch_dag.py
[2025-03-23T08:29:11.431+0000] {processor.py:914} INFO - Processing file /home/airflow/.local/lib/python3.12/site-packages/airflow/example_dags/example_nested_branch_dag.py for tasks to queue
[2025-03-23T08:29:11.435+0000] {logging_mixin.py:190} INFO - [2025-03-23T08:29:11.434+0000] {dagbag.py:588} INFO - Filling up the DagBag from /home/airflow/.local/lib/python3.12/site-packages/airflow/example_dags/example_nested_branch_dag.py
[2025-03-23T08:29:11.453+0000] {processor.py:925} INFO - DAG(s) 'example_nested_branch_dag' retrieved from /home/airflow/.local/lib/python3.12/site-packages/airflow/example_dags/example_nested_branch_dag.py
[2025-03-23T08:29:11.491+0000] {logging_mixin.py:190} INFO - [2025-03-23T08:29:11.490+0000] {dag.py:3239} INFO - Sync 1 DAGs
[2025-03-23T08:29:11.534+0000] {logging_mixin.py:190} INFO - [2025-03-23T08:29:11.534+0000] {dag.py:4180} INFO - Setting next_dagrun for example_nested_branch_dag to 2025-03-22 00:00:00+00:00, run_after=2025-03-23 00:00:00+00:00
[2025-03-23T08:29:11.614+0000] {processor.py:208} INFO - Processing /home/airflow/.local/lib/python3.12/site-packages/airflow/example_dags/example_nested_branch_dag.py took 0.193 seconds
[2025-03-23T08:29:41.935+0000] {processor.py:186} INFO - Started process (PID=479) to work on /home/airflow/.local/lib/python3.12/site-packages/airflow/example_dags/example_nested_branch_dag.py
[2025-03-23T08:29:41.937+0000] {processor.py:914} INFO - Processing file /home/airflow/.local/lib/python3.12/site-packages/airflow/example_dags/example_nested_branch_dag.py for tasks to queue
[2025-03-23T08:29:41.955+0000] {logging_mixin.py:190} INFO - [2025-03-23T08:29:41.954+0000] {dagbag.py:588} INFO - Filling up the DagBag from /home/airflow/.local/lib/python3.12/site-packages/airflow/example_dags/example_nested_branch_dag.py
[2025-03-23T08:29:42.004+0000] {processor.py:925} INFO - DAG(s) 'example_nested_branch_dag' retrieved from /home/airflow/.local/lib/python3.12/site-packages/airflow/example_dags/example_nested_branch_dag.py
[2025-03-23T08:29:42.043+0000] {logging_mixin.py:190} INFO - [2025-03-23T08:29:42.042+0000] {dag.py:3239} INFO - Sync 1 DAGs
[2025-03-23T08:29:42.088+0000] {logging_mixin.py:190} INFO - [2025-03-23T08:29:42.088+0000] {dag.py:4180} INFO - Setting next_dagrun for example_nested_branch_dag to 2025-03-22 00:00:00+00:00, run_after=2025-03-23 00:00:00+00:00
[2025-03-23T08:29:42.165+0000] {processor.py:208} INFO - Processing /home/airflow/.local/lib/python3.12/site-packages/airflow/example_dags/example_nested_branch_dag.py took 0.243 seconds
