[2025-03-23T08:06:43.424+0000] {processor.py:186} INFO - Started process (PID=105) to work on /home/airflow/.local/lib/python3.12/site-packages/airflow/example_dags/example_python_decorator.py
[2025-03-23T08:06:43.426+0000] {processor.py:914} INFO - Processing file /home/airflow/.local/lib/python3.12/site-packages/airflow/example_dags/example_python_decorator.py for tasks to queue
[2025-03-23T08:06:43.431+0000] {logging_mixin.py:190} INFO - [2025-03-23T08:06:43.430+0000] {dagbag.py:588} INFO - Filling up the DagBag from /home/airflow/.local/lib/python3.12/site-packages/airflow/example_dags/example_python_decorator.py
[2025-03-23T08:06:43.500+0000] {processor.py:925} INFO - DAG(s) 'example_python_decorator' retrieved from /home/airflow/.local/lib/python3.12/site-packages/airflow/example_dags/example_python_decorator.py
[2025-03-23T08:06:44.006+0000] {logging_mixin.py:190} INFO - [2025-03-23T08:06:44.005+0000] {override.py:1911} INFO - Created Permission View: can edit on DAG:example_python_decorator
[2025-03-23T08:06:44.088+0000] {logging_mixin.py:190} INFO - [2025-03-23T08:06:44.088+0000] {override.py:1911} INFO - Created Permission View: can delete on DAG:example_python_decorator
[2025-03-23T08:06:44.266+0000] {logging_mixin.py:190} INFO - [2025-03-23T08:06:44.266+0000] {override.py:1911} INFO - Created Permission View: can read on DAG:example_python_decorator
[2025-03-23T08:06:44.584+0000] {logging_mixin.py:190} INFO - [2025-03-23T08:06:44.584+0000] {override.py:1911} INFO - Created Permission View: menu access on DAG Run:example_python_decorator
[2025-03-23T08:06:44.784+0000] {logging_mixin.py:190} INFO - [2025-03-23T08:06:44.784+0000] {override.py:1911} INFO - Created Permission View: can create on DAG Run:example_python_decorator
[2025-03-23T08:06:44.991+0000] {logging_mixin.py:190} INFO - [2025-03-23T08:06:44.991+0000] {override.py:1911} INFO - Created Permission View: can read on DAG Run:example_python_decorator
[2025-03-23T08:06:45.189+0000] {logging_mixin.py:190} INFO - [2025-03-23T08:06:45.189+0000] {override.py:1911} INFO - Created Permission View: can delete on DAG Run:example_python_decorator
[2025-03-23T08:06:45.190+0000] {logging_mixin.py:190} INFO - [2025-03-23T08:06:45.190+0000] {dag.py:3239} INFO - Sync 1 DAGs
[2025-03-23T08:06:45.206+0000] {logging_mixin.py:190} INFO - [2025-03-23T08:06:45.205+0000] {dag.py:3262} INFO - Creating ORM DAG for example_python_decorator
[2025-03-23T08:06:45.207+0000] {logging_mixin.py:190} INFO - [2025-03-23T08:06:45.207+0000] {dag.py:4180} INFO - Setting next_dagrun for example_python_decorator to None, run_after=None
[2025-03-23T08:06:45.931+0000] {processor.py:208} INFO - Processing /home/airflow/.local/lib/python3.12/site-packages/airflow/example_dags/example_python_decorator.py took 2.521 seconds
[2025-03-23T08:07:41.565+0000] {processor.py:186} INFO - Started process (PID=175) to work on /home/airflow/.local/lib/python3.12/site-packages/airflow/example_dags/example_python_decorator.py
[2025-03-23T08:07:41.587+0000] {processor.py:914} INFO - Processing file /home/airflow/.local/lib/python3.12/site-packages/airflow/example_dags/example_python_decorator.py for tasks to queue
[2025-03-23T08:07:41.591+0000] {logging_mixin.py:190} INFO - [2025-03-23T08:07:41.590+0000] {dagbag.py:588} INFO - Filling up the DagBag from /home/airflow/.local/lib/python3.12/site-packages/airflow/example_dags/example_python_decorator.py
[2025-03-23T08:07:41.622+0000] {processor.py:925} INFO - DAG(s) 'example_python_decorator' retrieved from /home/airflow/.local/lib/python3.12/site-packages/airflow/example_dags/example_python_decorator.py
[2025-03-23T08:07:41.669+0000] {logging_mixin.py:190} INFO - [2025-03-23T08:07:41.669+0000] {dag.py:3239} INFO - Sync 1 DAGs
[2025-03-23T08:07:41.699+0000] {logging_mixin.py:190} INFO - [2025-03-23T08:07:41.699+0000] {dag.py:4180} INFO - Setting next_dagrun for example_python_decorator to None, run_after=None
[2025-03-23T08:07:41.936+0000] {processor.py:208} INFO - Processing /home/airflow/.local/lib/python3.12/site-packages/airflow/example_dags/example_python_decorator.py took 0.379 seconds
[2025-03-23T08:08:12.773+0000] {processor.py:186} INFO - Started process (PID=239) to work on /home/airflow/.local/lib/python3.12/site-packages/airflow/example_dags/example_python_decorator.py
[2025-03-23T08:08:12.775+0000] {processor.py:914} INFO - Processing file /home/airflow/.local/lib/python3.12/site-packages/airflow/example_dags/example_python_decorator.py for tasks to queue
[2025-03-23T08:08:12.781+0000] {logging_mixin.py:190} INFO - [2025-03-23T08:08:12.780+0000] {dagbag.py:588} INFO - Filling up the DagBag from /home/airflow/.local/lib/python3.12/site-packages/airflow/example_dags/example_python_decorator.py
[2025-03-23T08:08:12.809+0000] {processor.py:925} INFO - DAG(s) 'example_python_decorator' retrieved from /home/airflow/.local/lib/python3.12/site-packages/airflow/example_dags/example_python_decorator.py
[2025-03-23T08:08:12.884+0000] {logging_mixin.py:190} INFO - [2025-03-23T08:08:12.883+0000] {dag.py:3239} INFO - Sync 1 DAGs
[2025-03-23T08:08:12.957+0000] {logging_mixin.py:190} INFO - [2025-03-23T08:08:12.956+0000] {dag.py:4180} INFO - Setting next_dagrun for example_python_decorator to None, run_after=None
[2025-03-23T08:08:13.017+0000] {processor.py:208} INFO - Processing /home/airflow/.local/lib/python3.12/site-packages/airflow/example_dags/example_python_decorator.py took 0.256 seconds
[2025-03-23T08:08:43.587+0000] {processor.py:186} INFO - Started process (PID=303) to work on /home/airflow/.local/lib/python3.12/site-packages/airflow/example_dags/example_python_decorator.py
[2025-03-23T08:08:43.589+0000] {processor.py:914} INFO - Processing file /home/airflow/.local/lib/python3.12/site-packages/airflow/example_dags/example_python_decorator.py for tasks to queue
[2025-03-23T08:08:43.594+0000] {logging_mixin.py:190} INFO - [2025-03-23T08:08:43.593+0000] {dagbag.py:588} INFO - Filling up the DagBag from /home/airflow/.local/lib/python3.12/site-packages/airflow/example_dags/example_python_decorator.py
[2025-03-23T08:08:43.621+0000] {processor.py:925} INFO - DAG(s) 'example_python_decorator' retrieved from /home/airflow/.local/lib/python3.12/site-packages/airflow/example_dags/example_python_decorator.py
[2025-03-23T08:08:43.667+0000] {logging_mixin.py:190} INFO - [2025-03-23T08:08:43.667+0000] {dag.py:3239} INFO - Sync 1 DAGs
[2025-03-23T08:08:43.691+0000] {logging_mixin.py:190} INFO - [2025-03-23T08:08:43.691+0000] {dag.py:4180} INFO - Setting next_dagrun for example_python_decorator to None, run_after=None
[2025-03-23T08:08:43.756+0000] {processor.py:208} INFO - Processing /home/airflow/.local/lib/python3.12/site-packages/airflow/example_dags/example_python_decorator.py took 0.182 seconds
[2025-03-23T08:09:14.105+0000] {processor.py:186} INFO - Started process (PID=366) to work on /home/airflow/.local/lib/python3.12/site-packages/airflow/example_dags/example_python_decorator.py
[2025-03-23T08:09:14.106+0000] {processor.py:914} INFO - Processing file /home/airflow/.local/lib/python3.12/site-packages/airflow/example_dags/example_python_decorator.py for tasks to queue
[2025-03-23T08:09:14.112+0000] {logging_mixin.py:190} INFO - [2025-03-23T08:09:14.111+0000] {dagbag.py:588} INFO - Filling up the DagBag from /home/airflow/.local/lib/python3.12/site-packages/airflow/example_dags/example_python_decorator.py
[2025-03-23T08:09:14.142+0000] {processor.py:925} INFO - DAG(s) 'example_python_decorator' retrieved from /home/airflow/.local/lib/python3.12/site-packages/airflow/example_dags/example_python_decorator.py
[2025-03-23T08:09:14.178+0000] {logging_mixin.py:190} INFO - [2025-03-23T08:09:14.177+0000] {dag.py:3239} INFO - Sync 1 DAGs
[2025-03-23T08:09:14.202+0000] {logging_mixin.py:190} INFO - [2025-03-23T08:09:14.202+0000] {dag.py:4180} INFO - Setting next_dagrun for example_python_decorator to None, run_after=None
[2025-03-23T08:09:14.541+0000] {processor.py:208} INFO - Processing /home/airflow/.local/lib/python3.12/site-packages/airflow/example_dags/example_python_decorator.py took 0.457 seconds
[2025-03-23T08:09:44.835+0000] {processor.py:186} INFO - Started process (PID=430) to work on /home/airflow/.local/lib/python3.12/site-packages/airflow/example_dags/example_python_decorator.py
[2025-03-23T08:09:44.836+0000] {processor.py:914} INFO - Processing file /home/airflow/.local/lib/python3.12/site-packages/airflow/example_dags/example_python_decorator.py for tasks to queue
[2025-03-23T08:09:44.840+0000] {logging_mixin.py:190} INFO - [2025-03-23T08:09:44.839+0000] {dagbag.py:588} INFO - Filling up the DagBag from /home/airflow/.local/lib/python3.12/site-packages/airflow/example_dags/example_python_decorator.py
[2025-03-23T08:09:44.859+0000] {processor.py:925} INFO - DAG(s) 'example_python_decorator' retrieved from /home/airflow/.local/lib/python3.12/site-packages/airflow/example_dags/example_python_decorator.py
[2025-03-23T08:09:44.887+0000] {logging_mixin.py:190} INFO - [2025-03-23T08:09:44.887+0000] {dag.py:3239} INFO - Sync 1 DAGs
[2025-03-23T08:09:44.906+0000] {logging_mixin.py:190} INFO - [2025-03-23T08:09:44.905+0000] {dag.py:4180} INFO - Setting next_dagrun for example_python_decorator to None, run_after=None
[2025-03-23T08:09:45.311+0000] {processor.py:208} INFO - Processing /home/airflow/.local/lib/python3.12/site-packages/airflow/example_dags/example_python_decorator.py took 0.483 seconds
[2025-03-23T08:10:16.032+0000] {processor.py:186} INFO - Started process (PID=494) to work on /home/airflow/.local/lib/python3.12/site-packages/airflow/example_dags/example_python_decorator.py
[2025-03-23T08:10:16.034+0000] {processor.py:914} INFO - Processing file /home/airflow/.local/lib/python3.12/site-packages/airflow/example_dags/example_python_decorator.py for tasks to queue
[2025-03-23T08:10:16.038+0000] {logging_mixin.py:190} INFO - [2025-03-23T08:10:16.038+0000] {dagbag.py:588} INFO - Filling up the DagBag from /home/airflow/.local/lib/python3.12/site-packages/airflow/example_dags/example_python_decorator.py
[2025-03-23T08:10:16.066+0000] {processor.py:925} INFO - DAG(s) 'example_python_decorator' retrieved from /home/airflow/.local/lib/python3.12/site-packages/airflow/example_dags/example_python_decorator.py
[2025-03-23T08:10:16.108+0000] {logging_mixin.py:190} INFO - [2025-03-23T08:10:16.108+0000] {dag.py:3239} INFO - Sync 1 DAGs
[2025-03-23T08:10:16.129+0000] {logging_mixin.py:190} INFO - [2025-03-23T08:10:16.129+0000] {dag.py:4180} INFO - Setting next_dagrun for example_python_decorator to None, run_after=None
[2025-03-23T08:10:16.187+0000] {processor.py:208} INFO - Processing /home/airflow/.local/lib/python3.12/site-packages/airflow/example_dags/example_python_decorator.py took 0.169 seconds
[2025-03-23T08:10:46.280+0000] {processor.py:186} INFO - Started process (PID=558) to work on /home/airflow/.local/lib/python3.12/site-packages/airflow/example_dags/example_python_decorator.py
[2025-03-23T08:10:46.281+0000] {processor.py:914} INFO - Processing file /home/airflow/.local/lib/python3.12/site-packages/airflow/example_dags/example_python_decorator.py for tasks to queue
[2025-03-23T08:10:46.284+0000] {logging_mixin.py:190} INFO - [2025-03-23T08:10:46.283+0000] {dagbag.py:588} INFO - Filling up the DagBag from /home/airflow/.local/lib/python3.12/site-packages/airflow/example_dags/example_python_decorator.py
[2025-03-23T08:10:46.304+0000] {processor.py:925} INFO - DAG(s) 'example_python_decorator' retrieved from /home/airflow/.local/lib/python3.12/site-packages/airflow/example_dags/example_python_decorator.py
[2025-03-23T08:10:46.334+0000] {logging_mixin.py:190} INFO - [2025-03-23T08:10:46.333+0000] {dag.py:3239} INFO - Sync 1 DAGs
[2025-03-23T08:10:46.351+0000] {logging_mixin.py:190} INFO - [2025-03-23T08:10:46.350+0000] {dag.py:4180} INFO - Setting next_dagrun for example_python_decorator to None, run_after=None
[2025-03-23T08:10:46.431+0000] {processor.py:208} INFO - Processing /home/airflow/.local/lib/python3.12/site-packages/airflow/example_dags/example_python_decorator.py took 0.159 seconds
[2025-03-23T08:11:16.964+0000] {processor.py:186} INFO - Started process (PID=622) to work on /home/airflow/.local/lib/python3.12/site-packages/airflow/example_dags/example_python_decorator.py
[2025-03-23T08:11:16.965+0000] {processor.py:914} INFO - Processing file /home/airflow/.local/lib/python3.12/site-packages/airflow/example_dags/example_python_decorator.py for tasks to queue
[2025-03-23T08:11:16.968+0000] {logging_mixin.py:190} INFO - [2025-03-23T08:11:16.968+0000] {dagbag.py:588} INFO - Filling up the DagBag from /home/airflow/.local/lib/python3.12/site-packages/airflow/example_dags/example_python_decorator.py
[2025-03-23T08:11:16.987+0000] {processor.py:925} INFO - DAG(s) 'example_python_decorator' retrieved from /home/airflow/.local/lib/python3.12/site-packages/airflow/example_dags/example_python_decorator.py
[2025-03-23T08:11:17.014+0000] {logging_mixin.py:190} INFO - [2025-03-23T08:11:17.014+0000] {dag.py:3239} INFO - Sync 1 DAGs
[2025-03-23T08:11:17.033+0000] {logging_mixin.py:190} INFO - [2025-03-23T08:11:17.032+0000] {dag.py:4180} INFO - Setting next_dagrun for example_python_decorator to None, run_after=None
[2025-03-23T08:11:17.187+0000] {processor.py:208} INFO - Processing /home/airflow/.local/lib/python3.12/site-packages/airflow/example_dags/example_python_decorator.py took 0.231 seconds
[2025-03-23T08:11:47.286+0000] {processor.py:186} INFO - Started process (PID=686) to work on /home/airflow/.local/lib/python3.12/site-packages/airflow/example_dags/example_python_decorator.py
[2025-03-23T08:11:47.287+0000] {processor.py:914} INFO - Processing file /home/airflow/.local/lib/python3.12/site-packages/airflow/example_dags/example_python_decorator.py for tasks to queue
[2025-03-23T08:11:47.291+0000] {logging_mixin.py:190} INFO - [2025-03-23T08:11:47.290+0000] {dagbag.py:588} INFO - Filling up the DagBag from /home/airflow/.local/lib/python3.12/site-packages/airflow/example_dags/example_python_decorator.py
[2025-03-23T08:11:47.313+0000] {processor.py:925} INFO - DAG(s) 'example_python_decorator' retrieved from /home/airflow/.local/lib/python3.12/site-packages/airflow/example_dags/example_python_decorator.py
[2025-03-23T08:11:47.341+0000] {logging_mixin.py:190} INFO - [2025-03-23T08:11:47.341+0000] {dag.py:3239} INFO - Sync 1 DAGs
[2025-03-23T08:11:47.360+0000] {logging_mixin.py:190} INFO - [2025-03-23T08:11:47.360+0000] {dag.py:4180} INFO - Setting next_dagrun for example_python_decorator to None, run_after=None
[2025-03-23T08:11:47.421+0000] {processor.py:208} INFO - Processing /home/airflow/.local/lib/python3.12/site-packages/airflow/example_dags/example_python_decorator.py took 0.144 seconds
[2025-03-23T08:12:17.522+0000] {processor.py:186} INFO - Started process (PID=750) to work on /home/airflow/.local/lib/python3.12/site-packages/airflow/example_dags/example_python_decorator.py
[2025-03-23T08:12:17.524+0000] {processor.py:914} INFO - Processing file /home/airflow/.local/lib/python3.12/site-packages/airflow/example_dags/example_python_decorator.py for tasks to queue
[2025-03-23T08:12:17.526+0000] {logging_mixin.py:190} INFO - [2025-03-23T08:12:17.526+0000] {dagbag.py:588} INFO - Filling up the DagBag from /home/airflow/.local/lib/python3.12/site-packages/airflow/example_dags/example_python_decorator.py
[2025-03-23T08:12:17.546+0000] {processor.py:925} INFO - DAG(s) 'example_python_decorator' retrieved from /home/airflow/.local/lib/python3.12/site-packages/airflow/example_dags/example_python_decorator.py
[2025-03-23T08:12:17.578+0000] {logging_mixin.py:190} INFO - [2025-03-23T08:12:17.577+0000] {dag.py:3239} INFO - Sync 1 DAGs
[2025-03-23T08:12:17.596+0000] {logging_mixin.py:190} INFO - [2025-03-23T08:12:17.596+0000] {dag.py:4180} INFO - Setting next_dagrun for example_python_decorator to None, run_after=None
[2025-03-23T08:12:17.657+0000] {processor.py:208} INFO - Processing /home/airflow/.local/lib/python3.12/site-packages/airflow/example_dags/example_python_decorator.py took 0.141 seconds
[2025-03-23T08:12:48.157+0000] {processor.py:186} INFO - Started process (PID=814) to work on /home/airflow/.local/lib/python3.12/site-packages/airflow/example_dags/example_python_decorator.py
[2025-03-23T08:12:48.158+0000] {processor.py:914} INFO - Processing file /home/airflow/.local/lib/python3.12/site-packages/airflow/example_dags/example_python_decorator.py for tasks to queue
[2025-03-23T08:12:48.160+0000] {logging_mixin.py:190} INFO - [2025-03-23T08:12:48.160+0000] {dagbag.py:588} INFO - Filling up the DagBag from /home/airflow/.local/lib/python3.12/site-packages/airflow/example_dags/example_python_decorator.py
[2025-03-23T08:12:48.201+0000] {processor.py:925} INFO - DAG(s) 'example_python_decorator' retrieved from /home/airflow/.local/lib/python3.12/site-packages/airflow/example_dags/example_python_decorator.py
[2025-03-23T08:12:48.239+0000] {logging_mixin.py:190} INFO - [2025-03-23T08:12:48.239+0000] {dag.py:3239} INFO - Sync 1 DAGs
[2025-03-23T08:12:48.257+0000] {logging_mixin.py:190} INFO - [2025-03-23T08:12:48.256+0000] {dag.py:4180} INFO - Setting next_dagrun for example_python_decorator to None, run_after=None
[2025-03-23T08:12:48.311+0000] {processor.py:208} INFO - Processing /home/airflow/.local/lib/python3.12/site-packages/airflow/example_dags/example_python_decorator.py took 0.162 seconds
[2025-03-23T08:13:18.838+0000] {processor.py:186} INFO - Started process (PID=878) to work on /home/airflow/.local/lib/python3.12/site-packages/airflow/example_dags/example_python_decorator.py
[2025-03-23T08:13:18.839+0000] {processor.py:914} INFO - Processing file /home/airflow/.local/lib/python3.12/site-packages/airflow/example_dags/example_python_decorator.py for tasks to queue
[2025-03-23T08:13:18.842+0000] {logging_mixin.py:190} INFO - [2025-03-23T08:13:18.842+0000] {dagbag.py:588} INFO - Filling up the DagBag from /home/airflow/.local/lib/python3.12/site-packages/airflow/example_dags/example_python_decorator.py
[2025-03-23T08:13:18.861+0000] {processor.py:925} INFO - DAG(s) 'example_python_decorator' retrieved from /home/airflow/.local/lib/python3.12/site-packages/airflow/example_dags/example_python_decorator.py
[2025-03-23T08:13:18.892+0000] {logging_mixin.py:190} INFO - [2025-03-23T08:13:18.892+0000] {dag.py:3239} INFO - Sync 1 DAGs
[2025-03-23T08:13:18.910+0000] {logging_mixin.py:190} INFO - [2025-03-23T08:13:18.910+0000] {dag.py:4180} INFO - Setting next_dagrun for example_python_decorator to None, run_after=None
[2025-03-23T08:13:18.969+0000] {processor.py:208} INFO - Processing /home/airflow/.local/lib/python3.12/site-packages/airflow/example_dags/example_python_decorator.py took 0.140 seconds
[2025-03-23T08:13:49.716+0000] {processor.py:186} INFO - Started process (PID=942) to work on /home/airflow/.local/lib/python3.12/site-packages/airflow/example_dags/example_python_decorator.py
[2025-03-23T08:13:49.718+0000] {processor.py:914} INFO - Processing file /home/airflow/.local/lib/python3.12/site-packages/airflow/example_dags/example_python_decorator.py for tasks to queue
[2025-03-23T08:13:49.721+0000] {logging_mixin.py:190} INFO - [2025-03-23T08:13:49.720+0000] {dagbag.py:588} INFO - Filling up the DagBag from /home/airflow/.local/lib/python3.12/site-packages/airflow/example_dags/example_python_decorator.py
[2025-03-23T08:13:49.746+0000] {processor.py:925} INFO - DAG(s) 'example_python_decorator' retrieved from /home/airflow/.local/lib/python3.12/site-packages/airflow/example_dags/example_python_decorator.py
[2025-03-23T08:13:49.777+0000] {logging_mixin.py:190} INFO - [2025-03-23T08:13:49.776+0000] {dag.py:3239} INFO - Sync 1 DAGs
[2025-03-23T08:13:49.797+0000] {logging_mixin.py:190} INFO - [2025-03-23T08:13:49.797+0000] {dag.py:4180} INFO - Setting next_dagrun for example_python_decorator to None, run_after=None
[2025-03-23T08:13:49.867+0000] {processor.py:208} INFO - Processing /home/airflow/.local/lib/python3.12/site-packages/airflow/example_dags/example_python_decorator.py took 0.161 seconds
[2025-03-23T08:14:20.855+0000] {processor.py:186} INFO - Started process (PID=1006) to work on /home/airflow/.local/lib/python3.12/site-packages/airflow/example_dags/example_python_decorator.py
[2025-03-23T08:14:20.856+0000] {processor.py:914} INFO - Processing file /home/airflow/.local/lib/python3.12/site-packages/airflow/example_dags/example_python_decorator.py for tasks to queue
[2025-03-23T08:14:20.859+0000] {logging_mixin.py:190} INFO - [2025-03-23T08:14:20.858+0000] {dagbag.py:588} INFO - Filling up the DagBag from /home/airflow/.local/lib/python3.12/site-packages/airflow/example_dags/example_python_decorator.py
[2025-03-23T08:14:20.881+0000] {processor.py:925} INFO - DAG(s) 'example_python_decorator' retrieved from /home/airflow/.local/lib/python3.12/site-packages/airflow/example_dags/example_python_decorator.py
[2025-03-23T08:14:20.908+0000] {logging_mixin.py:190} INFO - [2025-03-23T08:14:20.908+0000] {dag.py:3239} INFO - Sync 1 DAGs
[2025-03-23T08:14:20.926+0000] {logging_mixin.py:190} INFO - [2025-03-23T08:14:20.925+0000] {dag.py:4180} INFO - Setting next_dagrun for example_python_decorator to None, run_after=None
[2025-03-23T08:14:20.978+0000] {processor.py:208} INFO - Processing /home/airflow/.local/lib/python3.12/site-packages/airflow/example_dags/example_python_decorator.py took 0.131 seconds
[2025-03-23T08:14:52.695+0000] {processor.py:186} INFO - Started process (PID=1094) to work on /home/airflow/.local/lib/python3.12/site-packages/airflow/example_dags/example_python_decorator.py
[2025-03-23T08:14:52.697+0000] {processor.py:914} INFO - Processing file /home/airflow/.local/lib/python3.12/site-packages/airflow/example_dags/example_python_decorator.py for tasks to queue
[2025-03-23T08:14:52.701+0000] {logging_mixin.py:190} INFO - [2025-03-23T08:14:52.701+0000] {dagbag.py:588} INFO - Filling up the DagBag from /home/airflow/.local/lib/python3.12/site-packages/airflow/example_dags/example_python_decorator.py
[2025-03-23T08:14:52.730+0000] {processor.py:925} INFO - DAG(s) 'example_python_decorator' retrieved from /home/airflow/.local/lib/python3.12/site-packages/airflow/example_dags/example_python_decorator.py
[2025-03-23T08:14:52.775+0000] {logging_mixin.py:190} INFO - [2025-03-23T08:14:52.775+0000] {dag.py:3239} INFO - Sync 1 DAGs
[2025-03-23T08:14:52.805+0000] {logging_mixin.py:190} INFO - [2025-03-23T08:14:52.805+0000] {dag.py:4180} INFO - Setting next_dagrun for example_python_decorator to None, run_after=None
[2025-03-23T08:14:52.869+0000] {processor.py:208} INFO - Processing /home/airflow/.local/lib/python3.12/site-packages/airflow/example_dags/example_python_decorator.py took 0.182 seconds
[2025-03-23T08:15:23.521+0000] {processor.py:186} INFO - Started process (PID=1158) to work on /home/airflow/.local/lib/python3.12/site-packages/airflow/example_dags/example_python_decorator.py
[2025-03-23T08:15:23.522+0000] {processor.py:914} INFO - Processing file /home/airflow/.local/lib/python3.12/site-packages/airflow/example_dags/example_python_decorator.py for tasks to queue
[2025-03-23T08:15:23.526+0000] {logging_mixin.py:190} INFO - [2025-03-23T08:15:23.525+0000] {dagbag.py:588} INFO - Filling up the DagBag from /home/airflow/.local/lib/python3.12/site-packages/airflow/example_dags/example_python_decorator.py
[2025-03-23T08:15:23.547+0000] {processor.py:925} INFO - DAG(s) 'example_python_decorator' retrieved from /home/airflow/.local/lib/python3.12/site-packages/airflow/example_dags/example_python_decorator.py
[2025-03-23T08:15:23.577+0000] {logging_mixin.py:190} INFO - [2025-03-23T08:15:23.577+0000] {dag.py:3239} INFO - Sync 1 DAGs
[2025-03-23T08:15:23.595+0000] {logging_mixin.py:190} INFO - [2025-03-23T08:15:23.595+0000] {dag.py:4180} INFO - Setting next_dagrun for example_python_decorator to None, run_after=None
[2025-03-23T08:15:23.647+0000] {processor.py:208} INFO - Processing /home/airflow/.local/lib/python3.12/site-packages/airflow/example_dags/example_python_decorator.py took 0.139 seconds
[2025-03-23T08:15:54.221+0000] {processor.py:186} INFO - Started process (PID=1222) to work on /home/airflow/.local/lib/python3.12/site-packages/airflow/example_dags/example_python_decorator.py
[2025-03-23T08:15:54.223+0000] {processor.py:914} INFO - Processing file /home/airflow/.local/lib/python3.12/site-packages/airflow/example_dags/example_python_decorator.py for tasks to queue
[2025-03-23T08:15:54.226+0000] {logging_mixin.py:190} INFO - [2025-03-23T08:15:54.226+0000] {dagbag.py:588} INFO - Filling up the DagBag from /home/airflow/.local/lib/python3.12/site-packages/airflow/example_dags/example_python_decorator.py
[2025-03-23T08:15:54.251+0000] {processor.py:925} INFO - DAG(s) 'example_python_decorator' retrieved from /home/airflow/.local/lib/python3.12/site-packages/airflow/example_dags/example_python_decorator.py
[2025-03-23T08:15:54.277+0000] {logging_mixin.py:190} INFO - [2025-03-23T08:15:54.277+0000] {dag.py:3239} INFO - Sync 1 DAGs
[2025-03-23T08:15:54.300+0000] {logging_mixin.py:190} INFO - [2025-03-23T08:15:54.299+0000] {dag.py:4180} INFO - Setting next_dagrun for example_python_decorator to None, run_after=None
[2025-03-23T08:15:54.369+0000] {processor.py:208} INFO - Processing /home/airflow/.local/lib/python3.12/site-packages/airflow/example_dags/example_python_decorator.py took 0.160 seconds
[2025-03-23T08:16:24.843+0000] {processor.py:186} INFO - Started process (PID=1291) to work on /home/airflow/.local/lib/python3.12/site-packages/airflow/example_dags/example_python_decorator.py
[2025-03-23T08:16:24.844+0000] {processor.py:914} INFO - Processing file /home/airflow/.local/lib/python3.12/site-packages/airflow/example_dags/example_python_decorator.py for tasks to queue
[2025-03-23T08:16:24.848+0000] {logging_mixin.py:190} INFO - [2025-03-23T08:16:24.847+0000] {dagbag.py:588} INFO - Filling up the DagBag from /home/airflow/.local/lib/python3.12/site-packages/airflow/example_dags/example_python_decorator.py
[2025-03-23T08:16:24.867+0000] {processor.py:925} INFO - DAG(s) 'example_python_decorator' retrieved from /home/airflow/.local/lib/python3.12/site-packages/airflow/example_dags/example_python_decorator.py
[2025-03-23T08:16:24.898+0000] {logging_mixin.py:190} INFO - [2025-03-23T08:16:24.898+0000] {dag.py:3239} INFO - Sync 1 DAGs
[2025-03-23T08:16:24.916+0000] {logging_mixin.py:190} INFO - [2025-03-23T08:16:24.916+0000] {dag.py:4180} INFO - Setting next_dagrun for example_python_decorator to None, run_after=None
[2025-03-23T08:16:24.970+0000] {processor.py:208} INFO - Processing /home/airflow/.local/lib/python3.12/site-packages/airflow/example_dags/example_python_decorator.py took 0.142 seconds
[2025-03-23T08:16:55.583+0000] {processor.py:186} INFO - Started process (PID=1355) to work on /home/airflow/.local/lib/python3.12/site-packages/airflow/example_dags/example_python_decorator.py
[2025-03-23T08:16:55.585+0000] {processor.py:914} INFO - Processing file /home/airflow/.local/lib/python3.12/site-packages/airflow/example_dags/example_python_decorator.py for tasks to queue
[2025-03-23T08:16:55.588+0000] {logging_mixin.py:190} INFO - [2025-03-23T08:16:55.588+0000] {dagbag.py:588} INFO - Filling up the DagBag from /home/airflow/.local/lib/python3.12/site-packages/airflow/example_dags/example_python_decorator.py
[2025-03-23T08:16:55.615+0000] {processor.py:925} INFO - DAG(s) 'example_python_decorator' retrieved from /home/airflow/.local/lib/python3.12/site-packages/airflow/example_dags/example_python_decorator.py
[2025-03-23T08:16:55.644+0000] {logging_mixin.py:190} INFO - [2025-03-23T08:16:55.644+0000] {dag.py:3239} INFO - Sync 1 DAGs
[2025-03-23T08:16:55.668+0000] {logging_mixin.py:190} INFO - [2025-03-23T08:16:55.668+0000] {dag.py:4180} INFO - Setting next_dagrun for example_python_decorator to None, run_after=None
[2025-03-23T08:16:55.719+0000] {processor.py:208} INFO - Processing /home/airflow/.local/lib/python3.12/site-packages/airflow/example_dags/example_python_decorator.py took 0.149 seconds
[2025-03-23T08:17:26.685+0000] {processor.py:186} INFO - Started process (PID=1419) to work on /home/airflow/.local/lib/python3.12/site-packages/airflow/example_dags/example_python_decorator.py
[2025-03-23T08:17:26.687+0000] {processor.py:914} INFO - Processing file /home/airflow/.local/lib/python3.12/site-packages/airflow/example_dags/example_python_decorator.py for tasks to queue
[2025-03-23T08:17:26.691+0000] {logging_mixin.py:190} INFO - [2025-03-23T08:17:26.690+0000] {dagbag.py:588} INFO - Filling up the DagBag from /home/airflow/.local/lib/python3.12/site-packages/airflow/example_dags/example_python_decorator.py
[2025-03-23T08:17:26.711+0000] {processor.py:925} INFO - DAG(s) 'example_python_decorator' retrieved from /home/airflow/.local/lib/python3.12/site-packages/airflow/example_dags/example_python_decorator.py
[2025-03-23T08:17:26.738+0000] {logging_mixin.py:190} INFO - [2025-03-23T08:17:26.737+0000] {dag.py:3239} INFO - Sync 1 DAGs
[2025-03-23T08:17:26.762+0000] {logging_mixin.py:190} INFO - [2025-03-23T08:17:26.761+0000] {dag.py:4180} INFO - Setting next_dagrun for example_python_decorator to None, run_after=None
[2025-03-23T08:17:26.807+0000] {processor.py:208} INFO - Processing /home/airflow/.local/lib/python3.12/site-packages/airflow/example_dags/example_python_decorator.py took 0.140 seconds
[2025-03-23T08:17:57.177+0000] {processor.py:186} INFO - Started process (PID=1483) to work on /home/airflow/.local/lib/python3.12/site-packages/airflow/example_dags/example_python_decorator.py
[2025-03-23T08:17:57.179+0000] {processor.py:914} INFO - Processing file /home/airflow/.local/lib/python3.12/site-packages/airflow/example_dags/example_python_decorator.py for tasks to queue
[2025-03-23T08:17:57.183+0000] {logging_mixin.py:190} INFO - [2025-03-23T08:17:57.182+0000] {dagbag.py:588} INFO - Filling up the DagBag from /home/airflow/.local/lib/python3.12/site-packages/airflow/example_dags/example_python_decorator.py
[2025-03-23T08:17:57.207+0000] {processor.py:925} INFO - DAG(s) 'example_python_decorator' retrieved from /home/airflow/.local/lib/python3.12/site-packages/airflow/example_dags/example_python_decorator.py
[2025-03-23T08:17:57.237+0000] {logging_mixin.py:190} INFO - [2025-03-23T08:17:57.237+0000] {dag.py:3239} INFO - Sync 1 DAGs
[2025-03-23T08:17:57.259+0000] {logging_mixin.py:190} INFO - [2025-03-23T08:17:57.259+0000] {dag.py:4180} INFO - Setting next_dagrun for example_python_decorator to None, run_after=None
[2025-03-23T08:17:57.312+0000] {processor.py:208} INFO - Processing /home/airflow/.local/lib/python3.12/site-packages/airflow/example_dags/example_python_decorator.py took 0.148 seconds
[2025-03-23T08:18:28.171+0000] {processor.py:186} INFO - Started process (PID=1547) to work on /home/airflow/.local/lib/python3.12/site-packages/airflow/example_dags/example_python_decorator.py
[2025-03-23T08:18:28.173+0000] {processor.py:914} INFO - Processing file /home/airflow/.local/lib/python3.12/site-packages/airflow/example_dags/example_python_decorator.py for tasks to queue
[2025-03-23T08:18:28.183+0000] {logging_mixin.py:190} INFO - [2025-03-23T08:18:28.183+0000] {dagbag.py:588} INFO - Filling up the DagBag from /home/airflow/.local/lib/python3.12/site-packages/airflow/example_dags/example_python_decorator.py
[2025-03-23T08:18:28.216+0000] {processor.py:925} INFO - DAG(s) 'example_python_decorator' retrieved from /home/airflow/.local/lib/python3.12/site-packages/airflow/example_dags/example_python_decorator.py
[2025-03-23T08:18:28.256+0000] {logging_mixin.py:190} INFO - [2025-03-23T08:18:28.256+0000] {dag.py:3239} INFO - Sync 1 DAGs
[2025-03-23T08:18:28.286+0000] {logging_mixin.py:190} INFO - [2025-03-23T08:18:28.285+0000] {dag.py:4180} INFO - Setting next_dagrun for example_python_decorator to None, run_after=None
[2025-03-23T08:18:28.346+0000] {processor.py:208} INFO - Processing /home/airflow/.local/lib/python3.12/site-packages/airflow/example_dags/example_python_decorator.py took 0.196 seconds
[2025-03-23T08:18:58.653+0000] {processor.py:186} INFO - Started process (PID=1611) to work on /home/airflow/.local/lib/python3.12/site-packages/airflow/example_dags/example_python_decorator.py
[2025-03-23T08:18:58.654+0000] {processor.py:914} INFO - Processing file /home/airflow/.local/lib/python3.12/site-packages/airflow/example_dags/example_python_decorator.py for tasks to queue
[2025-03-23T08:18:58.659+0000] {logging_mixin.py:190} INFO - [2025-03-23T08:18:58.658+0000] {dagbag.py:588} INFO - Filling up the DagBag from /home/airflow/.local/lib/python3.12/site-packages/airflow/example_dags/example_python_decorator.py
[2025-03-23T08:18:58.677+0000] {processor.py:925} INFO - DAG(s) 'example_python_decorator' retrieved from /home/airflow/.local/lib/python3.12/site-packages/airflow/example_dags/example_python_decorator.py
[2025-03-23T08:18:58.704+0000] {logging_mixin.py:190} INFO - [2025-03-23T08:18:58.704+0000] {dag.py:3239} INFO - Sync 1 DAGs
[2025-03-23T08:18:58.725+0000] {logging_mixin.py:190} INFO - [2025-03-23T08:18:58.725+0000] {dag.py:4180} INFO - Setting next_dagrun for example_python_decorator to None, run_after=None
[2025-03-23T08:18:58.812+0000] {processor.py:208} INFO - Processing /home/airflow/.local/lib/python3.12/site-packages/airflow/example_dags/example_python_decorator.py took 0.176 seconds
[2025-03-23T08:19:29.325+0000] {processor.py:186} INFO - Started process (PID=1675) to work on /home/airflow/.local/lib/python3.12/site-packages/airflow/example_dags/example_python_decorator.py
[2025-03-23T08:19:29.326+0000] {processor.py:914} INFO - Processing file /home/airflow/.local/lib/python3.12/site-packages/airflow/example_dags/example_python_decorator.py for tasks to queue
[2025-03-23T08:19:29.330+0000] {logging_mixin.py:190} INFO - [2025-03-23T08:19:29.330+0000] {dagbag.py:588} INFO - Filling up the DagBag from /home/airflow/.local/lib/python3.12/site-packages/airflow/example_dags/example_python_decorator.py
[2025-03-23T08:19:29.359+0000] {processor.py:925} INFO - DAG(s) 'example_python_decorator' retrieved from /home/airflow/.local/lib/python3.12/site-packages/airflow/example_dags/example_python_decorator.py
[2025-03-23T08:19:29.396+0000] {logging_mixin.py:190} INFO - [2025-03-23T08:19:29.396+0000] {dag.py:3239} INFO - Sync 1 DAGs
[2025-03-23T08:19:29.420+0000] {logging_mixin.py:190} INFO - [2025-03-23T08:19:29.420+0000] {dag.py:4180} INFO - Setting next_dagrun for example_python_decorator to None, run_after=None
[2025-03-23T08:19:29.485+0000] {processor.py:208} INFO - Processing /home/airflow/.local/lib/python3.12/site-packages/airflow/example_dags/example_python_decorator.py took 0.176 seconds
[2025-03-23T08:20:00.104+0000] {processor.py:186} INFO - Started process (PID=1739) to work on /home/airflow/.local/lib/python3.12/site-packages/airflow/example_dags/example_python_decorator.py
[2025-03-23T08:20:00.106+0000] {processor.py:914} INFO - Processing file /home/airflow/.local/lib/python3.12/site-packages/airflow/example_dags/example_python_decorator.py for tasks to queue
[2025-03-23T08:20:00.110+0000] {logging_mixin.py:190} INFO - [2025-03-23T08:20:00.109+0000] {dagbag.py:588} INFO - Filling up the DagBag from /home/airflow/.local/lib/python3.12/site-packages/airflow/example_dags/example_python_decorator.py
[2025-03-23T08:20:00.134+0000] {processor.py:925} INFO - DAG(s) 'example_python_decorator' retrieved from /home/airflow/.local/lib/python3.12/site-packages/airflow/example_dags/example_python_decorator.py
[2025-03-23T08:20:00.166+0000] {logging_mixin.py:190} INFO - [2025-03-23T08:20:00.166+0000] {dag.py:3239} INFO - Sync 1 DAGs
[2025-03-23T08:20:00.188+0000] {logging_mixin.py:190} INFO - [2025-03-23T08:20:00.188+0000] {dag.py:4180} INFO - Setting next_dagrun for example_python_decorator to None, run_after=None
[2025-03-23T08:20:00.250+0000] {processor.py:208} INFO - Processing /home/airflow/.local/lib/python3.12/site-packages/airflow/example_dags/example_python_decorator.py took 0.162 seconds
[2025-03-23T08:20:30.793+0000] {processor.py:186} INFO - Started process (PID=1802) to work on /home/airflow/.local/lib/python3.12/site-packages/airflow/example_dags/example_python_decorator.py
[2025-03-23T08:20:30.794+0000] {processor.py:914} INFO - Processing file /home/airflow/.local/lib/python3.12/site-packages/airflow/example_dags/example_python_decorator.py for tasks to queue
[2025-03-23T08:20:30.798+0000] {logging_mixin.py:190} INFO - [2025-03-23T08:20:30.797+0000] {dagbag.py:588} INFO - Filling up the DagBag from /home/airflow/.local/lib/python3.12/site-packages/airflow/example_dags/example_python_decorator.py
[2025-03-23T08:20:30.819+0000] {processor.py:925} INFO - DAG(s) 'example_python_decorator' retrieved from /home/airflow/.local/lib/python3.12/site-packages/airflow/example_dags/example_python_decorator.py
[2025-03-23T08:20:30.850+0000] {logging_mixin.py:190} INFO - [2025-03-23T08:20:30.850+0000] {dag.py:3239} INFO - Sync 1 DAGs
[2025-03-23T08:20:30.870+0000] {logging_mixin.py:190} INFO - [2025-03-23T08:20:30.869+0000] {dag.py:4180} INFO - Setting next_dagrun for example_python_decorator to None, run_after=None
[2025-03-23T08:20:30.945+0000] {processor.py:208} INFO - Processing /home/airflow/.local/lib/python3.12/site-packages/airflow/example_dags/example_python_decorator.py took 0.166 seconds
[2025-03-23T08:24:58.272+0000] {processor.py:186} INFO - Started process (PID=104) to work on /home/airflow/.local/lib/python3.12/site-packages/airflow/example_dags/example_python_decorator.py
[2025-03-23T08:24:58.406+0000] {processor.py:914} INFO - Processing file /home/airflow/.local/lib/python3.12/site-packages/airflow/example_dags/example_python_decorator.py for tasks to queue
[2025-03-23T08:24:58.410+0000] {logging_mixin.py:190} INFO - [2025-03-23T08:24:58.409+0000] {dagbag.py:588} INFO - Filling up the DagBag from /home/airflow/.local/lib/python3.12/site-packages/airflow/example_dags/example_python_decorator.py
[2025-03-23T08:24:58.441+0000] {processor.py:925} INFO - DAG(s) 'example_python_decorator' retrieved from /home/airflow/.local/lib/python3.12/site-packages/airflow/example_dags/example_python_decorator.py
[2025-03-23T08:24:58.650+0000] {logging_mixin.py:190} INFO - [2025-03-23T08:24:58.649+0000] {dag.py:3239} INFO - Sync 1 DAGs
[2025-03-23T08:24:58.678+0000] {logging_mixin.py:190} INFO - [2025-03-23T08:24:58.677+0000] {dag.py:4180} INFO - Setting next_dagrun for example_python_decorator to None, run_after=None
[2025-03-23T08:24:59.211+0000] {processor.py:208} INFO - Processing /home/airflow/.local/lib/python3.12/site-packages/airflow/example_dags/example_python_decorator.py took 0.947 seconds
[2025-03-23T08:26:36.125+0000] {processor.py:186} INFO - Started process (PID=93) to work on /home/airflow/.local/lib/python3.12/site-packages/airflow/example_dags/example_python_decorator.py
[2025-03-23T08:26:36.128+0000] {processor.py:914} INFO - Processing file /home/airflow/.local/lib/python3.12/site-packages/airflow/example_dags/example_python_decorator.py for tasks to queue
[2025-03-23T08:26:36.134+0000] {logging_mixin.py:190} INFO - [2025-03-23T08:26:36.133+0000] {dagbag.py:588} INFO - Filling up the DagBag from /home/airflow/.local/lib/python3.12/site-packages/airflow/example_dags/example_python_decorator.py
[2025-03-23T08:26:36.161+0000] {processor.py:925} INFO - DAG(s) 'example_python_decorator' retrieved from /home/airflow/.local/lib/python3.12/site-packages/airflow/example_dags/example_python_decorator.py
[2025-03-23T08:26:36.347+0000] {logging_mixin.py:190} INFO - [2025-03-23T08:26:36.347+0000] {dag.py:3239} INFO - Sync 1 DAGs
[2025-03-23T08:26:36.364+0000] {logging_mixin.py:190} INFO - [2025-03-23T08:26:36.364+0000] {dag.py:4180} INFO - Setting next_dagrun for example_python_decorator to None, run_after=None
[2025-03-23T08:26:36.514+0000] {processor.py:208} INFO - Processing /home/airflow/.local/lib/python3.12/site-packages/airflow/example_dags/example_python_decorator.py took 0.406 seconds
[2025-03-23T08:27:07.001+0000] {processor.py:186} INFO - Started process (PID=157) to work on /home/airflow/.local/lib/python3.12/site-packages/airflow/example_dags/example_python_decorator.py
[2025-03-23T08:27:07.002+0000] {processor.py:914} INFO - Processing file /home/airflow/.local/lib/python3.12/site-packages/airflow/example_dags/example_python_decorator.py for tasks to queue
[2025-03-23T08:27:07.006+0000] {logging_mixin.py:190} INFO - [2025-03-23T08:27:07.005+0000] {dagbag.py:588} INFO - Filling up the DagBag from /home/airflow/.local/lib/python3.12/site-packages/airflow/example_dags/example_python_decorator.py
[2025-03-23T08:27:07.026+0000] {processor.py:925} INFO - DAG(s) 'example_python_decorator' retrieved from /home/airflow/.local/lib/python3.12/site-packages/airflow/example_dags/example_python_decorator.py
[2025-03-23T08:27:07.052+0000] {logging_mixin.py:190} INFO - [2025-03-23T08:27:07.052+0000] {dag.py:3239} INFO - Sync 1 DAGs
[2025-03-23T08:27:07.070+0000] {logging_mixin.py:190} INFO - [2025-03-23T08:27:07.070+0000] {dag.py:4180} INFO - Setting next_dagrun for example_python_decorator to None, run_after=None
[2025-03-23T08:27:07.317+0000] {processor.py:208} INFO - Processing /home/airflow/.local/lib/python3.12/site-packages/airflow/example_dags/example_python_decorator.py took 0.326 seconds
[2025-03-23T08:27:37.667+0000] {processor.py:186} INFO - Started process (PID=220) to work on /home/airflow/.local/lib/python3.12/site-packages/airflow/example_dags/example_python_decorator.py
[2025-03-23T08:27:37.674+0000] {processor.py:914} INFO - Processing file /home/airflow/.local/lib/python3.12/site-packages/airflow/example_dags/example_python_decorator.py for tasks to queue
[2025-03-23T08:27:37.681+0000] {logging_mixin.py:190} INFO - [2025-03-23T08:27:37.680+0000] {dagbag.py:588} INFO - Filling up the DagBag from /home/airflow/.local/lib/python3.12/site-packages/airflow/example_dags/example_python_decorator.py
[2025-03-23T08:27:37.734+0000] {processor.py:925} INFO - DAG(s) 'example_python_decorator' retrieved from /home/airflow/.local/lib/python3.12/site-packages/airflow/example_dags/example_python_decorator.py
[2025-03-23T08:27:37.811+0000] {logging_mixin.py:190} INFO - [2025-03-23T08:27:37.810+0000] {dag.py:3239} INFO - Sync 1 DAGs
[2025-03-23T08:27:37.860+0000] {logging_mixin.py:190} INFO - [2025-03-23T08:27:37.860+0000] {dag.py:4180} INFO - Setting next_dagrun for example_python_decorator to None, run_after=None
[2025-03-23T08:27:37.985+0000] {processor.py:208} INFO - Processing /home/airflow/.local/lib/python3.12/site-packages/airflow/example_dags/example_python_decorator.py took 0.332 seconds
[2025-03-23T08:28:08.101+0000] {processor.py:186} INFO - Started process (PID=284) to work on /home/airflow/.local/lib/python3.12/site-packages/airflow/example_dags/example_python_decorator.py
[2025-03-23T08:28:08.104+0000] {processor.py:914} INFO - Processing file /home/airflow/.local/lib/python3.12/site-packages/airflow/example_dags/example_python_decorator.py for tasks to queue
[2025-03-23T08:28:08.110+0000] {logging_mixin.py:190} INFO - [2025-03-23T08:28:08.109+0000] {dagbag.py:588} INFO - Filling up the DagBag from /home/airflow/.local/lib/python3.12/site-packages/airflow/example_dags/example_python_decorator.py
[2025-03-23T08:28:08.142+0000] {processor.py:925} INFO - DAG(s) 'example_python_decorator' retrieved from /home/airflow/.local/lib/python3.12/site-packages/airflow/example_dags/example_python_decorator.py
[2025-03-23T08:28:08.180+0000] {logging_mixin.py:190} INFO - [2025-03-23T08:28:08.180+0000] {dag.py:3239} INFO - Sync 1 DAGs
[2025-03-23T08:28:08.200+0000] {logging_mixin.py:190} INFO - [2025-03-23T08:28:08.200+0000] {dag.py:4180} INFO - Setting next_dagrun for example_python_decorator to None, run_after=None
[2025-03-23T08:28:08.319+0000] {processor.py:208} INFO - Processing /home/airflow/.local/lib/python3.12/site-packages/airflow/example_dags/example_python_decorator.py took 0.231 seconds
[2025-03-23T08:28:38.618+0000] {processor.py:186} INFO - Started process (PID=348) to work on /home/airflow/.local/lib/python3.12/site-packages/airflow/example_dags/example_python_decorator.py
[2025-03-23T08:28:38.621+0000] {processor.py:914} INFO - Processing file /home/airflow/.local/lib/python3.12/site-packages/airflow/example_dags/example_python_decorator.py for tasks to queue
[2025-03-23T08:28:38.635+0000] {logging_mixin.py:190} INFO - [2025-03-23T08:28:38.633+0000] {dagbag.py:588} INFO - Filling up the DagBag from /home/airflow/.local/lib/python3.12/site-packages/airflow/example_dags/example_python_decorator.py
[2025-03-23T08:28:38.695+0000] {processor.py:925} INFO - DAG(s) 'example_python_decorator' retrieved from /home/airflow/.local/lib/python3.12/site-packages/airflow/example_dags/example_python_decorator.py
[2025-03-23T08:28:38.721+0000] {logging_mixin.py:190} INFO - [2025-03-23T08:28:38.721+0000] {dag.py:3239} INFO - Sync 1 DAGs
[2025-03-23T08:28:38.739+0000] {logging_mixin.py:190} INFO - [2025-03-23T08:28:38.739+0000] {dag.py:4180} INFO - Setting next_dagrun for example_python_decorator to None, run_after=None
[2025-03-23T08:28:38.815+0000] {processor.py:208} INFO - Processing /home/airflow/.local/lib/python3.12/site-packages/airflow/example_dags/example_python_decorator.py took 0.221 seconds
[2025-03-23T08:29:08.892+0000] {processor.py:186} INFO - Started process (PID=412) to work on /home/airflow/.local/lib/python3.12/site-packages/airflow/example_dags/example_python_decorator.py
[2025-03-23T08:29:08.893+0000] {processor.py:914} INFO - Processing file /home/airflow/.local/lib/python3.12/site-packages/airflow/example_dags/example_python_decorator.py for tasks to queue
[2025-03-23T08:29:08.896+0000] {logging_mixin.py:190} INFO - [2025-03-23T08:29:08.896+0000] {dagbag.py:588} INFO - Filling up the DagBag from /home/airflow/.local/lib/python3.12/site-packages/airflow/example_dags/example_python_decorator.py
[2025-03-23T08:29:08.916+0000] {processor.py:925} INFO - DAG(s) 'example_python_decorator' retrieved from /home/airflow/.local/lib/python3.12/site-packages/airflow/example_dags/example_python_decorator.py
[2025-03-23T08:29:08.943+0000] {logging_mixin.py:190} INFO - [2025-03-23T08:29:08.943+0000] {dag.py:3239} INFO - Sync 1 DAGs
[2025-03-23T08:29:08.963+0000] {logging_mixin.py:190} INFO - [2025-03-23T08:29:08.963+0000] {dag.py:4180} INFO - Setting next_dagrun for example_python_decorator to None, run_after=None
[2025-03-23T08:29:09.021+0000] {processor.py:208} INFO - Processing /home/airflow/.local/lib/python3.12/site-packages/airflow/example_dags/example_python_decorator.py took 0.137 seconds
[2025-03-23T08:29:39.717+0000] {processor.py:186} INFO - Started process (PID=476) to work on /home/airflow/.local/lib/python3.12/site-packages/airflow/example_dags/example_python_decorator.py
[2025-03-23T08:29:39.718+0000] {processor.py:914} INFO - Processing file /home/airflow/.local/lib/python3.12/site-packages/airflow/example_dags/example_python_decorator.py for tasks to queue
[2025-03-23T08:29:39.721+0000] {logging_mixin.py:190} INFO - [2025-03-23T08:29:39.721+0000] {dagbag.py:588} INFO - Filling up the DagBag from /home/airflow/.local/lib/python3.12/site-packages/airflow/example_dags/example_python_decorator.py
[2025-03-23T08:29:39.741+0000] {processor.py:925} INFO - DAG(s) 'example_python_decorator' retrieved from /home/airflow/.local/lib/python3.12/site-packages/airflow/example_dags/example_python_decorator.py
[2025-03-23T08:29:39.771+0000] {logging_mixin.py:190} INFO - [2025-03-23T08:29:39.770+0000] {dag.py:3239} INFO - Sync 1 DAGs
[2025-03-23T08:29:39.790+0000] {logging_mixin.py:190} INFO - [2025-03-23T08:29:39.790+0000] {dag.py:4180} INFO - Setting next_dagrun for example_python_decorator to None, run_after=None
[2025-03-23T08:29:39.857+0000] {processor.py:208} INFO - Processing /home/airflow/.local/lib/python3.12/site-packages/airflow/example_dags/example_python_decorator.py took 0.149 seconds
