[2025-03-23T08:07:14.039+0000] {processor.py:186} INFO - Started process (PID=123) to work on /home/airflow/.local/lib/python3.12/site-packages/airflow/example_dags/example_sensors.py
[2025-03-23T08:07:14.040+0000] {processor.py:914} INFO - Processing file /home/airflow/.local/lib/python3.12/site-packages/airflow/example_dags/example_sensors.py for tasks to queue
[2025-03-23T08:07:14.044+0000] {logging_mixin.py:190} INFO - [2025-03-23T08:07:14.043+0000] {dagbag.py:588} INFO - Filling up the DagBag from /home/airflow/.local/lib/python3.12/site-packages/airflow/example_dags/example_sensors.py
[2025-03-23T08:07:14.090+0000] {processor.py:925} INFO - DAG(s) 'example_sensors' retrieved from /home/airflow/.local/lib/python3.12/site-packages/airflow/example_dags/example_sensors.py
[2025-03-23T08:07:14.357+0000] {logging_mixin.py:190} INFO - [2025-03-23T08:07:14.355+0000] {override.py:1911} INFO - Created Permission View: can edit on DAG:example_sensors
[2025-03-23T08:07:14.496+0000] {logging_mixin.py:190} INFO - [2025-03-23T08:07:14.496+0000] {override.py:1911} INFO - Created Permission View: can delete on DAG:example_sensors
[2025-03-23T08:07:14.556+0000] {logging_mixin.py:190} INFO - [2025-03-23T08:07:14.555+0000] {override.py:1911} INFO - Created Permission View: can read on DAG:example_sensors
[2025-03-23T08:07:14.645+0000] {logging_mixin.py:190} INFO - [2025-03-23T08:07:14.644+0000] {override.py:1911} INFO - Created Permission View: menu access on DAG Run:example_sensors
[2025-03-23T08:07:14.689+0000] {logging_mixin.py:190} INFO - [2025-03-23T08:07:14.689+0000] {override.py:1911} INFO - Created Permission View: can create on DAG Run:example_sensors
[2025-03-23T08:07:14.745+0000] {logging_mixin.py:190} INFO - [2025-03-23T08:07:14.744+0000] {override.py:1911} INFO - Created Permission View: can read on DAG Run:example_sensors
[2025-03-23T08:07:14.789+0000] {logging_mixin.py:190} INFO - [2025-03-23T08:07:14.789+0000] {override.py:1911} INFO - Created Permission View: can delete on DAG Run:example_sensors
[2025-03-23T08:07:14.790+0000] {logging_mixin.py:190} INFO - [2025-03-23T08:07:14.790+0000] {dag.py:3239} INFO - Sync 1 DAGs
[2025-03-23T08:07:14.811+0000] {logging_mixin.py:190} INFO - [2025-03-23T08:07:14.810+0000] {dag.py:3262} INFO - Creating ORM DAG for example_sensors
[2025-03-23T08:07:14.812+0000] {logging_mixin.py:190} INFO - [2025-03-23T08:07:14.812+0000] {dag.py:4180} INFO - Setting next_dagrun for example_sensors to None, run_after=None
[2025-03-23T08:07:14.900+0000] {processor.py:208} INFO - Processing /home/airflow/.local/lib/python3.12/site-packages/airflow/example_dags/example_sensors.py took 0.871 seconds
[2025-03-23T08:07:49.664+0000] {processor.py:186} INFO - Started process (PID=187) to work on /home/airflow/.local/lib/python3.12/site-packages/airflow/example_dags/example_sensors.py
[2025-03-23T08:07:49.677+0000] {processor.py:914} INFO - Processing file /home/airflow/.local/lib/python3.12/site-packages/airflow/example_dags/example_sensors.py for tasks to queue
[2025-03-23T08:07:49.681+0000] {logging_mixin.py:190} INFO - [2025-03-23T08:07:49.680+0000] {dagbag.py:588} INFO - Filling up the DagBag from /home/airflow/.local/lib/python3.12/site-packages/airflow/example_dags/example_sensors.py
[2025-03-23T08:07:49.698+0000] {processor.py:925} INFO - DAG(s) 'example_sensors' retrieved from /home/airflow/.local/lib/python3.12/site-packages/airflow/example_dags/example_sensors.py
[2025-03-23T08:07:49.757+0000] {logging_mixin.py:190} INFO - [2025-03-23T08:07:49.756+0000] {dag.py:3239} INFO - Sync 1 DAGs
[2025-03-23T08:07:49.795+0000] {logging_mixin.py:190} INFO - [2025-03-23T08:07:49.794+0000] {dag.py:4180} INFO - Setting next_dagrun for example_sensors to None, run_after=None
[2025-03-23T08:07:49.880+0000] {processor.py:208} INFO - Processing /home/airflow/.local/lib/python3.12/site-packages/airflow/example_dags/example_sensors.py took 0.224 seconds
[2025-03-23T08:08:20.047+0000] {processor.py:186} INFO - Started process (PID=251) to work on /home/airflow/.local/lib/python3.12/site-packages/airflow/example_dags/example_sensors.py
[2025-03-23T08:08:20.049+0000] {processor.py:914} INFO - Processing file /home/airflow/.local/lib/python3.12/site-packages/airflow/example_dags/example_sensors.py for tasks to queue
[2025-03-23T08:08:20.053+0000] {logging_mixin.py:190} INFO - [2025-03-23T08:08:20.053+0000] {dagbag.py:588} INFO - Filling up the DagBag from /home/airflow/.local/lib/python3.12/site-packages/airflow/example_dags/example_sensors.py
[2025-03-23T08:08:20.073+0000] {processor.py:925} INFO - DAG(s) 'example_sensors' retrieved from /home/airflow/.local/lib/python3.12/site-packages/airflow/example_dags/example_sensors.py
[2025-03-23T08:08:20.139+0000] {logging_mixin.py:190} INFO - [2025-03-23T08:08:20.139+0000] {dag.py:3239} INFO - Sync 1 DAGs
[2025-03-23T08:08:20.167+0000] {logging_mixin.py:190} INFO - [2025-03-23T08:08:20.167+0000] {dag.py:4180} INFO - Setting next_dagrun for example_sensors to None, run_after=None
[2025-03-23T08:08:20.281+0000] {processor.py:208} INFO - Processing /home/airflow/.local/lib/python3.12/site-packages/airflow/example_dags/example_sensors.py took 0.244 seconds
[2025-03-23T08:08:50.574+0000] {processor.py:186} INFO - Started process (PID=314) to work on /home/airflow/.local/lib/python3.12/site-packages/airflow/example_dags/example_sensors.py
[2025-03-23T08:08:50.576+0000] {processor.py:914} INFO - Processing file /home/airflow/.local/lib/python3.12/site-packages/airflow/example_dags/example_sensors.py for tasks to queue
[2025-03-23T08:08:50.580+0000] {logging_mixin.py:190} INFO - [2025-03-23T08:08:50.580+0000] {dagbag.py:588} INFO - Filling up the DagBag from /home/airflow/.local/lib/python3.12/site-packages/airflow/example_dags/example_sensors.py
[2025-03-23T08:08:50.610+0000] {processor.py:925} INFO - DAG(s) 'example_sensors' retrieved from /home/airflow/.local/lib/python3.12/site-packages/airflow/example_dags/example_sensors.py
[2025-03-23T08:08:50.689+0000] {logging_mixin.py:190} INFO - [2025-03-23T08:08:50.689+0000] {dag.py:3239} INFO - Sync 1 DAGs
[2025-03-23T08:08:50.731+0000] {logging_mixin.py:190} INFO - [2025-03-23T08:08:50.731+0000] {dag.py:4180} INFO - Setting next_dagrun for example_sensors to None, run_after=None
[2025-03-23T08:08:50.803+0000] {processor.py:208} INFO - Processing /home/airflow/.local/lib/python3.12/site-packages/airflow/example_dags/example_sensors.py took 0.240 seconds
[2025-03-23T08:09:21.151+0000] {processor.py:186} INFO - Started process (PID=376) to work on /home/airflow/.local/lib/python3.12/site-packages/airflow/example_dags/example_sensors.py
[2025-03-23T08:09:21.153+0000] {processor.py:914} INFO - Processing file /home/airflow/.local/lib/python3.12/site-packages/airflow/example_dags/example_sensors.py for tasks to queue
[2025-03-23T08:09:21.156+0000] {logging_mixin.py:190} INFO - [2025-03-23T08:09:21.156+0000] {dagbag.py:588} INFO - Filling up the DagBag from /home/airflow/.local/lib/python3.12/site-packages/airflow/example_dags/example_sensors.py
[2025-03-23T08:09:21.170+0000] {processor.py:925} INFO - DAG(s) 'example_sensors' retrieved from /home/airflow/.local/lib/python3.12/site-packages/airflow/example_dags/example_sensors.py
[2025-03-23T08:09:21.207+0000] {logging_mixin.py:190} INFO - [2025-03-23T08:09:21.207+0000] {dag.py:3239} INFO - Sync 1 DAGs
[2025-03-23T08:09:21.226+0000] {logging_mixin.py:190} INFO - [2025-03-23T08:09:21.226+0000] {dag.py:4180} INFO - Setting next_dagrun for example_sensors to None, run_after=None
[2025-03-23T08:09:21.878+0000] {processor.py:208} INFO - Processing /home/airflow/.local/lib/python3.12/site-packages/airflow/example_dags/example_sensors.py took 0.736 seconds
[2025-03-23T08:09:52.516+0000] {processor.py:186} INFO - Started process (PID=441) to work on /home/airflow/.local/lib/python3.12/site-packages/airflow/example_dags/example_sensors.py
[2025-03-23T08:09:52.518+0000] {processor.py:914} INFO - Processing file /home/airflow/.local/lib/python3.12/site-packages/airflow/example_dags/example_sensors.py for tasks to queue
[2025-03-23T08:09:52.521+0000] {logging_mixin.py:190} INFO - [2025-03-23T08:09:52.521+0000] {dagbag.py:588} INFO - Filling up the DagBag from /home/airflow/.local/lib/python3.12/site-packages/airflow/example_dags/example_sensors.py
[2025-03-23T08:09:52.537+0000] {processor.py:925} INFO - DAG(s) 'example_sensors' retrieved from /home/airflow/.local/lib/python3.12/site-packages/airflow/example_dags/example_sensors.py
[2025-03-23T08:09:52.576+0000] {logging_mixin.py:190} INFO - [2025-03-23T08:09:52.576+0000] {dag.py:3239} INFO - Sync 1 DAGs
[2025-03-23T08:09:52.596+0000] {logging_mixin.py:190} INFO - [2025-03-23T08:09:52.595+0000] {dag.py:4180} INFO - Setting next_dagrun for example_sensors to None, run_after=None
[2025-03-23T08:09:52.788+0000] {processor.py:208} INFO - Processing /home/airflow/.local/lib/python3.12/site-packages/airflow/example_dags/example_sensors.py took 0.280 seconds
[2025-03-23T08:10:23.128+0000] {processor.py:186} INFO - Started process (PID=504) to work on /home/airflow/.local/lib/python3.12/site-packages/airflow/example_dags/example_sensors.py
[2025-03-23T08:10:23.129+0000] {processor.py:914} INFO - Processing file /home/airflow/.local/lib/python3.12/site-packages/airflow/example_dags/example_sensors.py for tasks to queue
[2025-03-23T08:10:23.132+0000] {logging_mixin.py:190} INFO - [2025-03-23T08:10:23.132+0000] {dagbag.py:588} INFO - Filling up the DagBag from /home/airflow/.local/lib/python3.12/site-packages/airflow/example_dags/example_sensors.py
[2025-03-23T08:10:23.146+0000] {processor.py:925} INFO - DAG(s) 'example_sensors' retrieved from /home/airflow/.local/lib/python3.12/site-packages/airflow/example_dags/example_sensors.py
[2025-03-23T08:10:23.177+0000] {logging_mixin.py:190} INFO - [2025-03-23T08:10:23.177+0000] {dag.py:3239} INFO - Sync 1 DAGs
[2025-03-23T08:10:23.195+0000] {logging_mixin.py:190} INFO - [2025-03-23T08:10:23.195+0000] {dag.py:4180} INFO - Setting next_dagrun for example_sensors to None, run_after=None
[2025-03-23T08:10:23.269+0000] {processor.py:208} INFO - Processing /home/airflow/.local/lib/python3.12/site-packages/airflow/example_dags/example_sensors.py took 0.149 seconds
[2025-03-23T08:10:53.885+0000] {processor.py:186} INFO - Started process (PID=574) to work on /home/airflow/.local/lib/python3.12/site-packages/airflow/example_dags/example_sensors.py
[2025-03-23T08:10:53.886+0000] {processor.py:914} INFO - Processing file /home/airflow/.local/lib/python3.12/site-packages/airflow/example_dags/example_sensors.py for tasks to queue
[2025-03-23T08:10:53.889+0000] {logging_mixin.py:190} INFO - [2025-03-23T08:10:53.889+0000] {dagbag.py:588} INFO - Filling up the DagBag from /home/airflow/.local/lib/python3.12/site-packages/airflow/example_dags/example_sensors.py
[2025-03-23T08:10:53.907+0000] {processor.py:925} INFO - DAG(s) 'example_sensors' retrieved from /home/airflow/.local/lib/python3.12/site-packages/airflow/example_dags/example_sensors.py
[2025-03-23T08:10:53.949+0000] {logging_mixin.py:190} INFO - [2025-03-23T08:10:53.949+0000] {dag.py:3239} INFO - Sync 1 DAGs
[2025-03-23T08:10:53.971+0000] {logging_mixin.py:190} INFO - [2025-03-23T08:10:53.971+0000] {dag.py:4180} INFO - Setting next_dagrun for example_sensors to None, run_after=None
[2025-03-23T08:10:54.067+0000] {processor.py:208} INFO - Processing /home/airflow/.local/lib/python3.12/site-packages/airflow/example_dags/example_sensors.py took 0.195 seconds
[2025-03-23T08:11:24.276+0000] {processor.py:186} INFO - Started process (PID=638) to work on /home/airflow/.local/lib/python3.12/site-packages/airflow/example_dags/example_sensors.py
[2025-03-23T08:11:24.278+0000] {processor.py:914} INFO - Processing file /home/airflow/.local/lib/python3.12/site-packages/airflow/example_dags/example_sensors.py for tasks to queue
[2025-03-23T08:11:24.282+0000] {logging_mixin.py:190} INFO - [2025-03-23T08:11:24.281+0000] {dagbag.py:588} INFO - Filling up the DagBag from /home/airflow/.local/lib/python3.12/site-packages/airflow/example_dags/example_sensors.py
[2025-03-23T08:11:24.307+0000] {processor.py:925} INFO - DAG(s) 'example_sensors' retrieved from /home/airflow/.local/lib/python3.12/site-packages/airflow/example_dags/example_sensors.py
[2025-03-23T08:11:24.388+0000] {logging_mixin.py:190} INFO - [2025-03-23T08:11:24.387+0000] {dag.py:3239} INFO - Sync 1 DAGs
[2025-03-23T08:11:24.479+0000] {logging_mixin.py:190} INFO - [2025-03-23T08:11:24.479+0000] {dag.py:4180} INFO - Setting next_dagrun for example_sensors to None, run_after=None
[2025-03-23T08:11:24.579+0000] {processor.py:208} INFO - Processing /home/airflow/.local/lib/python3.12/site-packages/airflow/example_dags/example_sensors.py took 0.312 seconds
[2025-03-23T08:11:54.712+0000] {processor.py:186} INFO - Started process (PID=702) to work on /home/airflow/.local/lib/python3.12/site-packages/airflow/example_dags/example_sensors.py
[2025-03-23T08:11:54.714+0000] {processor.py:914} INFO - Processing file /home/airflow/.local/lib/python3.12/site-packages/airflow/example_dags/example_sensors.py for tasks to queue
[2025-03-23T08:11:54.718+0000] {logging_mixin.py:190} INFO - [2025-03-23T08:11:54.717+0000] {dagbag.py:588} INFO - Filling up the DagBag from /home/airflow/.local/lib/python3.12/site-packages/airflow/example_dags/example_sensors.py
[2025-03-23T08:11:54.740+0000] {processor.py:925} INFO - DAG(s) 'example_sensors' retrieved from /home/airflow/.local/lib/python3.12/site-packages/airflow/example_dags/example_sensors.py
[2025-03-23T08:11:54.787+0000] {logging_mixin.py:190} INFO - [2025-03-23T08:11:54.787+0000] {dag.py:3239} INFO - Sync 1 DAGs
[2025-03-23T08:11:54.814+0000] {logging_mixin.py:190} INFO - [2025-03-23T08:11:54.814+0000] {dag.py:4180} INFO - Setting next_dagrun for example_sensors to None, run_after=None
[2025-03-23T08:11:54.915+0000] {processor.py:208} INFO - Processing /home/airflow/.local/lib/python3.12/site-packages/airflow/example_dags/example_sensors.py took 0.216 seconds
[2025-03-23T08:12:25.071+0000] {processor.py:186} INFO - Started process (PID=766) to work on /home/airflow/.local/lib/python3.12/site-packages/airflow/example_dags/example_sensors.py
[2025-03-23T08:12:25.072+0000] {processor.py:914} INFO - Processing file /home/airflow/.local/lib/python3.12/site-packages/airflow/example_dags/example_sensors.py for tasks to queue
[2025-03-23T08:12:25.076+0000] {logging_mixin.py:190} INFO - [2025-03-23T08:12:25.076+0000] {dagbag.py:588} INFO - Filling up the DagBag from /home/airflow/.local/lib/python3.12/site-packages/airflow/example_dags/example_sensors.py
[2025-03-23T08:12:25.097+0000] {processor.py:925} INFO - DAG(s) 'example_sensors' retrieved from /home/airflow/.local/lib/python3.12/site-packages/airflow/example_dags/example_sensors.py
[2025-03-23T08:12:25.132+0000] {logging_mixin.py:190} INFO - [2025-03-23T08:12:25.132+0000] {dag.py:3239} INFO - Sync 1 DAGs
[2025-03-23T08:12:25.150+0000] {logging_mixin.py:190} INFO - [2025-03-23T08:12:25.150+0000] {dag.py:4180} INFO - Setting next_dagrun for example_sensors to None, run_after=None
[2025-03-23T08:12:25.219+0000] {processor.py:208} INFO - Processing /home/airflow/.local/lib/python3.12/site-packages/airflow/example_dags/example_sensors.py took 0.156 seconds
[2025-03-23T08:12:55.409+0000] {processor.py:186} INFO - Started process (PID=830) to work on /home/airflow/.local/lib/python3.12/site-packages/airflow/example_dags/example_sensors.py
[2025-03-23T08:12:55.410+0000] {processor.py:914} INFO - Processing file /home/airflow/.local/lib/python3.12/site-packages/airflow/example_dags/example_sensors.py for tasks to queue
[2025-03-23T08:12:55.414+0000] {logging_mixin.py:190} INFO - [2025-03-23T08:12:55.414+0000] {dagbag.py:588} INFO - Filling up the DagBag from /home/airflow/.local/lib/python3.12/site-packages/airflow/example_dags/example_sensors.py
[2025-03-23T08:12:55.430+0000] {processor.py:925} INFO - DAG(s) 'example_sensors' retrieved from /home/airflow/.local/lib/python3.12/site-packages/airflow/example_dags/example_sensors.py
[2025-03-23T08:12:55.474+0000] {logging_mixin.py:190} INFO - [2025-03-23T08:12:55.473+0000] {dag.py:3239} INFO - Sync 1 DAGs
[2025-03-23T08:12:55.493+0000] {logging_mixin.py:190} INFO - [2025-03-23T08:12:55.493+0000] {dag.py:4180} INFO - Setting next_dagrun for example_sensors to None, run_after=None
[2025-03-23T08:12:55.589+0000] {processor.py:208} INFO - Processing /home/airflow/.local/lib/python3.12/site-packages/airflow/example_dags/example_sensors.py took 0.192 seconds
[2025-03-23T08:13:25.699+0000] {processor.py:186} INFO - Started process (PID=894) to work on /home/airflow/.local/lib/python3.12/site-packages/airflow/example_dags/example_sensors.py
[2025-03-23T08:13:25.700+0000] {processor.py:914} INFO - Processing file /home/airflow/.local/lib/python3.12/site-packages/airflow/example_dags/example_sensors.py for tasks to queue
[2025-03-23T08:13:25.703+0000] {logging_mixin.py:190} INFO - [2025-03-23T08:13:25.703+0000] {dagbag.py:588} INFO - Filling up the DagBag from /home/airflow/.local/lib/python3.12/site-packages/airflow/example_dags/example_sensors.py
[2025-03-23T08:13:25.718+0000] {processor.py:925} INFO - DAG(s) 'example_sensors' retrieved from /home/airflow/.local/lib/python3.12/site-packages/airflow/example_dags/example_sensors.py
[2025-03-23T08:13:25.753+0000] {logging_mixin.py:190} INFO - [2025-03-23T08:13:25.753+0000] {dag.py:3239} INFO - Sync 1 DAGs
[2025-03-23T08:13:25.772+0000] {logging_mixin.py:190} INFO - [2025-03-23T08:13:25.771+0000] {dag.py:4180} INFO - Setting next_dagrun for example_sensors to None, run_after=None
[2025-03-23T08:13:25.881+0000] {processor.py:208} INFO - Processing /home/airflow/.local/lib/python3.12/site-packages/airflow/example_dags/example_sensors.py took 0.189 seconds
[2025-03-23T08:13:56.576+0000] {processor.py:186} INFO - Started process (PID=958) to work on /home/airflow/.local/lib/python3.12/site-packages/airflow/example_dags/example_sensors.py
[2025-03-23T08:13:56.578+0000] {processor.py:914} INFO - Processing file /home/airflow/.local/lib/python3.12/site-packages/airflow/example_dags/example_sensors.py for tasks to queue
[2025-03-23T08:13:56.581+0000] {logging_mixin.py:190} INFO - [2025-03-23T08:13:56.580+0000] {dagbag.py:588} INFO - Filling up the DagBag from /home/airflow/.local/lib/python3.12/site-packages/airflow/example_dags/example_sensors.py
[2025-03-23T08:13:56.596+0000] {processor.py:925} INFO - DAG(s) 'example_sensors' retrieved from /home/airflow/.local/lib/python3.12/site-packages/airflow/example_dags/example_sensors.py
[2025-03-23T08:13:56.631+0000] {logging_mixin.py:190} INFO - [2025-03-23T08:13:56.630+0000] {dag.py:3239} INFO - Sync 1 DAGs
[2025-03-23T08:13:56.649+0000] {logging_mixin.py:190} INFO - [2025-03-23T08:13:56.648+0000] {dag.py:4180} INFO - Setting next_dagrun for example_sensors to None, run_after=None
[2025-03-23T08:13:56.734+0000] {processor.py:208} INFO - Processing /home/airflow/.local/lib/python3.12/site-packages/airflow/example_dags/example_sensors.py took 0.165 seconds
[2025-03-23T08:14:27.104+0000] {processor.py:186} INFO - Started process (PID=1029) to work on /home/airflow/.local/lib/python3.12/site-packages/airflow/example_dags/example_sensors.py
[2025-03-23T08:14:27.106+0000] {processor.py:914} INFO - Processing file /home/airflow/.local/lib/python3.12/site-packages/airflow/example_dags/example_sensors.py for tasks to queue
[2025-03-23T08:14:27.109+0000] {logging_mixin.py:190} INFO - [2025-03-23T08:14:27.109+0000] {dagbag.py:588} INFO - Filling up the DagBag from /home/airflow/.local/lib/python3.12/site-packages/airflow/example_dags/example_sensors.py
[2025-03-23T08:14:27.124+0000] {processor.py:925} INFO - DAG(s) 'example_sensors' retrieved from /home/airflow/.local/lib/python3.12/site-packages/airflow/example_dags/example_sensors.py
[2025-03-23T08:14:27.158+0000] {logging_mixin.py:190} INFO - [2025-03-23T08:14:27.158+0000] {dag.py:3239} INFO - Sync 1 DAGs
[2025-03-23T08:14:27.177+0000] {logging_mixin.py:190} INFO - [2025-03-23T08:14:27.177+0000] {dag.py:4180} INFO - Setting next_dagrun for example_sensors to None, run_after=None
[2025-03-23T08:14:27.234+0000] {processor.py:208} INFO - Processing /home/airflow/.local/lib/python3.12/site-packages/airflow/example_dags/example_sensors.py took 0.137 seconds
[2025-03-23T08:14:57.818+0000] {processor.py:186} INFO - Started process (PID=1111) to work on /home/airflow/.local/lib/python3.12/site-packages/airflow/example_dags/example_sensors.py
[2025-03-23T08:14:57.820+0000] {processor.py:914} INFO - Processing file /home/airflow/.local/lib/python3.12/site-packages/airflow/example_dags/example_sensors.py for tasks to queue
[2025-03-23T08:14:57.825+0000] {logging_mixin.py:190} INFO - [2025-03-23T08:14:57.824+0000] {dagbag.py:588} INFO - Filling up the DagBag from /home/airflow/.local/lib/python3.12/site-packages/airflow/example_dags/example_sensors.py
[2025-03-23T08:14:57.861+0000] {processor.py:925} INFO - DAG(s) 'example_sensors' retrieved from /home/airflow/.local/lib/python3.12/site-packages/airflow/example_dags/example_sensors.py
[2025-03-23T08:14:57.939+0000] {logging_mixin.py:190} INFO - [2025-03-23T08:14:57.938+0000] {dag.py:3239} INFO - Sync 1 DAGs
[2025-03-23T08:14:57.973+0000] {logging_mixin.py:190} INFO - [2025-03-23T08:14:57.973+0000] {dag.py:4180} INFO - Setting next_dagrun for example_sensors to None, run_after=None
[2025-03-23T08:14:58.169+0000] {processor.py:208} INFO - Processing /home/airflow/.local/lib/python3.12/site-packages/airflow/example_dags/example_sensors.py took 0.364 seconds
[2025-03-23T08:15:28.517+0000] {processor.py:186} INFO - Started process (PID=1175) to work on /home/airflow/.local/lib/python3.12/site-packages/airflow/example_dags/example_sensors.py
[2025-03-23T08:15:28.518+0000] {processor.py:914} INFO - Processing file /home/airflow/.local/lib/python3.12/site-packages/airflow/example_dags/example_sensors.py for tasks to queue
[2025-03-23T08:15:28.521+0000] {logging_mixin.py:190} INFO - [2025-03-23T08:15:28.521+0000] {dagbag.py:588} INFO - Filling up the DagBag from /home/airflow/.local/lib/python3.12/site-packages/airflow/example_dags/example_sensors.py
[2025-03-23T08:15:28.535+0000] {processor.py:925} INFO - DAG(s) 'example_sensors' retrieved from /home/airflow/.local/lib/python3.12/site-packages/airflow/example_dags/example_sensors.py
[2025-03-23T08:15:28.572+0000] {logging_mixin.py:190} INFO - [2025-03-23T08:15:28.572+0000] {dag.py:3239} INFO - Sync 1 DAGs
[2025-03-23T08:15:28.591+0000] {logging_mixin.py:190} INFO - [2025-03-23T08:15:28.591+0000] {dag.py:4180} INFO - Setting next_dagrun for example_sensors to None, run_after=None
[2025-03-23T08:15:28.753+0000] {processor.py:208} INFO - Processing /home/airflow/.local/lib/python3.12/site-packages/airflow/example_dags/example_sensors.py took 0.250 seconds
[2025-03-23T08:15:59.519+0000] {processor.py:186} INFO - Started process (PID=1239) to work on /home/airflow/.local/lib/python3.12/site-packages/airflow/example_dags/example_sensors.py
[2025-03-23T08:15:59.521+0000] {processor.py:914} INFO - Processing file /home/airflow/.local/lib/python3.12/site-packages/airflow/example_dags/example_sensors.py for tasks to queue
[2025-03-23T08:15:59.526+0000] {logging_mixin.py:190} INFO - [2025-03-23T08:15:59.525+0000] {dagbag.py:588} INFO - Filling up the DagBag from /home/airflow/.local/lib/python3.12/site-packages/airflow/example_dags/example_sensors.py
[2025-03-23T08:15:59.551+0000] {processor.py:925} INFO - DAG(s) 'example_sensors' retrieved from /home/airflow/.local/lib/python3.12/site-packages/airflow/example_dags/example_sensors.py
[2025-03-23T08:15:59.622+0000] {logging_mixin.py:190} INFO - [2025-03-23T08:15:59.622+0000] {dag.py:3239} INFO - Sync 1 DAGs
[2025-03-23T08:15:59.654+0000] {logging_mixin.py:190} INFO - [2025-03-23T08:15:59.654+0000] {dag.py:4180} INFO - Setting next_dagrun for example_sensors to None, run_after=None
[2025-03-23T08:15:59.768+0000] {processor.py:208} INFO - Processing /home/airflow/.local/lib/python3.12/site-packages/airflow/example_dags/example_sensors.py took 0.294 seconds
[2025-03-23T08:16:30.689+0000] {processor.py:186} INFO - Started process (PID=1302) to work on /home/airflow/.local/lib/python3.12/site-packages/airflow/example_dags/example_sensors.py
[2025-03-23T08:16:30.691+0000] {processor.py:914} INFO - Processing file /home/airflow/.local/lib/python3.12/site-packages/airflow/example_dags/example_sensors.py for tasks to queue
[2025-03-23T08:16:30.694+0000] {logging_mixin.py:190} INFO - [2025-03-23T08:16:30.694+0000] {dagbag.py:588} INFO - Filling up the DagBag from /home/airflow/.local/lib/python3.12/site-packages/airflow/example_dags/example_sensors.py
[2025-03-23T08:16:30.713+0000] {processor.py:925} INFO - DAG(s) 'example_sensors' retrieved from /home/airflow/.local/lib/python3.12/site-packages/airflow/example_dags/example_sensors.py
[2025-03-23T08:16:30.751+0000] {logging_mixin.py:190} INFO - [2025-03-23T08:16:30.750+0000] {dag.py:3239} INFO - Sync 1 DAGs
[2025-03-23T08:16:30.772+0000] {logging_mixin.py:190} INFO - [2025-03-23T08:16:30.772+0000] {dag.py:4180} INFO - Setting next_dagrun for example_sensors to None, run_after=None
[2025-03-23T08:16:30.837+0000] {processor.py:208} INFO - Processing /home/airflow/.local/lib/python3.12/site-packages/airflow/example_dags/example_sensors.py took 0.162 seconds
[2025-03-23T08:17:01.297+0000] {processor.py:186} INFO - Started process (PID=1366) to work on /home/airflow/.local/lib/python3.12/site-packages/airflow/example_dags/example_sensors.py
[2025-03-23T08:17:01.299+0000] {processor.py:914} INFO - Processing file /home/airflow/.local/lib/python3.12/site-packages/airflow/example_dags/example_sensors.py for tasks to queue
[2025-03-23T08:17:01.302+0000] {logging_mixin.py:190} INFO - [2025-03-23T08:17:01.301+0000] {dagbag.py:588} INFO - Filling up the DagBag from /home/airflow/.local/lib/python3.12/site-packages/airflow/example_dags/example_sensors.py
[2025-03-23T08:17:01.315+0000] {processor.py:925} INFO - DAG(s) 'example_sensors' retrieved from /home/airflow/.local/lib/python3.12/site-packages/airflow/example_dags/example_sensors.py
[2025-03-23T08:17:01.355+0000] {logging_mixin.py:190} INFO - [2025-03-23T08:17:01.354+0000] {dag.py:3239} INFO - Sync 1 DAGs
[2025-03-23T08:17:01.377+0000] {logging_mixin.py:190} INFO - [2025-03-23T08:17:01.376+0000] {dag.py:4180} INFO - Setting next_dagrun for example_sensors to None, run_after=None
[2025-03-23T08:17:01.442+0000] {processor.py:208} INFO - Processing /home/airflow/.local/lib/python3.12/site-packages/airflow/example_dags/example_sensors.py took 0.156 seconds
[2025-03-23T08:17:31.750+0000] {processor.py:186} INFO - Started process (PID=1430) to work on /home/airflow/.local/lib/python3.12/site-packages/airflow/example_dags/example_sensors.py
[2025-03-23T08:17:31.751+0000] {processor.py:914} INFO - Processing file /home/airflow/.local/lib/python3.12/site-packages/airflow/example_dags/example_sensors.py for tasks to queue
[2025-03-23T08:17:31.754+0000] {logging_mixin.py:190} INFO - [2025-03-23T08:17:31.754+0000] {dagbag.py:588} INFO - Filling up the DagBag from /home/airflow/.local/lib/python3.12/site-packages/airflow/example_dags/example_sensors.py
[2025-03-23T08:17:31.770+0000] {processor.py:925} INFO - DAG(s) 'example_sensors' retrieved from /home/airflow/.local/lib/python3.12/site-packages/airflow/example_dags/example_sensors.py
[2025-03-23T08:17:31.805+0000] {logging_mixin.py:190} INFO - [2025-03-23T08:17:31.805+0000] {dag.py:3239} INFO - Sync 1 DAGs
[2025-03-23T08:17:31.829+0000] {logging_mixin.py:190} INFO - [2025-03-23T08:17:31.828+0000] {dag.py:4180} INFO - Setting next_dagrun for example_sensors to None, run_after=None
[2025-03-23T08:17:31.887+0000] {processor.py:208} INFO - Processing /home/airflow/.local/lib/python3.12/site-packages/airflow/example_dags/example_sensors.py took 0.149 seconds
[2025-03-23T08:18:02.301+0000] {processor.py:186} INFO - Started process (PID=1494) to work on /home/airflow/.local/lib/python3.12/site-packages/airflow/example_dags/example_sensors.py
[2025-03-23T08:18:02.302+0000] {processor.py:914} INFO - Processing file /home/airflow/.local/lib/python3.12/site-packages/airflow/example_dags/example_sensors.py for tasks to queue
[2025-03-23T08:18:02.306+0000] {logging_mixin.py:190} INFO - [2025-03-23T08:18:02.305+0000] {dagbag.py:588} INFO - Filling up the DagBag from /home/airflow/.local/lib/python3.12/site-packages/airflow/example_dags/example_sensors.py
[2025-03-23T08:18:02.323+0000] {processor.py:925} INFO - DAG(s) 'example_sensors' retrieved from /home/airflow/.local/lib/python3.12/site-packages/airflow/example_dags/example_sensors.py
[2025-03-23T08:18:02.365+0000] {logging_mixin.py:190} INFO - [2025-03-23T08:18:02.365+0000] {dag.py:3239} INFO - Sync 1 DAGs
[2025-03-23T08:18:02.409+0000] {logging_mixin.py:190} INFO - [2025-03-23T08:18:02.408+0000] {dag.py:4180} INFO - Setting next_dagrun for example_sensors to None, run_after=None
[2025-03-23T08:18:02.466+0000] {processor.py:208} INFO - Processing /home/airflow/.local/lib/python3.12/site-packages/airflow/example_dags/example_sensors.py took 0.181 seconds
[2025-03-23T08:18:33.275+0000] {processor.py:186} INFO - Started process (PID=1558) to work on /home/airflow/.local/lib/python3.12/site-packages/airflow/example_dags/example_sensors.py
[2025-03-23T08:18:33.277+0000] {processor.py:914} INFO - Processing file /home/airflow/.local/lib/python3.12/site-packages/airflow/example_dags/example_sensors.py for tasks to queue
[2025-03-23T08:18:33.280+0000] {logging_mixin.py:190} INFO - [2025-03-23T08:18:33.280+0000] {dagbag.py:588} INFO - Filling up the DagBag from /home/airflow/.local/lib/python3.12/site-packages/airflow/example_dags/example_sensors.py
[2025-03-23T08:18:33.293+0000] {processor.py:925} INFO - DAG(s) 'example_sensors' retrieved from /home/airflow/.local/lib/python3.12/site-packages/airflow/example_dags/example_sensors.py
[2025-03-23T08:18:33.325+0000] {logging_mixin.py:190} INFO - [2025-03-23T08:18:33.325+0000] {dag.py:3239} INFO - Sync 1 DAGs
[2025-03-23T08:18:33.344+0000] {logging_mixin.py:190} INFO - [2025-03-23T08:18:33.344+0000] {dag.py:4180} INFO - Setting next_dagrun for example_sensors to None, run_after=None
[2025-03-23T08:18:33.397+0000] {processor.py:208} INFO - Processing /home/airflow/.local/lib/python3.12/site-packages/airflow/example_dags/example_sensors.py took 0.138 seconds
[2025-03-23T08:19:03.628+0000] {processor.py:186} INFO - Started process (PID=1621) to work on /home/airflow/.local/lib/python3.12/site-packages/airflow/example_dags/example_sensors.py
[2025-03-23T08:19:03.629+0000] {processor.py:914} INFO - Processing file /home/airflow/.local/lib/python3.12/site-packages/airflow/example_dags/example_sensors.py for tasks to queue
[2025-03-23T08:19:03.633+0000] {logging_mixin.py:190} INFO - [2025-03-23T08:19:03.633+0000] {dagbag.py:588} INFO - Filling up the DagBag from /home/airflow/.local/lib/python3.12/site-packages/airflow/example_dags/example_sensors.py
[2025-03-23T08:19:03.658+0000] {processor.py:925} INFO - DAG(s) 'example_sensors' retrieved from /home/airflow/.local/lib/python3.12/site-packages/airflow/example_dags/example_sensors.py
[2025-03-23T08:19:03.711+0000] {logging_mixin.py:190} INFO - [2025-03-23T08:19:03.711+0000] {dag.py:3239} INFO - Sync 1 DAGs
[2025-03-23T08:19:03.745+0000] {logging_mixin.py:190} INFO - [2025-03-23T08:19:03.744+0000] {dag.py:4180} INFO - Setting next_dagrun for example_sensors to None, run_after=None
[2025-03-23T08:19:03.893+0000] {processor.py:208} INFO - Processing /home/airflow/.local/lib/python3.12/site-packages/airflow/example_dags/example_sensors.py took 0.281 seconds
[2025-03-23T08:19:34.471+0000] {processor.py:186} INFO - Started process (PID=1685) to work on /home/airflow/.local/lib/python3.12/site-packages/airflow/example_dags/example_sensors.py
[2025-03-23T08:19:34.472+0000] {processor.py:914} INFO - Processing file /home/airflow/.local/lib/python3.12/site-packages/airflow/example_dags/example_sensors.py for tasks to queue
[2025-03-23T08:19:34.476+0000] {logging_mixin.py:190} INFO - [2025-03-23T08:19:34.476+0000] {dagbag.py:588} INFO - Filling up the DagBag from /home/airflow/.local/lib/python3.12/site-packages/airflow/example_dags/example_sensors.py
[2025-03-23T08:19:34.493+0000] {processor.py:925} INFO - DAG(s) 'example_sensors' retrieved from /home/airflow/.local/lib/python3.12/site-packages/airflow/example_dags/example_sensors.py
[2025-03-23T08:19:34.534+0000] {logging_mixin.py:190} INFO - [2025-03-23T08:19:34.534+0000] {dag.py:3239} INFO - Sync 1 DAGs
[2025-03-23T08:19:34.559+0000] {logging_mixin.py:190} INFO - [2025-03-23T08:19:34.559+0000] {dag.py:4180} INFO - Setting next_dagrun for example_sensors to None, run_after=None
[2025-03-23T08:19:34.612+0000] {processor.py:208} INFO - Processing /home/airflow/.local/lib/python3.12/site-packages/airflow/example_dags/example_sensors.py took 0.155 seconds
[2025-03-23T08:20:04.720+0000] {processor.py:186} INFO - Started process (PID=1749) to work on /home/airflow/.local/lib/python3.12/site-packages/airflow/example_dags/example_sensors.py
[2025-03-23T08:20:04.722+0000] {processor.py:914} INFO - Processing file /home/airflow/.local/lib/python3.12/site-packages/airflow/example_dags/example_sensors.py for tasks to queue
[2025-03-23T08:20:04.726+0000] {logging_mixin.py:190} INFO - [2025-03-23T08:20:04.725+0000] {dagbag.py:588} INFO - Filling up the DagBag from /home/airflow/.local/lib/python3.12/site-packages/airflow/example_dags/example_sensors.py
[2025-03-23T08:20:04.738+0000] {processor.py:925} INFO - DAG(s) 'example_sensors' retrieved from /home/airflow/.local/lib/python3.12/site-packages/airflow/example_dags/example_sensors.py
[2025-03-23T08:20:04.797+0000] {logging_mixin.py:190} INFO - [2025-03-23T08:20:04.796+0000] {dag.py:3239} INFO - Sync 1 DAGs
[2025-03-23T08:20:04.841+0000] {logging_mixin.py:190} INFO - [2025-03-23T08:20:04.841+0000] {dag.py:4180} INFO - Setting next_dagrun for example_sensors to None, run_after=None
[2025-03-23T08:20:04.924+0000] {processor.py:208} INFO - Processing /home/airflow/.local/lib/python3.12/site-packages/airflow/example_dags/example_sensors.py took 0.221 seconds
[2025-03-23T08:20:35.310+0000] {processor.py:186} INFO - Started process (PID=1813) to work on /home/airflow/.local/lib/python3.12/site-packages/airflow/example_dags/example_sensors.py
[2025-03-23T08:20:35.312+0000] {processor.py:914} INFO - Processing file /home/airflow/.local/lib/python3.12/site-packages/airflow/example_dags/example_sensors.py for tasks to queue
[2025-03-23T08:20:35.315+0000] {logging_mixin.py:190} INFO - [2025-03-23T08:20:35.315+0000] {dagbag.py:588} INFO - Filling up the DagBag from /home/airflow/.local/lib/python3.12/site-packages/airflow/example_dags/example_sensors.py
[2025-03-23T08:20:35.330+0000] {processor.py:925} INFO - DAG(s) 'example_sensors' retrieved from /home/airflow/.local/lib/python3.12/site-packages/airflow/example_dags/example_sensors.py
[2025-03-23T08:20:35.366+0000] {logging_mixin.py:190} INFO - [2025-03-23T08:20:35.365+0000] {dag.py:3239} INFO - Sync 1 DAGs
[2025-03-23T08:20:35.384+0000] {logging_mixin.py:190} INFO - [2025-03-23T08:20:35.384+0000] {dag.py:4180} INFO - Setting next_dagrun for example_sensors to None, run_after=None
[2025-03-23T08:20:35.439+0000] {processor.py:208} INFO - Processing /home/airflow/.local/lib/python3.12/site-packages/airflow/example_dags/example_sensors.py took 0.140 seconds
[2025-03-23T08:26:46.663+0000] {processor.py:186} INFO - Started process (PID=105) to work on /home/airflow/.local/lib/python3.12/site-packages/airflow/example_dags/example_sensors.py
[2025-03-23T08:26:46.689+0000] {processor.py:914} INFO - Processing file /home/airflow/.local/lib/python3.12/site-packages/airflow/example_dags/example_sensors.py for tasks to queue
[2025-03-23T08:26:46.693+0000] {logging_mixin.py:190} INFO - [2025-03-23T08:26:46.693+0000] {dagbag.py:588} INFO - Filling up the DagBag from /home/airflow/.local/lib/python3.12/site-packages/airflow/example_dags/example_sensors.py
[2025-03-23T08:26:46.717+0000] {processor.py:925} INFO - DAG(s) 'example_sensors' retrieved from /home/airflow/.local/lib/python3.12/site-packages/airflow/example_dags/example_sensors.py
[2025-03-23T08:26:46.778+0000] {logging_mixin.py:190} INFO - [2025-03-23T08:26:46.777+0000] {dag.py:3239} INFO - Sync 1 DAGs
[2025-03-23T08:26:46.830+0000] {logging_mixin.py:190} INFO - [2025-03-23T08:26:46.829+0000] {dag.py:4180} INFO - Setting next_dagrun for example_sensors to None, run_after=None
[2025-03-23T08:26:47.041+0000] {processor.py:208} INFO - Processing /home/airflow/.local/lib/python3.12/site-packages/airflow/example_dags/example_sensors.py took 0.395 seconds
[2025-03-23T08:27:17.633+0000] {processor.py:186} INFO - Started process (PID=169) to work on /home/airflow/.local/lib/python3.12/site-packages/airflow/example_dags/example_sensors.py
[2025-03-23T08:27:17.687+0000] {processor.py:914} INFO - Processing file /home/airflow/.local/lib/python3.12/site-packages/airflow/example_dags/example_sensors.py for tasks to queue
[2025-03-23T08:27:17.691+0000] {logging_mixin.py:190} INFO - [2025-03-23T08:27:17.691+0000] {dagbag.py:588} INFO - Filling up the DagBag from /home/airflow/.local/lib/python3.12/site-packages/airflow/example_dags/example_sensors.py
[2025-03-23T08:27:17.733+0000] {processor.py:925} INFO - DAG(s) 'example_sensors' retrieved from /home/airflow/.local/lib/python3.12/site-packages/airflow/example_dags/example_sensors.py
[2025-03-23T08:27:17.800+0000] {logging_mixin.py:190} INFO - [2025-03-23T08:27:17.799+0000] {dag.py:3239} INFO - Sync 1 DAGs
[2025-03-23T08:27:17.830+0000] {logging_mixin.py:190} INFO - [2025-03-23T08:27:17.830+0000] {dag.py:4180} INFO - Setting next_dagrun for example_sensors to None, run_after=None
[2025-03-23T08:27:18.329+0000] {processor.py:208} INFO - Processing /home/airflow/.local/lib/python3.12/site-packages/airflow/example_dags/example_sensors.py took 0.713 seconds
[2025-03-23T08:27:48.950+0000] {processor.py:186} INFO - Started process (PID=233) to work on /home/airflow/.local/lib/python3.12/site-packages/airflow/example_dags/example_sensors.py
[2025-03-23T08:27:48.956+0000] {processor.py:914} INFO - Processing file /home/airflow/.local/lib/python3.12/site-packages/airflow/example_dags/example_sensors.py for tasks to queue
[2025-03-23T08:27:48.963+0000] {logging_mixin.py:190} INFO - [2025-03-23T08:27:48.962+0000] {dagbag.py:588} INFO - Filling up the DagBag from /home/airflow/.local/lib/python3.12/site-packages/airflow/example_dags/example_sensors.py
[2025-03-23T08:27:48.995+0000] {processor.py:925} INFO - DAG(s) 'example_sensors' retrieved from /home/airflow/.local/lib/python3.12/site-packages/airflow/example_dags/example_sensors.py
[2025-03-23T08:27:49.076+0000] {logging_mixin.py:190} INFO - [2025-03-23T08:27:49.076+0000] {dag.py:3239} INFO - Sync 1 DAGs
[2025-03-23T08:27:49.103+0000] {logging_mixin.py:190} INFO - [2025-03-23T08:27:49.103+0000] {dag.py:4180} INFO - Setting next_dagrun for example_sensors to None, run_after=None
[2025-03-23T08:27:49.200+0000] {processor.py:208} INFO - Processing /home/airflow/.local/lib/python3.12/site-packages/airflow/example_dags/example_sensors.py took 0.271 seconds
[2025-03-23T08:28:19.984+0000] {processor.py:186} INFO - Started process (PID=297) to work on /home/airflow/.local/lib/python3.12/site-packages/airflow/example_dags/example_sensors.py
[2025-03-23T08:28:19.985+0000] {processor.py:914} INFO - Processing file /home/airflow/.local/lib/python3.12/site-packages/airflow/example_dags/example_sensors.py for tasks to queue
[2025-03-23T08:28:19.990+0000] {logging_mixin.py:190} INFO - [2025-03-23T08:28:19.989+0000] {dagbag.py:588} INFO - Filling up the DagBag from /home/airflow/.local/lib/python3.12/site-packages/airflow/example_dags/example_sensors.py
[2025-03-23T08:28:20.011+0000] {processor.py:925} INFO - DAG(s) 'example_sensors' retrieved from /home/airflow/.local/lib/python3.12/site-packages/airflow/example_dags/example_sensors.py
[2025-03-23T08:28:20.060+0000] {logging_mixin.py:190} INFO - [2025-03-23T08:28:20.059+0000] {dag.py:3239} INFO - Sync 1 DAGs
[2025-03-23T08:28:20.082+0000] {logging_mixin.py:190} INFO - [2025-03-23T08:28:20.082+0000] {dag.py:4180} INFO - Setting next_dagrun for example_sensors to None, run_after=None
[2025-03-23T08:28:20.179+0000] {processor.py:208} INFO - Processing /home/airflow/.local/lib/python3.12/site-packages/airflow/example_dags/example_sensors.py took 0.205 seconds
[2025-03-23T08:28:50.360+0000] {processor.py:186} INFO - Started process (PID=360) to work on /home/airflow/.local/lib/python3.12/site-packages/airflow/example_dags/example_sensors.py
[2025-03-23T08:28:50.368+0000] {processor.py:914} INFO - Processing file /home/airflow/.local/lib/python3.12/site-packages/airflow/example_dags/example_sensors.py for tasks to queue
[2025-03-23T08:28:50.374+0000] {logging_mixin.py:190} INFO - [2025-03-23T08:28:50.373+0000] {dagbag.py:588} INFO - Filling up the DagBag from /home/airflow/.local/lib/python3.12/site-packages/airflow/example_dags/example_sensors.py
[2025-03-23T08:28:50.396+0000] {processor.py:925} INFO - DAG(s) 'example_sensors' retrieved from /home/airflow/.local/lib/python3.12/site-packages/airflow/example_dags/example_sensors.py
[2025-03-23T08:28:50.436+0000] {logging_mixin.py:190} INFO - [2025-03-23T08:28:50.436+0000] {dag.py:3239} INFO - Sync 1 DAGs
[2025-03-23T08:28:50.454+0000] {logging_mixin.py:190} INFO - [2025-03-23T08:28:50.454+0000] {dag.py:4180} INFO - Setting next_dagrun for example_sensors to None, run_after=None
[2025-03-23T08:28:50.512+0000] {processor.py:208} INFO - Processing /home/airflow/.local/lib/python3.12/site-packages/airflow/example_dags/example_sensors.py took 0.176 seconds
[2025-03-23T08:29:20.723+0000] {processor.py:186} INFO - Started process (PID=424) to work on /home/airflow/.local/lib/python3.12/site-packages/airflow/example_dags/example_sensors.py
[2025-03-23T08:29:20.724+0000] {processor.py:914} INFO - Processing file /home/airflow/.local/lib/python3.12/site-packages/airflow/example_dags/example_sensors.py for tasks to queue
[2025-03-23T08:29:20.728+0000] {logging_mixin.py:190} INFO - [2025-03-23T08:29:20.728+0000] {dagbag.py:588} INFO - Filling up the DagBag from /home/airflow/.local/lib/python3.12/site-packages/airflow/example_dags/example_sensors.py
[2025-03-23T08:29:20.746+0000] {processor.py:925} INFO - DAG(s) 'example_sensors' retrieved from /home/airflow/.local/lib/python3.12/site-packages/airflow/example_dags/example_sensors.py
[2025-03-23T08:29:20.788+0000] {logging_mixin.py:190} INFO - [2025-03-23T08:29:20.788+0000] {dag.py:3239} INFO - Sync 1 DAGs
[2025-03-23T08:29:20.811+0000] {logging_mixin.py:190} INFO - [2025-03-23T08:29:20.811+0000] {dag.py:4180} INFO - Setting next_dagrun for example_sensors to None, run_after=None
[2025-03-23T08:29:20.946+0000] {processor.py:208} INFO - Processing /home/airflow/.local/lib/python3.12/site-packages/airflow/example_dags/example_sensors.py took 0.243 seconds
[2025-03-23T08:29:51.061+0000] {processor.py:186} INFO - Started process (PID=488) to work on /home/airflow/.local/lib/python3.12/site-packages/airflow/example_dags/example_sensors.py
[2025-03-23T08:29:51.062+0000] {processor.py:914} INFO - Processing file /home/airflow/.local/lib/python3.12/site-packages/airflow/example_dags/example_sensors.py for tasks to queue
[2025-03-23T08:29:51.065+0000] {logging_mixin.py:190} INFO - [2025-03-23T08:29:51.065+0000] {dagbag.py:588} INFO - Filling up the DagBag from /home/airflow/.local/lib/python3.12/site-packages/airflow/example_dags/example_sensors.py
[2025-03-23T08:29:51.080+0000] {processor.py:925} INFO - DAG(s) 'example_sensors' retrieved from /home/airflow/.local/lib/python3.12/site-packages/airflow/example_dags/example_sensors.py
[2025-03-23T08:29:51.114+0000] {logging_mixin.py:190} INFO - [2025-03-23T08:29:51.114+0000] {dag.py:3239} INFO - Sync 1 DAGs
[2025-03-23T08:29:51.135+0000] {logging_mixin.py:190} INFO - [2025-03-23T08:29:51.134+0000] {dag.py:4180} INFO - Setting next_dagrun for example_sensors to None, run_after=None
[2025-03-23T08:29:51.214+0000] {processor.py:208} INFO - Processing /home/airflow/.local/lib/python3.12/site-packages/airflow/example_dags/example_sensors.py took 0.161 seconds
