[2025-03-23T08:07:24.173+0000] {processor.py:186} INFO - Started process (PID=142) to work on /home/airflow/.local/lib/python3.12/site-packages/airflow/example_dags/example_complex.py
[2025-03-23T08:07:24.174+0000] {processor.py:914} INFO - Processing file /home/airflow/.local/lib/python3.12/site-packages/airflow/example_dags/example_complex.py for tasks to queue
[2025-03-23T08:07:24.179+0000] {logging_mixin.py:190} INFO - [2025-03-23T08:07:24.178+0000] {dagbag.py:588} INFO - Filling up the DagBag from /home/airflow/.local/lib/python3.12/site-packages/airflow/example_dags/example_complex.py
[2025-03-23T08:07:24.252+0000] {processor.py:925} INFO - DAG(s) 'example_complex' retrieved from /home/airflow/.local/lib/python3.12/site-packages/airflow/example_dags/example_complex.py
[2025-03-23T08:07:24.646+0000] {logging_mixin.py:190} INFO - [2025-03-23T08:07:24.644+0000] {override.py:1911} INFO - Created Permission View: can edit on DAG:example_complex
[2025-03-23T08:07:24.778+0000] {logging_mixin.py:190} INFO - [2025-03-23T08:07:24.777+0000] {override.py:1911} INFO - Created Permission View: can delete on DAG:example_complex
[2025-03-23T08:07:24.844+0000] {logging_mixin.py:190} INFO - [2025-03-23T08:07:24.844+0000] {override.py:1911} INFO - Created Permission View: can read on DAG:example_complex
[2025-03-23T08:07:25.122+0000] {logging_mixin.py:190} INFO - [2025-03-23T08:07:25.121+0000] {override.py:1911} INFO - Created Permission View: menu access on DAG Run:example_complex
[2025-03-23T08:07:25.222+0000] {logging_mixin.py:190} INFO - [2025-03-23T08:07:25.222+0000] {override.py:1911} INFO - Created Permission View: can create on DAG Run:example_complex
[2025-03-23T08:07:25.289+0000] {logging_mixin.py:190} INFO - [2025-03-23T08:07:25.288+0000] {override.py:1911} INFO - Created Permission View: can read on DAG Run:example_complex
[2025-03-23T08:07:25.377+0000] {logging_mixin.py:190} INFO - [2025-03-23T08:07:25.377+0000] {override.py:1911} INFO - Created Permission View: can delete on DAG Run:example_complex
[2025-03-23T08:07:25.378+0000] {logging_mixin.py:190} INFO - [2025-03-23T08:07:25.378+0000] {dag.py:3239} INFO - Sync 1 DAGs
[2025-03-23T08:07:25.419+0000] {logging_mixin.py:190} INFO - [2025-03-23T08:07:25.419+0000] {dag.py:3262} INFO - Creating ORM DAG for example_complex
[2025-03-23T08:07:25.421+0000] {logging_mixin.py:190} INFO - [2025-03-23T08:07:25.421+0000] {dag.py:4180} INFO - Setting next_dagrun for example_complex to None, run_after=None
[2025-03-23T08:07:25.508+0000] {processor.py:208} INFO - Processing /home/airflow/.local/lib/python3.12/site-packages/airflow/example_dags/example_complex.py took 1.343 seconds
[2025-03-23T08:07:55.945+0000] {processor.py:186} INFO - Started process (PID=206) to work on /home/airflow/.local/lib/python3.12/site-packages/airflow/example_dags/example_complex.py
[2025-03-23T08:07:56.057+0000] {processor.py:914} INFO - Processing file /home/airflow/.local/lib/python3.12/site-packages/airflow/example_dags/example_complex.py for tasks to queue
[2025-03-23T08:07:56.060+0000] {logging_mixin.py:190} INFO - [2025-03-23T08:07:56.060+0000] {dagbag.py:588} INFO - Filling up the DagBag from /home/airflow/.local/lib/python3.12/site-packages/airflow/example_dags/example_complex.py
[2025-03-23T08:07:56.085+0000] {processor.py:925} INFO - DAG(s) 'example_complex' retrieved from /home/airflow/.local/lib/python3.12/site-packages/airflow/example_dags/example_complex.py
[2025-03-23T08:07:56.137+0000] {logging_mixin.py:190} INFO - [2025-03-23T08:07:56.136+0000] {dag.py:3239} INFO - Sync 1 DAGs
[2025-03-23T08:07:56.156+0000] {logging_mixin.py:190} INFO - [2025-03-23T08:07:56.156+0000] {dag.py:4180} INFO - Setting next_dagrun for example_complex to None, run_after=None
[2025-03-23T08:07:56.576+0000] {processor.py:208} INFO - Processing /home/airflow/.local/lib/python3.12/site-packages/airflow/example_dags/example_complex.py took 0.640 seconds
[2025-03-23T08:08:27.093+0000] {processor.py:186} INFO - Started process (PID=270) to work on /home/airflow/.local/lib/python3.12/site-packages/airflow/example_dags/example_complex.py
[2025-03-23T08:08:27.094+0000] {processor.py:914} INFO - Processing file /home/airflow/.local/lib/python3.12/site-packages/airflow/example_dags/example_complex.py for tasks to queue
[2025-03-23T08:08:27.098+0000] {logging_mixin.py:190} INFO - [2025-03-23T08:08:27.097+0000] {dagbag.py:588} INFO - Filling up the DagBag from /home/airflow/.local/lib/python3.12/site-packages/airflow/example_dags/example_complex.py
[2025-03-23T08:08:27.117+0000] {processor.py:925} INFO - DAG(s) 'example_complex' retrieved from /home/airflow/.local/lib/python3.12/site-packages/airflow/example_dags/example_complex.py
[2025-03-23T08:08:27.173+0000] {logging_mixin.py:190} INFO - [2025-03-23T08:08:27.173+0000] {dag.py:3239} INFO - Sync 1 DAGs
[2025-03-23T08:08:27.194+0000] {logging_mixin.py:190} INFO - [2025-03-23T08:08:27.194+0000] {dag.py:4180} INFO - Setting next_dagrun for example_complex to None, run_after=None
[2025-03-23T08:08:27.271+0000] {processor.py:208} INFO - Processing /home/airflow/.local/lib/python3.12/site-packages/airflow/example_dags/example_complex.py took 0.185 seconds
[2025-03-23T08:08:57.814+0000] {processor.py:186} INFO - Started process (PID=333) to work on /home/airflow/.local/lib/python3.12/site-packages/airflow/example_dags/example_complex.py
[2025-03-23T08:08:57.824+0000] {processor.py:914} INFO - Processing file /home/airflow/.local/lib/python3.12/site-packages/airflow/example_dags/example_complex.py for tasks to queue
[2025-03-23T08:08:57.845+0000] {logging_mixin.py:190} INFO - [2025-03-23T08:08:57.844+0000] {dagbag.py:588} INFO - Filling up the DagBag from /home/airflow/.local/lib/python3.12/site-packages/airflow/example_dags/example_complex.py
[2025-03-23T08:08:57.982+0000] {processor.py:925} INFO - DAG(s) 'example_complex' retrieved from /home/airflow/.local/lib/python3.12/site-packages/airflow/example_dags/example_complex.py
[2025-03-23T08:08:58.128+0000] {logging_mixin.py:190} INFO - [2025-03-23T08:08:58.127+0000] {dag.py:3239} INFO - Sync 1 DAGs
[2025-03-23T08:08:58.188+0000] {logging_mixin.py:190} INFO - [2025-03-23T08:08:58.188+0000] {dag.py:4180} INFO - Setting next_dagrun for example_complex to None, run_after=None
[2025-03-23T08:08:58.289+0000] {processor.py:208} INFO - Processing /home/airflow/.local/lib/python3.12/site-packages/airflow/example_dags/example_complex.py took 0.503 seconds
[2025-03-23T08:09:28.935+0000] {processor.py:186} INFO - Started process (PID=398) to work on /home/airflow/.local/lib/python3.12/site-packages/airflow/example_dags/example_complex.py
[2025-03-23T08:09:28.936+0000] {processor.py:914} INFO - Processing file /home/airflow/.local/lib/python3.12/site-packages/airflow/example_dags/example_complex.py for tasks to queue
[2025-03-23T08:09:28.939+0000] {logging_mixin.py:190} INFO - [2025-03-23T08:09:28.939+0000] {dagbag.py:588} INFO - Filling up the DagBag from /home/airflow/.local/lib/python3.12/site-packages/airflow/example_dags/example_complex.py
[2025-03-23T08:09:28.957+0000] {processor.py:925} INFO - DAG(s) 'example_complex' retrieved from /home/airflow/.local/lib/python3.12/site-packages/airflow/example_dags/example_complex.py
[2025-03-23T08:09:29.029+0000] {logging_mixin.py:190} INFO - [2025-03-23T08:09:29.028+0000] {dag.py:3239} INFO - Sync 1 DAGs
[2025-03-23T08:09:29.060+0000] {logging_mixin.py:190} INFO - [2025-03-23T08:09:29.059+0000] {dag.py:4180} INFO - Setting next_dagrun for example_complex to None, run_after=None
[2025-03-23T08:09:29.337+0000] {processor.py:208} INFO - Processing /home/airflow/.local/lib/python3.12/site-packages/airflow/example_dags/example_complex.py took 0.409 seconds
[2025-03-23T08:09:59.877+0000] {processor.py:186} INFO - Started process (PID=462) to work on /home/airflow/.local/lib/python3.12/site-packages/airflow/example_dags/example_complex.py
[2025-03-23T08:09:59.878+0000] {processor.py:914} INFO - Processing file /home/airflow/.local/lib/python3.12/site-packages/airflow/example_dags/example_complex.py for tasks to queue
[2025-03-23T08:09:59.883+0000] {logging_mixin.py:190} INFO - [2025-03-23T08:09:59.882+0000] {dagbag.py:588} INFO - Filling up the DagBag from /home/airflow/.local/lib/python3.12/site-packages/airflow/example_dags/example_complex.py
[2025-03-23T08:09:59.913+0000] {processor.py:925} INFO - DAG(s) 'example_complex' retrieved from /home/airflow/.local/lib/python3.12/site-packages/airflow/example_dags/example_complex.py
[2025-03-23T08:09:59.956+0000] {logging_mixin.py:190} INFO - [2025-03-23T08:09:59.956+0000] {dag.py:3239} INFO - Sync 1 DAGs
[2025-03-23T08:09:59.973+0000] {logging_mixin.py:190} INFO - [2025-03-23T08:09:59.973+0000] {dag.py:4180} INFO - Setting next_dagrun for example_complex to None, run_after=None
[2025-03-23T08:10:00.275+0000] {processor.py:208} INFO - Processing /home/airflow/.local/lib/python3.12/site-packages/airflow/example_dags/example_complex.py took 0.407 seconds
[2025-03-23T08:10:30.466+0000] {processor.py:186} INFO - Started process (PID=525) to work on /home/airflow/.local/lib/python3.12/site-packages/airflow/example_dags/example_complex.py
[2025-03-23T08:10:30.467+0000] {processor.py:914} INFO - Processing file /home/airflow/.local/lib/python3.12/site-packages/airflow/example_dags/example_complex.py for tasks to queue
[2025-03-23T08:10:30.470+0000] {logging_mixin.py:190} INFO - [2025-03-23T08:10:30.470+0000] {dagbag.py:588} INFO - Filling up the DagBag from /home/airflow/.local/lib/python3.12/site-packages/airflow/example_dags/example_complex.py
[2025-03-23T08:10:30.486+0000] {processor.py:925} INFO - DAG(s) 'example_complex' retrieved from /home/airflow/.local/lib/python3.12/site-packages/airflow/example_dags/example_complex.py
[2025-03-23T08:10:30.534+0000] {logging_mixin.py:190} INFO - [2025-03-23T08:10:30.534+0000] {dag.py:3239} INFO - Sync 1 DAGs
[2025-03-23T08:10:30.565+0000] {logging_mixin.py:190} INFO - [2025-03-23T08:10:30.565+0000] {dag.py:4180} INFO - Setting next_dagrun for example_complex to None, run_after=None
[2025-03-23T08:10:30.706+0000] {processor.py:208} INFO - Processing /home/airflow/.local/lib/python3.12/site-packages/airflow/example_dags/example_complex.py took 0.248 seconds
[2025-03-23T08:11:00.941+0000] {processor.py:186} INFO - Started process (PID=589) to work on /home/airflow/.local/lib/python3.12/site-packages/airflow/example_dags/example_complex.py
[2025-03-23T08:11:00.943+0000] {processor.py:914} INFO - Processing file /home/airflow/.local/lib/python3.12/site-packages/airflow/example_dags/example_complex.py for tasks to queue
[2025-03-23T08:11:00.946+0000] {logging_mixin.py:190} INFO - [2025-03-23T08:11:00.946+0000] {dagbag.py:588} INFO - Filling up the DagBag from /home/airflow/.local/lib/python3.12/site-packages/airflow/example_dags/example_complex.py
[2025-03-23T08:11:00.980+0000] {processor.py:925} INFO - DAG(s) 'example_complex' retrieved from /home/airflow/.local/lib/python3.12/site-packages/airflow/example_dags/example_complex.py
[2025-03-23T08:11:01.076+0000] {logging_mixin.py:190} INFO - [2025-03-23T08:11:01.076+0000] {dag.py:3239} INFO - Sync 1 DAGs
[2025-03-23T08:11:01.109+0000] {logging_mixin.py:190} INFO - [2025-03-23T08:11:01.109+0000] {dag.py:4180} INFO - Setting next_dagrun for example_complex to None, run_after=None
[2025-03-23T08:11:01.243+0000] {processor.py:208} INFO - Processing /home/airflow/.local/lib/python3.12/site-packages/airflow/example_dags/example_complex.py took 0.312 seconds
[2025-03-23T08:11:32.268+0000] {processor.py:186} INFO - Started process (PID=653) to work on /home/airflow/.local/lib/python3.12/site-packages/airflow/example_dags/example_complex.py
[2025-03-23T08:11:32.269+0000] {processor.py:914} INFO - Processing file /home/airflow/.local/lib/python3.12/site-packages/airflow/example_dags/example_complex.py for tasks to queue
[2025-03-23T08:11:32.273+0000] {logging_mixin.py:190} INFO - [2025-03-23T08:11:32.273+0000] {dagbag.py:588} INFO - Filling up the DagBag from /home/airflow/.local/lib/python3.12/site-packages/airflow/example_dags/example_complex.py
[2025-03-23T08:11:32.296+0000] {processor.py:925} INFO - DAG(s) 'example_complex' retrieved from /home/airflow/.local/lib/python3.12/site-packages/airflow/example_dags/example_complex.py
[2025-03-23T08:11:32.360+0000] {logging_mixin.py:190} INFO - [2025-03-23T08:11:32.360+0000] {dag.py:3239} INFO - Sync 1 DAGs
[2025-03-23T08:11:32.392+0000] {logging_mixin.py:190} INFO - [2025-03-23T08:11:32.391+0000] {dag.py:4180} INFO - Setting next_dagrun for example_complex to None, run_after=None
[2025-03-23T08:11:32.465+0000] {processor.py:208} INFO - Processing /home/airflow/.local/lib/python3.12/site-packages/airflow/example_dags/example_complex.py took 0.206 seconds
[2025-03-23T08:12:02.858+0000] {processor.py:186} INFO - Started process (PID=717) to work on /home/airflow/.local/lib/python3.12/site-packages/airflow/example_dags/example_complex.py
[2025-03-23T08:12:02.859+0000] {processor.py:914} INFO - Processing file /home/airflow/.local/lib/python3.12/site-packages/airflow/example_dags/example_complex.py for tasks to queue
[2025-03-23T08:12:02.863+0000] {logging_mixin.py:190} INFO - [2025-03-23T08:12:02.863+0000] {dagbag.py:588} INFO - Filling up the DagBag from /home/airflow/.local/lib/python3.12/site-packages/airflow/example_dags/example_complex.py
[2025-03-23T08:12:02.880+0000] {processor.py:925} INFO - DAG(s) 'example_complex' retrieved from /home/airflow/.local/lib/python3.12/site-packages/airflow/example_dags/example_complex.py
[2025-03-23T08:12:02.926+0000] {logging_mixin.py:190} INFO - [2025-03-23T08:12:02.926+0000] {dag.py:3239} INFO - Sync 1 DAGs
[2025-03-23T08:12:02.954+0000] {logging_mixin.py:190} INFO - [2025-03-23T08:12:02.954+0000] {dag.py:4180} INFO - Setting next_dagrun for example_complex to None, run_after=None
[2025-03-23T08:12:03.022+0000] {processor.py:208} INFO - Processing /home/airflow/.local/lib/python3.12/site-packages/airflow/example_dags/example_complex.py took 0.172 seconds
[2025-03-23T08:12:33.276+0000] {processor.py:186} INFO - Started process (PID=780) to work on /home/airflow/.local/lib/python3.12/site-packages/airflow/example_dags/example_complex.py
[2025-03-23T08:12:33.278+0000] {processor.py:914} INFO - Processing file /home/airflow/.local/lib/python3.12/site-packages/airflow/example_dags/example_complex.py for tasks to queue
[2025-03-23T08:12:33.282+0000] {logging_mixin.py:190} INFO - [2025-03-23T08:12:33.281+0000] {dagbag.py:588} INFO - Filling up the DagBag from /home/airflow/.local/lib/python3.12/site-packages/airflow/example_dags/example_complex.py
[2025-03-23T08:12:33.298+0000] {processor.py:925} INFO - DAG(s) 'example_complex' retrieved from /home/airflow/.local/lib/python3.12/site-packages/airflow/example_dags/example_complex.py
[2025-03-23T08:12:33.354+0000] {logging_mixin.py:190} INFO - [2025-03-23T08:12:33.353+0000] {dag.py:3239} INFO - Sync 1 DAGs
[2025-03-23T08:12:33.385+0000] {logging_mixin.py:190} INFO - [2025-03-23T08:12:33.384+0000] {dag.py:4180} INFO - Setting next_dagrun for example_complex to None, run_after=None
[2025-03-23T08:12:33.440+0000] {processor.py:208} INFO - Processing /home/airflow/.local/lib/python3.12/site-packages/airflow/example_dags/example_complex.py took 0.173 seconds
[2025-03-23T08:13:04.095+0000] {processor.py:186} INFO - Started process (PID=844) to work on /home/airflow/.local/lib/python3.12/site-packages/airflow/example_dags/example_complex.py
[2025-03-23T08:13:04.096+0000] {processor.py:914} INFO - Processing file /home/airflow/.local/lib/python3.12/site-packages/airflow/example_dags/example_complex.py for tasks to queue
[2025-03-23T08:13:04.101+0000] {logging_mixin.py:190} INFO - [2025-03-23T08:13:04.100+0000] {dagbag.py:588} INFO - Filling up the DagBag from /home/airflow/.local/lib/python3.12/site-packages/airflow/example_dags/example_complex.py
[2025-03-23T08:13:04.119+0000] {processor.py:925} INFO - DAG(s) 'example_complex' retrieved from /home/airflow/.local/lib/python3.12/site-packages/airflow/example_dags/example_complex.py
[2025-03-23T08:13:04.171+0000] {logging_mixin.py:190} INFO - [2025-03-23T08:13:04.171+0000] {dag.py:3239} INFO - Sync 1 DAGs
[2025-03-23T08:13:04.194+0000] {logging_mixin.py:190} INFO - [2025-03-23T08:13:04.193+0000] {dag.py:4180} INFO - Setting next_dagrun for example_complex to None, run_after=None
[2025-03-23T08:13:04.258+0000] {processor.py:208} INFO - Processing /home/airflow/.local/lib/python3.12/site-packages/airflow/example_dags/example_complex.py took 0.171 seconds
[2025-03-23T08:13:34.409+0000] {processor.py:186} INFO - Started process (PID=907) to work on /home/airflow/.local/lib/python3.12/site-packages/airflow/example_dags/example_complex.py
[2025-03-23T08:13:34.411+0000] {processor.py:914} INFO - Processing file /home/airflow/.local/lib/python3.12/site-packages/airflow/example_dags/example_complex.py for tasks to queue
[2025-03-23T08:13:34.414+0000] {logging_mixin.py:190} INFO - [2025-03-23T08:13:34.414+0000] {dagbag.py:588} INFO - Filling up the DagBag from /home/airflow/.local/lib/python3.12/site-packages/airflow/example_dags/example_complex.py
[2025-03-23T08:13:34.429+0000] {processor.py:925} INFO - DAG(s) 'example_complex' retrieved from /home/airflow/.local/lib/python3.12/site-packages/airflow/example_dags/example_complex.py
[2025-03-23T08:13:34.473+0000] {logging_mixin.py:190} INFO - [2025-03-23T08:13:34.472+0000] {dag.py:3239} INFO - Sync 1 DAGs
[2025-03-23T08:13:34.491+0000] {logging_mixin.py:190} INFO - [2025-03-23T08:13:34.491+0000] {dag.py:4180} INFO - Setting next_dagrun for example_complex to None, run_after=None
[2025-03-23T08:13:34.546+0000] {processor.py:208} INFO - Processing /home/airflow/.local/lib/python3.12/site-packages/airflow/example_dags/example_complex.py took 0.144 seconds
[2025-03-23T08:14:04.883+0000] {processor.py:186} INFO - Started process (PID=970) to work on /home/airflow/.local/lib/python3.12/site-packages/airflow/example_dags/example_complex.py
[2025-03-23T08:14:04.885+0000] {processor.py:914} INFO - Processing file /home/airflow/.local/lib/python3.12/site-packages/airflow/example_dags/example_complex.py for tasks to queue
[2025-03-23T08:14:04.891+0000] {logging_mixin.py:190} INFO - [2025-03-23T08:14:04.890+0000] {dagbag.py:588} INFO - Filling up the DagBag from /home/airflow/.local/lib/python3.12/site-packages/airflow/example_dags/example_complex.py
[2025-03-23T08:14:04.916+0000] {processor.py:925} INFO - DAG(s) 'example_complex' retrieved from /home/airflow/.local/lib/python3.12/site-packages/airflow/example_dags/example_complex.py
[2025-03-23T08:14:04.984+0000] {logging_mixin.py:190} INFO - [2025-03-23T08:14:04.983+0000] {dag.py:3239} INFO - Sync 1 DAGs
[2025-03-23T08:14:05.007+0000] {logging_mixin.py:190} INFO - [2025-03-23T08:14:05.007+0000] {dag.py:4180} INFO - Setting next_dagrun for example_complex to None, run_after=None
[2025-03-23T08:14:05.068+0000] {processor.py:208} INFO - Processing /home/airflow/.local/lib/python3.12/site-packages/airflow/example_dags/example_complex.py took 0.197 seconds
[2025-03-23T08:14:35.318+0000] {processor.py:186} INFO - Started process (PID=1041) to work on /home/airflow/.local/lib/python3.12/site-packages/airflow/example_dags/example_complex.py
[2025-03-23T08:14:35.319+0000] {processor.py:914} INFO - Processing file /home/airflow/.local/lib/python3.12/site-packages/airflow/example_dags/example_complex.py for tasks to queue
[2025-03-23T08:14:35.322+0000] {logging_mixin.py:190} INFO - [2025-03-23T08:14:35.322+0000] {dagbag.py:588} INFO - Filling up the DagBag from /home/airflow/.local/lib/python3.12/site-packages/airflow/example_dags/example_complex.py
[2025-03-23T08:14:35.339+0000] {processor.py:925} INFO - DAG(s) 'example_complex' retrieved from /home/airflow/.local/lib/python3.12/site-packages/airflow/example_dags/example_complex.py
[2025-03-23T08:14:35.381+0000] {logging_mixin.py:190} INFO - [2025-03-23T08:14:35.381+0000] {dag.py:3239} INFO - Sync 1 DAGs
[2025-03-23T08:14:35.397+0000] {logging_mixin.py:190} INFO - [2025-03-23T08:14:35.397+0000] {dag.py:4180} INFO - Setting next_dagrun for example_complex to None, run_after=None
[2025-03-23T08:14:35.459+0000] {processor.py:208} INFO - Processing /home/airflow/.local/lib/python3.12/site-packages/airflow/example_dags/example_complex.py took 0.149 seconds
[2025-03-23T08:15:05.752+0000] {processor.py:186} INFO - Started process (PID=1123) to work on /home/airflow/.local/lib/python3.12/site-packages/airflow/example_dags/example_complex.py
[2025-03-23T08:15:05.754+0000] {processor.py:914} INFO - Processing file /home/airflow/.local/lib/python3.12/site-packages/airflow/example_dags/example_complex.py for tasks to queue
[2025-03-23T08:15:05.757+0000] {logging_mixin.py:190} INFO - [2025-03-23T08:15:05.757+0000] {dagbag.py:588} INFO - Filling up the DagBag from /home/airflow/.local/lib/python3.12/site-packages/airflow/example_dags/example_complex.py
[2025-03-23T08:15:05.778+0000] {processor.py:925} INFO - DAG(s) 'example_complex' retrieved from /home/airflow/.local/lib/python3.12/site-packages/airflow/example_dags/example_complex.py
[2025-03-23T08:15:05.823+0000] {logging_mixin.py:190} INFO - [2025-03-23T08:15:05.822+0000] {dag.py:3239} INFO - Sync 1 DAGs
[2025-03-23T08:15:05.842+0000] {logging_mixin.py:190} INFO - [2025-03-23T08:15:05.841+0000] {dag.py:4180} INFO - Setting next_dagrun for example_complex to None, run_after=None
[2025-03-23T08:15:05.891+0000] {processor.py:208} INFO - Processing /home/airflow/.local/lib/python3.12/site-packages/airflow/example_dags/example_complex.py took 0.150 seconds
[2025-03-23T08:15:36.375+0000] {processor.py:186} INFO - Started process (PID=1187) to work on /home/airflow/.local/lib/python3.12/site-packages/airflow/example_dags/example_complex.py
[2025-03-23T08:15:36.376+0000] {processor.py:914} INFO - Processing file /home/airflow/.local/lib/python3.12/site-packages/airflow/example_dags/example_complex.py for tasks to queue
[2025-03-23T08:15:36.380+0000] {logging_mixin.py:190} INFO - [2025-03-23T08:15:36.379+0000] {dagbag.py:588} INFO - Filling up the DagBag from /home/airflow/.local/lib/python3.12/site-packages/airflow/example_dags/example_complex.py
[2025-03-23T08:15:36.398+0000] {processor.py:925} INFO - DAG(s) 'example_complex' retrieved from /home/airflow/.local/lib/python3.12/site-packages/airflow/example_dags/example_complex.py
[2025-03-23T08:15:36.441+0000] {logging_mixin.py:190} INFO - [2025-03-23T08:15:36.440+0000] {dag.py:3239} INFO - Sync 1 DAGs
[2025-03-23T08:15:36.459+0000] {logging_mixin.py:190} INFO - [2025-03-23T08:15:36.458+0000] {dag.py:4180} INFO - Setting next_dagrun for example_complex to None, run_after=None
[2025-03-23T08:15:36.505+0000] {processor.py:208} INFO - Processing /home/airflow/.local/lib/python3.12/site-packages/airflow/example_dags/example_complex.py took 0.148 seconds
[2025-03-23T08:16:06.772+0000] {processor.py:186} INFO - Started process (PID=1251) to work on /home/airflow/.local/lib/python3.12/site-packages/airflow/example_dags/example_complex.py
[2025-03-23T08:16:06.773+0000] {processor.py:914} INFO - Processing file /home/airflow/.local/lib/python3.12/site-packages/airflow/example_dags/example_complex.py for tasks to queue
[2025-03-23T08:16:06.777+0000] {logging_mixin.py:190} INFO - [2025-03-23T08:16:06.777+0000] {dagbag.py:588} INFO - Filling up the DagBag from /home/airflow/.local/lib/python3.12/site-packages/airflow/example_dags/example_complex.py
[2025-03-23T08:16:06.794+0000] {processor.py:925} INFO - DAG(s) 'example_complex' retrieved from /home/airflow/.local/lib/python3.12/site-packages/airflow/example_dags/example_complex.py
[2025-03-23T08:16:06.839+0000] {logging_mixin.py:190} INFO - [2025-03-23T08:16:06.839+0000] {dag.py:3239} INFO - Sync 1 DAGs
[2025-03-23T08:16:06.856+0000] {logging_mixin.py:190} INFO - [2025-03-23T08:16:06.856+0000] {dag.py:4180} INFO - Setting next_dagrun for example_complex to None, run_after=None
[2025-03-23T08:16:06.906+0000] {processor.py:208} INFO - Processing /home/airflow/.local/lib/python3.12/site-packages/airflow/example_dags/example_complex.py took 0.147 seconds
[2025-03-23T08:16:37.092+0000] {processor.py:186} INFO - Started process (PID=1314) to work on /home/airflow/.local/lib/python3.12/site-packages/airflow/example_dags/example_complex.py
[2025-03-23T08:16:37.094+0000] {processor.py:914} INFO - Processing file /home/airflow/.local/lib/python3.12/site-packages/airflow/example_dags/example_complex.py for tasks to queue
[2025-03-23T08:16:37.098+0000] {logging_mixin.py:190} INFO - [2025-03-23T08:16:37.098+0000] {dagbag.py:588} INFO - Filling up the DagBag from /home/airflow/.local/lib/python3.12/site-packages/airflow/example_dags/example_complex.py
[2025-03-23T08:16:37.117+0000] {processor.py:925} INFO - DAG(s) 'example_complex' retrieved from /home/airflow/.local/lib/python3.12/site-packages/airflow/example_dags/example_complex.py
[2025-03-23T08:16:37.158+0000] {logging_mixin.py:190} INFO - [2025-03-23T08:16:37.158+0000] {dag.py:3239} INFO - Sync 1 DAGs
[2025-03-23T08:16:37.185+0000] {logging_mixin.py:190} INFO - [2025-03-23T08:16:37.185+0000] {dag.py:4180} INFO - Setting next_dagrun for example_complex to None, run_after=None
[2025-03-23T08:16:37.239+0000] {processor.py:208} INFO - Processing /home/airflow/.local/lib/python3.12/site-packages/airflow/example_dags/example_complex.py took 0.159 seconds
[2025-03-23T08:17:07.492+0000] {processor.py:186} INFO - Started process (PID=1378) to work on /home/airflow/.local/lib/python3.12/site-packages/airflow/example_dags/example_complex.py
[2025-03-23T08:17:07.493+0000] {processor.py:914} INFO - Processing file /home/airflow/.local/lib/python3.12/site-packages/airflow/example_dags/example_complex.py for tasks to queue
[2025-03-23T08:17:07.496+0000] {logging_mixin.py:190} INFO - [2025-03-23T08:17:07.496+0000] {dagbag.py:588} INFO - Filling up the DagBag from /home/airflow/.local/lib/python3.12/site-packages/airflow/example_dags/example_complex.py
[2025-03-23T08:17:07.527+0000] {processor.py:925} INFO - DAG(s) 'example_complex' retrieved from /home/airflow/.local/lib/python3.12/site-packages/airflow/example_dags/example_complex.py
[2025-03-23T08:17:07.568+0000] {logging_mixin.py:190} INFO - [2025-03-23T08:17:07.567+0000] {dag.py:3239} INFO - Sync 1 DAGs
[2025-03-23T08:17:07.587+0000] {logging_mixin.py:190} INFO - [2025-03-23T08:17:07.587+0000] {dag.py:4180} INFO - Setting next_dagrun for example_complex to None, run_after=None
[2025-03-23T08:17:07.641+0000] {processor.py:208} INFO - Processing /home/airflow/.local/lib/python3.12/site-packages/airflow/example_dags/example_complex.py took 0.166 seconds
[2025-03-23T08:17:38.053+0000] {processor.py:186} INFO - Started process (PID=1442) to work on /home/airflow/.local/lib/python3.12/site-packages/airflow/example_dags/example_complex.py
[2025-03-23T08:17:38.055+0000] {processor.py:914} INFO - Processing file /home/airflow/.local/lib/python3.12/site-packages/airflow/example_dags/example_complex.py for tasks to queue
[2025-03-23T08:17:38.061+0000] {logging_mixin.py:190} INFO - [2025-03-23T08:17:38.059+0000] {dagbag.py:588} INFO - Filling up the DagBag from /home/airflow/.local/lib/python3.12/site-packages/airflow/example_dags/example_complex.py
[2025-03-23T08:17:38.094+0000] {processor.py:925} INFO - DAG(s) 'example_complex' retrieved from /home/airflow/.local/lib/python3.12/site-packages/airflow/example_dags/example_complex.py
[2025-03-23T08:17:38.180+0000] {logging_mixin.py:190} INFO - [2025-03-23T08:17:38.180+0000] {dag.py:3239} INFO - Sync 1 DAGs
[2025-03-23T08:17:38.211+0000] {logging_mixin.py:190} INFO - [2025-03-23T08:17:38.210+0000] {dag.py:4180} INFO - Setting next_dagrun for example_complex to None, run_after=None
[2025-03-23T08:17:38.265+0000] {processor.py:208} INFO - Processing /home/airflow/.local/lib/python3.12/site-packages/airflow/example_dags/example_complex.py took 0.229 seconds
[2025-03-23T08:18:08.900+0000] {processor.py:186} INFO - Started process (PID=1506) to work on /home/airflow/.local/lib/python3.12/site-packages/airflow/example_dags/example_complex.py
[2025-03-23T08:18:08.902+0000] {processor.py:914} INFO - Processing file /home/airflow/.local/lib/python3.12/site-packages/airflow/example_dags/example_complex.py for tasks to queue
[2025-03-23T08:18:08.905+0000] {logging_mixin.py:190} INFO - [2025-03-23T08:18:08.905+0000] {dagbag.py:588} INFO - Filling up the DagBag from /home/airflow/.local/lib/python3.12/site-packages/airflow/example_dags/example_complex.py
[2025-03-23T08:18:08.933+0000] {processor.py:925} INFO - DAG(s) 'example_complex' retrieved from /home/airflow/.local/lib/python3.12/site-packages/airflow/example_dags/example_complex.py
[2025-03-23T08:18:09.031+0000] {logging_mixin.py:190} INFO - [2025-03-23T08:18:09.030+0000] {dag.py:3239} INFO - Sync 1 DAGs
[2025-03-23T08:18:09.105+0000] {logging_mixin.py:190} INFO - [2025-03-23T08:18:09.104+0000] {dag.py:4180} INFO - Setting next_dagrun for example_complex to None, run_after=None
[2025-03-23T08:18:09.189+0000] {processor.py:208} INFO - Processing /home/airflow/.local/lib/python3.12/site-packages/airflow/example_dags/example_complex.py took 0.305 seconds
[2025-03-23T08:18:39.369+0000] {processor.py:186} INFO - Started process (PID=1570) to work on /home/airflow/.local/lib/python3.12/site-packages/airflow/example_dags/example_complex.py
[2025-03-23T08:18:39.371+0000] {processor.py:914} INFO - Processing file /home/airflow/.local/lib/python3.12/site-packages/airflow/example_dags/example_complex.py for tasks to queue
[2025-03-23T08:18:39.375+0000] {logging_mixin.py:190} INFO - [2025-03-23T08:18:39.375+0000] {dagbag.py:588} INFO - Filling up the DagBag from /home/airflow/.local/lib/python3.12/site-packages/airflow/example_dags/example_complex.py
[2025-03-23T08:18:39.390+0000] {processor.py:925} INFO - DAG(s) 'example_complex' retrieved from /home/airflow/.local/lib/python3.12/site-packages/airflow/example_dags/example_complex.py
[2025-03-23T08:18:39.431+0000] {logging_mixin.py:190} INFO - [2025-03-23T08:18:39.430+0000] {dag.py:3239} INFO - Sync 1 DAGs
[2025-03-23T08:18:39.447+0000] {logging_mixin.py:190} INFO - [2025-03-23T08:18:39.447+0000] {dag.py:4180} INFO - Setting next_dagrun for example_complex to None, run_after=None
[2025-03-23T08:18:39.499+0000] {processor.py:208} INFO - Processing /home/airflow/.local/lib/python3.12/site-packages/airflow/example_dags/example_complex.py took 0.145 seconds
[2025-03-23T08:19:10.102+0000] {processor.py:186} INFO - Started process (PID=1634) to work on /home/airflow/.local/lib/python3.12/site-packages/airflow/example_dags/example_complex.py
[2025-03-23T08:19:10.104+0000] {processor.py:914} INFO - Processing file /home/airflow/.local/lib/python3.12/site-packages/airflow/example_dags/example_complex.py for tasks to queue
[2025-03-23T08:19:10.109+0000] {logging_mixin.py:190} INFO - [2025-03-23T08:19:10.108+0000] {dagbag.py:588} INFO - Filling up the DagBag from /home/airflow/.local/lib/python3.12/site-packages/airflow/example_dags/example_complex.py
[2025-03-23T08:19:10.150+0000] {processor.py:925} INFO - DAG(s) 'example_complex' retrieved from /home/airflow/.local/lib/python3.12/site-packages/airflow/example_dags/example_complex.py
[2025-03-23T08:19:10.224+0000] {logging_mixin.py:190} INFO - [2025-03-23T08:19:10.223+0000] {dag.py:3239} INFO - Sync 1 DAGs
[2025-03-23T08:19:10.252+0000] {logging_mixin.py:190} INFO - [2025-03-23T08:19:10.252+0000] {dag.py:4180} INFO - Setting next_dagrun for example_complex to None, run_after=None
[2025-03-23T08:19:10.312+0000] {processor.py:208} INFO - Processing /home/airflow/.local/lib/python3.12/site-packages/airflow/example_dags/example_complex.py took 0.229 seconds
[2025-03-23T08:19:40.815+0000] {processor.py:186} INFO - Started process (PID=1698) to work on /home/airflow/.local/lib/python3.12/site-packages/airflow/example_dags/example_complex.py
[2025-03-23T08:19:40.817+0000] {processor.py:914} INFO - Processing file /home/airflow/.local/lib/python3.12/site-packages/airflow/example_dags/example_complex.py for tasks to queue
[2025-03-23T08:19:40.821+0000] {logging_mixin.py:190} INFO - [2025-03-23T08:19:40.820+0000] {dagbag.py:588} INFO - Filling up the DagBag from /home/airflow/.local/lib/python3.12/site-packages/airflow/example_dags/example_complex.py
[2025-03-23T08:19:40.837+0000] {processor.py:925} INFO - DAG(s) 'example_complex' retrieved from /home/airflow/.local/lib/python3.12/site-packages/airflow/example_dags/example_complex.py
[2025-03-23T08:19:40.885+0000] {logging_mixin.py:190} INFO - [2025-03-23T08:19:40.885+0000] {dag.py:3239} INFO - Sync 1 DAGs
[2025-03-23T08:19:40.920+0000] {logging_mixin.py:190} INFO - [2025-03-23T08:19:40.920+0000] {dag.py:4180} INFO - Setting next_dagrun for example_complex to None, run_after=None
[2025-03-23T08:19:40.979+0000] {processor.py:208} INFO - Processing /home/airflow/.local/lib/python3.12/site-packages/airflow/example_dags/example_complex.py took 0.176 seconds
[2025-03-23T08:20:11.114+0000] {processor.py:186} INFO - Started process (PID=1762) to work on /home/airflow/.local/lib/python3.12/site-packages/airflow/example_dags/example_complex.py
[2025-03-23T08:20:11.115+0000] {processor.py:914} INFO - Processing file /home/airflow/.local/lib/python3.12/site-packages/airflow/example_dags/example_complex.py for tasks to queue
[2025-03-23T08:20:11.118+0000] {logging_mixin.py:190} INFO - [2025-03-23T08:20:11.118+0000] {dagbag.py:588} INFO - Filling up the DagBag from /home/airflow/.local/lib/python3.12/site-packages/airflow/example_dags/example_complex.py
[2025-03-23T08:20:11.136+0000] {processor.py:925} INFO - DAG(s) 'example_complex' retrieved from /home/airflow/.local/lib/python3.12/site-packages/airflow/example_dags/example_complex.py
[2025-03-23T08:20:11.181+0000] {logging_mixin.py:190} INFO - [2025-03-23T08:20:11.181+0000] {dag.py:3239} INFO - Sync 1 DAGs
[2025-03-23T08:20:11.204+0000] {logging_mixin.py:190} INFO - [2025-03-23T08:20:11.204+0000] {dag.py:4180} INFO - Setting next_dagrun for example_complex to None, run_after=None
[2025-03-23T08:20:11.261+0000] {processor.py:208} INFO - Processing /home/airflow/.local/lib/python3.12/site-packages/airflow/example_dags/example_complex.py took 0.163 seconds
[2025-03-23T08:20:41.702+0000] {processor.py:186} INFO - Started process (PID=1826) to work on /home/airflow/.local/lib/python3.12/site-packages/airflow/example_dags/example_complex.py
[2025-03-23T08:20:41.704+0000] {processor.py:914} INFO - Processing file /home/airflow/.local/lib/python3.12/site-packages/airflow/example_dags/example_complex.py for tasks to queue
[2025-03-23T08:20:41.708+0000] {logging_mixin.py:190} INFO - [2025-03-23T08:20:41.708+0000] {dagbag.py:588} INFO - Filling up the DagBag from /home/airflow/.local/lib/python3.12/site-packages/airflow/example_dags/example_complex.py
[2025-03-23T08:20:41.724+0000] {processor.py:925} INFO - DAG(s) 'example_complex' retrieved from /home/airflow/.local/lib/python3.12/site-packages/airflow/example_dags/example_complex.py
[2025-03-23T08:20:41.776+0000] {logging_mixin.py:190} INFO - [2025-03-23T08:20:41.775+0000] {dag.py:3239} INFO - Sync 1 DAGs
[2025-03-23T08:20:41.804+0000] {logging_mixin.py:190} INFO - [2025-03-23T08:20:41.804+0000] {dag.py:4180} INFO - Setting next_dagrun for example_complex to None, run_after=None
[2025-03-23T08:20:41.872+0000] {processor.py:208} INFO - Processing /home/airflow/.local/lib/python3.12/site-packages/airflow/example_dags/example_complex.py took 0.184 seconds
[2025-03-23T08:26:50.804+0000] {processor.py:186} INFO - Started process (PID=118) to work on /home/airflow/.local/lib/python3.12/site-packages/airflow/example_dags/example_complex.py
[2025-03-23T08:26:51.052+0000] {processor.py:914} INFO - Processing file /home/airflow/.local/lib/python3.12/site-packages/airflow/example_dags/example_complex.py for tasks to queue
[2025-03-23T08:26:51.057+0000] {logging_mixin.py:190} INFO - [2025-03-23T08:26:51.056+0000] {dagbag.py:588} INFO - Filling up the DagBag from /home/airflow/.local/lib/python3.12/site-packages/airflow/example_dags/example_complex.py
[2025-03-23T08:26:51.097+0000] {processor.py:925} INFO - DAG(s) 'example_complex' retrieved from /home/airflow/.local/lib/python3.12/site-packages/airflow/example_dags/example_complex.py
[2025-03-23T08:26:51.147+0000] {logging_mixin.py:190} INFO - [2025-03-23T08:26:51.147+0000] {dag.py:3239} INFO - Sync 1 DAGs
[2025-03-23T08:26:51.166+0000] {logging_mixin.py:190} INFO - [2025-03-23T08:26:51.166+0000] {dag.py:4180} INFO - Setting next_dagrun for example_complex to None, run_after=None
[2025-03-23T08:26:51.415+0000] {processor.py:208} INFO - Processing /home/airflow/.local/lib/python3.12/site-packages/airflow/example_dags/example_complex.py took 0.619 seconds
[2025-03-23T08:27:21.713+0000] {processor.py:186} INFO - Started process (PID=182) to work on /home/airflow/.local/lib/python3.12/site-packages/airflow/example_dags/example_complex.py
[2025-03-23T08:27:21.730+0000] {processor.py:914} INFO - Processing file /home/airflow/.local/lib/python3.12/site-packages/airflow/example_dags/example_complex.py for tasks to queue
[2025-03-23T08:27:21.735+0000] {logging_mixin.py:190} INFO - [2025-03-23T08:27:21.734+0000] {dagbag.py:588} INFO - Filling up the DagBag from /home/airflow/.local/lib/python3.12/site-packages/airflow/example_dags/example_complex.py
[2025-03-23T08:27:21.758+0000] {processor.py:925} INFO - DAG(s) 'example_complex' retrieved from /home/airflow/.local/lib/python3.12/site-packages/airflow/example_dags/example_complex.py
[2025-03-23T08:27:21.828+0000] {logging_mixin.py:190} INFO - [2025-03-23T08:27:21.827+0000] {dag.py:3239} INFO - Sync 1 DAGs
[2025-03-23T08:27:21.854+0000] {logging_mixin.py:190} INFO - [2025-03-23T08:27:21.853+0000] {dag.py:4180} INFO - Setting next_dagrun for example_complex to None, run_after=None
[2025-03-23T08:27:21.925+0000] {processor.py:208} INFO - Processing /home/airflow/.local/lib/python3.12/site-packages/airflow/example_dags/example_complex.py took 0.223 seconds
[2025-03-23T08:27:52.654+0000] {processor.py:186} INFO - Started process (PID=246) to work on /home/airflow/.local/lib/python3.12/site-packages/airflow/example_dags/example_complex.py
[2025-03-23T08:27:52.655+0000] {processor.py:914} INFO - Processing file /home/airflow/.local/lib/python3.12/site-packages/airflow/example_dags/example_complex.py for tasks to queue
[2025-03-23T08:27:52.659+0000] {logging_mixin.py:190} INFO - [2025-03-23T08:27:52.658+0000] {dagbag.py:588} INFO - Filling up the DagBag from /home/airflow/.local/lib/python3.12/site-packages/airflow/example_dags/example_complex.py
[2025-03-23T08:27:52.676+0000] {processor.py:925} INFO - DAG(s) 'example_complex' retrieved from /home/airflow/.local/lib/python3.12/site-packages/airflow/example_dags/example_complex.py
[2025-03-23T08:27:52.724+0000] {logging_mixin.py:190} INFO - [2025-03-23T08:27:52.724+0000] {dag.py:3239} INFO - Sync 1 DAGs
[2025-03-23T08:27:52.746+0000] {logging_mixin.py:190} INFO - [2025-03-23T08:27:52.746+0000] {dag.py:4180} INFO - Setting next_dagrun for example_complex to None, run_after=None
[2025-03-23T08:27:52.833+0000] {processor.py:208} INFO - Processing /home/airflow/.local/lib/python3.12/site-packages/airflow/example_dags/example_complex.py took 0.188 seconds
[2025-03-23T08:28:23.003+0000] {processor.py:186} INFO - Started process (PID=310) to work on /home/airflow/.local/lib/python3.12/site-packages/airflow/example_dags/example_complex.py
[2025-03-23T08:28:23.004+0000] {processor.py:914} INFO - Processing file /home/airflow/.local/lib/python3.12/site-packages/airflow/example_dags/example_complex.py for tasks to queue
[2025-03-23T08:28:23.008+0000] {logging_mixin.py:190} INFO - [2025-03-23T08:28:23.008+0000] {dagbag.py:588} INFO - Filling up the DagBag from /home/airflow/.local/lib/python3.12/site-packages/airflow/example_dags/example_complex.py
[2025-03-23T08:28:23.027+0000] {processor.py:925} INFO - DAG(s) 'example_complex' retrieved from /home/airflow/.local/lib/python3.12/site-packages/airflow/example_dags/example_complex.py
[2025-03-23T08:28:23.083+0000] {logging_mixin.py:190} INFO - [2025-03-23T08:28:23.082+0000] {dag.py:3239} INFO - Sync 1 DAGs
[2025-03-23T08:28:23.102+0000] {logging_mixin.py:190} INFO - [2025-03-23T08:28:23.102+0000] {dag.py:4180} INFO - Setting next_dagrun for example_complex to None, run_after=None
[2025-03-23T08:28:23.153+0000] {processor.py:208} INFO - Processing /home/airflow/.local/lib/python3.12/site-packages/airflow/example_dags/example_complex.py took 0.159 seconds
[2025-03-23T08:28:53.475+0000] {processor.py:186} INFO - Started process (PID=373) to work on /home/airflow/.local/lib/python3.12/site-packages/airflow/example_dags/example_complex.py
[2025-03-23T08:28:53.476+0000] {processor.py:914} INFO - Processing file /home/airflow/.local/lib/python3.12/site-packages/airflow/example_dags/example_complex.py for tasks to queue
[2025-03-23T08:28:53.479+0000] {logging_mixin.py:190} INFO - [2025-03-23T08:28:53.479+0000] {dagbag.py:588} INFO - Filling up the DagBag from /home/airflow/.local/lib/python3.12/site-packages/airflow/example_dags/example_complex.py
[2025-03-23T08:28:53.500+0000] {processor.py:925} INFO - DAG(s) 'example_complex' retrieved from /home/airflow/.local/lib/python3.12/site-packages/airflow/example_dags/example_complex.py
[2025-03-23T08:28:53.545+0000] {logging_mixin.py:190} INFO - [2025-03-23T08:28:53.545+0000] {dag.py:3239} INFO - Sync 1 DAGs
[2025-03-23T08:28:53.567+0000] {logging_mixin.py:190} INFO - [2025-03-23T08:28:53.566+0000] {dag.py:4180} INFO - Setting next_dagrun for example_complex to None, run_after=None
[2025-03-23T08:28:53.633+0000] {processor.py:208} INFO - Processing /home/airflow/.local/lib/python3.12/site-packages/airflow/example_dags/example_complex.py took 0.167 seconds
[2025-03-23T08:29:25.192+0000] {processor.py:186} INFO - Started process (PID=437) to work on /home/airflow/.local/lib/python3.12/site-packages/airflow/example_dags/example_complex.py
[2025-03-23T08:29:25.204+0000] {processor.py:914} INFO - Processing file /home/airflow/.local/lib/python3.12/site-packages/airflow/example_dags/example_complex.py for tasks to queue
[2025-03-23T08:29:25.209+0000] {logging_mixin.py:190} INFO - [2025-03-23T08:29:25.208+0000] {dagbag.py:588} INFO - Filling up the DagBag from /home/airflow/.local/lib/python3.12/site-packages/airflow/example_dags/example_complex.py
[2025-03-23T08:29:25.254+0000] {processor.py:925} INFO - DAG(s) 'example_complex' retrieved from /home/airflow/.local/lib/python3.12/site-packages/airflow/example_dags/example_complex.py
[2025-03-23T08:29:25.374+0000] {logging_mixin.py:190} INFO - [2025-03-23T08:29:25.373+0000] {dag.py:3239} INFO - Sync 1 DAGs
[2025-03-23T08:29:25.414+0000] {logging_mixin.py:190} INFO - [2025-03-23T08:29:25.414+0000] {dag.py:4180} INFO - Setting next_dagrun for example_complex to None, run_after=None
[2025-03-23T08:29:25.529+0000] {processor.py:208} INFO - Processing /home/airflow/.local/lib/python3.12/site-packages/airflow/example_dags/example_complex.py took 0.357 seconds
[2025-03-23T08:29:56.519+0000] {processor.py:186} INFO - Started process (PID=501) to work on /home/airflow/.local/lib/python3.12/site-packages/airflow/example_dags/example_complex.py
[2025-03-23T08:29:56.521+0000] {processor.py:914} INFO - Processing file /home/airflow/.local/lib/python3.12/site-packages/airflow/example_dags/example_complex.py for tasks to queue
[2025-03-23T08:29:56.524+0000] {logging_mixin.py:190} INFO - [2025-03-23T08:29:56.524+0000] {dagbag.py:588} INFO - Filling up the DagBag from /home/airflow/.local/lib/python3.12/site-packages/airflow/example_dags/example_complex.py
[2025-03-23T08:29:56.549+0000] {processor.py:925} INFO - DAG(s) 'example_complex' retrieved from /home/airflow/.local/lib/python3.12/site-packages/airflow/example_dags/example_complex.py
[2025-03-23T08:29:56.600+0000] {logging_mixin.py:190} INFO - [2025-03-23T08:29:56.600+0000] {dag.py:3239} INFO - Sync 1 DAGs
[2025-03-23T08:29:56.624+0000] {logging_mixin.py:190} INFO - [2025-03-23T08:29:56.624+0000] {dag.py:4180} INFO - Setting next_dagrun for example_complex to None, run_after=None
[2025-03-23T08:29:56.692+0000] {processor.py:208} INFO - Processing /home/airflow/.local/lib/python3.12/site-packages/airflow/example_dags/example_complex.py took 0.182 seconds
