[2025-03-23T08:06:45.986+0000] {processor.py:186} INFO - Started process (PID=106) to work on /home/airflow/.local/lib/python3.12/site-packages/airflow/example_dags/example_inlet_event_extra.py
[2025-03-23T08:06:45.987+0000] {processor.py:914} INFO - Processing file /home/airflow/.local/lib/python3.12/site-packages/airflow/example_dags/example_inlet_event_extra.py for tasks to queue
[2025-03-23T08:06:45.991+0000] {logging_mixin.py:190} INFO - [2025-03-23T08:06:45.990+0000] {dagbag.py:588} INFO - Filling up the DagBag from /home/airflow/.local/lib/python3.12/site-packages/airflow/example_dags/example_inlet_event_extra.py
[2025-03-23T08:07:04.270+0000] {processor.py:925} INFO - DAG(s) 'read_dataset_event', 'read_dataset_event_from_classic' retrieved from /home/airflow/.local/lib/python3.12/site-packages/airflow/example_dags/example_inlet_event_extra.py
[2025-03-23T08:07:06.367+0000] {logging_mixin.py:190} INFO - [2025-03-23T08:07:06.366+0000] {override.py:1911} INFO - Created Permission View: can edit on DAG:read_dataset_event
[2025-03-23T08:07:07.023+0000] {logging_mixin.py:190} INFO - [2025-03-23T08:07:07.022+0000] {override.py:1911} INFO - Created Permission View: can delete on DAG:read_dataset_event
[2025-03-23T08:07:07.113+0000] {logging_mixin.py:190} INFO - [2025-03-23T08:07:07.111+0000] {override.py:1911} INFO - Created Permission View: can read on DAG:read_dataset_event
[2025-03-23T08:07:07.278+0000] {logging_mixin.py:190} INFO - [2025-03-23T08:07:07.278+0000] {override.py:1911} INFO - Created Permission View: menu access on DAG Run:read_dataset_event
[2025-03-23T08:07:07.323+0000] {logging_mixin.py:190} INFO - [2025-03-23T08:07:07.322+0000] {override.py:1911} INFO - Created Permission View: can create on DAG Run:read_dataset_event
[2025-03-23T08:07:07.389+0000] {logging_mixin.py:190} INFO - [2025-03-23T08:07:07.389+0000] {override.py:1911} INFO - Created Permission View: can read on DAG Run:read_dataset_event
[2025-03-23T08:07:07.456+0000] {logging_mixin.py:190} INFO - [2025-03-23T08:07:07.455+0000] {override.py:1911} INFO - Created Permission View: can delete on DAG Run:read_dataset_event
[2025-03-23T08:07:07.567+0000] {logging_mixin.py:190} INFO - [2025-03-23T08:07:07.567+0000] {override.py:1911} INFO - Created Permission View: can edit on DAG:read_dataset_event_from_classic
[2025-03-23T08:07:07.611+0000] {logging_mixin.py:190} INFO - [2025-03-23T08:07:07.611+0000] {override.py:1911} INFO - Created Permission View: can delete on DAG:read_dataset_event_from_classic
[2025-03-23T08:07:07.644+0000] {logging_mixin.py:190} INFO - [2025-03-23T08:07:07.644+0000] {override.py:1911} INFO - Created Permission View: can read on DAG:read_dataset_event_from_classic
[2025-03-23T08:07:07.745+0000] {logging_mixin.py:190} INFO - [2025-03-23T08:07:07.745+0000] {override.py:1911} INFO - Created Permission View: menu access on DAG Run:read_dataset_event_from_classic
[2025-03-23T08:07:07.800+0000] {logging_mixin.py:190} INFO - [2025-03-23T08:07:07.800+0000] {override.py:1911} INFO - Created Permission View: can create on DAG Run:read_dataset_event_from_classic
[2025-03-23T08:07:07.845+0000] {logging_mixin.py:190} INFO - [2025-03-23T08:07:07.845+0000] {override.py:1911} INFO - Created Permission View: can read on DAG Run:read_dataset_event_from_classic
[2025-03-23T08:07:08.214+0000] {logging_mixin.py:190} INFO - [2025-03-23T08:07:08.213+0000] {override.py:1911} INFO - Created Permission View: can delete on DAG Run:read_dataset_event_from_classic
[2025-03-23T08:07:08.215+0000] {logging_mixin.py:190} INFO - [2025-03-23T08:07:08.215+0000] {dag.py:3239} INFO - Sync 2 DAGs
[2025-03-23T08:07:08.236+0000] {logging_mixin.py:190} INFO - [2025-03-23T08:07:08.235+0000] {dag.py:3262} INFO - Creating ORM DAG for read_dataset_event_from_classic
[2025-03-23T08:07:08.237+0000] {logging_mixin.py:190} INFO - [2025-03-23T08:07:08.237+0000] {dag.py:3262} INFO - Creating ORM DAG for read_dataset_event
[2025-03-23T08:07:08.256+0000] {logging_mixin.py:190} INFO - [2025-03-23T08:07:08.255+0000] {dag.py:4180} INFO - Setting next_dagrun for read_dataset_event to 2025-03-22 00:00:00+00:00, run_after=2025-03-23 00:00:00+00:00
[2025-03-23T08:07:08.261+0000] {logging_mixin.py:190} INFO - [2025-03-23T08:07:08.260+0000] {dag.py:4180} INFO - Setting next_dagrun for read_dataset_event_from_classic to 2025-03-22 00:00:00+00:00, run_after=2025-03-23 00:00:00+00:00
[2025-03-23T08:07:09.610+0000] {processor.py:208} INFO - Processing /home/airflow/.local/lib/python3.12/site-packages/airflow/example_dags/example_inlet_event_extra.py took 23.634 seconds
[2025-03-23T08:07:44.890+0000] {processor.py:186} INFO - Started process (PID=181) to work on /home/airflow/.local/lib/python3.12/site-packages/airflow/example_dags/example_inlet_event_extra.py
[2025-03-23T08:07:44.944+0000] {processor.py:914} INFO - Processing file /home/airflow/.local/lib/python3.12/site-packages/airflow/example_dags/example_inlet_event_extra.py for tasks to queue
[2025-03-23T08:07:44.950+0000] {logging_mixin.py:190} INFO - [2025-03-23T08:07:44.949+0000] {dagbag.py:588} INFO - Filling up the DagBag from /home/airflow/.local/lib/python3.12/site-packages/airflow/example_dags/example_inlet_event_extra.py
[2025-03-23T08:07:46.585+0000] {processor.py:925} INFO - DAG(s) 'read_dataset_event_from_classic', 'read_dataset_event' retrieved from /home/airflow/.local/lib/python3.12/site-packages/airflow/example_dags/example_inlet_event_extra.py
[2025-03-23T08:07:46.629+0000] {logging_mixin.py:190} INFO - [2025-03-23T08:07:46.629+0000] {dag.py:3239} INFO - Sync 2 DAGs
[2025-03-23T08:07:46.667+0000] {logging_mixin.py:190} INFO - [2025-03-23T08:07:46.666+0000] {dag.py:4180} INFO - Setting next_dagrun for read_dataset_event to 2025-03-22 00:00:00+00:00, run_after=2025-03-23 00:00:00+00:00
[2025-03-23T08:07:46.674+0000] {logging_mixin.py:190} INFO - [2025-03-23T08:07:46.673+0000] {dag.py:4180} INFO - Setting next_dagrun for read_dataset_event_from_classic to 2025-03-22 00:00:00+00:00, run_after=2025-03-23 00:00:00+00:00
[2025-03-23T08:07:46.870+0000] {processor.py:208} INFO - Processing /home/airflow/.local/lib/python3.12/site-packages/airflow/example_dags/example_inlet_event_extra.py took 1.990 seconds
[2025-03-23T08:08:17.838+0000] {processor.py:186} INFO - Started process (PID=245) to work on /home/airflow/.local/lib/python3.12/site-packages/airflow/example_dags/example_inlet_event_extra.py
[2025-03-23T08:08:17.855+0000] {processor.py:914} INFO - Processing file /home/airflow/.local/lib/python3.12/site-packages/airflow/example_dags/example_inlet_event_extra.py for tasks to queue
[2025-03-23T08:08:17.872+0000] {logging_mixin.py:190} INFO - [2025-03-23T08:08:17.871+0000] {dagbag.py:588} INFO - Filling up the DagBag from /home/airflow/.local/lib/python3.12/site-packages/airflow/example_dags/example_inlet_event_extra.py
[2025-03-23T08:08:19.141+0000] {processor.py:925} INFO - DAG(s) 'read_dataset_event_from_classic', 'read_dataset_event' retrieved from /home/airflow/.local/lib/python3.12/site-packages/airflow/example_dags/example_inlet_event_extra.py
[2025-03-23T08:08:19.173+0000] {logging_mixin.py:190} INFO - [2025-03-23T08:08:19.172+0000] {dag.py:3239} INFO - Sync 2 DAGs
[2025-03-23T08:08:19.219+0000] {logging_mixin.py:190} INFO - [2025-03-23T08:08:19.219+0000] {dag.py:4180} INFO - Setting next_dagrun for read_dataset_event to 2025-03-22 00:00:00+00:00, run_after=2025-03-23 00:00:00+00:00
[2025-03-23T08:08:19.228+0000] {logging_mixin.py:190} INFO - [2025-03-23T08:08:19.227+0000] {dag.py:4180} INFO - Setting next_dagrun for read_dataset_event_from_classic to 2025-03-22 00:00:00+00:00, run_after=2025-03-23 00:00:00+00:00
[2025-03-23T08:08:19.399+0000] {processor.py:208} INFO - Processing /home/airflow/.local/lib/python3.12/site-packages/airflow/example_dags/example_inlet_event_extra.py took 1.631 seconds
[2025-03-23T08:08:49.739+0000] {processor.py:186} INFO - Started process (PID=311) to work on /home/airflow/.local/lib/python3.12/site-packages/airflow/example_dags/example_inlet_event_extra.py
[2025-03-23T08:08:49.740+0000] {processor.py:914} INFO - Processing file /home/airflow/.local/lib/python3.12/site-packages/airflow/example_dags/example_inlet_event_extra.py for tasks to queue
[2025-03-23T08:08:49.747+0000] {logging_mixin.py:190} INFO - [2025-03-23T08:08:49.746+0000] {dagbag.py:588} INFO - Filling up the DagBag from /home/airflow/.local/lib/python3.12/site-packages/airflow/example_dags/example_inlet_event_extra.py
[2025-03-23T08:08:50.965+0000] {processor.py:925} INFO - DAG(s) 'read_dataset_event', 'read_dataset_event_from_classic' retrieved from /home/airflow/.local/lib/python3.12/site-packages/airflow/example_dags/example_inlet_event_extra.py
[2025-03-23T08:08:50.996+0000] {logging_mixin.py:190} INFO - [2025-03-23T08:08:50.996+0000] {dag.py:3239} INFO - Sync 2 DAGs
[2025-03-23T08:08:51.046+0000] {logging_mixin.py:190} INFO - [2025-03-23T08:08:51.046+0000] {dag.py:4180} INFO - Setting next_dagrun for read_dataset_event to 2025-03-22 00:00:00+00:00, run_after=2025-03-23 00:00:00+00:00
[2025-03-23T08:08:51.056+0000] {logging_mixin.py:190} INFO - [2025-03-23T08:08:51.056+0000] {dag.py:4180} INFO - Setting next_dagrun for read_dataset_event_from_classic to 2025-03-22 00:00:00+00:00, run_after=2025-03-23 00:00:00+00:00
[2025-03-23T08:08:51.102+0000] {processor.py:208} INFO - Processing /home/airflow/.local/lib/python3.12/site-packages/airflow/example_dags/example_inlet_event_extra.py took 1.376 seconds
[2025-03-23T08:09:21.572+0000] {processor.py:186} INFO - Started process (PID=378) to work on /home/airflow/.local/lib/python3.12/site-packages/airflow/example_dags/example_inlet_event_extra.py
[2025-03-23T08:09:21.573+0000] {processor.py:914} INFO - Processing file /home/airflow/.local/lib/python3.12/site-packages/airflow/example_dags/example_inlet_event_extra.py for tasks to queue
[2025-03-23T08:09:21.576+0000] {logging_mixin.py:190} INFO - [2025-03-23T08:09:21.576+0000] {dagbag.py:588} INFO - Filling up the DagBag from /home/airflow/.local/lib/python3.12/site-packages/airflow/example_dags/example_inlet_event_extra.py
[2025-03-23T08:09:22.384+0000] {processor.py:925} INFO - DAG(s) 'read_dataset_event_from_classic', 'read_dataset_event' retrieved from /home/airflow/.local/lib/python3.12/site-packages/airflow/example_dags/example_inlet_event_extra.py
[2025-03-23T08:09:22.416+0000] {logging_mixin.py:190} INFO - [2025-03-23T08:09:22.416+0000] {dag.py:3239} INFO - Sync 2 DAGs
[2025-03-23T08:09:22.446+0000] {logging_mixin.py:190} INFO - [2025-03-23T08:09:22.446+0000] {dag.py:4180} INFO - Setting next_dagrun for read_dataset_event to 2025-03-22 00:00:00+00:00, run_after=2025-03-23 00:00:00+00:00
[2025-03-23T08:09:22.453+0000] {logging_mixin.py:190} INFO - [2025-03-23T08:09:22.453+0000] {dag.py:4180} INFO - Setting next_dagrun for read_dataset_event_from_classic to 2025-03-22 00:00:00+00:00, run_after=2025-03-23 00:00:00+00:00
[2025-03-23T08:09:22.738+0000] {processor.py:208} INFO - Processing /home/airflow/.local/lib/python3.12/site-packages/airflow/example_dags/example_inlet_event_extra.py took 1.173 seconds
[2025-03-23T08:09:52.847+0000] {processor.py:186} INFO - Started process (PID=442) to work on /home/airflow/.local/lib/python3.12/site-packages/airflow/example_dags/example_inlet_event_extra.py
[2025-03-23T08:09:52.848+0000] {processor.py:914} INFO - Processing file /home/airflow/.local/lib/python3.12/site-packages/airflow/example_dags/example_inlet_event_extra.py for tasks to queue
[2025-03-23T08:09:52.853+0000] {logging_mixin.py:190} INFO - [2025-03-23T08:09:52.853+0000] {dagbag.py:588} INFO - Filling up the DagBag from /home/airflow/.local/lib/python3.12/site-packages/airflow/example_dags/example_inlet_event_extra.py
[2025-03-23T08:09:54.286+0000] {processor.py:925} INFO - DAG(s) 'read_dataset_event_from_classic', 'read_dataset_event' retrieved from /home/airflow/.local/lib/python3.12/site-packages/airflow/example_dags/example_inlet_event_extra.py
[2025-03-23T08:09:54.383+0000] {logging_mixin.py:190} INFO - [2025-03-23T08:09:54.383+0000] {dag.py:3239} INFO - Sync 2 DAGs
[2025-03-23T08:09:54.456+0000] {logging_mixin.py:190} INFO - [2025-03-23T08:09:54.453+0000] {dag.py:4180} INFO - Setting next_dagrun for read_dataset_event to 2025-03-22 00:00:00+00:00, run_after=2025-03-23 00:00:00+00:00
[2025-03-23T08:09:54.480+0000] {logging_mixin.py:190} INFO - [2025-03-23T08:09:54.474+0000] {dag.py:4180} INFO - Setting next_dagrun for read_dataset_event_from_classic to 2025-03-22 00:00:00+00:00, run_after=2025-03-23 00:00:00+00:00
[2025-03-23T08:09:54.722+0000] {processor.py:208} INFO - Processing /home/airflow/.local/lib/python3.12/site-packages/airflow/example_dags/example_inlet_event_extra.py took 1.883 seconds
[2025-03-23T08:10:24.789+0000] {processor.py:186} INFO - Started process (PID=515) to work on /home/airflow/.local/lib/python3.12/site-packages/airflow/example_dags/example_inlet_event_extra.py
[2025-03-23T08:10:24.790+0000] {processor.py:914} INFO - Processing file /home/airflow/.local/lib/python3.12/site-packages/airflow/example_dags/example_inlet_event_extra.py for tasks to queue
[2025-03-23T08:10:24.793+0000] {logging_mixin.py:190} INFO - [2025-03-23T08:10:24.793+0000] {dagbag.py:588} INFO - Filling up the DagBag from /home/airflow/.local/lib/python3.12/site-packages/airflow/example_dags/example_inlet_event_extra.py
[2025-03-23T08:10:25.445+0000] {processor.py:925} INFO - DAG(s) 'read_dataset_event_from_classic', 'read_dataset_event' retrieved from /home/airflow/.local/lib/python3.12/site-packages/airflow/example_dags/example_inlet_event_extra.py
[2025-03-23T08:10:25.472+0000] {logging_mixin.py:190} INFO - [2025-03-23T08:10:25.472+0000] {dag.py:3239} INFO - Sync 2 DAGs
[2025-03-23T08:10:25.502+0000] {logging_mixin.py:190} INFO - [2025-03-23T08:10:25.502+0000] {dag.py:4180} INFO - Setting next_dagrun for read_dataset_event to 2025-03-22 00:00:00+00:00, run_after=2025-03-23 00:00:00+00:00
[2025-03-23T08:10:25.508+0000] {logging_mixin.py:190} INFO - [2025-03-23T08:10:25.508+0000] {dag.py:4180} INFO - Setting next_dagrun for read_dataset_event_from_classic to 2025-03-22 00:00:00+00:00, run_after=2025-03-23 00:00:00+00:00
[2025-03-23T08:10:25.588+0000] {processor.py:208} INFO - Processing /home/airflow/.local/lib/python3.12/site-packages/airflow/example_dags/example_inlet_event_extra.py took 0.808 seconds
[2025-03-23T08:10:56.618+0000] {processor.py:186} INFO - Started process (PID=579) to work on /home/airflow/.local/lib/python3.12/site-packages/airflow/example_dags/example_inlet_event_extra.py
[2025-03-23T08:10:56.620+0000] {processor.py:914} INFO - Processing file /home/airflow/.local/lib/python3.12/site-packages/airflow/example_dags/example_inlet_event_extra.py for tasks to queue
[2025-03-23T08:10:56.624+0000] {logging_mixin.py:190} INFO - [2025-03-23T08:10:56.623+0000] {dagbag.py:588} INFO - Filling up the DagBag from /home/airflow/.local/lib/python3.12/site-packages/airflow/example_dags/example_inlet_event_extra.py
[2025-03-23T08:10:57.798+0000] {processor.py:925} INFO - DAG(s) 'read_dataset_event_from_classic', 'read_dataset_event' retrieved from /home/airflow/.local/lib/python3.12/site-packages/airflow/example_dags/example_inlet_event_extra.py
[2025-03-23T08:10:57.881+0000] {logging_mixin.py:190} INFO - [2025-03-23T08:10:57.881+0000] {dag.py:3239} INFO - Sync 2 DAGs
[2025-03-23T08:10:58.038+0000] {logging_mixin.py:190} INFO - [2025-03-23T08:10:58.036+0000] {dag.py:4180} INFO - Setting next_dagrun for read_dataset_event to 2025-03-22 00:00:00+00:00, run_after=2025-03-23 00:00:00+00:00
[2025-03-23T08:10:58.070+0000] {logging_mixin.py:190} INFO - [2025-03-23T08:10:58.069+0000] {dag.py:4180} INFO - Setting next_dagrun for read_dataset_event_from_classic to 2025-03-22 00:00:00+00:00, run_after=2025-03-23 00:00:00+00:00
[2025-03-23T08:10:58.188+0000] {processor.py:208} INFO - Processing /home/airflow/.local/lib/python3.12/site-packages/airflow/example_dags/example_inlet_event_extra.py took 1.580 seconds
[2025-03-23T08:11:28.579+0000] {processor.py:186} INFO - Started process (PID=644) to work on /home/airflow/.local/lib/python3.12/site-packages/airflow/example_dags/example_inlet_event_extra.py
[2025-03-23T08:11:28.580+0000] {processor.py:914} INFO - Processing file /home/airflow/.local/lib/python3.12/site-packages/airflow/example_dags/example_inlet_event_extra.py for tasks to queue
[2025-03-23T08:11:28.585+0000] {logging_mixin.py:190} INFO - [2025-03-23T08:11:28.584+0000] {dagbag.py:588} INFO - Filling up the DagBag from /home/airflow/.local/lib/python3.12/site-packages/airflow/example_dags/example_inlet_event_extra.py
[2025-03-23T08:11:29.470+0000] {processor.py:925} INFO - DAG(s) 'read_dataset_event_from_classic', 'read_dataset_event' retrieved from /home/airflow/.local/lib/python3.12/site-packages/airflow/example_dags/example_inlet_event_extra.py
[2025-03-23T08:11:29.512+0000] {logging_mixin.py:190} INFO - [2025-03-23T08:11:29.510+0000] {dag.py:3239} INFO - Sync 2 DAGs
[2025-03-23T08:11:29.582+0000] {logging_mixin.py:190} INFO - [2025-03-23T08:11:29.582+0000] {dag.py:4180} INFO - Setting next_dagrun for read_dataset_event to 2025-03-22 00:00:00+00:00, run_after=2025-03-23 00:00:00+00:00
[2025-03-23T08:11:29.602+0000] {logging_mixin.py:190} INFO - [2025-03-23T08:11:29.601+0000] {dag.py:4180} INFO - Setting next_dagrun for read_dataset_event_from_classic to 2025-03-22 00:00:00+00:00, run_after=2025-03-23 00:00:00+00:00
[2025-03-23T08:11:29.722+0000] {processor.py:208} INFO - Processing /home/airflow/.local/lib/python3.12/site-packages/airflow/example_dags/example_inlet_event_extra.py took 1.150 seconds
[2025-03-23T08:12:00.382+0000] {processor.py:186} INFO - Started process (PID=708) to work on /home/airflow/.local/lib/python3.12/site-packages/airflow/example_dags/example_inlet_event_extra.py
[2025-03-23T08:12:00.383+0000] {processor.py:914} INFO - Processing file /home/airflow/.local/lib/python3.12/site-packages/airflow/example_dags/example_inlet_event_extra.py for tasks to queue
[2025-03-23T08:12:00.387+0000] {logging_mixin.py:190} INFO - [2025-03-23T08:12:00.387+0000] {dagbag.py:588} INFO - Filling up the DagBag from /home/airflow/.local/lib/python3.12/site-packages/airflow/example_dags/example_inlet_event_extra.py
[2025-03-23T08:12:01.216+0000] {processor.py:925} INFO - DAG(s) 'read_dataset_event_from_classic', 'read_dataset_event' retrieved from /home/airflow/.local/lib/python3.12/site-packages/airflow/example_dags/example_inlet_event_extra.py
[2025-03-23T08:12:01.243+0000] {logging_mixin.py:190} INFO - [2025-03-23T08:12:01.243+0000] {dag.py:3239} INFO - Sync 2 DAGs
[2025-03-23T08:12:01.279+0000] {logging_mixin.py:190} INFO - [2025-03-23T08:12:01.279+0000] {dag.py:4180} INFO - Setting next_dagrun for read_dataset_event to 2025-03-22 00:00:00+00:00, run_after=2025-03-23 00:00:00+00:00
[2025-03-23T08:12:01.285+0000] {logging_mixin.py:190} INFO - [2025-03-23T08:12:01.285+0000] {dag.py:4180} INFO - Setting next_dagrun for read_dataset_event_from_classic to 2025-03-22 00:00:00+00:00, run_after=2025-03-23 00:00:00+00:00
[2025-03-23T08:12:01.395+0000] {processor.py:208} INFO - Processing /home/airflow/.local/lib/python3.12/site-packages/airflow/example_dags/example_inlet_event_extra.py took 1.020 seconds
[2025-03-23T08:12:31.579+0000] {processor.py:186} INFO - Started process (PID=776) to work on /home/airflow/.local/lib/python3.12/site-packages/airflow/example_dags/example_inlet_event_extra.py
[2025-03-23T08:12:31.581+0000] {processor.py:914} INFO - Processing file /home/airflow/.local/lib/python3.12/site-packages/airflow/example_dags/example_inlet_event_extra.py for tasks to queue
[2025-03-23T08:12:31.584+0000] {logging_mixin.py:190} INFO - [2025-03-23T08:12:31.583+0000] {dagbag.py:588} INFO - Filling up the DagBag from /home/airflow/.local/lib/python3.12/site-packages/airflow/example_dags/example_inlet_event_extra.py
[2025-03-23T08:12:32.364+0000] {processor.py:925} INFO - DAG(s) 'read_dataset_event', 'read_dataset_event_from_classic' retrieved from /home/airflow/.local/lib/python3.12/site-packages/airflow/example_dags/example_inlet_event_extra.py
[2025-03-23T08:12:32.391+0000] {logging_mixin.py:190} INFO - [2025-03-23T08:12:32.391+0000] {dag.py:3239} INFO - Sync 2 DAGs
[2025-03-23T08:12:32.430+0000] {logging_mixin.py:190} INFO - [2025-03-23T08:12:32.429+0000] {dag.py:4180} INFO - Setting next_dagrun for read_dataset_event to 2025-03-22 00:00:00+00:00, run_after=2025-03-23 00:00:00+00:00
[2025-03-23T08:12:32.436+0000] {logging_mixin.py:190} INFO - [2025-03-23T08:12:32.436+0000] {dag.py:4180} INFO - Setting next_dagrun for read_dataset_event_from_classic to 2025-03-22 00:00:00+00:00, run_after=2025-03-23 00:00:00+00:00
[2025-03-23T08:12:32.521+0000] {processor.py:208} INFO - Processing /home/airflow/.local/lib/python3.12/site-packages/airflow/example_dags/example_inlet_event_extra.py took 0.950 seconds
[2025-03-23T08:13:02.650+0000] {processor.py:186} INFO - Started process (PID=840) to work on /home/airflow/.local/lib/python3.12/site-packages/airflow/example_dags/example_inlet_event_extra.py
[2025-03-23T08:13:02.651+0000] {processor.py:914} INFO - Processing file /home/airflow/.local/lib/python3.12/site-packages/airflow/example_dags/example_inlet_event_extra.py for tasks to queue
[2025-03-23T08:13:02.654+0000] {logging_mixin.py:190} INFO - [2025-03-23T08:13:02.654+0000] {dagbag.py:588} INFO - Filling up the DagBag from /home/airflow/.local/lib/python3.12/site-packages/airflow/example_dags/example_inlet_event_extra.py
[2025-03-23T08:13:03.468+0000] {processor.py:925} INFO - DAG(s) 'read_dataset_event', 'read_dataset_event_from_classic' retrieved from /home/airflow/.local/lib/python3.12/site-packages/airflow/example_dags/example_inlet_event_extra.py
[2025-03-23T08:13:03.503+0000] {logging_mixin.py:190} INFO - [2025-03-23T08:13:03.503+0000] {dag.py:3239} INFO - Sync 2 DAGs
[2025-03-23T08:13:03.541+0000] {logging_mixin.py:190} INFO - [2025-03-23T08:13:03.541+0000] {dag.py:4180} INFO - Setting next_dagrun for read_dataset_event to 2025-03-22 00:00:00+00:00, run_after=2025-03-23 00:00:00+00:00
[2025-03-23T08:13:03.551+0000] {logging_mixin.py:190} INFO - [2025-03-23T08:13:03.551+0000] {dag.py:4180} INFO - Setting next_dagrun for read_dataset_event_from_classic to 2025-03-22 00:00:00+00:00, run_after=2025-03-23 00:00:00+00:00
[2025-03-23T08:13:03.654+0000] {processor.py:208} INFO - Processing /home/airflow/.local/lib/python3.12/site-packages/airflow/example_dags/example_inlet_event_extra.py took 1.012 seconds
[2025-03-23T08:13:33.751+0000] {processor.py:186} INFO - Started process (PID=904) to work on /home/airflow/.local/lib/python3.12/site-packages/airflow/example_dags/example_inlet_event_extra.py
[2025-03-23T08:13:33.753+0000] {processor.py:914} INFO - Processing file /home/airflow/.local/lib/python3.12/site-packages/airflow/example_dags/example_inlet_event_extra.py for tasks to queue
[2025-03-23T08:13:33.756+0000] {logging_mixin.py:190} INFO - [2025-03-23T08:13:33.755+0000] {dagbag.py:588} INFO - Filling up the DagBag from /home/airflow/.local/lib/python3.12/site-packages/airflow/example_dags/example_inlet_event_extra.py
[2025-03-23T08:13:34.519+0000] {processor.py:925} INFO - DAG(s) 'read_dataset_event_from_classic', 'read_dataset_event' retrieved from /home/airflow/.local/lib/python3.12/site-packages/airflow/example_dags/example_inlet_event_extra.py
[2025-03-23T08:13:34.545+0000] {logging_mixin.py:190} INFO - [2025-03-23T08:13:34.545+0000] {dag.py:3239} INFO - Sync 2 DAGs
[2025-03-23T08:13:34.581+0000] {logging_mixin.py:190} INFO - [2025-03-23T08:13:34.581+0000] {dag.py:4180} INFO - Setting next_dagrun for read_dataset_event to 2025-03-22 00:00:00+00:00, run_after=2025-03-23 00:00:00+00:00
[2025-03-23T08:13:34.588+0000] {logging_mixin.py:190} INFO - [2025-03-23T08:13:34.588+0000] {dag.py:4180} INFO - Setting next_dagrun for read_dataset_event_from_classic to 2025-03-22 00:00:00+00:00, run_after=2025-03-23 00:00:00+00:00
[2025-03-23T08:13:34.644+0000] {processor.py:208} INFO - Processing /home/airflow/.local/lib/python3.12/site-packages/airflow/example_dags/example_inlet_event_extra.py took 0.900 seconds
[2025-03-23T08:14:04.926+0000] {processor.py:186} INFO - Started process (PID=971) to work on /home/airflow/.local/lib/python3.12/site-packages/airflow/example_dags/example_inlet_event_extra.py
[2025-03-23T08:14:04.927+0000] {processor.py:914} INFO - Processing file /home/airflow/.local/lib/python3.12/site-packages/airflow/example_dags/example_inlet_event_extra.py for tasks to queue
[2025-03-23T08:14:04.932+0000] {logging_mixin.py:190} INFO - [2025-03-23T08:14:04.931+0000] {dagbag.py:588} INFO - Filling up the DagBag from /home/airflow/.local/lib/python3.12/site-packages/airflow/example_dags/example_inlet_event_extra.py
[2025-03-23T08:14:05.712+0000] {processor.py:925} INFO - DAG(s) 'read_dataset_event_from_classic', 'read_dataset_event' retrieved from /home/airflow/.local/lib/python3.12/site-packages/airflow/example_dags/example_inlet_event_extra.py
[2025-03-23T08:14:05.739+0000] {logging_mixin.py:190} INFO - [2025-03-23T08:14:05.739+0000] {dag.py:3239} INFO - Sync 2 DAGs
[2025-03-23T08:14:05.774+0000] {logging_mixin.py:190} INFO - [2025-03-23T08:14:05.774+0000] {dag.py:4180} INFO - Setting next_dagrun for read_dataset_event to 2025-03-22 00:00:00+00:00, run_after=2025-03-23 00:00:00+00:00
[2025-03-23T08:14:05.780+0000] {logging_mixin.py:190} INFO - [2025-03-23T08:14:05.780+0000] {dag.py:4180} INFO - Setting next_dagrun for read_dataset_event_from_classic to 2025-03-22 00:00:00+00:00, run_after=2025-03-23 00:00:00+00:00
[2025-03-23T08:14:05.845+0000] {processor.py:208} INFO - Processing /home/airflow/.local/lib/python3.12/site-packages/airflow/example_dags/example_inlet_event_extra.py took 0.930 seconds
[2025-03-23T08:14:36.379+0000] {processor.py:186} INFO - Started process (PID=1042) to work on /home/airflow/.local/lib/python3.12/site-packages/airflow/example_dags/example_inlet_event_extra.py
[2025-03-23T08:14:36.381+0000] {processor.py:914} INFO - Processing file /home/airflow/.local/lib/python3.12/site-packages/airflow/example_dags/example_inlet_event_extra.py for tasks to queue
[2025-03-23T08:14:36.385+0000] {logging_mixin.py:190} INFO - [2025-03-23T08:14:36.385+0000] {dagbag.py:588} INFO - Filling up the DagBag from /home/airflow/.local/lib/python3.12/site-packages/airflow/example_dags/example_inlet_event_extra.py
[2025-03-23T08:14:37.110+0000] {processor.py:925} INFO - DAG(s) 'read_dataset_event', 'read_dataset_event_from_classic' retrieved from /home/airflow/.local/lib/python3.12/site-packages/airflow/example_dags/example_inlet_event_extra.py
[2025-03-23T08:14:37.134+0000] {logging_mixin.py:190} INFO - [2025-03-23T08:14:37.133+0000] {dag.py:3239} INFO - Sync 2 DAGs
[2025-03-23T08:14:37.161+0000] {logging_mixin.py:190} INFO - [2025-03-23T08:14:37.161+0000] {dag.py:4180} INFO - Setting next_dagrun for read_dataset_event to 2025-03-22 00:00:00+00:00, run_after=2025-03-23 00:00:00+00:00
[2025-03-23T08:14:37.168+0000] {logging_mixin.py:190} INFO - [2025-03-23T08:14:37.167+0000] {dag.py:4180} INFO - Setting next_dagrun for read_dataset_event_from_classic to 2025-03-22 00:00:00+00:00, run_after=2025-03-23 00:00:00+00:00
[2025-03-23T08:14:37.246+0000] {processor.py:208} INFO - Processing /home/airflow/.local/lib/python3.12/site-packages/airflow/example_dags/example_inlet_event_extra.py took 0.873 seconds
[2025-03-23T08:15:07.984+0000] {processor.py:186} INFO - Started process (PID=1125) to work on /home/airflow/.local/lib/python3.12/site-packages/airflow/example_dags/example_inlet_event_extra.py
[2025-03-23T08:15:07.986+0000] {processor.py:914} INFO - Processing file /home/airflow/.local/lib/python3.12/site-packages/airflow/example_dags/example_inlet_event_extra.py for tasks to queue
[2025-03-23T08:15:07.991+0000] {logging_mixin.py:190} INFO - [2025-03-23T08:15:07.990+0000] {dagbag.py:588} INFO - Filling up the DagBag from /home/airflow/.local/lib/python3.12/site-packages/airflow/example_dags/example_inlet_event_extra.py
[2025-03-23T08:15:08.863+0000] {processor.py:925} INFO - DAG(s) 'read_dataset_event_from_classic', 'read_dataset_event' retrieved from /home/airflow/.local/lib/python3.12/site-packages/airflow/example_dags/example_inlet_event_extra.py
[2025-03-23T08:15:08.889+0000] {logging_mixin.py:190} INFO - [2025-03-23T08:15:08.889+0000] {dag.py:3239} INFO - Sync 2 DAGs
[2025-03-23T08:15:08.935+0000] {logging_mixin.py:190} INFO - [2025-03-23T08:15:08.934+0000] {dag.py:4180} INFO - Setting next_dagrun for read_dataset_event to 2025-03-22 00:00:00+00:00, run_after=2025-03-23 00:00:00+00:00
[2025-03-23T08:15:08.953+0000] {logging_mixin.py:190} INFO - [2025-03-23T08:15:08.953+0000] {dag.py:4180} INFO - Setting next_dagrun for read_dataset_event_from_classic to 2025-03-22 00:00:00+00:00, run_after=2025-03-23 00:00:00+00:00
[2025-03-23T08:15:09.040+0000] {processor.py:208} INFO - Processing /home/airflow/.local/lib/python3.12/site-packages/airflow/example_dags/example_inlet_event_extra.py took 1.083 seconds
[2025-03-23T08:15:39.659+0000] {processor.py:186} INFO - Started process (PID=1190) to work on /home/airflow/.local/lib/python3.12/site-packages/airflow/example_dags/example_inlet_event_extra.py
[2025-03-23T08:15:39.660+0000] {processor.py:914} INFO - Processing file /home/airflow/.local/lib/python3.12/site-packages/airflow/example_dags/example_inlet_event_extra.py for tasks to queue
[2025-03-23T08:15:39.664+0000] {logging_mixin.py:190} INFO - [2025-03-23T08:15:39.663+0000] {dagbag.py:588} INFO - Filling up the DagBag from /home/airflow/.local/lib/python3.12/site-packages/airflow/example_dags/example_inlet_event_extra.py
[2025-03-23T08:15:40.525+0000] {processor.py:925} INFO - DAG(s) 'read_dataset_event', 'read_dataset_event_from_classic' retrieved from /home/airflow/.local/lib/python3.12/site-packages/airflow/example_dags/example_inlet_event_extra.py
[2025-03-23T08:15:40.551+0000] {logging_mixin.py:190} INFO - [2025-03-23T08:15:40.550+0000] {dag.py:3239} INFO - Sync 2 DAGs
[2025-03-23T08:15:40.580+0000] {logging_mixin.py:190} INFO - [2025-03-23T08:15:40.580+0000] {dag.py:4180} INFO - Setting next_dagrun for read_dataset_event to 2025-03-22 00:00:00+00:00, run_after=2025-03-23 00:00:00+00:00
[2025-03-23T08:15:40.586+0000] {logging_mixin.py:190} INFO - [2025-03-23T08:15:40.586+0000] {dag.py:4180} INFO - Setting next_dagrun for read_dataset_event_from_classic to 2025-03-22 00:00:00+00:00, run_after=2025-03-23 00:00:00+00:00
[2025-03-23T08:15:40.651+0000] {processor.py:208} INFO - Processing /home/airflow/.local/lib/python3.12/site-packages/airflow/example_dags/example_inlet_event_extra.py took 1.005 seconds
[2025-03-23T08:16:11.266+0000] {processor.py:186} INFO - Started process (PID=1255) to work on /home/airflow/.local/lib/python3.12/site-packages/airflow/example_dags/example_inlet_event_extra.py
[2025-03-23T08:16:11.268+0000] {processor.py:914} INFO - Processing file /home/airflow/.local/lib/python3.12/site-packages/airflow/example_dags/example_inlet_event_extra.py for tasks to queue
[2025-03-23T08:16:11.273+0000] {logging_mixin.py:190} INFO - [2025-03-23T08:16:11.272+0000] {dagbag.py:588} INFO - Filling up the DagBag from /home/airflow/.local/lib/python3.12/site-packages/airflow/example_dags/example_inlet_event_extra.py
[2025-03-23T08:16:12.114+0000] {processor.py:925} INFO - DAG(s) 'read_dataset_event_from_classic', 'read_dataset_event' retrieved from /home/airflow/.local/lib/python3.12/site-packages/airflow/example_dags/example_inlet_event_extra.py
[2025-03-23T08:16:12.140+0000] {logging_mixin.py:190} INFO - [2025-03-23T08:16:12.140+0000] {dag.py:3239} INFO - Sync 2 DAGs
[2025-03-23T08:16:12.174+0000] {logging_mixin.py:190} INFO - [2025-03-23T08:16:12.174+0000] {dag.py:4180} INFO - Setting next_dagrun for read_dataset_event to 2025-03-22 00:00:00+00:00, run_after=2025-03-23 00:00:00+00:00
[2025-03-23T08:16:12.181+0000] {logging_mixin.py:190} INFO - [2025-03-23T08:16:12.180+0000] {dag.py:4180} INFO - Setting next_dagrun for read_dataset_event_from_classic to 2025-03-22 00:00:00+00:00, run_after=2025-03-23 00:00:00+00:00
[2025-03-23T08:16:12.261+0000] {processor.py:208} INFO - Processing /home/airflow/.local/lib/python3.12/site-packages/airflow/example_dags/example_inlet_event_extra.py took 1.009 seconds
[2025-03-23T08:16:42.559+0000] {processor.py:186} INFO - Started process (PID=1318) to work on /home/airflow/.local/lib/python3.12/site-packages/airflow/example_dags/example_inlet_event_extra.py
[2025-03-23T08:16:42.560+0000] {processor.py:914} INFO - Processing file /home/airflow/.local/lib/python3.12/site-packages/airflow/example_dags/example_inlet_event_extra.py for tasks to queue
[2025-03-23T08:16:42.563+0000] {logging_mixin.py:190} INFO - [2025-03-23T08:16:42.563+0000] {dagbag.py:588} INFO - Filling up the DagBag from /home/airflow/.local/lib/python3.12/site-packages/airflow/example_dags/example_inlet_event_extra.py
[2025-03-23T08:16:43.347+0000] {processor.py:925} INFO - DAG(s) 'read_dataset_event', 'read_dataset_event_from_classic' retrieved from /home/airflow/.local/lib/python3.12/site-packages/airflow/example_dags/example_inlet_event_extra.py
[2025-03-23T08:16:43.375+0000] {logging_mixin.py:190} INFO - [2025-03-23T08:16:43.375+0000] {dag.py:3239} INFO - Sync 2 DAGs
[2025-03-23T08:16:43.410+0000] {logging_mixin.py:190} INFO - [2025-03-23T08:16:43.409+0000] {dag.py:4180} INFO - Setting next_dagrun for read_dataset_event to 2025-03-22 00:00:00+00:00, run_after=2025-03-23 00:00:00+00:00
[2025-03-23T08:16:43.416+0000] {logging_mixin.py:190} INFO - [2025-03-23T08:16:43.416+0000] {dag.py:4180} INFO - Setting next_dagrun for read_dataset_event_from_classic to 2025-03-22 00:00:00+00:00, run_after=2025-03-23 00:00:00+00:00
[2025-03-23T08:16:43.472+0000] {processor.py:208} INFO - Processing /home/airflow/.local/lib/python3.12/site-packages/airflow/example_dags/example_inlet_event_extra.py took 0.927 seconds
[2025-03-23T08:17:13.982+0000] {processor.py:186} INFO - Started process (PID=1382) to work on /home/airflow/.local/lib/python3.12/site-packages/airflow/example_dags/example_inlet_event_extra.py
[2025-03-23T08:17:13.983+0000] {processor.py:914} INFO - Processing file /home/airflow/.local/lib/python3.12/site-packages/airflow/example_dags/example_inlet_event_extra.py for tasks to queue
[2025-03-23T08:17:13.986+0000] {logging_mixin.py:190} INFO - [2025-03-23T08:17:13.986+0000] {dagbag.py:588} INFO - Filling up the DagBag from /home/airflow/.local/lib/python3.12/site-packages/airflow/example_dags/example_inlet_event_extra.py
[2025-03-23T08:17:14.781+0000] {processor.py:925} INFO - DAG(s) 'read_dataset_event_from_classic', 'read_dataset_event' retrieved from /home/airflow/.local/lib/python3.12/site-packages/airflow/example_dags/example_inlet_event_extra.py
[2025-03-23T08:17:14.807+0000] {logging_mixin.py:190} INFO - [2025-03-23T08:17:14.807+0000] {dag.py:3239} INFO - Sync 2 DAGs
[2025-03-23T08:17:14.851+0000] {logging_mixin.py:190} INFO - [2025-03-23T08:17:14.851+0000] {dag.py:4180} INFO - Setting next_dagrun for read_dataset_event to 2025-03-22 00:00:00+00:00, run_after=2025-03-23 00:00:00+00:00
[2025-03-23T08:17:14.857+0000] {logging_mixin.py:190} INFO - [2025-03-23T08:17:14.857+0000] {dag.py:4180} INFO - Setting next_dagrun for read_dataset_event_from_classic to 2025-03-22 00:00:00+00:00, run_after=2025-03-23 00:00:00+00:00
[2025-03-23T08:17:14.922+0000] {processor.py:208} INFO - Processing /home/airflow/.local/lib/python3.12/site-packages/airflow/example_dags/example_inlet_event_extra.py took 0.955 seconds
[2025-03-23T08:17:45.151+0000] {processor.py:186} INFO - Started process (PID=1446) to work on /home/airflow/.local/lib/python3.12/site-packages/airflow/example_dags/example_inlet_event_extra.py
[2025-03-23T08:17:45.152+0000] {processor.py:914} INFO - Processing file /home/airflow/.local/lib/python3.12/site-packages/airflow/example_dags/example_inlet_event_extra.py for tasks to queue
[2025-03-23T08:17:45.156+0000] {logging_mixin.py:190} INFO - [2025-03-23T08:17:45.155+0000] {dagbag.py:588} INFO - Filling up the DagBag from /home/airflow/.local/lib/python3.12/site-packages/airflow/example_dags/example_inlet_event_extra.py
[2025-03-23T08:17:45.958+0000] {processor.py:925} INFO - DAG(s) 'read_dataset_event', 'read_dataset_event_from_classic' retrieved from /home/airflow/.local/lib/python3.12/site-packages/airflow/example_dags/example_inlet_event_extra.py
[2025-03-23T08:17:45.985+0000] {logging_mixin.py:190} INFO - [2025-03-23T08:17:45.985+0000] {dag.py:3239} INFO - Sync 2 DAGs
[2025-03-23T08:17:46.021+0000] {logging_mixin.py:190} INFO - [2025-03-23T08:17:46.021+0000] {dag.py:4180} INFO - Setting next_dagrun for read_dataset_event to 2025-03-22 00:00:00+00:00, run_after=2025-03-23 00:00:00+00:00
[2025-03-23T08:17:46.027+0000] {logging_mixin.py:190} INFO - [2025-03-23T08:17:46.027+0000] {dag.py:4180} INFO - Setting next_dagrun for read_dataset_event_from_classic to 2025-03-22 00:00:00+00:00, run_after=2025-03-23 00:00:00+00:00
[2025-03-23T08:17:46.075+0000] {processor.py:208} INFO - Processing /home/airflow/.local/lib/python3.12/site-packages/airflow/example_dags/example_inlet_event_extra.py took 0.939 seconds
[2025-03-23T08:18:16.210+0000] {processor.py:186} INFO - Started process (PID=1510) to work on /home/airflow/.local/lib/python3.12/site-packages/airflow/example_dags/example_inlet_event_extra.py
[2025-03-23T08:18:16.211+0000] {processor.py:914} INFO - Processing file /home/airflow/.local/lib/python3.12/site-packages/airflow/example_dags/example_inlet_event_extra.py for tasks to queue
[2025-03-23T08:18:16.213+0000] {logging_mixin.py:190} INFO - [2025-03-23T08:18:16.213+0000] {dagbag.py:588} INFO - Filling up the DagBag from /home/airflow/.local/lib/python3.12/site-packages/airflow/example_dags/example_inlet_event_extra.py
[2025-03-23T08:18:16.964+0000] {processor.py:925} INFO - DAG(s) 'read_dataset_event_from_classic', 'read_dataset_event' retrieved from /home/airflow/.local/lib/python3.12/site-packages/airflow/example_dags/example_inlet_event_extra.py
[2025-03-23T08:18:16.991+0000] {logging_mixin.py:190} INFO - [2025-03-23T08:18:16.991+0000] {dag.py:3239} INFO - Sync 2 DAGs
[2025-03-23T08:18:17.023+0000] {logging_mixin.py:190} INFO - [2025-03-23T08:18:17.023+0000] {dag.py:4180} INFO - Setting next_dagrun for read_dataset_event to 2025-03-22 00:00:00+00:00, run_after=2025-03-23 00:00:00+00:00
[2025-03-23T08:18:17.031+0000] {logging_mixin.py:190} INFO - [2025-03-23T08:18:17.031+0000] {dag.py:4180} INFO - Setting next_dagrun for read_dataset_event_from_classic to 2025-03-22 00:00:00+00:00, run_after=2025-03-23 00:00:00+00:00
[2025-03-23T08:18:17.121+0000] {processor.py:208} INFO - Processing /home/airflow/.local/lib/python3.12/site-packages/airflow/example_dags/example_inlet_event_extra.py took 0.926 seconds
[2025-03-23T08:18:47.870+0000] {processor.py:186} INFO - Started process (PID=1574) to work on /home/airflow/.local/lib/python3.12/site-packages/airflow/example_dags/example_inlet_event_extra.py
[2025-03-23T08:18:47.872+0000] {processor.py:914} INFO - Processing file /home/airflow/.local/lib/python3.12/site-packages/airflow/example_dags/example_inlet_event_extra.py for tasks to queue
[2025-03-23T08:18:47.875+0000] {logging_mixin.py:190} INFO - [2025-03-23T08:18:47.875+0000] {dagbag.py:588} INFO - Filling up the DagBag from /home/airflow/.local/lib/python3.12/site-packages/airflow/example_dags/example_inlet_event_extra.py
[2025-03-23T08:18:48.772+0000] {processor.py:925} INFO - DAG(s) 'read_dataset_event', 'read_dataset_event_from_classic' retrieved from /home/airflow/.local/lib/python3.12/site-packages/airflow/example_dags/example_inlet_event_extra.py
[2025-03-23T08:18:48.814+0000] {logging_mixin.py:190} INFO - [2025-03-23T08:18:48.814+0000] {dag.py:3239} INFO - Sync 2 DAGs
[2025-03-23T08:18:48.849+0000] {logging_mixin.py:190} INFO - [2025-03-23T08:18:48.849+0000] {dag.py:4180} INFO - Setting next_dagrun for read_dataset_event to 2025-03-22 00:00:00+00:00, run_after=2025-03-23 00:00:00+00:00
[2025-03-23T08:18:48.855+0000] {logging_mixin.py:190} INFO - [2025-03-23T08:18:48.855+0000] {dag.py:4180} INFO - Setting next_dagrun for read_dataset_event_from_classic to 2025-03-22 00:00:00+00:00, run_after=2025-03-23 00:00:00+00:00
[2025-03-23T08:18:48.946+0000] {processor.py:208} INFO - Processing /home/airflow/.local/lib/python3.12/site-packages/airflow/example_dags/example_inlet_event_extra.py took 1.090 seconds
[2025-03-23T08:19:19.425+0000] {processor.py:186} INFO - Started process (PID=1638) to work on /home/airflow/.local/lib/python3.12/site-packages/airflow/example_dags/example_inlet_event_extra.py
[2025-03-23T08:19:19.427+0000] {processor.py:914} INFO - Processing file /home/airflow/.local/lib/python3.12/site-packages/airflow/example_dags/example_inlet_event_extra.py for tasks to queue
[2025-03-23T08:19:19.430+0000] {logging_mixin.py:190} INFO - [2025-03-23T08:19:19.430+0000] {dagbag.py:588} INFO - Filling up the DagBag from /home/airflow/.local/lib/python3.12/site-packages/airflow/example_dags/example_inlet_event_extra.py
[2025-03-23T08:19:20.328+0000] {processor.py:925} INFO - DAG(s) 'read_dataset_event', 'read_dataset_event_from_classic' retrieved from /home/airflow/.local/lib/python3.12/site-packages/airflow/example_dags/example_inlet_event_extra.py
[2025-03-23T08:19:20.355+0000] {logging_mixin.py:190} INFO - [2025-03-23T08:19:20.355+0000] {dag.py:3239} INFO - Sync 2 DAGs
[2025-03-23T08:19:20.393+0000] {logging_mixin.py:190} INFO - [2025-03-23T08:19:20.393+0000] {dag.py:4180} INFO - Setting next_dagrun for read_dataset_event to 2025-03-22 00:00:00+00:00, run_after=2025-03-23 00:00:00+00:00
[2025-03-23T08:19:20.399+0000] {logging_mixin.py:190} INFO - [2025-03-23T08:19:20.399+0000] {dag.py:4180} INFO - Setting next_dagrun for read_dataset_event_from_classic to 2025-03-22 00:00:00+00:00, run_after=2025-03-23 00:00:00+00:00
[2025-03-23T08:19:20.479+0000] {processor.py:208} INFO - Processing /home/airflow/.local/lib/python3.12/site-packages/airflow/example_dags/example_inlet_event_extra.py took 1.065 seconds
[2025-03-23T08:19:51.170+0000] {processor.py:186} INFO - Started process (PID=1702) to work on /home/airflow/.local/lib/python3.12/site-packages/airflow/example_dags/example_inlet_event_extra.py
[2025-03-23T08:19:51.171+0000] {processor.py:914} INFO - Processing file /home/airflow/.local/lib/python3.12/site-packages/airflow/example_dags/example_inlet_event_extra.py for tasks to queue
[2025-03-23T08:19:51.174+0000] {logging_mixin.py:190} INFO - [2025-03-23T08:19:51.174+0000] {dagbag.py:588} INFO - Filling up the DagBag from /home/airflow/.local/lib/python3.12/site-packages/airflow/example_dags/example_inlet_event_extra.py
[2025-03-23T08:19:51.935+0000] {processor.py:925} INFO - DAG(s) 'read_dataset_event_from_classic', 'read_dataset_event' retrieved from /home/airflow/.local/lib/python3.12/site-packages/airflow/example_dags/example_inlet_event_extra.py
[2025-03-23T08:19:51.960+0000] {logging_mixin.py:190} INFO - [2025-03-23T08:19:51.960+0000] {dag.py:3239} INFO - Sync 2 DAGs
[2025-03-23T08:19:51.993+0000] {logging_mixin.py:190} INFO - [2025-03-23T08:19:51.993+0000] {dag.py:4180} INFO - Setting next_dagrun for read_dataset_event to 2025-03-22 00:00:00+00:00, run_after=2025-03-23 00:00:00+00:00
[2025-03-23T08:19:52.000+0000] {logging_mixin.py:190} INFO - [2025-03-23T08:19:52.000+0000] {dag.py:4180} INFO - Setting next_dagrun for read_dataset_event_from_classic to 2025-03-22 00:00:00+00:00, run_after=2025-03-23 00:00:00+00:00
[2025-03-23T08:19:52.146+0000] {processor.py:208} INFO - Processing /home/airflow/.local/lib/python3.12/site-packages/airflow/example_dags/example_inlet_event_extra.py took 0.989 seconds
[2025-03-23T08:20:22.691+0000] {processor.py:186} INFO - Started process (PID=1766) to work on /home/airflow/.local/lib/python3.12/site-packages/airflow/example_dags/example_inlet_event_extra.py
[2025-03-23T08:20:22.692+0000] {processor.py:914} INFO - Processing file /home/airflow/.local/lib/python3.12/site-packages/airflow/example_dags/example_inlet_event_extra.py for tasks to queue
[2025-03-23T08:20:22.697+0000] {logging_mixin.py:190} INFO - [2025-03-23T08:20:22.696+0000] {dagbag.py:588} INFO - Filling up the DagBag from /home/airflow/.local/lib/python3.12/site-packages/airflow/example_dags/example_inlet_event_extra.py
[2025-03-23T08:20:23.459+0000] {processor.py:925} INFO - DAG(s) 'read_dataset_event', 'read_dataset_event_from_classic' retrieved from /home/airflow/.local/lib/python3.12/site-packages/airflow/example_dags/example_inlet_event_extra.py
[2025-03-23T08:20:23.486+0000] {logging_mixin.py:190} INFO - [2025-03-23T08:20:23.486+0000] {dag.py:3239} INFO - Sync 2 DAGs
[2025-03-23T08:20:23.518+0000] {logging_mixin.py:190} INFO - [2025-03-23T08:20:23.518+0000] {dag.py:4180} INFO - Setting next_dagrun for read_dataset_event to 2025-03-22 00:00:00+00:00, run_after=2025-03-23 00:00:00+00:00
[2025-03-23T08:20:23.525+0000] {logging_mixin.py:190} INFO - [2025-03-23T08:20:23.524+0000] {dag.py:4180} INFO - Setting next_dagrun for read_dataset_event_from_classic to 2025-03-22 00:00:00+00:00, run_after=2025-03-23 00:00:00+00:00
[2025-03-23T08:20:23.600+0000] {processor.py:208} INFO - Processing /home/airflow/.local/lib/python3.12/site-packages/airflow/example_dags/example_inlet_event_extra.py took 0.924 seconds
[2025-03-23T08:20:54.331+0000] {processor.py:186} INFO - Started process (PID=1830) to work on /home/airflow/.local/lib/python3.12/site-packages/airflow/example_dags/example_inlet_event_extra.py
[2025-03-23T08:20:54.335+0000] {processor.py:914} INFO - Processing file /home/airflow/.local/lib/python3.12/site-packages/airflow/example_dags/example_inlet_event_extra.py for tasks to queue
[2025-03-23T08:20:54.355+0000] {logging_mixin.py:190} INFO - [2025-03-23T08:20:54.349+0000] {dagbag.py:588} INFO - Filling up the DagBag from /home/airflow/.local/lib/python3.12/site-packages/airflow/example_dags/example_inlet_event_extra.py
[2025-03-23T08:20:58.685+0000] {processor.py:925} INFO - DAG(s) 'read_dataset_event_from_classic', 'read_dataset_event' retrieved from /home/airflow/.local/lib/python3.12/site-packages/airflow/example_dags/example_inlet_event_extra.py
[2025-03-23T08:20:58.765+0000] {logging_mixin.py:190} INFO - [2025-03-23T08:20:58.764+0000] {dag.py:3239} INFO - Sync 2 DAGs
[2025-03-23T08:20:58.878+0000] {logging_mixin.py:190} INFO - [2025-03-23T08:20:58.878+0000] {dag.py:4180} INFO - Setting next_dagrun for read_dataset_event to 2025-03-22 00:00:00+00:00, run_after=2025-03-23 00:00:00+00:00
[2025-03-23T08:20:58.915+0000] {logging_mixin.py:190} INFO - [2025-03-23T08:20:58.914+0000] {dag.py:4180} INFO - Setting next_dagrun for read_dataset_event_from_classic to 2025-03-22 00:00:00+00:00, run_after=2025-03-23 00:00:00+00:00
[2025-03-23T08:20:59.004+0000] {processor.py:208} INFO - Processing /home/airflow/.local/lib/python3.12/site-packages/airflow/example_dags/example_inlet_event_extra.py took 4.753 seconds
[2025-03-23T08:24:58.537+0000] {processor.py:186} INFO - Started process (PID=105) to work on /home/airflow/.local/lib/python3.12/site-packages/airflow/example_dags/example_inlet_event_extra.py
[2025-03-23T08:24:58.638+0000] {processor.py:914} INFO - Processing file /home/airflow/.local/lib/python3.12/site-packages/airflow/example_dags/example_inlet_event_extra.py for tasks to queue
[2025-03-23T08:24:58.643+0000] {logging_mixin.py:190} INFO - [2025-03-23T08:24:58.642+0000] {dagbag.py:588} INFO - Filling up the DagBag from /home/airflow/.local/lib/python3.12/site-packages/airflow/example_dags/example_inlet_event_extra.py
[2025-03-23T08:24:59.480+0000] {processor.py:925} INFO - DAG(s) 'read_dataset_event', 'read_dataset_event_from_classic' retrieved from /home/airflow/.local/lib/python3.12/site-packages/airflow/example_dags/example_inlet_event_extra.py
[2025-03-23T08:24:59.514+0000] {logging_mixin.py:190} INFO - [2025-03-23T08:24:59.514+0000] {dag.py:3239} INFO - Sync 2 DAGs
[2025-03-23T08:24:59.544+0000] {logging_mixin.py:190} INFO - [2025-03-23T08:24:59.544+0000] {dag.py:4180} INFO - Setting next_dagrun for read_dataset_event to 2025-03-22 00:00:00+00:00, run_after=2025-03-23 00:00:00+00:00
[2025-03-23T08:24:59.551+0000] {logging_mixin.py:190} INFO - [2025-03-23T08:24:59.551+0000] {dag.py:4180} INFO - Setting next_dagrun for read_dataset_event_from_classic to 2025-03-22 00:00:00+00:00, run_after=2025-03-23 00:00:00+00:00
[2025-03-23T08:24:59.939+0000] {processor.py:208} INFO - Processing /home/airflow/.local/lib/python3.12/site-packages/airflow/example_dags/example_inlet_event_extra.py took 1.415 seconds
[2025-03-23T08:26:36.317+0000] {processor.py:186} INFO - Started process (PID=94) to work on /home/airflow/.local/lib/python3.12/site-packages/airflow/example_dags/example_inlet_event_extra.py
[2025-03-23T08:26:36.318+0000] {processor.py:914} INFO - Processing file /home/airflow/.local/lib/python3.12/site-packages/airflow/example_dags/example_inlet_event_extra.py for tasks to queue
[2025-03-23T08:26:36.322+0000] {logging_mixin.py:190} INFO - [2025-03-23T08:26:36.321+0000] {dagbag.py:588} INFO - Filling up the DagBag from /home/airflow/.local/lib/python3.12/site-packages/airflow/example_dags/example_inlet_event_extra.py
[2025-03-23T08:26:37.324+0000] {processor.py:925} INFO - DAG(s) 'read_dataset_event_from_classic', 'read_dataset_event' retrieved from /home/airflow/.local/lib/python3.12/site-packages/airflow/example_dags/example_inlet_event_extra.py
[2025-03-23T08:26:37.385+0000] {logging_mixin.py:190} INFO - [2025-03-23T08:26:37.384+0000] {dag.py:3239} INFO - Sync 2 DAGs
[2025-03-23T08:26:37.447+0000] {logging_mixin.py:190} INFO - [2025-03-23T08:26:37.446+0000] {dag.py:4180} INFO - Setting next_dagrun for read_dataset_event to 2025-03-22 00:00:00+00:00, run_after=2025-03-23 00:00:00+00:00
[2025-03-23T08:26:37.463+0000] {logging_mixin.py:190} INFO - [2025-03-23T08:26:37.463+0000] {dag.py:4180} INFO - Setting next_dagrun for read_dataset_event_from_classic to 2025-03-22 00:00:00+00:00, run_after=2025-03-23 00:00:00+00:00
[2025-03-23T08:26:37.604+0000] {processor.py:208} INFO - Processing /home/airflow/.local/lib/python3.12/site-packages/airflow/example_dags/example_inlet_event_extra.py took 1.295 seconds
[2025-03-23T08:27:07.962+0000] {processor.py:186} INFO - Started process (PID=159) to work on /home/airflow/.local/lib/python3.12/site-packages/airflow/example_dags/example_inlet_event_extra.py
[2025-03-23T08:27:07.964+0000] {processor.py:914} INFO - Processing file /home/airflow/.local/lib/python3.12/site-packages/airflow/example_dags/example_inlet_event_extra.py for tasks to queue
[2025-03-23T08:27:07.969+0000] {logging_mixin.py:190} INFO - [2025-03-23T08:27:07.968+0000] {dagbag.py:588} INFO - Filling up the DagBag from /home/airflow/.local/lib/python3.12/site-packages/airflow/example_dags/example_inlet_event_extra.py
[2025-03-23T08:27:08.871+0000] {processor.py:925} INFO - DAG(s) 'read_dataset_event', 'read_dataset_event_from_classic' retrieved from /home/airflow/.local/lib/python3.12/site-packages/airflow/example_dags/example_inlet_event_extra.py
[2025-03-23T08:27:08.903+0000] {logging_mixin.py:190} INFO - [2025-03-23T08:27:08.902+0000] {dag.py:3239} INFO - Sync 2 DAGs
[2025-03-23T08:27:08.941+0000] {logging_mixin.py:190} INFO - [2025-03-23T08:27:08.941+0000] {dag.py:4180} INFO - Setting next_dagrun for read_dataset_event to 2025-03-22 00:00:00+00:00, run_after=2025-03-23 00:00:00+00:00
[2025-03-23T08:27:08.950+0000] {logging_mixin.py:190} INFO - [2025-03-23T08:27:08.950+0000] {dag.py:4180} INFO - Setting next_dagrun for read_dataset_event_from_classic to 2025-03-22 00:00:00+00:00, run_after=2025-03-23 00:00:00+00:00
[2025-03-23T08:27:09.121+0000] {processor.py:208} INFO - Processing /home/airflow/.local/lib/python3.12/site-packages/airflow/example_dags/example_inlet_event_extra.py took 1.169 seconds
[2025-03-23T08:27:39.524+0000] {processor.py:186} INFO - Started process (PID=224) to work on /home/airflow/.local/lib/python3.12/site-packages/airflow/example_dags/example_inlet_event_extra.py
[2025-03-23T08:27:39.540+0000] {processor.py:914} INFO - Processing file /home/airflow/.local/lib/python3.12/site-packages/airflow/example_dags/example_inlet_event_extra.py for tasks to queue
[2025-03-23T08:27:39.544+0000] {logging_mixin.py:190} INFO - [2025-03-23T08:27:39.543+0000] {dagbag.py:588} INFO - Filling up the DagBag from /home/airflow/.local/lib/python3.12/site-packages/airflow/example_dags/example_inlet_event_extra.py
[2025-03-23T08:27:40.868+0000] {processor.py:925} INFO - DAG(s) 'read_dataset_event', 'read_dataset_event_from_classic' retrieved from /home/airflow/.local/lib/python3.12/site-packages/airflow/example_dags/example_inlet_event_extra.py
[2025-03-23T08:27:40.901+0000] {logging_mixin.py:190} INFO - [2025-03-23T08:27:40.901+0000] {dag.py:3239} INFO - Sync 2 DAGs
[2025-03-23T08:27:40.940+0000] {logging_mixin.py:190} INFO - [2025-03-23T08:27:40.940+0000] {dag.py:4180} INFO - Setting next_dagrun for read_dataset_event to 2025-03-22 00:00:00+00:00, run_after=2025-03-23 00:00:00+00:00
[2025-03-23T08:27:40.953+0000] {logging_mixin.py:190} INFO - [2025-03-23T08:27:40.953+0000] {dag.py:4180} INFO - Setting next_dagrun for read_dataset_event_from_classic to 2025-03-22 00:00:00+00:00, run_after=2025-03-23 00:00:00+00:00
[2025-03-23T08:27:41.042+0000] {processor.py:208} INFO - Processing /home/airflow/.local/lib/python3.12/site-packages/airflow/example_dags/example_inlet_event_extra.py took 1.527 seconds
[2025-03-23T08:28:11.387+0000] {processor.py:186} INFO - Started process (PID=291) to work on /home/airflow/.local/lib/python3.12/site-packages/airflow/example_dags/example_inlet_event_extra.py
[2025-03-23T08:28:11.388+0000] {processor.py:914} INFO - Processing file /home/airflow/.local/lib/python3.12/site-packages/airflow/example_dags/example_inlet_event_extra.py for tasks to queue
[2025-03-23T08:28:11.393+0000] {logging_mixin.py:190} INFO - [2025-03-23T08:28:11.392+0000] {dagbag.py:588} INFO - Filling up the DagBag from /home/airflow/.local/lib/python3.12/site-packages/airflow/example_dags/example_inlet_event_extra.py
[2025-03-23T08:28:12.182+0000] {processor.py:925} INFO - DAG(s) 'read_dataset_event_from_classic', 'read_dataset_event' retrieved from /home/airflow/.local/lib/python3.12/site-packages/airflow/example_dags/example_inlet_event_extra.py
[2025-03-23T08:28:12.215+0000] {logging_mixin.py:190} INFO - [2025-03-23T08:28:12.214+0000] {dag.py:3239} INFO - Sync 2 DAGs
[2025-03-23T08:28:12.245+0000] {logging_mixin.py:190} INFO - [2025-03-23T08:28:12.245+0000] {dag.py:4180} INFO - Setting next_dagrun for read_dataset_event to 2025-03-22 00:00:00+00:00, run_after=2025-03-23 00:00:00+00:00
[2025-03-23T08:28:12.251+0000] {logging_mixin.py:190} INFO - [2025-03-23T08:28:12.251+0000] {dag.py:4180} INFO - Setting next_dagrun for read_dataset_event_from_classic to 2025-03-22 00:00:00+00:00, run_after=2025-03-23 00:00:00+00:00
[2025-03-23T08:28:12.307+0000] {processor.py:208} INFO - Processing /home/airflow/.local/lib/python3.12/site-packages/airflow/example_dags/example_inlet_event_extra.py took 0.929 seconds
[2025-03-23T08:28:42.440+0000] {processor.py:186} INFO - Started process (PID=355) to work on /home/airflow/.local/lib/python3.12/site-packages/airflow/example_dags/example_inlet_event_extra.py
[2025-03-23T08:28:42.442+0000] {processor.py:914} INFO - Processing file /home/airflow/.local/lib/python3.12/site-packages/airflow/example_dags/example_inlet_event_extra.py for tasks to queue
[2025-03-23T08:28:42.445+0000] {logging_mixin.py:190} INFO - [2025-03-23T08:28:42.444+0000] {dagbag.py:588} INFO - Filling up the DagBag from /home/airflow/.local/lib/python3.12/site-packages/airflow/example_dags/example_inlet_event_extra.py
[2025-03-23T08:28:43.258+0000] {processor.py:925} INFO - DAG(s) 'read_dataset_event_from_classic', 'read_dataset_event' retrieved from /home/airflow/.local/lib/python3.12/site-packages/airflow/example_dags/example_inlet_event_extra.py
[2025-03-23T08:28:43.285+0000] {logging_mixin.py:190} INFO - [2025-03-23T08:28:43.284+0000] {dag.py:3239} INFO - Sync 2 DAGs
[2025-03-23T08:28:43.324+0000] {logging_mixin.py:190} INFO - [2025-03-23T08:28:43.324+0000] {dag.py:4180} INFO - Setting next_dagrun for read_dataset_event to 2025-03-22 00:00:00+00:00, run_after=2025-03-23 00:00:00+00:00
[2025-03-23T08:28:43.331+0000] {logging_mixin.py:190} INFO - [2025-03-23T08:28:43.330+0000] {dag.py:4180} INFO - Setting next_dagrun for read_dataset_event_from_classic to 2025-03-22 00:00:00+00:00, run_after=2025-03-23 00:00:00+00:00
[2025-03-23T08:28:43.399+0000] {processor.py:208} INFO - Processing /home/airflow/.local/lib/python3.12/site-packages/airflow/example_dags/example_inlet_event_extra.py took 0.965 seconds
[2025-03-23T08:29:14.048+0000] {processor.py:186} INFO - Started process (PID=420) to work on /home/airflow/.local/lib/python3.12/site-packages/airflow/example_dags/example_inlet_event_extra.py
[2025-03-23T08:29:14.049+0000] {processor.py:914} INFO - Processing file /home/airflow/.local/lib/python3.12/site-packages/airflow/example_dags/example_inlet_event_extra.py for tasks to queue
[2025-03-23T08:29:14.054+0000] {logging_mixin.py:190} INFO - [2025-03-23T08:29:14.053+0000] {dagbag.py:588} INFO - Filling up the DagBag from /home/airflow/.local/lib/python3.12/site-packages/airflow/example_dags/example_inlet_event_extra.py
[2025-03-23T08:29:15.147+0000] {processor.py:925} INFO - DAG(s) 'read_dataset_event', 'read_dataset_event_from_classic' retrieved from /home/airflow/.local/lib/python3.12/site-packages/airflow/example_dags/example_inlet_event_extra.py
[2025-03-23T08:29:15.185+0000] {logging_mixin.py:190} INFO - [2025-03-23T08:29:15.184+0000] {dag.py:3239} INFO - Sync 2 DAGs
[2025-03-23T08:29:15.238+0000] {logging_mixin.py:190} INFO - [2025-03-23T08:29:15.238+0000] {dag.py:4180} INFO - Setting next_dagrun for read_dataset_event to 2025-03-22 00:00:00+00:00, run_after=2025-03-23 00:00:00+00:00
[2025-03-23T08:29:15.247+0000] {logging_mixin.py:190} INFO - [2025-03-23T08:29:15.247+0000] {dag.py:4180} INFO - Setting next_dagrun for read_dataset_event_from_classic to 2025-03-22 00:00:00+00:00, run_after=2025-03-23 00:00:00+00:00
[2025-03-23T08:29:15.315+0000] {processor.py:208} INFO - Processing /home/airflow/.local/lib/python3.12/site-packages/airflow/example_dags/example_inlet_event_extra.py took 1.281 seconds
[2025-03-23T08:29:45.620+0000] {processor.py:186} INFO - Started process (PID=484) to work on /home/airflow/.local/lib/python3.12/site-packages/airflow/example_dags/example_inlet_event_extra.py
[2025-03-23T08:29:45.621+0000] {processor.py:914} INFO - Processing file /home/airflow/.local/lib/python3.12/site-packages/airflow/example_dags/example_inlet_event_extra.py for tasks to queue
[2025-03-23T08:29:45.624+0000] {logging_mixin.py:190} INFO - [2025-03-23T08:29:45.624+0000] {dagbag.py:588} INFO - Filling up the DagBag from /home/airflow/.local/lib/python3.12/site-packages/airflow/example_dags/example_inlet_event_extra.py
[2025-03-23T08:29:46.448+0000] {processor.py:925} INFO - DAG(s) 'read_dataset_event', 'read_dataset_event_from_classic' retrieved from /home/airflow/.local/lib/python3.12/site-packages/airflow/example_dags/example_inlet_event_extra.py
[2025-03-23T08:29:46.474+0000] {logging_mixin.py:190} INFO - [2025-03-23T08:29:46.473+0000] {dag.py:3239} INFO - Sync 2 DAGs
[2025-03-23T08:29:46.534+0000] {logging_mixin.py:190} INFO - [2025-03-23T08:29:46.533+0000] {dag.py:4180} INFO - Setting next_dagrun for read_dataset_event to 2025-03-22 00:00:00+00:00, run_after=2025-03-23 00:00:00+00:00
[2025-03-23T08:29:46.552+0000] {logging_mixin.py:190} INFO - [2025-03-23T08:29:46.551+0000] {dag.py:4180} INFO - Setting next_dagrun for read_dataset_event_from_classic to 2025-03-22 00:00:00+00:00, run_after=2025-03-23 00:00:00+00:00
[2025-03-23T08:29:46.667+0000] {processor.py:208} INFO - Processing /home/airflow/.local/lib/python3.12/site-packages/airflow/example_dags/example_inlet_event_extra.py took 1.055 seconds
