[2025-03-23T08:07:14.830+0000] {processor.py:186} INFO - Started process (PID=124) to work on /home/airflow/.local/lib/python3.12/site-packages/airflow/example_dags/example_display_name.py
[2025-03-23T08:07:14.831+0000] {processor.py:914} INFO - Processing file /home/airflow/.local/lib/python3.12/site-packages/airflow/example_dags/example_display_name.py for tasks to queue
[2025-03-23T08:07:14.835+0000] {logging_mixin.py:190} INFO - [2025-03-23T08:07:14.835+0000] {dagbag.py:588} INFO - Filling up the DagBag from /home/airflow/.local/lib/python3.12/site-packages/airflow/example_dags/example_display_name.py
[2025-03-23T08:07:14.870+0000] {processor.py:925} INFO - DAG(s) 'example_display_name' retrieved from /home/airflow/.local/lib/python3.12/site-packages/airflow/example_dags/example_display_name.py
[2025-03-23T08:07:15.279+0000] {logging_mixin.py:190} INFO - [2025-03-23T08:07:15.278+0000] {override.py:1911} INFO - Created Permission View: can edit on DAG:example_display_name
[2025-03-23T08:07:15.334+0000] {logging_mixin.py:190} INFO - [2025-03-23T08:07:15.334+0000] {override.py:1911} INFO - Created Permission View: can delete on DAG:example_display_name
[2025-03-23T08:07:15.390+0000] {logging_mixin.py:190} INFO - [2025-03-23T08:07:15.390+0000] {override.py:1911} INFO - Created Permission View: can read on DAG:example_display_name
[2025-03-23T08:07:15.574+0000] {logging_mixin.py:190} INFO - [2025-03-23T08:07:15.574+0000] {override.py:1911} INFO - Created Permission View: menu access on DAG Run:example_display_name
[2025-03-23T08:07:15.623+0000] {logging_mixin.py:190} INFO - [2025-03-23T08:07:15.623+0000] {override.py:1911} INFO - Created Permission View: can create on DAG Run:example_display_name
[2025-03-23T08:07:15.668+0000] {logging_mixin.py:190} INFO - [2025-03-23T08:07:15.667+0000] {override.py:1911} INFO - Created Permission View: can read on DAG Run:example_display_name
[2025-03-23T08:07:15.723+0000] {logging_mixin.py:190} INFO - [2025-03-23T08:07:15.723+0000] {override.py:1911} INFO - Created Permission View: can delete on DAG Run:example_display_name
[2025-03-23T08:07:15.725+0000] {logging_mixin.py:190} INFO - [2025-03-23T08:07:15.724+0000] {dag.py:3239} INFO - Sync 1 DAGs
[2025-03-23T08:07:15.767+0000] {logging_mixin.py:190} INFO - [2025-03-23T08:07:15.767+0000] {dag.py:3262} INFO - Creating ORM DAG for example_display_name
[2025-03-23T08:07:15.770+0000] {logging_mixin.py:190} INFO - [2025-03-23T08:07:15.770+0000] {dag.py:4180} INFO - Setting next_dagrun for example_display_name to None, run_after=None
[2025-03-23T08:07:15.847+0000] {processor.py:208} INFO - Processing /home/airflow/.local/lib/python3.12/site-packages/airflow/example_dags/example_display_name.py took 1.027 seconds
[2025-03-23T08:07:49.922+0000] {processor.py:186} INFO - Started process (PID=188) to work on /home/airflow/.local/lib/python3.12/site-packages/airflow/example_dags/example_display_name.py
[2025-03-23T08:07:49.924+0000] {processor.py:914} INFO - Processing file /home/airflow/.local/lib/python3.12/site-packages/airflow/example_dags/example_display_name.py for tasks to queue
[2025-03-23T08:07:49.927+0000] {logging_mixin.py:190} INFO - [2025-03-23T08:07:49.926+0000] {dagbag.py:588} INFO - Filling up the DagBag from /home/airflow/.local/lib/python3.12/site-packages/airflow/example_dags/example_display_name.py
[2025-03-23T08:07:49.939+0000] {processor.py:925} INFO - DAG(s) 'example_display_name' retrieved from /home/airflow/.local/lib/python3.12/site-packages/airflow/example_dags/example_display_name.py
[2025-03-23T08:07:49.964+0000] {logging_mixin.py:190} INFO - [2025-03-23T08:07:49.963+0000] {dag.py:3239} INFO - Sync 1 DAGs
[2025-03-23T08:07:49.991+0000] {logging_mixin.py:190} INFO - [2025-03-23T08:07:49.991+0000] {dag.py:4180} INFO - Setting next_dagrun for example_display_name to None, run_after=None
[2025-03-23T08:07:50.067+0000] {processor.py:208} INFO - Processing /home/airflow/.local/lib/python3.12/site-packages/airflow/example_dags/example_display_name.py took 0.156 seconds
[2025-03-23T08:08:20.327+0000] {processor.py:186} INFO - Started process (PID=252) to work on /home/airflow/.local/lib/python3.12/site-packages/airflow/example_dags/example_display_name.py
[2025-03-23T08:08:20.329+0000] {processor.py:914} INFO - Processing file /home/airflow/.local/lib/python3.12/site-packages/airflow/example_dags/example_display_name.py for tasks to queue
[2025-03-23T08:08:20.332+0000] {logging_mixin.py:190} INFO - [2025-03-23T08:08:20.331+0000] {dagbag.py:588} INFO - Filling up the DagBag from /home/airflow/.local/lib/python3.12/site-packages/airflow/example_dags/example_display_name.py
[2025-03-23T08:08:20.345+0000] {processor.py:925} INFO - DAG(s) 'example_display_name' retrieved from /home/airflow/.local/lib/python3.12/site-packages/airflow/example_dags/example_display_name.py
[2025-03-23T08:08:20.375+0000] {logging_mixin.py:190} INFO - [2025-03-23T08:08:20.375+0000] {dag.py:3239} INFO - Sync 1 DAGs
[2025-03-23T08:08:20.404+0000] {logging_mixin.py:190} INFO - [2025-03-23T08:08:20.404+0000] {dag.py:4180} INFO - Setting next_dagrun for example_display_name to None, run_after=None
[2025-03-23T08:08:20.555+0000] {processor.py:208} INFO - Processing /home/airflow/.local/lib/python3.12/site-packages/airflow/example_dags/example_display_name.py took 0.237 seconds
[2025-03-23T08:08:50.854+0000] {processor.py:186} INFO - Started process (PID=315) to work on /home/airflow/.local/lib/python3.12/site-packages/airflow/example_dags/example_display_name.py
[2025-03-23T08:08:50.855+0000] {processor.py:914} INFO - Processing file /home/airflow/.local/lib/python3.12/site-packages/airflow/example_dags/example_display_name.py for tasks to queue
[2025-03-23T08:08:50.859+0000] {logging_mixin.py:190} INFO - [2025-03-23T08:08:50.859+0000] {dagbag.py:588} INFO - Filling up the DagBag from /home/airflow/.local/lib/python3.12/site-packages/airflow/example_dags/example_display_name.py
[2025-03-23T08:08:50.876+0000] {processor.py:925} INFO - DAG(s) 'example_display_name' retrieved from /home/airflow/.local/lib/python3.12/site-packages/airflow/example_dags/example_display_name.py
[2025-03-23T08:08:50.911+0000] {logging_mixin.py:190} INFO - [2025-03-23T08:08:50.910+0000] {dag.py:3239} INFO - Sync 1 DAGs
[2025-03-23T08:08:50.940+0000] {logging_mixin.py:190} INFO - [2025-03-23T08:08:50.940+0000] {dag.py:4180} INFO - Setting next_dagrun for example_display_name to None, run_after=None
[2025-03-23T08:08:50.992+0000] {processor.py:208} INFO - Processing /home/airflow/.local/lib/python3.12/site-packages/airflow/example_dags/example_display_name.py took 0.149 seconds
[2025-03-23T08:09:21.151+0000] {processor.py:186} INFO - Started process (PID=377) to work on /home/airflow/.local/lib/python3.12/site-packages/airflow/example_dags/example_display_name.py
[2025-03-23T08:09:21.152+0000] {processor.py:914} INFO - Processing file /home/airflow/.local/lib/python3.12/site-packages/airflow/example_dags/example_display_name.py for tasks to queue
[2025-03-23T08:09:21.156+0000] {logging_mixin.py:190} INFO - [2025-03-23T08:09:21.155+0000] {dagbag.py:588} INFO - Filling up the DagBag from /home/airflow/.local/lib/python3.12/site-packages/airflow/example_dags/example_display_name.py
[2025-03-23T08:09:21.166+0000] {processor.py:925} INFO - DAG(s) 'example_display_name' retrieved from /home/airflow/.local/lib/python3.12/site-packages/airflow/example_dags/example_display_name.py
[2025-03-23T08:09:21.192+0000] {logging_mixin.py:190} INFO - [2025-03-23T08:09:21.191+0000] {dag.py:3239} INFO - Sync 1 DAGs
[2025-03-23T08:09:21.214+0000] {logging_mixin.py:190} INFO - [2025-03-23T08:09:21.214+0000] {dag.py:4180} INFO - Setting next_dagrun for example_display_name to None, run_after=None
[2025-03-23T08:09:21.531+0000] {processor.py:208} INFO - Processing /home/airflow/.local/lib/python3.12/site-packages/airflow/example_dags/example_display_name.py took 0.387 seconds
[2025-03-23T08:09:51.926+0000] {processor.py:186} INFO - Started process (PID=440) to work on /home/airflow/.local/lib/python3.12/site-packages/airflow/example_dags/example_display_name.py
[2025-03-23T08:09:51.930+0000] {processor.py:914} INFO - Processing file /home/airflow/.local/lib/python3.12/site-packages/airflow/example_dags/example_display_name.py for tasks to queue
[2025-03-23T08:09:51.937+0000] {logging_mixin.py:190} INFO - [2025-03-23T08:09:51.936+0000] {dagbag.py:588} INFO - Filling up the DagBag from /home/airflow/.local/lib/python3.12/site-packages/airflow/example_dags/example_display_name.py
[2025-03-23T08:09:51.952+0000] {processor.py:925} INFO - DAG(s) 'example_display_name' retrieved from /home/airflow/.local/lib/python3.12/site-packages/airflow/example_dags/example_display_name.py
[2025-03-23T08:09:51.987+0000] {logging_mixin.py:190} INFO - [2025-03-23T08:09:51.987+0000] {dag.py:3239} INFO - Sync 1 DAGs
[2025-03-23T08:09:52.009+0000] {logging_mixin.py:190} INFO - [2025-03-23T08:09:52.009+0000] {dag.py:4180} INFO - Setting next_dagrun for example_display_name to None, run_after=None
[2025-03-23T08:09:52.461+0000] {processor.py:208} INFO - Processing /home/airflow/.local/lib/python3.12/site-packages/airflow/example_dags/example_display_name.py took 0.550 seconds
[2025-03-23T08:10:23.309+0000] {processor.py:186} INFO - Started process (PID=505) to work on /home/airflow/.local/lib/python3.12/site-packages/airflow/example_dags/example_display_name.py
[2025-03-23T08:10:23.310+0000] {processor.py:914} INFO - Processing file /home/airflow/.local/lib/python3.12/site-packages/airflow/example_dags/example_display_name.py for tasks to queue
[2025-03-23T08:10:23.314+0000] {logging_mixin.py:190} INFO - [2025-03-23T08:10:23.313+0000] {dagbag.py:588} INFO - Filling up the DagBag from /home/airflow/.local/lib/python3.12/site-packages/airflow/example_dags/example_display_name.py
[2025-03-23T08:10:23.327+0000] {processor.py:925} INFO - DAG(s) 'example_display_name' retrieved from /home/airflow/.local/lib/python3.12/site-packages/airflow/example_dags/example_display_name.py
[2025-03-23T08:10:23.354+0000] {logging_mixin.py:190} INFO - [2025-03-23T08:10:23.353+0000] {dag.py:3239} INFO - Sync 1 DAGs
[2025-03-23T08:10:23.375+0000] {logging_mixin.py:190} INFO - [2025-03-23T08:10:23.375+0000] {dag.py:4180} INFO - Setting next_dagrun for example_display_name to None, run_after=None
[2025-03-23T08:10:23.425+0000] {processor.py:208} INFO - Processing /home/airflow/.local/lib/python3.12/site-packages/airflow/example_dags/example_display_name.py took 0.126 seconds
[2025-03-23T08:10:54.088+0000] {processor.py:186} INFO - Started process (PID=575) to work on /home/airflow/.local/lib/python3.12/site-packages/airflow/example_dags/example_display_name.py
[2025-03-23T08:10:54.089+0000] {processor.py:914} INFO - Processing file /home/airflow/.local/lib/python3.12/site-packages/airflow/example_dags/example_display_name.py for tasks to queue
[2025-03-23T08:10:54.094+0000] {logging_mixin.py:190} INFO - [2025-03-23T08:10:54.093+0000] {dagbag.py:588} INFO - Filling up the DagBag from /home/airflow/.local/lib/python3.12/site-packages/airflow/example_dags/example_display_name.py
[2025-03-23T08:10:54.106+0000] {processor.py:925} INFO - DAG(s) 'example_display_name' retrieved from /home/airflow/.local/lib/python3.12/site-packages/airflow/example_dags/example_display_name.py
[2025-03-23T08:10:54.137+0000] {logging_mixin.py:190} INFO - [2025-03-23T08:10:54.137+0000] {dag.py:3239} INFO - Sync 1 DAGs
[2025-03-23T08:10:54.159+0000] {logging_mixin.py:190} INFO - [2025-03-23T08:10:54.159+0000] {dag.py:4180} INFO - Setting next_dagrun for example_display_name to None, run_after=None
[2025-03-23T08:10:54.218+0000] {processor.py:208} INFO - Processing /home/airflow/.local/lib/python3.12/site-packages/airflow/example_dags/example_display_name.py took 0.139 seconds
[2025-03-23T08:11:24.595+0000] {processor.py:186} INFO - Started process (PID=639) to work on /home/airflow/.local/lib/python3.12/site-packages/airflow/example_dags/example_display_name.py
[2025-03-23T08:11:24.597+0000] {processor.py:914} INFO - Processing file /home/airflow/.local/lib/python3.12/site-packages/airflow/example_dags/example_display_name.py for tasks to queue
[2025-03-23T08:11:24.605+0000] {logging_mixin.py:190} INFO - [2025-03-23T08:11:24.604+0000] {dagbag.py:588} INFO - Filling up the DagBag from /home/airflow/.local/lib/python3.12/site-packages/airflow/example_dags/example_display_name.py
[2025-03-23T08:11:24.623+0000] {processor.py:925} INFO - DAG(s) 'example_display_name' retrieved from /home/airflow/.local/lib/python3.12/site-packages/airflow/example_dags/example_display_name.py
[2025-03-23T08:11:24.668+0000] {logging_mixin.py:190} INFO - [2025-03-23T08:11:24.667+0000] {dag.py:3239} INFO - Sync 1 DAGs
[2025-03-23T08:11:24.726+0000] {logging_mixin.py:190} INFO - [2025-03-23T08:11:24.726+0000] {dag.py:4180} INFO - Setting next_dagrun for example_display_name to None, run_after=None
[2025-03-23T08:11:24.801+0000] {processor.py:208} INFO - Processing /home/airflow/.local/lib/python3.12/site-packages/airflow/example_dags/example_display_name.py took 0.220 seconds
[2025-03-23T08:11:54.930+0000] {processor.py:186} INFO - Started process (PID=703) to work on /home/airflow/.local/lib/python3.12/site-packages/airflow/example_dags/example_display_name.py
[2025-03-23T08:11:54.931+0000] {processor.py:914} INFO - Processing file /home/airflow/.local/lib/python3.12/site-packages/airflow/example_dags/example_display_name.py for tasks to queue
[2025-03-23T08:11:54.935+0000] {logging_mixin.py:190} INFO - [2025-03-23T08:11:54.935+0000] {dagbag.py:588} INFO - Filling up the DagBag from /home/airflow/.local/lib/python3.12/site-packages/airflow/example_dags/example_display_name.py
[2025-03-23T08:11:54.947+0000] {processor.py:925} INFO - DAG(s) 'example_display_name' retrieved from /home/airflow/.local/lib/python3.12/site-packages/airflow/example_dags/example_display_name.py
[2025-03-23T08:11:54.973+0000] {logging_mixin.py:190} INFO - [2025-03-23T08:11:54.972+0000] {dag.py:3239} INFO - Sync 1 DAGs
[2025-03-23T08:11:55.000+0000] {logging_mixin.py:190} INFO - [2025-03-23T08:11:54.999+0000] {dag.py:4180} INFO - Setting next_dagrun for example_display_name to None, run_after=None
[2025-03-23T08:11:55.064+0000] {processor.py:208} INFO - Processing /home/airflow/.local/lib/python3.12/site-packages/airflow/example_dags/example_display_name.py took 0.145 seconds
[2025-03-23T08:12:25.258+0000] {processor.py:186} INFO - Started process (PID=767) to work on /home/airflow/.local/lib/python3.12/site-packages/airflow/example_dags/example_display_name.py
[2025-03-23T08:12:25.259+0000] {processor.py:914} INFO - Processing file /home/airflow/.local/lib/python3.12/site-packages/airflow/example_dags/example_display_name.py for tasks to queue
[2025-03-23T08:12:25.263+0000] {logging_mixin.py:190} INFO - [2025-03-23T08:12:25.262+0000] {dagbag.py:588} INFO - Filling up the DagBag from /home/airflow/.local/lib/python3.12/site-packages/airflow/example_dags/example_display_name.py
[2025-03-23T08:12:25.278+0000] {processor.py:925} INFO - DAG(s) 'example_display_name' retrieved from /home/airflow/.local/lib/python3.12/site-packages/airflow/example_dags/example_display_name.py
[2025-03-23T08:12:25.311+0000] {logging_mixin.py:190} INFO - [2025-03-23T08:12:25.311+0000] {dag.py:3239} INFO - Sync 1 DAGs
[2025-03-23T08:12:25.340+0000] {logging_mixin.py:190} INFO - [2025-03-23T08:12:25.340+0000] {dag.py:4180} INFO - Setting next_dagrun for example_display_name to None, run_after=None
[2025-03-23T08:12:25.406+0000] {processor.py:208} INFO - Processing /home/airflow/.local/lib/python3.12/site-packages/airflow/example_dags/example_display_name.py took 0.156 seconds
[2025-03-23T08:12:55.643+0000] {processor.py:186} INFO - Started process (PID=831) to work on /home/airflow/.local/lib/python3.12/site-packages/airflow/example_dags/example_display_name.py
[2025-03-23T08:12:55.645+0000] {processor.py:914} INFO - Processing file /home/airflow/.local/lib/python3.12/site-packages/airflow/example_dags/example_display_name.py for tasks to queue
[2025-03-23T08:12:55.649+0000] {logging_mixin.py:190} INFO - [2025-03-23T08:12:55.648+0000] {dagbag.py:588} INFO - Filling up the DagBag from /home/airflow/.local/lib/python3.12/site-packages/airflow/example_dags/example_display_name.py
[2025-03-23T08:12:55.658+0000] {processor.py:925} INFO - DAG(s) 'example_display_name' retrieved from /home/airflow/.local/lib/python3.12/site-packages/airflow/example_dags/example_display_name.py
[2025-03-23T08:12:55.683+0000] {logging_mixin.py:190} INFO - [2025-03-23T08:12:55.683+0000] {dag.py:3239} INFO - Sync 1 DAGs
[2025-03-23T08:12:55.700+0000] {logging_mixin.py:190} INFO - [2025-03-23T08:12:55.700+0000] {dag.py:4180} INFO - Setting next_dagrun for example_display_name to None, run_after=None
[2025-03-23T08:12:55.788+0000] {processor.py:208} INFO - Processing /home/airflow/.local/lib/python3.12/site-packages/airflow/example_dags/example_display_name.py took 0.153 seconds
[2025-03-23T08:13:25.917+0000] {processor.py:186} INFO - Started process (PID=895) to work on /home/airflow/.local/lib/python3.12/site-packages/airflow/example_dags/example_display_name.py
[2025-03-23T08:13:25.918+0000] {processor.py:914} INFO - Processing file /home/airflow/.local/lib/python3.12/site-packages/airflow/example_dags/example_display_name.py for tasks to queue
[2025-03-23T08:13:25.922+0000] {logging_mixin.py:190} INFO - [2025-03-23T08:13:25.921+0000] {dagbag.py:588} INFO - Filling up the DagBag from /home/airflow/.local/lib/python3.12/site-packages/airflow/example_dags/example_display_name.py
[2025-03-23T08:13:25.933+0000] {processor.py:925} INFO - DAG(s) 'example_display_name' retrieved from /home/airflow/.local/lib/python3.12/site-packages/airflow/example_dags/example_display_name.py
[2025-03-23T08:13:25.984+0000] {logging_mixin.py:190} INFO - [2025-03-23T08:13:25.984+0000] {dag.py:3239} INFO - Sync 1 DAGs
[2025-03-23T08:13:26.003+0000] {logging_mixin.py:190} INFO - [2025-03-23T08:13:26.002+0000] {dag.py:4180} INFO - Setting next_dagrun for example_display_name to None, run_after=None
[2025-03-23T08:13:26.067+0000] {processor.py:208} INFO - Processing /home/airflow/.local/lib/python3.12/site-packages/airflow/example_dags/example_display_name.py took 0.157 seconds
[2025-03-23T08:13:56.772+0000] {processor.py:186} INFO - Started process (PID=959) to work on /home/airflow/.local/lib/python3.12/site-packages/airflow/example_dags/example_display_name.py
[2025-03-23T08:13:56.773+0000] {processor.py:914} INFO - Processing file /home/airflow/.local/lib/python3.12/site-packages/airflow/example_dags/example_display_name.py for tasks to queue
[2025-03-23T08:13:56.776+0000] {logging_mixin.py:190} INFO - [2025-03-23T08:13:56.776+0000] {dagbag.py:588} INFO - Filling up the DagBag from /home/airflow/.local/lib/python3.12/site-packages/airflow/example_dags/example_display_name.py
[2025-03-23T08:13:56.787+0000] {processor.py:925} INFO - DAG(s) 'example_display_name' retrieved from /home/airflow/.local/lib/python3.12/site-packages/airflow/example_dags/example_display_name.py
[2025-03-23T08:13:56.810+0000] {logging_mixin.py:190} INFO - [2025-03-23T08:13:56.810+0000] {dag.py:3239} INFO - Sync 1 DAGs
[2025-03-23T08:13:56.831+0000] {logging_mixin.py:190} INFO - [2025-03-23T08:13:56.831+0000] {dag.py:4180} INFO - Setting next_dagrun for example_display_name to None, run_after=None
[2025-03-23T08:13:56.888+0000] {processor.py:208} INFO - Processing /home/airflow/.local/lib/python3.12/site-packages/airflow/example_dags/example_display_name.py took 0.125 seconds
[2025-03-23T08:14:27.315+0000] {processor.py:186} INFO - Started process (PID=1030) to work on /home/airflow/.local/lib/python3.12/site-packages/airflow/example_dags/example_display_name.py
[2025-03-23T08:14:27.316+0000] {processor.py:914} INFO - Processing file /home/airflow/.local/lib/python3.12/site-packages/airflow/example_dags/example_display_name.py for tasks to queue
[2025-03-23T08:14:27.319+0000] {logging_mixin.py:190} INFO - [2025-03-23T08:14:27.319+0000] {dagbag.py:588} INFO - Filling up the DagBag from /home/airflow/.local/lib/python3.12/site-packages/airflow/example_dags/example_display_name.py
[2025-03-23T08:14:27.331+0000] {processor.py:925} INFO - DAG(s) 'example_display_name' retrieved from /home/airflow/.local/lib/python3.12/site-packages/airflow/example_dags/example_display_name.py
[2025-03-23T08:14:27.358+0000] {logging_mixin.py:190} INFO - [2025-03-23T08:14:27.358+0000] {dag.py:3239} INFO - Sync 1 DAGs
[2025-03-23T08:14:27.376+0000] {logging_mixin.py:190} INFO - [2025-03-23T08:14:27.375+0000] {dag.py:4180} INFO - Setting next_dagrun for example_display_name to None, run_after=None
[2025-03-23T08:14:27.433+0000] {processor.py:208} INFO - Processing /home/airflow/.local/lib/python3.12/site-packages/airflow/example_dags/example_display_name.py took 0.126 seconds
[2025-03-23T08:14:58.223+0000] {processor.py:186} INFO - Started process (PID=1112) to work on /home/airflow/.local/lib/python3.12/site-packages/airflow/example_dags/example_display_name.py
[2025-03-23T08:14:58.225+0000] {processor.py:914} INFO - Processing file /home/airflow/.local/lib/python3.12/site-packages/airflow/example_dags/example_display_name.py for tasks to queue
[2025-03-23T08:14:58.228+0000] {logging_mixin.py:190} INFO - [2025-03-23T08:14:58.228+0000] {dagbag.py:588} INFO - Filling up the DagBag from /home/airflow/.local/lib/python3.12/site-packages/airflow/example_dags/example_display_name.py
[2025-03-23T08:14:58.238+0000] {processor.py:925} INFO - DAG(s) 'example_display_name' retrieved from /home/airflow/.local/lib/python3.12/site-packages/airflow/example_dags/example_display_name.py
[2025-03-23T08:14:58.260+0000] {logging_mixin.py:190} INFO - [2025-03-23T08:14:58.260+0000] {dag.py:3239} INFO - Sync 1 DAGs
[2025-03-23T08:14:58.282+0000] {logging_mixin.py:190} INFO - [2025-03-23T08:14:58.282+0000] {dag.py:4180} INFO - Setting next_dagrun for example_display_name to None, run_after=None
[2025-03-23T08:14:58.427+0000] {processor.py:208} INFO - Processing /home/airflow/.local/lib/python3.12/site-packages/airflow/example_dags/example_display_name.py took 0.213 seconds
[2025-03-23T08:15:28.797+0000] {processor.py:186} INFO - Started process (PID=1176) to work on /home/airflow/.local/lib/python3.12/site-packages/airflow/example_dags/example_display_name.py
[2025-03-23T08:15:28.799+0000] {processor.py:914} INFO - Processing file /home/airflow/.local/lib/python3.12/site-packages/airflow/example_dags/example_display_name.py for tasks to queue
[2025-03-23T08:15:28.802+0000] {logging_mixin.py:190} INFO - [2025-03-23T08:15:28.802+0000] {dagbag.py:588} INFO - Filling up the DagBag from /home/airflow/.local/lib/python3.12/site-packages/airflow/example_dags/example_display_name.py
[2025-03-23T08:15:28.812+0000] {processor.py:925} INFO - DAG(s) 'example_display_name' retrieved from /home/airflow/.local/lib/python3.12/site-packages/airflow/example_dags/example_display_name.py
[2025-03-23T08:15:28.838+0000] {logging_mixin.py:190} INFO - [2025-03-23T08:15:28.837+0000] {dag.py:3239} INFO - Sync 1 DAGs
[2025-03-23T08:15:28.857+0000] {logging_mixin.py:190} INFO - [2025-03-23T08:15:28.857+0000] {dag.py:4180} INFO - Setting next_dagrun for example_display_name to None, run_after=None
[2025-03-23T08:15:29.013+0000] {processor.py:208} INFO - Processing /home/airflow/.local/lib/python3.12/site-packages/airflow/example_dags/example_display_name.py took 0.227 seconds
[2025-03-23T08:15:59.799+0000] {processor.py:186} INFO - Started process (PID=1240) to work on /home/airflow/.local/lib/python3.12/site-packages/airflow/example_dags/example_display_name.py
[2025-03-23T08:15:59.802+0000] {processor.py:914} INFO - Processing file /home/airflow/.local/lib/python3.12/site-packages/airflow/example_dags/example_display_name.py for tasks to queue
[2025-03-23T08:15:59.806+0000] {logging_mixin.py:190} INFO - [2025-03-23T08:15:59.805+0000] {dagbag.py:588} INFO - Filling up the DagBag from /home/airflow/.local/lib/python3.12/site-packages/airflow/example_dags/example_display_name.py
[2025-03-23T08:15:59.834+0000] {processor.py:925} INFO - DAG(s) 'example_display_name' retrieved from /home/airflow/.local/lib/python3.12/site-packages/airflow/example_dags/example_display_name.py
[2025-03-23T08:15:59.874+0000] {logging_mixin.py:190} INFO - [2025-03-23T08:15:59.873+0000] {dag.py:3239} INFO - Sync 1 DAGs
[2025-03-23T08:15:59.898+0000] {logging_mixin.py:190} INFO - [2025-03-23T08:15:59.898+0000] {dag.py:4180} INFO - Setting next_dagrun for example_display_name to None, run_after=None
[2025-03-23T08:16:00.110+0000] {processor.py:208} INFO - Processing /home/airflow/.local/lib/python3.12/site-packages/airflow/example_dags/example_display_name.py took 0.341 seconds
[2025-03-23T08:16:30.879+0000] {processor.py:186} INFO - Started process (PID=1303) to work on /home/airflow/.local/lib/python3.12/site-packages/airflow/example_dags/example_display_name.py
[2025-03-23T08:16:30.881+0000] {processor.py:914} INFO - Processing file /home/airflow/.local/lib/python3.12/site-packages/airflow/example_dags/example_display_name.py for tasks to queue
[2025-03-23T08:16:30.884+0000] {logging_mixin.py:190} INFO - [2025-03-23T08:16:30.884+0000] {dagbag.py:588} INFO - Filling up the DagBag from /home/airflow/.local/lib/python3.12/site-packages/airflow/example_dags/example_display_name.py
[2025-03-23T08:16:30.894+0000] {processor.py:925} INFO - DAG(s) 'example_display_name' retrieved from /home/airflow/.local/lib/python3.12/site-packages/airflow/example_dags/example_display_name.py
[2025-03-23T08:16:30.919+0000] {logging_mixin.py:190} INFO - [2025-03-23T08:16:30.919+0000] {dag.py:3239} INFO - Sync 1 DAGs
[2025-03-23T08:16:30.943+0000] {logging_mixin.py:190} INFO - [2025-03-23T08:16:30.942+0000] {dag.py:4180} INFO - Setting next_dagrun for example_display_name to None, run_after=None
[2025-03-23T08:16:31.009+0000] {processor.py:208} INFO - Processing /home/airflow/.local/lib/python3.12/site-packages/airflow/example_dags/example_display_name.py took 0.144 seconds
[2025-03-23T08:17:01.461+0000] {processor.py:186} INFO - Started process (PID=1367) to work on /home/airflow/.local/lib/python3.12/site-packages/airflow/example_dags/example_display_name.py
[2025-03-23T08:17:01.463+0000] {processor.py:914} INFO - Processing file /home/airflow/.local/lib/python3.12/site-packages/airflow/example_dags/example_display_name.py for tasks to queue
[2025-03-23T08:17:01.466+0000] {logging_mixin.py:190} INFO - [2025-03-23T08:17:01.466+0000] {dagbag.py:588} INFO - Filling up the DagBag from /home/airflow/.local/lib/python3.12/site-packages/airflow/example_dags/example_display_name.py
[2025-03-23T08:17:01.479+0000] {processor.py:925} INFO - DAG(s) 'example_display_name' retrieved from /home/airflow/.local/lib/python3.12/site-packages/airflow/example_dags/example_display_name.py
[2025-03-23T08:17:01.503+0000] {logging_mixin.py:190} INFO - [2025-03-23T08:17:01.502+0000] {dag.py:3239} INFO - Sync 1 DAGs
[2025-03-23T08:17:01.524+0000] {logging_mixin.py:190} INFO - [2025-03-23T08:17:01.524+0000] {dag.py:4180} INFO - Setting next_dagrun for example_display_name to None, run_after=None
[2025-03-23T08:17:01.572+0000] {processor.py:208} INFO - Processing /home/airflow/.local/lib/python3.12/site-packages/airflow/example_dags/example_display_name.py took 0.125 seconds
[2025-03-23T08:17:31.933+0000] {processor.py:186} INFO - Started process (PID=1431) to work on /home/airflow/.local/lib/python3.12/site-packages/airflow/example_dags/example_display_name.py
[2025-03-23T08:17:31.934+0000] {processor.py:914} INFO - Processing file /home/airflow/.local/lib/python3.12/site-packages/airflow/example_dags/example_display_name.py for tasks to queue
[2025-03-23T08:17:31.937+0000] {logging_mixin.py:190} INFO - [2025-03-23T08:17:31.937+0000] {dagbag.py:588} INFO - Filling up the DagBag from /home/airflow/.local/lib/python3.12/site-packages/airflow/example_dags/example_display_name.py
[2025-03-23T08:17:31.949+0000] {processor.py:925} INFO - DAG(s) 'example_display_name' retrieved from /home/airflow/.local/lib/python3.12/site-packages/airflow/example_dags/example_display_name.py
[2025-03-23T08:17:31.975+0000] {logging_mixin.py:190} INFO - [2025-03-23T08:17:31.974+0000] {dag.py:3239} INFO - Sync 1 DAGs
[2025-03-23T08:17:31.995+0000] {logging_mixin.py:190} INFO - [2025-03-23T08:17:31.995+0000] {dag.py:4180} INFO - Setting next_dagrun for example_display_name to None, run_after=None
[2025-03-23T08:17:32.041+0000] {processor.py:208} INFO - Processing /home/airflow/.local/lib/python3.12/site-packages/airflow/example_dags/example_display_name.py took 0.124 seconds
[2025-03-23T08:18:02.528+0000] {processor.py:186} INFO - Started process (PID=1495) to work on /home/airflow/.local/lib/python3.12/site-packages/airflow/example_dags/example_display_name.py
[2025-03-23T08:18:02.530+0000] {processor.py:914} INFO - Processing file /home/airflow/.local/lib/python3.12/site-packages/airflow/example_dags/example_display_name.py for tasks to queue
[2025-03-23T08:18:02.535+0000] {logging_mixin.py:190} INFO - [2025-03-23T08:18:02.534+0000] {dagbag.py:588} INFO - Filling up the DagBag from /home/airflow/.local/lib/python3.12/site-packages/airflow/example_dags/example_display_name.py
[2025-03-23T08:18:02.548+0000] {processor.py:925} INFO - DAG(s) 'example_display_name' retrieved from /home/airflow/.local/lib/python3.12/site-packages/airflow/example_dags/example_display_name.py
[2025-03-23T08:18:02.573+0000] {logging_mixin.py:190} INFO - [2025-03-23T08:18:02.573+0000] {dag.py:3239} INFO - Sync 1 DAGs
[2025-03-23T08:18:02.591+0000] {logging_mixin.py:190} INFO - [2025-03-23T08:18:02.591+0000] {dag.py:4180} INFO - Setting next_dagrun for example_display_name to None, run_after=None
[2025-03-23T08:18:02.643+0000] {processor.py:208} INFO - Processing /home/airflow/.local/lib/python3.12/site-packages/airflow/example_dags/example_display_name.py took 0.130 seconds
[2025-03-23T08:18:33.303+0000] {processor.py:186} INFO - Started process (PID=1559) to work on /home/airflow/.local/lib/python3.12/site-packages/airflow/example_dags/example_display_name.py
[2025-03-23T08:18:33.304+0000] {processor.py:914} INFO - Processing file /home/airflow/.local/lib/python3.12/site-packages/airflow/example_dags/example_display_name.py for tasks to queue
[2025-03-23T08:18:33.308+0000] {logging_mixin.py:190} INFO - [2025-03-23T08:18:33.307+0000] {dagbag.py:588} INFO - Filling up the DagBag from /home/airflow/.local/lib/python3.12/site-packages/airflow/example_dags/example_display_name.py
[2025-03-23T08:18:33.316+0000] {processor.py:925} INFO - DAG(s) 'example_display_name' retrieved from /home/airflow/.local/lib/python3.12/site-packages/airflow/example_dags/example_display_name.py
[2025-03-23T08:18:33.340+0000] {logging_mixin.py:190} INFO - [2025-03-23T08:18:33.340+0000] {dag.py:3239} INFO - Sync 1 DAGs
[2025-03-23T08:18:33.360+0000] {logging_mixin.py:190} INFO - [2025-03-23T08:18:33.360+0000] {dag.py:4180} INFO - Setting next_dagrun for example_display_name to None, run_after=None
[2025-03-23T08:18:33.432+0000] {processor.py:208} INFO - Processing /home/airflow/.local/lib/python3.12/site-packages/airflow/example_dags/example_display_name.py took 0.141 seconds
[2025-03-23T08:19:03.925+0000] {processor.py:186} INFO - Started process (PID=1622) to work on /home/airflow/.local/lib/python3.12/site-packages/airflow/example_dags/example_display_name.py
[2025-03-23T08:19:03.932+0000] {processor.py:914} INFO - Processing file /home/airflow/.local/lib/python3.12/site-packages/airflow/example_dags/example_display_name.py for tasks to queue
[2025-03-23T08:19:03.955+0000] {logging_mixin.py:190} INFO - [2025-03-23T08:19:03.954+0000] {dagbag.py:588} INFO - Filling up the DagBag from /home/airflow/.local/lib/python3.12/site-packages/airflow/example_dags/example_display_name.py
[2025-03-23T08:19:03.987+0000] {processor.py:925} INFO - DAG(s) 'example_display_name' retrieved from /home/airflow/.local/lib/python3.12/site-packages/airflow/example_dags/example_display_name.py
[2025-03-23T08:19:04.038+0000] {logging_mixin.py:190} INFO - [2025-03-23T08:19:04.037+0000] {dag.py:3239} INFO - Sync 1 DAGs
[2025-03-23T08:19:04.062+0000] {logging_mixin.py:190} INFO - [2025-03-23T08:19:04.062+0000] {dag.py:4180} INFO - Setting next_dagrun for example_display_name to None, run_after=None
[2025-03-23T08:19:04.172+0000] {processor.py:208} INFO - Processing /home/airflow/.local/lib/python3.12/site-packages/airflow/example_dags/example_display_name.py took 0.281 seconds
[2025-03-23T08:19:34.663+0000] {processor.py:186} INFO - Started process (PID=1686) to work on /home/airflow/.local/lib/python3.12/site-packages/airflow/example_dags/example_display_name.py
[2025-03-23T08:19:34.665+0000] {processor.py:914} INFO - Processing file /home/airflow/.local/lib/python3.12/site-packages/airflow/example_dags/example_display_name.py for tasks to queue
[2025-03-23T08:19:34.669+0000] {logging_mixin.py:190} INFO - [2025-03-23T08:19:34.669+0000] {dagbag.py:588} INFO - Filling up the DagBag from /home/airflow/.local/lib/python3.12/site-packages/airflow/example_dags/example_display_name.py
[2025-03-23T08:19:34.682+0000] {processor.py:925} INFO - DAG(s) 'example_display_name' retrieved from /home/airflow/.local/lib/python3.12/site-packages/airflow/example_dags/example_display_name.py
[2025-03-23T08:19:34.709+0000] {logging_mixin.py:190} INFO - [2025-03-23T08:19:34.708+0000] {dag.py:3239} INFO - Sync 1 DAGs
[2025-03-23T08:19:34.731+0000] {logging_mixin.py:190} INFO - [2025-03-23T08:19:34.731+0000] {dag.py:4180} INFO - Setting next_dagrun for example_display_name to None, run_after=None
[2025-03-23T08:19:34.791+0000] {processor.py:208} INFO - Processing /home/airflow/.local/lib/python3.12/site-packages/airflow/example_dags/example_display_name.py took 0.144 seconds
[2025-03-23T08:20:04.970+0000] {processor.py:186} INFO - Started process (PID=1750) to work on /home/airflow/.local/lib/python3.12/site-packages/airflow/example_dags/example_display_name.py
[2025-03-23T08:20:04.971+0000] {processor.py:914} INFO - Processing file /home/airflow/.local/lib/python3.12/site-packages/airflow/example_dags/example_display_name.py for tasks to queue
[2025-03-23T08:20:04.975+0000] {logging_mixin.py:190} INFO - [2025-03-23T08:20:04.975+0000] {dagbag.py:588} INFO - Filling up the DagBag from /home/airflow/.local/lib/python3.12/site-packages/airflow/example_dags/example_display_name.py
[2025-03-23T08:20:04.985+0000] {processor.py:925} INFO - DAG(s) 'example_display_name' retrieved from /home/airflow/.local/lib/python3.12/site-packages/airflow/example_dags/example_display_name.py
[2025-03-23T08:20:05.009+0000] {logging_mixin.py:190} INFO - [2025-03-23T08:20:05.009+0000] {dag.py:3239} INFO - Sync 1 DAGs
[2025-03-23T08:20:05.029+0000] {logging_mixin.py:190} INFO - [2025-03-23T08:20:05.028+0000] {dag.py:4180} INFO - Setting next_dagrun for example_display_name to None, run_after=None
[2025-03-23T08:20:05.092+0000] {processor.py:208} INFO - Processing /home/airflow/.local/lib/python3.12/site-packages/airflow/example_dags/example_display_name.py took 0.137 seconds
[2025-03-23T08:20:35.493+0000] {processor.py:186} INFO - Started process (PID=1814) to work on /home/airflow/.local/lib/python3.12/site-packages/airflow/example_dags/example_display_name.py
[2025-03-23T08:20:35.495+0000] {processor.py:914} INFO - Processing file /home/airflow/.local/lib/python3.12/site-packages/airflow/example_dags/example_display_name.py for tasks to queue
[2025-03-23T08:20:35.499+0000] {logging_mixin.py:190} INFO - [2025-03-23T08:20:35.498+0000] {dagbag.py:588} INFO - Filling up the DagBag from /home/airflow/.local/lib/python3.12/site-packages/airflow/example_dags/example_display_name.py
[2025-03-23T08:20:35.510+0000] {processor.py:925} INFO - DAG(s) 'example_display_name' retrieved from /home/airflow/.local/lib/python3.12/site-packages/airflow/example_dags/example_display_name.py
[2025-03-23T08:20:35.537+0000] {logging_mixin.py:190} INFO - [2025-03-23T08:20:35.537+0000] {dag.py:3239} INFO - Sync 1 DAGs
[2025-03-23T08:20:35.555+0000] {logging_mixin.py:190} INFO - [2025-03-23T08:20:35.555+0000] {dag.py:4180} INFO - Setting next_dagrun for example_display_name to None, run_after=None
[2025-03-23T08:20:35.615+0000] {processor.py:208} INFO - Processing /home/airflow/.local/lib/python3.12/site-packages/airflow/example_dags/example_display_name.py took 0.138 seconds
[2025-03-23T08:26:46.756+0000] {processor.py:186} INFO - Started process (PID=106) to work on /home/airflow/.local/lib/python3.12/site-packages/airflow/example_dags/example_display_name.py
[2025-03-23T08:26:46.831+0000] {processor.py:914} INFO - Processing file /home/airflow/.local/lib/python3.12/site-packages/airflow/example_dags/example_display_name.py for tasks to queue
[2025-03-23T08:26:46.843+0000] {logging_mixin.py:190} INFO - [2025-03-23T08:26:46.842+0000] {dagbag.py:588} INFO - Filling up the DagBag from /home/airflow/.local/lib/python3.12/site-packages/airflow/example_dags/example_display_name.py
[2025-03-23T08:26:46.874+0000] {processor.py:925} INFO - DAG(s) 'example_display_name' retrieved from /home/airflow/.local/lib/python3.12/site-packages/airflow/example_dags/example_display_name.py
[2025-03-23T08:26:46.945+0000] {logging_mixin.py:190} INFO - [2025-03-23T08:26:46.944+0000] {dag.py:3239} INFO - Sync 1 DAGs
[2025-03-23T08:26:46.970+0000] {logging_mixin.py:190} INFO - [2025-03-23T08:26:46.969+0000] {dag.py:4180} INFO - Setting next_dagrun for example_display_name to None, run_after=None
[2025-03-23T08:26:47.250+0000] {processor.py:208} INFO - Processing /home/airflow/.local/lib/python3.12/site-packages/airflow/example_dags/example_display_name.py took 0.505 seconds
[2025-03-23T08:27:18.471+0000] {processor.py:186} INFO - Started process (PID=170) to work on /home/airflow/.local/lib/python3.12/site-packages/airflow/example_dags/example_display_name.py
[2025-03-23T08:27:18.496+0000] {processor.py:914} INFO - Processing file /home/airflow/.local/lib/python3.12/site-packages/airflow/example_dags/example_display_name.py for tasks to queue
[2025-03-23T08:27:18.501+0000] {logging_mixin.py:190} INFO - [2025-03-23T08:27:18.500+0000] {dagbag.py:588} INFO - Filling up the DagBag from /home/airflow/.local/lib/python3.12/site-packages/airflow/example_dags/example_display_name.py
[2025-03-23T08:27:18.533+0000] {processor.py:925} INFO - DAG(s) 'example_display_name' retrieved from /home/airflow/.local/lib/python3.12/site-packages/airflow/example_dags/example_display_name.py
[2025-03-23T08:27:18.580+0000] {logging_mixin.py:190} INFO - [2025-03-23T08:27:18.580+0000] {dag.py:3239} INFO - Sync 1 DAGs
[2025-03-23T08:27:18.614+0000] {logging_mixin.py:190} INFO - [2025-03-23T08:27:18.613+0000] {dag.py:4180} INFO - Setting next_dagrun for example_display_name to None, run_after=None
[2025-03-23T08:27:18.773+0000] {processor.py:208} INFO - Processing /home/airflow/.local/lib/python3.12/site-packages/airflow/example_dags/example_display_name.py took 0.321 seconds
[2025-03-23T08:27:49.260+0000] {processor.py:186} INFO - Started process (PID=234) to work on /home/airflow/.local/lib/python3.12/site-packages/airflow/example_dags/example_display_name.py
[2025-03-23T08:27:49.261+0000] {processor.py:914} INFO - Processing file /home/airflow/.local/lib/python3.12/site-packages/airflow/example_dags/example_display_name.py for tasks to queue
[2025-03-23T08:27:49.265+0000] {logging_mixin.py:190} INFO - [2025-03-23T08:27:49.264+0000] {dagbag.py:588} INFO - Filling up the DagBag from /home/airflow/.local/lib/python3.12/site-packages/airflow/example_dags/example_display_name.py
[2025-03-23T08:27:49.279+0000] {processor.py:925} INFO - DAG(s) 'example_display_name' retrieved from /home/airflow/.local/lib/python3.12/site-packages/airflow/example_dags/example_display_name.py
[2025-03-23T08:27:49.313+0000] {logging_mixin.py:190} INFO - [2025-03-23T08:27:49.313+0000] {dag.py:3239} INFO - Sync 1 DAGs
[2025-03-23T08:27:49.343+0000] {logging_mixin.py:190} INFO - [2025-03-23T08:27:49.343+0000] {dag.py:4180} INFO - Setting next_dagrun for example_display_name to None, run_after=None
[2025-03-23T08:27:49.408+0000] {processor.py:208} INFO - Processing /home/airflow/.local/lib/python3.12/site-packages/airflow/example_dags/example_display_name.py took 0.162 seconds
[2025-03-23T08:28:20.235+0000] {processor.py:186} INFO - Started process (PID=298) to work on /home/airflow/.local/lib/python3.12/site-packages/airflow/example_dags/example_display_name.py
[2025-03-23T08:28:20.237+0000] {processor.py:914} INFO - Processing file /home/airflow/.local/lib/python3.12/site-packages/airflow/example_dags/example_display_name.py for tasks to queue
[2025-03-23T08:28:20.241+0000] {logging_mixin.py:190} INFO - [2025-03-23T08:28:20.241+0000] {dagbag.py:588} INFO - Filling up the DagBag from /home/airflow/.local/lib/python3.12/site-packages/airflow/example_dags/example_display_name.py
[2025-03-23T08:28:20.257+0000] {processor.py:925} INFO - DAG(s) 'example_display_name' retrieved from /home/airflow/.local/lib/python3.12/site-packages/airflow/example_dags/example_display_name.py
[2025-03-23T08:28:20.297+0000] {logging_mixin.py:190} INFO - [2025-03-23T08:28:20.297+0000] {dag.py:3239} INFO - Sync 1 DAGs
[2025-03-23T08:28:20.329+0000] {logging_mixin.py:190} INFO - [2025-03-23T08:28:20.328+0000] {dag.py:4180} INFO - Setting next_dagrun for example_display_name to None, run_after=None
[2025-03-23T08:28:20.421+0000] {processor.py:208} INFO - Processing /home/airflow/.local/lib/python3.12/site-packages/airflow/example_dags/example_display_name.py took 0.199 seconds
[2025-03-23T08:28:50.581+0000] {processor.py:186} INFO - Started process (PID=361) to work on /home/airflow/.local/lib/python3.12/site-packages/airflow/example_dags/example_display_name.py
[2025-03-23T08:28:50.582+0000] {processor.py:914} INFO - Processing file /home/airflow/.local/lib/python3.12/site-packages/airflow/example_dags/example_display_name.py for tasks to queue
[2025-03-23T08:28:50.585+0000] {logging_mixin.py:190} INFO - [2025-03-23T08:28:50.585+0000] {dagbag.py:588} INFO - Filling up the DagBag from /home/airflow/.local/lib/python3.12/site-packages/airflow/example_dags/example_display_name.py
[2025-03-23T08:28:50.595+0000] {processor.py:925} INFO - DAG(s) 'example_display_name' retrieved from /home/airflow/.local/lib/python3.12/site-packages/airflow/example_dags/example_display_name.py
[2025-03-23T08:28:50.622+0000] {logging_mixin.py:190} INFO - [2025-03-23T08:28:50.621+0000] {dag.py:3239} INFO - Sync 1 DAGs
[2025-03-23T08:28:50.641+0000] {logging_mixin.py:190} INFO - [2025-03-23T08:28:50.641+0000] {dag.py:4180} INFO - Setting next_dagrun for example_display_name to None, run_after=None
[2025-03-23T08:28:50.719+0000] {processor.py:208} INFO - Processing /home/airflow/.local/lib/python3.12/site-packages/airflow/example_dags/example_display_name.py took 0.147 seconds
[2025-03-23T08:29:21.009+0000] {processor.py:186} INFO - Started process (PID=425) to work on /home/airflow/.local/lib/python3.12/site-packages/airflow/example_dags/example_display_name.py
[2025-03-23T08:29:21.011+0000] {processor.py:914} INFO - Processing file /home/airflow/.local/lib/python3.12/site-packages/airflow/example_dags/example_display_name.py for tasks to queue
[2025-03-23T08:29:21.015+0000] {logging_mixin.py:190} INFO - [2025-03-23T08:29:21.014+0000] {dagbag.py:588} INFO - Filling up the DagBag from /home/airflow/.local/lib/python3.12/site-packages/airflow/example_dags/example_display_name.py
[2025-03-23T08:29:21.026+0000] {processor.py:925} INFO - DAG(s) 'example_display_name' retrieved from /home/airflow/.local/lib/python3.12/site-packages/airflow/example_dags/example_display_name.py
[2025-03-23T08:29:21.053+0000] {logging_mixin.py:190} INFO - [2025-03-23T08:29:21.052+0000] {dag.py:3239} INFO - Sync 1 DAGs
[2025-03-23T08:29:21.075+0000] {logging_mixin.py:190} INFO - [2025-03-23T08:29:21.075+0000] {dag.py:4180} INFO - Setting next_dagrun for example_display_name to None, run_after=None
[2025-03-23T08:29:21.148+0000] {processor.py:208} INFO - Processing /home/airflow/.local/lib/python3.12/site-packages/airflow/example_dags/example_display_name.py took 0.149 seconds
[2025-03-23T08:29:51.301+0000] {processor.py:186} INFO - Started process (PID=489) to work on /home/airflow/.local/lib/python3.12/site-packages/airflow/example_dags/example_display_name.py
[2025-03-23T08:29:51.303+0000] {processor.py:914} INFO - Processing file /home/airflow/.local/lib/python3.12/site-packages/airflow/example_dags/example_display_name.py for tasks to queue
[2025-03-23T08:29:51.306+0000] {logging_mixin.py:190} INFO - [2025-03-23T08:29:51.305+0000] {dagbag.py:588} INFO - Filling up the DagBag from /home/airflow/.local/lib/python3.12/site-packages/airflow/example_dags/example_display_name.py
[2025-03-23T08:29:51.316+0000] {processor.py:925} INFO - DAG(s) 'example_display_name' retrieved from /home/airflow/.local/lib/python3.12/site-packages/airflow/example_dags/example_display_name.py
[2025-03-23T08:29:51.342+0000] {logging_mixin.py:190} INFO - [2025-03-23T08:29:51.341+0000] {dag.py:3239} INFO - Sync 1 DAGs
[2025-03-23T08:29:51.360+0000] {logging_mixin.py:190} INFO - [2025-03-23T08:29:51.360+0000] {dag.py:4180} INFO - Setting next_dagrun for example_display_name to None, run_after=None
[2025-03-23T08:29:51.422+0000] {processor.py:208} INFO - Processing /home/airflow/.local/lib/python3.12/site-packages/airflow/example_dags/example_display_name.py took 0.129 seconds
