[2025-03-23T08:07:29.309+0000] {processor.py:186} INFO - Started process (PID=147) to work on /home/airflow/.local/lib/python3.12/site-packages/airflow/example_dags/example_short_circuit_operator.py
[2025-03-23T08:07:29.312+0000] {processor.py:914} INFO - Processing file /home/airflow/.local/lib/python3.12/site-packages/airflow/example_dags/example_short_circuit_operator.py for tasks to queue
[2025-03-23T08:07:29.316+0000] {logging_mixin.py:190} INFO - [2025-03-23T08:07:29.316+0000] {dagbag.py:588} INFO - Filling up the DagBag from /home/airflow/.local/lib/python3.12/site-packages/airflow/example_dags/example_short_circuit_operator.py
[2025-03-23T08:07:29.334+0000] {processor.py:925} INFO - DAG(s) 'example_short_circuit_operator' retrieved from /home/airflow/.local/lib/python3.12/site-packages/airflow/example_dags/example_short_circuit_operator.py
[2025-03-23T08:07:29.568+0000] {logging_mixin.py:190} INFO - [2025-03-23T08:07:29.567+0000] {override.py:1911} INFO - Created Permission View: can edit on DAG:example_short_circuit_operator
[2025-03-23T08:07:29.611+0000] {logging_mixin.py:190} INFO - [2025-03-23T08:07:29.611+0000] {override.py:1911} INFO - Created Permission View: can delete on DAG:example_short_circuit_operator
[2025-03-23T08:07:29.656+0000] {logging_mixin.py:190} INFO - [2025-03-23T08:07:29.655+0000] {override.py:1911} INFO - Created Permission View: can read on DAG:example_short_circuit_operator
[2025-03-23T08:07:29.756+0000] {logging_mixin.py:190} INFO - [2025-03-23T08:07:29.755+0000] {override.py:1911} INFO - Created Permission View: menu access on DAG Run:example_short_circuit_operator
[2025-03-23T08:07:29.823+0000] {logging_mixin.py:190} INFO - [2025-03-23T08:07:29.822+0000] {override.py:1911} INFO - Created Permission View: can create on DAG Run:example_short_circuit_operator
[2025-03-23T08:07:29.889+0000] {logging_mixin.py:190} INFO - [2025-03-23T08:07:29.888+0000] {override.py:1911} INFO - Created Permission View: can read on DAG Run:example_short_circuit_operator
[2025-03-23T08:07:29.956+0000] {logging_mixin.py:190} INFO - [2025-03-23T08:07:29.955+0000] {override.py:1911} INFO - Created Permission View: can delete on DAG Run:example_short_circuit_operator
[2025-03-23T08:07:29.960+0000] {logging_mixin.py:190} INFO - [2025-03-23T08:07:29.959+0000] {dag.py:3239} INFO - Sync 1 DAGs
[2025-03-23T08:07:29.980+0000] {logging_mixin.py:190} INFO - [2025-03-23T08:07:29.980+0000] {dag.py:3262} INFO - Creating ORM DAG for example_short_circuit_operator
[2025-03-23T08:07:29.982+0000] {logging_mixin.py:190} INFO - [2025-03-23T08:07:29.981+0000] {dag.py:4180} INFO - Setting next_dagrun for example_short_circuit_operator to None, run_after=None
[2025-03-23T08:07:30.089+0000] {processor.py:208} INFO - Processing /home/airflow/.local/lib/python3.12/site-packages/airflow/example_dags/example_short_circuit_operator.py took 0.789 seconds
[2025-03-23T08:08:00.317+0000] {processor.py:186} INFO - Started process (PID=212) to work on /home/airflow/.local/lib/python3.12/site-packages/airflow/example_dags/example_short_circuit_operator.py
[2025-03-23T08:08:00.480+0000] {processor.py:914} INFO - Processing file /home/airflow/.local/lib/python3.12/site-packages/airflow/example_dags/example_short_circuit_operator.py for tasks to queue
[2025-03-23T08:08:00.483+0000] {logging_mixin.py:190} INFO - [2025-03-23T08:08:00.483+0000] {dagbag.py:588} INFO - Filling up the DagBag from /home/airflow/.local/lib/python3.12/site-packages/airflow/example_dags/example_short_circuit_operator.py
[2025-03-23T08:08:00.497+0000] {processor.py:925} INFO - DAG(s) 'example_short_circuit_operator' retrieved from /home/airflow/.local/lib/python3.12/site-packages/airflow/example_dags/example_short_circuit_operator.py
[2025-03-23T08:08:00.541+0000] {logging_mixin.py:190} INFO - [2025-03-23T08:08:00.540+0000] {dag.py:3239} INFO - Sync 1 DAGs
[2025-03-23T08:08:00.565+0000] {logging_mixin.py:190} INFO - [2025-03-23T08:08:00.565+0000] {dag.py:4180} INFO - Setting next_dagrun for example_short_circuit_operator to None, run_after=None
[2025-03-23T08:08:00.903+0000] {processor.py:208} INFO - Processing /home/airflow/.local/lib/python3.12/site-packages/airflow/example_dags/example_short_circuit_operator.py took 0.595 seconds
[2025-03-23T08:08:31.000+0000] {processor.py:186} INFO - Started process (PID=275) to work on /home/airflow/.local/lib/python3.12/site-packages/airflow/example_dags/example_short_circuit_operator.py
[2025-03-23T08:08:31.001+0000] {processor.py:914} INFO - Processing file /home/airflow/.local/lib/python3.12/site-packages/airflow/example_dags/example_short_circuit_operator.py for tasks to queue
[2025-03-23T08:08:31.006+0000] {logging_mixin.py:190} INFO - [2025-03-23T08:08:31.004+0000] {dagbag.py:588} INFO - Filling up the DagBag from /home/airflow/.local/lib/python3.12/site-packages/airflow/example_dags/example_short_circuit_operator.py
[2025-03-23T08:08:31.023+0000] {processor.py:925} INFO - DAG(s) 'example_short_circuit_operator' retrieved from /home/airflow/.local/lib/python3.12/site-packages/airflow/example_dags/example_short_circuit_operator.py
[2025-03-23T08:08:31.059+0000] {logging_mixin.py:190} INFO - [2025-03-23T08:08:31.058+0000] {dag.py:3239} INFO - Sync 1 DAGs
[2025-03-23T08:08:31.086+0000] {logging_mixin.py:190} INFO - [2025-03-23T08:08:31.085+0000] {dag.py:4180} INFO - Setting next_dagrun for example_short_circuit_operator to None, run_after=None
[2025-03-23T08:08:31.192+0000] {processor.py:208} INFO - Processing /home/airflow/.local/lib/python3.12/site-packages/airflow/example_dags/example_short_circuit_operator.py took 0.201 seconds
[2025-03-23T08:09:01.391+0000] {processor.py:186} INFO - Started process (PID=338) to work on /home/airflow/.local/lib/python3.12/site-packages/airflow/example_dags/example_short_circuit_operator.py
[2025-03-23T08:09:01.417+0000] {processor.py:914} INFO - Processing file /home/airflow/.local/lib/python3.12/site-packages/airflow/example_dags/example_short_circuit_operator.py for tasks to queue
[2025-03-23T08:09:01.424+0000] {logging_mixin.py:190} INFO - [2025-03-23T08:09:01.423+0000] {dagbag.py:588} INFO - Filling up the DagBag from /home/airflow/.local/lib/python3.12/site-packages/airflow/example_dags/example_short_circuit_operator.py
[2025-03-23T08:09:01.479+0000] {processor.py:925} INFO - DAG(s) 'example_short_circuit_operator' retrieved from /home/airflow/.local/lib/python3.12/site-packages/airflow/example_dags/example_short_circuit_operator.py
[2025-03-23T08:09:01.586+0000] {logging_mixin.py:190} INFO - [2025-03-23T08:09:01.586+0000] {dag.py:3239} INFO - Sync 1 DAGs
[2025-03-23T08:09:01.655+0000] {logging_mixin.py:190} INFO - [2025-03-23T08:09:01.655+0000] {dag.py:4180} INFO - Setting next_dagrun for example_short_circuit_operator to None, run_after=None
[2025-03-23T08:09:02.203+0000] {processor.py:208} INFO - Processing /home/airflow/.local/lib/python3.12/site-packages/airflow/example_dags/example_short_circuit_operator.py took 0.831 seconds
[2025-03-23T08:09:32.488+0000] {processor.py:186} INFO - Started process (PID=402) to work on /home/airflow/.local/lib/python3.12/site-packages/airflow/example_dags/example_short_circuit_operator.py
[2025-03-23T08:09:32.489+0000] {processor.py:914} INFO - Processing file /home/airflow/.local/lib/python3.12/site-packages/airflow/example_dags/example_short_circuit_operator.py for tasks to queue
[2025-03-23T08:09:32.493+0000] {logging_mixin.py:190} INFO - [2025-03-23T08:09:32.493+0000] {dagbag.py:588} INFO - Filling up the DagBag from /home/airflow/.local/lib/python3.12/site-packages/airflow/example_dags/example_short_circuit_operator.py
[2025-03-23T08:09:32.506+0000] {processor.py:925} INFO - DAG(s) 'example_short_circuit_operator' retrieved from /home/airflow/.local/lib/python3.12/site-packages/airflow/example_dags/example_short_circuit_operator.py
[2025-03-23T08:09:32.546+0000] {logging_mixin.py:190} INFO - [2025-03-23T08:09:32.545+0000] {dag.py:3239} INFO - Sync 1 DAGs
[2025-03-23T08:09:32.576+0000] {logging_mixin.py:190} INFO - [2025-03-23T08:09:32.576+0000] {dag.py:4180} INFO - Setting next_dagrun for example_short_circuit_operator to None, run_after=None
[2025-03-23T08:09:32.712+0000] {processor.py:208} INFO - Processing /home/airflow/.local/lib/python3.12/site-packages/airflow/example_dags/example_short_circuit_operator.py took 0.232 seconds
[2025-03-23T08:10:03.113+0000] {processor.py:186} INFO - Started process (PID=466) to work on /home/airflow/.local/lib/python3.12/site-packages/airflow/example_dags/example_short_circuit_operator.py
[2025-03-23T08:10:03.115+0000] {processor.py:914} INFO - Processing file /home/airflow/.local/lib/python3.12/site-packages/airflow/example_dags/example_short_circuit_operator.py for tasks to queue
[2025-03-23T08:10:03.121+0000] {logging_mixin.py:190} INFO - [2025-03-23T08:10:03.121+0000] {dagbag.py:588} INFO - Filling up the DagBag from /home/airflow/.local/lib/python3.12/site-packages/airflow/example_dags/example_short_circuit_operator.py
[2025-03-23T08:10:03.154+0000] {processor.py:925} INFO - DAG(s) 'example_short_circuit_operator' retrieved from /home/airflow/.local/lib/python3.12/site-packages/airflow/example_dags/example_short_circuit_operator.py
[2025-03-23T08:10:03.240+0000] {logging_mixin.py:190} INFO - [2025-03-23T08:10:03.239+0000] {dag.py:3239} INFO - Sync 1 DAGs
[2025-03-23T08:10:03.288+0000] {logging_mixin.py:190} INFO - [2025-03-23T08:10:03.288+0000] {dag.py:4180} INFO - Setting next_dagrun for example_short_circuit_operator to None, run_after=None
[2025-03-23T08:10:03.457+0000] {processor.py:208} INFO - Processing /home/airflow/.local/lib/python3.12/site-packages/airflow/example_dags/example_short_circuit_operator.py took 0.357 seconds
[2025-03-23T08:10:33.807+0000] {processor.py:186} INFO - Started process (PID=530) to work on /home/airflow/.local/lib/python3.12/site-packages/airflow/example_dags/example_short_circuit_operator.py
[2025-03-23T08:10:33.808+0000] {processor.py:914} INFO - Processing file /home/airflow/.local/lib/python3.12/site-packages/airflow/example_dags/example_short_circuit_operator.py for tasks to queue
[2025-03-23T08:10:33.815+0000] {logging_mixin.py:190} INFO - [2025-03-23T08:10:33.814+0000] {dagbag.py:588} INFO - Filling up the DagBag from /home/airflow/.local/lib/python3.12/site-packages/airflow/example_dags/example_short_circuit_operator.py
[2025-03-23T08:10:33.836+0000] {processor.py:925} INFO - DAG(s) 'example_short_circuit_operator' retrieved from /home/airflow/.local/lib/python3.12/site-packages/airflow/example_dags/example_short_circuit_operator.py
[2025-03-23T08:10:33.892+0000] {logging_mixin.py:190} INFO - [2025-03-23T08:10:33.891+0000] {dag.py:3239} INFO - Sync 1 DAGs
[2025-03-23T08:10:33.928+0000] {logging_mixin.py:190} INFO - [2025-03-23T08:10:33.926+0000] {dag.py:4180} INFO - Setting next_dagrun for example_short_circuit_operator to None, run_after=None
[2025-03-23T08:10:34.197+0000] {processor.py:208} INFO - Processing /home/airflow/.local/lib/python3.12/site-packages/airflow/example_dags/example_short_circuit_operator.py took 0.412 seconds
[2025-03-23T08:11:04.717+0000] {processor.py:186} INFO - Started process (PID=594) to work on /home/airflow/.local/lib/python3.12/site-packages/airflow/example_dags/example_short_circuit_operator.py
[2025-03-23T08:11:04.718+0000] {processor.py:914} INFO - Processing file /home/airflow/.local/lib/python3.12/site-packages/airflow/example_dags/example_short_circuit_operator.py for tasks to queue
[2025-03-23T08:11:04.721+0000] {logging_mixin.py:190} INFO - [2025-03-23T08:11:04.720+0000] {dagbag.py:588} INFO - Filling up the DagBag from /home/airflow/.local/lib/python3.12/site-packages/airflow/example_dags/example_short_circuit_operator.py
[2025-03-23T08:11:04.732+0000] {processor.py:925} INFO - DAG(s) 'example_short_circuit_operator' retrieved from /home/airflow/.local/lib/python3.12/site-packages/airflow/example_dags/example_short_circuit_operator.py
[2025-03-23T08:11:04.769+0000] {logging_mixin.py:190} INFO - [2025-03-23T08:11:04.768+0000] {dag.py:3239} INFO - Sync 1 DAGs
[2025-03-23T08:11:04.811+0000] {logging_mixin.py:190} INFO - [2025-03-23T08:11:04.810+0000] {dag.py:4180} INFO - Setting next_dagrun for example_short_circuit_operator to None, run_after=None
[2025-03-23T08:11:04.896+0000] {processor.py:208} INFO - Processing /home/airflow/.local/lib/python3.12/site-packages/airflow/example_dags/example_short_circuit_operator.py took 0.188 seconds
[2025-03-23T08:11:35.523+0000] {processor.py:186} INFO - Started process (PID=658) to work on /home/airflow/.local/lib/python3.12/site-packages/airflow/example_dags/example_short_circuit_operator.py
[2025-03-23T08:11:35.524+0000] {processor.py:914} INFO - Processing file /home/airflow/.local/lib/python3.12/site-packages/airflow/example_dags/example_short_circuit_operator.py for tasks to queue
[2025-03-23T08:11:35.527+0000] {logging_mixin.py:190} INFO - [2025-03-23T08:11:35.527+0000] {dagbag.py:588} INFO - Filling up the DagBag from /home/airflow/.local/lib/python3.12/site-packages/airflow/example_dags/example_short_circuit_operator.py
[2025-03-23T08:11:35.537+0000] {processor.py:925} INFO - DAG(s) 'example_short_circuit_operator' retrieved from /home/airflow/.local/lib/python3.12/site-packages/airflow/example_dags/example_short_circuit_operator.py
[2025-03-23T08:11:35.577+0000] {logging_mixin.py:190} INFO - [2025-03-23T08:11:35.576+0000] {dag.py:3239} INFO - Sync 1 DAGs
[2025-03-23T08:11:35.596+0000] {logging_mixin.py:190} INFO - [2025-03-23T08:11:35.595+0000] {dag.py:4180} INFO - Setting next_dagrun for example_short_circuit_operator to None, run_after=None
[2025-03-23T08:11:35.652+0000] {processor.py:208} INFO - Processing /home/airflow/.local/lib/python3.12/site-packages/airflow/example_dags/example_short_circuit_operator.py took 0.137 seconds
[2025-03-23T08:12:06.192+0000] {processor.py:186} INFO - Started process (PID=722) to work on /home/airflow/.local/lib/python3.12/site-packages/airflow/example_dags/example_short_circuit_operator.py
[2025-03-23T08:12:06.194+0000] {processor.py:914} INFO - Processing file /home/airflow/.local/lib/python3.12/site-packages/airflow/example_dags/example_short_circuit_operator.py for tasks to queue
[2025-03-23T08:12:06.198+0000] {logging_mixin.py:190} INFO - [2025-03-23T08:12:06.197+0000] {dagbag.py:588} INFO - Filling up the DagBag from /home/airflow/.local/lib/python3.12/site-packages/airflow/example_dags/example_short_circuit_operator.py
[2025-03-23T08:12:06.213+0000] {processor.py:925} INFO - DAG(s) 'example_short_circuit_operator' retrieved from /home/airflow/.local/lib/python3.12/site-packages/airflow/example_dags/example_short_circuit_operator.py
[2025-03-23T08:12:06.250+0000] {logging_mixin.py:190} INFO - [2025-03-23T08:12:06.250+0000] {dag.py:3239} INFO - Sync 1 DAGs
[2025-03-23T08:12:06.278+0000] {logging_mixin.py:190} INFO - [2025-03-23T08:12:06.277+0000] {dag.py:4180} INFO - Setting next_dagrun for example_short_circuit_operator to None, run_after=None
[2025-03-23T08:12:06.364+0000] {processor.py:208} INFO - Processing /home/airflow/.local/lib/python3.12/site-packages/airflow/example_dags/example_short_circuit_operator.py took 0.183 seconds
[2025-03-23T08:12:36.638+0000] {processor.py:186} INFO - Started process (PID=785) to work on /home/airflow/.local/lib/python3.12/site-packages/airflow/example_dags/example_short_circuit_operator.py
[2025-03-23T08:12:36.639+0000] {processor.py:914} INFO - Processing file /home/airflow/.local/lib/python3.12/site-packages/airflow/example_dags/example_short_circuit_operator.py for tasks to queue
[2025-03-23T08:12:36.642+0000] {logging_mixin.py:190} INFO - [2025-03-23T08:12:36.642+0000] {dagbag.py:588} INFO - Filling up the DagBag from /home/airflow/.local/lib/python3.12/site-packages/airflow/example_dags/example_short_circuit_operator.py
[2025-03-23T08:12:36.658+0000] {processor.py:925} INFO - DAG(s) 'example_short_circuit_operator' retrieved from /home/airflow/.local/lib/python3.12/site-packages/airflow/example_dags/example_short_circuit_operator.py
[2025-03-23T08:12:36.695+0000] {logging_mixin.py:190} INFO - [2025-03-23T08:12:36.695+0000] {dag.py:3239} INFO - Sync 1 DAGs
[2025-03-23T08:12:36.720+0000] {logging_mixin.py:190} INFO - [2025-03-23T08:12:36.720+0000] {dag.py:4180} INFO - Setting next_dagrun for example_short_circuit_operator to None, run_after=None
[2025-03-23T08:12:36.787+0000] {processor.py:208} INFO - Processing /home/airflow/.local/lib/python3.12/site-packages/airflow/example_dags/example_short_circuit_operator.py took 0.160 seconds
[2025-03-23T08:13:07.733+0000] {processor.py:186} INFO - Started process (PID=849) to work on /home/airflow/.local/lib/python3.12/site-packages/airflow/example_dags/example_short_circuit_operator.py
[2025-03-23T08:13:07.738+0000] {processor.py:914} INFO - Processing file /home/airflow/.local/lib/python3.12/site-packages/airflow/example_dags/example_short_circuit_operator.py for tasks to queue
[2025-03-23T08:13:07.747+0000] {logging_mixin.py:190} INFO - [2025-03-23T08:13:07.746+0000] {dagbag.py:588} INFO - Filling up the DagBag from /home/airflow/.local/lib/python3.12/site-packages/airflow/example_dags/example_short_circuit_operator.py
[2025-03-23T08:13:07.783+0000] {processor.py:925} INFO - DAG(s) 'example_short_circuit_operator' retrieved from /home/airflow/.local/lib/python3.12/site-packages/airflow/example_dags/example_short_circuit_operator.py
[2025-03-23T08:13:07.863+0000] {logging_mixin.py:190} INFO - [2025-03-23T08:13:07.862+0000] {dag.py:3239} INFO - Sync 1 DAGs
[2025-03-23T08:13:07.919+0000] {logging_mixin.py:190} INFO - [2025-03-23T08:13:07.919+0000] {dag.py:4180} INFO - Setting next_dagrun for example_short_circuit_operator to None, run_after=None
[2025-03-23T08:13:08.053+0000] {processor.py:208} INFO - Processing /home/airflow/.local/lib/python3.12/site-packages/airflow/example_dags/example_short_circuit_operator.py took 0.331 seconds
[2025-03-23T08:13:38.904+0000] {processor.py:186} INFO - Started process (PID=913) to work on /home/airflow/.local/lib/python3.12/site-packages/airflow/example_dags/example_short_circuit_operator.py
[2025-03-23T08:13:38.906+0000] {processor.py:914} INFO - Processing file /home/airflow/.local/lib/python3.12/site-packages/airflow/example_dags/example_short_circuit_operator.py for tasks to queue
[2025-03-23T08:13:38.910+0000] {logging_mixin.py:190} INFO - [2025-03-23T08:13:38.909+0000] {dagbag.py:588} INFO - Filling up the DagBag from /home/airflow/.local/lib/python3.12/site-packages/airflow/example_dags/example_short_circuit_operator.py
[2025-03-23T08:13:38.924+0000] {processor.py:925} INFO - DAG(s) 'example_short_circuit_operator' retrieved from /home/airflow/.local/lib/python3.12/site-packages/airflow/example_dags/example_short_circuit_operator.py
[2025-03-23T08:13:38.964+0000] {logging_mixin.py:190} INFO - [2025-03-23T08:13:38.963+0000] {dag.py:3239} INFO - Sync 1 DAGs
[2025-03-23T08:13:38.985+0000] {logging_mixin.py:190} INFO - [2025-03-23T08:13:38.984+0000] {dag.py:4180} INFO - Setting next_dagrun for example_short_circuit_operator to None, run_after=None
[2025-03-23T08:13:39.045+0000] {processor.py:208} INFO - Processing /home/airflow/.local/lib/python3.12/site-packages/airflow/example_dags/example_short_circuit_operator.py took 0.162 seconds
[2025-03-23T08:14:09.207+0000] {processor.py:186} INFO - Started process (PID=977) to work on /home/airflow/.local/lib/python3.12/site-packages/airflow/example_dags/example_short_circuit_operator.py
[2025-03-23T08:14:09.210+0000] {processor.py:914} INFO - Processing file /home/airflow/.local/lib/python3.12/site-packages/airflow/example_dags/example_short_circuit_operator.py for tasks to queue
[2025-03-23T08:14:09.214+0000] {logging_mixin.py:190} INFO - [2025-03-23T08:14:09.213+0000] {dagbag.py:588} INFO - Filling up the DagBag from /home/airflow/.local/lib/python3.12/site-packages/airflow/example_dags/example_short_circuit_operator.py
[2025-03-23T08:14:09.228+0000] {processor.py:925} INFO - DAG(s) 'example_short_circuit_operator' retrieved from /home/airflow/.local/lib/python3.12/site-packages/airflow/example_dags/example_short_circuit_operator.py
[2025-03-23T08:14:09.262+0000] {logging_mixin.py:190} INFO - [2025-03-23T08:14:09.261+0000] {dag.py:3239} INFO - Sync 1 DAGs
[2025-03-23T08:14:09.281+0000] {logging_mixin.py:190} INFO - [2025-03-23T08:14:09.280+0000] {dag.py:4180} INFO - Setting next_dagrun for example_short_circuit_operator to None, run_after=None
[2025-03-23T08:14:09.362+0000] {processor.py:208} INFO - Processing /home/airflow/.local/lib/python3.12/site-packages/airflow/example_dags/example_short_circuit_operator.py took 0.164 seconds
[2025-03-23T08:14:39.556+0000] {processor.py:186} INFO - Started process (PID=1047) to work on /home/airflow/.local/lib/python3.12/site-packages/airflow/example_dags/example_short_circuit_operator.py
[2025-03-23T08:14:39.557+0000] {processor.py:914} INFO - Processing file /home/airflow/.local/lib/python3.12/site-packages/airflow/example_dags/example_short_circuit_operator.py for tasks to queue
[2025-03-23T08:14:39.561+0000] {logging_mixin.py:190} INFO - [2025-03-23T08:14:39.560+0000] {dagbag.py:588} INFO - Filling up the DagBag from /home/airflow/.local/lib/python3.12/site-packages/airflow/example_dags/example_short_circuit_operator.py
[2025-03-23T08:14:39.572+0000] {processor.py:925} INFO - DAG(s) 'example_short_circuit_operator' retrieved from /home/airflow/.local/lib/python3.12/site-packages/airflow/example_dags/example_short_circuit_operator.py
[2025-03-23T08:14:39.607+0000] {logging_mixin.py:190} INFO - [2025-03-23T08:14:39.607+0000] {dag.py:3239} INFO - Sync 1 DAGs
[2025-03-23T08:14:39.632+0000] {logging_mixin.py:190} INFO - [2025-03-23T08:14:39.632+0000] {dag.py:4180} INFO - Setting next_dagrun for example_short_circuit_operator to None, run_after=None
[2025-03-23T08:14:39.693+0000] {processor.py:208} INFO - Processing /home/airflow/.local/lib/python3.12/site-packages/airflow/example_dags/example_short_circuit_operator.py took 0.147 seconds
[2025-03-23T08:15:09.921+0000] {processor.py:186} INFO - Started process (PID=1129) to work on /home/airflow/.local/lib/python3.12/site-packages/airflow/example_dags/example_short_circuit_operator.py
[2025-03-23T08:15:09.923+0000] {processor.py:914} INFO - Processing file /home/airflow/.local/lib/python3.12/site-packages/airflow/example_dags/example_short_circuit_operator.py for tasks to queue
[2025-03-23T08:15:09.927+0000] {logging_mixin.py:190} INFO - [2025-03-23T08:15:09.927+0000] {dagbag.py:588} INFO - Filling up the DagBag from /home/airflow/.local/lib/python3.12/site-packages/airflow/example_dags/example_short_circuit_operator.py
[2025-03-23T08:15:09.944+0000] {processor.py:925} INFO - DAG(s) 'example_short_circuit_operator' retrieved from /home/airflow/.local/lib/python3.12/site-packages/airflow/example_dags/example_short_circuit_operator.py
[2025-03-23T08:15:09.976+0000] {logging_mixin.py:190} INFO - [2025-03-23T08:15:09.975+0000] {dag.py:3239} INFO - Sync 1 DAGs
[2025-03-23T08:15:09.994+0000] {logging_mixin.py:190} INFO - [2025-03-23T08:15:09.993+0000] {dag.py:4180} INFO - Setting next_dagrun for example_short_circuit_operator to None, run_after=None
[2025-03-23T08:15:10.054+0000] {processor.py:208} INFO - Processing /home/airflow/.local/lib/python3.12/site-packages/airflow/example_dags/example_short_circuit_operator.py took 0.145 seconds
[2025-03-23T08:15:40.717+0000] {processor.py:186} INFO - Started process (PID=1193) to work on /home/airflow/.local/lib/python3.12/site-packages/airflow/example_dags/example_short_circuit_operator.py
[2025-03-23T08:15:40.718+0000] {processor.py:914} INFO - Processing file /home/airflow/.local/lib/python3.12/site-packages/airflow/example_dags/example_short_circuit_operator.py for tasks to queue
[2025-03-23T08:15:40.722+0000] {logging_mixin.py:190} INFO - [2025-03-23T08:15:40.722+0000] {dagbag.py:588} INFO - Filling up the DagBag from /home/airflow/.local/lib/python3.12/site-packages/airflow/example_dags/example_short_circuit_operator.py
[2025-03-23T08:15:40.738+0000] {processor.py:925} INFO - DAG(s) 'example_short_circuit_operator' retrieved from /home/airflow/.local/lib/python3.12/site-packages/airflow/example_dags/example_short_circuit_operator.py
[2025-03-23T08:15:40.771+0000] {logging_mixin.py:190} INFO - [2025-03-23T08:15:40.771+0000] {dag.py:3239} INFO - Sync 1 DAGs
[2025-03-23T08:15:40.791+0000] {logging_mixin.py:190} INFO - [2025-03-23T08:15:40.791+0000] {dag.py:4180} INFO - Setting next_dagrun for example_short_circuit_operator to None, run_after=None
[2025-03-23T08:15:40.837+0000] {processor.py:208} INFO - Processing /home/airflow/.local/lib/python3.12/site-packages/airflow/example_dags/example_short_circuit_operator.py took 0.134 seconds
[2025-03-23T08:16:12.389+0000] {processor.py:186} INFO - Started process (PID=1257) to work on /home/airflow/.local/lib/python3.12/site-packages/airflow/example_dags/example_short_circuit_operator.py
[2025-03-23T08:16:12.390+0000] {processor.py:914} INFO - Processing file /home/airflow/.local/lib/python3.12/site-packages/airflow/example_dags/example_short_circuit_operator.py for tasks to queue
[2025-03-23T08:16:12.394+0000] {logging_mixin.py:190} INFO - [2025-03-23T08:16:12.393+0000] {dagbag.py:588} INFO - Filling up the DagBag from /home/airflow/.local/lib/python3.12/site-packages/airflow/example_dags/example_short_circuit_operator.py
[2025-03-23T08:16:12.404+0000] {processor.py:925} INFO - DAG(s) 'example_short_circuit_operator' retrieved from /home/airflow/.local/lib/python3.12/site-packages/airflow/example_dags/example_short_circuit_operator.py
[2025-03-23T08:16:12.433+0000] {logging_mixin.py:190} INFO - [2025-03-23T08:16:12.433+0000] {dag.py:3239} INFO - Sync 1 DAGs
[2025-03-23T08:16:12.451+0000] {logging_mixin.py:190} INFO - [2025-03-23T08:16:12.450+0000] {dag.py:4180} INFO - Setting next_dagrun for example_short_circuit_operator to None, run_after=None
[2025-03-23T08:16:12.529+0000] {processor.py:208} INFO - Processing /home/airflow/.local/lib/python3.12/site-packages/airflow/example_dags/example_short_circuit_operator.py took 0.152 seconds
[2025-03-23T08:16:43.520+0000] {processor.py:186} INFO - Started process (PID=1320) to work on /home/airflow/.local/lib/python3.12/site-packages/airflow/example_dags/example_short_circuit_operator.py
[2025-03-23T08:16:43.521+0000] {processor.py:914} INFO - Processing file /home/airflow/.local/lib/python3.12/site-packages/airflow/example_dags/example_short_circuit_operator.py for tasks to queue
[2025-03-23T08:16:43.525+0000] {logging_mixin.py:190} INFO - [2025-03-23T08:16:43.525+0000] {dagbag.py:588} INFO - Filling up the DagBag from /home/airflow/.local/lib/python3.12/site-packages/airflow/example_dags/example_short_circuit_operator.py
[2025-03-23T08:16:43.537+0000] {processor.py:925} INFO - DAG(s) 'example_short_circuit_operator' retrieved from /home/airflow/.local/lib/python3.12/site-packages/airflow/example_dags/example_short_circuit_operator.py
[2025-03-23T08:16:43.570+0000] {logging_mixin.py:190} INFO - [2025-03-23T08:16:43.569+0000] {dag.py:3239} INFO - Sync 1 DAGs
[2025-03-23T08:16:43.589+0000] {logging_mixin.py:190} INFO - [2025-03-23T08:16:43.589+0000] {dag.py:4180} INFO - Setting next_dagrun for example_short_circuit_operator to None, run_after=None
[2025-03-23T08:16:43.639+0000] {processor.py:208} INFO - Processing /home/airflow/.local/lib/python3.12/site-packages/airflow/example_dags/example_short_circuit_operator.py took 0.132 seconds
[2025-03-23T08:17:14.977+0000] {processor.py:186} INFO - Started process (PID=1384) to work on /home/airflow/.local/lib/python3.12/site-packages/airflow/example_dags/example_short_circuit_operator.py
[2025-03-23T08:17:14.978+0000] {processor.py:914} INFO - Processing file /home/airflow/.local/lib/python3.12/site-packages/airflow/example_dags/example_short_circuit_operator.py for tasks to queue
[2025-03-23T08:17:14.982+0000] {logging_mixin.py:190} INFO - [2025-03-23T08:17:14.981+0000] {dagbag.py:588} INFO - Filling up the DagBag from /home/airflow/.local/lib/python3.12/site-packages/airflow/example_dags/example_short_circuit_operator.py
[2025-03-23T08:17:14.993+0000] {processor.py:925} INFO - DAG(s) 'example_short_circuit_operator' retrieved from /home/airflow/.local/lib/python3.12/site-packages/airflow/example_dags/example_short_circuit_operator.py
[2025-03-23T08:17:15.025+0000] {logging_mixin.py:190} INFO - [2025-03-23T08:17:15.025+0000] {dag.py:3239} INFO - Sync 1 DAGs
[2025-03-23T08:17:15.052+0000] {logging_mixin.py:190} INFO - [2025-03-23T08:17:15.052+0000] {dag.py:4180} INFO - Setting next_dagrun for example_short_circuit_operator to None, run_after=None
[2025-03-23T08:17:15.109+0000] {processor.py:208} INFO - Processing /home/airflow/.local/lib/python3.12/site-packages/airflow/example_dags/example_short_circuit_operator.py took 0.146 seconds
[2025-03-23T08:17:46.125+0000] {processor.py:186} INFO - Started process (PID=1448) to work on /home/airflow/.local/lib/python3.12/site-packages/airflow/example_dags/example_short_circuit_operator.py
[2025-03-23T08:17:46.126+0000] {processor.py:914} INFO - Processing file /home/airflow/.local/lib/python3.12/site-packages/airflow/example_dags/example_short_circuit_operator.py for tasks to queue
[2025-03-23T08:17:46.130+0000] {logging_mixin.py:190} INFO - [2025-03-23T08:17:46.129+0000] {dagbag.py:588} INFO - Filling up the DagBag from /home/airflow/.local/lib/python3.12/site-packages/airflow/example_dags/example_short_circuit_operator.py
[2025-03-23T08:17:46.141+0000] {processor.py:925} INFO - DAG(s) 'example_short_circuit_operator' retrieved from /home/airflow/.local/lib/python3.12/site-packages/airflow/example_dags/example_short_circuit_operator.py
[2025-03-23T08:17:46.172+0000] {logging_mixin.py:190} INFO - [2025-03-23T08:17:46.172+0000] {dag.py:3239} INFO - Sync 1 DAGs
[2025-03-23T08:17:46.196+0000] {logging_mixin.py:190} INFO - [2025-03-23T08:17:46.195+0000] {dag.py:4180} INFO - Setting next_dagrun for example_short_circuit_operator to None, run_after=None
[2025-03-23T08:17:46.242+0000] {processor.py:208} INFO - Processing /home/airflow/.local/lib/python3.12/site-packages/airflow/example_dags/example_short_circuit_operator.py took 0.134 seconds
[2025-03-23T08:18:17.170+0000] {processor.py:186} INFO - Started process (PID=1512) to work on /home/airflow/.local/lib/python3.12/site-packages/airflow/example_dags/example_short_circuit_operator.py
[2025-03-23T08:18:17.171+0000] {processor.py:914} INFO - Processing file /home/airflow/.local/lib/python3.12/site-packages/airflow/example_dags/example_short_circuit_operator.py for tasks to queue
[2025-03-23T08:18:17.174+0000] {logging_mixin.py:190} INFO - [2025-03-23T08:18:17.173+0000] {dagbag.py:588} INFO - Filling up the DagBag from /home/airflow/.local/lib/python3.12/site-packages/airflow/example_dags/example_short_circuit_operator.py
[2025-03-23T08:18:17.187+0000] {processor.py:925} INFO - DAG(s) 'example_short_circuit_operator' retrieved from /home/airflow/.local/lib/python3.12/site-packages/airflow/example_dags/example_short_circuit_operator.py
[2025-03-23T08:18:17.217+0000] {logging_mixin.py:190} INFO - [2025-03-23T08:18:17.217+0000] {dag.py:3239} INFO - Sync 1 DAGs
[2025-03-23T08:18:17.242+0000] {logging_mixin.py:190} INFO - [2025-03-23T08:18:17.241+0000] {dag.py:4180} INFO - Setting next_dagrun for example_short_circuit_operator to None, run_after=None
[2025-03-23T08:18:17.298+0000] {processor.py:208} INFO - Processing /home/airflow/.local/lib/python3.12/site-packages/airflow/example_dags/example_short_circuit_operator.py took 0.141 seconds
[2025-03-23T08:18:48.995+0000] {processor.py:186} INFO - Started process (PID=1576) to work on /home/airflow/.local/lib/python3.12/site-packages/airflow/example_dags/example_short_circuit_operator.py
[2025-03-23T08:18:48.997+0000] {processor.py:914} INFO - Processing file /home/airflow/.local/lib/python3.12/site-packages/airflow/example_dags/example_short_circuit_operator.py for tasks to queue
[2025-03-23T08:18:49.001+0000] {logging_mixin.py:190} INFO - [2025-03-23T08:18:49.001+0000] {dagbag.py:588} INFO - Filling up the DagBag from /home/airflow/.local/lib/python3.12/site-packages/airflow/example_dags/example_short_circuit_operator.py
[2025-03-23T08:18:49.014+0000] {processor.py:925} INFO - DAG(s) 'example_short_circuit_operator' retrieved from /home/airflow/.local/lib/python3.12/site-packages/airflow/example_dags/example_short_circuit_operator.py
[2025-03-23T08:18:49.046+0000] {logging_mixin.py:190} INFO - [2025-03-23T08:18:49.045+0000] {dag.py:3239} INFO - Sync 1 DAGs
[2025-03-23T08:18:49.066+0000] {logging_mixin.py:190} INFO - [2025-03-23T08:18:49.066+0000] {dag.py:4180} INFO - Setting next_dagrun for example_short_circuit_operator to None, run_after=None
[2025-03-23T08:18:49.122+0000] {processor.py:208} INFO - Processing /home/airflow/.local/lib/python3.12/site-packages/airflow/example_dags/example_short_circuit_operator.py took 0.141 seconds
[2025-03-23T08:19:20.537+0000] {processor.py:186} INFO - Started process (PID=1640) to work on /home/airflow/.local/lib/python3.12/site-packages/airflow/example_dags/example_short_circuit_operator.py
[2025-03-23T08:19:20.539+0000] {processor.py:914} INFO - Processing file /home/airflow/.local/lib/python3.12/site-packages/airflow/example_dags/example_short_circuit_operator.py for tasks to queue
[2025-03-23T08:19:20.543+0000] {logging_mixin.py:190} INFO - [2025-03-23T08:19:20.543+0000] {dagbag.py:588} INFO - Filling up the DagBag from /home/airflow/.local/lib/python3.12/site-packages/airflow/example_dags/example_short_circuit_operator.py
[2025-03-23T08:19:20.556+0000] {processor.py:925} INFO - DAG(s) 'example_short_circuit_operator' retrieved from /home/airflow/.local/lib/python3.12/site-packages/airflow/example_dags/example_short_circuit_operator.py
[2025-03-23T08:19:20.591+0000] {logging_mixin.py:190} INFO - [2025-03-23T08:19:20.591+0000] {dag.py:3239} INFO - Sync 1 DAGs
[2025-03-23T08:19:20.629+0000] {logging_mixin.py:190} INFO - [2025-03-23T08:19:20.628+0000] {dag.py:4180} INFO - Setting next_dagrun for example_short_circuit_operator to None, run_after=None
[2025-03-23T08:19:20.693+0000] {processor.py:208} INFO - Processing /home/airflow/.local/lib/python3.12/site-packages/airflow/example_dags/example_short_circuit_operator.py took 0.169 seconds
[2025-03-23T08:19:52.199+0000] {processor.py:186} INFO - Started process (PID=1704) to work on /home/airflow/.local/lib/python3.12/site-packages/airflow/example_dags/example_short_circuit_operator.py
[2025-03-23T08:19:52.200+0000] {processor.py:914} INFO - Processing file /home/airflow/.local/lib/python3.12/site-packages/airflow/example_dags/example_short_circuit_operator.py for tasks to queue
[2025-03-23T08:19:52.204+0000] {logging_mixin.py:190} INFO - [2025-03-23T08:19:52.203+0000] {dagbag.py:588} INFO - Filling up the DagBag from /home/airflow/.local/lib/python3.12/site-packages/airflow/example_dags/example_short_circuit_operator.py
[2025-03-23T08:19:52.214+0000] {processor.py:925} INFO - DAG(s) 'example_short_circuit_operator' retrieved from /home/airflow/.local/lib/python3.12/site-packages/airflow/example_dags/example_short_circuit_operator.py
[2025-03-23T08:19:52.248+0000] {logging_mixin.py:190} INFO - [2025-03-23T08:19:52.248+0000] {dag.py:3239} INFO - Sync 1 DAGs
[2025-03-23T08:19:52.271+0000] {logging_mixin.py:190} INFO - [2025-03-23T08:19:52.271+0000] {dag.py:4180} INFO - Setting next_dagrun for example_short_circuit_operator to None, run_after=None
[2025-03-23T08:19:52.335+0000] {processor.py:208} INFO - Processing /home/airflow/.local/lib/python3.12/site-packages/airflow/example_dags/example_short_circuit_operator.py took 0.152 seconds
[2025-03-23T08:20:23.646+0000] {processor.py:186} INFO - Started process (PID=1768) to work on /home/airflow/.local/lib/python3.12/site-packages/airflow/example_dags/example_short_circuit_operator.py
[2025-03-23T08:20:23.648+0000] {processor.py:914} INFO - Processing file /home/airflow/.local/lib/python3.12/site-packages/airflow/example_dags/example_short_circuit_operator.py for tasks to queue
[2025-03-23T08:20:23.652+0000] {logging_mixin.py:190} INFO - [2025-03-23T08:20:23.651+0000] {dagbag.py:588} INFO - Filling up the DagBag from /home/airflow/.local/lib/python3.12/site-packages/airflow/example_dags/example_short_circuit_operator.py
[2025-03-23T08:20:23.662+0000] {processor.py:925} INFO - DAG(s) 'example_short_circuit_operator' retrieved from /home/airflow/.local/lib/python3.12/site-packages/airflow/example_dags/example_short_circuit_operator.py
[2025-03-23T08:20:23.694+0000] {logging_mixin.py:190} INFO - [2025-03-23T08:20:23.694+0000] {dag.py:3239} INFO - Sync 1 DAGs
[2025-03-23T08:20:23.714+0000] {logging_mixin.py:190} INFO - [2025-03-23T08:20:23.713+0000] {dag.py:4180} INFO - Setting next_dagrun for example_short_circuit_operator to None, run_after=None
[2025-03-23T08:20:23.777+0000] {processor.py:208} INFO - Processing /home/airflow/.local/lib/python3.12/site-packages/airflow/example_dags/example_short_circuit_operator.py took 0.143 seconds
[2025-03-23T08:20:59.099+0000] {processor.py:186} INFO - Started process (PID=1838) to work on /home/airflow/.local/lib/python3.12/site-packages/airflow/example_dags/example_short_circuit_operator.py
[2025-03-23T08:20:59.100+0000] {processor.py:914} INFO - Processing file /home/airflow/.local/lib/python3.12/site-packages/airflow/example_dags/example_short_circuit_operator.py for tasks to queue
[2025-03-23T08:20:59.104+0000] {logging_mixin.py:190} INFO - [2025-03-23T08:20:59.103+0000] {dagbag.py:588} INFO - Filling up the DagBag from /home/airflow/.local/lib/python3.12/site-packages/airflow/example_dags/example_short_circuit_operator.py
[2025-03-23T08:20:59.122+0000] {processor.py:925} INFO - DAG(s) 'example_short_circuit_operator' retrieved from /home/airflow/.local/lib/python3.12/site-packages/airflow/example_dags/example_short_circuit_operator.py
[2025-03-23T08:20:59.161+0000] {logging_mixin.py:190} INFO - [2025-03-23T08:20:59.160+0000] {dag.py:3239} INFO - Sync 1 DAGs
[2025-03-23T08:20:59.190+0000] {logging_mixin.py:190} INFO - [2025-03-23T08:20:59.190+0000] {dag.py:4180} INFO - Setting next_dagrun for example_short_circuit_operator to None, run_after=None
[2025-03-23T08:20:59.298+0000] {processor.py:208} INFO - Processing /home/airflow/.local/lib/python3.12/site-packages/airflow/example_dags/example_short_circuit_operator.py took 0.222 seconds
[2025-03-23T08:26:53.128+0000] {processor.py:186} INFO - Started process (PID=123) to work on /home/airflow/.local/lib/python3.12/site-packages/airflow/example_dags/example_short_circuit_operator.py
[2025-03-23T08:26:53.210+0000] {processor.py:914} INFO - Processing file /home/airflow/.local/lib/python3.12/site-packages/airflow/example_dags/example_short_circuit_operator.py for tasks to queue
[2025-03-23T08:26:53.213+0000] {logging_mixin.py:190} INFO - [2025-03-23T08:26:53.213+0000] {dagbag.py:588} INFO - Filling up the DagBag from /home/airflow/.local/lib/python3.12/site-packages/airflow/example_dags/example_short_circuit_operator.py
[2025-03-23T08:26:53.225+0000] {processor.py:925} INFO - DAG(s) 'example_short_circuit_operator' retrieved from /home/airflow/.local/lib/python3.12/site-packages/airflow/example_dags/example_short_circuit_operator.py
[2025-03-23T08:26:53.258+0000] {logging_mixin.py:190} INFO - [2025-03-23T08:26:53.258+0000] {dag.py:3239} INFO - Sync 1 DAGs
[2025-03-23T08:26:53.278+0000] {logging_mixin.py:190} INFO - [2025-03-23T08:26:53.277+0000] {dag.py:4180} INFO - Setting next_dagrun for example_short_circuit_operator to None, run_after=None
[2025-03-23T08:26:53.598+0000] {processor.py:208} INFO - Processing /home/airflow/.local/lib/python3.12/site-packages/airflow/example_dags/example_short_circuit_operator.py took 0.502 seconds
[2025-03-23T08:27:24.419+0000] {processor.py:186} INFO - Started process (PID=187) to work on /home/airflow/.local/lib/python3.12/site-packages/airflow/example_dags/example_short_circuit_operator.py
[2025-03-23T08:27:24.424+0000] {processor.py:914} INFO - Processing file /home/airflow/.local/lib/python3.12/site-packages/airflow/example_dags/example_short_circuit_operator.py for tasks to queue
[2025-03-23T08:27:24.429+0000] {logging_mixin.py:190} INFO - [2025-03-23T08:27:24.428+0000] {dagbag.py:588} INFO - Filling up the DagBag from /home/airflow/.local/lib/python3.12/site-packages/airflow/example_dags/example_short_circuit_operator.py
[2025-03-23T08:27:24.443+0000] {processor.py:925} INFO - DAG(s) 'example_short_circuit_operator' retrieved from /home/airflow/.local/lib/python3.12/site-packages/airflow/example_dags/example_short_circuit_operator.py
[2025-03-23T08:27:24.484+0000] {logging_mixin.py:190} INFO - [2025-03-23T08:27:24.484+0000] {dag.py:3239} INFO - Sync 1 DAGs
[2025-03-23T08:27:24.504+0000] {logging_mixin.py:190} INFO - [2025-03-23T08:27:24.504+0000] {dag.py:4180} INFO - Setting next_dagrun for example_short_circuit_operator to None, run_after=None
[2025-03-23T08:27:24.972+0000] {processor.py:208} INFO - Processing /home/airflow/.local/lib/python3.12/site-packages/airflow/example_dags/example_short_circuit_operator.py took 0.565 seconds
[2025-03-23T08:27:55.468+0000] {processor.py:186} INFO - Started process (PID=251) to work on /home/airflow/.local/lib/python3.12/site-packages/airflow/example_dags/example_short_circuit_operator.py
[2025-03-23T08:27:55.469+0000] {processor.py:914} INFO - Processing file /home/airflow/.local/lib/python3.12/site-packages/airflow/example_dags/example_short_circuit_operator.py for tasks to queue
[2025-03-23T08:27:55.474+0000] {logging_mixin.py:190} INFO - [2025-03-23T08:27:55.474+0000] {dagbag.py:588} INFO - Filling up the DagBag from /home/airflow/.local/lib/python3.12/site-packages/airflow/example_dags/example_short_circuit_operator.py
[2025-03-23T08:27:55.489+0000] {processor.py:925} INFO - DAG(s) 'example_short_circuit_operator' retrieved from /home/airflow/.local/lib/python3.12/site-packages/airflow/example_dags/example_short_circuit_operator.py
[2025-03-23T08:27:55.531+0000] {logging_mixin.py:190} INFO - [2025-03-23T08:27:55.530+0000] {dag.py:3239} INFO - Sync 1 DAGs
[2025-03-23T08:27:55.558+0000] {logging_mixin.py:190} INFO - [2025-03-23T08:27:55.558+0000] {dag.py:4180} INFO - Setting next_dagrun for example_short_circuit_operator to None, run_after=None
[2025-03-23T08:27:55.621+0000] {processor.py:208} INFO - Processing /home/airflow/.local/lib/python3.12/site-packages/airflow/example_dags/example_short_circuit_operator.py took 0.165 seconds
[2025-03-23T08:28:26.174+0000] {processor.py:186} INFO - Started process (PID=314) to work on /home/airflow/.local/lib/python3.12/site-packages/airflow/example_dags/example_short_circuit_operator.py
[2025-03-23T08:28:26.176+0000] {processor.py:914} INFO - Processing file /home/airflow/.local/lib/python3.12/site-packages/airflow/example_dags/example_short_circuit_operator.py for tasks to queue
[2025-03-23T08:28:26.179+0000] {logging_mixin.py:190} INFO - [2025-03-23T08:28:26.178+0000] {dagbag.py:588} INFO - Filling up the DagBag from /home/airflow/.local/lib/python3.12/site-packages/airflow/example_dags/example_short_circuit_operator.py
[2025-03-23T08:28:26.194+0000] {processor.py:925} INFO - DAG(s) 'example_short_circuit_operator' retrieved from /home/airflow/.local/lib/python3.12/site-packages/airflow/example_dags/example_short_circuit_operator.py
[2025-03-23T08:28:26.233+0000] {logging_mixin.py:190} INFO - [2025-03-23T08:28:26.233+0000] {dag.py:3239} INFO - Sync 1 DAGs
[2025-03-23T08:28:26.254+0000] {logging_mixin.py:190} INFO - [2025-03-23T08:28:26.254+0000] {dag.py:4180} INFO - Setting next_dagrun for example_short_circuit_operator to None, run_after=None
[2025-03-23T08:28:26.340+0000] {processor.py:208} INFO - Processing /home/airflow/.local/lib/python3.12/site-packages/airflow/example_dags/example_short_circuit_operator.py took 0.177 seconds
[2025-03-23T08:28:56.810+0000] {processor.py:186} INFO - Started process (PID=378) to work on /home/airflow/.local/lib/python3.12/site-packages/airflow/example_dags/example_short_circuit_operator.py
[2025-03-23T08:28:56.812+0000] {processor.py:914} INFO - Processing file /home/airflow/.local/lib/python3.12/site-packages/airflow/example_dags/example_short_circuit_operator.py for tasks to queue
[2025-03-23T08:28:56.815+0000] {logging_mixin.py:190} INFO - [2025-03-23T08:28:56.815+0000] {dagbag.py:588} INFO - Filling up the DagBag from /home/airflow/.local/lib/python3.12/site-packages/airflow/example_dags/example_short_circuit_operator.py
[2025-03-23T08:28:56.827+0000] {processor.py:925} INFO - DAG(s) 'example_short_circuit_operator' retrieved from /home/airflow/.local/lib/python3.12/site-packages/airflow/example_dags/example_short_circuit_operator.py
[2025-03-23T08:28:56.871+0000] {logging_mixin.py:190} INFO - [2025-03-23T08:28:56.870+0000] {dag.py:3239} INFO - Sync 1 DAGs
[2025-03-23T08:28:56.894+0000] {logging_mixin.py:190} INFO - [2025-03-23T08:28:56.894+0000] {dag.py:4180} INFO - Setting next_dagrun for example_short_circuit_operator to None, run_after=None
[2025-03-23T08:28:56.953+0000] {processor.py:208} INFO - Processing /home/airflow/.local/lib/python3.12/site-packages/airflow/example_dags/example_short_circuit_operator.py took 0.151 seconds
[2025-03-23T08:29:27.686+0000] {processor.py:186} INFO - Started process (PID=442) to work on /home/airflow/.local/lib/python3.12/site-packages/airflow/example_dags/example_short_circuit_operator.py
[2025-03-23T08:29:27.688+0000] {processor.py:914} INFO - Processing file /home/airflow/.local/lib/python3.12/site-packages/airflow/example_dags/example_short_circuit_operator.py for tasks to queue
[2025-03-23T08:29:27.694+0000] {logging_mixin.py:190} INFO - [2025-03-23T08:29:27.693+0000] {dagbag.py:588} INFO - Filling up the DagBag from /home/airflow/.local/lib/python3.12/site-packages/airflow/example_dags/example_short_circuit_operator.py
[2025-03-23T08:29:27.721+0000] {processor.py:925} INFO - DAG(s) 'example_short_circuit_operator' retrieved from /home/airflow/.local/lib/python3.12/site-packages/airflow/example_dags/example_short_circuit_operator.py
[2025-03-23T08:29:27.796+0000] {logging_mixin.py:190} INFO - [2025-03-23T08:29:27.795+0000] {dag.py:3239} INFO - Sync 1 DAGs
[2025-03-23T08:29:27.887+0000] {logging_mixin.py:190} INFO - [2025-03-23T08:29:27.887+0000] {dag.py:4180} INFO - Setting next_dagrun for example_short_circuit_operator to None, run_after=None
[2025-03-23T08:29:27.984+0000] {processor.py:208} INFO - Processing /home/airflow/.local/lib/python3.12/site-packages/airflow/example_dags/example_short_circuit_operator.py took 0.316 seconds
[2025-03-23T08:29:58.352+0000] {processor.py:186} INFO - Started process (PID=505) to work on /home/airflow/.local/lib/python3.12/site-packages/airflow/example_dags/example_short_circuit_operator.py
[2025-03-23T08:29:58.353+0000] {processor.py:914} INFO - Processing file /home/airflow/.local/lib/python3.12/site-packages/airflow/example_dags/example_short_circuit_operator.py for tasks to queue
[2025-03-23T08:29:58.356+0000] {logging_mixin.py:190} INFO - [2025-03-23T08:29:58.356+0000] {dagbag.py:588} INFO - Filling up the DagBag from /home/airflow/.local/lib/python3.12/site-packages/airflow/example_dags/example_short_circuit_operator.py
[2025-03-23T08:29:58.368+0000] {processor.py:925} INFO - DAG(s) 'example_short_circuit_operator' retrieved from /home/airflow/.local/lib/python3.12/site-packages/airflow/example_dags/example_short_circuit_operator.py
[2025-03-23T08:29:58.401+0000] {logging_mixin.py:190} INFO - [2025-03-23T08:29:58.401+0000] {dag.py:3239} INFO - Sync 1 DAGs
[2025-03-23T08:29:58.421+0000] {logging_mixin.py:190} INFO - [2025-03-23T08:29:58.420+0000] {dag.py:4180} INFO - Setting next_dagrun for example_short_circuit_operator to None, run_after=None
[2025-03-23T08:29:58.490+0000] {processor.py:208} INFO - Processing /home/airflow/.local/lib/python3.12/site-packages/airflow/example_dags/example_short_circuit_operator.py took 0.146 seconds
