[2025-03-23T08:06:17.744+0000] {processor.py:186} INFO - Started process (PID=92) to work on /home/airflow/.local/lib/python3.12/site-packages/airflow/example_dags/example_branch_operator.py
[2025-03-23T08:06:17.748+0000] {processor.py:914} INFO - Processing file /home/airflow/.local/lib/python3.12/site-packages/airflow/example_dags/example_branch_operator.py for tasks to queue
[2025-03-23T08:06:17.772+0000] {logging_mixin.py:190} INFO - [2025-03-23T08:06:17.769+0000] {dagbag.py:588} INFO - Filling up the DagBag from /home/airflow/.local/lib/python3.12/site-packages/airflow/example_dags/example_branch_operator.py
[2025-03-23T08:06:17.824+0000] {processor.py:925} INFO - DAG(s) 'example_branch_operator' retrieved from /home/airflow/.local/lib/python3.12/site-packages/airflow/example_dags/example_branch_operator.py
[2025-03-23T08:06:18.296+0000] {logging_mixin.py:190} INFO - [2025-03-23T08:06:18.294+0000] {override.py:1911} INFO - Created Permission View: can edit on DAG:example_branch_operator
[2025-03-23T08:06:18.400+0000] {logging_mixin.py:190} INFO - [2025-03-23T08:06:18.399+0000] {override.py:1911} INFO - Created Permission View: can delete on DAG:example_branch_operator
[2025-03-23T08:06:18.551+0000] {logging_mixin.py:190} INFO - [2025-03-23T08:06:18.550+0000] {override.py:1911} INFO - Created Permission View: can read on DAG:example_branch_operator
[2025-03-23T08:06:18.773+0000] {logging_mixin.py:190} INFO - [2025-03-23T08:06:18.773+0000] {override.py:1911} INFO - Created Permission View: menu access on DAG Run:example_branch_operator
[2025-03-23T08:06:18.887+0000] {logging_mixin.py:190} INFO - [2025-03-23T08:06:18.886+0000] {override.py:1911} INFO - Created Permission View: can create on DAG Run:example_branch_operator
[2025-03-23T08:06:19.000+0000] {logging_mixin.py:190} INFO - [2025-03-23T08:06:18.999+0000] {override.py:1911} INFO - Created Permission View: can read on DAG Run:example_branch_operator
[2025-03-23T08:06:19.067+0000] {logging_mixin.py:190} INFO - [2025-03-23T08:06:19.066+0000] {override.py:1911} INFO - Created Permission View: can delete on DAG Run:example_branch_operator
[2025-03-23T08:06:19.084+0000] {logging_mixin.py:190} INFO - [2025-03-23T08:06:19.076+0000] {dag.py:3239} INFO - Sync 1 DAGs
[2025-03-23T08:06:19.112+0000] {logging_mixin.py:190} INFO - [2025-03-23T08:06:19.112+0000] {dag.py:3262} INFO - Creating ORM DAG for example_branch_operator
[2025-03-23T08:06:19.133+0000] {logging_mixin.py:190} INFO - [2025-03-23T08:06:19.133+0000] {dag.py:4180} INFO - Setting next_dagrun for example_branch_operator to 2025-03-22 00:00:00+00:00, run_after=2025-03-23 00:00:00+00:00
[2025-03-23T08:06:19.208+0000] {processor.py:208} INFO - Processing /home/airflow/.local/lib/python3.12/site-packages/airflow/example_dags/example_branch_operator.py took 1.482 seconds
[2025-03-23T08:07:39.287+0000] {processor.py:186} INFO - Started process (PID=168) to work on /home/airflow/.local/lib/python3.12/site-packages/airflow/example_dags/example_branch_operator.py
[2025-03-23T08:07:39.289+0000] {processor.py:914} INFO - Processing file /home/airflow/.local/lib/python3.12/site-packages/airflow/example_dags/example_branch_operator.py for tasks to queue
[2025-03-23T08:07:39.291+0000] {logging_mixin.py:190} INFO - [2025-03-23T08:07:39.291+0000] {dagbag.py:588} INFO - Filling up the DagBag from /home/airflow/.local/lib/python3.12/site-packages/airflow/example_dags/example_branch_operator.py
[2025-03-23T08:07:39.319+0000] {processor.py:925} INFO - DAG(s) 'example_branch_operator' retrieved from /home/airflow/.local/lib/python3.12/site-packages/airflow/example_dags/example_branch_operator.py
[2025-03-23T08:07:39.361+0000] {logging_mixin.py:190} INFO - [2025-03-23T08:07:39.361+0000] {dag.py:3239} INFO - Sync 1 DAGs
[2025-03-23T08:07:39.405+0000] {logging_mixin.py:190} INFO - [2025-03-23T08:07:39.404+0000] {dag.py:4180} INFO - Setting next_dagrun for example_branch_operator to 2025-03-22 00:00:00+00:00, run_after=2025-03-23 00:00:00+00:00
[2025-03-23T08:07:39.599+0000] {processor.py:208} INFO - Processing /home/airflow/.local/lib/python3.12/site-packages/airflow/example_dags/example_branch_operator.py took 0.320 seconds
[2025-03-23T08:08:10.081+0000] {processor.py:186} INFO - Started process (PID=233) to work on /home/airflow/.local/lib/python3.12/site-packages/airflow/example_dags/example_branch_operator.py
[2025-03-23T08:08:10.087+0000] {processor.py:914} INFO - Processing file /home/airflow/.local/lib/python3.12/site-packages/airflow/example_dags/example_branch_operator.py for tasks to queue
[2025-03-23T08:08:10.099+0000] {logging_mixin.py:190} INFO - [2025-03-23T08:08:10.098+0000] {dagbag.py:588} INFO - Filling up the DagBag from /home/airflow/.local/lib/python3.12/site-packages/airflow/example_dags/example_branch_operator.py
[2025-03-23T08:08:10.164+0000] {processor.py:925} INFO - DAG(s) 'example_branch_operator' retrieved from /home/airflow/.local/lib/python3.12/site-packages/airflow/example_dags/example_branch_operator.py
[2025-03-23T08:08:10.223+0000] {logging_mixin.py:190} INFO - [2025-03-23T08:08:10.223+0000] {dag.py:3239} INFO - Sync 1 DAGs
[2025-03-23T08:08:10.270+0000] {logging_mixin.py:190} INFO - [2025-03-23T08:08:10.270+0000] {dag.py:4180} INFO - Setting next_dagrun for example_branch_operator to 2025-03-22 00:00:00+00:00, run_after=2025-03-23 00:00:00+00:00
[2025-03-23T08:08:10.385+0000] {processor.py:208} INFO - Processing /home/airflow/.local/lib/python3.12/site-packages/airflow/example_dags/example_branch_operator.py took 0.320 seconds
[2025-03-23T08:08:40.899+0000] {processor.py:186} INFO - Started process (PID=297) to work on /home/airflow/.local/lib/python3.12/site-packages/airflow/example_dags/example_branch_operator.py
[2025-03-23T08:08:40.901+0000] {processor.py:914} INFO - Processing file /home/airflow/.local/lib/python3.12/site-packages/airflow/example_dags/example_branch_operator.py for tasks to queue
[2025-03-23T08:08:40.905+0000] {logging_mixin.py:190} INFO - [2025-03-23T08:08:40.905+0000] {dagbag.py:588} INFO - Filling up the DagBag from /home/airflow/.local/lib/python3.12/site-packages/airflow/example_dags/example_branch_operator.py
[2025-03-23T08:08:40.944+0000] {processor.py:925} INFO - DAG(s) 'example_branch_operator' retrieved from /home/airflow/.local/lib/python3.12/site-packages/airflow/example_dags/example_branch_operator.py
[2025-03-23T08:08:41.000+0000] {logging_mixin.py:190} INFO - [2025-03-23T08:08:41.000+0000] {dag.py:3239} INFO - Sync 1 DAGs
[2025-03-23T08:08:41.051+0000] {logging_mixin.py:190} INFO - [2025-03-23T08:08:41.050+0000] {dag.py:4180} INFO - Setting next_dagrun for example_branch_operator to 2025-03-22 00:00:00+00:00, run_after=2025-03-23 00:00:00+00:00
[2025-03-23T08:08:41.126+0000] {processor.py:208} INFO - Processing /home/airflow/.local/lib/python3.12/site-packages/airflow/example_dags/example_branch_operator.py took 0.239 seconds
[2025-03-23T08:09:11.920+0000] {processor.py:186} INFO - Started process (PID=360) to work on /home/airflow/.local/lib/python3.12/site-packages/airflow/example_dags/example_branch_operator.py
[2025-03-23T08:09:11.922+0000] {processor.py:914} INFO - Processing file /home/airflow/.local/lib/python3.12/site-packages/airflow/example_dags/example_branch_operator.py for tasks to queue
[2025-03-23T08:09:11.926+0000] {logging_mixin.py:190} INFO - [2025-03-23T08:09:11.926+0000] {dagbag.py:588} INFO - Filling up the DagBag from /home/airflow/.local/lib/python3.12/site-packages/airflow/example_dags/example_branch_operator.py
[2025-03-23T08:09:11.951+0000] {processor.py:925} INFO - DAG(s) 'example_branch_operator' retrieved from /home/airflow/.local/lib/python3.12/site-packages/airflow/example_dags/example_branch_operator.py
[2025-03-23T08:09:11.987+0000] {logging_mixin.py:190} INFO - [2025-03-23T08:09:11.987+0000] {dag.py:3239} INFO - Sync 1 DAGs
[2025-03-23T08:09:12.019+0000] {logging_mixin.py:190} INFO - [2025-03-23T08:09:12.018+0000] {dag.py:4180} INFO - Setting next_dagrun for example_branch_operator to 2025-03-22 00:00:00+00:00, run_after=2025-03-23 00:00:00+00:00
[2025-03-23T08:09:12.305+0000] {processor.py:208} INFO - Processing /home/airflow/.local/lib/python3.12/site-packages/airflow/example_dags/example_branch_operator.py took 0.395 seconds
[2025-03-23T08:09:42.700+0000] {processor.py:186} INFO - Started process (PID=424) to work on /home/airflow/.local/lib/python3.12/site-packages/airflow/example_dags/example_branch_operator.py
[2025-03-23T08:09:42.701+0000] {processor.py:914} INFO - Processing file /home/airflow/.local/lib/python3.12/site-packages/airflow/example_dags/example_branch_operator.py for tasks to queue
[2025-03-23T08:09:42.705+0000] {logging_mixin.py:190} INFO - [2025-03-23T08:09:42.704+0000] {dagbag.py:588} INFO - Filling up the DagBag from /home/airflow/.local/lib/python3.12/site-packages/airflow/example_dags/example_branch_operator.py
[2025-03-23T08:09:42.732+0000] {processor.py:925} INFO - DAG(s) 'example_branch_operator' retrieved from /home/airflow/.local/lib/python3.12/site-packages/airflow/example_dags/example_branch_operator.py
[2025-03-23T08:09:42.774+0000] {logging_mixin.py:190} INFO - [2025-03-23T08:09:42.774+0000] {dag.py:3239} INFO - Sync 1 DAGs
[2025-03-23T08:09:42.803+0000] {logging_mixin.py:190} INFO - [2025-03-23T08:09:42.803+0000] {dag.py:4180} INFO - Setting next_dagrun for example_branch_operator to 2025-03-22 00:00:00+00:00, run_after=2025-03-23 00:00:00+00:00
[2025-03-23T08:09:43.264+0000] {processor.py:208} INFO - Processing /home/airflow/.local/lib/python3.12/site-packages/airflow/example_dags/example_branch_operator.py took 0.573 seconds
[2025-03-23T08:10:13.420+0000] {processor.py:186} INFO - Started process (PID=488) to work on /home/airflow/.local/lib/python3.12/site-packages/airflow/example_dags/example_branch_operator.py
[2025-03-23T08:10:13.421+0000] {processor.py:914} INFO - Processing file /home/airflow/.local/lib/python3.12/site-packages/airflow/example_dags/example_branch_operator.py for tasks to queue
[2025-03-23T08:10:13.425+0000] {logging_mixin.py:190} INFO - [2025-03-23T08:10:13.424+0000] {dagbag.py:588} INFO - Filling up the DagBag from /home/airflow/.local/lib/python3.12/site-packages/airflow/example_dags/example_branch_operator.py
[2025-03-23T08:10:13.449+0000] {processor.py:925} INFO - DAG(s) 'example_branch_operator' retrieved from /home/airflow/.local/lib/python3.12/site-packages/airflow/example_dags/example_branch_operator.py
[2025-03-23T08:10:13.482+0000] {logging_mixin.py:190} INFO - [2025-03-23T08:10:13.482+0000] {dag.py:3239} INFO - Sync 1 DAGs
[2025-03-23T08:10:13.513+0000] {logging_mixin.py:190} INFO - [2025-03-23T08:10:13.513+0000] {dag.py:4180} INFO - Setting next_dagrun for example_branch_operator to 2025-03-22 00:00:00+00:00, run_after=2025-03-23 00:00:00+00:00
[2025-03-23T08:10:13.570+0000] {processor.py:208} INFO - Processing /home/airflow/.local/lib/python3.12/site-packages/airflow/example_dags/example_branch_operator.py took 0.159 seconds
[2025-03-23T08:10:44.326+0000] {processor.py:186} INFO - Started process (PID=552) to work on /home/airflow/.local/lib/python3.12/site-packages/airflow/example_dags/example_branch_operator.py
[2025-03-23T08:10:44.327+0000] {processor.py:914} INFO - Processing file /home/airflow/.local/lib/python3.12/site-packages/airflow/example_dags/example_branch_operator.py for tasks to queue
[2025-03-23T08:10:44.331+0000] {logging_mixin.py:190} INFO - [2025-03-23T08:10:44.331+0000] {dagbag.py:588} INFO - Filling up the DagBag from /home/airflow/.local/lib/python3.12/site-packages/airflow/example_dags/example_branch_operator.py
[2025-03-23T08:10:44.362+0000] {processor.py:925} INFO - DAG(s) 'example_branch_operator' retrieved from /home/airflow/.local/lib/python3.12/site-packages/airflow/example_dags/example_branch_operator.py
[2025-03-23T08:10:44.410+0000] {logging_mixin.py:190} INFO - [2025-03-23T08:10:44.410+0000] {dag.py:3239} INFO - Sync 1 DAGs
[2025-03-23T08:10:44.442+0000] {logging_mixin.py:190} INFO - [2025-03-23T08:10:44.442+0000] {dag.py:4180} INFO - Setting next_dagrun for example_branch_operator to 2025-03-22 00:00:00+00:00, run_after=2025-03-23 00:00:00+00:00
[2025-03-23T08:10:44.522+0000] {processor.py:208} INFO - Processing /home/airflow/.local/lib/python3.12/site-packages/airflow/example_dags/example_branch_operator.py took 0.208 seconds
[2025-03-23T08:11:15.685+0000] {processor.py:186} INFO - Started process (PID=616) to work on /home/airflow/.local/lib/python3.12/site-packages/airflow/example_dags/example_branch_operator.py
[2025-03-23T08:11:15.686+0000] {processor.py:914} INFO - Processing file /home/airflow/.local/lib/python3.12/site-packages/airflow/example_dags/example_branch_operator.py for tasks to queue
[2025-03-23T08:11:15.689+0000] {logging_mixin.py:190} INFO - [2025-03-23T08:11:15.689+0000] {dagbag.py:588} INFO - Filling up the DagBag from /home/airflow/.local/lib/python3.12/site-packages/airflow/example_dags/example_branch_operator.py
[2025-03-23T08:11:15.730+0000] {processor.py:925} INFO - DAG(s) 'example_branch_operator' retrieved from /home/airflow/.local/lib/python3.12/site-packages/airflow/example_dags/example_branch_operator.py
[2025-03-23T08:11:15.799+0000] {logging_mixin.py:190} INFO - [2025-03-23T08:11:15.798+0000] {dag.py:3239} INFO - Sync 1 DAGs
[2025-03-23T08:11:15.849+0000] {logging_mixin.py:190} INFO - [2025-03-23T08:11:15.848+0000] {dag.py:4180} INFO - Setting next_dagrun for example_branch_operator to 2025-03-22 00:00:00+00:00, run_after=2025-03-23 00:00:00+00:00
[2025-03-23T08:11:15.922+0000] {processor.py:208} INFO - Processing /home/airflow/.local/lib/python3.12/site-packages/airflow/example_dags/example_branch_operator.py took 0.250 seconds
[2025-03-23T08:11:46.445+0000] {processor.py:186} INFO - Started process (PID=680) to work on /home/airflow/.local/lib/python3.12/site-packages/airflow/example_dags/example_branch_operator.py
[2025-03-23T08:11:46.447+0000] {processor.py:914} INFO - Processing file /home/airflow/.local/lib/python3.12/site-packages/airflow/example_dags/example_branch_operator.py for tasks to queue
[2025-03-23T08:11:46.451+0000] {logging_mixin.py:190} INFO - [2025-03-23T08:11:46.450+0000] {dagbag.py:588} INFO - Filling up the DagBag from /home/airflow/.local/lib/python3.12/site-packages/airflow/example_dags/example_branch_operator.py
[2025-03-23T08:11:46.480+0000] {processor.py:925} INFO - DAG(s) 'example_branch_operator' retrieved from /home/airflow/.local/lib/python3.12/site-packages/airflow/example_dags/example_branch_operator.py
[2025-03-23T08:11:46.529+0000] {logging_mixin.py:190} INFO - [2025-03-23T08:11:46.528+0000] {dag.py:3239} INFO - Sync 1 DAGs
[2025-03-23T08:11:46.563+0000] {logging_mixin.py:190} INFO - [2025-03-23T08:11:46.563+0000] {dag.py:4180} INFO - Setting next_dagrun for example_branch_operator to 2025-03-22 00:00:00+00:00, run_after=2025-03-23 00:00:00+00:00
[2025-03-23T08:11:46.642+0000] {processor.py:208} INFO - Processing /home/airflow/.local/lib/python3.12/site-packages/airflow/example_dags/example_branch_operator.py took 0.206 seconds
[2025-03-23T08:12:16.980+0000] {processor.py:186} INFO - Started process (PID=744) to work on /home/airflow/.local/lib/python3.12/site-packages/airflow/example_dags/example_branch_operator.py
[2025-03-23T08:12:16.981+0000] {processor.py:914} INFO - Processing file /home/airflow/.local/lib/python3.12/site-packages/airflow/example_dags/example_branch_operator.py for tasks to queue
[2025-03-23T08:12:16.985+0000] {logging_mixin.py:190} INFO - [2025-03-23T08:12:16.984+0000] {dagbag.py:588} INFO - Filling up the DagBag from /home/airflow/.local/lib/python3.12/site-packages/airflow/example_dags/example_branch_operator.py
[2025-03-23T08:12:17.010+0000] {processor.py:925} INFO - DAG(s) 'example_branch_operator' retrieved from /home/airflow/.local/lib/python3.12/site-packages/airflow/example_dags/example_branch_operator.py
[2025-03-23T08:12:17.051+0000] {logging_mixin.py:190} INFO - [2025-03-23T08:12:17.050+0000] {dag.py:3239} INFO - Sync 1 DAGs
[2025-03-23T08:12:17.081+0000] {logging_mixin.py:190} INFO - [2025-03-23T08:12:17.081+0000] {dag.py:4180} INFO - Setting next_dagrun for example_branch_operator to 2025-03-22 00:00:00+00:00, run_after=2025-03-23 00:00:00+00:00
[2025-03-23T08:12:17.143+0000] {processor.py:208} INFO - Processing /home/airflow/.local/lib/python3.12/site-packages/airflow/example_dags/example_branch_operator.py took 0.170 seconds
[2025-03-23T08:12:47.565+0000] {processor.py:186} INFO - Started process (PID=808) to work on /home/airflow/.local/lib/python3.12/site-packages/airflow/example_dags/example_branch_operator.py
[2025-03-23T08:12:47.566+0000] {processor.py:914} INFO - Processing file /home/airflow/.local/lib/python3.12/site-packages/airflow/example_dags/example_branch_operator.py for tasks to queue
[2025-03-23T08:12:47.569+0000] {logging_mixin.py:190} INFO - [2025-03-23T08:12:47.569+0000] {dagbag.py:588} INFO - Filling up the DagBag from /home/airflow/.local/lib/python3.12/site-packages/airflow/example_dags/example_branch_operator.py
[2025-03-23T08:12:47.594+0000] {processor.py:925} INFO - DAG(s) 'example_branch_operator' retrieved from /home/airflow/.local/lib/python3.12/site-packages/airflow/example_dags/example_branch_operator.py
[2025-03-23T08:12:47.638+0000] {logging_mixin.py:190} INFO - [2025-03-23T08:12:47.637+0000] {dag.py:3239} INFO - Sync 1 DAGs
[2025-03-23T08:12:47.676+0000] {logging_mixin.py:190} INFO - [2025-03-23T08:12:47.675+0000] {dag.py:4180} INFO - Setting next_dagrun for example_branch_operator to 2025-03-22 00:00:00+00:00, run_after=2025-03-23 00:00:00+00:00
[2025-03-23T08:12:47.738+0000] {processor.py:208} INFO - Processing /home/airflow/.local/lib/python3.12/site-packages/airflow/example_dags/example_branch_operator.py took 0.181 seconds
[2025-03-23T08:13:18.240+0000] {processor.py:186} INFO - Started process (PID=872) to work on /home/airflow/.local/lib/python3.12/site-packages/airflow/example_dags/example_branch_operator.py
[2025-03-23T08:13:18.242+0000] {processor.py:914} INFO - Processing file /home/airflow/.local/lib/python3.12/site-packages/airflow/example_dags/example_branch_operator.py for tasks to queue
[2025-03-23T08:13:18.245+0000] {logging_mixin.py:190} INFO - [2025-03-23T08:13:18.245+0000] {dagbag.py:588} INFO - Filling up the DagBag from /home/airflow/.local/lib/python3.12/site-packages/airflow/example_dags/example_branch_operator.py
[2025-03-23T08:13:18.268+0000] {processor.py:925} INFO - DAG(s) 'example_branch_operator' retrieved from /home/airflow/.local/lib/python3.12/site-packages/airflow/example_dags/example_branch_operator.py
[2025-03-23T08:13:18.306+0000] {logging_mixin.py:190} INFO - [2025-03-23T08:13:18.305+0000] {dag.py:3239} INFO - Sync 1 DAGs
[2025-03-23T08:13:18.338+0000] {logging_mixin.py:190} INFO - [2025-03-23T08:13:18.338+0000] {dag.py:4180} INFO - Setting next_dagrun for example_branch_operator to 2025-03-22 00:00:00+00:00, run_after=2025-03-23 00:00:00+00:00
[2025-03-23T08:13:18.408+0000] {processor.py:208} INFO - Processing /home/airflow/.local/lib/python3.12/site-packages/airflow/example_dags/example_branch_operator.py took 0.177 seconds
[2025-03-23T08:13:49.172+0000] {processor.py:186} INFO - Started process (PID=936) to work on /home/airflow/.local/lib/python3.12/site-packages/airflow/example_dags/example_branch_operator.py
[2025-03-23T08:13:49.174+0000] {processor.py:914} INFO - Processing file /home/airflow/.local/lib/python3.12/site-packages/airflow/example_dags/example_branch_operator.py for tasks to queue
[2025-03-23T08:13:49.178+0000] {logging_mixin.py:190} INFO - [2025-03-23T08:13:49.177+0000] {dagbag.py:588} INFO - Filling up the DagBag from /home/airflow/.local/lib/python3.12/site-packages/airflow/example_dags/example_branch_operator.py
[2025-03-23T08:13:49.208+0000] {processor.py:925} INFO - DAG(s) 'example_branch_operator' retrieved from /home/airflow/.local/lib/python3.12/site-packages/airflow/example_dags/example_branch_operator.py
[2025-03-23T08:13:49.251+0000] {logging_mixin.py:190} INFO - [2025-03-23T08:13:49.250+0000] {dag.py:3239} INFO - Sync 1 DAGs
[2025-03-23T08:13:49.284+0000] {logging_mixin.py:190} INFO - [2025-03-23T08:13:49.283+0000] {dag.py:4180} INFO - Setting next_dagrun for example_branch_operator to 2025-03-22 00:00:00+00:00, run_after=2025-03-23 00:00:00+00:00
[2025-03-23T08:13:49.345+0000] {processor.py:208} INFO - Processing /home/airflow/.local/lib/python3.12/site-packages/airflow/example_dags/example_branch_operator.py took 0.187 seconds
[2025-03-23T08:14:20.285+0000] {processor.py:186} INFO - Started process (PID=1000) to work on /home/airflow/.local/lib/python3.12/site-packages/airflow/example_dags/example_branch_operator.py
[2025-03-23T08:14:20.287+0000] {processor.py:914} INFO - Processing file /home/airflow/.local/lib/python3.12/site-packages/airflow/example_dags/example_branch_operator.py for tasks to queue
[2025-03-23T08:14:20.291+0000] {logging_mixin.py:190} INFO - [2025-03-23T08:14:20.290+0000] {dagbag.py:588} INFO - Filling up the DagBag from /home/airflow/.local/lib/python3.12/site-packages/airflow/example_dags/example_branch_operator.py
[2025-03-23T08:14:20.325+0000] {processor.py:925} INFO - DAG(s) 'example_branch_operator' retrieved from /home/airflow/.local/lib/python3.12/site-packages/airflow/example_dags/example_branch_operator.py
[2025-03-23T08:14:20.366+0000] {logging_mixin.py:190} INFO - [2025-03-23T08:14:20.365+0000] {dag.py:3239} INFO - Sync 1 DAGs
[2025-03-23T08:14:20.406+0000] {logging_mixin.py:190} INFO - [2025-03-23T08:14:20.406+0000] {dag.py:4180} INFO - Setting next_dagrun for example_branch_operator to 2025-03-22 00:00:00+00:00, run_after=2025-03-23 00:00:00+00:00
[2025-03-23T08:14:20.466+0000] {processor.py:208} INFO - Processing /home/airflow/.local/lib/python3.12/site-packages/airflow/example_dags/example_branch_operator.py took 0.190 seconds
[2025-03-23T08:14:51.327+0000] {processor.py:186} INFO - Started process (PID=1088) to work on /home/airflow/.local/lib/python3.12/site-packages/airflow/example_dags/example_branch_operator.py
[2025-03-23T08:14:51.328+0000] {processor.py:914} INFO - Processing file /home/airflow/.local/lib/python3.12/site-packages/airflow/example_dags/example_branch_operator.py for tasks to queue
[2025-03-23T08:14:51.332+0000] {logging_mixin.py:190} INFO - [2025-03-23T08:14:51.331+0000] {dagbag.py:588} INFO - Filling up the DagBag from /home/airflow/.local/lib/python3.12/site-packages/airflow/example_dags/example_branch_operator.py
[2025-03-23T08:14:51.367+0000] {processor.py:925} INFO - DAG(s) 'example_branch_operator' retrieved from /home/airflow/.local/lib/python3.12/site-packages/airflow/example_dags/example_branch_operator.py
[2025-03-23T08:14:51.426+0000] {logging_mixin.py:190} INFO - [2025-03-23T08:14:51.425+0000] {dag.py:3239} INFO - Sync 1 DAGs
[2025-03-23T08:14:51.484+0000] {logging_mixin.py:190} INFO - [2025-03-23T08:14:51.483+0000] {dag.py:4180} INFO - Setting next_dagrun for example_branch_operator to 2025-03-22 00:00:00+00:00, run_after=2025-03-23 00:00:00+00:00
[2025-03-23T08:14:51.550+0000] {processor.py:208} INFO - Processing /home/airflow/.local/lib/python3.12/site-packages/airflow/example_dags/example_branch_operator.py took 0.233 seconds
[2025-03-23T08:15:21.927+0000] {processor.py:186} INFO - Started process (PID=1152) to work on /home/airflow/.local/lib/python3.12/site-packages/airflow/example_dags/example_branch_operator.py
[2025-03-23T08:15:21.928+0000] {processor.py:914} INFO - Processing file /home/airflow/.local/lib/python3.12/site-packages/airflow/example_dags/example_branch_operator.py for tasks to queue
[2025-03-23T08:15:21.931+0000] {logging_mixin.py:190} INFO - [2025-03-23T08:15:21.931+0000] {dagbag.py:588} INFO - Filling up the DagBag from /home/airflow/.local/lib/python3.12/site-packages/airflow/example_dags/example_branch_operator.py
[2025-03-23T08:15:21.954+0000] {processor.py:925} INFO - DAG(s) 'example_branch_operator' retrieved from /home/airflow/.local/lib/python3.12/site-packages/airflow/example_dags/example_branch_operator.py
[2025-03-23T08:15:21.991+0000] {logging_mixin.py:190} INFO - [2025-03-23T08:15:21.991+0000] {dag.py:3239} INFO - Sync 1 DAGs
[2025-03-23T08:15:22.023+0000] {logging_mixin.py:190} INFO - [2025-03-23T08:15:22.022+0000] {dag.py:4180} INFO - Setting next_dagrun for example_branch_operator to 2025-03-22 00:00:00+00:00, run_after=2025-03-23 00:00:00+00:00
[2025-03-23T08:15:22.069+0000] {processor.py:208} INFO - Processing /home/airflow/.local/lib/python3.12/site-packages/airflow/example_dags/example_branch_operator.py took 0.153 seconds
[2025-03-23T08:15:52.639+0000] {processor.py:186} INFO - Started process (PID=1216) to work on /home/airflow/.local/lib/python3.12/site-packages/airflow/example_dags/example_branch_operator.py
[2025-03-23T08:15:52.640+0000] {processor.py:914} INFO - Processing file /home/airflow/.local/lib/python3.12/site-packages/airflow/example_dags/example_branch_operator.py for tasks to queue
[2025-03-23T08:15:52.644+0000] {logging_mixin.py:190} INFO - [2025-03-23T08:15:52.644+0000] {dagbag.py:588} INFO - Filling up the DagBag from /home/airflow/.local/lib/python3.12/site-packages/airflow/example_dags/example_branch_operator.py
[2025-03-23T08:15:52.669+0000] {processor.py:925} INFO - DAG(s) 'example_branch_operator' retrieved from /home/airflow/.local/lib/python3.12/site-packages/airflow/example_dags/example_branch_operator.py
[2025-03-23T08:15:52.708+0000] {logging_mixin.py:190} INFO - [2025-03-23T08:15:52.708+0000] {dag.py:3239} INFO - Sync 1 DAGs
[2025-03-23T08:15:52.741+0000] {logging_mixin.py:190} INFO - [2025-03-23T08:15:52.741+0000] {dag.py:4180} INFO - Setting next_dagrun for example_branch_operator to 2025-03-22 00:00:00+00:00, run_after=2025-03-23 00:00:00+00:00
[2025-03-23T08:15:52.792+0000] {processor.py:208} INFO - Processing /home/airflow/.local/lib/python3.12/site-packages/airflow/example_dags/example_branch_operator.py took 0.165 seconds
[2025-03-23T08:16:23.194+0000] {processor.py:186} INFO - Started process (PID=1280) to work on /home/airflow/.local/lib/python3.12/site-packages/airflow/example_dags/example_branch_operator.py
[2025-03-23T08:16:23.195+0000] {processor.py:914} INFO - Processing file /home/airflow/.local/lib/python3.12/site-packages/airflow/example_dags/example_branch_operator.py for tasks to queue
[2025-03-23T08:16:23.199+0000] {logging_mixin.py:190} INFO - [2025-03-23T08:16:23.199+0000] {dagbag.py:588} INFO - Filling up the DagBag from /home/airflow/.local/lib/python3.12/site-packages/airflow/example_dags/example_branch_operator.py
[2025-03-23T08:16:23.225+0000] {processor.py:925} INFO - DAG(s) 'example_branch_operator' retrieved from /home/airflow/.local/lib/python3.12/site-packages/airflow/example_dags/example_branch_operator.py
[2025-03-23T08:16:23.264+0000] {logging_mixin.py:190} INFO - [2025-03-23T08:16:23.264+0000] {dag.py:3239} INFO - Sync 1 DAGs
[2025-03-23T08:16:23.301+0000] {logging_mixin.py:190} INFO - [2025-03-23T08:16:23.301+0000] {dag.py:4180} INFO - Setting next_dagrun for example_branch_operator to 2025-03-22 00:00:00+00:00, run_after=2025-03-23 00:00:00+00:00
[2025-03-23T08:16:23.349+0000] {processor.py:208} INFO - Processing /home/airflow/.local/lib/python3.12/site-packages/airflow/example_dags/example_branch_operator.py took 0.167 seconds
[2025-03-23T08:16:53.984+0000] {processor.py:186} INFO - Started process (PID=1343) to work on /home/airflow/.local/lib/python3.12/site-packages/airflow/example_dags/example_branch_operator.py
[2025-03-23T08:16:53.985+0000] {processor.py:914} INFO - Processing file /home/airflow/.local/lib/python3.12/site-packages/airflow/example_dags/example_branch_operator.py for tasks to queue
[2025-03-23T08:16:53.988+0000] {logging_mixin.py:190} INFO - [2025-03-23T08:16:53.988+0000] {dagbag.py:588} INFO - Filling up the DagBag from /home/airflow/.local/lib/python3.12/site-packages/airflow/example_dags/example_branch_operator.py
[2025-03-23T08:16:54.016+0000] {processor.py:925} INFO - DAG(s) 'example_branch_operator' retrieved from /home/airflow/.local/lib/python3.12/site-packages/airflow/example_dags/example_branch_operator.py
[2025-03-23T08:16:54.065+0000] {logging_mixin.py:190} INFO - [2025-03-23T08:16:54.065+0000] {dag.py:3239} INFO - Sync 1 DAGs
[2025-03-23T08:16:54.110+0000] {logging_mixin.py:190} INFO - [2025-03-23T08:16:54.110+0000] {dag.py:4180} INFO - Setting next_dagrun for example_branch_operator to 2025-03-22 00:00:00+00:00, run_after=2025-03-23 00:00:00+00:00
[2025-03-23T08:16:54.161+0000] {processor.py:208} INFO - Processing /home/airflow/.local/lib/python3.12/site-packages/airflow/example_dags/example_branch_operator.py took 0.190 seconds
[2025-03-23T08:17:25.068+0000] {processor.py:186} INFO - Started process (PID=1413) to work on /home/airflow/.local/lib/python3.12/site-packages/airflow/example_dags/example_branch_operator.py
[2025-03-23T08:17:25.069+0000] {processor.py:914} INFO - Processing file /home/airflow/.local/lib/python3.12/site-packages/airflow/example_dags/example_branch_operator.py for tasks to queue
[2025-03-23T08:17:25.073+0000] {logging_mixin.py:190} INFO - [2025-03-23T08:17:25.073+0000] {dagbag.py:588} INFO - Filling up the DagBag from /home/airflow/.local/lib/python3.12/site-packages/airflow/example_dags/example_branch_operator.py
[2025-03-23T08:17:25.103+0000] {processor.py:925} INFO - DAG(s) 'example_branch_operator' retrieved from /home/airflow/.local/lib/python3.12/site-packages/airflow/example_dags/example_branch_operator.py
[2025-03-23T08:17:25.141+0000] {logging_mixin.py:190} INFO - [2025-03-23T08:17:25.141+0000] {dag.py:3239} INFO - Sync 1 DAGs
[2025-03-23T08:17:25.174+0000] {logging_mixin.py:190} INFO - [2025-03-23T08:17:25.173+0000] {dag.py:4180} INFO - Setting next_dagrun for example_branch_operator to 2025-03-22 00:00:00+00:00, run_after=2025-03-23 00:00:00+00:00
[2025-03-23T08:17:25.216+0000] {processor.py:208} INFO - Processing /home/airflow/.local/lib/python3.12/site-packages/airflow/example_dags/example_branch_operator.py took 0.163 seconds
[2025-03-23T08:17:55.471+0000] {processor.py:186} INFO - Started process (PID=1477) to work on /home/airflow/.local/lib/python3.12/site-packages/airflow/example_dags/example_branch_operator.py
[2025-03-23T08:17:55.472+0000] {processor.py:914} INFO - Processing file /home/airflow/.local/lib/python3.12/site-packages/airflow/example_dags/example_branch_operator.py for tasks to queue
[2025-03-23T08:17:55.477+0000] {logging_mixin.py:190} INFO - [2025-03-23T08:17:55.476+0000] {dagbag.py:588} INFO - Filling up the DagBag from /home/airflow/.local/lib/python3.12/site-packages/airflow/example_dags/example_branch_operator.py
[2025-03-23T08:17:55.507+0000] {processor.py:925} INFO - DAG(s) 'example_branch_operator' retrieved from /home/airflow/.local/lib/python3.12/site-packages/airflow/example_dags/example_branch_operator.py
[2025-03-23T08:17:55.549+0000] {logging_mixin.py:190} INFO - [2025-03-23T08:17:55.548+0000] {dag.py:3239} INFO - Sync 1 DAGs
[2025-03-23T08:17:55.621+0000] {logging_mixin.py:190} INFO - [2025-03-23T08:17:55.621+0000] {dag.py:4180} INFO - Setting next_dagrun for example_branch_operator to 2025-03-22 00:00:00+00:00, run_after=2025-03-23 00:00:00+00:00
[2025-03-23T08:17:55.690+0000] {processor.py:208} INFO - Processing /home/airflow/.local/lib/python3.12/site-packages/airflow/example_dags/example_branch_operator.py took 0.232 seconds
[2025-03-23T08:18:26.527+0000] {processor.py:186} INFO - Started process (PID=1541) to work on /home/airflow/.local/lib/python3.12/site-packages/airflow/example_dags/example_branch_operator.py
[2025-03-23T08:18:26.528+0000] {processor.py:914} INFO - Processing file /home/airflow/.local/lib/python3.12/site-packages/airflow/example_dags/example_branch_operator.py for tasks to queue
[2025-03-23T08:18:26.532+0000] {logging_mixin.py:190} INFO - [2025-03-23T08:18:26.531+0000] {dagbag.py:588} INFO - Filling up the DagBag from /home/airflow/.local/lib/python3.12/site-packages/airflow/example_dags/example_branch_operator.py
[2025-03-23T08:18:26.565+0000] {processor.py:925} INFO - DAG(s) 'example_branch_operator' retrieved from /home/airflow/.local/lib/python3.12/site-packages/airflow/example_dags/example_branch_operator.py
[2025-03-23T08:18:26.605+0000] {logging_mixin.py:190} INFO - [2025-03-23T08:18:26.604+0000] {dag.py:3239} INFO - Sync 1 DAGs
[2025-03-23T08:18:26.640+0000] {logging_mixin.py:190} INFO - [2025-03-23T08:18:26.639+0000] {dag.py:4180} INFO - Setting next_dagrun for example_branch_operator to 2025-03-22 00:00:00+00:00, run_after=2025-03-23 00:00:00+00:00
[2025-03-23T08:18:26.687+0000] {processor.py:208} INFO - Processing /home/airflow/.local/lib/python3.12/site-packages/airflow/example_dags/example_branch_operator.py took 0.174 seconds
[2025-03-23T08:18:56.937+0000] {processor.py:186} INFO - Started process (PID=1605) to work on /home/airflow/.local/lib/python3.12/site-packages/airflow/example_dags/example_branch_operator.py
[2025-03-23T08:18:56.938+0000] {processor.py:914} INFO - Processing file /home/airflow/.local/lib/python3.12/site-packages/airflow/example_dags/example_branch_operator.py for tasks to queue
[2025-03-23T08:18:56.942+0000] {logging_mixin.py:190} INFO - [2025-03-23T08:18:56.942+0000] {dagbag.py:588} INFO - Filling up the DagBag from /home/airflow/.local/lib/python3.12/site-packages/airflow/example_dags/example_branch_operator.py
[2025-03-23T08:18:56.965+0000] {processor.py:925} INFO - DAG(s) 'example_branch_operator' retrieved from /home/airflow/.local/lib/python3.12/site-packages/airflow/example_dags/example_branch_operator.py
[2025-03-23T08:18:57.006+0000] {logging_mixin.py:190} INFO - [2025-03-23T08:18:57.006+0000] {dag.py:3239} INFO - Sync 1 DAGs
[2025-03-23T08:18:57.046+0000] {logging_mixin.py:190} INFO - [2025-03-23T08:18:57.045+0000] {dag.py:4180} INFO - Setting next_dagrun for example_branch_operator to 2025-03-22 00:00:00+00:00, run_after=2025-03-23 00:00:00+00:00
[2025-03-23T08:18:57.149+0000] {processor.py:208} INFO - Processing /home/airflow/.local/lib/python3.12/site-packages/airflow/example_dags/example_branch_operator.py took 0.225 seconds
[2025-03-23T08:19:28.055+0000] {processor.py:186} INFO - Started process (PID=1669) to work on /home/airflow/.local/lib/python3.12/site-packages/airflow/example_dags/example_branch_operator.py
[2025-03-23T08:19:28.056+0000] {processor.py:914} INFO - Processing file /home/airflow/.local/lib/python3.12/site-packages/airflow/example_dags/example_branch_operator.py for tasks to queue
[2025-03-23T08:19:28.061+0000] {logging_mixin.py:190} INFO - [2025-03-23T08:19:28.060+0000] {dagbag.py:588} INFO - Filling up the DagBag from /home/airflow/.local/lib/python3.12/site-packages/airflow/example_dags/example_branch_operator.py
[2025-03-23T08:19:28.106+0000] {processor.py:925} INFO - DAG(s) 'example_branch_operator' retrieved from /home/airflow/.local/lib/python3.12/site-packages/airflow/example_dags/example_branch_operator.py
[2025-03-23T08:19:28.172+0000] {logging_mixin.py:190} INFO - [2025-03-23T08:19:28.172+0000] {dag.py:3239} INFO - Sync 1 DAGs
[2025-03-23T08:19:28.233+0000] {logging_mixin.py:190} INFO - [2025-03-23T08:19:28.233+0000] {dag.py:4180} INFO - Setting next_dagrun for example_branch_operator to 2025-03-22 00:00:00+00:00, run_after=2025-03-23 00:00:00+00:00
[2025-03-23T08:19:28.308+0000] {processor.py:208} INFO - Processing /home/airflow/.local/lib/python3.12/site-packages/airflow/example_dags/example_branch_operator.py took 0.278 seconds
[2025-03-23T08:19:59.304+0000] {processor.py:186} INFO - Started process (PID=1732) to work on /home/airflow/.local/lib/python3.12/site-packages/airflow/example_dags/example_branch_operator.py
[2025-03-23T08:19:59.305+0000] {processor.py:914} INFO - Processing file /home/airflow/.local/lib/python3.12/site-packages/airflow/example_dags/example_branch_operator.py for tasks to queue
[2025-03-23T08:19:59.309+0000] {logging_mixin.py:190} INFO - [2025-03-23T08:19:59.308+0000] {dagbag.py:588} INFO - Filling up the DagBag from /home/airflow/.local/lib/python3.12/site-packages/airflow/example_dags/example_branch_operator.py
[2025-03-23T08:19:59.336+0000] {processor.py:925} INFO - DAG(s) 'example_branch_operator' retrieved from /home/airflow/.local/lib/python3.12/site-packages/airflow/example_dags/example_branch_operator.py
[2025-03-23T08:19:59.375+0000] {logging_mixin.py:190} INFO - [2025-03-23T08:19:59.375+0000] {dag.py:3239} INFO - Sync 1 DAGs
[2025-03-23T08:19:59.404+0000] {logging_mixin.py:190} INFO - [2025-03-23T08:19:59.404+0000] {dag.py:4180} INFO - Setting next_dagrun for example_branch_operator to 2025-03-22 00:00:00+00:00, run_after=2025-03-23 00:00:00+00:00
[2025-03-23T08:19:59.460+0000] {processor.py:208} INFO - Processing /home/airflow/.local/lib/python3.12/site-packages/airflow/example_dags/example_branch_operator.py took 0.167 seconds
[2025-03-23T08:20:29.982+0000] {processor.py:186} INFO - Started process (PID=1796) to work on /home/airflow/.local/lib/python3.12/site-packages/airflow/example_dags/example_branch_operator.py
[2025-03-23T08:20:29.984+0000] {processor.py:914} INFO - Processing file /home/airflow/.local/lib/python3.12/site-packages/airflow/example_dags/example_branch_operator.py for tasks to queue
[2025-03-23T08:20:29.988+0000] {logging_mixin.py:190} INFO - [2025-03-23T08:20:29.988+0000] {dagbag.py:588} INFO - Filling up the DagBag from /home/airflow/.local/lib/python3.12/site-packages/airflow/example_dags/example_branch_operator.py
[2025-03-23T08:20:30.020+0000] {processor.py:925} INFO - DAG(s) 'example_branch_operator' retrieved from /home/airflow/.local/lib/python3.12/site-packages/airflow/example_dags/example_branch_operator.py
[2025-03-23T08:20:30.058+0000] {logging_mixin.py:190} INFO - [2025-03-23T08:20:30.058+0000] {dag.py:3239} INFO - Sync 1 DAGs
[2025-03-23T08:20:30.092+0000] {logging_mixin.py:190} INFO - [2025-03-23T08:20:30.092+0000] {dag.py:4180} INFO - Setting next_dagrun for example_branch_operator to 2025-03-22 00:00:00+00:00, run_after=2025-03-23 00:00:00+00:00
[2025-03-23T08:20:30.146+0000] {processor.py:208} INFO - Processing /home/airflow/.local/lib/python3.12/site-packages/airflow/example_dags/example_branch_operator.py took 0.178 seconds
[2025-03-23T08:24:48.204+0000] {processor.py:186} INFO - Started process (PID=97) to work on /home/airflow/.local/lib/python3.12/site-packages/airflow/example_dags/example_branch_operator.py
[2025-03-23T08:24:48.206+0000] {processor.py:914} INFO - Processing file /home/airflow/.local/lib/python3.12/site-packages/airflow/example_dags/example_branch_operator.py for tasks to queue
[2025-03-23T08:24:48.209+0000] {logging_mixin.py:190} INFO - [2025-03-23T08:24:48.209+0000] {dagbag.py:588} INFO - Filling up the DagBag from /home/airflow/.local/lib/python3.12/site-packages/airflow/example_dags/example_branch_operator.py
[2025-03-23T08:24:48.247+0000] {processor.py:925} INFO - DAG(s) 'example_branch_operator' retrieved from /home/airflow/.local/lib/python3.12/site-packages/airflow/example_dags/example_branch_operator.py
[2025-03-23T08:24:48.961+0000] {logging_mixin.py:190} INFO - [2025-03-23T08:24:48.961+0000] {dag.py:3239} INFO - Sync 1 DAGs
[2025-03-23T08:24:49.024+0000] {logging_mixin.py:190} INFO - [2025-03-23T08:24:49.023+0000] {dag.py:4180} INFO - Setting next_dagrun for example_branch_operator to 2025-03-22 00:00:00+00:00, run_after=2025-03-23 00:00:00+00:00
[2025-03-23T08:24:49.872+0000] {processor.py:208} INFO - Processing /home/airflow/.local/lib/python3.12/site-packages/airflow/example_dags/example_branch_operator.py took 1.681 seconds
[2025-03-23T08:26:34.126+0000] {processor.py:186} INFO - Started process (PID=80) to work on /home/airflow/.local/lib/python3.12/site-packages/airflow/example_dags/example_branch_operator.py
[2025-03-23T08:26:34.128+0000] {processor.py:914} INFO - Processing file /home/airflow/.local/lib/python3.12/site-packages/airflow/example_dags/example_branch_operator.py for tasks to queue
[2025-03-23T08:26:34.131+0000] {logging_mixin.py:190} INFO - [2025-03-23T08:26:34.130+0000] {dagbag.py:588} INFO - Filling up the DagBag from /home/airflow/.local/lib/python3.12/site-packages/airflow/example_dags/example_branch_operator.py
[2025-03-23T08:26:34.210+0000] {processor.py:925} INFO - DAG(s) 'example_branch_operator' retrieved from /home/airflow/.local/lib/python3.12/site-packages/airflow/example_dags/example_branch_operator.py
[2025-03-23T08:26:34.493+0000] {logging_mixin.py:190} INFO - [2025-03-23T08:26:34.493+0000] {dag.py:3239} INFO - Sync 1 DAGs
[2025-03-23T08:26:34.542+0000] {logging_mixin.py:190} INFO - [2025-03-23T08:26:34.541+0000] {dag.py:4180} INFO - Setting next_dagrun for example_branch_operator to 2025-03-22 00:00:00+00:00, run_after=2025-03-23 00:00:00+00:00
[2025-03-23T08:26:34.686+0000] {processor.py:208} INFO - Processing /home/airflow/.local/lib/python3.12/site-packages/airflow/example_dags/example_branch_operator.py took 0.568 seconds
[2025-03-23T08:27:04.907+0000] {processor.py:186} INFO - Started process (PID=151) to work on /home/airflow/.local/lib/python3.12/site-packages/airflow/example_dags/example_branch_operator.py
[2025-03-23T08:27:04.909+0000] {processor.py:914} INFO - Processing file /home/airflow/.local/lib/python3.12/site-packages/airflow/example_dags/example_branch_operator.py for tasks to queue
[2025-03-23T08:27:04.912+0000] {logging_mixin.py:190} INFO - [2025-03-23T08:27:04.911+0000] {dagbag.py:588} INFO - Filling up the DagBag from /home/airflow/.local/lib/python3.12/site-packages/airflow/example_dags/example_branch_operator.py
[2025-03-23T08:27:04.938+0000] {processor.py:925} INFO - DAG(s) 'example_branch_operator' retrieved from /home/airflow/.local/lib/python3.12/site-packages/airflow/example_dags/example_branch_operator.py
[2025-03-23T08:27:04.999+0000] {logging_mixin.py:190} INFO - [2025-03-23T08:27:04.998+0000] {dag.py:3239} INFO - Sync 1 DAGs
[2025-03-23T08:27:05.034+0000] {logging_mixin.py:190} INFO - [2025-03-23T08:27:05.034+0000] {dag.py:4180} INFO - Setting next_dagrun for example_branch_operator to 2025-03-22 00:00:00+00:00, run_after=2025-03-23 00:00:00+00:00
[2025-03-23T08:27:05.229+0000] {processor.py:208} INFO - Processing /home/airflow/.local/lib/python3.12/site-packages/airflow/example_dags/example_branch_operator.py took 0.330 seconds
[2025-03-23T08:27:35.391+0000] {processor.py:186} INFO - Started process (PID=214) to work on /home/airflow/.local/lib/python3.12/site-packages/airflow/example_dags/example_branch_operator.py
[2025-03-23T08:27:35.394+0000] {processor.py:914} INFO - Processing file /home/airflow/.local/lib/python3.12/site-packages/airflow/example_dags/example_branch_operator.py for tasks to queue
[2025-03-23T08:27:35.399+0000] {logging_mixin.py:190} INFO - [2025-03-23T08:27:35.398+0000] {dagbag.py:588} INFO - Filling up the DagBag from /home/airflow/.local/lib/python3.12/site-packages/airflow/example_dags/example_branch_operator.py
[2025-03-23T08:27:35.434+0000] {processor.py:925} INFO - DAG(s) 'example_branch_operator' retrieved from /home/airflow/.local/lib/python3.12/site-packages/airflow/example_dags/example_branch_operator.py
[2025-03-23T08:27:35.480+0000] {logging_mixin.py:190} INFO - [2025-03-23T08:27:35.480+0000] {dag.py:3239} INFO - Sync 1 DAGs
[2025-03-23T08:27:35.521+0000] {logging_mixin.py:190} INFO - [2025-03-23T08:27:35.520+0000] {dag.py:4180} INFO - Setting next_dagrun for example_branch_operator to 2025-03-22 00:00:00+00:00, run_after=2025-03-23 00:00:00+00:00
[2025-03-23T08:27:35.672+0000] {processor.py:208} INFO - Processing /home/airflow/.local/lib/python3.12/site-packages/airflow/example_dags/example_branch_operator.py took 0.294 seconds
[2025-03-23T08:28:06.193+0000] {processor.py:186} INFO - Started process (PID=278) to work on /home/airflow/.local/lib/python3.12/site-packages/airflow/example_dags/example_branch_operator.py
[2025-03-23T08:28:06.195+0000] {processor.py:914} INFO - Processing file /home/airflow/.local/lib/python3.12/site-packages/airflow/example_dags/example_branch_operator.py for tasks to queue
[2025-03-23T08:28:06.198+0000] {logging_mixin.py:190} INFO - [2025-03-23T08:28:06.198+0000] {dagbag.py:588} INFO - Filling up the DagBag from /home/airflow/.local/lib/python3.12/site-packages/airflow/example_dags/example_branch_operator.py
[2025-03-23T08:28:06.232+0000] {processor.py:925} INFO - DAG(s) 'example_branch_operator' retrieved from /home/airflow/.local/lib/python3.12/site-packages/airflow/example_dags/example_branch_operator.py
[2025-03-23T08:28:06.289+0000] {logging_mixin.py:190} INFO - [2025-03-23T08:28:06.289+0000] {dag.py:3239} INFO - Sync 1 DAGs
[2025-03-23T08:28:06.335+0000] {logging_mixin.py:190} INFO - [2025-03-23T08:28:06.334+0000] {dag.py:4180} INFO - Setting next_dagrun for example_branch_operator to 2025-03-22 00:00:00+00:00, run_after=2025-03-23 00:00:00+00:00
[2025-03-23T08:28:06.399+0000] {processor.py:208} INFO - Processing /home/airflow/.local/lib/python3.12/site-packages/airflow/example_dags/example_branch_operator.py took 0.215 seconds
[2025-03-23T08:28:37.295+0000] {processor.py:186} INFO - Started process (PID=342) to work on /home/airflow/.local/lib/python3.12/site-packages/airflow/example_dags/example_branch_operator.py
[2025-03-23T08:28:37.297+0000] {processor.py:914} INFO - Processing file /home/airflow/.local/lib/python3.12/site-packages/airflow/example_dags/example_branch_operator.py for tasks to queue
[2025-03-23T08:28:37.302+0000] {logging_mixin.py:190} INFO - [2025-03-23T08:28:37.301+0000] {dagbag.py:588} INFO - Filling up the DagBag from /home/airflow/.local/lib/python3.12/site-packages/airflow/example_dags/example_branch_operator.py
[2025-03-23T08:28:37.345+0000] {processor.py:925} INFO - DAG(s) 'example_branch_operator' retrieved from /home/airflow/.local/lib/python3.12/site-packages/airflow/example_dags/example_branch_operator.py
[2025-03-23T08:28:37.432+0000] {logging_mixin.py:190} INFO - [2025-03-23T08:28:37.431+0000] {dag.py:3239} INFO - Sync 1 DAGs
[2025-03-23T08:28:37.492+0000] {logging_mixin.py:190} INFO - [2025-03-23T08:28:37.492+0000] {dag.py:4180} INFO - Setting next_dagrun for example_branch_operator to 2025-03-22 00:00:00+00:00, run_after=2025-03-23 00:00:00+00:00
[2025-03-23T08:28:37.573+0000] {processor.py:208} INFO - Processing /home/airflow/.local/lib/python3.12/site-packages/airflow/example_dags/example_branch_operator.py took 0.287 seconds
[2025-03-23T08:29:08.023+0000] {processor.py:186} INFO - Started process (PID=406) to work on /home/airflow/.local/lib/python3.12/site-packages/airflow/example_dags/example_branch_operator.py
[2025-03-23T08:29:08.025+0000] {processor.py:914} INFO - Processing file /home/airflow/.local/lib/python3.12/site-packages/airflow/example_dags/example_branch_operator.py for tasks to queue
[2025-03-23T08:29:08.029+0000] {logging_mixin.py:190} INFO - [2025-03-23T08:29:08.029+0000] {dagbag.py:588} INFO - Filling up the DagBag from /home/airflow/.local/lib/python3.12/site-packages/airflow/example_dags/example_branch_operator.py
[2025-03-23T08:29:08.067+0000] {processor.py:925} INFO - DAG(s) 'example_branch_operator' retrieved from /home/airflow/.local/lib/python3.12/site-packages/airflow/example_dags/example_branch_operator.py
[2025-03-23T08:29:08.115+0000] {logging_mixin.py:190} INFO - [2025-03-23T08:29:08.114+0000] {dag.py:3239} INFO - Sync 1 DAGs
[2025-03-23T08:29:08.156+0000] {logging_mixin.py:190} INFO - [2025-03-23T08:29:08.156+0000] {dag.py:4180} INFO - Setting next_dagrun for example_branch_operator to 2025-03-22 00:00:00+00:00, run_after=2025-03-23 00:00:00+00:00
[2025-03-23T08:29:08.222+0000] {processor.py:208} INFO - Processing /home/airflow/.local/lib/python3.12/site-packages/airflow/example_dags/example_branch_operator.py took 0.209 seconds
[2025-03-23T08:29:38.995+0000] {processor.py:186} INFO - Started process (PID=470) to work on /home/airflow/.local/lib/python3.12/site-packages/airflow/example_dags/example_branch_operator.py
[2025-03-23T08:29:38.996+0000] {processor.py:914} INFO - Processing file /home/airflow/.local/lib/python3.12/site-packages/airflow/example_dags/example_branch_operator.py for tasks to queue
[2025-03-23T08:29:38.999+0000] {logging_mixin.py:190} INFO - [2025-03-23T08:29:38.999+0000] {dagbag.py:588} INFO - Filling up the DagBag from /home/airflow/.local/lib/python3.12/site-packages/airflow/example_dags/example_branch_operator.py
[2025-03-23T08:29:39.024+0000] {processor.py:925} INFO - DAG(s) 'example_branch_operator' retrieved from /home/airflow/.local/lib/python3.12/site-packages/airflow/example_dags/example_branch_operator.py
[2025-03-23T08:29:39.067+0000] {logging_mixin.py:190} INFO - [2025-03-23T08:29:39.066+0000] {dag.py:3239} INFO - Sync 1 DAGs
[2025-03-23T08:29:39.099+0000] {logging_mixin.py:190} INFO - [2025-03-23T08:29:39.099+0000] {dag.py:4180} INFO - Setting next_dagrun for example_branch_operator to 2025-03-22 00:00:00+00:00, run_after=2025-03-23 00:00:00+00:00
[2025-03-23T08:29:39.164+0000] {processor.py:208} INFO - Processing /home/airflow/.local/lib/python3.12/site-packages/airflow/example_dags/example_branch_operator.py took 0.179 seconds
