[2025-03-23T08:07:18.958+0000] {processor.py:186} INFO - Started process (PID=129) to work on /home/airflow/.local/lib/python3.12/site-packages/airflow/example_dags/example_task_group.py
[2025-03-23T08:07:18.959+0000] {processor.py:914} INFO - Processing file /home/airflow/.local/lib/python3.12/site-packages/airflow/example_dags/example_task_group.py for tasks to queue
[2025-03-23T08:07:18.962+0000] {logging_mixin.py:190} INFO - [2025-03-23T08:07:18.961+0000] {dagbag.py:588} INFO - Filling up the DagBag from /home/airflow/.local/lib/python3.12/site-packages/airflow/example_dags/example_task_group.py
[2025-03-23T08:07:18.980+0000] {processor.py:925} INFO - DAG(s) 'example_task_group' retrieved from /home/airflow/.local/lib/python3.12/site-packages/airflow/example_dags/example_task_group.py
[2025-03-23T08:07:19.333+0000] {logging_mixin.py:190} INFO - [2025-03-23T08:07:19.332+0000] {override.py:1911} INFO - Created Permission View: can edit on DAG:example_task_group
[2025-03-23T08:07:19.517+0000] {logging_mixin.py:190} INFO - [2025-03-23T08:07:19.517+0000] {override.py:1911} INFO - Created Permission View: can delete on DAG:example_task_group
[2025-03-23T08:07:19.577+0000] {logging_mixin.py:190} INFO - [2025-03-23T08:07:19.576+0000] {override.py:1911} INFO - Created Permission View: can read on DAG:example_task_group
[2025-03-23T08:07:19.711+0000] {logging_mixin.py:190} INFO - [2025-03-23T08:07:19.710+0000] {override.py:1911} INFO - Created Permission View: menu access on DAG Run:example_task_group
[2025-03-23T08:07:19.766+0000] {logging_mixin.py:190} INFO - [2025-03-23T08:07:19.766+0000] {override.py:1911} INFO - Created Permission View: can create on DAG Run:example_task_group
[2025-03-23T08:07:19.822+0000] {logging_mixin.py:190} INFO - [2025-03-23T08:07:19.821+0000] {override.py:1911} INFO - Created Permission View: can read on DAG Run:example_task_group
[2025-03-23T08:07:19.899+0000] {logging_mixin.py:190} INFO - [2025-03-23T08:07:19.899+0000] {override.py:1911} INFO - Created Permission View: can delete on DAG Run:example_task_group
[2025-03-23T08:07:19.900+0000] {logging_mixin.py:190} INFO - [2025-03-23T08:07:19.900+0000] {dag.py:3239} INFO - Sync 1 DAGs
[2025-03-23T08:07:19.915+0000] {logging_mixin.py:190} INFO - [2025-03-23T08:07:19.915+0000] {dag.py:3262} INFO - Creating ORM DAG for example_task_group
[2025-03-23T08:07:19.916+0000] {logging_mixin.py:190} INFO - [2025-03-23T08:07:19.916+0000] {dag.py:4180} INFO - Setting next_dagrun for example_task_group to None, run_after=None
[2025-03-23T08:07:19.967+0000] {processor.py:208} INFO - Processing /home/airflow/.local/lib/python3.12/site-packages/airflow/example_dags/example_task_group.py took 1.019 seconds
[2025-03-23T08:07:51.287+0000] {processor.py:186} INFO - Started process (PID=193) to work on /home/airflow/.local/lib/python3.12/site-packages/airflow/example_dags/example_task_group.py
[2025-03-23T08:07:51.288+0000] {processor.py:914} INFO - Processing file /home/airflow/.local/lib/python3.12/site-packages/airflow/example_dags/example_task_group.py for tasks to queue
[2025-03-23T08:07:51.293+0000] {logging_mixin.py:190} INFO - [2025-03-23T08:07:51.292+0000] {dagbag.py:588} INFO - Filling up the DagBag from /home/airflow/.local/lib/python3.12/site-packages/airflow/example_dags/example_task_group.py
[2025-03-23T08:07:51.312+0000] {processor.py:925} INFO - DAG(s) 'example_task_group' retrieved from /home/airflow/.local/lib/python3.12/site-packages/airflow/example_dags/example_task_group.py
[2025-03-23T08:07:51.346+0000] {logging_mixin.py:190} INFO - [2025-03-23T08:07:51.346+0000] {dag.py:3239} INFO - Sync 1 DAGs
[2025-03-23T08:07:51.372+0000] {logging_mixin.py:190} INFO - [2025-03-23T08:07:51.372+0000] {dag.py:4180} INFO - Setting next_dagrun for example_task_group to None, run_after=None
[2025-03-23T08:07:51.468+0000] {processor.py:208} INFO - Processing /home/airflow/.local/lib/python3.12/site-packages/airflow/example_dags/example_task_group.py took 0.191 seconds
[2025-03-23T08:08:22.643+0000] {processor.py:186} INFO - Started process (PID=258) to work on /home/airflow/.local/lib/python3.12/site-packages/airflow/example_dags/example_task_group.py
[2025-03-23T08:08:22.644+0000] {processor.py:914} INFO - Processing file /home/airflow/.local/lib/python3.12/site-packages/airflow/example_dags/example_task_group.py for tasks to queue
[2025-03-23T08:08:22.648+0000] {logging_mixin.py:190} INFO - [2025-03-23T08:08:22.648+0000] {dagbag.py:588} INFO - Filling up the DagBag from /home/airflow/.local/lib/python3.12/site-packages/airflow/example_dags/example_task_group.py
[2025-03-23T08:08:22.664+0000] {processor.py:925} INFO - DAG(s) 'example_task_group' retrieved from /home/airflow/.local/lib/python3.12/site-packages/airflow/example_dags/example_task_group.py
[2025-03-23T08:08:22.697+0000] {logging_mixin.py:190} INFO - [2025-03-23T08:08:22.696+0000] {dag.py:3239} INFO - Sync 1 DAGs
[2025-03-23T08:08:22.726+0000] {logging_mixin.py:190} INFO - [2025-03-23T08:08:22.725+0000] {dag.py:4180} INFO - Setting next_dagrun for example_task_group to None, run_after=None
[2025-03-23T08:08:22.794+0000] {processor.py:208} INFO - Processing /home/airflow/.local/lib/python3.12/site-packages/airflow/example_dags/example_task_group.py took 0.161 seconds
[2025-03-23T08:08:53.518+0000] {processor.py:186} INFO - Started process (PID=326) to work on /home/airflow/.local/lib/python3.12/site-packages/airflow/example_dags/example_task_group.py
[2025-03-23T08:08:53.527+0000] {processor.py:914} INFO - Processing file /home/airflow/.local/lib/python3.12/site-packages/airflow/example_dags/example_task_group.py for tasks to queue
[2025-03-23T08:08:53.543+0000] {logging_mixin.py:190} INFO - [2025-03-23T08:08:53.542+0000] {dagbag.py:588} INFO - Filling up the DagBag from /home/airflow/.local/lib/python3.12/site-packages/airflow/example_dags/example_task_group.py
[2025-03-23T08:08:53.600+0000] {processor.py:925} INFO - DAG(s) 'example_task_group' retrieved from /home/airflow/.local/lib/python3.12/site-packages/airflow/example_dags/example_task_group.py
[2025-03-23T08:08:53.677+0000] {logging_mixin.py:190} INFO - [2025-03-23T08:08:53.677+0000] {dag.py:3239} INFO - Sync 1 DAGs
[2025-03-23T08:08:53.723+0000] {logging_mixin.py:190} INFO - [2025-03-23T08:08:53.723+0000] {dag.py:4180} INFO - Setting next_dagrun for example_task_group to None, run_after=None
[2025-03-23T08:08:53.837+0000] {processor.py:208} INFO - Processing /home/airflow/.local/lib/python3.12/site-packages/airflow/example_dags/example_task_group.py took 0.341 seconds
[2025-03-23T08:09:23.955+0000] {processor.py:186} INFO - Started process (PID=389) to work on /home/airflow/.local/lib/python3.12/site-packages/airflow/example_dags/example_task_group.py
[2025-03-23T08:09:23.957+0000] {processor.py:914} INFO - Processing file /home/airflow/.local/lib/python3.12/site-packages/airflow/example_dags/example_task_group.py for tasks to queue
[2025-03-23T08:09:23.959+0000] {logging_mixin.py:190} INFO - [2025-03-23T08:09:23.959+0000] {dagbag.py:588} INFO - Filling up the DagBag from /home/airflow/.local/lib/python3.12/site-packages/airflow/example_dags/example_task_group.py
[2025-03-23T08:09:23.970+0000] {processor.py:925} INFO - DAG(s) 'example_task_group' retrieved from /home/airflow/.local/lib/python3.12/site-packages/airflow/example_dags/example_task_group.py
[2025-03-23T08:09:23.995+0000] {logging_mixin.py:190} INFO - [2025-03-23T08:09:23.995+0000] {dag.py:3239} INFO - Sync 1 DAGs
[2025-03-23T08:09:24.012+0000] {logging_mixin.py:190} INFO - [2025-03-23T08:09:24.012+0000] {dag.py:4180} INFO - Setting next_dagrun for example_task_group to None, run_after=None
[2025-03-23T08:09:24.406+0000] {processor.py:208} INFO - Processing /home/airflow/.local/lib/python3.12/site-packages/airflow/example_dags/example_task_group.py took 0.459 seconds
[2025-03-23T08:09:54.775+0000] {processor.py:186} INFO - Started process (PID=453) to work on /home/airflow/.local/lib/python3.12/site-packages/airflow/example_dags/example_task_group.py
[2025-03-23T08:09:54.776+0000] {processor.py:914} INFO - Processing file /home/airflow/.local/lib/python3.12/site-packages/airflow/example_dags/example_task_group.py for tasks to queue
[2025-03-23T08:09:54.780+0000] {logging_mixin.py:190} INFO - [2025-03-23T08:09:54.779+0000] {dagbag.py:588} INFO - Filling up the DagBag from /home/airflow/.local/lib/python3.12/site-packages/airflow/example_dags/example_task_group.py
[2025-03-23T08:09:54.791+0000] {processor.py:925} INFO - DAG(s) 'example_task_group' retrieved from /home/airflow/.local/lib/python3.12/site-packages/airflow/example_dags/example_task_group.py
[2025-03-23T08:09:54.823+0000] {logging_mixin.py:190} INFO - [2025-03-23T08:09:54.822+0000] {dag.py:3239} INFO - Sync 1 DAGs
[2025-03-23T08:09:54.844+0000] {logging_mixin.py:190} INFO - [2025-03-23T08:09:54.844+0000] {dag.py:4180} INFO - Setting next_dagrun for example_task_group to None, run_after=None
[2025-03-23T08:09:55.374+0000] {processor.py:208} INFO - Processing /home/airflow/.local/lib/python3.12/site-packages/airflow/example_dags/example_task_group.py took 0.607 seconds
[2025-03-23T08:10:25.647+0000] {processor.py:186} INFO - Started process (PID=516) to work on /home/airflow/.local/lib/python3.12/site-packages/airflow/example_dags/example_task_group.py
[2025-03-23T08:10:25.648+0000] {processor.py:914} INFO - Processing file /home/airflow/.local/lib/python3.12/site-packages/airflow/example_dags/example_task_group.py for tasks to queue
[2025-03-23T08:10:25.653+0000] {logging_mixin.py:190} INFO - [2025-03-23T08:10:25.652+0000] {dagbag.py:588} INFO - Filling up the DagBag from /home/airflow/.local/lib/python3.12/site-packages/airflow/example_dags/example_task_group.py
[2025-03-23T08:10:25.663+0000] {processor.py:925} INFO - DAG(s) 'example_task_group' retrieved from /home/airflow/.local/lib/python3.12/site-packages/airflow/example_dags/example_task_group.py
[2025-03-23T08:10:25.692+0000] {logging_mixin.py:190} INFO - [2025-03-23T08:10:25.692+0000] {dag.py:3239} INFO - Sync 1 DAGs
[2025-03-23T08:10:25.713+0000] {logging_mixin.py:190} INFO - [2025-03-23T08:10:25.713+0000] {dag.py:4180} INFO - Setting next_dagrun for example_task_group to None, run_after=None
[2025-03-23T08:10:25.843+0000] {processor.py:208} INFO - Processing /home/airflow/.local/lib/python3.12/site-packages/airflow/example_dags/example_task_group.py took 0.202 seconds
[2025-03-23T08:10:56.619+0000] {processor.py:186} INFO - Started process (PID=580) to work on /home/airflow/.local/lib/python3.12/site-packages/airflow/example_dags/example_task_group.py
[2025-03-23T08:10:56.621+0000] {processor.py:914} INFO - Processing file /home/airflow/.local/lib/python3.12/site-packages/airflow/example_dags/example_task_group.py for tasks to queue
[2025-03-23T08:10:56.626+0000] {logging_mixin.py:190} INFO - [2025-03-23T08:10:56.624+0000] {dagbag.py:588} INFO - Filling up the DagBag from /home/airflow/.local/lib/python3.12/site-packages/airflow/example_dags/example_task_group.py
[2025-03-23T08:10:56.644+0000] {processor.py:925} INFO - DAG(s) 'example_task_group' retrieved from /home/airflow/.local/lib/python3.12/site-packages/airflow/example_dags/example_task_group.py
[2025-03-23T08:10:56.694+0000] {logging_mixin.py:190} INFO - [2025-03-23T08:10:56.693+0000] {dag.py:3239} INFO - Sync 1 DAGs
[2025-03-23T08:10:56.744+0000] {logging_mixin.py:190} INFO - [2025-03-23T08:10:56.743+0000] {dag.py:4180} INFO - Setting next_dagrun for example_task_group to None, run_after=None
[2025-03-23T08:10:56.841+0000] {processor.py:208} INFO - Processing /home/airflow/.local/lib/python3.12/site-packages/airflow/example_dags/example_task_group.py took 0.231 seconds
[2025-03-23T08:11:27.394+0000] {processor.py:186} INFO - Started process (PID=643) to work on /home/airflow/.local/lib/python3.12/site-packages/airflow/example_dags/example_task_group.py
[2025-03-23T08:11:27.395+0000] {processor.py:914} INFO - Processing file /home/airflow/.local/lib/python3.12/site-packages/airflow/example_dags/example_task_group.py for tasks to queue
[2025-03-23T08:11:27.401+0000] {logging_mixin.py:190} INFO - [2025-03-23T08:11:27.400+0000] {dagbag.py:588} INFO - Filling up the DagBag from /home/airflow/.local/lib/python3.12/site-packages/airflow/example_dags/example_task_group.py
[2025-03-23T08:11:27.414+0000] {processor.py:925} INFO - DAG(s) 'example_task_group' retrieved from /home/airflow/.local/lib/python3.12/site-packages/airflow/example_dags/example_task_group.py
[2025-03-23T08:11:27.453+0000] {logging_mixin.py:190} INFO - [2025-03-23T08:11:27.452+0000] {dag.py:3239} INFO - Sync 1 DAGs
[2025-03-23T08:11:27.480+0000] {logging_mixin.py:190} INFO - [2025-03-23T08:11:27.480+0000] {dag.py:4180} INFO - Setting next_dagrun for example_task_group to None, run_after=None
[2025-03-23T08:11:27.544+0000] {processor.py:208} INFO - Processing /home/airflow/.local/lib/python3.12/site-packages/airflow/example_dags/example_task_group.py took 0.161 seconds
[2025-03-23T08:11:58.328+0000] {processor.py:186} INFO - Started process (PID=707) to work on /home/airflow/.local/lib/python3.12/site-packages/airflow/example_dags/example_task_group.py
[2025-03-23T08:11:58.329+0000] {processor.py:914} INFO - Processing file /home/airflow/.local/lib/python3.12/site-packages/airflow/example_dags/example_task_group.py for tasks to queue
[2025-03-23T08:11:58.334+0000] {logging_mixin.py:190} INFO - [2025-03-23T08:11:58.333+0000] {dagbag.py:588} INFO - Filling up the DagBag from /home/airflow/.local/lib/python3.12/site-packages/airflow/example_dags/example_task_group.py
[2025-03-23T08:11:58.346+0000] {processor.py:925} INFO - DAG(s) 'example_task_group' retrieved from /home/airflow/.local/lib/python3.12/site-packages/airflow/example_dags/example_task_group.py
[2025-03-23T08:11:58.373+0000] {logging_mixin.py:190} INFO - [2025-03-23T08:11:58.373+0000] {dag.py:3239} INFO - Sync 1 DAGs
[2025-03-23T08:11:58.390+0000] {logging_mixin.py:190} INFO - [2025-03-23T08:11:58.390+0000] {dag.py:4180} INFO - Setting next_dagrun for example_task_group to None, run_after=None
[2025-03-23T08:11:58.462+0000] {processor.py:208} INFO - Processing /home/airflow/.local/lib/python3.12/site-packages/airflow/example_dags/example_task_group.py took 0.143 seconds
[2025-03-23T08:12:28.557+0000] {processor.py:186} INFO - Started process (PID=771) to work on /home/airflow/.local/lib/python3.12/site-packages/airflow/example_dags/example_task_group.py
[2025-03-23T08:12:28.558+0000] {processor.py:914} INFO - Processing file /home/airflow/.local/lib/python3.12/site-packages/airflow/example_dags/example_task_group.py for tasks to queue
[2025-03-23T08:12:28.561+0000] {logging_mixin.py:190} INFO - [2025-03-23T08:12:28.561+0000] {dagbag.py:588} INFO - Filling up the DagBag from /home/airflow/.local/lib/python3.12/site-packages/airflow/example_dags/example_task_group.py
[2025-03-23T08:12:28.571+0000] {processor.py:925} INFO - DAG(s) 'example_task_group' retrieved from /home/airflow/.local/lib/python3.12/site-packages/airflow/example_dags/example_task_group.py
[2025-03-23T08:12:28.601+0000] {logging_mixin.py:190} INFO - [2025-03-23T08:12:28.601+0000] {dag.py:3239} INFO - Sync 1 DAGs
[2025-03-23T08:12:28.618+0000] {logging_mixin.py:190} INFO - [2025-03-23T08:12:28.618+0000] {dag.py:4180} INFO - Setting next_dagrun for example_task_group to None, run_after=None
[2025-03-23T08:12:28.673+0000] {processor.py:208} INFO - Processing /home/airflow/.local/lib/python3.12/site-packages/airflow/example_dags/example_task_group.py took 0.124 seconds
[2025-03-23T08:12:59.108+0000] {processor.py:186} INFO - Started process (PID=835) to work on /home/airflow/.local/lib/python3.12/site-packages/airflow/example_dags/example_task_group.py
[2025-03-23T08:12:59.110+0000] {processor.py:914} INFO - Processing file /home/airflow/.local/lib/python3.12/site-packages/airflow/example_dags/example_task_group.py for tasks to queue
[2025-03-23T08:12:59.114+0000] {logging_mixin.py:190} INFO - [2025-03-23T08:12:59.113+0000] {dagbag.py:588} INFO - Filling up the DagBag from /home/airflow/.local/lib/python3.12/site-packages/airflow/example_dags/example_task_group.py
[2025-03-23T08:12:59.128+0000] {processor.py:925} INFO - DAG(s) 'example_task_group' retrieved from /home/airflow/.local/lib/python3.12/site-packages/airflow/example_dags/example_task_group.py
[2025-03-23T08:12:59.158+0000] {logging_mixin.py:190} INFO - [2025-03-23T08:12:59.158+0000] {dag.py:3239} INFO - Sync 1 DAGs
[2025-03-23T08:12:59.180+0000] {logging_mixin.py:190} INFO - [2025-03-23T08:12:59.180+0000] {dag.py:4180} INFO - Setting next_dagrun for example_task_group to None, run_after=None
[2025-03-23T08:12:59.267+0000] {processor.py:208} INFO - Processing /home/airflow/.local/lib/python3.12/site-packages/airflow/example_dags/example_task_group.py took 0.168 seconds
[2025-03-23T08:13:29.334+0000] {processor.py:186} INFO - Started process (PID=899) to work on /home/airflow/.local/lib/python3.12/site-packages/airflow/example_dags/example_task_group.py
[2025-03-23T08:13:29.336+0000] {processor.py:914} INFO - Processing file /home/airflow/.local/lib/python3.12/site-packages/airflow/example_dags/example_task_group.py for tasks to queue
[2025-03-23T08:13:29.339+0000] {logging_mixin.py:190} INFO - [2025-03-23T08:13:29.339+0000] {dagbag.py:588} INFO - Filling up the DagBag from /home/airflow/.local/lib/python3.12/site-packages/airflow/example_dags/example_task_group.py
[2025-03-23T08:13:29.349+0000] {processor.py:925} INFO - DAG(s) 'example_task_group' retrieved from /home/airflow/.local/lib/python3.12/site-packages/airflow/example_dags/example_task_group.py
[2025-03-23T08:13:29.375+0000] {logging_mixin.py:190} INFO - [2025-03-23T08:13:29.375+0000] {dag.py:3239} INFO - Sync 1 DAGs
[2025-03-23T08:13:29.392+0000] {logging_mixin.py:190} INFO - [2025-03-23T08:13:29.392+0000] {dag.py:4180} INFO - Setting next_dagrun for example_task_group to None, run_after=None
[2025-03-23T08:13:29.443+0000] {processor.py:208} INFO - Processing /home/airflow/.local/lib/python3.12/site-packages/airflow/example_dags/example_task_group.py took 0.117 seconds
[2025-03-23T08:14:00.205+0000] {processor.py:186} INFO - Started process (PID=963) to work on /home/airflow/.local/lib/python3.12/site-packages/airflow/example_dags/example_task_group.py
[2025-03-23T08:14:00.206+0000] {processor.py:914} INFO - Processing file /home/airflow/.local/lib/python3.12/site-packages/airflow/example_dags/example_task_group.py for tasks to queue
[2025-03-23T08:14:00.210+0000] {logging_mixin.py:190} INFO - [2025-03-23T08:14:00.210+0000] {dagbag.py:588} INFO - Filling up the DagBag from /home/airflow/.local/lib/python3.12/site-packages/airflow/example_dags/example_task_group.py
[2025-03-23T08:14:00.228+0000] {processor.py:925} INFO - DAG(s) 'example_task_group' retrieved from /home/airflow/.local/lib/python3.12/site-packages/airflow/example_dags/example_task_group.py
[2025-03-23T08:14:00.263+0000] {logging_mixin.py:190} INFO - [2025-03-23T08:14:00.262+0000] {dag.py:3239} INFO - Sync 1 DAGs
[2025-03-23T08:14:00.292+0000] {logging_mixin.py:190} INFO - [2025-03-23T08:14:00.291+0000] {dag.py:4180} INFO - Setting next_dagrun for example_task_group to None, run_after=None
[2025-03-23T08:14:00.379+0000] {processor.py:208} INFO - Processing /home/airflow/.local/lib/python3.12/site-packages/airflow/example_dags/example_task_group.py took 0.187 seconds
[2025-03-23T08:14:30.685+0000] {processor.py:186} INFO - Started process (PID=1034) to work on /home/airflow/.local/lib/python3.12/site-packages/airflow/example_dags/example_task_group.py
[2025-03-23T08:14:30.686+0000] {processor.py:914} INFO - Processing file /home/airflow/.local/lib/python3.12/site-packages/airflow/example_dags/example_task_group.py for tasks to queue
[2025-03-23T08:14:30.689+0000] {logging_mixin.py:190} INFO - [2025-03-23T08:14:30.689+0000] {dagbag.py:588} INFO - Filling up the DagBag from /home/airflow/.local/lib/python3.12/site-packages/airflow/example_dags/example_task_group.py
[2025-03-23T08:14:30.700+0000] {processor.py:925} INFO - DAG(s) 'example_task_group' retrieved from /home/airflow/.local/lib/python3.12/site-packages/airflow/example_dags/example_task_group.py
[2025-03-23T08:14:30.727+0000] {logging_mixin.py:190} INFO - [2025-03-23T08:14:30.727+0000] {dag.py:3239} INFO - Sync 1 DAGs
[2025-03-23T08:14:30.744+0000] {logging_mixin.py:190} INFO - [2025-03-23T08:14:30.744+0000] {dag.py:4180} INFO - Setting next_dagrun for example_task_group to None, run_after=None
[2025-03-23T08:14:30.812+0000] {processor.py:208} INFO - Processing /home/airflow/.local/lib/python3.12/site-packages/airflow/example_dags/example_task_group.py took 0.136 seconds
[2025-03-23T08:15:01.784+0000] {processor.py:186} INFO - Started process (PID=1116) to work on /home/airflow/.local/lib/python3.12/site-packages/airflow/example_dags/example_task_group.py
[2025-03-23T08:15:01.785+0000] {processor.py:914} INFO - Processing file /home/airflow/.local/lib/python3.12/site-packages/airflow/example_dags/example_task_group.py for tasks to queue
[2025-03-23T08:15:01.789+0000] {logging_mixin.py:190} INFO - [2025-03-23T08:15:01.789+0000] {dagbag.py:588} INFO - Filling up the DagBag from /home/airflow/.local/lib/python3.12/site-packages/airflow/example_dags/example_task_group.py
[2025-03-23T08:15:01.803+0000] {processor.py:925} INFO - DAG(s) 'example_task_group' retrieved from /home/airflow/.local/lib/python3.12/site-packages/airflow/example_dags/example_task_group.py
[2025-03-23T08:15:01.829+0000] {logging_mixin.py:190} INFO - [2025-03-23T08:15:01.829+0000] {dag.py:3239} INFO - Sync 1 DAGs
[2025-03-23T08:15:01.846+0000] {logging_mixin.py:190} INFO - [2025-03-23T08:15:01.846+0000] {dag.py:4180} INFO - Setting next_dagrun for example_task_group to None, run_after=None
[2025-03-23T08:15:01.891+0000] {processor.py:208} INFO - Processing /home/airflow/.local/lib/python3.12/site-packages/airflow/example_dags/example_task_group.py took 0.115 seconds
[2025-03-23T08:15:32.450+0000] {processor.py:186} INFO - Started process (PID=1180) to work on /home/airflow/.local/lib/python3.12/site-packages/airflow/example_dags/example_task_group.py
[2025-03-23T08:15:32.487+0000] {processor.py:914} INFO - Processing file /home/airflow/.local/lib/python3.12/site-packages/airflow/example_dags/example_task_group.py for tasks to queue
[2025-03-23T08:15:32.502+0000] {logging_mixin.py:190} INFO - [2025-03-23T08:15:32.501+0000] {dagbag.py:588} INFO - Filling up the DagBag from /home/airflow/.local/lib/python3.12/site-packages/airflow/example_dags/example_task_group.py
[2025-03-23T08:15:32.537+0000] {processor.py:925} INFO - DAG(s) 'example_task_group' retrieved from /home/airflow/.local/lib/python3.12/site-packages/airflow/example_dags/example_task_group.py
[2025-03-23T08:15:32.582+0000] {logging_mixin.py:190} INFO - [2025-03-23T08:15:32.582+0000] {dag.py:3239} INFO - Sync 1 DAGs
[2025-03-23T08:15:32.624+0000] {logging_mixin.py:190} INFO - [2025-03-23T08:15:32.624+0000] {dag.py:4180} INFO - Setting next_dagrun for example_task_group to None, run_after=None
[2025-03-23T08:15:32.937+0000] {processor.py:208} INFO - Processing /home/airflow/.local/lib/python3.12/site-packages/airflow/example_dags/example_task_group.py took 0.506 seconds
[2025-03-23T08:16:03.106+0000] {processor.py:186} INFO - Started process (PID=1244) to work on /home/airflow/.local/lib/python3.12/site-packages/airflow/example_dags/example_task_group.py
[2025-03-23T08:16:03.107+0000] {processor.py:914} INFO - Processing file /home/airflow/.local/lib/python3.12/site-packages/airflow/example_dags/example_task_group.py for tasks to queue
[2025-03-23T08:16:03.112+0000] {logging_mixin.py:190} INFO - [2025-03-23T08:16:03.111+0000] {dagbag.py:588} INFO - Filling up the DagBag from /home/airflow/.local/lib/python3.12/site-packages/airflow/example_dags/example_task_group.py
[2025-03-23T08:16:03.128+0000] {processor.py:925} INFO - DAG(s) 'example_task_group' retrieved from /home/airflow/.local/lib/python3.12/site-packages/airflow/example_dags/example_task_group.py
[2025-03-23T08:16:03.161+0000] {logging_mixin.py:190} INFO - [2025-03-23T08:16:03.160+0000] {dag.py:3239} INFO - Sync 1 DAGs
[2025-03-23T08:16:03.182+0000] {logging_mixin.py:190} INFO - [2025-03-23T08:16:03.182+0000] {dag.py:4180} INFO - Setting next_dagrun for example_task_group to None, run_after=None
[2025-03-23T08:16:03.294+0000] {processor.py:208} INFO - Processing /home/airflow/.local/lib/python3.12/site-packages/airflow/example_dags/example_task_group.py took 0.205 seconds
[2025-03-23T08:16:33.500+0000] {processor.py:186} INFO - Started process (PID=1307) to work on /home/airflow/.local/lib/python3.12/site-packages/airflow/example_dags/example_task_group.py
[2025-03-23T08:16:33.502+0000] {processor.py:914} INFO - Processing file /home/airflow/.local/lib/python3.12/site-packages/airflow/example_dags/example_task_group.py for tasks to queue
[2025-03-23T08:16:33.505+0000] {logging_mixin.py:190} INFO - [2025-03-23T08:16:33.505+0000] {dagbag.py:588} INFO - Filling up the DagBag from /home/airflow/.local/lib/python3.12/site-packages/airflow/example_dags/example_task_group.py
[2025-03-23T08:16:33.519+0000] {processor.py:925} INFO - DAG(s) 'example_task_group' retrieved from /home/airflow/.local/lib/python3.12/site-packages/airflow/example_dags/example_task_group.py
[2025-03-23T08:16:33.548+0000] {logging_mixin.py:190} INFO - [2025-03-23T08:16:33.548+0000] {dag.py:3239} INFO - Sync 1 DAGs
[2025-03-23T08:16:33.566+0000] {logging_mixin.py:190} INFO - [2025-03-23T08:16:33.566+0000] {dag.py:4180} INFO - Setting next_dagrun for example_task_group to None, run_after=None
[2025-03-23T08:16:33.642+0000] {processor.py:208} INFO - Processing /home/airflow/.local/lib/python3.12/site-packages/airflow/example_dags/example_task_group.py took 0.157 seconds
[2025-03-23T08:17:03.847+0000] {processor.py:186} INFO - Started process (PID=1371) to work on /home/airflow/.local/lib/python3.12/site-packages/airflow/example_dags/example_task_group.py
[2025-03-23T08:17:03.849+0000] {processor.py:914} INFO - Processing file /home/airflow/.local/lib/python3.12/site-packages/airflow/example_dags/example_task_group.py for tasks to queue
[2025-03-23T08:17:03.852+0000] {logging_mixin.py:190} INFO - [2025-03-23T08:17:03.851+0000] {dagbag.py:588} INFO - Filling up the DagBag from /home/airflow/.local/lib/python3.12/site-packages/airflow/example_dags/example_task_group.py
[2025-03-23T08:17:03.863+0000] {processor.py:925} INFO - DAG(s) 'example_task_group' retrieved from /home/airflow/.local/lib/python3.12/site-packages/airflow/example_dags/example_task_group.py
[2025-03-23T08:17:03.892+0000] {logging_mixin.py:190} INFO - [2025-03-23T08:17:03.892+0000] {dag.py:3239} INFO - Sync 1 DAGs
[2025-03-23T08:17:03.928+0000] {logging_mixin.py:190} INFO - [2025-03-23T08:17:03.928+0000] {dag.py:4180} INFO - Setting next_dagrun for example_task_group to None, run_after=None
[2025-03-23T08:17:04.029+0000] {processor.py:208} INFO - Processing /home/airflow/.local/lib/python3.12/site-packages/airflow/example_dags/example_task_group.py took 0.195 seconds
[2025-03-23T08:17:34.350+0000] {processor.py:186} INFO - Started process (PID=1435) to work on /home/airflow/.local/lib/python3.12/site-packages/airflow/example_dags/example_task_group.py
[2025-03-23T08:17:34.351+0000] {processor.py:914} INFO - Processing file /home/airflow/.local/lib/python3.12/site-packages/airflow/example_dags/example_task_group.py for tasks to queue
[2025-03-23T08:17:34.355+0000] {logging_mixin.py:190} INFO - [2025-03-23T08:17:34.354+0000] {dagbag.py:588} INFO - Filling up the DagBag from /home/airflow/.local/lib/python3.12/site-packages/airflow/example_dags/example_task_group.py
[2025-03-23T08:17:34.366+0000] {processor.py:925} INFO - DAG(s) 'example_task_group' retrieved from /home/airflow/.local/lib/python3.12/site-packages/airflow/example_dags/example_task_group.py
[2025-03-23T08:17:34.395+0000] {logging_mixin.py:190} INFO - [2025-03-23T08:17:34.395+0000] {dag.py:3239} INFO - Sync 1 DAGs
[2025-03-23T08:17:34.413+0000] {logging_mixin.py:190} INFO - [2025-03-23T08:17:34.413+0000] {dag.py:4180} INFO - Setting next_dagrun for example_task_group to None, run_after=None
[2025-03-23T08:17:34.498+0000] {processor.py:208} INFO - Processing /home/airflow/.local/lib/python3.12/site-packages/airflow/example_dags/example_task_group.py took 0.159 seconds
[2025-03-23T08:18:05.058+0000] {processor.py:186} INFO - Started process (PID=1499) to work on /home/airflow/.local/lib/python3.12/site-packages/airflow/example_dags/example_task_group.py
[2025-03-23T08:18:05.066+0000] {processor.py:914} INFO - Processing file /home/airflow/.local/lib/python3.12/site-packages/airflow/example_dags/example_task_group.py for tasks to queue
[2025-03-23T08:18:05.071+0000] {logging_mixin.py:190} INFO - [2025-03-23T08:18:05.070+0000] {dagbag.py:588} INFO - Filling up the DagBag from /home/airflow/.local/lib/python3.12/site-packages/airflow/example_dags/example_task_group.py
[2025-03-23T08:18:05.096+0000] {processor.py:925} INFO - DAG(s) 'example_task_group' retrieved from /home/airflow/.local/lib/python3.12/site-packages/airflow/example_dags/example_task_group.py
[2025-03-23T08:18:05.146+0000] {logging_mixin.py:190} INFO - [2025-03-23T08:18:05.145+0000] {dag.py:3239} INFO - Sync 1 DAGs
[2025-03-23T08:18:05.174+0000] {logging_mixin.py:190} INFO - [2025-03-23T08:18:05.173+0000] {dag.py:4180} INFO - Setting next_dagrun for example_task_group to None, run_after=None
[2025-03-23T08:18:05.283+0000] {processor.py:208} INFO - Processing /home/airflow/.local/lib/python3.12/site-packages/airflow/example_dags/example_task_group.py took 0.248 seconds
[2025-03-23T08:18:35.780+0000] {processor.py:186} INFO - Started process (PID=1563) to work on /home/airflow/.local/lib/python3.12/site-packages/airflow/example_dags/example_task_group.py
[2025-03-23T08:18:35.782+0000] {processor.py:914} INFO - Processing file /home/airflow/.local/lib/python3.12/site-packages/airflow/example_dags/example_task_group.py for tasks to queue
[2025-03-23T08:18:35.786+0000] {logging_mixin.py:190} INFO - [2025-03-23T08:18:35.786+0000] {dagbag.py:588} INFO - Filling up the DagBag from /home/airflow/.local/lib/python3.12/site-packages/airflow/example_dags/example_task_group.py
[2025-03-23T08:18:35.800+0000] {processor.py:925} INFO - DAG(s) 'example_task_group' retrieved from /home/airflow/.local/lib/python3.12/site-packages/airflow/example_dags/example_task_group.py
[2025-03-23T08:18:35.829+0000] {logging_mixin.py:190} INFO - [2025-03-23T08:18:35.828+0000] {dag.py:3239} INFO - Sync 1 DAGs
[2025-03-23T08:18:35.845+0000] {logging_mixin.py:190} INFO - [2025-03-23T08:18:35.845+0000] {dag.py:4180} INFO - Setting next_dagrun for example_task_group to None, run_after=None
[2025-03-23T08:18:35.945+0000] {processor.py:208} INFO - Processing /home/airflow/.local/lib/python3.12/site-packages/airflow/example_dags/example_task_group.py took 0.190 seconds
[2025-03-23T08:19:06.450+0000] {processor.py:186} INFO - Started process (PID=1627) to work on /home/airflow/.local/lib/python3.12/site-packages/airflow/example_dags/example_task_group.py
[2025-03-23T08:19:06.451+0000] {processor.py:914} INFO - Processing file /home/airflow/.local/lib/python3.12/site-packages/airflow/example_dags/example_task_group.py for tasks to queue
[2025-03-23T08:19:06.455+0000] {logging_mixin.py:190} INFO - [2025-03-23T08:19:06.455+0000] {dagbag.py:588} INFO - Filling up the DagBag from /home/airflow/.local/lib/python3.12/site-packages/airflow/example_dags/example_task_group.py
[2025-03-23T08:19:06.466+0000] {processor.py:925} INFO - DAG(s) 'example_task_group' retrieved from /home/airflow/.local/lib/python3.12/site-packages/airflow/example_dags/example_task_group.py
[2025-03-23T08:19:06.489+0000] {logging_mixin.py:190} INFO - [2025-03-23T08:19:06.489+0000] {dag.py:3239} INFO - Sync 1 DAGs
[2025-03-23T08:19:06.508+0000] {logging_mixin.py:190} INFO - [2025-03-23T08:19:06.508+0000] {dag.py:4180} INFO - Setting next_dagrun for example_task_group to None, run_after=None
[2025-03-23T08:19:06.566+0000] {processor.py:208} INFO - Processing /home/airflow/.local/lib/python3.12/site-packages/airflow/example_dags/example_task_group.py took 0.131 seconds
[2025-03-23T08:19:37.061+0000] {processor.py:186} INFO - Started process (PID=1691) to work on /home/airflow/.local/lib/python3.12/site-packages/airflow/example_dags/example_task_group.py
[2025-03-23T08:19:37.062+0000] {processor.py:914} INFO - Processing file /home/airflow/.local/lib/python3.12/site-packages/airflow/example_dags/example_task_group.py for tasks to queue
[2025-03-23T08:19:37.066+0000] {logging_mixin.py:190} INFO - [2025-03-23T08:19:37.065+0000] {dagbag.py:588} INFO - Filling up the DagBag from /home/airflow/.local/lib/python3.12/site-packages/airflow/example_dags/example_task_group.py
[2025-03-23T08:19:37.079+0000] {processor.py:925} INFO - DAG(s) 'example_task_group' retrieved from /home/airflow/.local/lib/python3.12/site-packages/airflow/example_dags/example_task_group.py
[2025-03-23T08:19:37.109+0000] {logging_mixin.py:190} INFO - [2025-03-23T08:19:37.108+0000] {dag.py:3239} INFO - Sync 1 DAGs
[2025-03-23T08:19:37.128+0000] {logging_mixin.py:190} INFO - [2025-03-23T08:19:37.128+0000] {dag.py:4180} INFO - Setting next_dagrun for example_task_group to None, run_after=None
[2025-03-23T08:19:37.214+0000] {processor.py:208} INFO - Processing /home/airflow/.local/lib/python3.12/site-packages/airflow/example_dags/example_task_group.py took 0.167 seconds
[2025-03-23T08:20:07.357+0000] {processor.py:186} INFO - Started process (PID=1754) to work on /home/airflow/.local/lib/python3.12/site-packages/airflow/example_dags/example_task_group.py
[2025-03-23T08:20:07.359+0000] {processor.py:914} INFO - Processing file /home/airflow/.local/lib/python3.12/site-packages/airflow/example_dags/example_task_group.py for tasks to queue
[2025-03-23T08:20:07.363+0000] {logging_mixin.py:190} INFO - [2025-03-23T08:20:07.362+0000] {dagbag.py:588} INFO - Filling up the DagBag from /home/airflow/.local/lib/python3.12/site-packages/airflow/example_dags/example_task_group.py
[2025-03-23T08:20:07.374+0000] {processor.py:925} INFO - DAG(s) 'example_task_group' retrieved from /home/airflow/.local/lib/python3.12/site-packages/airflow/example_dags/example_task_group.py
[2025-03-23T08:20:07.403+0000] {logging_mixin.py:190} INFO - [2025-03-23T08:20:07.403+0000] {dag.py:3239} INFO - Sync 1 DAGs
[2025-03-23T08:20:07.422+0000] {logging_mixin.py:190} INFO - [2025-03-23T08:20:07.422+0000] {dag.py:4180} INFO - Setting next_dagrun for example_task_group to None, run_after=None
[2025-03-23T08:20:07.492+0000] {processor.py:208} INFO - Processing /home/airflow/.local/lib/python3.12/site-packages/airflow/example_dags/example_task_group.py took 0.153 seconds
[2025-03-23T08:20:37.904+0000] {processor.py:186} INFO - Started process (PID=1818) to work on /home/airflow/.local/lib/python3.12/site-packages/airflow/example_dags/example_task_group.py
[2025-03-23T08:20:37.906+0000] {processor.py:914} INFO - Processing file /home/airflow/.local/lib/python3.12/site-packages/airflow/example_dags/example_task_group.py for tasks to queue
[2025-03-23T08:20:37.909+0000] {logging_mixin.py:190} INFO - [2025-03-23T08:20:37.909+0000] {dagbag.py:588} INFO - Filling up the DagBag from /home/airflow/.local/lib/python3.12/site-packages/airflow/example_dags/example_task_group.py
[2025-03-23T08:20:37.922+0000] {processor.py:925} INFO - DAG(s) 'example_task_group' retrieved from /home/airflow/.local/lib/python3.12/site-packages/airflow/example_dags/example_task_group.py
[2025-03-23T08:20:37.960+0000] {logging_mixin.py:190} INFO - [2025-03-23T08:20:37.960+0000] {dag.py:3239} INFO - Sync 1 DAGs
[2025-03-23T08:20:37.980+0000] {logging_mixin.py:190} INFO - [2025-03-23T08:20:37.980+0000] {dag.py:4180} INFO - Setting next_dagrun for example_task_group to None, run_after=None
[2025-03-23T08:20:38.081+0000] {processor.py:208} INFO - Processing /home/airflow/.local/lib/python3.12/site-packages/airflow/example_dags/example_task_group.py took 0.188 seconds
[2025-03-23T08:26:48.341+0000] {processor.py:186} INFO - Started process (PID=111) to work on /home/airflow/.local/lib/python3.12/site-packages/airflow/example_dags/example_task_group.py
[2025-03-23T08:26:48.364+0000] {processor.py:914} INFO - Processing file /home/airflow/.local/lib/python3.12/site-packages/airflow/example_dags/example_task_group.py for tasks to queue
[2025-03-23T08:26:48.367+0000] {logging_mixin.py:190} INFO - [2025-03-23T08:26:48.367+0000] {dagbag.py:588} INFO - Filling up the DagBag from /home/airflow/.local/lib/python3.12/site-packages/airflow/example_dags/example_task_group.py
[2025-03-23T08:26:48.381+0000] {processor.py:925} INFO - DAG(s) 'example_task_group' retrieved from /home/airflow/.local/lib/python3.12/site-packages/airflow/example_dags/example_task_group.py
[2025-03-23T08:26:48.415+0000] {logging_mixin.py:190} INFO - [2025-03-23T08:26:48.415+0000] {dag.py:3239} INFO - Sync 1 DAGs
[2025-03-23T08:26:48.437+0000] {logging_mixin.py:190} INFO - [2025-03-23T08:26:48.437+0000] {dag.py:4180} INFO - Setting next_dagrun for example_task_group to None, run_after=None
[2025-03-23T08:26:48.564+0000] {processor.py:208} INFO - Processing /home/airflow/.local/lib/python3.12/site-packages/airflow/example_dags/example_task_group.py took 0.232 seconds
[2025-03-23T08:27:19.150+0000] {processor.py:186} INFO - Started process (PID=174) to work on /home/airflow/.local/lib/python3.12/site-packages/airflow/example_dags/example_task_group.py
[2025-03-23T08:27:19.155+0000] {processor.py:914} INFO - Processing file /home/airflow/.local/lib/python3.12/site-packages/airflow/example_dags/example_task_group.py for tasks to queue
[2025-03-23T08:27:19.161+0000] {logging_mixin.py:190} INFO - [2025-03-23T08:27:19.160+0000] {dagbag.py:588} INFO - Filling up the DagBag from /home/airflow/.local/lib/python3.12/site-packages/airflow/example_dags/example_task_group.py
[2025-03-23T08:27:19.182+0000] {processor.py:925} INFO - DAG(s) 'example_task_group' retrieved from /home/airflow/.local/lib/python3.12/site-packages/airflow/example_dags/example_task_group.py
[2025-03-23T08:27:19.243+0000] {logging_mixin.py:190} INFO - [2025-03-23T08:27:19.243+0000] {dag.py:3239} INFO - Sync 1 DAGs
[2025-03-23T08:27:19.327+0000] {logging_mixin.py:190} INFO - [2025-03-23T08:27:19.326+0000] {dag.py:4180} INFO - Setting next_dagrun for example_task_group to None, run_after=None
[2025-03-23T08:27:19.673+0000] {processor.py:208} INFO - Processing /home/airflow/.local/lib/python3.12/site-packages/airflow/example_dags/example_task_group.py took 0.541 seconds
[2025-03-23T08:27:50.015+0000] {processor.py:186} INFO - Started process (PID=238) to work on /home/airflow/.local/lib/python3.12/site-packages/airflow/example_dags/example_task_group.py
[2025-03-23T08:27:50.017+0000] {processor.py:914} INFO - Processing file /home/airflow/.local/lib/python3.12/site-packages/airflow/example_dags/example_task_group.py for tasks to queue
[2025-03-23T08:27:50.025+0000] {logging_mixin.py:190} INFO - [2025-03-23T08:27:50.023+0000] {dagbag.py:588} INFO - Filling up the DagBag from /home/airflow/.local/lib/python3.12/site-packages/airflow/example_dags/example_task_group.py
[2025-03-23T08:27:50.053+0000] {processor.py:925} INFO - DAG(s) 'example_task_group' retrieved from /home/airflow/.local/lib/python3.12/site-packages/airflow/example_dags/example_task_group.py
[2025-03-23T08:27:50.091+0000] {logging_mixin.py:190} INFO - [2025-03-23T08:27:50.090+0000] {dag.py:3239} INFO - Sync 1 DAGs
[2025-03-23T08:27:50.112+0000] {logging_mixin.py:190} INFO - [2025-03-23T08:27:50.112+0000] {dag.py:4180} INFO - Setting next_dagrun for example_task_group to None, run_after=None
[2025-03-23T08:27:50.178+0000] {processor.py:208} INFO - Processing /home/airflow/.local/lib/python3.12/site-packages/airflow/example_dags/example_task_group.py took 0.178 seconds
[2025-03-23T08:28:21.207+0000] {processor.py:186} INFO - Started process (PID=302) to work on /home/airflow/.local/lib/python3.12/site-packages/airflow/example_dags/example_task_group.py
[2025-03-23T08:28:21.209+0000] {processor.py:914} INFO - Processing file /home/airflow/.local/lib/python3.12/site-packages/airflow/example_dags/example_task_group.py for tasks to queue
[2025-03-23T08:28:21.215+0000] {logging_mixin.py:190} INFO - [2025-03-23T08:28:21.214+0000] {dagbag.py:588} INFO - Filling up the DagBag from /home/airflow/.local/lib/python3.12/site-packages/airflow/example_dags/example_task_group.py
[2025-03-23T08:28:21.230+0000] {processor.py:925} INFO - DAG(s) 'example_task_group' retrieved from /home/airflow/.local/lib/python3.12/site-packages/airflow/example_dags/example_task_group.py
[2025-03-23T08:28:21.259+0000] {logging_mixin.py:190} INFO - [2025-03-23T08:28:21.258+0000] {dag.py:3239} INFO - Sync 1 DAGs
[2025-03-23T08:28:21.284+0000] {logging_mixin.py:190} INFO - [2025-03-23T08:28:21.284+0000] {dag.py:4180} INFO - Setting next_dagrun for example_task_group to None, run_after=None
[2025-03-23T08:28:21.402+0000] {processor.py:208} INFO - Processing /home/airflow/.local/lib/python3.12/site-packages/airflow/example_dags/example_task_group.py took 0.206 seconds
[2025-03-23T08:28:51.525+0000] {processor.py:186} INFO - Started process (PID=366) to work on /home/airflow/.local/lib/python3.12/site-packages/airflow/example_dags/example_task_group.py
[2025-03-23T08:28:51.526+0000] {processor.py:914} INFO - Processing file /home/airflow/.local/lib/python3.12/site-packages/airflow/example_dags/example_task_group.py for tasks to queue
[2025-03-23T08:28:51.531+0000] {logging_mixin.py:190} INFO - [2025-03-23T08:28:51.530+0000] {dagbag.py:588} INFO - Filling up the DagBag from /home/airflow/.local/lib/python3.12/site-packages/airflow/example_dags/example_task_group.py
[2025-03-23T08:28:51.542+0000] {processor.py:925} INFO - DAG(s) 'example_task_group' retrieved from /home/airflow/.local/lib/python3.12/site-packages/airflow/example_dags/example_task_group.py
[2025-03-23T08:28:51.588+0000] {logging_mixin.py:190} INFO - [2025-03-23T08:28:51.587+0000] {dag.py:3239} INFO - Sync 1 DAGs
[2025-03-23T08:28:51.608+0000] {logging_mixin.py:190} INFO - [2025-03-23T08:28:51.608+0000] {dag.py:4180} INFO - Setting next_dagrun for example_task_group to None, run_after=None
[2025-03-23T08:28:51.664+0000] {processor.py:208} INFO - Processing /home/airflow/.local/lib/python3.12/site-packages/airflow/example_dags/example_task_group.py took 0.147 seconds
[2025-03-23T08:29:21.924+0000] {processor.py:186} INFO - Started process (PID=429) to work on /home/airflow/.local/lib/python3.12/site-packages/airflow/example_dags/example_task_group.py
[2025-03-23T08:29:21.926+0000] {processor.py:914} INFO - Processing file /home/airflow/.local/lib/python3.12/site-packages/airflow/example_dags/example_task_group.py for tasks to queue
[2025-03-23T08:29:21.930+0000] {logging_mixin.py:190} INFO - [2025-03-23T08:29:21.930+0000] {dagbag.py:588} INFO - Filling up the DagBag from /home/airflow/.local/lib/python3.12/site-packages/airflow/example_dags/example_task_group.py
[2025-03-23T08:29:21.946+0000] {processor.py:925} INFO - DAG(s) 'example_task_group' retrieved from /home/airflow/.local/lib/python3.12/site-packages/airflow/example_dags/example_task_group.py
[2025-03-23T08:29:22.020+0000] {logging_mixin.py:190} INFO - [2025-03-23T08:29:22.020+0000] {dag.py:3239} INFO - Sync 1 DAGs
[2025-03-23T08:29:22.046+0000] {logging_mixin.py:190} INFO - [2025-03-23T08:29:22.046+0000] {dag.py:4180} INFO - Setting next_dagrun for example_task_group to None, run_after=None
[2025-03-23T08:29:22.109+0000] {processor.py:208} INFO - Processing /home/airflow/.local/lib/python3.12/site-packages/airflow/example_dags/example_task_group.py took 0.196 seconds
[2025-03-23T08:29:52.813+0000] {processor.py:186} INFO - Started process (PID=493) to work on /home/airflow/.local/lib/python3.12/site-packages/airflow/example_dags/example_task_group.py
[2025-03-23T08:29:52.815+0000] {processor.py:914} INFO - Processing file /home/airflow/.local/lib/python3.12/site-packages/airflow/example_dags/example_task_group.py for tasks to queue
[2025-03-23T08:29:52.819+0000] {logging_mixin.py:190} INFO - [2025-03-23T08:29:52.818+0000] {dagbag.py:588} INFO - Filling up the DagBag from /home/airflow/.local/lib/python3.12/site-packages/airflow/example_dags/example_task_group.py
[2025-03-23T08:29:52.835+0000] {processor.py:925} INFO - DAG(s) 'example_task_group' retrieved from /home/airflow/.local/lib/python3.12/site-packages/airflow/example_dags/example_task_group.py
[2025-03-23T08:29:52.872+0000] {logging_mixin.py:190} INFO - [2025-03-23T08:29:52.871+0000] {dag.py:3239} INFO - Sync 1 DAGs
[2025-03-23T08:29:52.894+0000] {logging_mixin.py:190} INFO - [2025-03-23T08:29:52.893+0000] {dag.py:4180} INFO - Setting next_dagrun for example_task_group to None, run_after=None
[2025-03-23T08:29:52.977+0000] {processor.py:208} INFO - Processing /home/airflow/.local/lib/python3.12/site-packages/airflow/example_dags/example_task_group.py took 0.174 seconds
