[2025-03-23T08:07:17.034+0000] {processor.py:186} INFO - Started process (PID=128) to work on /home/airflow/.local/lib/python3.12/site-packages/airflow/example_dags/example_external_task_marker_dag.py
[2025-03-23T08:07:17.036+0000] {processor.py:914} INFO - Processing file /home/airflow/.local/lib/python3.12/site-packages/airflow/example_dags/example_external_task_marker_dag.py for tasks to queue
[2025-03-23T08:07:17.040+0000] {logging_mixin.py:190} INFO - [2025-03-23T08:07:17.040+0000] {dagbag.py:588} INFO - Filling up the DagBag from /home/airflow/.local/lib/python3.12/site-packages/airflow/example_dags/example_external_task_marker_dag.py
[2025-03-23T08:07:17.074+0000] {processor.py:925} INFO - DAG(s) 'example_external_task_marker_child', 'example_external_task_marker_parent' retrieved from /home/airflow/.local/lib/python3.12/site-packages/airflow/example_dags/example_external_task_marker_dag.py
[2025-03-23T08:07:17.280+0000] {logging_mixin.py:190} INFO - [2025-03-23T08:07:17.278+0000] {override.py:1911} INFO - Created Permission View: can edit on DAG:example_external_task_marker_child
[2025-03-23T08:07:17.441+0000] {logging_mixin.py:190} INFO - [2025-03-23T08:07:17.441+0000] {override.py:1911} INFO - Created Permission View: can delete on DAG:example_external_task_marker_child
[2025-03-23T08:07:17.491+0000] {logging_mixin.py:190} INFO - [2025-03-23T08:07:17.490+0000] {override.py:1911} INFO - Created Permission View: can read on DAG:example_external_task_marker_child
[2025-03-23T08:07:17.686+0000] {logging_mixin.py:190} INFO - [2025-03-23T08:07:17.685+0000] {override.py:1911} INFO - Created Permission View: menu access on DAG Run:example_external_task_marker_child
[2025-03-23T08:07:17.746+0000] {logging_mixin.py:190} INFO - [2025-03-23T08:07:17.745+0000] {override.py:1911} INFO - Created Permission View: can create on DAG Run:example_external_task_marker_child
[2025-03-23T08:07:17.802+0000] {logging_mixin.py:190} INFO - [2025-03-23T08:07:17.801+0000] {override.py:1911} INFO - Created Permission View: can read on DAG Run:example_external_task_marker_child
[2025-03-23T08:07:17.941+0000] {logging_mixin.py:190} INFO - [2025-03-23T08:07:17.941+0000] {override.py:1911} INFO - Created Permission View: can delete on DAG Run:example_external_task_marker_child
[2025-03-23T08:07:18.068+0000] {logging_mixin.py:190} INFO - [2025-03-23T08:07:18.068+0000] {override.py:1911} INFO - Created Permission View: can edit on DAG:example_external_task_marker_parent
[2025-03-23T08:07:18.212+0000] {logging_mixin.py:190} INFO - [2025-03-23T08:07:18.212+0000] {override.py:1911} INFO - Created Permission View: can delete on DAG:example_external_task_marker_parent
[2025-03-23T08:07:18.268+0000] {logging_mixin.py:190} INFO - [2025-03-23T08:07:18.268+0000] {override.py:1911} INFO - Created Permission View: can read on DAG:example_external_task_marker_parent
[2025-03-23T08:07:18.468+0000] {logging_mixin.py:190} INFO - [2025-03-23T08:07:18.468+0000] {override.py:1911} INFO - Created Permission View: menu access on DAG Run:example_external_task_marker_parent
[2025-03-23T08:07:18.524+0000] {logging_mixin.py:190} INFO - [2025-03-23T08:07:18.523+0000] {override.py:1911} INFO - Created Permission View: can create on DAG Run:example_external_task_marker_parent
[2025-03-23T08:07:18.668+0000] {logging_mixin.py:190} INFO - [2025-03-23T08:07:18.668+0000] {override.py:1911} INFO - Created Permission View: can read on DAG Run:example_external_task_marker_parent
[2025-03-23T08:07:18.723+0000] {logging_mixin.py:190} INFO - [2025-03-23T08:07:18.723+0000] {override.py:1911} INFO - Created Permission View: can delete on DAG Run:example_external_task_marker_parent
[2025-03-23T08:07:18.725+0000] {logging_mixin.py:190} INFO - [2025-03-23T08:07:18.724+0000] {dag.py:3239} INFO - Sync 2 DAGs
[2025-03-23T08:07:18.743+0000] {logging_mixin.py:190} INFO - [2025-03-23T08:07:18.743+0000] {dag.py:3262} INFO - Creating ORM DAG for example_external_task_marker_parent
[2025-03-23T08:07:18.745+0000] {logging_mixin.py:190} INFO - [2025-03-23T08:07:18.744+0000] {dag.py:3262} INFO - Creating ORM DAG for example_external_task_marker_child
[2025-03-23T08:07:18.746+0000] {logging_mixin.py:190} INFO - [2025-03-23T08:07:18.746+0000] {dag.py:4180} INFO - Setting next_dagrun for example_external_task_marker_child to None, run_after=None
[2025-03-23T08:07:18.748+0000] {logging_mixin.py:190} INFO - [2025-03-23T08:07:18.748+0000] {dag.py:4180} INFO - Setting next_dagrun for example_external_task_marker_parent to None, run_after=None
[2025-03-23T08:07:18.922+0000] {processor.py:208} INFO - Processing /home/airflow/.local/lib/python3.12/site-packages/airflow/example_dags/example_external_task_marker_dag.py took 1.897 seconds
[2025-03-23T08:07:50.760+0000] {processor.py:186} INFO - Started process (PID=191) to work on /home/airflow/.local/lib/python3.12/site-packages/airflow/example_dags/example_external_task_marker_dag.py
[2025-03-23T08:07:50.856+0000] {processor.py:914} INFO - Processing file /home/airflow/.local/lib/python3.12/site-packages/airflow/example_dags/example_external_task_marker_dag.py for tasks to queue
[2025-03-23T08:07:50.859+0000] {logging_mixin.py:190} INFO - [2025-03-23T08:07:50.859+0000] {dagbag.py:588} INFO - Filling up the DagBag from /home/airflow/.local/lib/python3.12/site-packages/airflow/example_dags/example_external_task_marker_dag.py
[2025-03-23T08:07:50.874+0000] {processor.py:925} INFO - DAG(s) 'example_external_task_marker_parent', 'example_external_task_marker_child' retrieved from /home/airflow/.local/lib/python3.12/site-packages/airflow/example_dags/example_external_task_marker_dag.py
[2025-03-23T08:07:50.905+0000] {logging_mixin.py:190} INFO - [2025-03-23T08:07:50.905+0000] {dag.py:3239} INFO - Sync 2 DAGs
[2025-03-23T08:07:50.930+0000] {logging_mixin.py:190} INFO - [2025-03-23T08:07:50.929+0000] {dag.py:4180} INFO - Setting next_dagrun for example_external_task_marker_child to None, run_after=None
[2025-03-23T08:07:50.937+0000] {logging_mixin.py:190} INFO - [2025-03-23T08:07:50.936+0000] {dag.py:4180} INFO - Setting next_dagrun for example_external_task_marker_parent to None, run_after=None
[2025-03-23T08:07:51.014+0000] {processor.py:208} INFO - Processing /home/airflow/.local/lib/python3.12/site-packages/airflow/example_dags/example_external_task_marker_dag.py took 0.262 seconds
[2025-03-23T08:08:21.125+0000] {processor.py:186} INFO - Started process (PID=255) to work on /home/airflow/.local/lib/python3.12/site-packages/airflow/example_dags/example_external_task_marker_dag.py
[2025-03-23T08:08:21.129+0000] {processor.py:914} INFO - Processing file /home/airflow/.local/lib/python3.12/site-packages/airflow/example_dags/example_external_task_marker_dag.py for tasks to queue
[2025-03-23T08:08:21.135+0000] {logging_mixin.py:190} INFO - [2025-03-23T08:08:21.134+0000] {dagbag.py:588} INFO - Filling up the DagBag from /home/airflow/.local/lib/python3.12/site-packages/airflow/example_dags/example_external_task_marker_dag.py
[2025-03-23T08:08:21.156+0000] {processor.py:925} INFO - DAG(s) 'example_external_task_marker_child', 'example_external_task_marker_parent' retrieved from /home/airflow/.local/lib/python3.12/site-packages/airflow/example_dags/example_external_task_marker_dag.py
[2025-03-23T08:08:21.208+0000] {logging_mixin.py:190} INFO - [2025-03-23T08:08:21.207+0000] {dag.py:3239} INFO - Sync 2 DAGs
[2025-03-23T08:08:21.248+0000] {logging_mixin.py:190} INFO - [2025-03-23T08:08:21.248+0000] {dag.py:4180} INFO - Setting next_dagrun for example_external_task_marker_child to None, run_after=None
[2025-03-23T08:08:21.257+0000] {logging_mixin.py:190} INFO - [2025-03-23T08:08:21.256+0000] {dag.py:4180} INFO - Setting next_dagrun for example_external_task_marker_parent to None, run_after=None
[2025-03-23T08:08:21.379+0000] {processor.py:208} INFO - Processing /home/airflow/.local/lib/python3.12/site-packages/airflow/example_dags/example_external_task_marker_dag.py took 0.270 seconds
[2025-03-23T08:08:52.406+0000] {processor.py:186} INFO - Started process (PID=319) to work on /home/airflow/.local/lib/python3.12/site-packages/airflow/example_dags/example_external_task_marker_dag.py
[2025-03-23T08:08:52.408+0000] {processor.py:914} INFO - Processing file /home/airflow/.local/lib/python3.12/site-packages/airflow/example_dags/example_external_task_marker_dag.py for tasks to queue
[2025-03-23T08:08:52.412+0000] {logging_mixin.py:190} INFO - [2025-03-23T08:08:52.411+0000] {dagbag.py:588} INFO - Filling up the DagBag from /home/airflow/.local/lib/python3.12/site-packages/airflow/example_dags/example_external_task_marker_dag.py
[2025-03-23T08:08:52.426+0000] {processor.py:925} INFO - DAG(s) 'example_external_task_marker_child', 'example_external_task_marker_parent' retrieved from /home/airflow/.local/lib/python3.12/site-packages/airflow/example_dags/example_external_task_marker_dag.py
[2025-03-23T08:08:52.459+0000] {logging_mixin.py:190} INFO - [2025-03-23T08:08:52.459+0000] {dag.py:3239} INFO - Sync 2 DAGs
[2025-03-23T08:08:52.486+0000] {logging_mixin.py:190} INFO - [2025-03-23T08:08:52.485+0000] {dag.py:4180} INFO - Setting next_dagrun for example_external_task_marker_child to None, run_after=None
[2025-03-23T08:08:52.491+0000] {logging_mixin.py:190} INFO - [2025-03-23T08:08:52.491+0000] {dag.py:4180} INFO - Setting next_dagrun for example_external_task_marker_parent to None, run_after=None
[2025-03-23T08:08:52.630+0000] {processor.py:208} INFO - Processing /home/airflow/.local/lib/python3.12/site-packages/airflow/example_dags/example_external_task_marker_dag.py took 0.235 seconds
[2025-03-23T08:09:23.275+0000] {processor.py:186} INFO - Started process (PID=382) to work on /home/airflow/.local/lib/python3.12/site-packages/airflow/example_dags/example_external_task_marker_dag.py
[2025-03-23T08:09:23.277+0000] {processor.py:914} INFO - Processing file /home/airflow/.local/lib/python3.12/site-packages/airflow/example_dags/example_external_task_marker_dag.py for tasks to queue
[2025-03-23T08:09:23.280+0000] {logging_mixin.py:190} INFO - [2025-03-23T08:09:23.280+0000] {dagbag.py:588} INFO - Filling up the DagBag from /home/airflow/.local/lib/python3.12/site-packages/airflow/example_dags/example_external_task_marker_dag.py
[2025-03-23T08:09:23.293+0000] {processor.py:925} INFO - DAG(s) 'example_external_task_marker_parent', 'example_external_task_marker_child' retrieved from /home/airflow/.local/lib/python3.12/site-packages/airflow/example_dags/example_external_task_marker_dag.py
[2025-03-23T08:09:23.326+0000] {logging_mixin.py:190} INFO - [2025-03-23T08:09:23.326+0000] {dag.py:3239} INFO - Sync 2 DAGs
[2025-03-23T08:09:23.357+0000] {logging_mixin.py:190} INFO - [2025-03-23T08:09:23.356+0000] {dag.py:4180} INFO - Setting next_dagrun for example_external_task_marker_child to None, run_after=None
[2025-03-23T08:09:23.366+0000] {logging_mixin.py:190} INFO - [2025-03-23T08:09:23.366+0000] {dag.py:4180} INFO - Setting next_dagrun for example_external_task_marker_parent to None, run_after=None
[2025-03-23T08:09:23.506+0000] {processor.py:208} INFO - Processing /home/airflow/.local/lib/python3.12/site-packages/airflow/example_dags/example_external_task_marker_dag.py took 0.243 seconds
[2025-03-23T08:09:54.156+0000] {processor.py:186} INFO - Started process (PID=451) to work on /home/airflow/.local/lib/python3.12/site-packages/airflow/example_dags/example_external_task_marker_dag.py
[2025-03-23T08:09:54.157+0000] {processor.py:914} INFO - Processing file /home/airflow/.local/lib/python3.12/site-packages/airflow/example_dags/example_external_task_marker_dag.py for tasks to queue
[2025-03-23T08:09:54.160+0000] {logging_mixin.py:190} INFO - [2025-03-23T08:09:54.160+0000] {dagbag.py:588} INFO - Filling up the DagBag from /home/airflow/.local/lib/python3.12/site-packages/airflow/example_dags/example_external_task_marker_dag.py
[2025-03-23T08:09:54.174+0000] {processor.py:925} INFO - DAG(s) 'example_external_task_marker_parent', 'example_external_task_marker_child' retrieved from /home/airflow/.local/lib/python3.12/site-packages/airflow/example_dags/example_external_task_marker_dag.py
[2025-03-23T08:09:54.234+0000] {logging_mixin.py:190} INFO - [2025-03-23T08:09:54.233+0000] {dag.py:3239} INFO - Sync 2 DAGs
[2025-03-23T08:09:54.341+0000] {logging_mixin.py:190} INFO - [2025-03-23T08:09:54.340+0000] {dag.py:4180} INFO - Setting next_dagrun for example_external_task_marker_child to None, run_after=None
[2025-03-23T08:09:54.358+0000] {logging_mixin.py:190} INFO - [2025-03-23T08:09:54.357+0000] {dag.py:4180} INFO - Setting next_dagrun for example_external_task_marker_parent to None, run_after=None
[2025-03-23T08:09:54.463+0000] {processor.py:208} INFO - Processing /home/airflow/.local/lib/python3.12/site-packages/airflow/example_dags/example_external_task_marker_dag.py took 0.319 seconds
[2025-03-23T08:10:24.540+0000] {processor.py:186} INFO - Started process (PID=514) to work on /home/airflow/.local/lib/python3.12/site-packages/airflow/example_dags/example_external_task_marker_dag.py
[2025-03-23T08:10:24.541+0000] {processor.py:914} INFO - Processing file /home/airflow/.local/lib/python3.12/site-packages/airflow/example_dags/example_external_task_marker_dag.py for tasks to queue
[2025-03-23T08:10:24.544+0000] {logging_mixin.py:190} INFO - [2025-03-23T08:10:24.544+0000] {dagbag.py:588} INFO - Filling up the DagBag from /home/airflow/.local/lib/python3.12/site-packages/airflow/example_dags/example_external_task_marker_dag.py
[2025-03-23T08:10:24.556+0000] {processor.py:925} INFO - DAG(s) 'example_external_task_marker_child', 'example_external_task_marker_parent' retrieved from /home/airflow/.local/lib/python3.12/site-packages/airflow/example_dags/example_external_task_marker_dag.py
[2025-03-23T08:10:24.589+0000] {logging_mixin.py:190} INFO - [2025-03-23T08:10:24.588+0000] {dag.py:3239} INFO - Sync 2 DAGs
[2025-03-23T08:10:24.619+0000] {logging_mixin.py:190} INFO - [2025-03-23T08:10:24.618+0000] {dag.py:4180} INFO - Setting next_dagrun for example_external_task_marker_child to None, run_after=None
[2025-03-23T08:10:24.624+0000] {logging_mixin.py:190} INFO - [2025-03-23T08:10:24.624+0000] {dag.py:4180} INFO - Setting next_dagrun for example_external_task_marker_parent to None, run_after=None
[2025-03-23T08:10:24.771+0000] {processor.py:208} INFO - Processing /home/airflow/.local/lib/python3.12/site-packages/airflow/example_dags/example_external_task_marker_dag.py took 0.239 seconds
[2025-03-23T08:10:55.383+0000] {processor.py:186} INFO - Started process (PID=578) to work on /home/airflow/.local/lib/python3.12/site-packages/airflow/example_dags/example_external_task_marker_dag.py
[2025-03-23T08:10:55.388+0000] {processor.py:914} INFO - Processing file /home/airflow/.local/lib/python3.12/site-packages/airflow/example_dags/example_external_task_marker_dag.py for tasks to queue
[2025-03-23T08:10:55.392+0000] {logging_mixin.py:190} INFO - [2025-03-23T08:10:55.391+0000] {dagbag.py:588} INFO - Filling up the DagBag from /home/airflow/.local/lib/python3.12/site-packages/airflow/example_dags/example_external_task_marker_dag.py
[2025-03-23T08:10:55.406+0000] {processor.py:925} INFO - DAG(s) 'example_external_task_marker_child', 'example_external_task_marker_parent' retrieved from /home/airflow/.local/lib/python3.12/site-packages/airflow/example_dags/example_external_task_marker_dag.py
[2025-03-23T08:10:55.451+0000] {logging_mixin.py:190} INFO - [2025-03-23T08:10:55.451+0000] {dag.py:3239} INFO - Sync 2 DAGs
[2025-03-23T08:10:55.483+0000] {logging_mixin.py:190} INFO - [2025-03-23T08:10:55.483+0000] {dag.py:4180} INFO - Setting next_dagrun for example_external_task_marker_child to None, run_after=None
[2025-03-23T08:10:55.488+0000] {logging_mixin.py:190} INFO - [2025-03-23T08:10:55.487+0000] {dag.py:4180} INFO - Setting next_dagrun for example_external_task_marker_parent to None, run_after=None
[2025-03-23T08:10:55.552+0000] {processor.py:208} INFO - Processing /home/airflow/.local/lib/python3.12/site-packages/airflow/example_dags/example_external_task_marker_dag.py took 0.184 seconds
[2025-03-23T08:11:25.919+0000] {processor.py:186} INFO - Started process (PID=642) to work on /home/airflow/.local/lib/python3.12/site-packages/airflow/example_dags/example_external_task_marker_dag.py
[2025-03-23T08:11:25.961+0000] {processor.py:914} INFO - Processing file /home/airflow/.local/lib/python3.12/site-packages/airflow/example_dags/example_external_task_marker_dag.py for tasks to queue
[2025-03-23T08:11:25.977+0000] {logging_mixin.py:190} INFO - [2025-03-23T08:11:25.976+0000] {dagbag.py:588} INFO - Filling up the DagBag from /home/airflow/.local/lib/python3.12/site-packages/airflow/example_dags/example_external_task_marker_dag.py
[2025-03-23T08:11:26.006+0000] {processor.py:925} INFO - DAG(s) 'example_external_task_marker_parent', 'example_external_task_marker_child' retrieved from /home/airflow/.local/lib/python3.12/site-packages/airflow/example_dags/example_external_task_marker_dag.py
[2025-03-23T08:11:26.066+0000] {logging_mixin.py:190} INFO - [2025-03-23T08:11:26.065+0000] {dag.py:3239} INFO - Sync 2 DAGs
[2025-03-23T08:11:26.105+0000] {logging_mixin.py:190} INFO - [2025-03-23T08:11:26.105+0000] {dag.py:4180} INFO - Setting next_dagrun for example_external_task_marker_child to None, run_after=None
[2025-03-23T08:11:26.113+0000] {logging_mixin.py:190} INFO - [2025-03-23T08:11:26.112+0000] {dag.py:4180} INFO - Setting next_dagrun for example_external_task_marker_parent to None, run_after=None
[2025-03-23T08:11:26.219+0000] {processor.py:208} INFO - Processing /home/airflow/.local/lib/python3.12/site-packages/airflow/example_dags/example_external_task_marker_dag.py took 0.319 seconds
[2025-03-23T08:11:57.132+0000] {processor.py:186} INFO - Started process (PID=706) to work on /home/airflow/.local/lib/python3.12/site-packages/airflow/example_dags/example_external_task_marker_dag.py
[2025-03-23T08:11:57.133+0000] {processor.py:914} INFO - Processing file /home/airflow/.local/lib/python3.12/site-packages/airflow/example_dags/example_external_task_marker_dag.py for tasks to queue
[2025-03-23T08:11:57.137+0000] {logging_mixin.py:190} INFO - [2025-03-23T08:11:57.136+0000] {dagbag.py:588} INFO - Filling up the DagBag from /home/airflow/.local/lib/python3.12/site-packages/airflow/example_dags/example_external_task_marker_dag.py
[2025-03-23T08:11:57.146+0000] {processor.py:925} INFO - DAG(s) 'example_external_task_marker_child', 'example_external_task_marker_parent' retrieved from /home/airflow/.local/lib/python3.12/site-packages/airflow/example_dags/example_external_task_marker_dag.py
[2025-03-23T08:11:57.182+0000] {logging_mixin.py:190} INFO - [2025-03-23T08:11:57.181+0000] {dag.py:3239} INFO - Sync 2 DAGs
[2025-03-23T08:11:57.204+0000] {logging_mixin.py:190} INFO - [2025-03-23T08:11:57.203+0000] {dag.py:4180} INFO - Setting next_dagrun for example_external_task_marker_child to None, run_after=None
[2025-03-23T08:11:57.209+0000] {logging_mixin.py:190} INFO - [2025-03-23T08:11:57.209+0000] {dag.py:4180} INFO - Setting next_dagrun for example_external_task_marker_parent to None, run_after=None
[2025-03-23T08:11:57.274+0000] {processor.py:208} INFO - Processing /home/airflow/.local/lib/python3.12/site-packages/airflow/example_dags/example_external_task_marker_dag.py took 0.149 seconds
[2025-03-23T08:12:27.506+0000] {processor.py:186} INFO - Started process (PID=770) to work on /home/airflow/.local/lib/python3.12/site-packages/airflow/example_dags/example_external_task_marker_dag.py
[2025-03-23T08:12:27.507+0000] {processor.py:914} INFO - Processing file /home/airflow/.local/lib/python3.12/site-packages/airflow/example_dags/example_external_task_marker_dag.py for tasks to queue
[2025-03-23T08:12:27.510+0000] {logging_mixin.py:190} INFO - [2025-03-23T08:12:27.510+0000] {dagbag.py:588} INFO - Filling up the DagBag from /home/airflow/.local/lib/python3.12/site-packages/airflow/example_dags/example_external_task_marker_dag.py
[2025-03-23T08:12:27.523+0000] {processor.py:925} INFO - DAG(s) 'example_external_task_marker_parent', 'example_external_task_marker_child' retrieved from /home/airflow/.local/lib/python3.12/site-packages/airflow/example_dags/example_external_task_marker_dag.py
[2025-03-23T08:12:27.554+0000] {logging_mixin.py:190} INFO - [2025-03-23T08:12:27.553+0000] {dag.py:3239} INFO - Sync 2 DAGs
[2025-03-23T08:12:27.573+0000] {logging_mixin.py:190} INFO - [2025-03-23T08:12:27.572+0000] {dag.py:4180} INFO - Setting next_dagrun for example_external_task_marker_child to None, run_after=None
[2025-03-23T08:12:27.578+0000] {logging_mixin.py:190} INFO - [2025-03-23T08:12:27.577+0000] {dag.py:4180} INFO - Setting next_dagrun for example_external_task_marker_parent to None, run_after=None
[2025-03-23T08:12:27.676+0000] {processor.py:208} INFO - Processing /home/airflow/.local/lib/python3.12/site-packages/airflow/example_dags/example_external_task_marker_dag.py took 0.182 seconds
[2025-03-23T08:12:57.839+0000] {processor.py:186} INFO - Started process (PID=834) to work on /home/airflow/.local/lib/python3.12/site-packages/airflow/example_dags/example_external_task_marker_dag.py
[2025-03-23T08:12:57.840+0000] {processor.py:914} INFO - Processing file /home/airflow/.local/lib/python3.12/site-packages/airflow/example_dags/example_external_task_marker_dag.py for tasks to queue
[2025-03-23T08:12:57.846+0000] {logging_mixin.py:190} INFO - [2025-03-23T08:12:57.845+0000] {dagbag.py:588} INFO - Filling up the DagBag from /home/airflow/.local/lib/python3.12/site-packages/airflow/example_dags/example_external_task_marker_dag.py
[2025-03-23T08:12:57.861+0000] {processor.py:925} INFO - DAG(s) 'example_external_task_marker_child', 'example_external_task_marker_parent' retrieved from /home/airflow/.local/lib/python3.12/site-packages/airflow/example_dags/example_external_task_marker_dag.py
[2025-03-23T08:12:57.916+0000] {logging_mixin.py:190} INFO - [2025-03-23T08:12:57.915+0000] {dag.py:3239} INFO - Sync 2 DAGs
[2025-03-23T08:12:57.955+0000] {logging_mixin.py:190} INFO - [2025-03-23T08:12:57.954+0000] {dag.py:4180} INFO - Setting next_dagrun for example_external_task_marker_child to None, run_after=None
[2025-03-23T08:12:57.963+0000] {logging_mixin.py:190} INFO - [2025-03-23T08:12:57.962+0000] {dag.py:4180} INFO - Setting next_dagrun for example_external_task_marker_parent to None, run_after=None
[2025-03-23T08:12:58.039+0000] {processor.py:208} INFO - Processing /home/airflow/.local/lib/python3.12/site-packages/airflow/example_dags/example_external_task_marker_dag.py took 0.211 seconds
[2025-03-23T08:13:28.130+0000] {processor.py:186} INFO - Started process (PID=898) to work on /home/airflow/.local/lib/python3.12/site-packages/airflow/example_dags/example_external_task_marker_dag.py
[2025-03-23T08:13:28.131+0000] {processor.py:914} INFO - Processing file /home/airflow/.local/lib/python3.12/site-packages/airflow/example_dags/example_external_task_marker_dag.py for tasks to queue
[2025-03-23T08:13:28.134+0000] {logging_mixin.py:190} INFO - [2025-03-23T08:13:28.134+0000] {dagbag.py:588} INFO - Filling up the DagBag from /home/airflow/.local/lib/python3.12/site-packages/airflow/example_dags/example_external_task_marker_dag.py
[2025-03-23T08:13:28.145+0000] {processor.py:925} INFO - DAG(s) 'example_external_task_marker_child', 'example_external_task_marker_parent' retrieved from /home/airflow/.local/lib/python3.12/site-packages/airflow/example_dags/example_external_task_marker_dag.py
[2025-03-23T08:13:28.173+0000] {logging_mixin.py:190} INFO - [2025-03-23T08:13:28.173+0000] {dag.py:3239} INFO - Sync 2 DAGs
[2025-03-23T08:13:28.193+0000] {logging_mixin.py:190} INFO - [2025-03-23T08:13:28.193+0000] {dag.py:4180} INFO - Setting next_dagrun for example_external_task_marker_child to None, run_after=None
[2025-03-23T08:13:28.198+0000] {logging_mixin.py:190} INFO - [2025-03-23T08:13:28.197+0000] {dag.py:4180} INFO - Setting next_dagrun for example_external_task_marker_parent to None, run_after=None
[2025-03-23T08:13:28.279+0000] {processor.py:208} INFO - Processing /home/airflow/.local/lib/python3.12/site-packages/airflow/example_dags/example_external_task_marker_dag.py took 0.156 seconds
[2025-03-23T08:13:58.956+0000] {processor.py:186} INFO - Started process (PID=962) to work on /home/airflow/.local/lib/python3.12/site-packages/airflow/example_dags/example_external_task_marker_dag.py
[2025-03-23T08:13:58.957+0000] {processor.py:914} INFO - Processing file /home/airflow/.local/lib/python3.12/site-packages/airflow/example_dags/example_external_task_marker_dag.py for tasks to queue
[2025-03-23T08:13:58.961+0000] {logging_mixin.py:190} INFO - [2025-03-23T08:13:58.961+0000] {dagbag.py:588} INFO - Filling up the DagBag from /home/airflow/.local/lib/python3.12/site-packages/airflow/example_dags/example_external_task_marker_dag.py
[2025-03-23T08:13:58.977+0000] {processor.py:925} INFO - DAG(s) 'example_external_task_marker_child', 'example_external_task_marker_parent' retrieved from /home/airflow/.local/lib/python3.12/site-packages/airflow/example_dags/example_external_task_marker_dag.py
[2025-03-23T08:13:59.007+0000] {logging_mixin.py:190} INFO - [2025-03-23T08:13:59.006+0000] {dag.py:3239} INFO - Sync 2 DAGs
[2025-03-23T08:13:59.026+0000] {logging_mixin.py:190} INFO - [2025-03-23T08:13:59.025+0000] {dag.py:4180} INFO - Setting next_dagrun for example_external_task_marker_child to None, run_after=None
[2025-03-23T08:13:59.030+0000] {logging_mixin.py:190} INFO - [2025-03-23T08:13:59.030+0000] {dag.py:4180} INFO - Setting next_dagrun for example_external_task_marker_parent to None, run_after=None
[2025-03-23T08:13:59.091+0000] {processor.py:208} INFO - Processing /home/airflow/.local/lib/python3.12/site-packages/airflow/example_dags/example_external_task_marker_dag.py took 0.145 seconds
[2025-03-23T08:14:29.497+0000] {processor.py:186} INFO - Started process (PID=1033) to work on /home/airflow/.local/lib/python3.12/site-packages/airflow/example_dags/example_external_task_marker_dag.py
[2025-03-23T08:14:29.498+0000] {processor.py:914} INFO - Processing file /home/airflow/.local/lib/python3.12/site-packages/airflow/example_dags/example_external_task_marker_dag.py for tasks to queue
[2025-03-23T08:14:29.501+0000] {logging_mixin.py:190} INFO - [2025-03-23T08:14:29.501+0000] {dagbag.py:588} INFO - Filling up the DagBag from /home/airflow/.local/lib/python3.12/site-packages/airflow/example_dags/example_external_task_marker_dag.py
[2025-03-23T08:14:29.511+0000] {processor.py:925} INFO - DAG(s) 'example_external_task_marker_child', 'example_external_task_marker_parent' retrieved from /home/airflow/.local/lib/python3.12/site-packages/airflow/example_dags/example_external_task_marker_dag.py
[2025-03-23T08:14:29.543+0000] {logging_mixin.py:190} INFO - [2025-03-23T08:14:29.543+0000] {dag.py:3239} INFO - Sync 2 DAGs
[2025-03-23T08:14:29.562+0000] {logging_mixin.py:190} INFO - [2025-03-23T08:14:29.561+0000] {dag.py:4180} INFO - Setting next_dagrun for example_external_task_marker_child to None, run_after=None
[2025-03-23T08:14:29.567+0000] {logging_mixin.py:190} INFO - [2025-03-23T08:14:29.567+0000] {dag.py:4180} INFO - Setting next_dagrun for example_external_task_marker_parent to None, run_after=None
[2025-03-23T08:14:29.626+0000] {processor.py:208} INFO - Processing /home/airflow/.local/lib/python3.12/site-packages/airflow/example_dags/example_external_task_marker_dag.py took 0.137 seconds
[2025-03-23T08:15:00.507+0000] {processor.py:186} INFO - Started process (PID=1115) to work on /home/airflow/.local/lib/python3.12/site-packages/airflow/example_dags/example_external_task_marker_dag.py
[2025-03-23T08:15:00.508+0000] {processor.py:914} INFO - Processing file /home/airflow/.local/lib/python3.12/site-packages/airflow/example_dags/example_external_task_marker_dag.py for tasks to queue
[2025-03-23T08:15:00.514+0000] {logging_mixin.py:190} INFO - [2025-03-23T08:15:00.513+0000] {dagbag.py:588} INFO - Filling up the DagBag from /home/airflow/.local/lib/python3.12/site-packages/airflow/example_dags/example_external_task_marker_dag.py
[2025-03-23T08:15:00.527+0000] {processor.py:925} INFO - DAG(s) 'example_external_task_marker_parent', 'example_external_task_marker_child' retrieved from /home/airflow/.local/lib/python3.12/site-packages/airflow/example_dags/example_external_task_marker_dag.py
[2025-03-23T08:15:00.586+0000] {logging_mixin.py:190} INFO - [2025-03-23T08:15:00.586+0000] {dag.py:3239} INFO - Sync 2 DAGs
[2025-03-23T08:15:00.626+0000] {logging_mixin.py:190} INFO - [2025-03-23T08:15:00.625+0000] {dag.py:4180} INFO - Setting next_dagrun for example_external_task_marker_child to None, run_after=None
[2025-03-23T08:15:00.643+0000] {logging_mixin.py:190} INFO - [2025-03-23T08:15:00.642+0000] {dag.py:4180} INFO - Setting next_dagrun for example_external_task_marker_parent to None, run_after=None
[2025-03-23T08:15:00.721+0000] {processor.py:208} INFO - Processing /home/airflow/.local/lib/python3.12/site-packages/airflow/example_dags/example_external_task_marker_dag.py took 0.225 seconds
[2025-03-23T08:15:31.115+0000] {processor.py:186} INFO - Started process (PID=1179) to work on /home/airflow/.local/lib/python3.12/site-packages/airflow/example_dags/example_external_task_marker_dag.py
[2025-03-23T08:15:31.117+0000] {processor.py:914} INFO - Processing file /home/airflow/.local/lib/python3.12/site-packages/airflow/example_dags/example_external_task_marker_dag.py for tasks to queue
[2025-03-23T08:15:31.120+0000] {logging_mixin.py:190} INFO - [2025-03-23T08:15:31.120+0000] {dagbag.py:588} INFO - Filling up the DagBag from /home/airflow/.local/lib/python3.12/site-packages/airflow/example_dags/example_external_task_marker_dag.py
[2025-03-23T08:15:31.131+0000] {processor.py:925} INFO - DAG(s) 'example_external_task_marker_parent', 'example_external_task_marker_child' retrieved from /home/airflow/.local/lib/python3.12/site-packages/airflow/example_dags/example_external_task_marker_dag.py
[2025-03-23T08:15:31.158+0000] {logging_mixin.py:190} INFO - [2025-03-23T08:15:31.158+0000] {dag.py:3239} INFO - Sync 2 DAGs
[2025-03-23T08:15:31.176+0000] {logging_mixin.py:190} INFO - [2025-03-23T08:15:31.175+0000] {dag.py:4180} INFO - Setting next_dagrun for example_external_task_marker_child to None, run_after=None
[2025-03-23T08:15:31.180+0000] {logging_mixin.py:190} INFO - [2025-03-23T08:15:31.180+0000] {dag.py:4180} INFO - Setting next_dagrun for example_external_task_marker_parent to None, run_after=None
[2025-03-23T08:15:31.369+0000] {processor.py:208} INFO - Processing /home/airflow/.local/lib/python3.12/site-packages/airflow/example_dags/example_external_task_marker_dag.py took 0.268 seconds
[2025-03-23T08:16:01.877+0000] {processor.py:186} INFO - Started process (PID=1243) to work on /home/airflow/.local/lib/python3.12/site-packages/airflow/example_dags/example_external_task_marker_dag.py
[2025-03-23T08:16:01.879+0000] {processor.py:914} INFO - Processing file /home/airflow/.local/lib/python3.12/site-packages/airflow/example_dags/example_external_task_marker_dag.py for tasks to queue
[2025-03-23T08:16:01.882+0000] {logging_mixin.py:190} INFO - [2025-03-23T08:16:01.882+0000] {dagbag.py:588} INFO - Filling up the DagBag from /home/airflow/.local/lib/python3.12/site-packages/airflow/example_dags/example_external_task_marker_dag.py
[2025-03-23T08:16:01.898+0000] {processor.py:925} INFO - DAG(s) 'example_external_task_marker_child', 'example_external_task_marker_parent' retrieved from /home/airflow/.local/lib/python3.12/site-packages/airflow/example_dags/example_external_task_marker_dag.py
[2025-03-23T08:16:01.939+0000] {logging_mixin.py:190} INFO - [2025-03-23T08:16:01.938+0000] {dag.py:3239} INFO - Sync 2 DAGs
[2025-03-23T08:16:01.963+0000] {logging_mixin.py:190} INFO - [2025-03-23T08:16:01.963+0000] {dag.py:4180} INFO - Setting next_dagrun for example_external_task_marker_child to None, run_after=None
[2025-03-23T08:16:01.969+0000] {logging_mixin.py:190} INFO - [2025-03-23T08:16:01.968+0000] {dag.py:4180} INFO - Setting next_dagrun for example_external_task_marker_parent to None, run_after=None
[2025-03-23T08:16:02.042+0000] {processor.py:208} INFO - Processing /home/airflow/.local/lib/python3.12/site-packages/airflow/example_dags/example_external_task_marker_dag.py took 0.186 seconds
[2025-03-23T08:16:32.112+0000] {processor.py:186} INFO - Started process (PID=1305) to work on /home/airflow/.local/lib/python3.12/site-packages/airflow/example_dags/example_external_task_marker_dag.py
[2025-03-23T08:16:32.114+0000] {processor.py:914} INFO - Processing file /home/airflow/.local/lib/python3.12/site-packages/airflow/example_dags/example_external_task_marker_dag.py for tasks to queue
[2025-03-23T08:16:32.118+0000] {logging_mixin.py:190} INFO - [2025-03-23T08:16:32.117+0000] {dagbag.py:588} INFO - Filling up the DagBag from /home/airflow/.local/lib/python3.12/site-packages/airflow/example_dags/example_external_task_marker_dag.py
[2025-03-23T08:16:32.129+0000] {processor.py:925} INFO - DAG(s) 'example_external_task_marker_child', 'example_external_task_marker_parent' retrieved from /home/airflow/.local/lib/python3.12/site-packages/airflow/example_dags/example_external_task_marker_dag.py
[2025-03-23T08:16:32.161+0000] {logging_mixin.py:190} INFO - [2025-03-23T08:16:32.161+0000] {dag.py:3239} INFO - Sync 2 DAGs
[2025-03-23T08:16:32.180+0000] {logging_mixin.py:190} INFO - [2025-03-23T08:16:32.180+0000] {dag.py:4180} INFO - Setting next_dagrun for example_external_task_marker_child to None, run_after=None
[2025-03-23T08:16:32.185+0000] {logging_mixin.py:190} INFO - [2025-03-23T08:16:32.185+0000] {dag.py:4180} INFO - Setting next_dagrun for example_external_task_marker_parent to None, run_after=None
[2025-03-23T08:16:32.240+0000] {processor.py:208} INFO - Processing /home/airflow/.local/lib/python3.12/site-packages/airflow/example_dags/example_external_task_marker_dag.py took 0.140 seconds
[2025-03-23T08:17:02.643+0000] {processor.py:186} INFO - Started process (PID=1370) to work on /home/airflow/.local/lib/python3.12/site-packages/airflow/example_dags/example_external_task_marker_dag.py
[2025-03-23T08:17:02.644+0000] {processor.py:914} INFO - Processing file /home/airflow/.local/lib/python3.12/site-packages/airflow/example_dags/example_external_task_marker_dag.py for tasks to queue
[2025-03-23T08:17:02.648+0000] {logging_mixin.py:190} INFO - [2025-03-23T08:17:02.648+0000] {dagbag.py:588} INFO - Filling up the DagBag from /home/airflow/.local/lib/python3.12/site-packages/airflow/example_dags/example_external_task_marker_dag.py
[2025-03-23T08:17:02.661+0000] {processor.py:925} INFO - DAG(s) 'example_external_task_marker_parent', 'example_external_task_marker_child' retrieved from /home/airflow/.local/lib/python3.12/site-packages/airflow/example_dags/example_external_task_marker_dag.py
[2025-03-23T08:17:02.690+0000] {logging_mixin.py:190} INFO - [2025-03-23T08:17:02.690+0000] {dag.py:3239} INFO - Sync 2 DAGs
[2025-03-23T08:17:02.711+0000] {logging_mixin.py:190} INFO - [2025-03-23T08:17:02.711+0000] {dag.py:4180} INFO - Setting next_dagrun for example_external_task_marker_child to None, run_after=None
[2025-03-23T08:17:02.717+0000] {logging_mixin.py:190} INFO - [2025-03-23T08:17:02.716+0000] {dag.py:4180} INFO - Setting next_dagrun for example_external_task_marker_parent to None, run_after=None
[2025-03-23T08:17:02.814+0000] {processor.py:208} INFO - Processing /home/airflow/.local/lib/python3.12/site-packages/airflow/example_dags/example_external_task_marker_dag.py took 0.190 seconds
[2025-03-23T08:17:33.117+0000] {processor.py:186} INFO - Started process (PID=1434) to work on /home/airflow/.local/lib/python3.12/site-packages/airflow/example_dags/example_external_task_marker_dag.py
[2025-03-23T08:17:33.119+0000] {processor.py:914} INFO - Processing file /home/airflow/.local/lib/python3.12/site-packages/airflow/example_dags/example_external_task_marker_dag.py for tasks to queue
[2025-03-23T08:17:33.122+0000] {logging_mixin.py:190} INFO - [2025-03-23T08:17:33.122+0000] {dagbag.py:588} INFO - Filling up the DagBag from /home/airflow/.local/lib/python3.12/site-packages/airflow/example_dags/example_external_task_marker_dag.py
[2025-03-23T08:17:33.135+0000] {processor.py:925} INFO - DAG(s) 'example_external_task_marker_parent', 'example_external_task_marker_child' retrieved from /home/airflow/.local/lib/python3.12/site-packages/airflow/example_dags/example_external_task_marker_dag.py
[2025-03-23T08:17:33.170+0000] {logging_mixin.py:190} INFO - [2025-03-23T08:17:33.169+0000] {dag.py:3239} INFO - Sync 2 DAGs
[2025-03-23T08:17:33.192+0000] {logging_mixin.py:190} INFO - [2025-03-23T08:17:33.191+0000] {dag.py:4180} INFO - Setting next_dagrun for example_external_task_marker_child to None, run_after=None
[2025-03-23T08:17:33.197+0000] {logging_mixin.py:190} INFO - [2025-03-23T08:17:33.197+0000] {dag.py:4180} INFO - Setting next_dagrun for example_external_task_marker_parent to None, run_after=None
[2025-03-23T08:17:33.291+0000] {processor.py:208} INFO - Processing /home/airflow/.local/lib/python3.12/site-packages/airflow/example_dags/example_external_task_marker_dag.py took 0.191 seconds
[2025-03-23T08:18:03.751+0000] {processor.py:186} INFO - Started process (PID=1498) to work on /home/airflow/.local/lib/python3.12/site-packages/airflow/example_dags/example_external_task_marker_dag.py
[2025-03-23T08:18:03.753+0000] {processor.py:914} INFO - Processing file /home/airflow/.local/lib/python3.12/site-packages/airflow/example_dags/example_external_task_marker_dag.py for tasks to queue
[2025-03-23T08:18:03.759+0000] {logging_mixin.py:190} INFO - [2025-03-23T08:18:03.757+0000] {dagbag.py:588} INFO - Filling up the DagBag from /home/airflow/.local/lib/python3.12/site-packages/airflow/example_dags/example_external_task_marker_dag.py
[2025-03-23T08:18:03.776+0000] {processor.py:925} INFO - DAG(s) 'example_external_task_marker_parent', 'example_external_task_marker_child' retrieved from /home/airflow/.local/lib/python3.12/site-packages/airflow/example_dags/example_external_task_marker_dag.py
[2025-03-23T08:18:03.824+0000] {logging_mixin.py:190} INFO - [2025-03-23T08:18:03.823+0000] {dag.py:3239} INFO - Sync 2 DAGs
[2025-03-23T08:18:03.873+0000] {logging_mixin.py:190} INFO - [2025-03-23T08:18:03.872+0000] {dag.py:4180} INFO - Setting next_dagrun for example_external_task_marker_child to None, run_after=None
[2025-03-23T08:18:03.888+0000] {logging_mixin.py:190} INFO - [2025-03-23T08:18:03.887+0000] {dag.py:4180} INFO - Setting next_dagrun for example_external_task_marker_parent to None, run_after=None
[2025-03-23T08:18:03.971+0000] {processor.py:208} INFO - Processing /home/airflow/.local/lib/python3.12/site-packages/airflow/example_dags/example_external_task_marker_dag.py took 0.242 seconds
[2025-03-23T08:18:34.519+0000] {processor.py:186} INFO - Started process (PID=1562) to work on /home/airflow/.local/lib/python3.12/site-packages/airflow/example_dags/example_external_task_marker_dag.py
[2025-03-23T08:18:34.521+0000] {processor.py:914} INFO - Processing file /home/airflow/.local/lib/python3.12/site-packages/airflow/example_dags/example_external_task_marker_dag.py for tasks to queue
[2025-03-23T08:18:34.525+0000] {logging_mixin.py:190} INFO - [2025-03-23T08:18:34.524+0000] {dagbag.py:588} INFO - Filling up the DagBag from /home/airflow/.local/lib/python3.12/site-packages/airflow/example_dags/example_external_task_marker_dag.py
[2025-03-23T08:18:34.537+0000] {processor.py:925} INFO - DAG(s) 'example_external_task_marker_parent', 'example_external_task_marker_child' retrieved from /home/airflow/.local/lib/python3.12/site-packages/airflow/example_dags/example_external_task_marker_dag.py
[2025-03-23T08:18:34.572+0000] {logging_mixin.py:190} INFO - [2025-03-23T08:18:34.571+0000] {dag.py:3239} INFO - Sync 2 DAGs
[2025-03-23T08:18:34.591+0000] {logging_mixin.py:190} INFO - [2025-03-23T08:18:34.591+0000] {dag.py:4180} INFO - Setting next_dagrun for example_external_task_marker_child to None, run_after=None
[2025-03-23T08:18:34.595+0000] {logging_mixin.py:190} INFO - [2025-03-23T08:18:34.595+0000] {dag.py:4180} INFO - Setting next_dagrun for example_external_task_marker_parent to None, run_after=None
[2025-03-23T08:18:34.655+0000] {processor.py:208} INFO - Processing /home/airflow/.local/lib/python3.12/site-packages/airflow/example_dags/example_external_task_marker_dag.py took 0.148 seconds
[2025-03-23T08:19:05.267+0000] {processor.py:186} INFO - Started process (PID=1626) to work on /home/airflow/.local/lib/python3.12/site-packages/airflow/example_dags/example_external_task_marker_dag.py
[2025-03-23T08:19:05.269+0000] {processor.py:914} INFO - Processing file /home/airflow/.local/lib/python3.12/site-packages/airflow/example_dags/example_external_task_marker_dag.py for tasks to queue
[2025-03-23T08:19:05.273+0000] {logging_mixin.py:190} INFO - [2025-03-23T08:19:05.273+0000] {dagbag.py:588} INFO - Filling up the DagBag from /home/airflow/.local/lib/python3.12/site-packages/airflow/example_dags/example_external_task_marker_dag.py
[2025-03-23T08:19:05.288+0000] {processor.py:925} INFO - DAG(s) 'example_external_task_marker_parent', 'example_external_task_marker_child' retrieved from /home/airflow/.local/lib/python3.12/site-packages/airflow/example_dags/example_external_task_marker_dag.py
[2025-03-23T08:19:05.325+0000] {logging_mixin.py:190} INFO - [2025-03-23T08:19:05.325+0000] {dag.py:3239} INFO - Sync 2 DAGs
[2025-03-23T08:19:05.345+0000] {logging_mixin.py:190} INFO - [2025-03-23T08:19:05.344+0000] {dag.py:4180} INFO - Setting next_dagrun for example_external_task_marker_child to None, run_after=None
[2025-03-23T08:19:05.351+0000] {logging_mixin.py:190} INFO - [2025-03-23T08:19:05.350+0000] {dag.py:4180} INFO - Setting next_dagrun for example_external_task_marker_parent to None, run_after=None
[2025-03-23T08:19:05.413+0000] {processor.py:208} INFO - Processing /home/airflow/.local/lib/python3.12/site-packages/airflow/example_dags/example_external_task_marker_dag.py took 0.163 seconds
[2025-03-23T08:19:35.851+0000] {processor.py:186} INFO - Started process (PID=1689) to work on /home/airflow/.local/lib/python3.12/site-packages/airflow/example_dags/example_external_task_marker_dag.py
[2025-03-23T08:19:35.852+0000] {processor.py:914} INFO - Processing file /home/airflow/.local/lib/python3.12/site-packages/airflow/example_dags/example_external_task_marker_dag.py for tasks to queue
[2025-03-23T08:19:35.856+0000] {logging_mixin.py:190} INFO - [2025-03-23T08:19:35.855+0000] {dagbag.py:588} INFO - Filling up the DagBag from /home/airflow/.local/lib/python3.12/site-packages/airflow/example_dags/example_external_task_marker_dag.py
[2025-03-23T08:19:35.865+0000] {processor.py:925} INFO - DAG(s) 'example_external_task_marker_parent', 'example_external_task_marker_child' retrieved from /home/airflow/.local/lib/python3.12/site-packages/airflow/example_dags/example_external_task_marker_dag.py
[2025-03-23T08:19:35.902+0000] {logging_mixin.py:190} INFO - [2025-03-23T08:19:35.902+0000] {dag.py:3239} INFO - Sync 2 DAGs
[2025-03-23T08:19:35.927+0000] {logging_mixin.py:190} INFO - [2025-03-23T08:19:35.927+0000] {dag.py:4180} INFO - Setting next_dagrun for example_external_task_marker_child to None, run_after=None
[2025-03-23T08:19:35.933+0000] {logging_mixin.py:190} INFO - [2025-03-23T08:19:35.932+0000] {dag.py:4180} INFO - Setting next_dagrun for example_external_task_marker_parent to None, run_after=None
[2025-03-23T08:19:36.000+0000] {processor.py:208} INFO - Processing /home/airflow/.local/lib/python3.12/site-packages/airflow/example_dags/example_external_task_marker_dag.py took 0.161 seconds
[2025-03-23T08:20:06.153+0000] {processor.py:186} INFO - Started process (PID=1752) to work on /home/airflow/.local/lib/python3.12/site-packages/airflow/example_dags/example_external_task_marker_dag.py
[2025-03-23T08:20:06.154+0000] {processor.py:914} INFO - Processing file /home/airflow/.local/lib/python3.12/site-packages/airflow/example_dags/example_external_task_marker_dag.py for tasks to queue
[2025-03-23T08:20:06.157+0000] {logging_mixin.py:190} INFO - [2025-03-23T08:20:06.157+0000] {dagbag.py:588} INFO - Filling up the DagBag from /home/airflow/.local/lib/python3.12/site-packages/airflow/example_dags/example_external_task_marker_dag.py
[2025-03-23T08:20:06.171+0000] {processor.py:925} INFO - DAG(s) 'example_external_task_marker_child', 'example_external_task_marker_parent' retrieved from /home/airflow/.local/lib/python3.12/site-packages/airflow/example_dags/example_external_task_marker_dag.py
[2025-03-23T08:20:06.201+0000] {logging_mixin.py:190} INFO - [2025-03-23T08:20:06.201+0000] {dag.py:3239} INFO - Sync 2 DAGs
[2025-03-23T08:20:06.224+0000] {logging_mixin.py:190} INFO - [2025-03-23T08:20:06.224+0000] {dag.py:4180} INFO - Setting next_dagrun for example_external_task_marker_child to None, run_after=None
[2025-03-23T08:20:06.231+0000] {logging_mixin.py:190} INFO - [2025-03-23T08:20:06.230+0000] {dag.py:4180} INFO - Setting next_dagrun for example_external_task_marker_parent to None, run_after=None
[2025-03-23T08:20:06.291+0000] {processor.py:208} INFO - Processing /home/airflow/.local/lib/python3.12/site-packages/airflow/example_dags/example_external_task_marker_dag.py took 0.153 seconds
[2025-03-23T08:20:36.722+0000] {processor.py:186} INFO - Started process (PID=1817) to work on /home/airflow/.local/lib/python3.12/site-packages/airflow/example_dags/example_external_task_marker_dag.py
[2025-03-23T08:20:36.724+0000] {processor.py:914} INFO - Processing file /home/airflow/.local/lib/python3.12/site-packages/airflow/example_dags/example_external_task_marker_dag.py for tasks to queue
[2025-03-23T08:20:36.727+0000] {logging_mixin.py:190} INFO - [2025-03-23T08:20:36.726+0000] {dagbag.py:588} INFO - Filling up the DagBag from /home/airflow/.local/lib/python3.12/site-packages/airflow/example_dags/example_external_task_marker_dag.py
[2025-03-23T08:20:36.736+0000] {processor.py:925} INFO - DAG(s) 'example_external_task_marker_parent', 'example_external_task_marker_child' retrieved from /home/airflow/.local/lib/python3.12/site-packages/airflow/example_dags/example_external_task_marker_dag.py
[2025-03-23T08:20:36.765+0000] {logging_mixin.py:190} INFO - [2025-03-23T08:20:36.765+0000] {dag.py:3239} INFO - Sync 2 DAGs
[2025-03-23T08:20:36.783+0000] {logging_mixin.py:190} INFO - [2025-03-23T08:20:36.783+0000] {dag.py:4180} INFO - Setting next_dagrun for example_external_task_marker_child to None, run_after=None
[2025-03-23T08:20:36.789+0000] {logging_mixin.py:190} INFO - [2025-03-23T08:20:36.788+0000] {dag.py:4180} INFO - Setting next_dagrun for example_external_task_marker_parent to None, run_after=None
[2025-03-23T08:20:36.848+0000] {processor.py:208} INFO - Processing /home/airflow/.local/lib/python3.12/site-packages/airflow/example_dags/example_external_task_marker_dag.py took 0.144 seconds
[2025-03-23T08:26:47.889+0000] {processor.py:186} INFO - Started process (PID=110) to work on /home/airflow/.local/lib/python3.12/site-packages/airflow/example_dags/example_external_task_marker_dag.py
[2025-03-23T08:26:47.911+0000] {processor.py:914} INFO - Processing file /home/airflow/.local/lib/python3.12/site-packages/airflow/example_dags/example_external_task_marker_dag.py for tasks to queue
[2025-03-23T08:26:47.917+0000] {logging_mixin.py:190} INFO - [2025-03-23T08:26:47.916+0000] {dagbag.py:588} INFO - Filling up the DagBag from /home/airflow/.local/lib/python3.12/site-packages/airflow/example_dags/example_external_task_marker_dag.py
[2025-03-23T08:26:47.940+0000] {processor.py:925} INFO - DAG(s) 'example_external_task_marker_parent', 'example_external_task_marker_child' retrieved from /home/airflow/.local/lib/python3.12/site-packages/airflow/example_dags/example_external_task_marker_dag.py
[2025-03-23T08:26:48.007+0000] {logging_mixin.py:190} INFO - [2025-03-23T08:26:48.007+0000] {dag.py:3239} INFO - Sync 2 DAGs
[2025-03-23T08:26:48.049+0000] {logging_mixin.py:190} INFO - [2025-03-23T08:26:48.048+0000] {dag.py:4180} INFO - Setting next_dagrun for example_external_task_marker_child to None, run_after=None
[2025-03-23T08:26:48.058+0000] {logging_mixin.py:190} INFO - [2025-03-23T08:26:48.058+0000] {dag.py:4180} INFO - Setting next_dagrun for example_external_task_marker_parent to None, run_after=None
[2025-03-23T08:26:48.296+0000] {processor.py:208} INFO - Processing /home/airflow/.local/lib/python3.12/site-packages/airflow/example_dags/example_external_task_marker_dag.py took 0.419 seconds
[2025-03-23T08:27:18.974+0000] {processor.py:186} INFO - Started process (PID=173) to work on /home/airflow/.local/lib/python3.12/site-packages/airflow/example_dags/example_external_task_marker_dag.py
[2025-03-23T08:27:19.071+0000] {processor.py:914} INFO - Processing file /home/airflow/.local/lib/python3.12/site-packages/airflow/example_dags/example_external_task_marker_dag.py for tasks to queue
[2025-03-23T08:27:19.075+0000] {logging_mixin.py:190} INFO - [2025-03-23T08:27:19.075+0000] {dagbag.py:588} INFO - Filling up the DagBag from /home/airflow/.local/lib/python3.12/site-packages/airflow/example_dags/example_external_task_marker_dag.py
[2025-03-23T08:27:19.090+0000] {processor.py:925} INFO - DAG(s) 'example_external_task_marker_child', 'example_external_task_marker_parent' retrieved from /home/airflow/.local/lib/python3.12/site-packages/airflow/example_dags/example_external_task_marker_dag.py
[2025-03-23T08:27:19.146+0000] {logging_mixin.py:190} INFO - [2025-03-23T08:27:19.146+0000] {dag.py:3239} INFO - Sync 2 DAGs
[2025-03-23T08:27:19.195+0000] {logging_mixin.py:190} INFO - [2025-03-23T08:27:19.195+0000] {dag.py:4180} INFO - Setting next_dagrun for example_external_task_marker_child to None, run_after=None
[2025-03-23T08:27:19.206+0000] {logging_mixin.py:190} INFO - [2025-03-23T08:27:19.205+0000] {dag.py:4180} INFO - Setting next_dagrun for example_external_task_marker_parent to None, run_after=None
[2025-03-23T08:27:19.412+0000] {processor.py:208} INFO - Processing /home/airflow/.local/lib/python3.12/site-packages/airflow/example_dags/example_external_task_marker_dag.py took 0.451 seconds
[2025-03-23T08:27:50.019+0000] {processor.py:186} INFO - Started process (PID=237) to work on /home/airflow/.local/lib/python3.12/site-packages/airflow/example_dags/example_external_task_marker_dag.py
[2025-03-23T08:27:50.023+0000] {processor.py:914} INFO - Processing file /home/airflow/.local/lib/python3.12/site-packages/airflow/example_dags/example_external_task_marker_dag.py for tasks to queue
[2025-03-23T08:27:50.032+0000] {logging_mixin.py:190} INFO - [2025-03-23T08:27:50.031+0000] {dagbag.py:588} INFO - Filling up the DagBag from /home/airflow/.local/lib/python3.12/site-packages/airflow/example_dags/example_external_task_marker_dag.py
[2025-03-23T08:27:50.061+0000] {processor.py:925} INFO - DAG(s) 'example_external_task_marker_child', 'example_external_task_marker_parent' retrieved from /home/airflow/.local/lib/python3.12/site-packages/airflow/example_dags/example_external_task_marker_dag.py
[2025-03-23T08:27:50.096+0000] {logging_mixin.py:190} INFO - [2025-03-23T08:27:50.096+0000] {dag.py:3239} INFO - Sync 2 DAGs
[2025-03-23T08:27:50.119+0000] {logging_mixin.py:190} INFO - [2025-03-23T08:27:50.119+0000] {dag.py:4180} INFO - Setting next_dagrun for example_external_task_marker_child to None, run_after=None
[2025-03-23T08:27:50.126+0000] {logging_mixin.py:190} INFO - [2025-03-23T08:27:50.125+0000] {dag.py:4180} INFO - Setting next_dagrun for example_external_task_marker_parent to None, run_after=None
[2025-03-23T08:27:50.219+0000] {processor.py:208} INFO - Processing /home/airflow/.local/lib/python3.12/site-packages/airflow/example_dags/example_external_task_marker_dag.py took 0.218 seconds
[2025-03-23T08:28:20.936+0000] {processor.py:186} INFO - Started process (PID=301) to work on /home/airflow/.local/lib/python3.12/site-packages/airflow/example_dags/example_external_task_marker_dag.py
[2025-03-23T08:28:20.937+0000] {processor.py:914} INFO - Processing file /home/airflow/.local/lib/python3.12/site-packages/airflow/example_dags/example_external_task_marker_dag.py for tasks to queue
[2025-03-23T08:28:20.942+0000] {logging_mixin.py:190} INFO - [2025-03-23T08:28:20.941+0000] {dagbag.py:588} INFO - Filling up the DagBag from /home/airflow/.local/lib/python3.12/site-packages/airflow/example_dags/example_external_task_marker_dag.py
[2025-03-23T08:28:20.954+0000] {processor.py:925} INFO - DAG(s) 'example_external_task_marker_child', 'example_external_task_marker_parent' retrieved from /home/airflow/.local/lib/python3.12/site-packages/airflow/example_dags/example_external_task_marker_dag.py
[2025-03-23T08:28:20.992+0000] {logging_mixin.py:190} INFO - [2025-03-23T08:28:20.992+0000] {dag.py:3239} INFO - Sync 2 DAGs
[2025-03-23T08:28:21.016+0000] {logging_mixin.py:190} INFO - [2025-03-23T08:28:21.015+0000] {dag.py:4180} INFO - Setting next_dagrun for example_external_task_marker_child to None, run_after=None
[2025-03-23T08:28:21.022+0000] {logging_mixin.py:190} INFO - [2025-03-23T08:28:21.022+0000] {dag.py:4180} INFO - Setting next_dagrun for example_external_task_marker_parent to None, run_after=None
[2025-03-23T08:28:21.166+0000] {processor.py:208} INFO - Processing /home/airflow/.local/lib/python3.12/site-packages/airflow/example_dags/example_external_task_marker_dag.py took 0.241 seconds
[2025-03-23T08:28:51.327+0000] {processor.py:186} INFO - Started process (PID=364) to work on /home/airflow/.local/lib/python3.12/site-packages/airflow/example_dags/example_external_task_marker_dag.py
[2025-03-23T08:28:51.329+0000] {processor.py:914} INFO - Processing file /home/airflow/.local/lib/python3.12/site-packages/airflow/example_dags/example_external_task_marker_dag.py for tasks to queue
[2025-03-23T08:28:51.334+0000] {logging_mixin.py:190} INFO - [2025-03-23T08:28:51.333+0000] {dagbag.py:588} INFO - Filling up the DagBag from /home/airflow/.local/lib/python3.12/site-packages/airflow/example_dags/example_external_task_marker_dag.py
[2025-03-23T08:28:51.345+0000] {processor.py:925} INFO - DAG(s) 'example_external_task_marker_child', 'example_external_task_marker_parent' retrieved from /home/airflow/.local/lib/python3.12/site-packages/airflow/example_dags/example_external_task_marker_dag.py
[2025-03-23T08:28:51.385+0000] {logging_mixin.py:190} INFO - [2025-03-23T08:28:51.385+0000] {dag.py:3239} INFO - Sync 2 DAGs
[2025-03-23T08:28:51.410+0000] {logging_mixin.py:190} INFO - [2025-03-23T08:28:51.409+0000] {dag.py:4180} INFO - Setting next_dagrun for example_external_task_marker_child to None, run_after=None
[2025-03-23T08:28:51.415+0000] {logging_mixin.py:190} INFO - [2025-03-23T08:28:51.414+0000] {dag.py:4180} INFO - Setting next_dagrun for example_external_task_marker_parent to None, run_after=None
[2025-03-23T08:28:51.476+0000] {processor.py:208} INFO - Processing /home/airflow/.local/lib/python3.12/site-packages/airflow/example_dags/example_external_task_marker_dag.py took 0.169 seconds
[2025-03-23T08:29:21.708+0000] {processor.py:186} INFO - Started process (PID=428) to work on /home/airflow/.local/lib/python3.12/site-packages/airflow/example_dags/example_external_task_marker_dag.py
[2025-03-23T08:29:21.710+0000] {processor.py:914} INFO - Processing file /home/airflow/.local/lib/python3.12/site-packages/airflow/example_dags/example_external_task_marker_dag.py for tasks to queue
[2025-03-23T08:29:21.713+0000] {logging_mixin.py:190} INFO - [2025-03-23T08:29:21.713+0000] {dagbag.py:588} INFO - Filling up the DagBag from /home/airflow/.local/lib/python3.12/site-packages/airflow/example_dags/example_external_task_marker_dag.py
[2025-03-23T08:29:21.725+0000] {processor.py:925} INFO - DAG(s) 'example_external_task_marker_parent', 'example_external_task_marker_child' retrieved from /home/airflow/.local/lib/python3.12/site-packages/airflow/example_dags/example_external_task_marker_dag.py
[2025-03-23T08:29:21.762+0000] {logging_mixin.py:190} INFO - [2025-03-23T08:29:21.762+0000] {dag.py:3239} INFO - Sync 2 DAGs
[2025-03-23T08:29:21.785+0000] {logging_mixin.py:190} INFO - [2025-03-23T08:29:21.785+0000] {dag.py:4180} INFO - Setting next_dagrun for example_external_task_marker_child to None, run_after=None
[2025-03-23T08:29:21.791+0000] {logging_mixin.py:190} INFO - [2025-03-23T08:29:21.791+0000] {dag.py:4180} INFO - Setting next_dagrun for example_external_task_marker_parent to None, run_after=None
[2025-03-23T08:29:21.859+0000] {processor.py:208} INFO - Processing /home/airflow/.local/lib/python3.12/site-packages/airflow/example_dags/example_external_task_marker_dag.py took 0.165 seconds
[2025-03-23T08:29:52.587+0000] {processor.py:186} INFO - Started process (PID=492) to work on /home/airflow/.local/lib/python3.12/site-packages/airflow/example_dags/example_external_task_marker_dag.py
[2025-03-23T08:29:52.589+0000] {processor.py:914} INFO - Processing file /home/airflow/.local/lib/python3.12/site-packages/airflow/example_dags/example_external_task_marker_dag.py for tasks to queue
[2025-03-23T08:29:52.593+0000] {logging_mixin.py:190} INFO - [2025-03-23T08:29:52.593+0000] {dagbag.py:588} INFO - Filling up the DagBag from /home/airflow/.local/lib/python3.12/site-packages/airflow/example_dags/example_external_task_marker_dag.py
[2025-03-23T08:29:52.604+0000] {processor.py:925} INFO - DAG(s) 'example_external_task_marker_child', 'example_external_task_marker_parent' retrieved from /home/airflow/.local/lib/python3.12/site-packages/airflow/example_dags/example_external_task_marker_dag.py
[2025-03-23T08:29:52.636+0000] {logging_mixin.py:190} INFO - [2025-03-23T08:29:52.636+0000] {dag.py:3239} INFO - Sync 2 DAGs
[2025-03-23T08:29:52.658+0000] {logging_mixin.py:190} INFO - [2025-03-23T08:29:52.658+0000] {dag.py:4180} INFO - Setting next_dagrun for example_external_task_marker_child to None, run_after=None
[2025-03-23T08:29:52.664+0000] {logging_mixin.py:190} INFO - [2025-03-23T08:29:52.664+0000] {dag.py:4180} INFO - Setting next_dagrun for example_external_task_marker_parent to None, run_after=None
[2025-03-23T08:29:52.744+0000] {processor.py:208} INFO - Processing /home/airflow/.local/lib/python3.12/site-packages/airflow/example_dags/example_external_task_marker_dag.py took 0.170 seconds
