[2025-03-23T08:07:22.864+0000] {processor.py:186} INFO - Started process (PID=135) to work on /home/airflow/.local/lib/python3.12/site-packages/airflow/example_dags/example_branch_datetime_operator.py
[2025-03-23T08:07:22.866+0000] {processor.py:914} INFO - Processing file /home/airflow/.local/lib/python3.12/site-packages/airflow/example_dags/example_branch_datetime_operator.py for tasks to queue
[2025-03-23T08:07:22.871+0000] {logging_mixin.py:190} INFO - [2025-03-23T08:07:22.870+0000] {dagbag.py:588} INFO - Filling up the DagBag from /home/airflow/.local/lib/python3.12/site-packages/airflow/example_dags/example_branch_datetime_operator.py
[2025-03-23T08:07:22.925+0000] {processor.py:925} INFO - DAG(s) 'example_branch_datetime_operator_2', 'example_branch_datetime_operator', 'example_branch_datetime_operator_3' retrieved from /home/airflow/.local/lib/python3.12/site-packages/airflow/example_dags/example_branch_datetime_operator.py
[2025-03-23T08:07:23.692+0000] {logging_mixin.py:190} INFO - [2025-03-23T08:07:23.691+0000] {override.py:1911} INFO - Created Permission View: can edit on DAG:example_branch_datetime_operator_2
[2025-03-23T08:07:23.880+0000] {logging_mixin.py:190} INFO - [2025-03-23T08:07:23.879+0000] {override.py:1911} INFO - Created Permission View: can delete on DAG:example_branch_datetime_operator_2
[2025-03-23T08:07:24.055+0000] {logging_mixin.py:190} INFO - [2025-03-23T08:07:24.055+0000] {override.py:1911} INFO - Created Permission View: can read on DAG:example_branch_datetime_operator_2
[2025-03-23T08:07:24.299+0000] {logging_mixin.py:190} INFO - [2025-03-23T08:07:24.299+0000] {override.py:1911} INFO - Created Permission View: menu access on DAG Run:example_branch_datetime_operator_2
[2025-03-23T08:07:24.458+0000] {logging_mixin.py:190} INFO - [2025-03-23T08:07:24.457+0000] {override.py:1911} INFO - Created Permission View: can create on DAG Run:example_branch_datetime_operator_2
[2025-03-23T08:07:24.602+0000] {logging_mixin.py:190} INFO - [2025-03-23T08:07:24.600+0000] {override.py:1911} INFO - Created Permission View: can read on DAG Run:example_branch_datetime_operator_2
[2025-03-23T08:07:24.740+0000] {logging_mixin.py:190} INFO - [2025-03-23T08:07:24.740+0000] {override.py:1911} INFO - Created Permission View: can delete on DAG Run:example_branch_datetime_operator_2
[2025-03-23T08:07:24.957+0000] {logging_mixin.py:190} INFO - [2025-03-23T08:07:24.957+0000] {override.py:1911} INFO - Created Permission View: can edit on DAG:example_branch_datetime_operator
[2025-03-23T08:07:25.091+0000] {logging_mixin.py:190} INFO - [2025-03-23T08:07:25.090+0000] {override.py:1911} INFO - Created Permission View: can delete on DAG:example_branch_datetime_operator
[2025-03-23T08:07:25.189+0000] {logging_mixin.py:190} INFO - [2025-03-23T08:07:25.189+0000] {override.py:1911} INFO - Created Permission View: can read on DAG:example_branch_datetime_operator
[2025-03-23T08:07:25.323+0000] {logging_mixin.py:190} INFO - [2025-03-23T08:07:25.322+0000] {override.py:1911} INFO - Created Permission View: menu access on DAG Run:example_branch_datetime_operator
[2025-03-23T08:07:25.412+0000] {logging_mixin.py:190} INFO - [2025-03-23T08:07:25.411+0000] {override.py:1911} INFO - Created Permission View: can create on DAG Run:example_branch_datetime_operator
[2025-03-23T08:07:25.467+0000] {logging_mixin.py:190} INFO - [2025-03-23T08:07:25.466+0000] {override.py:1911} INFO - Created Permission View: can read on DAG Run:example_branch_datetime_operator
[2025-03-23T08:07:25.533+0000] {logging_mixin.py:190} INFO - [2025-03-23T08:07:25.533+0000] {override.py:1911} INFO - Created Permission View: can delete on DAG Run:example_branch_datetime_operator
[2025-03-23T08:07:25.644+0000] {logging_mixin.py:190} INFO - [2025-03-23T08:07:25.644+0000] {override.py:1911} INFO - Created Permission View: can edit on DAG:example_branch_datetime_operator_3
[2025-03-23T08:07:25.689+0000] {logging_mixin.py:190} INFO - [2025-03-23T08:07:25.689+0000] {override.py:1911} INFO - Created Permission View: can delete on DAG:example_branch_datetime_operator_3
[2025-03-23T08:07:25.733+0000] {logging_mixin.py:190} INFO - [2025-03-23T08:07:25.733+0000] {override.py:1911} INFO - Created Permission View: can read on DAG:example_branch_datetime_operator_3
[2025-03-23T08:07:25.846+0000] {logging_mixin.py:190} INFO - [2025-03-23T08:07:25.846+0000] {override.py:1911} INFO - Created Permission View: menu access on DAG Run:example_branch_datetime_operator_3
[2025-03-23T08:07:25.902+0000] {logging_mixin.py:190} INFO - [2025-03-23T08:07:25.902+0000] {override.py:1911} INFO - Created Permission View: can create on DAG Run:example_branch_datetime_operator_3
[2025-03-23T08:07:25.955+0000] {logging_mixin.py:190} INFO - [2025-03-23T08:07:25.955+0000] {override.py:1911} INFO - Created Permission View: can read on DAG Run:example_branch_datetime_operator_3
[2025-03-23T08:07:26.000+0000] {logging_mixin.py:190} INFO - [2025-03-23T08:07:26.000+0000] {override.py:1911} INFO - Created Permission View: can delete on DAG Run:example_branch_datetime_operator_3
[2025-03-23T08:07:26.001+0000] {logging_mixin.py:190} INFO - [2025-03-23T08:07:26.001+0000] {dag.py:3239} INFO - Sync 3 DAGs
[2025-03-23T08:07:26.022+0000] {logging_mixin.py:190} INFO - [2025-03-23T08:07:26.021+0000] {dag.py:3262} INFO - Creating ORM DAG for example_branch_datetime_operator_2
[2025-03-23T08:07:26.023+0000] {logging_mixin.py:190} INFO - [2025-03-23T08:07:26.023+0000] {dag.py:3262} INFO - Creating ORM DAG for example_branch_datetime_operator_3
[2025-03-23T08:07:26.025+0000] {logging_mixin.py:190} INFO - [2025-03-23T08:07:26.025+0000] {dag.py:3262} INFO - Creating ORM DAG for example_branch_datetime_operator
[2025-03-23T08:07:26.047+0000] {logging_mixin.py:190} INFO - [2025-03-23T08:07:26.047+0000] {dag.py:4180} INFO - Setting next_dagrun for example_branch_datetime_operator to 2025-03-22 00:00:00+00:00, run_after=2025-03-23 00:00:00+00:00
[2025-03-23T08:07:26.051+0000] {logging_mixin.py:190} INFO - [2025-03-23T08:07:26.051+0000] {dag.py:4180} INFO - Setting next_dagrun for example_branch_datetime_operator_2 to 2025-03-22 00:00:00+00:00, run_after=2025-03-23 00:00:00+00:00
[2025-03-23T08:07:26.055+0000] {logging_mixin.py:190} INFO - [2025-03-23T08:07:26.055+0000] {dag.py:4180} INFO - Setting next_dagrun for example_branch_datetime_operator_3 to 2025-03-22 00:00:00+00:00, run_after=2025-03-23 00:00:00+00:00
[2025-03-23T08:07:26.144+0000] {processor.py:208} INFO - Processing /home/airflow/.local/lib/python3.12/site-packages/airflow/example_dags/example_branch_datetime_operator.py took 3.287 seconds
[2025-03-23T08:07:56.556+0000] {processor.py:186} INFO - Started process (PID=207) to work on /home/airflow/.local/lib/python3.12/site-packages/airflow/example_dags/example_branch_datetime_operator.py
[2025-03-23T08:07:56.563+0000] {processor.py:914} INFO - Processing file /home/airflow/.local/lib/python3.12/site-packages/airflow/example_dags/example_branch_datetime_operator.py for tasks to queue
[2025-03-23T08:07:56.568+0000] {logging_mixin.py:190} INFO - [2025-03-23T08:07:56.567+0000] {dagbag.py:588} INFO - Filling up the DagBag from /home/airflow/.local/lib/python3.12/site-packages/airflow/example_dags/example_branch_datetime_operator.py
[2025-03-23T08:07:56.596+0000] {processor.py:925} INFO - DAG(s) 'example_branch_datetime_operator', 'example_branch_datetime_operator_2', 'example_branch_datetime_operator_3' retrieved from /home/airflow/.local/lib/python3.12/site-packages/airflow/example_dags/example_branch_datetime_operator.py
[2025-03-23T08:07:56.636+0000] {logging_mixin.py:190} INFO - [2025-03-23T08:07:56.635+0000] {dag.py:3239} INFO - Sync 3 DAGs
[2025-03-23T08:07:56.679+0000] {logging_mixin.py:190} INFO - [2025-03-23T08:07:56.678+0000] {dag.py:4180} INFO - Setting next_dagrun for example_branch_datetime_operator to 2025-03-22 00:00:00+00:00, run_after=2025-03-23 00:00:00+00:00
[2025-03-23T08:07:56.687+0000] {logging_mixin.py:190} INFO - [2025-03-23T08:07:56.687+0000] {dag.py:4180} INFO - Setting next_dagrun for example_branch_datetime_operator_2 to 2025-03-22 00:00:00+00:00, run_after=2025-03-23 00:00:00+00:00
[2025-03-23T08:07:56.693+0000] {logging_mixin.py:190} INFO - [2025-03-23T08:07:56.693+0000] {dag.py:4180} INFO - Setting next_dagrun for example_branch_datetime_operator_3 to 2025-03-22 00:00:00+00:00, run_after=2025-03-23 00:00:00+00:00
[2025-03-23T08:07:57.103+0000] {processor.py:208} INFO - Processing /home/airflow/.local/lib/python3.12/site-packages/airflow/example_dags/example_branch_datetime_operator.py took 0.555 seconds
[2025-03-23T08:08:27.325+0000] {processor.py:186} INFO - Started process (PID=271) to work on /home/airflow/.local/lib/python3.12/site-packages/airflow/example_dags/example_branch_datetime_operator.py
[2025-03-23T08:08:27.326+0000] {processor.py:914} INFO - Processing file /home/airflow/.local/lib/python3.12/site-packages/airflow/example_dags/example_branch_datetime_operator.py for tasks to queue
[2025-03-23T08:08:27.330+0000] {logging_mixin.py:190} INFO - [2025-03-23T08:08:27.329+0000] {dagbag.py:588} INFO - Filling up the DagBag from /home/airflow/.local/lib/python3.12/site-packages/airflow/example_dags/example_branch_datetime_operator.py
[2025-03-23T08:08:27.352+0000] {processor.py:925} INFO - DAG(s) 'example_branch_datetime_operator', 'example_branch_datetime_operator_3', 'example_branch_datetime_operator_2' retrieved from /home/airflow/.local/lib/python3.12/site-packages/airflow/example_dags/example_branch_datetime_operator.py
[2025-03-23T08:08:27.392+0000] {logging_mixin.py:190} INFO - [2025-03-23T08:08:27.391+0000] {dag.py:3239} INFO - Sync 3 DAGs
[2025-03-23T08:08:27.575+0000] {logging_mixin.py:190} INFO - [2025-03-23T08:08:27.574+0000] {dag.py:4180} INFO - Setting next_dagrun for example_branch_datetime_operator to 2025-03-22 00:00:00+00:00, run_after=2025-03-23 00:00:00+00:00
[2025-03-23T08:08:27.590+0000] {logging_mixin.py:190} INFO - [2025-03-23T08:08:27.589+0000] {dag.py:4180} INFO - Setting next_dagrun for example_branch_datetime_operator_2 to 2025-03-22 00:00:00+00:00, run_after=2025-03-23 00:00:00+00:00
[2025-03-23T08:08:27.600+0000] {logging_mixin.py:190} INFO - [2025-03-23T08:08:27.599+0000] {dag.py:4180} INFO - Setting next_dagrun for example_branch_datetime_operator_3 to 2025-03-22 00:00:00+00:00, run_after=2025-03-23 00:00:00+00:00
[2025-03-23T08:08:27.692+0000] {processor.py:208} INFO - Processing /home/airflow/.local/lib/python3.12/site-packages/airflow/example_dags/example_branch_datetime_operator.py took 0.377 seconds
[2025-03-23T08:08:57.953+0000] {processor.py:186} INFO - Started process (PID=334) to work on /home/airflow/.local/lib/python3.12/site-packages/airflow/example_dags/example_branch_datetime_operator.py
[2025-03-23T08:08:57.956+0000] {processor.py:914} INFO - Processing file /home/airflow/.local/lib/python3.12/site-packages/airflow/example_dags/example_branch_datetime_operator.py for tasks to queue
[2025-03-23T08:08:57.969+0000] {logging_mixin.py:190} INFO - [2025-03-23T08:08:57.969+0000] {dagbag.py:588} INFO - Filling up the DagBag from /home/airflow/.local/lib/python3.12/site-packages/airflow/example_dags/example_branch_datetime_operator.py
[2025-03-23T08:08:58.015+0000] {processor.py:925} INFO - DAG(s) 'example_branch_datetime_operator_3', 'example_branch_datetime_operator', 'example_branch_datetime_operator_2' retrieved from /home/airflow/.local/lib/python3.12/site-packages/airflow/example_dags/example_branch_datetime_operator.py
[2025-03-23T08:08:58.135+0000] {logging_mixin.py:190} INFO - [2025-03-23T08:08:58.134+0000] {dag.py:3239} INFO - Sync 3 DAGs
[2025-03-23T08:08:58.255+0000] {logging_mixin.py:190} INFO - [2025-03-23T08:08:58.255+0000] {dag.py:4180} INFO - Setting next_dagrun for example_branch_datetime_operator to 2025-03-22 00:00:00+00:00, run_after=2025-03-23 00:00:00+00:00
[2025-03-23T08:08:58.282+0000] {logging_mixin.py:190} INFO - [2025-03-23T08:08:58.281+0000] {dag.py:4180} INFO - Setting next_dagrun for example_branch_datetime_operator_2 to 2025-03-22 00:00:00+00:00, run_after=2025-03-23 00:00:00+00:00
[2025-03-23T08:08:58.292+0000] {logging_mixin.py:190} INFO - [2025-03-23T08:08:58.292+0000] {dag.py:4180} INFO - Setting next_dagrun for example_branch_datetime_operator_3 to 2025-03-22 00:00:00+00:00, run_after=2025-03-23 00:00:00+00:00
[2025-03-23T08:08:58.408+0000] {processor.py:208} INFO - Processing /home/airflow/.local/lib/python3.12/site-packages/airflow/example_dags/example_branch_datetime_operator.py took 0.472 seconds
[2025-03-23T08:09:28.583+0000] {processor.py:186} INFO - Started process (PID=397) to work on /home/airflow/.local/lib/python3.12/site-packages/airflow/example_dags/example_branch_datetime_operator.py
[2025-03-23T08:09:28.584+0000] {processor.py:914} INFO - Processing file /home/airflow/.local/lib/python3.12/site-packages/airflow/example_dags/example_branch_datetime_operator.py for tasks to queue
[2025-03-23T08:09:28.588+0000] {logging_mixin.py:190} INFO - [2025-03-23T08:09:28.587+0000] {dagbag.py:588} INFO - Filling up the DagBag from /home/airflow/.local/lib/python3.12/site-packages/airflow/example_dags/example_branch_datetime_operator.py
[2025-03-23T08:09:28.610+0000] {processor.py:925} INFO - DAG(s) 'example_branch_datetime_operator_3', 'example_branch_datetime_operator', 'example_branch_datetime_operator_2' retrieved from /home/airflow/.local/lib/python3.12/site-packages/airflow/example_dags/example_branch_datetime_operator.py
[2025-03-23T08:09:28.664+0000] {logging_mixin.py:190} INFO - [2025-03-23T08:09:28.664+0000] {dag.py:3239} INFO - Sync 3 DAGs
[2025-03-23T08:09:28.711+0000] {logging_mixin.py:190} INFO - [2025-03-23T08:09:28.710+0000] {dag.py:4180} INFO - Setting next_dagrun for example_branch_datetime_operator to 2025-03-22 00:00:00+00:00, run_after=2025-03-23 00:00:00+00:00
[2025-03-23T08:09:28.717+0000] {logging_mixin.py:190} INFO - [2025-03-23T08:09:28.717+0000] {dag.py:4180} INFO - Setting next_dagrun for example_branch_datetime_operator_2 to 2025-03-22 00:00:00+00:00, run_after=2025-03-23 00:00:00+00:00
[2025-03-23T08:09:28.723+0000] {logging_mixin.py:190} INFO - [2025-03-23T08:09:28.723+0000] {dag.py:4180} INFO - Setting next_dagrun for example_branch_datetime_operator_3 to 2025-03-22 00:00:00+00:00, run_after=2025-03-23 00:00:00+00:00
[2025-03-23T08:09:28.898+0000] {processor.py:208} INFO - Processing /home/airflow/.local/lib/python3.12/site-packages/airflow/example_dags/example_branch_datetime_operator.py took 0.326 seconds
[2025-03-23T08:09:59.255+0000] {processor.py:186} INFO - Started process (PID=461) to work on /home/airflow/.local/lib/python3.12/site-packages/airflow/example_dags/example_branch_datetime_operator.py
[2025-03-23T08:09:59.256+0000] {processor.py:914} INFO - Processing file /home/airflow/.local/lib/python3.12/site-packages/airflow/example_dags/example_branch_datetime_operator.py for tasks to queue
[2025-03-23T08:09:59.260+0000] {logging_mixin.py:190} INFO - [2025-03-23T08:09:59.259+0000] {dagbag.py:588} INFO - Filling up the DagBag from /home/airflow/.local/lib/python3.12/site-packages/airflow/example_dags/example_branch_datetime_operator.py
[2025-03-23T08:09:59.276+0000] {processor.py:925} INFO - DAG(s) 'example_branch_datetime_operator_3', 'example_branch_datetime_operator', 'example_branch_datetime_operator_2' retrieved from /home/airflow/.local/lib/python3.12/site-packages/airflow/example_dags/example_branch_datetime_operator.py
[2025-03-23T08:09:59.314+0000] {logging_mixin.py:190} INFO - [2025-03-23T08:09:59.313+0000] {dag.py:3239} INFO - Sync 3 DAGs
[2025-03-23T08:09:59.349+0000] {logging_mixin.py:190} INFO - [2025-03-23T08:09:59.348+0000] {dag.py:4180} INFO - Setting next_dagrun for example_branch_datetime_operator to 2025-03-22 00:00:00+00:00, run_after=2025-03-23 00:00:00+00:00
[2025-03-23T08:09:59.356+0000] {logging_mixin.py:190} INFO - [2025-03-23T08:09:59.355+0000] {dag.py:4180} INFO - Setting next_dagrun for example_branch_datetime_operator_2 to 2025-03-22 00:00:00+00:00, run_after=2025-03-23 00:00:00+00:00
[2025-03-23T08:09:59.359+0000] {logging_mixin.py:190} INFO - [2025-03-23T08:09:59.359+0000] {dag.py:4180} INFO - Setting next_dagrun for example_branch_datetime_operator_3 to 2025-03-22 00:00:00+00:00, run_after=2025-03-23 00:00:00+00:00
[2025-03-23T08:09:59.833+0000] {processor.py:208} INFO - Processing /home/airflow/.local/lib/python3.12/site-packages/airflow/example_dags/example_branch_datetime_operator.py took 0.587 seconds
[2025-03-23T08:10:30.143+0000] {processor.py:186} INFO - Started process (PID=524) to work on /home/airflow/.local/lib/python3.12/site-packages/airflow/example_dags/example_branch_datetime_operator.py
[2025-03-23T08:10:30.144+0000] {processor.py:914} INFO - Processing file /home/airflow/.local/lib/python3.12/site-packages/airflow/example_dags/example_branch_datetime_operator.py for tasks to queue
[2025-03-23T08:10:30.148+0000] {logging_mixin.py:190} INFO - [2025-03-23T08:10:30.147+0000] {dagbag.py:588} INFO - Filling up the DagBag from /home/airflow/.local/lib/python3.12/site-packages/airflow/example_dags/example_branch_datetime_operator.py
[2025-03-23T08:10:30.161+0000] {processor.py:925} INFO - DAG(s) 'example_branch_datetime_operator', 'example_branch_datetime_operator_2', 'example_branch_datetime_operator_3' retrieved from /home/airflow/.local/lib/python3.12/site-packages/airflow/example_dags/example_branch_datetime_operator.py
[2025-03-23T08:10:30.193+0000] {logging_mixin.py:190} INFO - [2025-03-23T08:10:30.193+0000] {dag.py:3239} INFO - Sync 3 DAGs
[2025-03-23T08:10:30.223+0000] {logging_mixin.py:190} INFO - [2025-03-23T08:10:30.222+0000] {dag.py:4180} INFO - Setting next_dagrun for example_branch_datetime_operator to 2025-03-22 00:00:00+00:00, run_after=2025-03-23 00:00:00+00:00
[2025-03-23T08:10:30.228+0000] {logging_mixin.py:190} INFO - [2025-03-23T08:10:30.228+0000] {dag.py:4180} INFO - Setting next_dagrun for example_branch_datetime_operator_2 to 2025-03-22 00:00:00+00:00, run_after=2025-03-23 00:00:00+00:00
[2025-03-23T08:10:30.232+0000] {logging_mixin.py:190} INFO - [2025-03-23T08:10:30.232+0000] {dag.py:4180} INFO - Setting next_dagrun for example_branch_datetime_operator_3 to 2025-03-22 00:00:00+00:00, run_after=2025-03-23 00:00:00+00:00
[2025-03-23T08:10:30.409+0000] {processor.py:208} INFO - Processing /home/airflow/.local/lib/python3.12/site-packages/airflow/example_dags/example_branch_datetime_operator.py took 0.274 seconds
[2025-03-23T08:11:00.938+0000] {processor.py:186} INFO - Started process (PID=588) to work on /home/airflow/.local/lib/python3.12/site-packages/airflow/example_dags/example_branch_datetime_operator.py
[2025-03-23T08:11:00.939+0000] {processor.py:914} INFO - Processing file /home/airflow/.local/lib/python3.12/site-packages/airflow/example_dags/example_branch_datetime_operator.py for tasks to queue
[2025-03-23T08:11:00.944+0000] {logging_mixin.py:190} INFO - [2025-03-23T08:11:00.943+0000] {dagbag.py:588} INFO - Filling up the DagBag from /home/airflow/.local/lib/python3.12/site-packages/airflow/example_dags/example_branch_datetime_operator.py
[2025-03-23T08:11:00.984+0000] {processor.py:925} INFO - DAG(s) 'example_branch_datetime_operator_2', 'example_branch_datetime_operator', 'example_branch_datetime_operator_3' retrieved from /home/airflow/.local/lib/python3.12/site-packages/airflow/example_dags/example_branch_datetime_operator.py
[2025-03-23T08:11:01.061+0000] {logging_mixin.py:190} INFO - [2025-03-23T08:11:01.061+0000] {dag.py:3239} INFO - Sync 3 DAGs
[2025-03-23T08:11:01.121+0000] {logging_mixin.py:190} INFO - [2025-03-23T08:11:01.120+0000] {dag.py:4180} INFO - Setting next_dagrun for example_branch_datetime_operator to 2025-03-22 00:00:00+00:00, run_after=2025-03-23 00:00:00+00:00
[2025-03-23T08:11:01.128+0000] {logging_mixin.py:190} INFO - [2025-03-23T08:11:01.127+0000] {dag.py:4180} INFO - Setting next_dagrun for example_branch_datetime_operator_2 to 2025-03-22 00:00:00+00:00, run_after=2025-03-23 00:00:00+00:00
[2025-03-23T08:11:01.132+0000] {logging_mixin.py:190} INFO - [2025-03-23T08:11:01.132+0000] {dag.py:4180} INFO - Setting next_dagrun for example_branch_datetime_operator_3 to 2025-03-22 00:00:00+00:00, run_after=2025-03-23 00:00:00+00:00
[2025-03-23T08:11:01.262+0000] {processor.py:208} INFO - Processing /home/airflow/.local/lib/python3.12/site-packages/airflow/example_dags/example_branch_datetime_operator.py took 0.336 seconds
[2025-03-23T08:11:32.046+0000] {processor.py:186} INFO - Started process (PID=652) to work on /home/airflow/.local/lib/python3.12/site-packages/airflow/example_dags/example_branch_datetime_operator.py
[2025-03-23T08:11:32.050+0000] {processor.py:914} INFO - Processing file /home/airflow/.local/lib/python3.12/site-packages/airflow/example_dags/example_branch_datetime_operator.py for tasks to queue
[2025-03-23T08:11:32.056+0000] {logging_mixin.py:190} INFO - [2025-03-23T08:11:32.055+0000] {dagbag.py:588} INFO - Filling up the DagBag from /home/airflow/.local/lib/python3.12/site-packages/airflow/example_dags/example_branch_datetime_operator.py
[2025-03-23T08:11:32.077+0000] {processor.py:925} INFO - DAG(s) 'example_branch_datetime_operator_3', 'example_branch_datetime_operator', 'example_branch_datetime_operator_2' retrieved from /home/airflow/.local/lib/python3.12/site-packages/airflow/example_dags/example_branch_datetime_operator.py
[2025-03-23T08:11:32.118+0000] {logging_mixin.py:190} INFO - [2025-03-23T08:11:32.118+0000] {dag.py:3239} INFO - Sync 3 DAGs
[2025-03-23T08:11:32.161+0000] {logging_mixin.py:190} INFO - [2025-03-23T08:11:32.160+0000] {dag.py:4180} INFO - Setting next_dagrun for example_branch_datetime_operator to 2025-03-22 00:00:00+00:00, run_after=2025-03-23 00:00:00+00:00
[2025-03-23T08:11:32.168+0000] {logging_mixin.py:190} INFO - [2025-03-23T08:11:32.167+0000] {dag.py:4180} INFO - Setting next_dagrun for example_branch_datetime_operator_2 to 2025-03-22 00:00:00+00:00, run_after=2025-03-23 00:00:00+00:00
[2025-03-23T08:11:32.171+0000] {logging_mixin.py:190} INFO - [2025-03-23T08:11:32.171+0000] {dag.py:4180} INFO - Setting next_dagrun for example_branch_datetime_operator_3 to 2025-03-22 00:00:00+00:00, run_after=2025-03-23 00:00:00+00:00
[2025-03-23T08:11:32.254+0000] {processor.py:208} INFO - Processing /home/airflow/.local/lib/python3.12/site-packages/airflow/example_dags/example_branch_datetime_operator.py took 0.224 seconds
[2025-03-23T08:12:02.642+0000] {processor.py:186} INFO - Started process (PID=716) to work on /home/airflow/.local/lib/python3.12/site-packages/airflow/example_dags/example_branch_datetime_operator.py
[2025-03-23T08:12:02.644+0000] {processor.py:914} INFO - Processing file /home/airflow/.local/lib/python3.12/site-packages/airflow/example_dags/example_branch_datetime_operator.py for tasks to queue
[2025-03-23T08:12:02.647+0000] {logging_mixin.py:190} INFO - [2025-03-23T08:12:02.646+0000] {dagbag.py:588} INFO - Filling up the DagBag from /home/airflow/.local/lib/python3.12/site-packages/airflow/example_dags/example_branch_datetime_operator.py
[2025-03-23T08:12:02.663+0000] {processor.py:925} INFO - DAG(s) 'example_branch_datetime_operator_3', 'example_branch_datetime_operator', 'example_branch_datetime_operator_2' retrieved from /home/airflow/.local/lib/python3.12/site-packages/airflow/example_dags/example_branch_datetime_operator.py
[2025-03-23T08:12:02.703+0000] {logging_mixin.py:190} INFO - [2025-03-23T08:12:02.702+0000] {dag.py:3239} INFO - Sync 3 DAGs
[2025-03-23T08:12:02.738+0000] {logging_mixin.py:190} INFO - [2025-03-23T08:12:02.738+0000] {dag.py:4180} INFO - Setting next_dagrun for example_branch_datetime_operator to 2025-03-22 00:00:00+00:00, run_after=2025-03-23 00:00:00+00:00
[2025-03-23T08:12:02.744+0000] {logging_mixin.py:190} INFO - [2025-03-23T08:12:02.744+0000] {dag.py:4180} INFO - Setting next_dagrun for example_branch_datetime_operator_2 to 2025-03-22 00:00:00+00:00, run_after=2025-03-23 00:00:00+00:00
[2025-03-23T08:12:02.748+0000] {logging_mixin.py:190} INFO - [2025-03-23T08:12:02.748+0000] {dag.py:4180} INFO - Setting next_dagrun for example_branch_datetime_operator_3 to 2025-03-22 00:00:00+00:00, run_after=2025-03-23 00:00:00+00:00
[2025-03-23T08:12:02.811+0000] {processor.py:208} INFO - Processing /home/airflow/.local/lib/python3.12/site-packages/airflow/example_dags/example_branch_datetime_operator.py took 0.179 seconds
[2025-03-23T08:12:33.272+0000] {processor.py:186} INFO - Started process (PID=779) to work on /home/airflow/.local/lib/python3.12/site-packages/airflow/example_dags/example_branch_datetime_operator.py
[2025-03-23T08:12:33.273+0000] {processor.py:914} INFO - Processing file /home/airflow/.local/lib/python3.12/site-packages/airflow/example_dags/example_branch_datetime_operator.py for tasks to queue
[2025-03-23T08:12:33.277+0000] {logging_mixin.py:190} INFO - [2025-03-23T08:12:33.277+0000] {dagbag.py:588} INFO - Filling up the DagBag from /home/airflow/.local/lib/python3.12/site-packages/airflow/example_dags/example_branch_datetime_operator.py
[2025-03-23T08:12:33.296+0000] {processor.py:925} INFO - DAG(s) 'example_branch_datetime_operator_3', 'example_branch_datetime_operator', 'example_branch_datetime_operator_2' retrieved from /home/airflow/.local/lib/python3.12/site-packages/airflow/example_dags/example_branch_datetime_operator.py
[2025-03-23T08:12:33.338+0000] {logging_mixin.py:190} INFO - [2025-03-23T08:12:33.338+0000] {dag.py:3239} INFO - Sync 3 DAGs
[2025-03-23T08:12:33.387+0000] {logging_mixin.py:190} INFO - [2025-03-23T08:12:33.387+0000] {dag.py:4180} INFO - Setting next_dagrun for example_branch_datetime_operator to 2025-03-22 00:00:00+00:00, run_after=2025-03-23 00:00:00+00:00
[2025-03-23T08:12:33.396+0000] {logging_mixin.py:190} INFO - [2025-03-23T08:12:33.396+0000] {dag.py:4180} INFO - Setting next_dagrun for example_branch_datetime_operator_2 to 2025-03-22 00:00:00+00:00, run_after=2025-03-23 00:00:00+00:00
[2025-03-23T08:12:33.400+0000] {logging_mixin.py:190} INFO - [2025-03-23T08:12:33.400+0000] {dag.py:4180} INFO - Setting next_dagrun for example_branch_datetime_operator_3 to 2025-03-22 00:00:00+00:00, run_after=2025-03-23 00:00:00+00:00
[2025-03-23T08:12:33.474+0000] {processor.py:208} INFO - Processing /home/airflow/.local/lib/python3.12/site-packages/airflow/example_dags/example_branch_datetime_operator.py took 0.210 seconds
[2025-03-23T08:13:03.885+0000] {processor.py:186} INFO - Started process (PID=843) to work on /home/airflow/.local/lib/python3.12/site-packages/airflow/example_dags/example_branch_datetime_operator.py
[2025-03-23T08:13:03.886+0000] {processor.py:914} INFO - Processing file /home/airflow/.local/lib/python3.12/site-packages/airflow/example_dags/example_branch_datetime_operator.py for tasks to queue
[2025-03-23T08:13:03.889+0000] {logging_mixin.py:190} INFO - [2025-03-23T08:13:03.888+0000] {dagbag.py:588} INFO - Filling up the DagBag from /home/airflow/.local/lib/python3.12/site-packages/airflow/example_dags/example_branch_datetime_operator.py
[2025-03-23T08:13:03.909+0000] {processor.py:925} INFO - DAG(s) 'example_branch_datetime_operator_2', 'example_branch_datetime_operator_3', 'example_branch_datetime_operator' retrieved from /home/airflow/.local/lib/python3.12/site-packages/airflow/example_dags/example_branch_datetime_operator.py
[2025-03-23T08:13:03.951+0000] {logging_mixin.py:190} INFO - [2025-03-23T08:13:03.951+0000] {dag.py:3239} INFO - Sync 3 DAGs
[2025-03-23T08:13:03.987+0000] {logging_mixin.py:190} INFO - [2025-03-23T08:13:03.987+0000] {dag.py:4180} INFO - Setting next_dagrun for example_branch_datetime_operator to 2025-03-22 00:00:00+00:00, run_after=2025-03-23 00:00:00+00:00
[2025-03-23T08:13:03.996+0000] {logging_mixin.py:190} INFO - [2025-03-23T08:13:03.995+0000] {dag.py:4180} INFO - Setting next_dagrun for example_branch_datetime_operator_2 to 2025-03-22 00:00:00+00:00, run_after=2025-03-23 00:00:00+00:00
[2025-03-23T08:13:03.999+0000] {logging_mixin.py:190} INFO - [2025-03-23T08:13:03.999+0000] {dag.py:4180} INFO - Setting next_dagrun for example_branch_datetime_operator_3 to 2025-03-22 00:00:00+00:00, run_after=2025-03-23 00:00:00+00:00
[2025-03-23T08:13:04.054+0000] {processor.py:208} INFO - Processing /home/airflow/.local/lib/python3.12/site-packages/airflow/example_dags/example_branch_datetime_operator.py took 0.177 seconds
[2025-03-23T08:13:34.193+0000] {processor.py:186} INFO - Started process (PID=906) to work on /home/airflow/.local/lib/python3.12/site-packages/airflow/example_dags/example_branch_datetime_operator.py
[2025-03-23T08:13:34.194+0000] {processor.py:914} INFO - Processing file /home/airflow/.local/lib/python3.12/site-packages/airflow/example_dags/example_branch_datetime_operator.py for tasks to queue
[2025-03-23T08:13:34.197+0000] {logging_mixin.py:190} INFO - [2025-03-23T08:13:34.197+0000] {dagbag.py:588} INFO - Filling up the DagBag from /home/airflow/.local/lib/python3.12/site-packages/airflow/example_dags/example_branch_datetime_operator.py
[2025-03-23T08:13:34.214+0000] {processor.py:925} INFO - DAG(s) 'example_branch_datetime_operator', 'example_branch_datetime_operator_3', 'example_branch_datetime_operator_2' retrieved from /home/airflow/.local/lib/python3.12/site-packages/airflow/example_dags/example_branch_datetime_operator.py
[2025-03-23T08:13:34.257+0000] {logging_mixin.py:190} INFO - [2025-03-23T08:13:34.257+0000] {dag.py:3239} INFO - Sync 3 DAGs
[2025-03-23T08:13:34.294+0000] {logging_mixin.py:190} INFO - [2025-03-23T08:13:34.294+0000] {dag.py:4180} INFO - Setting next_dagrun for example_branch_datetime_operator to 2025-03-22 00:00:00+00:00, run_after=2025-03-23 00:00:00+00:00
[2025-03-23T08:13:34.302+0000] {logging_mixin.py:190} INFO - [2025-03-23T08:13:34.301+0000] {dag.py:4180} INFO - Setting next_dagrun for example_branch_datetime_operator_2 to 2025-03-22 00:00:00+00:00, run_after=2025-03-23 00:00:00+00:00
[2025-03-23T08:13:34.305+0000] {logging_mixin.py:190} INFO - [2025-03-23T08:13:34.305+0000] {dag.py:4180} INFO - Setting next_dagrun for example_branch_datetime_operator_3 to 2025-03-22 00:00:00+00:00, run_after=2025-03-23 00:00:00+00:00
[2025-03-23T08:13:34.367+0000] {processor.py:208} INFO - Processing /home/airflow/.local/lib/python3.12/site-packages/airflow/example_dags/example_branch_datetime_operator.py took 0.183 seconds
[2025-03-23T08:14:04.682+0000] {processor.py:186} INFO - Started process (PID=969) to work on /home/airflow/.local/lib/python3.12/site-packages/airflow/example_dags/example_branch_datetime_operator.py
[2025-03-23T08:14:04.684+0000] {processor.py:914} INFO - Processing file /home/airflow/.local/lib/python3.12/site-packages/airflow/example_dags/example_branch_datetime_operator.py for tasks to queue
[2025-03-23T08:14:04.687+0000] {logging_mixin.py:190} INFO - [2025-03-23T08:14:04.686+0000] {dagbag.py:588} INFO - Filling up the DagBag from /home/airflow/.local/lib/python3.12/site-packages/airflow/example_dags/example_branch_datetime_operator.py
[2025-03-23T08:14:04.706+0000] {processor.py:925} INFO - DAG(s) 'example_branch_datetime_operator_3', 'example_branch_datetime_operator_2', 'example_branch_datetime_operator' retrieved from /home/airflow/.local/lib/python3.12/site-packages/airflow/example_dags/example_branch_datetime_operator.py
[2025-03-23T08:14:04.741+0000] {logging_mixin.py:190} INFO - [2025-03-23T08:14:04.741+0000] {dag.py:3239} INFO - Sync 3 DAGs
[2025-03-23T08:14:04.777+0000] {logging_mixin.py:190} INFO - [2025-03-23T08:14:04.777+0000] {dag.py:4180} INFO - Setting next_dagrun for example_branch_datetime_operator to 2025-03-22 00:00:00+00:00, run_after=2025-03-23 00:00:00+00:00
[2025-03-23T08:14:04.786+0000] {logging_mixin.py:190} INFO - [2025-03-23T08:14:04.785+0000] {dag.py:4180} INFO - Setting next_dagrun for example_branch_datetime_operator_2 to 2025-03-22 00:00:00+00:00, run_after=2025-03-23 00:00:00+00:00
[2025-03-23T08:14:04.790+0000] {logging_mixin.py:190} INFO - [2025-03-23T08:14:04.790+0000] {dag.py:4180} INFO - Setting next_dagrun for example_branch_datetime_operator_3 to 2025-03-22 00:00:00+00:00, run_after=2025-03-23 00:00:00+00:00
[2025-03-23T08:14:04.875+0000] {processor.py:208} INFO - Processing /home/airflow/.local/lib/python3.12/site-packages/airflow/example_dags/example_branch_datetime_operator.py took 0.200 seconds
[2025-03-23T08:14:35.114+0000] {processor.py:186} INFO - Started process (PID=1040) to work on /home/airflow/.local/lib/python3.12/site-packages/airflow/example_dags/example_branch_datetime_operator.py
[2025-03-23T08:14:35.115+0000] {processor.py:914} INFO - Processing file /home/airflow/.local/lib/python3.12/site-packages/airflow/example_dags/example_branch_datetime_operator.py for tasks to queue
[2025-03-23T08:14:35.119+0000] {logging_mixin.py:190} INFO - [2025-03-23T08:14:35.118+0000] {dagbag.py:588} INFO - Filling up the DagBag from /home/airflow/.local/lib/python3.12/site-packages/airflow/example_dags/example_branch_datetime_operator.py
[2025-03-23T08:14:35.135+0000] {processor.py:925} INFO - DAG(s) 'example_branch_datetime_operator_2', 'example_branch_datetime_operator', 'example_branch_datetime_operator_3' retrieved from /home/airflow/.local/lib/python3.12/site-packages/airflow/example_dags/example_branch_datetime_operator.py
[2025-03-23T08:14:35.171+0000] {logging_mixin.py:190} INFO - [2025-03-23T08:14:35.170+0000] {dag.py:3239} INFO - Sync 3 DAGs
[2025-03-23T08:14:35.204+0000] {logging_mixin.py:190} INFO - [2025-03-23T08:14:35.204+0000] {dag.py:4180} INFO - Setting next_dagrun for example_branch_datetime_operator to 2025-03-22 00:00:00+00:00, run_after=2025-03-23 00:00:00+00:00
[2025-03-23T08:14:35.210+0000] {logging_mixin.py:190} INFO - [2025-03-23T08:14:35.210+0000] {dag.py:4180} INFO - Setting next_dagrun for example_branch_datetime_operator_2 to 2025-03-22 00:00:00+00:00, run_after=2025-03-23 00:00:00+00:00
[2025-03-23T08:14:35.214+0000] {logging_mixin.py:190} INFO - [2025-03-23T08:14:35.213+0000] {dag.py:4180} INFO - Setting next_dagrun for example_branch_datetime_operator_3 to 2025-03-22 00:00:00+00:00, run_after=2025-03-23 00:00:00+00:00
[2025-03-23T08:14:35.323+0000] {processor.py:208} INFO - Processing /home/airflow/.local/lib/python3.12/site-packages/airflow/example_dags/example_branch_datetime_operator.py took 0.217 seconds
[2025-03-23T08:15:05.523+0000] {processor.py:186} INFO - Started process (PID=1122) to work on /home/airflow/.local/lib/python3.12/site-packages/airflow/example_dags/example_branch_datetime_operator.py
[2025-03-23T08:15:05.524+0000] {processor.py:914} INFO - Processing file /home/airflow/.local/lib/python3.12/site-packages/airflow/example_dags/example_branch_datetime_operator.py for tasks to queue
[2025-03-23T08:15:05.527+0000] {logging_mixin.py:190} INFO - [2025-03-23T08:15:05.527+0000] {dagbag.py:588} INFO - Filling up the DagBag from /home/airflow/.local/lib/python3.12/site-packages/airflow/example_dags/example_branch_datetime_operator.py
[2025-03-23T08:15:05.545+0000] {processor.py:925} INFO - DAG(s) 'example_branch_datetime_operator_3', 'example_branch_datetime_operator_2', 'example_branch_datetime_operator' retrieved from /home/airflow/.local/lib/python3.12/site-packages/airflow/example_dags/example_branch_datetime_operator.py
[2025-03-23T08:15:05.594+0000] {logging_mixin.py:190} INFO - [2025-03-23T08:15:05.594+0000] {dag.py:3239} INFO - Sync 3 DAGs
[2025-03-23T08:15:05.643+0000] {logging_mixin.py:190} INFO - [2025-03-23T08:15:05.643+0000] {dag.py:4180} INFO - Setting next_dagrun for example_branch_datetime_operator to 2025-03-22 00:00:00+00:00, run_after=2025-03-23 00:00:00+00:00
[2025-03-23T08:15:05.651+0000] {logging_mixin.py:190} INFO - [2025-03-23T08:15:05.651+0000] {dag.py:4180} INFO - Setting next_dagrun for example_branch_datetime_operator_2 to 2025-03-22 00:00:00+00:00, run_after=2025-03-23 00:00:00+00:00
[2025-03-23T08:15:05.655+0000] {logging_mixin.py:190} INFO - [2025-03-23T08:15:05.655+0000] {dag.py:4180} INFO - Setting next_dagrun for example_branch_datetime_operator_3 to 2025-03-22 00:00:00+00:00, run_after=2025-03-23 00:00:00+00:00
[2025-03-23T08:15:05.732+0000] {processor.py:208} INFO - Processing /home/airflow/.local/lib/python3.12/site-packages/airflow/example_dags/example_branch_datetime_operator.py took 0.219 seconds
[2025-03-23T08:15:36.180+0000] {processor.py:186} INFO - Started process (PID=1186) to work on /home/airflow/.local/lib/python3.12/site-packages/airflow/example_dags/example_branch_datetime_operator.py
[2025-03-23T08:15:36.181+0000] {processor.py:914} INFO - Processing file /home/airflow/.local/lib/python3.12/site-packages/airflow/example_dags/example_branch_datetime_operator.py for tasks to queue
[2025-03-23T08:15:36.186+0000] {logging_mixin.py:190} INFO - [2025-03-23T08:15:36.185+0000] {dagbag.py:588} INFO - Filling up the DagBag from /home/airflow/.local/lib/python3.12/site-packages/airflow/example_dags/example_branch_datetime_operator.py
[2025-03-23T08:15:36.202+0000] {processor.py:925} INFO - DAG(s) 'example_branch_datetime_operator', 'example_branch_datetime_operator_2', 'example_branch_datetime_operator_3' retrieved from /home/airflow/.local/lib/python3.12/site-packages/airflow/example_dags/example_branch_datetime_operator.py
[2025-03-23T08:15:36.237+0000] {logging_mixin.py:190} INFO - [2025-03-23T08:15:36.236+0000] {dag.py:3239} INFO - Sync 3 DAGs
[2025-03-23T08:15:36.271+0000] {logging_mixin.py:190} INFO - [2025-03-23T08:15:36.271+0000] {dag.py:4180} INFO - Setting next_dagrun for example_branch_datetime_operator to 2025-03-22 00:00:00+00:00, run_after=2025-03-23 00:00:00+00:00
[2025-03-23T08:15:36.277+0000] {logging_mixin.py:190} INFO - [2025-03-23T08:15:36.277+0000] {dag.py:4180} INFO - Setting next_dagrun for example_branch_datetime_operator_2 to 2025-03-22 00:00:00+00:00, run_after=2025-03-23 00:00:00+00:00
[2025-03-23T08:15:36.280+0000] {logging_mixin.py:190} INFO - [2025-03-23T08:15:36.280+0000] {dag.py:4180} INFO - Setting next_dagrun for example_branch_datetime_operator_3 to 2025-03-22 00:00:00+00:00, run_after=2025-03-23 00:00:00+00:00
[2025-03-23T08:15:36.365+0000] {processor.py:208} INFO - Processing /home/airflow/.local/lib/python3.12/site-packages/airflow/example_dags/example_branch_datetime_operator.py took 0.199 seconds
[2025-03-23T08:16:06.569+0000] {processor.py:186} INFO - Started process (PID=1250) to work on /home/airflow/.local/lib/python3.12/site-packages/airflow/example_dags/example_branch_datetime_operator.py
[2025-03-23T08:16:06.571+0000] {processor.py:914} INFO - Processing file /home/airflow/.local/lib/python3.12/site-packages/airflow/example_dags/example_branch_datetime_operator.py for tasks to queue
[2025-03-23T08:16:06.574+0000] {logging_mixin.py:190} INFO - [2025-03-23T08:16:06.574+0000] {dagbag.py:588} INFO - Filling up the DagBag from /home/airflow/.local/lib/python3.12/site-packages/airflow/example_dags/example_branch_datetime_operator.py
[2025-03-23T08:16:06.595+0000] {processor.py:925} INFO - DAG(s) 'example_branch_datetime_operator_2', 'example_branch_datetime_operator_3', 'example_branch_datetime_operator' retrieved from /home/airflow/.local/lib/python3.12/site-packages/airflow/example_dags/example_branch_datetime_operator.py
[2025-03-23T08:16:06.630+0000] {logging_mixin.py:190} INFO - [2025-03-23T08:16:06.629+0000] {dag.py:3239} INFO - Sync 3 DAGs
[2025-03-23T08:16:06.663+0000] {logging_mixin.py:190} INFO - [2025-03-23T08:16:06.662+0000] {dag.py:4180} INFO - Setting next_dagrun for example_branch_datetime_operator to 2025-03-22 00:00:00+00:00, run_after=2025-03-23 00:00:00+00:00
[2025-03-23T08:16:06.669+0000] {logging_mixin.py:190} INFO - [2025-03-23T08:16:06.669+0000] {dag.py:4180} INFO - Setting next_dagrun for example_branch_datetime_operator_2 to 2025-03-22 00:00:00+00:00, run_after=2025-03-23 00:00:00+00:00
[2025-03-23T08:16:06.673+0000] {logging_mixin.py:190} INFO - [2025-03-23T08:16:06.673+0000] {dag.py:4180} INFO - Setting next_dagrun for example_branch_datetime_operator_3 to 2025-03-22 00:00:00+00:00, run_after=2025-03-23 00:00:00+00:00
[2025-03-23T08:16:06.764+0000] {processor.py:208} INFO - Processing /home/airflow/.local/lib/python3.12/site-packages/airflow/example_dags/example_branch_datetime_operator.py took 0.209 seconds
[2025-03-23T08:16:36.933+0000] {processor.py:186} INFO - Started process (PID=1313) to work on /home/airflow/.local/lib/python3.12/site-packages/airflow/example_dags/example_branch_datetime_operator.py
[2025-03-23T08:16:36.934+0000] {processor.py:914} INFO - Processing file /home/airflow/.local/lib/python3.12/site-packages/airflow/example_dags/example_branch_datetime_operator.py for tasks to queue
[2025-03-23T08:16:36.937+0000] {logging_mixin.py:190} INFO - [2025-03-23T08:16:36.936+0000] {dagbag.py:588} INFO - Filling up the DagBag from /home/airflow/.local/lib/python3.12/site-packages/airflow/example_dags/example_branch_datetime_operator.py
[2025-03-23T08:16:36.958+0000] {processor.py:925} INFO - DAG(s) 'example_branch_datetime_operator_3', 'example_branch_datetime_operator_2', 'example_branch_datetime_operator' retrieved from /home/airflow/.local/lib/python3.12/site-packages/airflow/example_dags/example_branch_datetime_operator.py
[2025-03-23T08:16:36.992+0000] {logging_mixin.py:190} INFO - [2025-03-23T08:16:36.992+0000] {dag.py:3239} INFO - Sync 3 DAGs
[2025-03-23T08:16:37.024+0000] {logging_mixin.py:190} INFO - [2025-03-23T08:16:37.024+0000] {dag.py:4180} INFO - Setting next_dagrun for example_branch_datetime_operator to 2025-03-22 00:00:00+00:00, run_after=2025-03-23 00:00:00+00:00
[2025-03-23T08:16:37.030+0000] {logging_mixin.py:190} INFO - [2025-03-23T08:16:37.029+0000] {dag.py:4180} INFO - Setting next_dagrun for example_branch_datetime_operator_2 to 2025-03-22 00:00:00+00:00, run_after=2025-03-23 00:00:00+00:00
[2025-03-23T08:16:37.033+0000] {logging_mixin.py:190} INFO - [2025-03-23T08:16:37.033+0000] {dag.py:4180} INFO - Setting next_dagrun for example_branch_datetime_operator_3 to 2025-03-22 00:00:00+00:00, run_after=2025-03-23 00:00:00+00:00
[2025-03-23T08:16:37.085+0000] {processor.py:208} INFO - Processing /home/airflow/.local/lib/python3.12/site-packages/airflow/example_dags/example_branch_datetime_operator.py took 0.166 seconds
[2025-03-23T08:17:07.296+0000] {processor.py:186} INFO - Started process (PID=1377) to work on /home/airflow/.local/lib/python3.12/site-packages/airflow/example_dags/example_branch_datetime_operator.py
[2025-03-23T08:17:07.298+0000] {processor.py:914} INFO - Processing file /home/airflow/.local/lib/python3.12/site-packages/airflow/example_dags/example_branch_datetime_operator.py for tasks to queue
[2025-03-23T08:17:07.303+0000] {logging_mixin.py:190} INFO - [2025-03-23T08:17:07.302+0000] {dagbag.py:588} INFO - Filling up the DagBag from /home/airflow/.local/lib/python3.12/site-packages/airflow/example_dags/example_branch_datetime_operator.py
[2025-03-23T08:17:07.330+0000] {processor.py:925} INFO - DAG(s) 'example_branch_datetime_operator_2', 'example_branch_datetime_operator_3', 'example_branch_datetime_operator' retrieved from /home/airflow/.local/lib/python3.12/site-packages/airflow/example_dags/example_branch_datetime_operator.py
[2025-03-23T08:17:07.373+0000] {logging_mixin.py:190} INFO - [2025-03-23T08:17:07.373+0000] {dag.py:3239} INFO - Sync 3 DAGs
[2025-03-23T08:17:07.408+0000] {logging_mixin.py:190} INFO - [2025-03-23T08:17:07.408+0000] {dag.py:4180} INFO - Setting next_dagrun for example_branch_datetime_operator to 2025-03-22 00:00:00+00:00, run_after=2025-03-23 00:00:00+00:00
[2025-03-23T08:17:07.414+0000] {logging_mixin.py:190} INFO - [2025-03-23T08:17:07.414+0000] {dag.py:4180} INFO - Setting next_dagrun for example_branch_datetime_operator_2 to 2025-03-22 00:00:00+00:00, run_after=2025-03-23 00:00:00+00:00
[2025-03-23T08:17:07.417+0000] {logging_mixin.py:190} INFO - [2025-03-23T08:17:07.417+0000] {dag.py:4180} INFO - Setting next_dagrun for example_branch_datetime_operator_3 to 2025-03-22 00:00:00+00:00, run_after=2025-03-23 00:00:00+00:00
[2025-03-23T08:17:07.479+0000] {processor.py:208} INFO - Processing /home/airflow/.local/lib/python3.12/site-packages/airflow/example_dags/example_branch_datetime_operator.py took 0.197 seconds
[2025-03-23T08:17:37.798+0000] {processor.py:186} INFO - Started process (PID=1441) to work on /home/airflow/.local/lib/python3.12/site-packages/airflow/example_dags/example_branch_datetime_operator.py
[2025-03-23T08:17:37.799+0000] {processor.py:914} INFO - Processing file /home/airflow/.local/lib/python3.12/site-packages/airflow/example_dags/example_branch_datetime_operator.py for tasks to queue
[2025-03-23T08:17:37.803+0000] {logging_mixin.py:190} INFO - [2025-03-23T08:17:37.802+0000] {dagbag.py:588} INFO - Filling up the DagBag from /home/airflow/.local/lib/python3.12/site-packages/airflow/example_dags/example_branch_datetime_operator.py
[2025-03-23T08:17:37.822+0000] {processor.py:925} INFO - DAG(s) 'example_branch_datetime_operator_3', 'example_branch_datetime_operator', 'example_branch_datetime_operator_2' retrieved from /home/airflow/.local/lib/python3.12/site-packages/airflow/example_dags/example_branch_datetime_operator.py
[2025-03-23T08:17:37.867+0000] {logging_mixin.py:190} INFO - [2025-03-23T08:17:37.867+0000] {dag.py:3239} INFO - Sync 3 DAGs
[2025-03-23T08:17:37.913+0000] {logging_mixin.py:190} INFO - [2025-03-23T08:17:37.913+0000] {dag.py:4180} INFO - Setting next_dagrun for example_branch_datetime_operator to 2025-03-22 00:00:00+00:00, run_after=2025-03-23 00:00:00+00:00
[2025-03-23T08:17:37.925+0000] {logging_mixin.py:190} INFO - [2025-03-23T08:17:37.924+0000] {dag.py:4180} INFO - Setting next_dagrun for example_branch_datetime_operator_2 to 2025-03-22 00:00:00+00:00, run_after=2025-03-23 00:00:00+00:00
[2025-03-23T08:17:37.931+0000] {logging_mixin.py:190} INFO - [2025-03-23T08:17:37.930+0000] {dag.py:4180} INFO - Setting next_dagrun for example_branch_datetime_operator_3 to 2025-03-22 00:00:00+00:00, run_after=2025-03-23 00:00:00+00:00
[2025-03-23T08:17:38.006+0000] {processor.py:208} INFO - Processing /home/airflow/.local/lib/python3.12/site-packages/airflow/example_dags/example_branch_datetime_operator.py took 0.224 seconds
[2025-03-23T08:18:08.624+0000] {processor.py:186} INFO - Started process (PID=1505) to work on /home/airflow/.local/lib/python3.12/site-packages/airflow/example_dags/example_branch_datetime_operator.py
[2025-03-23T08:18:08.626+0000] {processor.py:914} INFO - Processing file /home/airflow/.local/lib/python3.12/site-packages/airflow/example_dags/example_branch_datetime_operator.py for tasks to queue
[2025-03-23T08:18:08.629+0000] {logging_mixin.py:190} INFO - [2025-03-23T08:18:08.629+0000] {dagbag.py:588} INFO - Filling up the DagBag from /home/airflow/.local/lib/python3.12/site-packages/airflow/example_dags/example_branch_datetime_operator.py
[2025-03-23T08:18:08.655+0000] {processor.py:925} INFO - DAG(s) 'example_branch_datetime_operator_2', 'example_branch_datetime_operator_3', 'example_branch_datetime_operator' retrieved from /home/airflow/.local/lib/python3.12/site-packages/airflow/example_dags/example_branch_datetime_operator.py
[2025-03-23T08:18:08.703+0000] {logging_mixin.py:190} INFO - [2025-03-23T08:18:08.702+0000] {dag.py:3239} INFO - Sync 3 DAGs
[2025-03-23T08:18:08.757+0000] {logging_mixin.py:190} INFO - [2025-03-23T08:18:08.756+0000] {dag.py:4180} INFO - Setting next_dagrun for example_branch_datetime_operator to 2025-03-22 00:00:00+00:00, run_after=2025-03-23 00:00:00+00:00
[2025-03-23T08:18:08.771+0000] {logging_mixin.py:190} INFO - [2025-03-23T08:18:08.771+0000] {dag.py:4180} INFO - Setting next_dagrun for example_branch_datetime_operator_2 to 2025-03-22 00:00:00+00:00, run_after=2025-03-23 00:00:00+00:00
[2025-03-23T08:18:08.776+0000] {logging_mixin.py:190} INFO - [2025-03-23T08:18:08.775+0000] {dag.py:4180} INFO - Setting next_dagrun for example_branch_datetime_operator_3 to 2025-03-22 00:00:00+00:00, run_after=2025-03-23 00:00:00+00:00
[2025-03-23T08:18:08.854+0000] {processor.py:208} INFO - Processing /home/airflow/.local/lib/python3.12/site-packages/airflow/example_dags/example_branch_datetime_operator.py took 0.249 seconds
[2025-03-23T08:18:39.186+0000] {processor.py:186} INFO - Started process (PID=1569) to work on /home/airflow/.local/lib/python3.12/site-packages/airflow/example_dags/example_branch_datetime_operator.py
[2025-03-23T08:18:39.188+0000] {processor.py:914} INFO - Processing file /home/airflow/.local/lib/python3.12/site-packages/airflow/example_dags/example_branch_datetime_operator.py for tasks to queue
[2025-03-23T08:18:39.191+0000] {logging_mixin.py:190} INFO - [2025-03-23T08:18:39.190+0000] {dagbag.py:588} INFO - Filling up the DagBag from /home/airflow/.local/lib/python3.12/site-packages/airflow/example_dags/example_branch_datetime_operator.py
[2025-03-23T08:18:39.205+0000] {processor.py:925} INFO - DAG(s) 'example_branch_datetime_operator', 'example_branch_datetime_operator_3', 'example_branch_datetime_operator_2' retrieved from /home/airflow/.local/lib/python3.12/site-packages/airflow/example_dags/example_branch_datetime_operator.py
[2025-03-23T08:18:39.240+0000] {logging_mixin.py:190} INFO - [2025-03-23T08:18:39.240+0000] {dag.py:3239} INFO - Sync 3 DAGs
[2025-03-23T08:18:39.271+0000] {logging_mixin.py:190} INFO - [2025-03-23T08:18:39.271+0000] {dag.py:4180} INFO - Setting next_dagrun for example_branch_datetime_operator to 2025-03-22 00:00:00+00:00, run_after=2025-03-23 00:00:00+00:00
[2025-03-23T08:18:39.277+0000] {logging_mixin.py:190} INFO - [2025-03-23T08:18:39.276+0000] {dag.py:4180} INFO - Setting next_dagrun for example_branch_datetime_operator_2 to 2025-03-22 00:00:00+00:00, run_after=2025-03-23 00:00:00+00:00
[2025-03-23T08:18:39.280+0000] {logging_mixin.py:190} INFO - [2025-03-23T08:18:39.280+0000] {dag.py:4180} INFO - Setting next_dagrun for example_branch_datetime_operator_3 to 2025-03-22 00:00:00+00:00, run_after=2025-03-23 00:00:00+00:00
[2025-03-23T08:18:39.357+0000] {processor.py:208} INFO - Processing /home/airflow/.local/lib/python3.12/site-packages/airflow/example_dags/example_branch_datetime_operator.py took 0.186 seconds
[2025-03-23T08:19:09.895+0000] {processor.py:186} INFO - Started process (PID=1633) to work on /home/airflow/.local/lib/python3.12/site-packages/airflow/example_dags/example_branch_datetime_operator.py
[2025-03-23T08:19:09.896+0000] {processor.py:914} INFO - Processing file /home/airflow/.local/lib/python3.12/site-packages/airflow/example_dags/example_branch_datetime_operator.py for tasks to queue
[2025-03-23T08:19:09.900+0000] {logging_mixin.py:190} INFO - [2025-03-23T08:19:09.900+0000] {dagbag.py:588} INFO - Filling up the DagBag from /home/airflow/.local/lib/python3.12/site-packages/airflow/example_dags/example_branch_datetime_operator.py
[2025-03-23T08:19:09.918+0000] {processor.py:925} INFO - DAG(s) 'example_branch_datetime_operator_3', 'example_branch_datetime_operator', 'example_branch_datetime_operator_2' retrieved from /home/airflow/.local/lib/python3.12/site-packages/airflow/example_dags/example_branch_datetime_operator.py
[2025-03-23T08:19:09.956+0000] {logging_mixin.py:190} INFO - [2025-03-23T08:19:09.955+0000] {dag.py:3239} INFO - Sync 3 DAGs
[2025-03-23T08:19:09.992+0000] {logging_mixin.py:190} INFO - [2025-03-23T08:19:09.992+0000] {dag.py:4180} INFO - Setting next_dagrun for example_branch_datetime_operator to 2025-03-22 00:00:00+00:00, run_after=2025-03-23 00:00:00+00:00
[2025-03-23T08:19:09.999+0000] {logging_mixin.py:190} INFO - [2025-03-23T08:19:09.998+0000] {dag.py:4180} INFO - Setting next_dagrun for example_branch_datetime_operator_2 to 2025-03-22 00:00:00+00:00, run_after=2025-03-23 00:00:00+00:00
[2025-03-23T08:19:10.004+0000] {logging_mixin.py:190} INFO - [2025-03-23T08:19:10.003+0000] {dag.py:4180} INFO - Setting next_dagrun for example_branch_datetime_operator_3 to 2025-03-22 00:00:00+00:00, run_after=2025-03-23 00:00:00+00:00
[2025-03-23T08:19:10.083+0000] {processor.py:208} INFO - Processing /home/airflow/.local/lib/python3.12/site-packages/airflow/example_dags/example_branch_datetime_operator.py took 0.206 seconds
[2025-03-23T08:19:40.597+0000] {processor.py:186} INFO - Started process (PID=1697) to work on /home/airflow/.local/lib/python3.12/site-packages/airflow/example_dags/example_branch_datetime_operator.py
[2025-03-23T08:19:40.599+0000] {processor.py:914} INFO - Processing file /home/airflow/.local/lib/python3.12/site-packages/airflow/example_dags/example_branch_datetime_operator.py for tasks to queue
[2025-03-23T08:19:40.602+0000] {logging_mixin.py:190} INFO - [2025-03-23T08:19:40.601+0000] {dagbag.py:588} INFO - Filling up the DagBag from /home/airflow/.local/lib/python3.12/site-packages/airflow/example_dags/example_branch_datetime_operator.py
[2025-03-23T08:19:40.618+0000] {processor.py:925} INFO - DAG(s) 'example_branch_datetime_operator_3', 'example_branch_datetime_operator_2', 'example_branch_datetime_operator' retrieved from /home/airflow/.local/lib/python3.12/site-packages/airflow/example_dags/example_branch_datetime_operator.py
[2025-03-23T08:19:40.658+0000] {logging_mixin.py:190} INFO - [2025-03-23T08:19:40.657+0000] {dag.py:3239} INFO - Sync 3 DAGs
[2025-03-23T08:19:40.690+0000] {logging_mixin.py:190} INFO - [2025-03-23T08:19:40.690+0000] {dag.py:4180} INFO - Setting next_dagrun for example_branch_datetime_operator to 2025-03-22 00:00:00+00:00, run_after=2025-03-23 00:00:00+00:00
[2025-03-23T08:19:40.696+0000] {logging_mixin.py:190} INFO - [2025-03-23T08:19:40.696+0000] {dag.py:4180} INFO - Setting next_dagrun for example_branch_datetime_operator_2 to 2025-03-22 00:00:00+00:00, run_after=2025-03-23 00:00:00+00:00
[2025-03-23T08:19:40.699+0000] {logging_mixin.py:190} INFO - [2025-03-23T08:19:40.699+0000] {dag.py:4180} INFO - Setting next_dagrun for example_branch_datetime_operator_3 to 2025-03-22 00:00:00+00:00, run_after=2025-03-23 00:00:00+00:00
[2025-03-23T08:19:40.802+0000] {processor.py:208} INFO - Processing /home/airflow/.local/lib/python3.12/site-packages/airflow/example_dags/example_branch_datetime_operator.py took 0.215 seconds
[2025-03-23T08:20:10.917+0000] {processor.py:186} INFO - Started process (PID=1761) to work on /home/airflow/.local/lib/python3.12/site-packages/airflow/example_dags/example_branch_datetime_operator.py
[2025-03-23T08:20:10.918+0000] {processor.py:914} INFO - Processing file /home/airflow/.local/lib/python3.12/site-packages/airflow/example_dags/example_branch_datetime_operator.py for tasks to queue
[2025-03-23T08:20:10.922+0000] {logging_mixin.py:190} INFO - [2025-03-23T08:20:10.921+0000] {dagbag.py:588} INFO - Filling up the DagBag from /home/airflow/.local/lib/python3.12/site-packages/airflow/example_dags/example_branch_datetime_operator.py
[2025-03-23T08:20:10.941+0000] {processor.py:925} INFO - DAG(s) 'example_branch_datetime_operator_3', 'example_branch_datetime_operator', 'example_branch_datetime_operator_2' retrieved from /home/airflow/.local/lib/python3.12/site-packages/airflow/example_dags/example_branch_datetime_operator.py
[2025-03-23T08:20:10.978+0000] {logging_mixin.py:190} INFO - [2025-03-23T08:20:10.978+0000] {dag.py:3239} INFO - Sync 3 DAGs
[2025-03-23T08:20:11.013+0000] {logging_mixin.py:190} INFO - [2025-03-23T08:20:11.013+0000] {dag.py:4180} INFO - Setting next_dagrun for example_branch_datetime_operator to 2025-03-22 00:00:00+00:00, run_after=2025-03-23 00:00:00+00:00
[2025-03-23T08:20:11.019+0000] {logging_mixin.py:190} INFO - [2025-03-23T08:20:11.019+0000] {dag.py:4180} INFO - Setting next_dagrun for example_branch_datetime_operator_2 to 2025-03-22 00:00:00+00:00, run_after=2025-03-23 00:00:00+00:00
[2025-03-23T08:20:11.023+0000] {logging_mixin.py:190} INFO - [2025-03-23T08:20:11.023+0000] {dag.py:4180} INFO - Setting next_dagrun for example_branch_datetime_operator_3 to 2025-03-22 00:00:00+00:00, run_after=2025-03-23 00:00:00+00:00
[2025-03-23T08:20:11.086+0000] {processor.py:208} INFO - Processing /home/airflow/.local/lib/python3.12/site-packages/airflow/example_dags/example_branch_datetime_operator.py took 0.184 seconds
[2025-03-23T08:20:41.483+0000] {processor.py:186} INFO - Started process (PID=1825) to work on /home/airflow/.local/lib/python3.12/site-packages/airflow/example_dags/example_branch_datetime_operator.py
[2025-03-23T08:20:41.485+0000] {processor.py:914} INFO - Processing file /home/airflow/.local/lib/python3.12/site-packages/airflow/example_dags/example_branch_datetime_operator.py for tasks to queue
[2025-03-23T08:20:41.488+0000] {logging_mixin.py:190} INFO - [2025-03-23T08:20:41.487+0000] {dagbag.py:588} INFO - Filling up the DagBag from /home/airflow/.local/lib/python3.12/site-packages/airflow/example_dags/example_branch_datetime_operator.py
[2025-03-23T08:20:41.517+0000] {processor.py:925} INFO - DAG(s) 'example_branch_datetime_operator_3', 'example_branch_datetime_operator_2', 'example_branch_datetime_operator' retrieved from /home/airflow/.local/lib/python3.12/site-packages/airflow/example_dags/example_branch_datetime_operator.py
[2025-03-23T08:20:41.559+0000] {logging_mixin.py:190} INFO - [2025-03-23T08:20:41.559+0000] {dag.py:3239} INFO - Sync 3 DAGs
[2025-03-23T08:20:41.600+0000] {logging_mixin.py:190} INFO - [2025-03-23T08:20:41.599+0000] {dag.py:4180} INFO - Setting next_dagrun for example_branch_datetime_operator to 2025-03-22 00:00:00+00:00, run_after=2025-03-23 00:00:00+00:00
[2025-03-23T08:20:41.606+0000] {logging_mixin.py:190} INFO - [2025-03-23T08:20:41.606+0000] {dag.py:4180} INFO - Setting next_dagrun for example_branch_datetime_operator_2 to 2025-03-22 00:00:00+00:00, run_after=2025-03-23 00:00:00+00:00
[2025-03-23T08:20:41.610+0000] {logging_mixin.py:190} INFO - [2025-03-23T08:20:41.610+0000] {dag.py:4180} INFO - Setting next_dagrun for example_branch_datetime_operator_3 to 2025-03-22 00:00:00+00:00, run_after=2025-03-23 00:00:00+00:00
[2025-03-23T08:20:41.684+0000] {processor.py:208} INFO - Processing /home/airflow/.local/lib/python3.12/site-packages/airflow/example_dags/example_branch_datetime_operator.py took 0.215 seconds
[2025-03-23T08:26:50.638+0000] {processor.py:186} INFO - Started process (PID=117) to work on /home/airflow/.local/lib/python3.12/site-packages/airflow/example_dags/example_branch_datetime_operator.py
[2025-03-23T08:26:50.733+0000] {processor.py:914} INFO - Processing file /home/airflow/.local/lib/python3.12/site-packages/airflow/example_dags/example_branch_datetime_operator.py for tasks to queue
[2025-03-23T08:26:50.746+0000] {logging_mixin.py:190} INFO - [2025-03-23T08:26:50.743+0000] {dagbag.py:588} INFO - Filling up the DagBag from /home/airflow/.local/lib/python3.12/site-packages/airflow/example_dags/example_branch_datetime_operator.py
[2025-03-23T08:26:50.785+0000] {processor.py:925} INFO - DAG(s) 'example_branch_datetime_operator_3', 'example_branch_datetime_operator', 'example_branch_datetime_operator_2' retrieved from /home/airflow/.local/lib/python3.12/site-packages/airflow/example_dags/example_branch_datetime_operator.py
[2025-03-23T08:26:50.820+0000] {logging_mixin.py:190} INFO - [2025-03-23T08:26:50.820+0000] {dag.py:3239} INFO - Sync 3 DAGs
[2025-03-23T08:26:50.855+0000] {logging_mixin.py:190} INFO - [2025-03-23T08:26:50.854+0000] {dag.py:4180} INFO - Setting next_dagrun for example_branch_datetime_operator to 2025-03-22 00:00:00+00:00, run_after=2025-03-23 00:00:00+00:00
[2025-03-23T08:26:50.862+0000] {logging_mixin.py:190} INFO - [2025-03-23T08:26:50.862+0000] {dag.py:4180} INFO - Setting next_dagrun for example_branch_datetime_operator_2 to 2025-03-22 00:00:00+00:00, run_after=2025-03-23 00:00:00+00:00
[2025-03-23T08:26:50.866+0000] {logging_mixin.py:190} INFO - [2025-03-23T08:26:50.866+0000] {dag.py:4180} INFO - Setting next_dagrun for example_branch_datetime_operator_3 to 2025-03-22 00:00:00+00:00, run_after=2025-03-23 00:00:00+00:00
[2025-03-23T08:26:51.415+0000] {processor.py:208} INFO - Processing /home/airflow/.local/lib/python3.12/site-packages/airflow/example_dags/example_branch_datetime_operator.py took 0.793 seconds
[2025-03-23T08:27:21.468+0000] {processor.py:186} INFO - Started process (PID=181) to work on /home/airflow/.local/lib/python3.12/site-packages/airflow/example_dags/example_branch_datetime_operator.py
[2025-03-23T08:27:21.470+0000] {processor.py:914} INFO - Processing file /home/airflow/.local/lib/python3.12/site-packages/airflow/example_dags/example_branch_datetime_operator.py for tasks to queue
[2025-03-23T08:27:21.475+0000] {logging_mixin.py:190} INFO - [2025-03-23T08:27:21.474+0000] {dagbag.py:588} INFO - Filling up the DagBag from /home/airflow/.local/lib/python3.12/site-packages/airflow/example_dags/example_branch_datetime_operator.py
[2025-03-23T08:27:21.497+0000] {processor.py:925} INFO - DAG(s) 'example_branch_datetime_operator', 'example_branch_datetime_operator_2', 'example_branch_datetime_operator_3' retrieved from /home/airflow/.local/lib/python3.12/site-packages/airflow/example_dags/example_branch_datetime_operator.py
[2025-03-23T08:27:21.556+0000] {logging_mixin.py:190} INFO - [2025-03-23T08:27:21.555+0000] {dag.py:3239} INFO - Sync 3 DAGs
[2025-03-23T08:27:21.631+0000] {logging_mixin.py:190} INFO - [2025-03-23T08:27:21.630+0000] {dag.py:4180} INFO - Setting next_dagrun for example_branch_datetime_operator to 2025-03-22 00:00:00+00:00, run_after=2025-03-23 00:00:00+00:00
[2025-03-23T08:27:21.648+0000] {logging_mixin.py:190} INFO - [2025-03-23T08:27:21.647+0000] {dag.py:4180} INFO - Setting next_dagrun for example_branch_datetime_operator_2 to 2025-03-22 00:00:00+00:00, run_after=2025-03-23 00:00:00+00:00
[2025-03-23T08:27:21.659+0000] {logging_mixin.py:190} INFO - [2025-03-23T08:27:21.658+0000] {dag.py:4180} INFO - Setting next_dagrun for example_branch_datetime_operator_3 to 2025-03-22 00:00:00+00:00, run_after=2025-03-23 00:00:00+00:00
[2025-03-23T08:27:21.892+0000] {processor.py:208} INFO - Processing /home/airflow/.local/lib/python3.12/site-packages/airflow/example_dags/example_branch_datetime_operator.py took 0.436 seconds
[2025-03-23T08:27:52.277+0000] {processor.py:186} INFO - Started process (PID=245) to work on /home/airflow/.local/lib/python3.12/site-packages/airflow/example_dags/example_branch_datetime_operator.py
[2025-03-23T08:27:52.278+0000] {processor.py:914} INFO - Processing file /home/airflow/.local/lib/python3.12/site-packages/airflow/example_dags/example_branch_datetime_operator.py for tasks to queue
[2025-03-23T08:27:52.282+0000] {logging_mixin.py:190} INFO - [2025-03-23T08:27:52.281+0000] {dagbag.py:588} INFO - Filling up the DagBag from /home/airflow/.local/lib/python3.12/site-packages/airflow/example_dags/example_branch_datetime_operator.py
[2025-03-23T08:27:52.298+0000] {processor.py:925} INFO - DAG(s) 'example_branch_datetime_operator_3', 'example_branch_datetime_operator_2', 'example_branch_datetime_operator' retrieved from /home/airflow/.local/lib/python3.12/site-packages/airflow/example_dags/example_branch_datetime_operator.py
[2025-03-23T08:27:52.343+0000] {logging_mixin.py:190} INFO - [2025-03-23T08:27:52.343+0000] {dag.py:3239} INFO - Sync 3 DAGs
[2025-03-23T08:27:52.381+0000] {logging_mixin.py:190} INFO - [2025-03-23T08:27:52.380+0000] {dag.py:4180} INFO - Setting next_dagrun for example_branch_datetime_operator to 2025-03-22 00:00:00+00:00, run_after=2025-03-23 00:00:00+00:00
[2025-03-23T08:27:52.387+0000] {logging_mixin.py:190} INFO - [2025-03-23T08:27:52.387+0000] {dag.py:4180} INFO - Setting next_dagrun for example_branch_datetime_operator_2 to 2025-03-22 00:00:00+00:00, run_after=2025-03-23 00:00:00+00:00
[2025-03-23T08:27:52.393+0000] {logging_mixin.py:190} INFO - [2025-03-23T08:27:52.393+0000] {dag.py:4180} INFO - Setting next_dagrun for example_branch_datetime_operator_3 to 2025-03-22 00:00:00+00:00, run_after=2025-03-23 00:00:00+00:00
[2025-03-23T08:27:52.570+0000] {processor.py:208} INFO - Processing /home/airflow/.local/lib/python3.12/site-packages/airflow/example_dags/example_branch_datetime_operator.py took 0.312 seconds
[2025-03-23T08:28:22.782+0000] {processor.py:186} INFO - Started process (PID=308) to work on /home/airflow/.local/lib/python3.12/site-packages/airflow/example_dags/example_branch_datetime_operator.py
[2025-03-23T08:28:22.784+0000] {processor.py:914} INFO - Processing file /home/airflow/.local/lib/python3.12/site-packages/airflow/example_dags/example_branch_datetime_operator.py for tasks to queue
[2025-03-23T08:28:22.788+0000] {logging_mixin.py:190} INFO - [2025-03-23T08:28:22.787+0000] {dagbag.py:588} INFO - Filling up the DagBag from /home/airflow/.local/lib/python3.12/site-packages/airflow/example_dags/example_branch_datetime_operator.py
[2025-03-23T08:28:22.806+0000] {processor.py:925} INFO - DAG(s) 'example_branch_datetime_operator', 'example_branch_datetime_operator_2', 'example_branch_datetime_operator_3' retrieved from /home/airflow/.local/lib/python3.12/site-packages/airflow/example_dags/example_branch_datetime_operator.py
[2025-03-23T08:28:22.849+0000] {logging_mixin.py:190} INFO - [2025-03-23T08:28:22.849+0000] {dag.py:3239} INFO - Sync 3 DAGs
[2025-03-23T08:28:22.886+0000] {logging_mixin.py:190} INFO - [2025-03-23T08:28:22.885+0000] {dag.py:4180} INFO - Setting next_dagrun for example_branch_datetime_operator to 2025-03-22 00:00:00+00:00, run_after=2025-03-23 00:00:00+00:00
[2025-03-23T08:28:22.893+0000] {logging_mixin.py:190} INFO - [2025-03-23T08:28:22.893+0000] {dag.py:4180} INFO - Setting next_dagrun for example_branch_datetime_operator_2 to 2025-03-22 00:00:00+00:00, run_after=2025-03-23 00:00:00+00:00
[2025-03-23T08:28:22.897+0000] {logging_mixin.py:190} INFO - [2025-03-23T08:28:22.897+0000] {dag.py:4180} INFO - Setting next_dagrun for example_branch_datetime_operator_3 to 2025-03-22 00:00:00+00:00, run_after=2025-03-23 00:00:00+00:00
[2025-03-23T08:28:22.955+0000] {processor.py:208} INFO - Processing /home/airflow/.local/lib/python3.12/site-packages/airflow/example_dags/example_branch_datetime_operator.py took 0.184 seconds
[2025-03-23T08:28:53.281+0000] {processor.py:186} INFO - Started process (PID=372) to work on /home/airflow/.local/lib/python3.12/site-packages/airflow/example_dags/example_branch_datetime_operator.py
[2025-03-23T08:28:53.283+0000] {processor.py:914} INFO - Processing file /home/airflow/.local/lib/python3.12/site-packages/airflow/example_dags/example_branch_datetime_operator.py for tasks to queue
[2025-03-23T08:28:53.287+0000] {logging_mixin.py:190} INFO - [2025-03-23T08:28:53.286+0000] {dagbag.py:588} INFO - Filling up the DagBag from /home/airflow/.local/lib/python3.12/site-packages/airflow/example_dags/example_branch_datetime_operator.py
[2025-03-23T08:28:53.309+0000] {processor.py:925} INFO - DAG(s) 'example_branch_datetime_operator_3', 'example_branch_datetime_operator_2', 'example_branch_datetime_operator' retrieved from /home/airflow/.local/lib/python3.12/site-packages/airflow/example_dags/example_branch_datetime_operator.py
[2025-03-23T08:28:53.363+0000] {logging_mixin.py:190} INFO - [2025-03-23T08:28:53.362+0000] {dag.py:3239} INFO - Sync 3 DAGs
[2025-03-23T08:28:53.418+0000] {logging_mixin.py:190} INFO - [2025-03-23T08:28:53.418+0000] {dag.py:4180} INFO - Setting next_dagrun for example_branch_datetime_operator to 2025-03-22 00:00:00+00:00, run_after=2025-03-23 00:00:00+00:00
[2025-03-23T08:28:53.425+0000] {logging_mixin.py:190} INFO - [2025-03-23T08:28:53.425+0000] {dag.py:4180} INFO - Setting next_dagrun for example_branch_datetime_operator_2 to 2025-03-22 00:00:00+00:00, run_after=2025-03-23 00:00:00+00:00
[2025-03-23T08:28:53.429+0000] {logging_mixin.py:190} INFO - [2025-03-23T08:28:53.429+0000] {dag.py:4180} INFO - Setting next_dagrun for example_branch_datetime_operator_3 to 2025-03-22 00:00:00+00:00, run_after=2025-03-23 00:00:00+00:00
[2025-03-23T08:28:53.487+0000] {processor.py:208} INFO - Processing /home/airflow/.local/lib/python3.12/site-packages/airflow/example_dags/example_branch_datetime_operator.py took 0.218 seconds
[2025-03-23T08:29:24.651+0000] {processor.py:186} INFO - Started process (PID=436) to work on /home/airflow/.local/lib/python3.12/site-packages/airflow/example_dags/example_branch_datetime_operator.py
[2025-03-23T08:29:24.653+0000] {processor.py:914} INFO - Processing file /home/airflow/.local/lib/python3.12/site-packages/airflow/example_dags/example_branch_datetime_operator.py for tasks to queue
[2025-03-23T08:29:24.658+0000] {logging_mixin.py:190} INFO - [2025-03-23T08:29:24.657+0000] {dagbag.py:588} INFO - Filling up the DagBag from /home/airflow/.local/lib/python3.12/site-packages/airflow/example_dags/example_branch_datetime_operator.py
[2025-03-23T08:29:24.688+0000] {processor.py:925} INFO - DAG(s) 'example_branch_datetime_operator', 'example_branch_datetime_operator_2', 'example_branch_datetime_operator_3' retrieved from /home/airflow/.local/lib/python3.12/site-packages/airflow/example_dags/example_branch_datetime_operator.py
[2025-03-23T08:29:24.763+0000] {logging_mixin.py:190} INFO - [2025-03-23T08:29:24.763+0000] {dag.py:3239} INFO - Sync 3 DAGs
[2025-03-23T08:29:24.877+0000] {logging_mixin.py:190} INFO - [2025-03-23T08:29:24.876+0000] {dag.py:4180} INFO - Setting next_dagrun for example_branch_datetime_operator to 2025-03-22 00:00:00+00:00, run_after=2025-03-23 00:00:00+00:00
[2025-03-23T08:29:24.910+0000] {logging_mixin.py:190} INFO - [2025-03-23T08:29:24.909+0000] {dag.py:4180} INFO - Setting next_dagrun for example_branch_datetime_operator_2 to 2025-03-22 00:00:00+00:00, run_after=2025-03-23 00:00:00+00:00
[2025-03-23T08:29:24.922+0000] {logging_mixin.py:190} INFO - [2025-03-23T08:29:24.920+0000] {dag.py:4180} INFO - Setting next_dagrun for example_branch_datetime_operator_3 to 2025-03-22 00:00:00+00:00, run_after=2025-03-23 00:00:00+00:00
[2025-03-23T08:29:25.039+0000] {processor.py:208} INFO - Processing /home/airflow/.local/lib/python3.12/site-packages/airflow/example_dags/example_branch_datetime_operator.py took 0.403 seconds
[2025-03-23T08:29:55.293+0000] {processor.py:186} INFO - Started process (PID=499) to work on /home/airflow/.local/lib/python3.12/site-packages/airflow/example_dags/example_branch_datetime_operator.py
[2025-03-23T08:29:55.295+0000] {processor.py:914} INFO - Processing file /home/airflow/.local/lib/python3.12/site-packages/airflow/example_dags/example_branch_datetime_operator.py for tasks to queue
[2025-03-23T08:29:55.298+0000] {logging_mixin.py:190} INFO - [2025-03-23T08:29:55.298+0000] {dagbag.py:588} INFO - Filling up the DagBag from /home/airflow/.local/lib/python3.12/site-packages/airflow/example_dags/example_branch_datetime_operator.py
[2025-03-23T08:29:55.319+0000] {processor.py:925} INFO - DAG(s) 'example_branch_datetime_operator_3', 'example_branch_datetime_operator_2', 'example_branch_datetime_operator' retrieved from /home/airflow/.local/lib/python3.12/site-packages/airflow/example_dags/example_branch_datetime_operator.py
[2025-03-23T08:29:55.366+0000] {logging_mixin.py:190} INFO - [2025-03-23T08:29:55.365+0000] {dag.py:3239} INFO - Sync 3 DAGs
[2025-03-23T08:29:55.431+0000] {logging_mixin.py:190} INFO - [2025-03-23T08:29:55.431+0000] {dag.py:4180} INFO - Setting next_dagrun for example_branch_datetime_operator to 2025-03-22 00:00:00+00:00, run_after=2025-03-23 00:00:00+00:00
[2025-03-23T08:29:55.439+0000] {logging_mixin.py:190} INFO - [2025-03-23T08:29:55.438+0000] {dag.py:4180} INFO - Setting next_dagrun for example_branch_datetime_operator_2 to 2025-03-22 00:00:00+00:00, run_after=2025-03-23 00:00:00+00:00
[2025-03-23T08:29:55.442+0000] {logging_mixin.py:190} INFO - [2025-03-23T08:29:55.442+0000] {dag.py:4180} INFO - Setting next_dagrun for example_branch_datetime_operator_3 to 2025-03-22 00:00:00+00:00, run_after=2025-03-23 00:00:00+00:00
[2025-03-23T08:29:55.500+0000] {processor.py:208} INFO - Processing /home/airflow/.local/lib/python3.12/site-packages/airflow/example_dags/example_branch_datetime_operator.py took 0.216 seconds
