[2025-03-23T08:07:30.132+0000] {processor.py:186} INFO - Started process (PID=149) to work on /home/airflow/.local/lib/python3.12/site-packages/airflow/example_dags/example_branch_python_dop_operator_3.py
[2025-03-23T08:07:30.136+0000] {processor.py:914} INFO - Processing file /home/airflow/.local/lib/python3.12/site-packages/airflow/example_dags/example_branch_python_dop_operator_3.py for tasks to queue
[2025-03-23T08:07:30.141+0000] {logging_mixin.py:190} INFO - [2025-03-23T08:07:30.141+0000] {dagbag.py:588} INFO - Filling up the DagBag from /home/airflow/.local/lib/python3.12/site-packages/airflow/example_dags/example_branch_python_dop_operator_3.py
[2025-03-23T08:07:30.177+0000] {processor.py:925} INFO - DAG(s) 'example_branch_dop_operator_v3' retrieved from /home/airflow/.local/lib/python3.12/site-packages/airflow/example_dags/example_branch_python_dop_operator_3.py
[2025-03-23T08:07:30.557+0000] {logging_mixin.py:190} INFO - [2025-03-23T08:07:30.556+0000] {override.py:1911} INFO - Created Permission View: can edit on DAG:example_branch_dop_operator_v3
[2025-03-23T08:07:30.623+0000] {logging_mixin.py:190} INFO - [2025-03-23T08:07:30.623+0000] {override.py:1911} INFO - Created Permission View: can delete on DAG:example_branch_dop_operator_v3
[2025-03-23T08:07:30.690+0000] {logging_mixin.py:190} INFO - [2025-03-23T08:07:30.689+0000] {override.py:1911} INFO - Created Permission View: can read on DAG:example_branch_dop_operator_v3
[2025-03-23T08:07:30.801+0000] {logging_mixin.py:190} INFO - [2025-03-23T08:07:30.800+0000] {override.py:1911} INFO - Created Permission View: menu access on DAG Run:example_branch_dop_operator_v3
[2025-03-23T08:07:30.912+0000] {logging_mixin.py:190} INFO - [2025-03-23T08:07:30.912+0000] {override.py:1911} INFO - Created Permission View: can create on DAG Run:example_branch_dop_operator_v3
[2025-03-23T08:07:31.012+0000] {logging_mixin.py:190} INFO - [2025-03-23T08:07:31.011+0000] {override.py:1911} INFO - Created Permission View: can read on DAG Run:example_branch_dop_operator_v3
[2025-03-23T08:07:31.080+0000] {logging_mixin.py:190} INFO - [2025-03-23T08:07:31.079+0000] {override.py:1911} INFO - Created Permission View: can delete on DAG Run:example_branch_dop_operator_v3
[2025-03-23T08:07:31.081+0000] {logging_mixin.py:190} INFO - [2025-03-23T08:07:31.081+0000] {dag.py:3239} INFO - Sync 1 DAGs
[2025-03-23T08:07:31.116+0000] {logging_mixin.py:190} INFO - [2025-03-23T08:07:31.115+0000] {dag.py:3262} INFO - Creating ORM DAG for example_branch_dop_operator_v3
[2025-03-23T08:07:31.160+0000] {logging_mixin.py:190} INFO - [2025-03-23T08:07:31.159+0000] {dag.py:4180} INFO - Setting next_dagrun for example_branch_dop_operator_v3 to 2025-03-23 08:06:00+00:00, run_after=2025-03-23 08:07:00+00:00
[2025-03-23T08:07:31.238+0000] {processor.py:208} INFO - Processing /home/airflow/.local/lib/python3.12/site-packages/airflow/example_dags/example_branch_python_dop_operator_3.py took 1.115 seconds
[2025-03-23T08:08:01.453+0000] {processor.py:186} INFO - Started process (PID=214) to work on /home/airflow/.local/lib/python3.12/site-packages/airflow/example_dags/example_branch_python_dop_operator_3.py
[2025-03-23T08:08:01.455+0000] {processor.py:914} INFO - Processing file /home/airflow/.local/lib/python3.12/site-packages/airflow/example_dags/example_branch_python_dop_operator_3.py for tasks to queue
[2025-03-23T08:08:01.458+0000] {logging_mixin.py:190} INFO - [2025-03-23T08:08:01.458+0000] {dagbag.py:588} INFO - Filling up the DagBag from /home/airflow/.local/lib/python3.12/site-packages/airflow/example_dags/example_branch_python_dop_operator_3.py
[2025-03-23T08:08:01.470+0000] {processor.py:925} INFO - DAG(s) 'example_branch_dop_operator_v3' retrieved from /home/airflow/.local/lib/python3.12/site-packages/airflow/example_dags/example_branch_python_dop_operator_3.py
[2025-03-23T08:08:01.496+0000] {logging_mixin.py:190} INFO - [2025-03-23T08:08:01.495+0000] {dag.py:3239} INFO - Sync 1 DAGs
[2025-03-23T08:08:01.529+0000] {logging_mixin.py:190} INFO - [2025-03-23T08:08:01.528+0000] {dag.py:4180} INFO - Setting next_dagrun for example_branch_dop_operator_v3 to 2025-03-23 08:07:00+00:00, run_after=2025-03-23 08:08:00+00:00
[2025-03-23T08:08:01.778+0000] {processor.py:208} INFO - Processing /home/airflow/.local/lib/python3.12/site-packages/airflow/example_dags/example_branch_python_dop_operator_3.py took 0.332 seconds
[2025-03-23T08:08:32.365+0000] {processor.py:186} INFO - Started process (PID=278) to work on /home/airflow/.local/lib/python3.12/site-packages/airflow/example_dags/example_branch_python_dop_operator_3.py
[2025-03-23T08:08:32.367+0000] {processor.py:914} INFO - Processing file /home/airflow/.local/lib/python3.12/site-packages/airflow/example_dags/example_branch_python_dop_operator_3.py for tasks to queue
[2025-03-23T08:08:32.373+0000] {logging_mixin.py:190} INFO - [2025-03-23T08:08:32.373+0000] {dagbag.py:588} INFO - Filling up the DagBag from /home/airflow/.local/lib/python3.12/site-packages/airflow/example_dags/example_branch_python_dop_operator_3.py
[2025-03-23T08:08:32.389+0000] {processor.py:925} INFO - DAG(s) 'example_branch_dop_operator_v3' retrieved from /home/airflow/.local/lib/python3.12/site-packages/airflow/example_dags/example_branch_python_dop_operator_3.py
[2025-03-23T08:08:32.412+0000] {logging_mixin.py:190} INFO - [2025-03-23T08:08:32.412+0000] {dag.py:3239} INFO - Sync 1 DAGs
[2025-03-23T08:08:32.452+0000] {logging_mixin.py:190} INFO - [2025-03-23T08:08:32.452+0000] {dag.py:4180} INFO - Setting next_dagrun for example_branch_dop_operator_v3 to 2025-03-23 08:07:00+00:00, run_after=2025-03-23 08:08:00+00:00
[2025-03-23T08:08:32.507+0000] {processor.py:208} INFO - Processing /home/airflow/.local/lib/python3.12/site-packages/airflow/example_dags/example_branch_python_dop_operator_3.py took 0.152 seconds
[2025-03-23T08:09:02.839+0000] {processor.py:186} INFO - Started process (PID=341) to work on /home/airflow/.local/lib/python3.12/site-packages/airflow/example_dags/example_branch_python_dop_operator_3.py
[2025-03-23T08:09:02.842+0000] {processor.py:914} INFO - Processing file /home/airflow/.local/lib/python3.12/site-packages/airflow/example_dags/example_branch_python_dop_operator_3.py for tasks to queue
[2025-03-23T08:09:02.847+0000] {logging_mixin.py:190} INFO - [2025-03-23T08:09:02.846+0000] {dagbag.py:588} INFO - Filling up the DagBag from /home/airflow/.local/lib/python3.12/site-packages/airflow/example_dags/example_branch_python_dop_operator_3.py
[2025-03-23T08:09:02.861+0000] {processor.py:925} INFO - DAG(s) 'example_branch_dop_operator_v3' retrieved from /home/airflow/.local/lib/python3.12/site-packages/airflow/example_dags/example_branch_python_dop_operator_3.py
[2025-03-23T08:09:02.891+0000] {logging_mixin.py:190} INFO - [2025-03-23T08:09:02.890+0000] {dag.py:3239} INFO - Sync 1 DAGs
[2025-03-23T08:09:02.944+0000] {logging_mixin.py:190} INFO - [2025-03-23T08:09:02.944+0000] {dag.py:4180} INFO - Setting next_dagrun for example_branch_dop_operator_v3 to 2025-03-23 08:08:00+00:00, run_after=2025-03-23 08:09:00+00:00
[2025-03-23T08:09:03.142+0000] {processor.py:208} INFO - Processing /home/airflow/.local/lib/python3.12/site-packages/airflow/example_dags/example_branch_python_dop_operator_3.py took 0.315 seconds
[2025-03-23T08:09:33.980+0000] {processor.py:186} INFO - Started process (PID=404) to work on /home/airflow/.local/lib/python3.12/site-packages/airflow/example_dags/example_branch_python_dop_operator_3.py
[2025-03-23T08:09:33.982+0000] {processor.py:914} INFO - Processing file /home/airflow/.local/lib/python3.12/site-packages/airflow/example_dags/example_branch_python_dop_operator_3.py for tasks to queue
[2025-03-23T08:09:33.986+0000] {logging_mixin.py:190} INFO - [2025-03-23T08:09:33.986+0000] {dagbag.py:588} INFO - Filling up the DagBag from /home/airflow/.local/lib/python3.12/site-packages/airflow/example_dags/example_branch_python_dop_operator_3.py
[2025-03-23T08:09:34.001+0000] {processor.py:925} INFO - DAG(s) 'example_branch_dop_operator_v3' retrieved from /home/airflow/.local/lib/python3.12/site-packages/airflow/example_dags/example_branch_python_dop_operator_3.py
[2025-03-23T08:09:34.027+0000] {logging_mixin.py:190} INFO - [2025-03-23T08:09:34.027+0000] {dag.py:3239} INFO - Sync 1 DAGs
[2025-03-23T08:09:34.059+0000] {logging_mixin.py:190} INFO - [2025-03-23T08:09:34.059+0000] {dag.py:4180} INFO - Setting next_dagrun for example_branch_dop_operator_v3 to 2025-03-23 08:08:00+00:00, run_after=2025-03-23 08:09:00+00:00
[2025-03-23T08:09:34.585+0000] {processor.py:208} INFO - Processing /home/airflow/.local/lib/python3.12/site-packages/airflow/example_dags/example_branch_python_dop_operator_3.py took 0.620 seconds
[2025-03-23T08:10:05.298+0000] {processor.py:186} INFO - Started process (PID=468) to work on /home/airflow/.local/lib/python3.12/site-packages/airflow/example_dags/example_branch_python_dop_operator_3.py
[2025-03-23T08:10:05.299+0000] {processor.py:914} INFO - Processing file /home/airflow/.local/lib/python3.12/site-packages/airflow/example_dags/example_branch_python_dop_operator_3.py for tasks to queue
[2025-03-23T08:10:05.305+0000] {logging_mixin.py:190} INFO - [2025-03-23T08:10:05.304+0000] {dagbag.py:588} INFO - Filling up the DagBag from /home/airflow/.local/lib/python3.12/site-packages/airflow/example_dags/example_branch_python_dop_operator_3.py
[2025-03-23T08:10:05.338+0000] {processor.py:925} INFO - DAG(s) 'example_branch_dop_operator_v3' retrieved from /home/airflow/.local/lib/python3.12/site-packages/airflow/example_dags/example_branch_python_dop_operator_3.py
[2025-03-23T08:10:05.391+0000] {logging_mixin.py:190} INFO - [2025-03-23T08:10:05.391+0000] {dag.py:3239} INFO - Sync 1 DAGs
[2025-03-23T08:10:05.457+0000] {logging_mixin.py:190} INFO - [2025-03-23T08:10:05.453+0000] {dag.py:4180} INFO - Setting next_dagrun for example_branch_dop_operator_v3 to 2025-03-23 08:09:00+00:00, run_after=2025-03-23 08:10:00+00:00
[2025-03-23T08:10:05.518+0000] {processor.py:208} INFO - Processing /home/airflow/.local/lib/python3.12/site-packages/airflow/example_dags/example_branch_python_dop_operator_3.py took 0.239 seconds
[2025-03-23T08:10:35.619+0000] {processor.py:186} INFO - Started process (PID=532) to work on /home/airflow/.local/lib/python3.12/site-packages/airflow/example_dags/example_branch_python_dop_operator_3.py
[2025-03-23T08:10:35.621+0000] {processor.py:914} INFO - Processing file /home/airflow/.local/lib/python3.12/site-packages/airflow/example_dags/example_branch_python_dop_operator_3.py for tasks to queue
[2025-03-23T08:10:35.624+0000] {logging_mixin.py:190} INFO - [2025-03-23T08:10:35.624+0000] {dagbag.py:588} INFO - Filling up the DagBag from /home/airflow/.local/lib/python3.12/site-packages/airflow/example_dags/example_branch_python_dop_operator_3.py
[2025-03-23T08:10:35.637+0000] {processor.py:925} INFO - DAG(s) 'example_branch_dop_operator_v3' retrieved from /home/airflow/.local/lib/python3.12/site-packages/airflow/example_dags/example_branch_python_dop_operator_3.py
[2025-03-23T08:10:35.665+0000] {logging_mixin.py:190} INFO - [2025-03-23T08:10:35.664+0000] {dag.py:3239} INFO - Sync 1 DAGs
[2025-03-23T08:10:35.699+0000] {logging_mixin.py:190} INFO - [2025-03-23T08:10:35.699+0000] {dag.py:4180} INFO - Setting next_dagrun for example_branch_dop_operator_v3 to 2025-03-23 08:09:00+00:00, run_after=2025-03-23 08:10:00+00:00
[2025-03-23T08:10:35.851+0000] {processor.py:208} INFO - Processing /home/airflow/.local/lib/python3.12/site-packages/airflow/example_dags/example_branch_python_dop_operator_3.py took 0.239 seconds
[2025-03-23T08:11:05.961+0000] {processor.py:186} INFO - Started process (PID=596) to work on /home/airflow/.local/lib/python3.12/site-packages/airflow/example_dags/example_branch_python_dop_operator_3.py
[2025-03-23T08:11:05.962+0000] {processor.py:914} INFO - Processing file /home/airflow/.local/lib/python3.12/site-packages/airflow/example_dags/example_branch_python_dop_operator_3.py for tasks to queue
[2025-03-23T08:11:05.967+0000] {logging_mixin.py:190} INFO - [2025-03-23T08:11:05.966+0000] {dagbag.py:588} INFO - Filling up the DagBag from /home/airflow/.local/lib/python3.12/site-packages/airflow/example_dags/example_branch_python_dop_operator_3.py
[2025-03-23T08:11:05.985+0000] {processor.py:925} INFO - DAG(s) 'example_branch_dop_operator_v3' retrieved from /home/airflow/.local/lib/python3.12/site-packages/airflow/example_dags/example_branch_python_dop_operator_3.py
[2025-03-23T08:11:06.016+0000] {logging_mixin.py:190} INFO - [2025-03-23T08:11:06.016+0000] {dag.py:3239} INFO - Sync 1 DAGs
[2025-03-23T08:11:06.062+0000] {logging_mixin.py:190} INFO - [2025-03-23T08:11:06.062+0000] {dag.py:4180} INFO - Setting next_dagrun for example_branch_dop_operator_v3 to 2025-03-23 08:10:00+00:00, run_after=2025-03-23 08:11:00+00:00
[2025-03-23T08:11:06.151+0000] {processor.py:208} INFO - Processing /home/airflow/.local/lib/python3.12/site-packages/airflow/example_dags/example_branch_python_dop_operator_3.py took 0.202 seconds
[2025-03-23T08:11:36.747+0000] {processor.py:186} INFO - Started process (PID=660) to work on /home/airflow/.local/lib/python3.12/site-packages/airflow/example_dags/example_branch_python_dop_operator_3.py
[2025-03-23T08:11:36.748+0000] {processor.py:914} INFO - Processing file /home/airflow/.local/lib/python3.12/site-packages/airflow/example_dags/example_branch_python_dop_operator_3.py for tasks to queue
[2025-03-23T08:11:36.752+0000] {logging_mixin.py:190} INFO - [2025-03-23T08:11:36.751+0000] {dagbag.py:588} INFO - Filling up the DagBag from /home/airflow/.local/lib/python3.12/site-packages/airflow/example_dags/example_branch_python_dop_operator_3.py
[2025-03-23T08:11:36.765+0000] {processor.py:925} INFO - DAG(s) 'example_branch_dop_operator_v3' retrieved from /home/airflow/.local/lib/python3.12/site-packages/airflow/example_dags/example_branch_python_dop_operator_3.py
[2025-03-23T08:11:36.787+0000] {logging_mixin.py:190} INFO - [2025-03-23T08:11:36.787+0000] {dag.py:3239} INFO - Sync 1 DAGs
[2025-03-23T08:11:36.819+0000] {logging_mixin.py:190} INFO - [2025-03-23T08:11:36.818+0000] {dag.py:4180} INFO - Setting next_dagrun for example_branch_dop_operator_v3 to 2025-03-23 08:10:00+00:00, run_after=2025-03-23 08:11:00+00:00
[2025-03-23T08:11:36.913+0000] {processor.py:208} INFO - Processing /home/airflow/.local/lib/python3.12/site-packages/airflow/example_dags/example_branch_python_dop_operator_3.py took 0.176 seconds
[2025-03-23T08:12:07.075+0000] {processor.py:186} INFO - Started process (PID=724) to work on /home/airflow/.local/lib/python3.12/site-packages/airflow/example_dags/example_branch_python_dop_operator_3.py
[2025-03-23T08:12:07.076+0000] {processor.py:914} INFO - Processing file /home/airflow/.local/lib/python3.12/site-packages/airflow/example_dags/example_branch_python_dop_operator_3.py for tasks to queue
[2025-03-23T08:12:07.081+0000] {logging_mixin.py:190} INFO - [2025-03-23T08:12:07.080+0000] {dagbag.py:588} INFO - Filling up the DagBag from /home/airflow/.local/lib/python3.12/site-packages/airflow/example_dags/example_branch_python_dop_operator_3.py
[2025-03-23T08:12:07.094+0000] {processor.py:925} INFO - DAG(s) 'example_branch_dop_operator_v3' retrieved from /home/airflow/.local/lib/python3.12/site-packages/airflow/example_dags/example_branch_python_dop_operator_3.py
[2025-03-23T08:12:07.121+0000] {logging_mixin.py:190} INFO - [2025-03-23T08:12:07.121+0000] {dag.py:3239} INFO - Sync 1 DAGs
[2025-03-23T08:12:07.160+0000] {logging_mixin.py:190} INFO - [2025-03-23T08:12:07.160+0000] {dag.py:4180} INFO - Setting next_dagrun for example_branch_dop_operator_v3 to 2025-03-23 08:11:00+00:00, run_after=2025-03-23 08:12:00+00:00
[2025-03-23T08:12:07.221+0000] {processor.py:208} INFO - Processing /home/airflow/.local/lib/python3.12/site-packages/airflow/example_dags/example_branch_python_dop_operator_3.py took 0.158 seconds
[2025-03-23T08:12:37.901+0000] {processor.py:186} INFO - Started process (PID=788) to work on /home/airflow/.local/lib/python3.12/site-packages/airflow/example_dags/example_branch_python_dop_operator_3.py
[2025-03-23T08:12:37.905+0000] {processor.py:914} INFO - Processing file /home/airflow/.local/lib/python3.12/site-packages/airflow/example_dags/example_branch_python_dop_operator_3.py for tasks to queue
[2025-03-23T08:12:37.912+0000] {logging_mixin.py:190} INFO - [2025-03-23T08:12:37.911+0000] {dagbag.py:588} INFO - Filling up the DagBag from /home/airflow/.local/lib/python3.12/site-packages/airflow/example_dags/example_branch_python_dop_operator_3.py
[2025-03-23T08:12:37.935+0000] {processor.py:925} INFO - DAG(s) 'example_branch_dop_operator_v3' retrieved from /home/airflow/.local/lib/python3.12/site-packages/airflow/example_dags/example_branch_python_dop_operator_3.py
[2025-03-23T08:12:37.973+0000] {logging_mixin.py:190} INFO - [2025-03-23T08:12:37.973+0000] {dag.py:3239} INFO - Sync 1 DAGs
[2025-03-23T08:12:38.032+0000] {logging_mixin.py:190} INFO - [2025-03-23T08:12:38.031+0000] {dag.py:4180} INFO - Setting next_dagrun for example_branch_dop_operator_v3 to 2025-03-23 08:11:00+00:00, run_after=2025-03-23 08:12:00+00:00
[2025-03-23T08:12:38.180+0000] {processor.py:208} INFO - Processing /home/airflow/.local/lib/python3.12/site-packages/airflow/example_dags/example_branch_python_dop_operator_3.py took 0.296 seconds
[2025-03-23T08:13:09.174+0000] {processor.py:186} INFO - Started process (PID=852) to work on /home/airflow/.local/lib/python3.12/site-packages/airflow/example_dags/example_branch_python_dop_operator_3.py
[2025-03-23T08:13:09.175+0000] {processor.py:914} INFO - Processing file /home/airflow/.local/lib/python3.12/site-packages/airflow/example_dags/example_branch_python_dop_operator_3.py for tasks to queue
[2025-03-23T08:13:09.179+0000] {logging_mixin.py:190} INFO - [2025-03-23T08:13:09.178+0000] {dagbag.py:588} INFO - Filling up the DagBag from /home/airflow/.local/lib/python3.12/site-packages/airflow/example_dags/example_branch_python_dop_operator_3.py
[2025-03-23T08:13:09.197+0000] {processor.py:925} INFO - DAG(s) 'example_branch_dop_operator_v3' retrieved from /home/airflow/.local/lib/python3.12/site-packages/airflow/example_dags/example_branch_python_dop_operator_3.py
[2025-03-23T08:13:09.229+0000] {logging_mixin.py:190} INFO - [2025-03-23T08:13:09.229+0000] {dag.py:3239} INFO - Sync 1 DAGs
[2025-03-23T08:13:09.280+0000] {logging_mixin.py:190} INFO - [2025-03-23T08:13:09.279+0000] {dag.py:4180} INFO - Setting next_dagrun for example_branch_dop_operator_v3 to 2025-03-23 08:12:00+00:00, run_after=2025-03-23 08:13:00+00:00
[2025-03-23T08:13:09.357+0000] {processor.py:208} INFO - Processing /home/airflow/.local/lib/python3.12/site-packages/airflow/example_dags/example_branch_python_dop_operator_3.py took 0.191 seconds
[2025-03-23T08:13:40.099+0000] {processor.py:186} INFO - Started process (PID=915) to work on /home/airflow/.local/lib/python3.12/site-packages/airflow/example_dags/example_branch_python_dop_operator_3.py
[2025-03-23T08:13:40.100+0000] {processor.py:914} INFO - Processing file /home/airflow/.local/lib/python3.12/site-packages/airflow/example_dags/example_branch_python_dop_operator_3.py for tasks to queue
[2025-03-23T08:13:40.103+0000] {logging_mixin.py:190} INFO - [2025-03-23T08:13:40.103+0000] {dagbag.py:588} INFO - Filling up the DagBag from /home/airflow/.local/lib/python3.12/site-packages/airflow/example_dags/example_branch_python_dop_operator_3.py
[2025-03-23T08:13:40.116+0000] {processor.py:925} INFO - DAG(s) 'example_branch_dop_operator_v3' retrieved from /home/airflow/.local/lib/python3.12/site-packages/airflow/example_dags/example_branch_python_dop_operator_3.py
[2025-03-23T08:13:40.139+0000] {logging_mixin.py:190} INFO - [2025-03-23T08:13:40.138+0000] {dag.py:3239} INFO - Sync 1 DAGs
[2025-03-23T08:13:40.173+0000] {logging_mixin.py:190} INFO - [2025-03-23T08:13:40.172+0000] {dag.py:4180} INFO - Setting next_dagrun for example_branch_dop_operator_v3 to 2025-03-23 08:12:00+00:00, run_after=2025-03-23 08:13:00+00:00
[2025-03-23T08:13:40.257+0000] {processor.py:208} INFO - Processing /home/airflow/.local/lib/python3.12/site-packages/airflow/example_dags/example_branch_python_dop_operator_3.py took 0.165 seconds
[2025-03-23T08:14:10.418+0000] {processor.py:186} INFO - Started process (PID=979) to work on /home/airflow/.local/lib/python3.12/site-packages/airflow/example_dags/example_branch_python_dop_operator_3.py
[2025-03-23T08:14:10.420+0000] {processor.py:914} INFO - Processing file /home/airflow/.local/lib/python3.12/site-packages/airflow/example_dags/example_branch_python_dop_operator_3.py for tasks to queue
[2025-03-23T08:14:10.427+0000] {logging_mixin.py:190} INFO - [2025-03-23T08:14:10.426+0000] {dagbag.py:588} INFO - Filling up the DagBag from /home/airflow/.local/lib/python3.12/site-packages/airflow/example_dags/example_branch_python_dop_operator_3.py
[2025-03-23T08:14:10.446+0000] {processor.py:925} INFO - DAG(s) 'example_branch_dop_operator_v3' retrieved from /home/airflow/.local/lib/python3.12/site-packages/airflow/example_dags/example_branch_python_dop_operator_3.py
[2025-03-23T08:14:10.471+0000] {logging_mixin.py:190} INFO - [2025-03-23T08:14:10.471+0000] {dag.py:3239} INFO - Sync 1 DAGs
[2025-03-23T08:14:10.510+0000] {logging_mixin.py:190} INFO - [2025-03-23T08:14:10.510+0000] {dag.py:4180} INFO - Setting next_dagrun for example_branch_dop_operator_v3 to 2025-03-23 08:13:00+00:00, run_after=2025-03-23 08:14:00+00:00
[2025-03-23T08:14:10.570+0000] {processor.py:208} INFO - Processing /home/airflow/.local/lib/python3.12/site-packages/airflow/example_dags/example_branch_python_dop_operator_3.py took 0.161 seconds
[2025-03-23T08:14:40.762+0000] {processor.py:186} INFO - Started process (PID=1050) to work on /home/airflow/.local/lib/python3.12/site-packages/airflow/example_dags/example_branch_python_dop_operator_3.py
[2025-03-23T08:14:40.763+0000] {processor.py:914} INFO - Processing file /home/airflow/.local/lib/python3.12/site-packages/airflow/example_dags/example_branch_python_dop_operator_3.py for tasks to queue
[2025-03-23T08:14:40.767+0000] {logging_mixin.py:190} INFO - [2025-03-23T08:14:40.766+0000] {dagbag.py:588} INFO - Filling up the DagBag from /home/airflow/.local/lib/python3.12/site-packages/airflow/example_dags/example_branch_python_dop_operator_3.py
[2025-03-23T08:14:40.780+0000] {processor.py:925} INFO - DAG(s) 'example_branch_dop_operator_v3' retrieved from /home/airflow/.local/lib/python3.12/site-packages/airflow/example_dags/example_branch_python_dop_operator_3.py
[2025-03-23T08:14:40.806+0000] {logging_mixin.py:190} INFO - [2025-03-23T08:14:40.806+0000] {dag.py:3239} INFO - Sync 1 DAGs
[2025-03-23T08:14:40.840+0000] {logging_mixin.py:190} INFO - [2025-03-23T08:14:40.840+0000] {dag.py:4180} INFO - Setting next_dagrun for example_branch_dop_operator_v3 to 2025-03-23 08:13:00+00:00, run_after=2025-03-23 08:14:00+00:00
[2025-03-23T08:14:40.897+0000] {processor.py:208} INFO - Processing /home/airflow/.local/lib/python3.12/site-packages/airflow/example_dags/example_branch_python_dop_operator_3.py took 0.143 seconds
[2025-03-23T08:15:11.128+0000] {processor.py:186} INFO - Started process (PID=1131) to work on /home/airflow/.local/lib/python3.12/site-packages/airflow/example_dags/example_branch_python_dop_operator_3.py
[2025-03-23T08:15:11.129+0000] {processor.py:914} INFO - Processing file /home/airflow/.local/lib/python3.12/site-packages/airflow/example_dags/example_branch_python_dop_operator_3.py for tasks to queue
[2025-03-23T08:15:11.133+0000] {logging_mixin.py:190} INFO - [2025-03-23T08:15:11.133+0000] {dagbag.py:588} INFO - Filling up the DagBag from /home/airflow/.local/lib/python3.12/site-packages/airflow/example_dags/example_branch_python_dop_operator_3.py
[2025-03-23T08:15:11.151+0000] {processor.py:925} INFO - DAG(s) 'example_branch_dop_operator_v3' retrieved from /home/airflow/.local/lib/python3.12/site-packages/airflow/example_dags/example_branch_python_dop_operator_3.py
[2025-03-23T08:15:11.179+0000] {logging_mixin.py:190} INFO - [2025-03-23T08:15:11.179+0000] {dag.py:3239} INFO - Sync 1 DAGs
[2025-03-23T08:15:11.213+0000] {logging_mixin.py:190} INFO - [2025-03-23T08:15:11.212+0000] {dag.py:4180} INFO - Setting next_dagrun for example_branch_dop_operator_v3 to 2025-03-23 08:14:00+00:00, run_after=2025-03-23 08:15:00+00:00
[2025-03-23T08:15:11.259+0000] {processor.py:208} INFO - Processing /home/airflow/.local/lib/python3.12/site-packages/airflow/example_dags/example_branch_python_dop_operator_3.py took 0.144 seconds
[2025-03-23T08:15:41.998+0000] {processor.py:186} INFO - Started process (PID=1195) to work on /home/airflow/.local/lib/python3.12/site-packages/airflow/example_dags/example_branch_python_dop_operator_3.py
[2025-03-23T08:15:41.999+0000] {processor.py:914} INFO - Processing file /home/airflow/.local/lib/python3.12/site-packages/airflow/example_dags/example_branch_python_dop_operator_3.py for tasks to queue
[2025-03-23T08:15:42.002+0000] {logging_mixin.py:190} INFO - [2025-03-23T08:15:42.002+0000] {dagbag.py:588} INFO - Filling up the DagBag from /home/airflow/.local/lib/python3.12/site-packages/airflow/example_dags/example_branch_python_dop_operator_3.py
[2025-03-23T08:15:42.016+0000] {processor.py:925} INFO - DAG(s) 'example_branch_dop_operator_v3' retrieved from /home/airflow/.local/lib/python3.12/site-packages/airflow/example_dags/example_branch_python_dop_operator_3.py
[2025-03-23T08:15:42.039+0000] {logging_mixin.py:190} INFO - [2025-03-23T08:15:42.038+0000] {dag.py:3239} INFO - Sync 1 DAGs
[2025-03-23T08:15:42.077+0000] {logging_mixin.py:190} INFO - [2025-03-23T08:15:42.076+0000] {dag.py:4180} INFO - Setting next_dagrun for example_branch_dop_operator_v3 to 2025-03-23 08:14:00+00:00, run_after=2025-03-23 08:15:00+00:00
[2025-03-23T08:15:42.163+0000] {processor.py:208} INFO - Processing /home/airflow/.local/lib/python3.12/site-packages/airflow/example_dags/example_branch_python_dop_operator_3.py took 0.176 seconds
[2025-03-23T08:16:12.582+0000] {processor.py:186} INFO - Started process (PID=1259) to work on /home/airflow/.local/lib/python3.12/site-packages/airflow/example_dags/example_branch_python_dop_operator_3.py
[2025-03-23T08:16:12.583+0000] {processor.py:914} INFO - Processing file /home/airflow/.local/lib/python3.12/site-packages/airflow/example_dags/example_branch_python_dop_operator_3.py for tasks to queue
[2025-03-23T08:16:12.586+0000] {logging_mixin.py:190} INFO - [2025-03-23T08:16:12.586+0000] {dagbag.py:588} INFO - Filling up the DagBag from /home/airflow/.local/lib/python3.12/site-packages/airflow/example_dags/example_branch_python_dop_operator_3.py
[2025-03-23T08:16:12.599+0000] {processor.py:925} INFO - DAG(s) 'example_branch_dop_operator_v3' retrieved from /home/airflow/.local/lib/python3.12/site-packages/airflow/example_dags/example_branch_python_dop_operator_3.py
[2025-03-23T08:16:12.623+0000] {logging_mixin.py:190} INFO - [2025-03-23T08:16:12.622+0000] {dag.py:3239} INFO - Sync 1 DAGs
[2025-03-23T08:16:12.654+0000] {logging_mixin.py:190} INFO - [2025-03-23T08:16:12.654+0000] {dag.py:4180} INFO - Setting next_dagrun for example_branch_dop_operator_v3 to 2025-03-23 08:15:00+00:00, run_after=2025-03-23 08:16:00+00:00
[2025-03-23T08:16:12.729+0000] {processor.py:208} INFO - Processing /home/airflow/.local/lib/python3.12/site-packages/airflow/example_dags/example_branch_python_dop_operator_3.py took 0.159 seconds
[2025-03-23T08:16:43.689+0000] {processor.py:186} INFO - Started process (PID=1322) to work on /home/airflow/.local/lib/python3.12/site-packages/airflow/example_dags/example_branch_python_dop_operator_3.py
[2025-03-23T08:16:43.690+0000] {processor.py:914} INFO - Processing file /home/airflow/.local/lib/python3.12/site-packages/airflow/example_dags/example_branch_python_dop_operator_3.py for tasks to queue
[2025-03-23T08:16:43.694+0000] {logging_mixin.py:190} INFO - [2025-03-23T08:16:43.694+0000] {dagbag.py:588} INFO - Filling up the DagBag from /home/airflow/.local/lib/python3.12/site-packages/airflow/example_dags/example_branch_python_dop_operator_3.py
[2025-03-23T08:16:43.712+0000] {processor.py:925} INFO - DAG(s) 'example_branch_dop_operator_v3' retrieved from /home/airflow/.local/lib/python3.12/site-packages/airflow/example_dags/example_branch_python_dop_operator_3.py
[2025-03-23T08:16:43.745+0000] {logging_mixin.py:190} INFO - [2025-03-23T08:16:43.744+0000] {dag.py:3239} INFO - Sync 1 DAGs
[2025-03-23T08:16:43.786+0000] {logging_mixin.py:190} INFO - [2025-03-23T08:16:43.786+0000] {dag.py:4180} INFO - Setting next_dagrun for example_branch_dop_operator_v3 to 2025-03-23 08:15:00+00:00, run_after=2025-03-23 08:16:00+00:00
[2025-03-23T08:16:43.845+0000] {processor.py:208} INFO - Processing /home/airflow/.local/lib/python3.12/site-packages/airflow/example_dags/example_branch_python_dop_operator_3.py took 0.169 seconds
[2025-03-23T08:17:15.156+0000] {processor.py:186} INFO - Started process (PID=1386) to work on /home/airflow/.local/lib/python3.12/site-packages/airflow/example_dags/example_branch_python_dop_operator_3.py
[2025-03-23T08:17:15.158+0000] {processor.py:914} INFO - Processing file /home/airflow/.local/lib/python3.12/site-packages/airflow/example_dags/example_branch_python_dop_operator_3.py for tasks to queue
[2025-03-23T08:17:15.160+0000] {logging_mixin.py:190} INFO - [2025-03-23T08:17:15.160+0000] {dagbag.py:588} INFO - Filling up the DagBag from /home/airflow/.local/lib/python3.12/site-packages/airflow/example_dags/example_branch_python_dop_operator_3.py
[2025-03-23T08:17:15.174+0000] {processor.py:925} INFO - DAG(s) 'example_branch_dop_operator_v3' retrieved from /home/airflow/.local/lib/python3.12/site-packages/airflow/example_dags/example_branch_python_dop_operator_3.py
[2025-03-23T08:17:15.210+0000] {logging_mixin.py:190} INFO - [2025-03-23T08:17:15.210+0000] {dag.py:3239} INFO - Sync 1 DAGs
[2025-03-23T08:17:15.266+0000] {logging_mixin.py:190} INFO - [2025-03-23T08:17:15.265+0000] {dag.py:4180} INFO - Setting next_dagrun for example_branch_dop_operator_v3 to 2025-03-23 08:16:00+00:00, run_after=2025-03-23 08:17:00+00:00
[2025-03-23T08:17:15.320+0000] {processor.py:208} INFO - Processing /home/airflow/.local/lib/python3.12/site-packages/airflow/example_dags/example_branch_python_dop_operator_3.py took 0.176 seconds
[2025-03-23T08:17:46.289+0000] {processor.py:186} INFO - Started process (PID=1450) to work on /home/airflow/.local/lib/python3.12/site-packages/airflow/example_dags/example_branch_python_dop_operator_3.py
[2025-03-23T08:17:46.290+0000] {processor.py:914} INFO - Processing file /home/airflow/.local/lib/python3.12/site-packages/airflow/example_dags/example_branch_python_dop_operator_3.py for tasks to queue
[2025-03-23T08:17:46.293+0000] {logging_mixin.py:190} INFO - [2025-03-23T08:17:46.292+0000] {dagbag.py:588} INFO - Filling up the DagBag from /home/airflow/.local/lib/python3.12/site-packages/airflow/example_dags/example_branch_python_dop_operator_3.py
[2025-03-23T08:17:46.306+0000] {processor.py:925} INFO - DAG(s) 'example_branch_dop_operator_v3' retrieved from /home/airflow/.local/lib/python3.12/site-packages/airflow/example_dags/example_branch_python_dop_operator_3.py
[2025-03-23T08:17:46.329+0000] {logging_mixin.py:190} INFO - [2025-03-23T08:17:46.329+0000] {dag.py:3239} INFO - Sync 1 DAGs
[2025-03-23T08:17:46.370+0000] {logging_mixin.py:190} INFO - [2025-03-23T08:17:46.370+0000] {dag.py:4180} INFO - Setting next_dagrun for example_branch_dop_operator_v3 to 2025-03-23 08:16:00+00:00, run_after=2025-03-23 08:17:00+00:00
[2025-03-23T08:17:46.423+0000] {processor.py:208} INFO - Processing /home/airflow/.local/lib/python3.12/site-packages/airflow/example_dags/example_branch_python_dop_operator_3.py took 0.148 seconds
[2025-03-23T08:18:17.396+0000] {processor.py:186} INFO - Started process (PID=1514) to work on /home/airflow/.local/lib/python3.12/site-packages/airflow/example_dags/example_branch_python_dop_operator_3.py
[2025-03-23T08:18:17.398+0000] {processor.py:914} INFO - Processing file /home/airflow/.local/lib/python3.12/site-packages/airflow/example_dags/example_branch_python_dop_operator_3.py for tasks to queue
[2025-03-23T08:18:17.403+0000] {logging_mixin.py:190} INFO - [2025-03-23T08:18:17.402+0000] {dagbag.py:588} INFO - Filling up the DagBag from /home/airflow/.local/lib/python3.12/site-packages/airflow/example_dags/example_branch_python_dop_operator_3.py
[2025-03-23T08:18:17.417+0000] {processor.py:925} INFO - DAG(s) 'example_branch_dop_operator_v3' retrieved from /home/airflow/.local/lib/python3.12/site-packages/airflow/example_dags/example_branch_python_dop_operator_3.py
[2025-03-23T08:18:17.448+0000] {logging_mixin.py:190} INFO - [2025-03-23T08:18:17.448+0000] {dag.py:3239} INFO - Sync 1 DAGs
[2025-03-23T08:18:17.500+0000] {logging_mixin.py:190} INFO - [2025-03-23T08:18:17.500+0000] {dag.py:4180} INFO - Setting next_dagrun for example_branch_dop_operator_v3 to 2025-03-23 08:17:00+00:00, run_after=2025-03-23 08:18:00+00:00
[2025-03-23T08:18:17.567+0000] {processor.py:208} INFO - Processing /home/airflow/.local/lib/python3.12/site-packages/airflow/example_dags/example_branch_python_dop_operator_3.py took 0.186 seconds
[2025-03-23T08:18:49.171+0000] {processor.py:186} INFO - Started process (PID=1578) to work on /home/airflow/.local/lib/python3.12/site-packages/airflow/example_dags/example_branch_python_dop_operator_3.py
[2025-03-23T08:18:49.172+0000] {processor.py:914} INFO - Processing file /home/airflow/.local/lib/python3.12/site-packages/airflow/example_dags/example_branch_python_dop_operator_3.py for tasks to queue
[2025-03-23T08:18:49.176+0000] {logging_mixin.py:190} INFO - [2025-03-23T08:18:49.175+0000] {dagbag.py:588} INFO - Filling up the DagBag from /home/airflow/.local/lib/python3.12/site-packages/airflow/example_dags/example_branch_python_dop_operator_3.py
[2025-03-23T08:18:49.191+0000] {processor.py:925} INFO - DAG(s) 'example_branch_dop_operator_v3' retrieved from /home/airflow/.local/lib/python3.12/site-packages/airflow/example_dags/example_branch_python_dop_operator_3.py
[2025-03-23T08:18:49.216+0000] {logging_mixin.py:190} INFO - [2025-03-23T08:18:49.215+0000] {dag.py:3239} INFO - Sync 1 DAGs
[2025-03-23T08:18:49.261+0000] {logging_mixin.py:190} INFO - [2025-03-23T08:18:49.260+0000] {dag.py:4180} INFO - Setting next_dagrun for example_branch_dop_operator_v3 to 2025-03-23 08:17:00+00:00, run_after=2025-03-23 08:18:00+00:00
[2025-03-23T08:18:49.333+0000] {processor.py:208} INFO - Processing /home/airflow/.local/lib/python3.12/site-packages/airflow/example_dags/example_branch_python_dop_operator_3.py took 0.181 seconds
[2025-03-23T08:19:20.763+0000] {processor.py:186} INFO - Started process (PID=1642) to work on /home/airflow/.local/lib/python3.12/site-packages/airflow/example_dags/example_branch_python_dop_operator_3.py
[2025-03-23T08:19:20.764+0000] {processor.py:914} INFO - Processing file /home/airflow/.local/lib/python3.12/site-packages/airflow/example_dags/example_branch_python_dop_operator_3.py for tasks to queue
[2025-03-23T08:19:20.768+0000] {logging_mixin.py:190} INFO - [2025-03-23T08:19:20.768+0000] {dagbag.py:588} INFO - Filling up the DagBag from /home/airflow/.local/lib/python3.12/site-packages/airflow/example_dags/example_branch_python_dop_operator_3.py
[2025-03-23T08:19:20.790+0000] {processor.py:925} INFO - DAG(s) 'example_branch_dop_operator_v3' retrieved from /home/airflow/.local/lib/python3.12/site-packages/airflow/example_dags/example_branch_python_dop_operator_3.py
[2025-03-23T08:19:20.829+0000] {logging_mixin.py:190} INFO - [2025-03-23T08:19:20.829+0000] {dag.py:3239} INFO - Sync 1 DAGs
[2025-03-23T08:19:20.898+0000] {logging_mixin.py:190} INFO - [2025-03-23T08:19:20.898+0000] {dag.py:4180} INFO - Setting next_dagrun for example_branch_dop_operator_v3 to 2025-03-23 08:18:00+00:00, run_after=2025-03-23 08:19:00+00:00
[2025-03-23T08:19:21.048+0000] {processor.py:208} INFO - Processing /home/airflow/.local/lib/python3.12/site-packages/airflow/example_dags/example_branch_python_dop_operator_3.py took 0.305 seconds
[2025-03-23T08:19:52.379+0000] {processor.py:186} INFO - Started process (PID=1706) to work on /home/airflow/.local/lib/python3.12/site-packages/airflow/example_dags/example_branch_python_dop_operator_3.py
[2025-03-23T08:19:52.381+0000] {processor.py:914} INFO - Processing file /home/airflow/.local/lib/python3.12/site-packages/airflow/example_dags/example_branch_python_dop_operator_3.py for tasks to queue
[2025-03-23T08:19:52.385+0000] {logging_mixin.py:190} INFO - [2025-03-23T08:19:52.384+0000] {dagbag.py:588} INFO - Filling up the DagBag from /home/airflow/.local/lib/python3.12/site-packages/airflow/example_dags/example_branch_python_dop_operator_3.py
[2025-03-23T08:19:52.399+0000] {processor.py:925} INFO - DAG(s) 'example_branch_dop_operator_v3' retrieved from /home/airflow/.local/lib/python3.12/site-packages/airflow/example_dags/example_branch_python_dop_operator_3.py
[2025-03-23T08:19:52.424+0000] {logging_mixin.py:190} INFO - [2025-03-23T08:19:52.424+0000] {dag.py:3239} INFO - Sync 1 DAGs
[2025-03-23T08:19:52.460+0000] {logging_mixin.py:190} INFO - [2025-03-23T08:19:52.459+0000] {dag.py:4180} INFO - Setting next_dagrun for example_branch_dop_operator_v3 to 2025-03-23 08:18:00+00:00, run_after=2025-03-23 08:19:00+00:00
[2025-03-23T08:19:52.522+0000] {processor.py:208} INFO - Processing /home/airflow/.local/lib/python3.12/site-packages/airflow/example_dags/example_branch_python_dop_operator_3.py took 0.156 seconds
[2025-03-23T08:20:23.817+0000] {processor.py:186} INFO - Started process (PID=1770) to work on /home/airflow/.local/lib/python3.12/site-packages/airflow/example_dags/example_branch_python_dop_operator_3.py
[2025-03-23T08:20:23.818+0000] {processor.py:914} INFO - Processing file /home/airflow/.local/lib/python3.12/site-packages/airflow/example_dags/example_branch_python_dop_operator_3.py for tasks to queue
[2025-03-23T08:20:23.821+0000] {logging_mixin.py:190} INFO - [2025-03-23T08:20:23.821+0000] {dagbag.py:588} INFO - Filling up the DagBag from /home/airflow/.local/lib/python3.12/site-packages/airflow/example_dags/example_branch_python_dop_operator_3.py
[2025-03-23T08:20:23.833+0000] {processor.py:925} INFO - DAG(s) 'example_branch_dop_operator_v3' retrieved from /home/airflow/.local/lib/python3.12/site-packages/airflow/example_dags/example_branch_python_dop_operator_3.py
[2025-03-23T08:20:23.858+0000] {logging_mixin.py:190} INFO - [2025-03-23T08:20:23.858+0000] {dag.py:3239} INFO - Sync 1 DAGs
[2025-03-23T08:20:23.892+0000] {logging_mixin.py:190} INFO - [2025-03-23T08:20:23.892+0000] {dag.py:4180} INFO - Setting next_dagrun for example_branch_dop_operator_v3 to 2025-03-23 08:19:00+00:00, run_after=2025-03-23 08:20:00+00:00
[2025-03-23T08:20:23.945+0000] {processor.py:208} INFO - Processing /home/airflow/.local/lib/python3.12/site-packages/airflow/example_dags/example_branch_python_dop_operator_3.py took 0.139 seconds
[2025-03-23T08:20:59.371+0000] {processor.py:186} INFO - Started process (PID=1840) to work on /home/airflow/.local/lib/python3.12/site-packages/airflow/example_dags/example_branch_python_dop_operator_3.py
[2025-03-23T08:20:59.373+0000] {processor.py:914} INFO - Processing file /home/airflow/.local/lib/python3.12/site-packages/airflow/example_dags/example_branch_python_dop_operator_3.py for tasks to queue
[2025-03-23T08:20:59.377+0000] {logging_mixin.py:190} INFO - [2025-03-23T08:20:59.377+0000] {dagbag.py:588} INFO - Filling up the DagBag from /home/airflow/.local/lib/python3.12/site-packages/airflow/example_dags/example_branch_python_dop_operator_3.py
[2025-03-23T08:20:59.411+0000] {processor.py:925} INFO - DAG(s) 'example_branch_dop_operator_v3' retrieved from /home/airflow/.local/lib/python3.12/site-packages/airflow/example_dags/example_branch_python_dop_operator_3.py
[2025-03-23T08:20:59.450+0000] {logging_mixin.py:190} INFO - [2025-03-23T08:20:59.450+0000] {dag.py:3239} INFO - Sync 1 DAGs
[2025-03-23T08:20:59.491+0000] {logging_mixin.py:190} INFO - [2025-03-23T08:20:59.491+0000] {dag.py:4180} INFO - Setting next_dagrun for example_branch_dop_operator_v3 to 2025-03-23 08:19:00+00:00, run_after=2025-03-23 08:20:00+00:00
[2025-03-23T08:20:59.551+0000] {processor.py:208} INFO - Processing /home/airflow/.local/lib/python3.12/site-packages/airflow/example_dags/example_branch_python_dop_operator_3.py took 0.204 seconds
[2025-03-23T08:26:53.651+0000] {processor.py:186} INFO - Started process (PID=125) to work on /home/airflow/.local/lib/python3.12/site-packages/airflow/example_dags/example_branch_python_dop_operator_3.py
[2025-03-23T08:26:53.655+0000] {processor.py:914} INFO - Processing file /home/airflow/.local/lib/python3.12/site-packages/airflow/example_dags/example_branch_python_dop_operator_3.py for tasks to queue
[2025-03-23T08:26:53.660+0000] {logging_mixin.py:190} INFO - [2025-03-23T08:26:53.659+0000] {dagbag.py:588} INFO - Filling up the DagBag from /home/airflow/.local/lib/python3.12/site-packages/airflow/example_dags/example_branch_python_dop_operator_3.py
[2025-03-23T08:26:53.725+0000] {processor.py:925} INFO - DAG(s) 'example_branch_dop_operator_v3' retrieved from /home/airflow/.local/lib/python3.12/site-packages/airflow/example_dags/example_branch_python_dop_operator_3.py
[2025-03-23T08:26:53.796+0000] {logging_mixin.py:190} INFO - [2025-03-23T08:26:53.796+0000] {dag.py:3239} INFO - Sync 1 DAGs
[2025-03-23T08:26:53.835+0000] {logging_mixin.py:190} INFO - [2025-03-23T08:26:53.835+0000] {dag.py:4180} INFO - Setting next_dagrun for example_branch_dop_operator_v3 to 2025-03-23 08:25:00+00:00, run_after=2025-03-23 08:26:00+00:00
[2025-03-23T08:26:54.075+0000] {processor.py:208} INFO - Processing /home/airflow/.local/lib/python3.12/site-packages/airflow/example_dags/example_branch_python_dop_operator_3.py took 0.434 seconds
[2025-03-23T08:27:25.053+0000] {processor.py:186} INFO - Started process (PID=189) to work on /home/airflow/.local/lib/python3.12/site-packages/airflow/example_dags/example_branch_python_dop_operator_3.py
[2025-03-23T08:27:25.055+0000] {processor.py:914} INFO - Processing file /home/airflow/.local/lib/python3.12/site-packages/airflow/example_dags/example_branch_python_dop_operator_3.py for tasks to queue
[2025-03-23T08:27:25.061+0000] {logging_mixin.py:190} INFO - [2025-03-23T08:27:25.060+0000] {dagbag.py:588} INFO - Filling up the DagBag from /home/airflow/.local/lib/python3.12/site-packages/airflow/example_dags/example_branch_python_dop_operator_3.py
[2025-03-23T08:27:25.085+0000] {processor.py:925} INFO - DAG(s) 'example_branch_dop_operator_v3' retrieved from /home/airflow/.local/lib/python3.12/site-packages/airflow/example_dags/example_branch_python_dop_operator_3.py
[2025-03-23T08:27:25.130+0000] {logging_mixin.py:190} INFO - [2025-03-23T08:27:25.129+0000] {dag.py:3239} INFO - Sync 1 DAGs
[2025-03-23T08:27:25.173+0000] {logging_mixin.py:190} INFO - [2025-03-23T08:27:25.173+0000] {dag.py:4180} INFO - Setting next_dagrun for example_branch_dop_operator_v3 to 2025-03-23 08:26:00+00:00, run_after=2025-03-23 08:27:00+00:00
[2025-03-23T08:27:25.265+0000] {processor.py:208} INFO - Processing /home/airflow/.local/lib/python3.12/site-packages/airflow/example_dags/example_branch_python_dop_operator_3.py took 0.223 seconds
[2025-03-23T08:27:55.858+0000] {processor.py:186} INFO - Started process (PID=253) to work on /home/airflow/.local/lib/python3.12/site-packages/airflow/example_dags/example_branch_python_dop_operator_3.py
[2025-03-23T08:27:55.859+0000] {processor.py:914} INFO - Processing file /home/airflow/.local/lib/python3.12/site-packages/airflow/example_dags/example_branch_python_dop_operator_3.py for tasks to queue
[2025-03-23T08:27:55.863+0000] {logging_mixin.py:190} INFO - [2025-03-23T08:27:55.862+0000] {dagbag.py:588} INFO - Filling up the DagBag from /home/airflow/.local/lib/python3.12/site-packages/airflow/example_dags/example_branch_python_dop_operator_3.py
[2025-03-23T08:27:55.881+0000] {processor.py:925} INFO - DAG(s) 'example_branch_dop_operator_v3' retrieved from /home/airflow/.local/lib/python3.12/site-packages/airflow/example_dags/example_branch_python_dop_operator_3.py
[2025-03-23T08:27:55.912+0000] {logging_mixin.py:190} INFO - [2025-03-23T08:27:55.912+0000] {dag.py:3239} INFO - Sync 1 DAGs
[2025-03-23T08:27:55.953+0000] {logging_mixin.py:190} INFO - [2025-03-23T08:27:55.953+0000] {dag.py:4180} INFO - Setting next_dagrun for example_branch_dop_operator_v3 to 2025-03-23 08:26:00+00:00, run_after=2025-03-23 08:27:00+00:00
[2025-03-23T08:27:56.062+0000] {processor.py:208} INFO - Processing /home/airflow/.local/lib/python3.12/site-packages/airflow/example_dags/example_branch_python_dop_operator_3.py took 0.213 seconds
[2025-03-23T08:28:26.485+0000] {processor.py:186} INFO - Started process (PID=316) to work on /home/airflow/.local/lib/python3.12/site-packages/airflow/example_dags/example_branch_python_dop_operator_3.py
[2025-03-23T08:28:26.487+0000] {processor.py:914} INFO - Processing file /home/airflow/.local/lib/python3.12/site-packages/airflow/example_dags/example_branch_python_dop_operator_3.py for tasks to queue
[2025-03-23T08:28:26.494+0000] {logging_mixin.py:190} INFO - [2025-03-23T08:28:26.493+0000] {dagbag.py:588} INFO - Filling up the DagBag from /home/airflow/.local/lib/python3.12/site-packages/airflow/example_dags/example_branch_python_dop_operator_3.py
[2025-03-23T08:28:26.517+0000] {processor.py:925} INFO - DAG(s) 'example_branch_dop_operator_v3' retrieved from /home/airflow/.local/lib/python3.12/site-packages/airflow/example_dags/example_branch_python_dop_operator_3.py
[2025-03-23T08:28:26.545+0000] {logging_mixin.py:190} INFO - [2025-03-23T08:28:26.545+0000] {dag.py:3239} INFO - Sync 1 DAGs
[2025-03-23T08:28:26.585+0000] {logging_mixin.py:190} INFO - [2025-03-23T08:28:26.584+0000] {dag.py:4180} INFO - Setting next_dagrun for example_branch_dop_operator_v3 to 2025-03-23 08:27:00+00:00, run_after=2025-03-23 08:28:00+00:00
[2025-03-23T08:28:26.654+0000] {processor.py:208} INFO - Processing /home/airflow/.local/lib/python3.12/site-packages/airflow/example_dags/example_branch_python_dop_operator_3.py took 0.187 seconds
[2025-03-23T08:28:57.038+0000] {processor.py:186} INFO - Started process (PID=380) to work on /home/airflow/.local/lib/python3.12/site-packages/airflow/example_dags/example_branch_python_dop_operator_3.py
[2025-03-23T08:28:57.039+0000] {processor.py:914} INFO - Processing file /home/airflow/.local/lib/python3.12/site-packages/airflow/example_dags/example_branch_python_dop_operator_3.py for tasks to queue
[2025-03-23T08:28:57.043+0000] {logging_mixin.py:190} INFO - [2025-03-23T08:28:57.043+0000] {dagbag.py:588} INFO - Filling up the DagBag from /home/airflow/.local/lib/python3.12/site-packages/airflow/example_dags/example_branch_python_dop_operator_3.py
[2025-03-23T08:28:57.060+0000] {processor.py:925} INFO - DAG(s) 'example_branch_dop_operator_v3' retrieved from /home/airflow/.local/lib/python3.12/site-packages/airflow/example_dags/example_branch_python_dop_operator_3.py
[2025-03-23T08:28:57.090+0000] {logging_mixin.py:190} INFO - [2025-03-23T08:28:57.090+0000] {dag.py:3239} INFO - Sync 1 DAGs
[2025-03-23T08:28:57.127+0000] {logging_mixin.py:190} INFO - [2025-03-23T08:28:57.127+0000] {dag.py:4180} INFO - Setting next_dagrun for example_branch_dop_operator_v3 to 2025-03-23 08:27:00+00:00, run_after=2025-03-23 08:28:00+00:00
[2025-03-23T08:28:57.188+0000] {processor.py:208} INFO - Processing /home/airflow/.local/lib/python3.12/site-packages/airflow/example_dags/example_branch_python_dop_operator_3.py took 0.159 seconds
[2025-03-23T08:29:28.364+0000] {processor.py:186} INFO - Started process (PID=444) to work on /home/airflow/.local/lib/python3.12/site-packages/airflow/example_dags/example_branch_python_dop_operator_3.py
[2025-03-23T08:29:28.366+0000] {processor.py:914} INFO - Processing file /home/airflow/.local/lib/python3.12/site-packages/airflow/example_dags/example_branch_python_dop_operator_3.py for tasks to queue
[2025-03-23T08:29:28.370+0000] {logging_mixin.py:190} INFO - [2025-03-23T08:29:28.369+0000] {dagbag.py:588} INFO - Filling up the DagBag from /home/airflow/.local/lib/python3.12/site-packages/airflow/example_dags/example_branch_python_dop_operator_3.py
[2025-03-23T08:29:28.391+0000] {processor.py:925} INFO - DAG(s) 'example_branch_dop_operator_v3' retrieved from /home/airflow/.local/lib/python3.12/site-packages/airflow/example_dags/example_branch_python_dop_operator_3.py
[2025-03-23T08:29:28.425+0000] {logging_mixin.py:190} INFO - [2025-03-23T08:29:28.425+0000] {dag.py:3239} INFO - Sync 1 DAGs
[2025-03-23T08:29:28.476+0000] {logging_mixin.py:190} INFO - [2025-03-23T08:29:28.476+0000] {dag.py:4180} INFO - Setting next_dagrun for example_branch_dop_operator_v3 to 2025-03-23 08:28:00+00:00, run_after=2025-03-23 08:29:00+00:00
[2025-03-23T08:29:28.548+0000] {processor.py:208} INFO - Processing /home/airflow/.local/lib/python3.12/site-packages/airflow/example_dags/example_branch_python_dop_operator_3.py took 0.194 seconds
[2025-03-23T08:29:58.765+0000] {processor.py:186} INFO - Started process (PID=508) to work on /home/airflow/.local/lib/python3.12/site-packages/airflow/example_dags/example_branch_python_dop_operator_3.py
[2025-03-23T08:29:58.766+0000] {processor.py:914} INFO - Processing file /home/airflow/.local/lib/python3.12/site-packages/airflow/example_dags/example_branch_python_dop_operator_3.py for tasks to queue
[2025-03-23T08:29:58.769+0000] {logging_mixin.py:190} INFO - [2025-03-23T08:29:58.769+0000] {dagbag.py:588} INFO - Filling up the DagBag from /home/airflow/.local/lib/python3.12/site-packages/airflow/example_dags/example_branch_python_dop_operator_3.py
[2025-03-23T08:29:58.784+0000] {processor.py:925} INFO - DAG(s) 'example_branch_dop_operator_v3' retrieved from /home/airflow/.local/lib/python3.12/site-packages/airflow/example_dags/example_branch_python_dop_operator_3.py
[2025-03-23T08:29:58.810+0000] {logging_mixin.py:190} INFO - [2025-03-23T08:29:58.809+0000] {dag.py:3239} INFO - Sync 1 DAGs
[2025-03-23T08:29:58.847+0000] {logging_mixin.py:190} INFO - [2025-03-23T08:29:58.847+0000] {dag.py:4180} INFO - Setting next_dagrun for example_branch_dop_operator_v3 to 2025-03-23 08:28:00+00:00, run_after=2025-03-23 08:29:00+00:00
[2025-03-23T08:29:58.900+0000] {processor.py:208} INFO - Processing /home/airflow/.local/lib/python3.12/site-packages/airflow/example_dags/example_branch_python_dop_operator_3.py took 0.144 seconds
