[2025-03-23T08:06:18.238+0000] {processor.py:186} INFO - Started process (PID=93) to work on /home/airflow/.local/lib/python3.12/site-packages/airflow/example_dags/example_bash_operator.py
[2025-03-23T08:06:18.240+0000] {processor.py:914} INFO - Processing file /home/airflow/.local/lib/python3.12/site-packages/airflow/example_dags/example_bash_operator.py for tasks to queue
[2025-03-23T08:06:18.252+0000] {logging_mixin.py:190} INFO - [2025-03-23T08:06:18.250+0000] {dagbag.py:588} INFO - Filling up the DagBag from /home/airflow/.local/lib/python3.12/site-packages/airflow/example_dags/example_bash_operator.py
[2025-03-23T08:06:18.341+0000] {processor.py:925} INFO - DAG(s) 'example_bash_operator' retrieved from /home/airflow/.local/lib/python3.12/site-packages/airflow/example_dags/example_bash_operator.py
[2025-03-23T08:06:19.067+0000] {logging_mixin.py:190} INFO - [2025-03-23T08:06:19.066+0000] {override.py:1911} INFO - Created Permission View: can edit on DAG:example_bash_operator
[2025-03-23T08:06:19.132+0000] {logging_mixin.py:190} INFO - [2025-03-23T08:06:19.132+0000] {override.py:1911} INFO - Created Permission View: can delete on DAG:example_bash_operator
[2025-03-23T08:06:19.197+0000] {logging_mixin.py:190} INFO - [2025-03-23T08:06:19.197+0000] {override.py:1911} INFO - Created Permission View: can read on DAG:example_bash_operator
[2025-03-23T08:06:19.353+0000] {logging_mixin.py:190} INFO - [2025-03-23T08:06:19.352+0000] {override.py:1911} INFO - Created Permission View: menu access on DAG Run:example_bash_operator
[2025-03-23T08:06:19.419+0000] {logging_mixin.py:190} INFO - [2025-03-23T08:06:19.419+0000] {override.py:1911} INFO - Created Permission View: can create on DAG Run:example_bash_operator
[2025-03-23T08:06:19.486+0000] {logging_mixin.py:190} INFO - [2025-03-23T08:06:19.486+0000] {override.py:1911} INFO - Created Permission View: can read on DAG Run:example_bash_operator
[2025-03-23T08:06:19.553+0000] {logging_mixin.py:190} INFO - [2025-03-23T08:06:19.552+0000] {override.py:1911} INFO - Created Permission View: can delete on DAG Run:example_bash_operator
[2025-03-23T08:06:19.555+0000] {logging_mixin.py:190} INFO - [2025-03-23T08:06:19.555+0000] {dag.py:3239} INFO - Sync 1 DAGs
[2025-03-23T08:06:19.581+0000] {logging_mixin.py:190} INFO - [2025-03-23T08:06:19.580+0000] {dag.py:3262} INFO - Creating ORM DAG for example_bash_operator
[2025-03-23T08:06:19.613+0000] {logging_mixin.py:190} INFO - [2025-03-23T08:06:19.613+0000] {dag.py:4180} INFO - Setting next_dagrun for example_bash_operator to 2025-03-22 00:00:00+00:00, run_after=2025-03-23 00:00:00+00:00
[2025-03-23T08:06:19.720+0000] {processor.py:208} INFO - Processing /home/airflow/.local/lib/python3.12/site-packages/airflow/example_dags/example_bash_operator.py took 1.496 seconds
[2025-03-23T08:07:39.662+0000] {processor.py:186} INFO - Started process (PID=169) to work on /home/airflow/.local/lib/python3.12/site-packages/airflow/example_dags/example_bash_operator.py
[2025-03-23T08:07:39.687+0000] {processor.py:914} INFO - Processing file /home/airflow/.local/lib/python3.12/site-packages/airflow/example_dags/example_bash_operator.py for tasks to queue
[2025-03-23T08:07:39.690+0000] {logging_mixin.py:190} INFO - [2025-03-23T08:07:39.690+0000] {dagbag.py:588} INFO - Filling up the DagBag from /home/airflow/.local/lib/python3.12/site-packages/airflow/example_dags/example_bash_operator.py
[2025-03-23T08:07:39.712+0000] {processor.py:925} INFO - DAG(s) 'example_bash_operator' retrieved from /home/airflow/.local/lib/python3.12/site-packages/airflow/example_dags/example_bash_operator.py
[2025-03-23T08:07:39.760+0000] {logging_mixin.py:190} INFO - [2025-03-23T08:07:39.759+0000] {dag.py:3239} INFO - Sync 1 DAGs
[2025-03-23T08:07:39.791+0000] {logging_mixin.py:190} INFO - [2025-03-23T08:07:39.791+0000] {dag.py:4180} INFO - Setting next_dagrun for example_bash_operator to 2025-03-22 00:00:00+00:00, run_after=2025-03-23 00:00:00+00:00
[2025-03-23T08:07:39.855+0000] {processor.py:208} INFO - Processing /home/airflow/.local/lib/python3.12/site-packages/airflow/example_dags/example_bash_operator.py took 0.204 seconds
[2025-03-23T08:08:10.433+0000] {processor.py:186} INFO - Started process (PID=235) to work on /home/airflow/.local/lib/python3.12/site-packages/airflow/example_dags/example_bash_operator.py
[2025-03-23T08:08:10.435+0000] {processor.py:914} INFO - Processing file /home/airflow/.local/lib/python3.12/site-packages/airflow/example_dags/example_bash_operator.py for tasks to queue
[2025-03-23T08:08:10.439+0000] {logging_mixin.py:190} INFO - [2025-03-23T08:08:10.438+0000] {dagbag.py:588} INFO - Filling up the DagBag from /home/airflow/.local/lib/python3.12/site-packages/airflow/example_dags/example_bash_operator.py
[2025-03-23T08:08:10.459+0000] {processor.py:925} INFO - DAG(s) 'example_bash_operator' retrieved from /home/airflow/.local/lib/python3.12/site-packages/airflow/example_dags/example_bash_operator.py
[2025-03-23T08:08:10.494+0000] {logging_mixin.py:190} INFO - [2025-03-23T08:08:10.494+0000] {dag.py:3239} INFO - Sync 1 DAGs
[2025-03-23T08:08:10.526+0000] {logging_mixin.py:190} INFO - [2025-03-23T08:08:10.526+0000] {dag.py:4180} INFO - Setting next_dagrun for example_bash_operator to 2025-03-22 00:00:00+00:00, run_after=2025-03-23 00:00:00+00:00
[2025-03-23T08:08:10.591+0000] {processor.py:208} INFO - Processing /home/airflow/.local/lib/python3.12/site-packages/airflow/example_dags/example_bash_operator.py took 0.168 seconds
[2025-03-23T08:08:41.190+0000] {processor.py:186} INFO - Started process (PID=299) to work on /home/airflow/.local/lib/python3.12/site-packages/airflow/example_dags/example_bash_operator.py
[2025-03-23T08:08:41.191+0000] {processor.py:914} INFO - Processing file /home/airflow/.local/lib/python3.12/site-packages/airflow/example_dags/example_bash_operator.py for tasks to queue
[2025-03-23T08:08:41.198+0000] {logging_mixin.py:190} INFO - [2025-03-23T08:08:41.197+0000] {dagbag.py:588} INFO - Filling up the DagBag from /home/airflow/.local/lib/python3.12/site-packages/airflow/example_dags/example_bash_operator.py
[2025-03-23T08:08:41.222+0000] {processor.py:925} INFO - DAG(s) 'example_bash_operator' retrieved from /home/airflow/.local/lib/python3.12/site-packages/airflow/example_dags/example_bash_operator.py
[2025-03-23T08:08:41.268+0000] {logging_mixin.py:190} INFO - [2025-03-23T08:08:41.268+0000] {dag.py:3239} INFO - Sync 1 DAGs
[2025-03-23T08:08:41.305+0000] {logging_mixin.py:190} INFO - [2025-03-23T08:08:41.305+0000] {dag.py:4180} INFO - Setting next_dagrun for example_bash_operator to 2025-03-22 00:00:00+00:00, run_after=2025-03-23 00:00:00+00:00
[2025-03-23T08:08:41.448+0000] {processor.py:208} INFO - Processing /home/airflow/.local/lib/python3.12/site-packages/airflow/example_dags/example_bash_operator.py took 0.267 seconds
[2025-03-23T08:09:12.352+0000] {processor.py:186} INFO - Started process (PID=362) to work on /home/airflow/.local/lib/python3.12/site-packages/airflow/example_dags/example_bash_operator.py
[2025-03-23T08:09:12.354+0000] {processor.py:914} INFO - Processing file /home/airflow/.local/lib/python3.12/site-packages/airflow/example_dags/example_bash_operator.py for tasks to queue
[2025-03-23T08:09:12.357+0000] {logging_mixin.py:190} INFO - [2025-03-23T08:09:12.357+0000] {dagbag.py:588} INFO - Filling up the DagBag from /home/airflow/.local/lib/python3.12/site-packages/airflow/example_dags/example_bash_operator.py
[2025-03-23T08:09:12.380+0000] {processor.py:925} INFO - DAG(s) 'example_bash_operator' retrieved from /home/airflow/.local/lib/python3.12/site-packages/airflow/example_dags/example_bash_operator.py
[2025-03-23T08:09:12.417+0000] {logging_mixin.py:190} INFO - [2025-03-23T08:09:12.417+0000] {dag.py:3239} INFO - Sync 1 DAGs
[2025-03-23T08:09:12.451+0000] {logging_mixin.py:190} INFO - [2025-03-23T08:09:12.451+0000] {dag.py:4180} INFO - Setting next_dagrun for example_bash_operator to 2025-03-22 00:00:00+00:00, run_after=2025-03-23 00:00:00+00:00
[2025-03-23T08:09:12.755+0000] {processor.py:208} INFO - Processing /home/airflow/.local/lib/python3.12/site-packages/airflow/example_dags/example_bash_operator.py took 0.413 seconds
[2025-03-23T08:09:43.308+0000] {processor.py:186} INFO - Started process (PID=426) to work on /home/airflow/.local/lib/python3.12/site-packages/airflow/example_dags/example_bash_operator.py
[2025-03-23T08:09:43.310+0000] {processor.py:914} INFO - Processing file /home/airflow/.local/lib/python3.12/site-packages/airflow/example_dags/example_bash_operator.py for tasks to queue
[2025-03-23T08:09:43.313+0000] {logging_mixin.py:190} INFO - [2025-03-23T08:09:43.312+0000] {dagbag.py:588} INFO - Filling up the DagBag from /home/airflow/.local/lib/python3.12/site-packages/airflow/example_dags/example_bash_operator.py
[2025-03-23T08:09:43.332+0000] {processor.py:925} INFO - DAG(s) 'example_bash_operator' retrieved from /home/airflow/.local/lib/python3.12/site-packages/airflow/example_dags/example_bash_operator.py
[2025-03-23T08:09:43.375+0000] {logging_mixin.py:190} INFO - [2025-03-23T08:09:43.375+0000] {dag.py:3239} INFO - Sync 1 DAGs
[2025-03-23T08:09:43.413+0000] {logging_mixin.py:190} INFO - [2025-03-23T08:09:43.413+0000] {dag.py:4180} INFO - Setting next_dagrun for example_bash_operator to 2025-03-22 00:00:00+00:00, run_after=2025-03-23 00:00:00+00:00
[2025-03-23T08:09:43.728+0000] {processor.py:208} INFO - Processing /home/airflow/.local/lib/python3.12/site-packages/airflow/example_dags/example_bash_operator.py took 0.429 seconds
[2025-03-23T08:10:14.473+0000] {processor.py:186} INFO - Started process (PID=489) to work on /home/airflow/.local/lib/python3.12/site-packages/airflow/example_dags/example_bash_operator.py
[2025-03-23T08:10:14.477+0000] {processor.py:914} INFO - Processing file /home/airflow/.local/lib/python3.12/site-packages/airflow/example_dags/example_bash_operator.py for tasks to queue
[2025-03-23T08:10:14.481+0000] {logging_mixin.py:190} INFO - [2025-03-23T08:10:14.480+0000] {dagbag.py:588} INFO - Filling up the DagBag from /home/airflow/.local/lib/python3.12/site-packages/airflow/example_dags/example_bash_operator.py
[2025-03-23T08:10:14.504+0000] {processor.py:925} INFO - DAG(s) 'example_bash_operator' retrieved from /home/airflow/.local/lib/python3.12/site-packages/airflow/example_dags/example_bash_operator.py
[2025-03-23T08:10:14.551+0000] {logging_mixin.py:190} INFO - [2025-03-23T08:10:14.550+0000] {dag.py:3239} INFO - Sync 1 DAGs
[2025-03-23T08:10:14.603+0000] {logging_mixin.py:190} INFO - [2025-03-23T08:10:14.603+0000] {dag.py:4180} INFO - Setting next_dagrun for example_bash_operator to 2025-03-22 00:00:00+00:00, run_after=2025-03-23 00:00:00+00:00
[2025-03-23T08:10:14.739+0000] {processor.py:208} INFO - Processing /home/airflow/.local/lib/python3.12/site-packages/airflow/example_dags/example_bash_operator.py took 0.277 seconds
[2025-03-23T08:10:45.565+0000] {processor.py:186} INFO - Started process (PID=553) to work on /home/airflow/.local/lib/python3.12/site-packages/airflow/example_dags/example_bash_operator.py
[2025-03-23T08:10:45.566+0000] {processor.py:914} INFO - Processing file /home/airflow/.local/lib/python3.12/site-packages/airflow/example_dags/example_bash_operator.py for tasks to queue
[2025-03-23T08:10:45.570+0000] {logging_mixin.py:190} INFO - [2025-03-23T08:10:45.570+0000] {dagbag.py:588} INFO - Filling up the DagBag from /home/airflow/.local/lib/python3.12/site-packages/airflow/example_dags/example_bash_operator.py
[2025-03-23T08:10:45.601+0000] {processor.py:925} INFO - DAG(s) 'example_bash_operator' retrieved from /home/airflow/.local/lib/python3.12/site-packages/airflow/example_dags/example_bash_operator.py
[2025-03-23T08:10:45.677+0000] {logging_mixin.py:190} INFO - [2025-03-23T08:10:45.676+0000] {dag.py:3239} INFO - Sync 1 DAGs
[2025-03-23T08:10:45.748+0000] {logging_mixin.py:190} INFO - [2025-03-23T08:10:45.748+0000] {dag.py:4180} INFO - Setting next_dagrun for example_bash_operator to 2025-03-22 00:00:00+00:00, run_after=2025-03-23 00:00:00+00:00
[2025-03-23T08:10:45.846+0000] {processor.py:208} INFO - Processing /home/airflow/.local/lib/python3.12/site-packages/airflow/example_dags/example_bash_operator.py took 0.296 seconds
[2025-03-23T08:11:15.986+0000] {processor.py:186} INFO - Started process (PID=617) to work on /home/airflow/.local/lib/python3.12/site-packages/airflow/example_dags/example_bash_operator.py
[2025-03-23T08:11:15.987+0000] {processor.py:914} INFO - Processing file /home/airflow/.local/lib/python3.12/site-packages/airflow/example_dags/example_bash_operator.py for tasks to queue
[2025-03-23T08:11:15.990+0000] {logging_mixin.py:190} INFO - [2025-03-23T08:11:15.989+0000] {dagbag.py:588} INFO - Filling up the DagBag from /home/airflow/.local/lib/python3.12/site-packages/airflow/example_dags/example_bash_operator.py
[2025-03-23T08:11:16.011+0000] {processor.py:925} INFO - DAG(s) 'example_bash_operator' retrieved from /home/airflow/.local/lib/python3.12/site-packages/airflow/example_dags/example_bash_operator.py
[2025-03-23T08:11:16.058+0000] {logging_mixin.py:190} INFO - [2025-03-23T08:11:16.057+0000] {dag.py:3239} INFO - Sync 1 DAGs
[2025-03-23T08:11:16.116+0000] {logging_mixin.py:190} INFO - [2025-03-23T08:11:16.116+0000] {dag.py:4180} INFO - Setting next_dagrun for example_bash_operator to 2025-03-22 00:00:00+00:00, run_after=2025-03-23 00:00:00+00:00
[2025-03-23T08:11:16.320+0000] {processor.py:208} INFO - Processing /home/airflow/.local/lib/python3.12/site-packages/airflow/example_dags/example_bash_operator.py took 0.349 seconds
[2025-03-23T08:11:46.484+0000] {processor.py:186} INFO - Started process (PID=681) to work on /home/airflow/.local/lib/python3.12/site-packages/airflow/example_dags/example_bash_operator.py
[2025-03-23T08:11:46.486+0000] {processor.py:914} INFO - Processing file /home/airflow/.local/lib/python3.12/site-packages/airflow/example_dags/example_bash_operator.py for tasks to queue
[2025-03-23T08:11:46.489+0000] {logging_mixin.py:190} INFO - [2025-03-23T08:11:46.488+0000] {dagbag.py:588} INFO - Filling up the DagBag from /home/airflow/.local/lib/python3.12/site-packages/airflow/example_dags/example_bash_operator.py
[2025-03-23T08:11:46.509+0000] {processor.py:925} INFO - DAG(s) 'example_bash_operator' retrieved from /home/airflow/.local/lib/python3.12/site-packages/airflow/example_dags/example_bash_operator.py
[2025-03-23T08:11:46.545+0000] {logging_mixin.py:190} INFO - [2025-03-23T08:11:46.544+0000] {dag.py:3239} INFO - Sync 1 DAGs
[2025-03-23T08:11:46.584+0000] {logging_mixin.py:190} INFO - [2025-03-23T08:11:46.584+0000] {dag.py:4180} INFO - Setting next_dagrun for example_bash_operator to 2025-03-22 00:00:00+00:00, run_after=2025-03-23 00:00:00+00:00
[2025-03-23T08:11:46.642+0000] {processor.py:208} INFO - Processing /home/airflow/.local/lib/python3.12/site-packages/airflow/example_dags/example_bash_operator.py took 0.168 seconds
[2025-03-23T08:12:17.014+0000] {processor.py:186} INFO - Started process (PID=745) to work on /home/airflow/.local/lib/python3.12/site-packages/airflow/example_dags/example_bash_operator.py
[2025-03-23T08:12:17.016+0000] {processor.py:914} INFO - Processing file /home/airflow/.local/lib/python3.12/site-packages/airflow/example_dags/example_bash_operator.py for tasks to queue
[2025-03-23T08:12:17.019+0000] {logging_mixin.py:190} INFO - [2025-03-23T08:12:17.018+0000] {dagbag.py:588} INFO - Filling up the DagBag from /home/airflow/.local/lib/python3.12/site-packages/airflow/example_dags/example_bash_operator.py
[2025-03-23T08:12:17.036+0000] {processor.py:925} INFO - DAG(s) 'example_bash_operator' retrieved from /home/airflow/.local/lib/python3.12/site-packages/airflow/example_dags/example_bash_operator.py
[2025-03-23T08:12:17.073+0000] {logging_mixin.py:190} INFO - [2025-03-23T08:12:17.072+0000] {dag.py:3239} INFO - Sync 1 DAGs
[2025-03-23T08:12:17.102+0000] {logging_mixin.py:190} INFO - [2025-03-23T08:12:17.102+0000] {dag.py:4180} INFO - Setting next_dagrun for example_bash_operator to 2025-03-22 00:00:00+00:00, run_after=2025-03-23 00:00:00+00:00
[2025-03-23T08:12:17.185+0000] {processor.py:208} INFO - Processing /home/airflow/.local/lib/python3.12/site-packages/airflow/example_dags/example_bash_operator.py took 0.179 seconds
[2025-03-23T08:12:47.596+0000] {processor.py:186} INFO - Started process (PID=809) to work on /home/airflow/.local/lib/python3.12/site-packages/airflow/example_dags/example_bash_operator.py
[2025-03-23T08:12:47.598+0000] {processor.py:914} INFO - Processing file /home/airflow/.local/lib/python3.12/site-packages/airflow/example_dags/example_bash_operator.py for tasks to queue
[2025-03-23T08:12:47.600+0000] {logging_mixin.py:190} INFO - [2025-03-23T08:12:47.600+0000] {dagbag.py:588} INFO - Filling up the DagBag from /home/airflow/.local/lib/python3.12/site-packages/airflow/example_dags/example_bash_operator.py
[2025-03-23T08:12:47.618+0000] {processor.py:925} INFO - DAG(s) 'example_bash_operator' retrieved from /home/airflow/.local/lib/python3.12/site-packages/airflow/example_dags/example_bash_operator.py
[2025-03-23T08:12:47.656+0000] {logging_mixin.py:190} INFO - [2025-03-23T08:12:47.655+0000] {dag.py:3239} INFO - Sync 1 DAGs
[2025-03-23T08:12:47.691+0000] {logging_mixin.py:190} INFO - [2025-03-23T08:12:47.691+0000] {dag.py:4180} INFO - Setting next_dagrun for example_bash_operator to 2025-03-22 00:00:00+00:00, run_after=2025-03-23 00:00:00+00:00
[2025-03-23T08:12:47.774+0000] {processor.py:208} INFO - Processing /home/airflow/.local/lib/python3.12/site-packages/airflow/example_dags/example_bash_operator.py took 0.187 seconds
[2025-03-23T08:13:18.433+0000] {processor.py:186} INFO - Started process (PID=873) to work on /home/airflow/.local/lib/python3.12/site-packages/airflow/example_dags/example_bash_operator.py
[2025-03-23T08:13:18.434+0000] {processor.py:914} INFO - Processing file /home/airflow/.local/lib/python3.12/site-packages/airflow/example_dags/example_bash_operator.py for tasks to queue
[2025-03-23T08:13:18.438+0000] {logging_mixin.py:190} INFO - [2025-03-23T08:13:18.438+0000] {dagbag.py:588} INFO - Filling up the DagBag from /home/airflow/.local/lib/python3.12/site-packages/airflow/example_dags/example_bash_operator.py
[2025-03-23T08:13:18.463+0000] {processor.py:925} INFO - DAG(s) 'example_bash_operator' retrieved from /home/airflow/.local/lib/python3.12/site-packages/airflow/example_dags/example_bash_operator.py
[2025-03-23T08:13:18.507+0000] {logging_mixin.py:190} INFO - [2025-03-23T08:13:18.507+0000] {dag.py:3239} INFO - Sync 1 DAGs
[2025-03-23T08:13:18.542+0000] {logging_mixin.py:190} INFO - [2025-03-23T08:13:18.541+0000] {dag.py:4180} INFO - Setting next_dagrun for example_bash_operator to 2025-03-22 00:00:00+00:00, run_after=2025-03-23 00:00:00+00:00
[2025-03-23T08:13:18.611+0000] {processor.py:208} INFO - Processing /home/airflow/.local/lib/python3.12/site-packages/airflow/example_dags/example_bash_operator.py took 0.186 seconds
[2025-03-23T08:13:49.204+0000] {processor.py:186} INFO - Started process (PID=937) to work on /home/airflow/.local/lib/python3.12/site-packages/airflow/example_dags/example_bash_operator.py
[2025-03-23T08:13:49.206+0000] {processor.py:914} INFO - Processing file /home/airflow/.local/lib/python3.12/site-packages/airflow/example_dags/example_bash_operator.py for tasks to queue
[2025-03-23T08:13:49.210+0000] {logging_mixin.py:190} INFO - [2025-03-23T08:13:49.209+0000] {dagbag.py:588} INFO - Filling up the DagBag from /home/airflow/.local/lib/python3.12/site-packages/airflow/example_dags/example_bash_operator.py
[2025-03-23T08:13:49.227+0000] {processor.py:925} INFO - DAG(s) 'example_bash_operator' retrieved from /home/airflow/.local/lib/python3.12/site-packages/airflow/example_dags/example_bash_operator.py
[2025-03-23T08:13:49.267+0000] {logging_mixin.py:190} INFO - [2025-03-23T08:13:49.266+0000] {dag.py:3239} INFO - Sync 1 DAGs
[2025-03-23T08:13:49.300+0000] {logging_mixin.py:190} INFO - [2025-03-23T08:13:49.300+0000] {dag.py:4180} INFO - Setting next_dagrun for example_bash_operator to 2025-03-22 00:00:00+00:00, run_after=2025-03-23 00:00:00+00:00
[2025-03-23T08:13:49.378+0000] {processor.py:208} INFO - Processing /home/airflow/.local/lib/python3.12/site-packages/airflow/example_dags/example_bash_operator.py took 0.184 seconds
[2025-03-23T08:14:20.324+0000] {processor.py:186} INFO - Started process (PID=1001) to work on /home/airflow/.local/lib/python3.12/site-packages/airflow/example_dags/example_bash_operator.py
[2025-03-23T08:14:20.325+0000] {processor.py:914} INFO - Processing file /home/airflow/.local/lib/python3.12/site-packages/airflow/example_dags/example_bash_operator.py for tasks to queue
[2025-03-23T08:14:20.329+0000] {logging_mixin.py:190} INFO - [2025-03-23T08:14:20.328+0000] {dagbag.py:588} INFO - Filling up the DagBag from /home/airflow/.local/lib/python3.12/site-packages/airflow/example_dags/example_bash_operator.py
[2025-03-23T08:14:20.349+0000] {processor.py:925} INFO - DAG(s) 'example_bash_operator' retrieved from /home/airflow/.local/lib/python3.12/site-packages/airflow/example_dags/example_bash_operator.py
[2025-03-23T08:14:20.392+0000] {logging_mixin.py:190} INFO - [2025-03-23T08:14:20.392+0000] {dag.py:3239} INFO - Sync 1 DAGs
[2025-03-23T08:14:20.428+0000] {logging_mixin.py:190} INFO - [2025-03-23T08:14:20.427+0000] {dag.py:4180} INFO - Setting next_dagrun for example_bash_operator to 2025-03-22 00:00:00+00:00, run_after=2025-03-23 00:00:00+00:00
[2025-03-23T08:14:20.511+0000] {processor.py:208} INFO - Processing /home/airflow/.local/lib/python3.12/site-packages/airflow/example_dags/example_bash_operator.py took 0.196 seconds
[2025-03-23T08:14:51.605+0000] {processor.py:186} INFO - Started process (PID=1089) to work on /home/airflow/.local/lib/python3.12/site-packages/airflow/example_dags/example_bash_operator.py
[2025-03-23T08:14:51.606+0000] {processor.py:914} INFO - Processing file /home/airflow/.local/lib/python3.12/site-packages/airflow/example_dags/example_bash_operator.py for tasks to queue
[2025-03-23T08:14:51.610+0000] {logging_mixin.py:190} INFO - [2025-03-23T08:14:51.609+0000] {dagbag.py:588} INFO - Filling up the DagBag from /home/airflow/.local/lib/python3.12/site-packages/airflow/example_dags/example_bash_operator.py
[2025-03-23T08:14:51.637+0000] {processor.py:925} INFO - DAG(s) 'example_bash_operator' retrieved from /home/airflow/.local/lib/python3.12/site-packages/airflow/example_dags/example_bash_operator.py
[2025-03-23T08:14:51.685+0000] {logging_mixin.py:190} INFO - [2025-03-23T08:14:51.684+0000] {dag.py:3239} INFO - Sync 1 DAGs
[2025-03-23T08:14:51.731+0000] {logging_mixin.py:190} INFO - [2025-03-23T08:14:51.731+0000] {dag.py:4180} INFO - Setting next_dagrun for example_bash_operator to 2025-03-22 00:00:00+00:00, run_after=2025-03-23 00:00:00+00:00
[2025-03-23T08:14:51.783+0000] {processor.py:208} INFO - Processing /home/airflow/.local/lib/python3.12/site-packages/airflow/example_dags/example_bash_operator.py took 0.191 seconds
[2025-03-23T08:15:21.991+0000] {processor.py:186} INFO - Started process (PID=1153) to work on /home/airflow/.local/lib/python3.12/site-packages/airflow/example_dags/example_bash_operator.py
[2025-03-23T08:15:21.992+0000] {processor.py:914} INFO - Processing file /home/airflow/.local/lib/python3.12/site-packages/airflow/example_dags/example_bash_operator.py for tasks to queue
[2025-03-23T08:15:21.995+0000] {logging_mixin.py:190} INFO - [2025-03-23T08:15:21.995+0000] {dagbag.py:588} INFO - Filling up the DagBag from /home/airflow/.local/lib/python3.12/site-packages/airflow/example_dags/example_bash_operator.py
[2025-03-23T08:15:22.012+0000] {processor.py:925} INFO - DAG(s) 'example_bash_operator' retrieved from /home/airflow/.local/lib/python3.12/site-packages/airflow/example_dags/example_bash_operator.py
[2025-03-23T08:15:22.046+0000] {logging_mixin.py:190} INFO - [2025-03-23T08:15:22.046+0000] {dag.py:3239} INFO - Sync 1 DAGs
[2025-03-23T08:15:22.074+0000] {logging_mixin.py:190} INFO - [2025-03-23T08:15:22.074+0000] {dag.py:4180} INFO - Setting next_dagrun for example_bash_operator to 2025-03-22 00:00:00+00:00, run_after=2025-03-23 00:00:00+00:00
[2025-03-23T08:15:22.125+0000] {processor.py:208} INFO - Processing /home/airflow/.local/lib/python3.12/site-packages/airflow/example_dags/example_bash_operator.py took 0.145 seconds
[2025-03-23T08:15:52.683+0000] {processor.py:186} INFO - Started process (PID=1217) to work on /home/airflow/.local/lib/python3.12/site-packages/airflow/example_dags/example_bash_operator.py
[2025-03-23T08:15:52.685+0000] {processor.py:914} INFO - Processing file /home/airflow/.local/lib/python3.12/site-packages/airflow/example_dags/example_bash_operator.py for tasks to queue
[2025-03-23T08:15:52.688+0000] {logging_mixin.py:190} INFO - [2025-03-23T08:15:52.687+0000] {dagbag.py:588} INFO - Filling up the DagBag from /home/airflow/.local/lib/python3.12/site-packages/airflow/example_dags/example_bash_operator.py
[2025-03-23T08:15:52.706+0000] {processor.py:925} INFO - DAG(s) 'example_bash_operator' retrieved from /home/airflow/.local/lib/python3.12/site-packages/airflow/example_dags/example_bash_operator.py
[2025-03-23T08:15:52.744+0000] {logging_mixin.py:190} INFO - [2025-03-23T08:15:52.743+0000] {dag.py:3239} INFO - Sync 1 DAGs
[2025-03-23T08:15:52.775+0000] {logging_mixin.py:190} INFO - [2025-03-23T08:15:52.774+0000] {dag.py:4180} INFO - Setting next_dagrun for example_bash_operator to 2025-03-22 00:00:00+00:00, run_after=2025-03-23 00:00:00+00:00
[2025-03-23T08:15:52.830+0000] {processor.py:208} INFO - Processing /home/airflow/.local/lib/python3.12/site-packages/airflow/example_dags/example_bash_operator.py took 0.159 seconds
[2025-03-23T08:16:23.235+0000] {processor.py:186} INFO - Started process (PID=1281) to work on /home/airflow/.local/lib/python3.12/site-packages/airflow/example_dags/example_bash_operator.py
[2025-03-23T08:16:23.236+0000] {processor.py:914} INFO - Processing file /home/airflow/.local/lib/python3.12/site-packages/airflow/example_dags/example_bash_operator.py for tasks to queue
[2025-03-23T08:16:23.239+0000] {logging_mixin.py:190} INFO - [2025-03-23T08:16:23.239+0000] {dagbag.py:588} INFO - Filling up the DagBag from /home/airflow/.local/lib/python3.12/site-packages/airflow/example_dags/example_bash_operator.py
[2025-03-23T08:16:23.255+0000] {processor.py:925} INFO - DAG(s) 'example_bash_operator' retrieved from /home/airflow/.local/lib/python3.12/site-packages/airflow/example_dags/example_bash_operator.py
[2025-03-23T08:16:23.301+0000] {logging_mixin.py:190} INFO - [2025-03-23T08:16:23.300+0000] {dag.py:3239} INFO - Sync 1 DAGs
[2025-03-23T08:16:23.332+0000] {logging_mixin.py:190} INFO - [2025-03-23T08:16:23.332+0000] {dag.py:4180} INFO - Setting next_dagrun for example_bash_operator to 2025-03-22 00:00:00+00:00, run_after=2025-03-23 00:00:00+00:00
[2025-03-23T08:16:23.383+0000] {processor.py:208} INFO - Processing /home/airflow/.local/lib/python3.12/site-packages/airflow/example_dags/example_bash_operator.py took 0.160 seconds
[2025-03-23T08:16:54.029+0000] {processor.py:186} INFO - Started process (PID=1344) to work on /home/airflow/.local/lib/python3.12/site-packages/airflow/example_dags/example_bash_operator.py
[2025-03-23T08:16:54.031+0000] {processor.py:914} INFO - Processing file /home/airflow/.local/lib/python3.12/site-packages/airflow/example_dags/example_bash_operator.py for tasks to queue
[2025-03-23T08:16:54.034+0000] {logging_mixin.py:190} INFO - [2025-03-23T08:16:54.034+0000] {dagbag.py:588} INFO - Filling up the DagBag from /home/airflow/.local/lib/python3.12/site-packages/airflow/example_dags/example_bash_operator.py
[2025-03-23T08:16:54.053+0000] {processor.py:925} INFO - DAG(s) 'example_bash_operator' retrieved from /home/airflow/.local/lib/python3.12/site-packages/airflow/example_dags/example_bash_operator.py
[2025-03-23T08:16:54.106+0000] {logging_mixin.py:190} INFO - [2025-03-23T08:16:54.106+0000] {dag.py:3239} INFO - Sync 1 DAGs
[2025-03-23T08:16:54.141+0000] {logging_mixin.py:190} INFO - [2025-03-23T08:16:54.141+0000] {dag.py:4180} INFO - Setting next_dagrun for example_bash_operator to 2025-03-22 00:00:00+00:00, run_after=2025-03-23 00:00:00+00:00
[2025-03-23T08:16:54.197+0000] {processor.py:208} INFO - Processing /home/airflow/.local/lib/python3.12/site-packages/airflow/example_dags/example_bash_operator.py took 0.181 seconds
[2025-03-23T08:17:25.121+0000] {processor.py:186} INFO - Started process (PID=1414) to work on /home/airflow/.local/lib/python3.12/site-packages/airflow/example_dags/example_bash_operator.py
[2025-03-23T08:17:25.122+0000] {processor.py:914} INFO - Processing file /home/airflow/.local/lib/python3.12/site-packages/airflow/example_dags/example_bash_operator.py for tasks to queue
[2025-03-23T08:17:25.125+0000] {logging_mixin.py:190} INFO - [2025-03-23T08:17:25.125+0000] {dagbag.py:588} INFO - Filling up the DagBag from /home/airflow/.local/lib/python3.12/site-packages/airflow/example_dags/example_bash_operator.py
[2025-03-23T08:17:25.145+0000] {processor.py:925} INFO - DAG(s) 'example_bash_operator' retrieved from /home/airflow/.local/lib/python3.12/site-packages/airflow/example_dags/example_bash_operator.py
[2025-03-23T08:17:25.181+0000] {logging_mixin.py:190} INFO - [2025-03-23T08:17:25.181+0000] {dag.py:3239} INFO - Sync 1 DAGs
[2025-03-23T08:17:25.214+0000] {logging_mixin.py:190} INFO - [2025-03-23T08:17:25.214+0000] {dag.py:4180} INFO - Setting next_dagrun for example_bash_operator to 2025-03-22 00:00:00+00:00, run_after=2025-03-23 00:00:00+00:00
[2025-03-23T08:17:25.273+0000] {processor.py:208} INFO - Processing /home/airflow/.local/lib/python3.12/site-packages/airflow/example_dags/example_bash_operator.py took 0.165 seconds
[2025-03-23T08:17:55.666+0000] {processor.py:186} INFO - Started process (PID=1478) to work on /home/airflow/.local/lib/python3.12/site-packages/airflow/example_dags/example_bash_operator.py
[2025-03-23T08:17:55.667+0000] {processor.py:914} INFO - Processing file /home/airflow/.local/lib/python3.12/site-packages/airflow/example_dags/example_bash_operator.py for tasks to queue
[2025-03-23T08:17:55.671+0000] {logging_mixin.py:190} INFO - [2025-03-23T08:17:55.671+0000] {dagbag.py:588} INFO - Filling up the DagBag from /home/airflow/.local/lib/python3.12/site-packages/airflow/example_dags/example_bash_operator.py
[2025-03-23T08:17:55.697+0000] {processor.py:925} INFO - DAG(s) 'example_bash_operator' retrieved from /home/airflow/.local/lib/python3.12/site-packages/airflow/example_dags/example_bash_operator.py
[2025-03-23T08:17:55.760+0000] {logging_mixin.py:190} INFO - [2025-03-23T08:17:55.759+0000] {dag.py:3239} INFO - Sync 1 DAGs
[2025-03-23T08:17:55.795+0000] {logging_mixin.py:190} INFO - [2025-03-23T08:17:55.795+0000] {dag.py:4180} INFO - Setting next_dagrun for example_bash_operator to 2025-03-22 00:00:00+00:00, run_after=2025-03-23 00:00:00+00:00
[2025-03-23T08:17:55.842+0000] {processor.py:208} INFO - Processing /home/airflow/.local/lib/python3.12/site-packages/airflow/example_dags/example_bash_operator.py took 0.211 seconds
[2025-03-23T08:18:26.576+0000] {processor.py:186} INFO - Started process (PID=1542) to work on /home/airflow/.local/lib/python3.12/site-packages/airflow/example_dags/example_bash_operator.py
[2025-03-23T08:18:26.578+0000] {processor.py:914} INFO - Processing file /home/airflow/.local/lib/python3.12/site-packages/airflow/example_dags/example_bash_operator.py for tasks to queue
[2025-03-23T08:18:26.582+0000] {logging_mixin.py:190} INFO - [2025-03-23T08:18:26.581+0000] {dagbag.py:588} INFO - Filling up the DagBag from /home/airflow/.local/lib/python3.12/site-packages/airflow/example_dags/example_bash_operator.py
[2025-03-23T08:18:26.599+0000] {processor.py:925} INFO - DAG(s) 'example_bash_operator' retrieved from /home/airflow/.local/lib/python3.12/site-packages/airflow/example_dags/example_bash_operator.py
[2025-03-23T08:18:26.639+0000] {logging_mixin.py:190} INFO - [2025-03-23T08:18:26.638+0000] {dag.py:3239} INFO - Sync 1 DAGs
[2025-03-23T08:18:26.669+0000] {logging_mixin.py:190} INFO - [2025-03-23T08:18:26.669+0000] {dag.py:4180} INFO - Setting next_dagrun for example_bash_operator to 2025-03-22 00:00:00+00:00, run_after=2025-03-23 00:00:00+00:00
[2025-03-23T08:18:26.720+0000] {processor.py:208} INFO - Processing /home/airflow/.local/lib/python3.12/site-packages/airflow/example_dags/example_bash_operator.py took 0.158 seconds
[2025-03-23T08:18:57.037+0000] {processor.py:186} INFO - Started process (PID=1606) to work on /home/airflow/.local/lib/python3.12/site-packages/airflow/example_dags/example_bash_operator.py
[2025-03-23T08:18:57.039+0000] {processor.py:914} INFO - Processing file /home/airflow/.local/lib/python3.12/site-packages/airflow/example_dags/example_bash_operator.py for tasks to queue
[2025-03-23T08:18:57.042+0000] {logging_mixin.py:190} INFO - [2025-03-23T08:18:57.042+0000] {dagbag.py:588} INFO - Filling up the DagBag from /home/airflow/.local/lib/python3.12/site-packages/airflow/example_dags/example_bash_operator.py
[2025-03-23T08:18:57.061+0000] {processor.py:925} INFO - DAG(s) 'example_bash_operator' retrieved from /home/airflow/.local/lib/python3.12/site-packages/airflow/example_dags/example_bash_operator.py
[2025-03-23T08:18:57.097+0000] {logging_mixin.py:190} INFO - [2025-03-23T08:18:57.097+0000] {dag.py:3239} INFO - Sync 1 DAGs
[2025-03-23T08:18:57.127+0000] {logging_mixin.py:190} INFO - [2025-03-23T08:18:57.127+0000] {dag.py:4180} INFO - Setting next_dagrun for example_bash_operator to 2025-03-22 00:00:00+00:00, run_after=2025-03-23 00:00:00+00:00
[2025-03-23T08:18:57.181+0000] {processor.py:208} INFO - Processing /home/airflow/.local/lib/python3.12/site-packages/airflow/example_dags/example_bash_operator.py took 0.158 seconds
[2025-03-23T08:19:28.370+0000] {processor.py:186} INFO - Started process (PID=1670) to work on /home/airflow/.local/lib/python3.12/site-packages/airflow/example_dags/example_bash_operator.py
[2025-03-23T08:19:28.372+0000] {processor.py:914} INFO - Processing file /home/airflow/.local/lib/python3.12/site-packages/airflow/example_dags/example_bash_operator.py for tasks to queue
[2025-03-23T08:19:28.379+0000] {logging_mixin.py:190} INFO - [2025-03-23T08:19:28.376+0000] {dagbag.py:588} INFO - Filling up the DagBag from /home/airflow/.local/lib/python3.12/site-packages/airflow/example_dags/example_bash_operator.py
[2025-03-23T08:19:28.404+0000] {processor.py:925} INFO - DAG(s) 'example_bash_operator' retrieved from /home/airflow/.local/lib/python3.12/site-packages/airflow/example_dags/example_bash_operator.py
[2025-03-23T08:19:28.451+0000] {logging_mixin.py:190} INFO - [2025-03-23T08:19:28.451+0000] {dag.py:3239} INFO - Sync 1 DAGs
[2025-03-23T08:19:28.493+0000] {logging_mixin.py:190} INFO - [2025-03-23T08:19:28.493+0000] {dag.py:4180} INFO - Setting next_dagrun for example_bash_operator to 2025-03-22 00:00:00+00:00, run_after=2025-03-23 00:00:00+00:00
[2025-03-23T08:19:28.582+0000] {processor.py:208} INFO - Processing /home/airflow/.local/lib/python3.12/site-packages/airflow/example_dags/example_bash_operator.py took 0.231 seconds
[2025-03-23T08:19:59.537+0000] {processor.py:186} INFO - Started process (PID=1733) to work on /home/airflow/.local/lib/python3.12/site-packages/airflow/example_dags/example_bash_operator.py
[2025-03-23T08:19:59.538+0000] {processor.py:914} INFO - Processing file /home/airflow/.local/lib/python3.12/site-packages/airflow/example_dags/example_bash_operator.py for tasks to queue
[2025-03-23T08:19:59.543+0000] {logging_mixin.py:190} INFO - [2025-03-23T08:19:59.542+0000] {dagbag.py:588} INFO - Filling up the DagBag from /home/airflow/.local/lib/python3.12/site-packages/airflow/example_dags/example_bash_operator.py
[2025-03-23T08:19:59.562+0000] {processor.py:925} INFO - DAG(s) 'example_bash_operator' retrieved from /home/airflow/.local/lib/python3.12/site-packages/airflow/example_dags/example_bash_operator.py
[2025-03-23T08:19:59.599+0000] {logging_mixin.py:190} INFO - [2025-03-23T08:19:59.598+0000] {dag.py:3239} INFO - Sync 1 DAGs
[2025-03-23T08:19:59.632+0000] {logging_mixin.py:190} INFO - [2025-03-23T08:19:59.632+0000] {dag.py:4180} INFO - Setting next_dagrun for example_bash_operator to 2025-03-22 00:00:00+00:00, run_after=2025-03-23 00:00:00+00:00
[2025-03-23T08:19:59.690+0000] {processor.py:208} INFO - Processing /home/airflow/.local/lib/python3.12/site-packages/airflow/example_dags/example_bash_operator.py took 0.177 seconds
[2025-03-23T08:20:30.189+0000] {processor.py:186} INFO - Started process (PID=1797) to work on /home/airflow/.local/lib/python3.12/site-packages/airflow/example_dags/example_bash_operator.py
[2025-03-23T08:20:30.190+0000] {processor.py:914} INFO - Processing file /home/airflow/.local/lib/python3.12/site-packages/airflow/example_dags/example_bash_operator.py for tasks to queue
[2025-03-23T08:20:30.193+0000] {logging_mixin.py:190} INFO - [2025-03-23T08:20:30.193+0000] {dagbag.py:588} INFO - Filling up the DagBag from /home/airflow/.local/lib/python3.12/site-packages/airflow/example_dags/example_bash_operator.py
[2025-03-23T08:20:30.212+0000] {processor.py:925} INFO - DAG(s) 'example_bash_operator' retrieved from /home/airflow/.local/lib/python3.12/site-packages/airflow/example_dags/example_bash_operator.py
[2025-03-23T08:20:30.257+0000] {logging_mixin.py:190} INFO - [2025-03-23T08:20:30.256+0000] {dag.py:3239} INFO - Sync 1 DAGs
[2025-03-23T08:20:30.294+0000] {logging_mixin.py:190} INFO - [2025-03-23T08:20:30.294+0000] {dag.py:4180} INFO - Setting next_dagrun for example_bash_operator to 2025-03-22 00:00:00+00:00, run_after=2025-03-23 00:00:00+00:00
[2025-03-23T08:20:30.356+0000] {processor.py:208} INFO - Processing /home/airflow/.local/lib/python3.12/site-packages/airflow/example_dags/example_bash_operator.py took 0.180 seconds
[2025-03-23T08:24:48.952+0000] {processor.py:186} INFO - Started process (PID=98) to work on /home/airflow/.local/lib/python3.12/site-packages/airflow/example_dags/example_bash_operator.py
[2025-03-23T08:24:48.954+0000] {processor.py:914} INFO - Processing file /home/airflow/.local/lib/python3.12/site-packages/airflow/example_dags/example_bash_operator.py for tasks to queue
[2025-03-23T08:24:48.969+0000] {logging_mixin.py:190} INFO - [2025-03-23T08:24:48.965+0000] {dagbag.py:588} INFO - Filling up the DagBag from /home/airflow/.local/lib/python3.12/site-packages/airflow/example_dags/example_bash_operator.py
[2025-03-23T08:24:49.021+0000] {processor.py:925} INFO - DAG(s) 'example_bash_operator' retrieved from /home/airflow/.local/lib/python3.12/site-packages/airflow/example_dags/example_bash_operator.py
[2025-03-23T08:24:49.089+0000] {logging_mixin.py:190} INFO - [2025-03-23T08:24:49.088+0000] {dag.py:3239} INFO - Sync 1 DAGs
[2025-03-23T08:24:49.129+0000] {logging_mixin.py:190} INFO - [2025-03-23T08:24:49.128+0000] {dag.py:4180} INFO - Setting next_dagrun for example_bash_operator to 2025-03-22 00:00:00+00:00, run_after=2025-03-23 00:00:00+00:00
[2025-03-23T08:24:49.871+0000] {processor.py:208} INFO - Processing /home/airflow/.local/lib/python3.12/site-packages/airflow/example_dags/example_bash_operator.py took 0.954 seconds
[2025-03-23T08:26:34.271+0000] {processor.py:186} INFO - Started process (PID=81) to work on /home/airflow/.local/lib/python3.12/site-packages/airflow/example_dags/example_bash_operator.py
[2025-03-23T08:26:34.273+0000] {processor.py:914} INFO - Processing file /home/airflow/.local/lib/python3.12/site-packages/airflow/example_dags/example_bash_operator.py for tasks to queue
[2025-03-23T08:26:34.278+0000] {logging_mixin.py:190} INFO - [2025-03-23T08:26:34.277+0000] {dagbag.py:588} INFO - Filling up the DagBag from /home/airflow/.local/lib/python3.12/site-packages/airflow/example_dags/example_bash_operator.py
[2025-03-23T08:26:34.316+0000] {processor.py:925} INFO - DAG(s) 'example_bash_operator' retrieved from /home/airflow/.local/lib/python3.12/site-packages/airflow/example_dags/example_bash_operator.py
[2025-03-23T08:26:34.387+0000] {logging_mixin.py:190} INFO - [2025-03-23T08:26:34.386+0000] {dag.py:3239} INFO - Sync 1 DAGs
[2025-03-23T08:26:34.423+0000] {logging_mixin.py:190} INFO - [2025-03-23T08:26:34.423+0000] {dag.py:4180} INFO - Setting next_dagrun for example_bash_operator to 2025-03-22 00:00:00+00:00, run_after=2025-03-23 00:00:00+00:00
[2025-03-23T08:26:34.499+0000] {processor.py:208} INFO - Processing /home/airflow/.local/lib/python3.12/site-packages/airflow/example_dags/example_bash_operator.py took 0.246 seconds
[2025-03-23T08:27:04.732+0000] {processor.py:186} INFO - Started process (PID=150) to work on /home/airflow/.local/lib/python3.12/site-packages/airflow/example_dags/example_bash_operator.py
[2025-03-23T08:27:04.733+0000] {processor.py:914} INFO - Processing file /home/airflow/.local/lib/python3.12/site-packages/airflow/example_dags/example_bash_operator.py for tasks to queue
[2025-03-23T08:27:04.740+0000] {logging_mixin.py:190} INFO - [2025-03-23T08:27:04.739+0000] {dagbag.py:588} INFO - Filling up the DagBag from /home/airflow/.local/lib/python3.12/site-packages/airflow/example_dags/example_bash_operator.py
[2025-03-23T08:27:04.764+0000] {processor.py:925} INFO - DAG(s) 'example_bash_operator' retrieved from /home/airflow/.local/lib/python3.12/site-packages/airflow/example_dags/example_bash_operator.py
[2025-03-23T08:27:04.810+0000] {logging_mixin.py:190} INFO - [2025-03-23T08:27:04.809+0000] {dag.py:3239} INFO - Sync 1 DAGs
[2025-03-23T08:27:04.847+0000] {logging_mixin.py:190} INFO - [2025-03-23T08:27:04.847+0000] {dag.py:4180} INFO - Setting next_dagrun for example_bash_operator to 2025-03-22 00:00:00+00:00, run_after=2025-03-23 00:00:00+00:00
[2025-03-23T08:27:05.054+0000] {processor.py:208} INFO - Processing /home/airflow/.local/lib/python3.12/site-packages/airflow/example_dags/example_bash_operator.py took 0.340 seconds
[2025-03-23T08:27:35.551+0000] {processor.py:186} INFO - Started process (PID=215) to work on /home/airflow/.local/lib/python3.12/site-packages/airflow/example_dags/example_bash_operator.py
[2025-03-23T08:27:35.559+0000] {processor.py:914} INFO - Processing file /home/airflow/.local/lib/python3.12/site-packages/airflow/example_dags/example_bash_operator.py for tasks to queue
[2025-03-23T08:27:35.563+0000] {logging_mixin.py:190} INFO - [2025-03-23T08:27:35.563+0000] {dagbag.py:588} INFO - Filling up the DagBag from /home/airflow/.local/lib/python3.12/site-packages/airflow/example_dags/example_bash_operator.py
[2025-03-23T08:27:35.583+0000] {processor.py:925} INFO - DAG(s) 'example_bash_operator' retrieved from /home/airflow/.local/lib/python3.12/site-packages/airflow/example_dags/example_bash_operator.py
[2025-03-23T08:27:35.725+0000] {logging_mixin.py:190} INFO - [2025-03-23T08:27:35.725+0000] {dag.py:3239} INFO - Sync 1 DAGs
[2025-03-23T08:27:35.785+0000] {logging_mixin.py:190} INFO - [2025-03-23T08:27:35.785+0000] {dag.py:4180} INFO - Setting next_dagrun for example_bash_operator to 2025-03-22 00:00:00+00:00, run_after=2025-03-23 00:00:00+00:00
[2025-03-23T08:27:35.938+0000] {processor.py:208} INFO - Processing /home/airflow/.local/lib/python3.12/site-packages/airflow/example_dags/example_bash_operator.py took 0.395 seconds
[2025-03-23T08:28:06.227+0000] {processor.py:186} INFO - Started process (PID=279) to work on /home/airflow/.local/lib/python3.12/site-packages/airflow/example_dags/example_bash_operator.py
[2025-03-23T08:28:06.228+0000] {processor.py:914} INFO - Processing file /home/airflow/.local/lib/python3.12/site-packages/airflow/example_dags/example_bash_operator.py for tasks to queue
[2025-03-23T08:28:06.232+0000] {logging_mixin.py:190} INFO - [2025-03-23T08:28:06.231+0000] {dagbag.py:588} INFO - Filling up the DagBag from /home/airflow/.local/lib/python3.12/site-packages/airflow/example_dags/example_bash_operator.py
[2025-03-23T08:28:06.254+0000] {processor.py:925} INFO - DAG(s) 'example_bash_operator' retrieved from /home/airflow/.local/lib/python3.12/site-packages/airflow/example_dags/example_bash_operator.py
[2025-03-23T08:28:06.312+0000] {logging_mixin.py:190} INFO - [2025-03-23T08:28:06.312+0000] {dag.py:3239} INFO - Sync 1 DAGs
[2025-03-23T08:28:06.355+0000] {logging_mixin.py:190} INFO - [2025-03-23T08:28:06.355+0000] {dag.py:4180} INFO - Setting next_dagrun for example_bash_operator to 2025-03-22 00:00:00+00:00, run_after=2025-03-23 00:00:00+00:00
[2025-03-23T08:28:06.438+0000] {processor.py:208} INFO - Processing /home/airflow/.local/lib/python3.12/site-packages/airflow/example_dags/example_bash_operator.py took 0.218 seconds
[2025-03-23T08:28:37.344+0000] {processor.py:186} INFO - Started process (PID=343) to work on /home/airflow/.local/lib/python3.12/site-packages/airflow/example_dags/example_bash_operator.py
[2025-03-23T08:28:37.346+0000] {processor.py:914} INFO - Processing file /home/airflow/.local/lib/python3.12/site-packages/airflow/example_dags/example_bash_operator.py for tasks to queue
[2025-03-23T08:28:37.351+0000] {logging_mixin.py:190} INFO - [2025-03-23T08:28:37.350+0000] {dagbag.py:588} INFO - Filling up the DagBag from /home/airflow/.local/lib/python3.12/site-packages/airflow/example_dags/example_bash_operator.py
[2025-03-23T08:28:37.384+0000] {processor.py:925} INFO - DAG(s) 'example_bash_operator' retrieved from /home/airflow/.local/lib/python3.12/site-packages/airflow/example_dags/example_bash_operator.py
[2025-03-23T08:28:37.457+0000] {logging_mixin.py:190} INFO - [2025-03-23T08:28:37.457+0000] {dag.py:3239} INFO - Sync 1 DAGs
[2025-03-23T08:28:37.511+0000] {logging_mixin.py:190} INFO - [2025-03-23T08:28:37.511+0000] {dag.py:4180} INFO - Setting next_dagrun for example_bash_operator to 2025-03-22 00:00:00+00:00, run_after=2025-03-23 00:00:00+00:00
[2025-03-23T08:28:37.608+0000] {processor.py:208} INFO - Processing /home/airflow/.local/lib/python3.12/site-packages/airflow/example_dags/example_bash_operator.py took 0.277 seconds
[2025-03-23T08:29:08.081+0000] {processor.py:186} INFO - Started process (PID=407) to work on /home/airflow/.local/lib/python3.12/site-packages/airflow/example_dags/example_bash_operator.py
[2025-03-23T08:29:08.083+0000] {processor.py:914} INFO - Processing file /home/airflow/.local/lib/python3.12/site-packages/airflow/example_dags/example_bash_operator.py for tasks to queue
[2025-03-23T08:29:08.087+0000] {logging_mixin.py:190} INFO - [2025-03-23T08:29:08.086+0000] {dagbag.py:588} INFO - Filling up the DagBag from /home/airflow/.local/lib/python3.12/site-packages/airflow/example_dags/example_bash_operator.py
[2025-03-23T08:29:08.107+0000] {processor.py:925} INFO - DAG(s) 'example_bash_operator' retrieved from /home/airflow/.local/lib/python3.12/site-packages/airflow/example_dags/example_bash_operator.py
[2025-03-23T08:29:08.154+0000] {logging_mixin.py:190} INFO - [2025-03-23T08:29:08.154+0000] {dag.py:3239} INFO - Sync 1 DAGs
[2025-03-23T08:29:08.189+0000] {logging_mixin.py:190} INFO - [2025-03-23T08:29:08.188+0000] {dag.py:4180} INFO - Setting next_dagrun for example_bash_operator to 2025-03-22 00:00:00+00:00, run_after=2025-03-23 00:00:00+00:00
[2025-03-23T08:29:08.258+0000] {processor.py:208} INFO - Processing /home/airflow/.local/lib/python3.12/site-packages/airflow/example_dags/example_bash_operator.py took 0.189 seconds
[2025-03-23T08:29:39.216+0000] {processor.py:186} INFO - Started process (PID=471) to work on /home/airflow/.local/lib/python3.12/site-packages/airflow/example_dags/example_bash_operator.py
[2025-03-23T08:29:39.218+0000] {processor.py:914} INFO - Processing file /home/airflow/.local/lib/python3.12/site-packages/airflow/example_dags/example_bash_operator.py for tasks to queue
[2025-03-23T08:29:39.221+0000] {logging_mixin.py:190} INFO - [2025-03-23T08:29:39.220+0000] {dagbag.py:588} INFO - Filling up the DagBag from /home/airflow/.local/lib/python3.12/site-packages/airflow/example_dags/example_bash_operator.py
[2025-03-23T08:29:39.244+0000] {processor.py:925} INFO - DAG(s) 'example_bash_operator' retrieved from /home/airflow/.local/lib/python3.12/site-packages/airflow/example_dags/example_bash_operator.py
[2025-03-23T08:29:39.286+0000] {logging_mixin.py:190} INFO - [2025-03-23T08:29:39.286+0000] {dag.py:3239} INFO - Sync 1 DAGs
[2025-03-23T08:29:39.321+0000] {logging_mixin.py:190} INFO - [2025-03-23T08:29:39.320+0000] {dag.py:4180} INFO - Setting next_dagrun for example_bash_operator to 2025-03-22 00:00:00+00:00, run_after=2025-03-23 00:00:00+00:00
[2025-03-23T08:29:39.379+0000] {processor.py:208} INFO - Processing /home/airflow/.local/lib/python3.12/site-packages/airflow/example_dags/example_bash_operator.py took 0.174 seconds
