[2025-03-23T08:07:31.023+0000] {processor.py:186} INFO - Started process (PID=150) to work on /home/airflow/.local/lib/python3.12/site-packages/airflow/example_dags/example_skip_dag.py
[2025-03-23T08:07:31.025+0000] {processor.py:914} INFO - Processing file /home/airflow/.local/lib/python3.12/site-packages/airflow/example_dags/example_skip_dag.py for tasks to queue
[2025-03-23T08:07:31.033+0000] {logging_mixin.py:190} INFO - [2025-03-23T08:07:31.031+0000] {dagbag.py:588} INFO - Filling up the DagBag from /home/airflow/.local/lib/python3.12/site-packages/airflow/example_dags/example_skip_dag.py
[2025-03-23T08:07:31.059+0000] {processor.py:925} INFO - DAG(s) 'example_skip_dag' retrieved from /home/airflow/.local/lib/python3.12/site-packages/airflow/example_dags/example_skip_dag.py
[2025-03-23T08:07:31.423+0000] {logging_mixin.py:190} INFO - [2025-03-23T08:07:31.422+0000] {override.py:1911} INFO - Created Permission View: can edit on DAG:example_skip_dag
[2025-03-23T08:07:31.479+0000] {logging_mixin.py:190} INFO - [2025-03-23T08:07:31.478+0000] {override.py:1911} INFO - Created Permission View: can delete on DAG:example_skip_dag
[2025-03-23T08:07:31.534+0000] {logging_mixin.py:190} INFO - [2025-03-23T08:07:31.534+0000] {override.py:1911} INFO - Created Permission View: can read on DAG:example_skip_dag
[2025-03-23T08:07:31.657+0000] {logging_mixin.py:190} INFO - [2025-03-23T08:07:31.657+0000] {override.py:1911} INFO - Created Permission View: menu access on DAG Run:example_skip_dag
[2025-03-23T08:07:31.724+0000] {logging_mixin.py:190} INFO - [2025-03-23T08:07:31.723+0000] {override.py:1911} INFO - Created Permission View: can create on DAG Run:example_skip_dag
[2025-03-23T08:07:31.791+0000] {logging_mixin.py:190} INFO - [2025-03-23T08:07:31.790+0000] {override.py:1911} INFO - Created Permission View: can read on DAG Run:example_skip_dag
[2025-03-23T08:07:31.856+0000] {logging_mixin.py:190} INFO - [2025-03-23T08:07:31.856+0000] {override.py:1911} INFO - Created Permission View: can delete on DAG Run:example_skip_dag
[2025-03-23T08:07:31.857+0000] {logging_mixin.py:190} INFO - [2025-03-23T08:07:31.857+0000] {dag.py:3239} INFO - Sync 1 DAGs
[2025-03-23T08:07:31.880+0000] {logging_mixin.py:190} INFO - [2025-03-23T08:07:31.880+0000] {dag.py:3262} INFO - Creating ORM DAG for example_skip_dag
[2025-03-23T08:07:31.905+0000] {logging_mixin.py:190} INFO - [2025-03-23T08:07:31.904+0000] {dag.py:4180} INFO - Setting next_dagrun for example_skip_dag to 2025-03-22 00:00:00+00:00, run_after=2025-03-23 00:00:00+00:00
[2025-03-23T08:07:32.006+0000] {processor.py:208} INFO - Processing /home/airflow/.local/lib/python3.12/site-packages/airflow/example_dags/example_skip_dag.py took 0.999 seconds
[2025-03-23T08:08:02.474+0000] {processor.py:186} INFO - Started process (PID=215) to work on /home/airflow/.local/lib/python3.12/site-packages/airflow/example_dags/example_skip_dag.py
[2025-03-23T08:08:02.476+0000] {processor.py:914} INFO - Processing file /home/airflow/.local/lib/python3.12/site-packages/airflow/example_dags/example_skip_dag.py for tasks to queue
[2025-03-23T08:08:02.481+0000] {logging_mixin.py:190} INFO - [2025-03-23T08:08:02.480+0000] {dagbag.py:588} INFO - Filling up the DagBag from /home/airflow/.local/lib/python3.12/site-packages/airflow/example_dags/example_skip_dag.py
[2025-03-23T08:08:02.496+0000] {processor.py:925} INFO - DAG(s) 'example_skip_dag' retrieved from /home/airflow/.local/lib/python3.12/site-packages/airflow/example_dags/example_skip_dag.py
[2025-03-23T08:08:02.569+0000] {logging_mixin.py:190} INFO - [2025-03-23T08:08:02.569+0000] {dag.py:3239} INFO - Sync 1 DAGs
[2025-03-23T08:08:02.652+0000] {logging_mixin.py:190} INFO - [2025-03-23T08:08:02.652+0000] {dag.py:4180} INFO - Setting next_dagrun for example_skip_dag to 2025-03-22 00:00:00+00:00, run_after=2025-03-23 00:00:00+00:00
[2025-03-23T08:08:02.775+0000] {processor.py:208} INFO - Processing /home/airflow/.local/lib/python3.12/site-packages/airflow/example_dags/example_skip_dag.py took 0.311 seconds
[2025-03-23T08:08:33.420+0000] {processor.py:186} INFO - Started process (PID=279) to work on /home/airflow/.local/lib/python3.12/site-packages/airflow/example_dags/example_skip_dag.py
[2025-03-23T08:08:33.421+0000] {processor.py:914} INFO - Processing file /home/airflow/.local/lib/python3.12/site-packages/airflow/example_dags/example_skip_dag.py for tasks to queue
[2025-03-23T08:08:33.425+0000] {logging_mixin.py:190} INFO - [2025-03-23T08:08:33.425+0000] {dagbag.py:588} INFO - Filling up the DagBag from /home/airflow/.local/lib/python3.12/site-packages/airflow/example_dags/example_skip_dag.py
[2025-03-23T08:08:33.436+0000] {processor.py:925} INFO - DAG(s) 'example_skip_dag' retrieved from /home/airflow/.local/lib/python3.12/site-packages/airflow/example_dags/example_skip_dag.py
[2025-03-23T08:08:33.465+0000] {logging_mixin.py:190} INFO - [2025-03-23T08:08:33.465+0000] {dag.py:3239} INFO - Sync 1 DAGs
[2025-03-23T08:08:33.519+0000] {logging_mixin.py:190} INFO - [2025-03-23T08:08:33.518+0000] {dag.py:4180} INFO - Setting next_dagrun for example_skip_dag to 2025-03-22 00:00:00+00:00, run_after=2025-03-23 00:00:00+00:00
[2025-03-23T08:08:33.702+0000] {processor.py:208} INFO - Processing /home/airflow/.local/lib/python3.12/site-packages/airflow/example_dags/example_skip_dag.py took 0.292 seconds
[2025-03-23T08:09:03.846+0000] {processor.py:186} INFO - Started process (PID=342) to work on /home/airflow/.local/lib/python3.12/site-packages/airflow/example_dags/example_skip_dag.py
[2025-03-23T08:09:03.848+0000] {processor.py:914} INFO - Processing file /home/airflow/.local/lib/python3.12/site-packages/airflow/example_dags/example_skip_dag.py for tasks to queue
[2025-03-23T08:09:03.853+0000] {logging_mixin.py:190} INFO - [2025-03-23T08:09:03.853+0000] {dagbag.py:588} INFO - Filling up the DagBag from /home/airflow/.local/lib/python3.12/site-packages/airflow/example_dags/example_skip_dag.py
[2025-03-23T08:09:03.883+0000] {processor.py:925} INFO - DAG(s) 'example_skip_dag' retrieved from /home/airflow/.local/lib/python3.12/site-packages/airflow/example_dags/example_skip_dag.py
[2025-03-23T08:09:03.925+0000] {logging_mixin.py:190} INFO - [2025-03-23T08:09:03.925+0000] {dag.py:3239} INFO - Sync 1 DAGs
[2025-03-23T08:09:03.975+0000] {logging_mixin.py:190} INFO - [2025-03-23T08:09:03.975+0000] {dag.py:4180} INFO - Setting next_dagrun for example_skip_dag to 2025-03-22 00:00:00+00:00, run_after=2025-03-23 00:00:00+00:00
[2025-03-23T08:09:04.132+0000] {processor.py:208} INFO - Processing /home/airflow/.local/lib/python3.12/site-packages/airflow/example_dags/example_skip_dag.py took 0.296 seconds
[2025-03-23T08:09:34.288+0000] {processor.py:186} INFO - Started process (PID=405) to work on /home/airflow/.local/lib/python3.12/site-packages/airflow/example_dags/example_skip_dag.py
[2025-03-23T08:09:34.289+0000] {processor.py:914} INFO - Processing file /home/airflow/.local/lib/python3.12/site-packages/airflow/example_dags/example_skip_dag.py for tasks to queue
[2025-03-23T08:09:34.293+0000] {logging_mixin.py:190} INFO - [2025-03-23T08:09:34.292+0000] {dagbag.py:588} INFO - Filling up the DagBag from /home/airflow/.local/lib/python3.12/site-packages/airflow/example_dags/example_skip_dag.py
[2025-03-23T08:09:34.302+0000] {processor.py:925} INFO - DAG(s) 'example_skip_dag' retrieved from /home/airflow/.local/lib/python3.12/site-packages/airflow/example_dags/example_skip_dag.py
[2025-03-23T08:09:34.343+0000] {logging_mixin.py:190} INFO - [2025-03-23T08:09:34.342+0000] {dag.py:3239} INFO - Sync 1 DAGs
[2025-03-23T08:09:34.371+0000] {logging_mixin.py:190} INFO - [2025-03-23T08:09:34.371+0000] {dag.py:4180} INFO - Setting next_dagrun for example_skip_dag to 2025-03-22 00:00:00+00:00, run_after=2025-03-23 00:00:00+00:00
[2025-03-23T08:09:35.126+0000] {processor.py:208} INFO - Processing /home/airflow/.local/lib/python3.12/site-packages/airflow/example_dags/example_skip_dag.py took 0.846 seconds
[2025-03-23T08:10:05.587+0000] {processor.py:186} INFO - Started process (PID=469) to work on /home/airflow/.local/lib/python3.12/site-packages/airflow/example_dags/example_skip_dag.py
[2025-03-23T08:10:05.591+0000] {processor.py:914} INFO - Processing file /home/airflow/.local/lib/python3.12/site-packages/airflow/example_dags/example_skip_dag.py for tasks to queue
[2025-03-23T08:10:05.603+0000] {logging_mixin.py:190} INFO - [2025-03-23T08:10:05.602+0000] {dagbag.py:588} INFO - Filling up the DagBag from /home/airflow/.local/lib/python3.12/site-packages/airflow/example_dags/example_skip_dag.py
[2025-03-23T08:10:05.653+0000] {processor.py:925} INFO - DAG(s) 'example_skip_dag' retrieved from /home/airflow/.local/lib/python3.12/site-packages/airflow/example_dags/example_skip_dag.py
[2025-03-23T08:10:05.721+0000] {logging_mixin.py:190} INFO - [2025-03-23T08:10:05.719+0000] {dag.py:3239} INFO - Sync 1 DAGs
[2025-03-23T08:10:05.762+0000] {logging_mixin.py:190} INFO - [2025-03-23T08:10:05.762+0000] {dag.py:4180} INFO - Setting next_dagrun for example_skip_dag to 2025-03-22 00:00:00+00:00, run_after=2025-03-23 00:00:00+00:00
[2025-03-23T08:10:05.849+0000] {processor.py:208} INFO - Processing /home/airflow/.local/lib/python3.12/site-packages/airflow/example_dags/example_skip_dag.py took 0.278 seconds
[2025-03-23T08:10:35.904+0000] {processor.py:186} INFO - Started process (PID=533) to work on /home/airflow/.local/lib/python3.12/site-packages/airflow/example_dags/example_skip_dag.py
[2025-03-23T08:10:35.905+0000] {processor.py:914} INFO - Processing file /home/airflow/.local/lib/python3.12/site-packages/airflow/example_dags/example_skip_dag.py for tasks to queue
[2025-03-23T08:10:35.909+0000] {logging_mixin.py:190} INFO - [2025-03-23T08:10:35.908+0000] {dagbag.py:588} INFO - Filling up the DagBag from /home/airflow/.local/lib/python3.12/site-packages/airflow/example_dags/example_skip_dag.py
[2025-03-23T08:10:35.921+0000] {processor.py:925} INFO - DAG(s) 'example_skip_dag' retrieved from /home/airflow/.local/lib/python3.12/site-packages/airflow/example_dags/example_skip_dag.py
[2025-03-23T08:10:35.951+0000] {logging_mixin.py:190} INFO - [2025-03-23T08:10:35.950+0000] {dag.py:3239} INFO - Sync 1 DAGs
[2025-03-23T08:10:35.986+0000] {logging_mixin.py:190} INFO - [2025-03-23T08:10:35.985+0000] {dag.py:4180} INFO - Setting next_dagrun for example_skip_dag to 2025-03-22 00:00:00+00:00, run_after=2025-03-23 00:00:00+00:00
[2025-03-23T08:10:36.308+0000] {processor.py:208} INFO - Processing /home/airflow/.local/lib/python3.12/site-packages/airflow/example_dags/example_skip_dag.py took 0.412 seconds
[2025-03-23T08:11:06.381+0000] {processor.py:186} INFO - Started process (PID=598) to work on /home/airflow/.local/lib/python3.12/site-packages/airflow/example_dags/example_skip_dag.py
[2025-03-23T08:11:06.383+0000] {processor.py:914} INFO - Processing file /home/airflow/.local/lib/python3.12/site-packages/airflow/example_dags/example_skip_dag.py for tasks to queue
[2025-03-23T08:11:06.387+0000] {logging_mixin.py:190} INFO - [2025-03-23T08:11:06.386+0000] {dagbag.py:588} INFO - Filling up the DagBag from /home/airflow/.local/lib/python3.12/site-packages/airflow/example_dags/example_skip_dag.py
[2025-03-23T08:11:06.396+0000] {processor.py:925} INFO - DAG(s) 'example_skip_dag' retrieved from /home/airflow/.local/lib/python3.12/site-packages/airflow/example_dags/example_skip_dag.py
[2025-03-23T08:11:06.425+0000] {logging_mixin.py:190} INFO - [2025-03-23T08:11:06.424+0000] {dag.py:3239} INFO - Sync 1 DAGs
[2025-03-23T08:11:06.460+0000] {logging_mixin.py:190} INFO - [2025-03-23T08:11:06.460+0000] {dag.py:4180} INFO - Setting next_dagrun for example_skip_dag to 2025-03-22 00:00:00+00:00, run_after=2025-03-23 00:00:00+00:00
[2025-03-23T08:11:06.518+0000] {processor.py:208} INFO - Processing /home/airflow/.local/lib/python3.12/site-packages/airflow/example_dags/example_skip_dag.py took 0.146 seconds
[2025-03-23T08:11:36.749+0000] {processor.py:186} INFO - Started process (PID=661) to work on /home/airflow/.local/lib/python3.12/site-packages/airflow/example_dags/example_skip_dag.py
[2025-03-23T08:11:36.750+0000] {processor.py:914} INFO - Processing file /home/airflow/.local/lib/python3.12/site-packages/airflow/example_dags/example_skip_dag.py for tasks to queue
[2025-03-23T08:11:36.754+0000] {logging_mixin.py:190} INFO - [2025-03-23T08:11:36.753+0000] {dagbag.py:588} INFO - Filling up the DagBag from /home/airflow/.local/lib/python3.12/site-packages/airflow/example_dags/example_skip_dag.py
[2025-03-23T08:11:36.765+0000] {processor.py:925} INFO - DAG(s) 'example_skip_dag' retrieved from /home/airflow/.local/lib/python3.12/site-packages/airflow/example_dags/example_skip_dag.py
[2025-03-23T08:11:36.789+0000] {logging_mixin.py:190} INFO - [2025-03-23T08:11:36.789+0000] {dag.py:3239} INFO - Sync 1 DAGs
[2025-03-23T08:11:36.816+0000] {logging_mixin.py:190} INFO - [2025-03-23T08:11:36.816+0000] {dag.py:4180} INFO - Setting next_dagrun for example_skip_dag to 2025-03-22 00:00:00+00:00, run_after=2025-03-23 00:00:00+00:00
[2025-03-23T08:11:36.876+0000] {processor.py:208} INFO - Processing /home/airflow/.local/lib/python3.12/site-packages/airflow/example_dags/example_skip_dag.py took 0.136 seconds
[2025-03-23T08:12:07.076+0000] {processor.py:186} INFO - Started process (PID=725) to work on /home/airflow/.local/lib/python3.12/site-packages/airflow/example_dags/example_skip_dag.py
[2025-03-23T08:12:07.078+0000] {processor.py:914} INFO - Processing file /home/airflow/.local/lib/python3.12/site-packages/airflow/example_dags/example_skip_dag.py for tasks to queue
[2025-03-23T08:12:07.082+0000] {logging_mixin.py:190} INFO - [2025-03-23T08:12:07.082+0000] {dagbag.py:588} INFO - Filling up the DagBag from /home/airflow/.local/lib/python3.12/site-packages/airflow/example_dags/example_skip_dag.py
[2025-03-23T08:12:07.094+0000] {processor.py:925} INFO - DAG(s) 'example_skip_dag' retrieved from /home/airflow/.local/lib/python3.12/site-packages/airflow/example_dags/example_skip_dag.py
[2025-03-23T08:12:07.125+0000] {logging_mixin.py:190} INFO - [2025-03-23T08:12:07.125+0000] {dag.py:3239} INFO - Sync 1 DAGs
[2025-03-23T08:12:07.163+0000] {logging_mixin.py:190} INFO - [2025-03-23T08:12:07.163+0000] {dag.py:4180} INFO - Setting next_dagrun for example_skip_dag to 2025-03-22 00:00:00+00:00, run_after=2025-03-23 00:00:00+00:00
[2025-03-23T08:12:07.255+0000] {processor.py:208} INFO - Processing /home/airflow/.local/lib/python3.12/site-packages/airflow/example_dags/example_skip_dag.py took 0.191 seconds
[2025-03-23T08:12:38.213+0000] {processor.py:186} INFO - Started process (PID=789) to work on /home/airflow/.local/lib/python3.12/site-packages/airflow/example_dags/example_skip_dag.py
[2025-03-23T08:12:38.214+0000] {processor.py:914} INFO - Processing file /home/airflow/.local/lib/python3.12/site-packages/airflow/example_dags/example_skip_dag.py for tasks to queue
[2025-03-23T08:12:38.217+0000] {logging_mixin.py:190} INFO - [2025-03-23T08:12:38.217+0000] {dagbag.py:588} INFO - Filling up the DagBag from /home/airflow/.local/lib/python3.12/site-packages/airflow/example_dags/example_skip_dag.py
[2025-03-23T08:12:38.229+0000] {processor.py:925} INFO - DAG(s) 'example_skip_dag' retrieved from /home/airflow/.local/lib/python3.12/site-packages/airflow/example_dags/example_skip_dag.py
[2025-03-23T08:12:38.257+0000] {logging_mixin.py:190} INFO - [2025-03-23T08:12:38.257+0000] {dag.py:3239} INFO - Sync 1 DAGs
[2025-03-23T08:12:38.285+0000] {logging_mixin.py:190} INFO - [2025-03-23T08:12:38.284+0000] {dag.py:4180} INFO - Setting next_dagrun for example_skip_dag to 2025-03-22 00:00:00+00:00, run_after=2025-03-23 00:00:00+00:00
[2025-03-23T08:12:38.344+0000] {processor.py:208} INFO - Processing /home/airflow/.local/lib/python3.12/site-packages/airflow/example_dags/example_skip_dag.py took 0.137 seconds
[2025-03-23T08:13:09.401+0000] {processor.py:186} INFO - Started process (PID=853) to work on /home/airflow/.local/lib/python3.12/site-packages/airflow/example_dags/example_skip_dag.py
[2025-03-23T08:13:09.403+0000] {processor.py:914} INFO - Processing file /home/airflow/.local/lib/python3.12/site-packages/airflow/example_dags/example_skip_dag.py for tasks to queue
[2025-03-23T08:13:09.406+0000] {logging_mixin.py:190} INFO - [2025-03-23T08:13:09.406+0000] {dagbag.py:588} INFO - Filling up the DagBag from /home/airflow/.local/lib/python3.12/site-packages/airflow/example_dags/example_skip_dag.py
[2025-03-23T08:13:09.416+0000] {processor.py:925} INFO - DAG(s) 'example_skip_dag' retrieved from /home/airflow/.local/lib/python3.12/site-packages/airflow/example_dags/example_skip_dag.py
[2025-03-23T08:13:09.445+0000] {logging_mixin.py:190} INFO - [2025-03-23T08:13:09.444+0000] {dag.py:3239} INFO - Sync 1 DAGs
[2025-03-23T08:13:09.473+0000] {logging_mixin.py:190} INFO - [2025-03-23T08:13:09.473+0000] {dag.py:4180} INFO - Setting next_dagrun for example_skip_dag to 2025-03-22 00:00:00+00:00, run_after=2025-03-23 00:00:00+00:00
[2025-03-23T08:13:09.533+0000] {processor.py:208} INFO - Processing /home/airflow/.local/lib/python3.12/site-packages/airflow/example_dags/example_skip_dag.py took 0.141 seconds
[2025-03-23T08:13:40.099+0000] {processor.py:186} INFO - Started process (PID=916) to work on /home/airflow/.local/lib/python3.12/site-packages/airflow/example_dags/example_skip_dag.py
[2025-03-23T08:13:40.101+0000] {processor.py:914} INFO - Processing file /home/airflow/.local/lib/python3.12/site-packages/airflow/example_dags/example_skip_dag.py for tasks to queue
[2025-03-23T08:13:40.103+0000] {logging_mixin.py:190} INFO - [2025-03-23T08:13:40.103+0000] {dagbag.py:588} INFO - Filling up the DagBag from /home/airflow/.local/lib/python3.12/site-packages/airflow/example_dags/example_skip_dag.py
[2025-03-23T08:13:40.113+0000] {processor.py:925} INFO - DAG(s) 'example_skip_dag' retrieved from /home/airflow/.local/lib/python3.12/site-packages/airflow/example_dags/example_skip_dag.py
[2025-03-23T08:13:40.139+0000] {logging_mixin.py:190} INFO - [2025-03-23T08:13:40.138+0000] {dag.py:3239} INFO - Sync 1 DAGs
[2025-03-23T08:13:40.169+0000] {logging_mixin.py:190} INFO - [2025-03-23T08:13:40.168+0000] {dag.py:4180} INFO - Setting next_dagrun for example_skip_dag to 2025-03-22 00:00:00+00:00, run_after=2025-03-23 00:00:00+00:00
[2025-03-23T08:13:40.292+0000] {processor.py:208} INFO - Processing /home/airflow/.local/lib/python3.12/site-packages/airflow/example_dags/example_skip_dag.py took 0.200 seconds
[2025-03-23T08:14:10.447+0000] {processor.py:186} INFO - Started process (PID=980) to work on /home/airflow/.local/lib/python3.12/site-packages/airflow/example_dags/example_skip_dag.py
[2025-03-23T08:14:10.448+0000] {processor.py:914} INFO - Processing file /home/airflow/.local/lib/python3.12/site-packages/airflow/example_dags/example_skip_dag.py for tasks to queue
[2025-03-23T08:14:10.452+0000] {logging_mixin.py:190} INFO - [2025-03-23T08:14:10.451+0000] {dagbag.py:588} INFO - Filling up the DagBag from /home/airflow/.local/lib/python3.12/site-packages/airflow/example_dags/example_skip_dag.py
[2025-03-23T08:14:10.464+0000] {processor.py:925} INFO - DAG(s) 'example_skip_dag' retrieved from /home/airflow/.local/lib/python3.12/site-packages/airflow/example_dags/example_skip_dag.py
[2025-03-23T08:14:10.495+0000] {logging_mixin.py:190} INFO - [2025-03-23T08:14:10.494+0000] {dag.py:3239} INFO - Sync 1 DAGs
[2025-03-23T08:14:10.526+0000] {logging_mixin.py:190} INFO - [2025-03-23T08:14:10.526+0000] {dag.py:4180} INFO - Setting next_dagrun for example_skip_dag to 2025-03-22 00:00:00+00:00, run_after=2025-03-23 00:00:00+00:00
[2025-03-23T08:14:10.604+0000] {processor.py:208} INFO - Processing /home/airflow/.local/lib/python3.12/site-packages/airflow/example_dags/example_skip_dag.py took 0.166 seconds
[2025-03-23T08:14:40.945+0000] {processor.py:186} INFO - Started process (PID=1051) to work on /home/airflow/.local/lib/python3.12/site-packages/airflow/example_dags/example_skip_dag.py
[2025-03-23T08:14:40.946+0000] {processor.py:914} INFO - Processing file /home/airflow/.local/lib/python3.12/site-packages/airflow/example_dags/example_skip_dag.py for tasks to queue
[2025-03-23T08:14:40.950+0000] {logging_mixin.py:190} INFO - [2025-03-23T08:14:40.949+0000] {dagbag.py:588} INFO - Filling up the DagBag from /home/airflow/.local/lib/python3.12/site-packages/airflow/example_dags/example_skip_dag.py
[2025-03-23T08:14:40.964+0000] {processor.py:925} INFO - DAG(s) 'example_skip_dag' retrieved from /home/airflow/.local/lib/python3.12/site-packages/airflow/example_dags/example_skip_dag.py
[2025-03-23T08:14:40.992+0000] {logging_mixin.py:190} INFO - [2025-03-23T08:14:40.992+0000] {dag.py:3239} INFO - Sync 1 DAGs
[2025-03-23T08:14:41.021+0000] {logging_mixin.py:190} INFO - [2025-03-23T08:14:41.021+0000] {dag.py:4180} INFO - Setting next_dagrun for example_skip_dag to 2025-03-22 00:00:00+00:00, run_after=2025-03-23 00:00:00+00:00
[2025-03-23T08:14:41.094+0000] {processor.py:208} INFO - Processing /home/airflow/.local/lib/python3.12/site-packages/airflow/example_dags/example_skip_dag.py took 0.159 seconds
[2025-03-23T08:15:11.280+0000] {processor.py:186} INFO - Started process (PID=1132) to work on /home/airflow/.local/lib/python3.12/site-packages/airflow/example_dags/example_skip_dag.py
[2025-03-23T08:15:11.281+0000] {processor.py:914} INFO - Processing file /home/airflow/.local/lib/python3.12/site-packages/airflow/example_dags/example_skip_dag.py for tasks to queue
[2025-03-23T08:15:11.284+0000] {logging_mixin.py:190} INFO - [2025-03-23T08:15:11.283+0000] {dagbag.py:588} INFO - Filling up the DagBag from /home/airflow/.local/lib/python3.12/site-packages/airflow/example_dags/example_skip_dag.py
[2025-03-23T08:15:11.293+0000] {processor.py:925} INFO - DAG(s) 'example_skip_dag' retrieved from /home/airflow/.local/lib/python3.12/site-packages/airflow/example_dags/example_skip_dag.py
[2025-03-23T08:15:11.316+0000] {logging_mixin.py:190} INFO - [2025-03-23T08:15:11.316+0000] {dag.py:3239} INFO - Sync 1 DAGs
[2025-03-23T08:15:11.343+0000] {logging_mixin.py:190} INFO - [2025-03-23T08:15:11.342+0000] {dag.py:4180} INFO - Setting next_dagrun for example_skip_dag to 2025-03-22 00:00:00+00:00, run_after=2025-03-23 00:00:00+00:00
[2025-03-23T08:15:11.392+0000] {processor.py:208} INFO - Processing /home/airflow/.local/lib/python3.12/site-packages/airflow/example_dags/example_skip_dag.py took 0.125 seconds
[2025-03-23T08:15:41.999+0000] {processor.py:186} INFO - Started process (PID=1196) to work on /home/airflow/.local/lib/python3.12/site-packages/airflow/example_dags/example_skip_dag.py
[2025-03-23T08:15:42.000+0000] {processor.py:914} INFO - Processing file /home/airflow/.local/lib/python3.12/site-packages/airflow/example_dags/example_skip_dag.py for tasks to queue
[2025-03-23T08:15:42.003+0000] {logging_mixin.py:190} INFO - [2025-03-23T08:15:42.003+0000] {dagbag.py:588} INFO - Filling up the DagBag from /home/airflow/.local/lib/python3.12/site-packages/airflow/example_dags/example_skip_dag.py
[2025-03-23T08:15:42.013+0000] {processor.py:925} INFO - DAG(s) 'example_skip_dag' retrieved from /home/airflow/.local/lib/python3.12/site-packages/airflow/example_dags/example_skip_dag.py
[2025-03-23T08:15:42.040+0000] {logging_mixin.py:190} INFO - [2025-03-23T08:15:42.040+0000] {dag.py:3239} INFO - Sync 1 DAGs
[2025-03-23T08:15:42.078+0000] {logging_mixin.py:190} INFO - [2025-03-23T08:15:42.078+0000] {dag.py:4180} INFO - Setting next_dagrun for example_skip_dag to 2025-03-22 00:00:00+00:00, run_after=2025-03-23 00:00:00+00:00
[2025-03-23T08:15:42.129+0000] {processor.py:208} INFO - Processing /home/airflow/.local/lib/python3.12/site-packages/airflow/example_dags/example_skip_dag.py took 0.142 seconds
[2025-03-23T08:16:12.582+0000] {processor.py:186} INFO - Started process (PID=1260) to work on /home/airflow/.local/lib/python3.12/site-packages/airflow/example_dags/example_skip_dag.py
[2025-03-23T08:16:12.583+0000] {processor.py:914} INFO - Processing file /home/airflow/.local/lib/python3.12/site-packages/airflow/example_dags/example_skip_dag.py for tasks to queue
[2025-03-23T08:16:12.586+0000] {logging_mixin.py:190} INFO - [2025-03-23T08:16:12.586+0000] {dagbag.py:588} INFO - Filling up the DagBag from /home/airflow/.local/lib/python3.12/site-packages/airflow/example_dags/example_skip_dag.py
[2025-03-23T08:16:12.595+0000] {processor.py:925} INFO - DAG(s) 'example_skip_dag' retrieved from /home/airflow/.local/lib/python3.12/site-packages/airflow/example_dags/example_skip_dag.py
[2025-03-23T08:16:12.623+0000] {logging_mixin.py:190} INFO - [2025-03-23T08:16:12.623+0000] {dag.py:3239} INFO - Sync 1 DAGs
[2025-03-23T08:16:12.650+0000] {logging_mixin.py:190} INFO - [2025-03-23T08:16:12.649+0000] {dag.py:4180} INFO - Setting next_dagrun for example_skip_dag to 2025-03-22 00:00:00+00:00, run_after=2025-03-23 00:00:00+00:00
[2025-03-23T08:16:12.695+0000] {processor.py:208} INFO - Processing /home/airflow/.local/lib/python3.12/site-packages/airflow/example_dags/example_skip_dag.py took 0.124 seconds
[2025-03-23T08:16:43.767+0000] {processor.py:186} INFO - Started process (PID=1323) to work on /home/airflow/.local/lib/python3.12/site-packages/airflow/example_dags/example_skip_dag.py
[2025-03-23T08:16:43.768+0000] {processor.py:914} INFO - Processing file /home/airflow/.local/lib/python3.12/site-packages/airflow/example_dags/example_skip_dag.py for tasks to queue
[2025-03-23T08:16:43.772+0000] {logging_mixin.py:190} INFO - [2025-03-23T08:16:43.772+0000] {dagbag.py:588} INFO - Filling up the DagBag from /home/airflow/.local/lib/python3.12/site-packages/airflow/example_dags/example_skip_dag.py
[2025-03-23T08:16:43.787+0000] {processor.py:925} INFO - DAG(s) 'example_skip_dag' retrieved from /home/airflow/.local/lib/python3.12/site-packages/airflow/example_dags/example_skip_dag.py
[2025-03-23T08:16:43.813+0000] {logging_mixin.py:190} INFO - [2025-03-23T08:16:43.813+0000] {dag.py:3239} INFO - Sync 1 DAGs
[2025-03-23T08:16:43.850+0000] {logging_mixin.py:190} INFO - [2025-03-23T08:16:43.849+0000] {dag.py:4180} INFO - Setting next_dagrun for example_skip_dag to 2025-03-22 00:00:00+00:00, run_after=2025-03-23 00:00:00+00:00
[2025-03-23T08:16:43.895+0000] {processor.py:208} INFO - Processing /home/airflow/.local/lib/python3.12/site-packages/airflow/example_dags/example_skip_dag.py took 0.144 seconds
[2025-03-23T08:17:15.251+0000] {processor.py:186} INFO - Started process (PID=1387) to work on /home/airflow/.local/lib/python3.12/site-packages/airflow/example_dags/example_skip_dag.py
[2025-03-23T08:17:15.253+0000] {processor.py:914} INFO - Processing file /home/airflow/.local/lib/python3.12/site-packages/airflow/example_dags/example_skip_dag.py for tasks to queue
[2025-03-23T08:17:15.257+0000] {logging_mixin.py:190} INFO - [2025-03-23T08:17:15.257+0000] {dagbag.py:588} INFO - Filling up the DagBag from /home/airflow/.local/lib/python3.12/site-packages/airflow/example_dags/example_skip_dag.py
[2025-03-23T08:17:15.268+0000] {processor.py:925} INFO - DAG(s) 'example_skip_dag' retrieved from /home/airflow/.local/lib/python3.12/site-packages/airflow/example_dags/example_skip_dag.py
[2025-03-23T08:17:15.311+0000] {logging_mixin.py:190} INFO - [2025-03-23T08:17:15.310+0000] {dag.py:3239} INFO - Sync 1 DAGs
[2025-03-23T08:17:15.344+0000] {logging_mixin.py:190} INFO - [2025-03-23T08:17:15.343+0000] {dag.py:4180} INFO - Setting next_dagrun for example_skip_dag to 2025-03-22 00:00:00+00:00, run_after=2025-03-23 00:00:00+00:00
[2025-03-23T08:17:15.394+0000] {processor.py:208} INFO - Processing /home/airflow/.local/lib/python3.12/site-packages/airflow/example_dags/example_skip_dag.py took 0.159 seconds
[2025-03-23T08:17:46.391+0000] {processor.py:186} INFO - Started process (PID=1451) to work on /home/airflow/.local/lib/python3.12/site-packages/airflow/example_dags/example_skip_dag.py
[2025-03-23T08:17:46.392+0000] {processor.py:914} INFO - Processing file /home/airflow/.local/lib/python3.12/site-packages/airflow/example_dags/example_skip_dag.py for tasks to queue
[2025-03-23T08:17:46.396+0000] {logging_mixin.py:190} INFO - [2025-03-23T08:17:46.395+0000] {dagbag.py:588} INFO - Filling up the DagBag from /home/airflow/.local/lib/python3.12/site-packages/airflow/example_dags/example_skip_dag.py
[2025-03-23T08:17:46.405+0000] {processor.py:925} INFO - DAG(s) 'example_skip_dag' retrieved from /home/airflow/.local/lib/python3.12/site-packages/airflow/example_dags/example_skip_dag.py
[2025-03-23T08:17:46.434+0000] {logging_mixin.py:190} INFO - [2025-03-23T08:17:46.433+0000] {dag.py:3239} INFO - Sync 1 DAGs
[2025-03-23T08:17:46.468+0000] {logging_mixin.py:190} INFO - [2025-03-23T08:17:46.468+0000] {dag.py:4180} INFO - Setting next_dagrun for example_skip_dag to 2025-03-22 00:00:00+00:00, run_after=2025-03-23 00:00:00+00:00
[2025-03-23T08:17:46.521+0000] {processor.py:208} INFO - Processing /home/airflow/.local/lib/python3.12/site-packages/airflow/example_dags/example_skip_dag.py took 0.143 seconds
[2025-03-23T08:18:17.467+0000] {processor.py:186} INFO - Started process (PID=1515) to work on /home/airflow/.local/lib/python3.12/site-packages/airflow/example_dags/example_skip_dag.py
[2025-03-23T08:18:17.468+0000] {processor.py:914} INFO - Processing file /home/airflow/.local/lib/python3.12/site-packages/airflow/example_dags/example_skip_dag.py for tasks to queue
[2025-03-23T08:18:17.471+0000] {logging_mixin.py:190} INFO - [2025-03-23T08:18:17.471+0000] {dagbag.py:588} INFO - Filling up the DagBag from /home/airflow/.local/lib/python3.12/site-packages/airflow/example_dags/example_skip_dag.py
[2025-03-23T08:18:17.485+0000] {processor.py:925} INFO - DAG(s) 'example_skip_dag' retrieved from /home/airflow/.local/lib/python3.12/site-packages/airflow/example_dags/example_skip_dag.py
[2025-03-23T08:18:17.521+0000] {logging_mixin.py:190} INFO - [2025-03-23T08:18:17.520+0000] {dag.py:3239} INFO - Sync 1 DAGs
[2025-03-23T08:18:17.571+0000] {logging_mixin.py:190} INFO - [2025-03-23T08:18:17.571+0000] {dag.py:4180} INFO - Setting next_dagrun for example_skip_dag to 2025-03-22 00:00:00+00:00, run_after=2025-03-23 00:00:00+00:00
[2025-03-23T08:18:17.620+0000] {processor.py:208} INFO - Processing /home/airflow/.local/lib/python3.12/site-packages/airflow/example_dags/example_skip_dag.py took 0.173 seconds
[2025-03-23T08:18:49.219+0000] {processor.py:186} INFO - Started process (PID=1579) to work on /home/airflow/.local/lib/python3.12/site-packages/airflow/example_dags/example_skip_dag.py
[2025-03-23T08:18:49.221+0000] {processor.py:914} INFO - Processing file /home/airflow/.local/lib/python3.12/site-packages/airflow/example_dags/example_skip_dag.py for tasks to queue
[2025-03-23T08:18:49.225+0000] {logging_mixin.py:190} INFO - [2025-03-23T08:18:49.224+0000] {dagbag.py:588} INFO - Filling up the DagBag from /home/airflow/.local/lib/python3.12/site-packages/airflow/example_dags/example_skip_dag.py
[2025-03-23T08:18:49.239+0000] {processor.py:925} INFO - DAG(s) 'example_skip_dag' retrieved from /home/airflow/.local/lib/python3.12/site-packages/airflow/example_dags/example_skip_dag.py
[2025-03-23T08:18:49.271+0000] {logging_mixin.py:190} INFO - [2025-03-23T08:18:49.270+0000] {dag.py:3239} INFO - Sync 1 DAGs
[2025-03-23T08:18:49.302+0000] {logging_mixin.py:190} INFO - [2025-03-23T08:18:49.302+0000] {dag.py:4180} INFO - Setting next_dagrun for example_skip_dag to 2025-03-22 00:00:00+00:00, run_after=2025-03-23 00:00:00+00:00
[2025-03-23T08:18:49.367+0000] {processor.py:208} INFO - Processing /home/airflow/.local/lib/python3.12/site-packages/airflow/example_dags/example_skip_dag.py took 0.163 seconds
[2025-03-23T08:19:20.818+0000] {processor.py:186} INFO - Started process (PID=1643) to work on /home/airflow/.local/lib/python3.12/site-packages/airflow/example_dags/example_skip_dag.py
[2025-03-23T08:19:20.819+0000] {processor.py:914} INFO - Processing file /home/airflow/.local/lib/python3.12/site-packages/airflow/example_dags/example_skip_dag.py for tasks to queue
[2025-03-23T08:19:20.824+0000] {logging_mixin.py:190} INFO - [2025-03-23T08:19:20.823+0000] {dagbag.py:588} INFO - Filling up the DagBag from /home/airflow/.local/lib/python3.12/site-packages/airflow/example_dags/example_skip_dag.py
[2025-03-23T08:19:20.863+0000] {processor.py:925} INFO - DAG(s) 'example_skip_dag' retrieved from /home/airflow/.local/lib/python3.12/site-packages/airflow/example_dags/example_skip_dag.py
[2025-03-23T08:19:20.905+0000] {logging_mixin.py:190} INFO - [2025-03-23T08:19:20.905+0000] {dag.py:3239} INFO - Sync 1 DAGs
[2025-03-23T08:19:20.975+0000] {logging_mixin.py:190} INFO - [2025-03-23T08:19:20.974+0000] {dag.py:4180} INFO - Setting next_dagrun for example_skip_dag to 2025-03-22 00:00:00+00:00, run_after=2025-03-23 00:00:00+00:00
[2025-03-23T08:19:21.088+0000] {processor.py:208} INFO - Processing /home/airflow/.local/lib/python3.12/site-packages/airflow/example_dags/example_skip_dag.py took 0.290 seconds
[2025-03-23T08:19:52.416+0000] {processor.py:186} INFO - Started process (PID=1707) to work on /home/airflow/.local/lib/python3.12/site-packages/airflow/example_dags/example_skip_dag.py
[2025-03-23T08:19:52.417+0000] {processor.py:914} INFO - Processing file /home/airflow/.local/lib/python3.12/site-packages/airflow/example_dags/example_skip_dag.py for tasks to queue
[2025-03-23T08:19:52.420+0000] {logging_mixin.py:190} INFO - [2025-03-23T08:19:52.420+0000] {dagbag.py:588} INFO - Filling up the DagBag from /home/airflow/.local/lib/python3.12/site-packages/airflow/example_dags/example_skip_dag.py
[2025-03-23T08:19:52.431+0000] {processor.py:925} INFO - DAG(s) 'example_skip_dag' retrieved from /home/airflow/.local/lib/python3.12/site-packages/airflow/example_dags/example_skip_dag.py
[2025-03-23T08:19:52.459+0000] {logging_mixin.py:190} INFO - [2025-03-23T08:19:52.459+0000] {dag.py:3239} INFO - Sync 1 DAGs
[2025-03-23T08:19:52.488+0000] {logging_mixin.py:190} INFO - [2025-03-23T08:19:52.488+0000] {dag.py:4180} INFO - Setting next_dagrun for example_skip_dag to 2025-03-22 00:00:00+00:00, run_after=2025-03-23 00:00:00+00:00
[2025-03-23T08:19:52.558+0000] {processor.py:208} INFO - Processing /home/airflow/.local/lib/python3.12/site-packages/airflow/example_dags/example_skip_dag.py took 0.154 seconds
[2025-03-23T08:20:23.875+0000] {processor.py:186} INFO - Started process (PID=1771) to work on /home/airflow/.local/lib/python3.12/site-packages/airflow/example_dags/example_skip_dag.py
[2025-03-23T08:20:23.877+0000] {processor.py:914} INFO - Processing file /home/airflow/.local/lib/python3.12/site-packages/airflow/example_dags/example_skip_dag.py for tasks to queue
[2025-03-23T08:20:23.880+0000] {logging_mixin.py:190} INFO - [2025-03-23T08:20:23.879+0000] {dagbag.py:588} INFO - Filling up the DagBag from /home/airflow/.local/lib/python3.12/site-packages/airflow/example_dags/example_skip_dag.py
[2025-03-23T08:20:23.889+0000] {processor.py:925} INFO - DAG(s) 'example_skip_dag' retrieved from /home/airflow/.local/lib/python3.12/site-packages/airflow/example_dags/example_skip_dag.py
[2025-03-23T08:20:23.914+0000] {logging_mixin.py:190} INFO - [2025-03-23T08:20:23.913+0000] {dag.py:3239} INFO - Sync 1 DAGs
[2025-03-23T08:20:23.941+0000] {logging_mixin.py:190} INFO - [2025-03-23T08:20:23.941+0000] {dag.py:4180} INFO - Setting next_dagrun for example_skip_dag to 2025-03-22 00:00:00+00:00, run_after=2025-03-23 00:00:00+00:00
[2025-03-23T08:20:24.001+0000] {processor.py:208} INFO - Processing /home/airflow/.local/lib/python3.12/site-packages/airflow/example_dags/example_skip_dag.py took 0.138 seconds
[2025-03-23T08:20:59.487+0000] {processor.py:186} INFO - Started process (PID=1841) to work on /home/airflow/.local/lib/python3.12/site-packages/airflow/example_dags/example_skip_dag.py
[2025-03-23T08:20:59.488+0000] {processor.py:914} INFO - Processing file /home/airflow/.local/lib/python3.12/site-packages/airflow/example_dags/example_skip_dag.py for tasks to queue
[2025-03-23T08:20:59.491+0000] {logging_mixin.py:190} INFO - [2025-03-23T08:20:59.490+0000] {dagbag.py:588} INFO - Filling up the DagBag from /home/airflow/.local/lib/python3.12/site-packages/airflow/example_dags/example_skip_dag.py
[2025-03-23T08:20:59.501+0000] {processor.py:925} INFO - DAG(s) 'example_skip_dag' retrieved from /home/airflow/.local/lib/python3.12/site-packages/airflow/example_dags/example_skip_dag.py
[2025-03-23T08:20:59.544+0000] {logging_mixin.py:190} INFO - [2025-03-23T08:20:59.543+0000] {dag.py:3239} INFO - Sync 1 DAGs
[2025-03-23T08:20:59.593+0000] {logging_mixin.py:190} INFO - [2025-03-23T08:20:59.593+0000] {dag.py:4180} INFO - Setting next_dagrun for example_skip_dag to 2025-03-22 00:00:00+00:00, run_after=2025-03-23 00:00:00+00:00
[2025-03-23T08:20:59.740+0000] {processor.py:208} INFO - Processing /home/airflow/.local/lib/python3.12/site-packages/airflow/example_dags/example_skip_dag.py took 0.268 seconds
[2025-03-23T08:26:53.915+0000] {processor.py:186} INFO - Started process (PID=126) to work on /home/airflow/.local/lib/python3.12/site-packages/airflow/example_dags/example_skip_dag.py
[2025-03-23T08:26:53.953+0000] {processor.py:914} INFO - Processing file /home/airflow/.local/lib/python3.12/site-packages/airflow/example_dags/example_skip_dag.py for tasks to queue
[2025-03-23T08:26:53.957+0000] {logging_mixin.py:190} INFO - [2025-03-23T08:26:53.957+0000] {dagbag.py:588} INFO - Filling up the DagBag from /home/airflow/.local/lib/python3.12/site-packages/airflow/example_dags/example_skip_dag.py
[2025-03-23T08:26:53.979+0000] {processor.py:925} INFO - DAG(s) 'example_skip_dag' retrieved from /home/airflow/.local/lib/python3.12/site-packages/airflow/example_dags/example_skip_dag.py
[2025-03-23T08:26:54.031+0000] {logging_mixin.py:190} INFO - [2025-03-23T08:26:54.031+0000] {dag.py:3239} INFO - Sync 1 DAGs
[2025-03-23T08:26:54.086+0000] {logging_mixin.py:190} INFO - [2025-03-23T08:26:54.085+0000] {dag.py:4180} INFO - Setting next_dagrun for example_skip_dag to 2025-03-22 00:00:00+00:00, run_after=2025-03-23 00:00:00+00:00
[2025-03-23T08:26:54.399+0000] {processor.py:208} INFO - Processing /home/airflow/.local/lib/python3.12/site-packages/airflow/example_dags/example_skip_dag.py took 0.491 seconds
[2025-03-23T08:27:25.209+0000] {processor.py:186} INFO - Started process (PID=190) to work on /home/airflow/.local/lib/python3.12/site-packages/airflow/example_dags/example_skip_dag.py
[2025-03-23T08:27:25.213+0000] {processor.py:914} INFO - Processing file /home/airflow/.local/lib/python3.12/site-packages/airflow/example_dags/example_skip_dag.py for tasks to queue
[2025-03-23T08:27:25.216+0000] {logging_mixin.py:190} INFO - [2025-03-23T08:27:25.216+0000] {dagbag.py:588} INFO - Filling up the DagBag from /home/airflow/.local/lib/python3.12/site-packages/airflow/example_dags/example_skip_dag.py
[2025-03-23T08:27:25.226+0000] {processor.py:925} INFO - DAG(s) 'example_skip_dag' retrieved from /home/airflow/.local/lib/python3.12/site-packages/airflow/example_dags/example_skip_dag.py
[2025-03-23T08:27:25.257+0000] {logging_mixin.py:190} INFO - [2025-03-23T08:27:25.257+0000] {dag.py:3239} INFO - Sync 1 DAGs
[2025-03-23T08:27:25.298+0000] {logging_mixin.py:190} INFO - [2025-03-23T08:27:25.298+0000] {dag.py:4180} INFO - Setting next_dagrun for example_skip_dag to 2025-03-22 00:00:00+00:00, run_after=2025-03-23 00:00:00+00:00
[2025-03-23T08:27:25.365+0000] {processor.py:208} INFO - Processing /home/airflow/.local/lib/python3.12/site-packages/airflow/example_dags/example_skip_dag.py took 0.163 seconds
[2025-03-23T08:27:56.138+0000] {processor.py:186} INFO - Started process (PID=254) to work on /home/airflow/.local/lib/python3.12/site-packages/airflow/example_dags/example_skip_dag.py
[2025-03-23T08:27:56.141+0000] {processor.py:914} INFO - Processing file /home/airflow/.local/lib/python3.12/site-packages/airflow/example_dags/example_skip_dag.py for tasks to queue
[2025-03-23T08:27:56.148+0000] {logging_mixin.py:190} INFO - [2025-03-23T08:27:56.147+0000] {dagbag.py:588} INFO - Filling up the DagBag from /home/airflow/.local/lib/python3.12/site-packages/airflow/example_dags/example_skip_dag.py
[2025-03-23T08:27:56.160+0000] {processor.py:925} INFO - DAG(s) 'example_skip_dag' retrieved from /home/airflow/.local/lib/python3.12/site-packages/airflow/example_dags/example_skip_dag.py
[2025-03-23T08:27:56.204+0000] {logging_mixin.py:190} INFO - [2025-03-23T08:27:56.204+0000] {dag.py:3239} INFO - Sync 1 DAGs
[2025-03-23T08:27:56.239+0000] {logging_mixin.py:190} INFO - [2025-03-23T08:27:56.238+0000] {dag.py:4180} INFO - Setting next_dagrun for example_skip_dag to 2025-03-22 00:00:00+00:00, run_after=2025-03-23 00:00:00+00:00
[2025-03-23T08:27:56.294+0000] {processor.py:208} INFO - Processing /home/airflow/.local/lib/python3.12/site-packages/airflow/example_dags/example_skip_dag.py took 0.170 seconds
[2025-03-23T08:28:26.701+0000] {processor.py:186} INFO - Started process (PID=318) to work on /home/airflow/.local/lib/python3.12/site-packages/airflow/example_dags/example_skip_dag.py
[2025-03-23T08:28:26.703+0000] {processor.py:914} INFO - Processing file /home/airflow/.local/lib/python3.12/site-packages/airflow/example_dags/example_skip_dag.py for tasks to queue
[2025-03-23T08:28:26.708+0000] {logging_mixin.py:190} INFO - [2025-03-23T08:28:26.707+0000] {dagbag.py:588} INFO - Filling up the DagBag from /home/airflow/.local/lib/python3.12/site-packages/airflow/example_dags/example_skip_dag.py
[2025-03-23T08:28:26.719+0000] {processor.py:925} INFO - DAG(s) 'example_skip_dag' retrieved from /home/airflow/.local/lib/python3.12/site-packages/airflow/example_dags/example_skip_dag.py
[2025-03-23T08:28:26.752+0000] {logging_mixin.py:190} INFO - [2025-03-23T08:28:26.751+0000] {dag.py:3239} INFO - Sync 1 DAGs
[2025-03-23T08:28:26.797+0000] {logging_mixin.py:190} INFO - [2025-03-23T08:28:26.797+0000] {dag.py:4180} INFO - Setting next_dagrun for example_skip_dag to 2025-03-22 00:00:00+00:00, run_after=2025-03-23 00:00:00+00:00
[2025-03-23T08:28:26.868+0000] {processor.py:208} INFO - Processing /home/airflow/.local/lib/python3.12/site-packages/airflow/example_dags/example_skip_dag.py took 0.177 seconds
[2025-03-23T08:28:57.198+0000] {processor.py:186} INFO - Started process (PID=381) to work on /home/airflow/.local/lib/python3.12/site-packages/airflow/example_dags/example_skip_dag.py
[2025-03-23T08:28:57.200+0000] {processor.py:914} INFO - Processing file /home/airflow/.local/lib/python3.12/site-packages/airflow/example_dags/example_skip_dag.py for tasks to queue
[2025-03-23T08:28:57.205+0000] {logging_mixin.py:190} INFO - [2025-03-23T08:28:57.204+0000] {dagbag.py:588} INFO - Filling up the DagBag from /home/airflow/.local/lib/python3.12/site-packages/airflow/example_dags/example_skip_dag.py
[2025-03-23T08:28:57.218+0000] {processor.py:925} INFO - DAG(s) 'example_skip_dag' retrieved from /home/airflow/.local/lib/python3.12/site-packages/airflow/example_dags/example_skip_dag.py
[2025-03-23T08:28:57.261+0000] {logging_mixin.py:190} INFO - [2025-03-23T08:28:57.261+0000] {dag.py:3239} INFO - Sync 1 DAGs
[2025-03-23T08:28:57.298+0000] {logging_mixin.py:190} INFO - [2025-03-23T08:28:57.297+0000] {dag.py:4180} INFO - Setting next_dagrun for example_skip_dag to 2025-03-22 00:00:00+00:00, run_after=2025-03-23 00:00:00+00:00
[2025-03-23T08:28:57.369+0000] {processor.py:208} INFO - Processing /home/airflow/.local/lib/python3.12/site-packages/airflow/example_dags/example_skip_dag.py took 0.179 seconds
[2025-03-23T08:29:28.582+0000] {processor.py:186} INFO - Started process (PID=445) to work on /home/airflow/.local/lib/python3.12/site-packages/airflow/example_dags/example_skip_dag.py
[2025-03-23T08:29:28.584+0000] {processor.py:914} INFO - Processing file /home/airflow/.local/lib/python3.12/site-packages/airflow/example_dags/example_skip_dag.py for tasks to queue
[2025-03-23T08:29:28.590+0000] {logging_mixin.py:190} INFO - [2025-03-23T08:29:28.588+0000] {dagbag.py:588} INFO - Filling up the DagBag from /home/airflow/.local/lib/python3.12/site-packages/airflow/example_dags/example_skip_dag.py
[2025-03-23T08:29:28.628+0000] {processor.py:925} INFO - DAG(s) 'example_skip_dag' retrieved from /home/airflow/.local/lib/python3.12/site-packages/airflow/example_dags/example_skip_dag.py
[2025-03-23T08:29:28.681+0000] {logging_mixin.py:190} INFO - [2025-03-23T08:29:28.680+0000] {dag.py:3239} INFO - Sync 1 DAGs
[2025-03-23T08:29:28.729+0000] {logging_mixin.py:190} INFO - [2025-03-23T08:29:28.728+0000] {dag.py:4180} INFO - Setting next_dagrun for example_skip_dag to 2025-03-22 00:00:00+00:00, run_after=2025-03-23 00:00:00+00:00
[2025-03-23T08:29:28.809+0000] {processor.py:208} INFO - Processing /home/airflow/.local/lib/python3.12/site-packages/airflow/example_dags/example_skip_dag.py took 0.243 seconds
[2025-03-23T08:29:58.943+0000] {processor.py:186} INFO - Started process (PID=509) to work on /home/airflow/.local/lib/python3.12/site-packages/airflow/example_dags/example_skip_dag.py
[2025-03-23T08:29:58.944+0000] {processor.py:914} INFO - Processing file /home/airflow/.local/lib/python3.12/site-packages/airflow/example_dags/example_skip_dag.py for tasks to queue
[2025-03-23T08:29:58.948+0000] {logging_mixin.py:190} INFO - [2025-03-23T08:29:58.947+0000] {dagbag.py:588} INFO - Filling up the DagBag from /home/airflow/.local/lib/python3.12/site-packages/airflow/example_dags/example_skip_dag.py
[2025-03-23T08:29:58.959+0000] {processor.py:925} INFO - DAG(s) 'example_skip_dag' retrieved from /home/airflow/.local/lib/python3.12/site-packages/airflow/example_dags/example_skip_dag.py
[2025-03-23T08:29:59.015+0000] {logging_mixin.py:190} INFO - [2025-03-23T08:29:59.015+0000] {dag.py:3239} INFO - Sync 1 DAGs
[2025-03-23T08:29:59.059+0000] {logging_mixin.py:190} INFO - [2025-03-23T08:29:59.059+0000] {dag.py:4180} INFO - Setting next_dagrun for example_skip_dag to 2025-03-22 00:00:00+00:00, run_after=2025-03-23 00:00:00+00:00
[2025-03-23T08:29:59.122+0000] {processor.py:208} INFO - Processing /home/airflow/.local/lib/python3.12/site-packages/airflow/example_dags/example_skip_dag.py took 0.187 seconds
