[2025-03-23T08:07:01.727+0000] {processor.py:186} INFO - Started process (PID=117) to work on /home/airflow/.local/lib/python3.12/site-packages/airflow/example_dags/example_params_ui_tutorial.py
[2025-03-23T08:07:01.728+0000] {processor.py:914} INFO - Processing file /home/airflow/.local/lib/python3.12/site-packages/airflow/example_dags/example_params_ui_tutorial.py for tasks to queue
[2025-03-23T08:07:01.734+0000] {logging_mixin.py:190} INFO - [2025-03-23T08:07:01.733+0000] {dagbag.py:588} INFO - Filling up the DagBag from /home/airflow/.local/lib/python3.12/site-packages/airflow/example_dags/example_params_ui_tutorial.py
[2025-03-23T08:07:01.793+0000] {processor.py:925} INFO - DAG(s) 'example_params_ui_tutorial' retrieved from /home/airflow/.local/lib/python3.12/site-packages/airflow/example_dags/example_params_ui_tutorial.py
[2025-03-23T08:07:02.767+0000] {logging_mixin.py:190} INFO - [2025-03-23T08:07:02.766+0000] {override.py:1911} INFO - Created Permission View: can edit on DAG:example_params_ui_tutorial
[2025-03-23T08:07:03.079+0000] {logging_mixin.py:190} INFO - [2025-03-23T08:07:03.079+0000] {override.py:1911} INFO - Created Permission View: can delete on DAG:example_params_ui_tutorial
[2025-03-23T08:07:03.429+0000] {logging_mixin.py:190} INFO - [2025-03-23T08:07:03.428+0000] {override.py:1911} INFO - Created Permission View: can read on DAG:example_params_ui_tutorial
[2025-03-23T08:07:03.932+0000] {logging_mixin.py:190} INFO - [2025-03-23T08:07:03.931+0000] {override.py:1911} INFO - Created Permission View: menu access on DAG Run:example_params_ui_tutorial
[2025-03-23T08:07:04.255+0000] {logging_mixin.py:190} INFO - [2025-03-23T08:07:04.255+0000] {override.py:1911} INFO - Created Permission View: can create on DAG Run:example_params_ui_tutorial
[2025-03-23T08:07:04.708+0000] {logging_mixin.py:190} INFO - [2025-03-23T08:07:04.707+0000] {override.py:1911} INFO - Created Permission View: can read on DAG Run:example_params_ui_tutorial
[2025-03-23T08:07:05.851+0000] {logging_mixin.py:190} INFO - [2025-03-23T08:07:05.851+0000] {override.py:1911} INFO - Created Permission View: can delete on DAG Run:example_params_ui_tutorial
[2025-03-23T08:07:05.852+0000] {logging_mixin.py:190} INFO - [2025-03-23T08:07:05.852+0000] {dag.py:3239} INFO - Sync 1 DAGs
[2025-03-23T08:07:05.911+0000] {logging_mixin.py:190} INFO - [2025-03-23T08:07:05.910+0000] {dag.py:3262} INFO - Creating ORM DAG for example_params_ui_tutorial
[2025-03-23T08:07:05.914+0000] {logging_mixin.py:190} INFO - [2025-03-23T08:07:05.913+0000] {dag.py:4180} INFO - Setting next_dagrun for example_params_ui_tutorial to None, run_after=None
[2025-03-23T08:07:06.501+0000] {processor.py:208} INFO - Processing /home/airflow/.local/lib/python3.12/site-packages/airflow/example_dags/example_params_ui_tutorial.py took 4.782 seconds
[2025-03-23T08:07:44.443+0000] {processor.py:186} INFO - Started process (PID=180) to work on /home/airflow/.local/lib/python3.12/site-packages/airflow/example_dags/example_params_ui_tutorial.py
[2025-03-23T08:07:44.480+0000] {processor.py:914} INFO - Processing file /home/airflow/.local/lib/python3.12/site-packages/airflow/example_dags/example_params_ui_tutorial.py for tasks to queue
[2025-03-23T08:07:44.484+0000] {logging_mixin.py:190} INFO - [2025-03-23T08:07:44.484+0000] {dagbag.py:588} INFO - Filling up the DagBag from /home/airflow/.local/lib/python3.12/site-packages/airflow/example_dags/example_params_ui_tutorial.py
[2025-03-23T08:07:44.525+0000] {processor.py:925} INFO - DAG(s) 'example_params_ui_tutorial' retrieved from /home/airflow/.local/lib/python3.12/site-packages/airflow/example_dags/example_params_ui_tutorial.py
[2025-03-23T08:07:44.686+0000] {logging_mixin.py:190} INFO - [2025-03-23T08:07:44.685+0000] {dag.py:3239} INFO - Sync 1 DAGs
[2025-03-23T08:07:44.725+0000] {logging_mixin.py:190} INFO - [2025-03-23T08:07:44.724+0000] {dag.py:4180} INFO - Setting next_dagrun for example_params_ui_tutorial to None, run_after=None
[2025-03-23T08:07:44.832+0000] {processor.py:208} INFO - Processing /home/airflow/.local/lib/python3.12/site-packages/airflow/example_dags/example_params_ui_tutorial.py took 0.400 seconds
[2025-03-23T08:08:15.469+0000] {processor.py:186} INFO - Started process (PID=244) to work on /home/airflow/.local/lib/python3.12/site-packages/airflow/example_dags/example_params_ui_tutorial.py
[2025-03-23T08:08:15.470+0000] {processor.py:914} INFO - Processing file /home/airflow/.local/lib/python3.12/site-packages/airflow/example_dags/example_params_ui_tutorial.py for tasks to queue
[2025-03-23T08:08:15.475+0000] {logging_mixin.py:190} INFO - [2025-03-23T08:08:15.474+0000] {dagbag.py:588} INFO - Filling up the DagBag from /home/airflow/.local/lib/python3.12/site-packages/airflow/example_dags/example_params_ui_tutorial.py
[2025-03-23T08:08:15.488+0000] {processor.py:925} INFO - DAG(s) 'example_params_ui_tutorial' retrieved from /home/airflow/.local/lib/python3.12/site-packages/airflow/example_dags/example_params_ui_tutorial.py
[2025-03-23T08:08:15.568+0000] {logging_mixin.py:190} INFO - [2025-03-23T08:08:15.568+0000] {dag.py:3239} INFO - Sync 1 DAGs
[2025-03-23T08:08:15.591+0000] {logging_mixin.py:190} INFO - [2025-03-23T08:08:15.591+0000] {dag.py:4180} INFO - Setting next_dagrun for example_params_ui_tutorial to None, run_after=None
[2025-03-23T08:08:15.761+0000] {processor.py:208} INFO - Processing /home/airflow/.local/lib/python3.12/site-packages/airflow/example_dags/example_params_ui_tutorial.py took 0.300 seconds
[2025-03-23T08:08:46.271+0000] {processor.py:186} INFO - Started process (PID=308) to work on /home/airflow/.local/lib/python3.12/site-packages/airflow/example_dags/example_params_ui_tutorial.py
[2025-03-23T08:08:46.273+0000] {processor.py:914} INFO - Processing file /home/airflow/.local/lib/python3.12/site-packages/airflow/example_dags/example_params_ui_tutorial.py for tasks to queue
[2025-03-23T08:08:46.280+0000] {logging_mixin.py:190} INFO - [2025-03-23T08:08:46.279+0000] {dagbag.py:588} INFO - Filling up the DagBag from /home/airflow/.local/lib/python3.12/site-packages/airflow/example_dags/example_params_ui_tutorial.py
[2025-03-23T08:08:46.296+0000] {processor.py:925} INFO - DAG(s) 'example_params_ui_tutorial' retrieved from /home/airflow/.local/lib/python3.12/site-packages/airflow/example_dags/example_params_ui_tutorial.py
[2025-03-23T08:08:46.377+0000] {logging_mixin.py:190} INFO - [2025-03-23T08:08:46.377+0000] {dag.py:3239} INFO - Sync 1 DAGs
[2025-03-23T08:08:46.400+0000] {logging_mixin.py:190} INFO - [2025-03-23T08:08:46.400+0000] {dag.py:4180} INFO - Setting next_dagrun for example_params_ui_tutorial to None, run_after=None
[2025-03-23T08:08:46.536+0000] {processor.py:208} INFO - Processing /home/airflow/.local/lib/python3.12/site-packages/airflow/example_dags/example_params_ui_tutorial.py took 0.274 seconds
[2025-03-23T08:09:16.758+0000] {processor.py:186} INFO - Started process (PID=371) to work on /home/airflow/.local/lib/python3.12/site-packages/airflow/example_dags/example_params_ui_tutorial.py
[2025-03-23T08:09:16.760+0000] {processor.py:914} INFO - Processing file /home/airflow/.local/lib/python3.12/site-packages/airflow/example_dags/example_params_ui_tutorial.py for tasks to queue
[2025-03-23T08:09:16.764+0000] {logging_mixin.py:190} INFO - [2025-03-23T08:09:16.763+0000] {dagbag.py:588} INFO - Filling up the DagBag from /home/airflow/.local/lib/python3.12/site-packages/airflow/example_dags/example_params_ui_tutorial.py
[2025-03-23T08:09:16.783+0000] {processor.py:925} INFO - DAG(s) 'example_params_ui_tutorial' retrieved from /home/airflow/.local/lib/python3.12/site-packages/airflow/example_dags/example_params_ui_tutorial.py
[2025-03-23T08:09:16.856+0000] {logging_mixin.py:190} INFO - [2025-03-23T08:09:16.856+0000] {dag.py:3239} INFO - Sync 1 DAGs
[2025-03-23T08:09:16.885+0000] {logging_mixin.py:190} INFO - [2025-03-23T08:09:16.885+0000] {dag.py:4180} INFO - Setting next_dagrun for example_params_ui_tutorial to None, run_after=None
[2025-03-23T08:09:17.306+0000] {processor.py:208} INFO - Processing /home/airflow/.local/lib/python3.12/site-packages/airflow/example_dags/example_params_ui_tutorial.py took 0.558 seconds
[2025-03-23T08:09:48.120+0000] {processor.py:186} INFO - Started process (PID=435) to work on /home/airflow/.local/lib/python3.12/site-packages/airflow/example_dags/example_params_ui_tutorial.py
[2025-03-23T08:09:48.124+0000] {processor.py:914} INFO - Processing file /home/airflow/.local/lib/python3.12/site-packages/airflow/example_dags/example_params_ui_tutorial.py for tasks to queue
[2025-03-23T08:09:48.130+0000] {logging_mixin.py:190} INFO - [2025-03-23T08:09:48.129+0000] {dagbag.py:588} INFO - Filling up the DagBag from /home/airflow/.local/lib/python3.12/site-packages/airflow/example_dags/example_params_ui_tutorial.py
[2025-03-23T08:09:48.166+0000] {processor.py:925} INFO - DAG(s) 'example_params_ui_tutorial' retrieved from /home/airflow/.local/lib/python3.12/site-packages/airflow/example_dags/example_params_ui_tutorial.py
[2025-03-23T08:09:48.299+0000] {logging_mixin.py:190} INFO - [2025-03-23T08:09:48.298+0000] {dag.py:3239} INFO - Sync 1 DAGs
[2025-03-23T08:09:48.329+0000] {logging_mixin.py:190} INFO - [2025-03-23T08:09:48.329+0000] {dag.py:4180} INFO - Setting next_dagrun for example_params_ui_tutorial to None, run_after=None
[2025-03-23T08:09:48.463+0000] {processor.py:208} INFO - Processing /home/airflow/.local/lib/python3.12/site-packages/airflow/example_dags/example_params_ui_tutorial.py took 0.371 seconds
[2025-03-23T08:10:18.702+0000] {processor.py:186} INFO - Started process (PID=499) to work on /home/airflow/.local/lib/python3.12/site-packages/airflow/example_dags/example_params_ui_tutorial.py
[2025-03-23T08:10:18.703+0000] {processor.py:914} INFO - Processing file /home/airflow/.local/lib/python3.12/site-packages/airflow/example_dags/example_params_ui_tutorial.py for tasks to queue
[2025-03-23T08:10:18.708+0000] {logging_mixin.py:190} INFO - [2025-03-23T08:10:18.707+0000] {dagbag.py:588} INFO - Filling up the DagBag from /home/airflow/.local/lib/python3.12/site-packages/airflow/example_dags/example_params_ui_tutorial.py
[2025-03-23T08:10:18.719+0000] {processor.py:925} INFO - DAG(s) 'example_params_ui_tutorial' retrieved from /home/airflow/.local/lib/python3.12/site-packages/airflow/example_dags/example_params_ui_tutorial.py
[2025-03-23T08:10:18.775+0000] {logging_mixin.py:190} INFO - [2025-03-23T08:10:18.775+0000] {dag.py:3239} INFO - Sync 1 DAGs
[2025-03-23T08:10:18.794+0000] {logging_mixin.py:190} INFO - [2025-03-23T08:10:18.794+0000] {dag.py:4180} INFO - Setting next_dagrun for example_params_ui_tutorial to None, run_after=None
[2025-03-23T08:10:18.883+0000] {processor.py:208} INFO - Processing /home/airflow/.local/lib/python3.12/site-packages/airflow/example_dags/example_params_ui_tutorial.py took 0.188 seconds
[2025-03-23T08:10:49.007+0000] {processor.py:186} INFO - Started process (PID=563) to work on /home/airflow/.local/lib/python3.12/site-packages/airflow/example_dags/example_params_ui_tutorial.py
[2025-03-23T08:10:49.010+0000] {processor.py:914} INFO - Processing file /home/airflow/.local/lib/python3.12/site-packages/airflow/example_dags/example_params_ui_tutorial.py for tasks to queue
[2025-03-23T08:10:49.023+0000] {logging_mixin.py:190} INFO - [2025-03-23T08:10:49.022+0000] {dagbag.py:588} INFO - Filling up the DagBag from /home/airflow/.local/lib/python3.12/site-packages/airflow/example_dags/example_params_ui_tutorial.py
[2025-03-23T08:10:49.054+0000] {processor.py:925} INFO - DAG(s) 'example_params_ui_tutorial' retrieved from /home/airflow/.local/lib/python3.12/site-packages/airflow/example_dags/example_params_ui_tutorial.py
[2025-03-23T08:10:49.203+0000] {logging_mixin.py:190} INFO - [2025-03-23T08:10:49.200+0000] {dag.py:3239} INFO - Sync 1 DAGs
[2025-03-23T08:10:49.262+0000] {logging_mixin.py:190} INFO - [2025-03-23T08:10:49.261+0000] {dag.py:4180} INFO - Setting next_dagrun for example_params_ui_tutorial to None, run_after=None
[2025-03-23T08:10:49.345+0000] {processor.py:208} INFO - Processing /home/airflow/.local/lib/python3.12/site-packages/airflow/example_dags/example_params_ui_tutorial.py took 0.363 seconds
[2025-03-23T08:11:19.643+0000] {processor.py:186} INFO - Started process (PID=627) to work on /home/airflow/.local/lib/python3.12/site-packages/airflow/example_dags/example_params_ui_tutorial.py
[2025-03-23T08:11:19.644+0000] {processor.py:914} INFO - Processing file /home/airflow/.local/lib/python3.12/site-packages/airflow/example_dags/example_params_ui_tutorial.py for tasks to queue
[2025-03-23T08:11:19.647+0000] {logging_mixin.py:190} INFO - [2025-03-23T08:11:19.647+0000] {dagbag.py:588} INFO - Filling up the DagBag from /home/airflow/.local/lib/python3.12/site-packages/airflow/example_dags/example_params_ui_tutorial.py
[2025-03-23T08:11:19.659+0000] {processor.py:925} INFO - DAG(s) 'example_params_ui_tutorial' retrieved from /home/airflow/.local/lib/python3.12/site-packages/airflow/example_dags/example_params_ui_tutorial.py
[2025-03-23T08:11:19.710+0000] {logging_mixin.py:190} INFO - [2025-03-23T08:11:19.710+0000] {dag.py:3239} INFO - Sync 1 DAGs
[2025-03-23T08:11:19.727+0000] {logging_mixin.py:190} INFO - [2025-03-23T08:11:19.727+0000] {dag.py:4180} INFO - Setting next_dagrun for example_params_ui_tutorial to None, run_after=None
[2025-03-23T08:11:19.786+0000] {processor.py:208} INFO - Processing /home/airflow/.local/lib/python3.12/site-packages/airflow/example_dags/example_params_ui_tutorial.py took 0.152 seconds
[2025-03-23T08:11:50.019+0000] {processor.py:186} INFO - Started process (PID=691) to work on /home/airflow/.local/lib/python3.12/site-packages/airflow/example_dags/example_params_ui_tutorial.py
[2025-03-23T08:11:50.020+0000] {processor.py:914} INFO - Processing file /home/airflow/.local/lib/python3.12/site-packages/airflow/example_dags/example_params_ui_tutorial.py for tasks to queue
[2025-03-23T08:11:50.024+0000] {logging_mixin.py:190} INFO - [2025-03-23T08:11:50.023+0000] {dagbag.py:588} INFO - Filling up the DagBag from /home/airflow/.local/lib/python3.12/site-packages/airflow/example_dags/example_params_ui_tutorial.py
[2025-03-23T08:11:50.037+0000] {processor.py:925} INFO - DAG(s) 'example_params_ui_tutorial' retrieved from /home/airflow/.local/lib/python3.12/site-packages/airflow/example_dags/example_params_ui_tutorial.py
[2025-03-23T08:11:50.115+0000] {logging_mixin.py:190} INFO - [2025-03-23T08:11:50.115+0000] {dag.py:3239} INFO - Sync 1 DAGs
[2025-03-23T08:11:50.133+0000] {logging_mixin.py:190} INFO - [2025-03-23T08:11:50.133+0000] {dag.py:4180} INFO - Setting next_dagrun for example_params_ui_tutorial to None, run_after=None
[2025-03-23T08:11:50.195+0000] {processor.py:208} INFO - Processing /home/airflow/.local/lib/python3.12/site-packages/airflow/example_dags/example_params_ui_tutorial.py took 0.184 seconds
[2025-03-23T08:12:20.258+0000] {processor.py:186} INFO - Started process (PID=755) to work on /home/airflow/.local/lib/python3.12/site-packages/airflow/example_dags/example_params_ui_tutorial.py
[2025-03-23T08:12:20.260+0000] {processor.py:914} INFO - Processing file /home/airflow/.local/lib/python3.12/site-packages/airflow/example_dags/example_params_ui_tutorial.py for tasks to queue
[2025-03-23T08:12:20.263+0000] {logging_mixin.py:190} INFO - [2025-03-23T08:12:20.263+0000] {dagbag.py:588} INFO - Filling up the DagBag from /home/airflow/.local/lib/python3.12/site-packages/airflow/example_dags/example_params_ui_tutorial.py
[2025-03-23T08:12:20.276+0000] {processor.py:925} INFO - DAG(s) 'example_params_ui_tutorial' retrieved from /home/airflow/.local/lib/python3.12/site-packages/airflow/example_dags/example_params_ui_tutorial.py
[2025-03-23T08:12:20.343+0000] {logging_mixin.py:190} INFO - [2025-03-23T08:12:20.343+0000] {dag.py:3239} INFO - Sync 1 DAGs
[2025-03-23T08:12:20.364+0000] {logging_mixin.py:190} INFO - [2025-03-23T08:12:20.363+0000] {dag.py:4180} INFO - Setting next_dagrun for example_params_ui_tutorial to None, run_after=None
[2025-03-23T08:12:20.509+0000] {processor.py:208} INFO - Processing /home/airflow/.local/lib/python3.12/site-packages/airflow/example_dags/example_params_ui_tutorial.py took 0.258 seconds
[2025-03-23T08:12:50.571+0000] {processor.py:186} INFO - Started process (PID=818) to work on /home/airflow/.local/lib/python3.12/site-packages/airflow/example_dags/example_params_ui_tutorial.py
[2025-03-23T08:12:50.573+0000] {processor.py:914} INFO - Processing file /home/airflow/.local/lib/python3.12/site-packages/airflow/example_dags/example_params_ui_tutorial.py for tasks to queue
[2025-03-23T08:12:50.577+0000] {logging_mixin.py:190} INFO - [2025-03-23T08:12:50.576+0000] {dagbag.py:588} INFO - Filling up the DagBag from /home/airflow/.local/lib/python3.12/site-packages/airflow/example_dags/example_params_ui_tutorial.py
[2025-03-23T08:12:50.601+0000] {processor.py:925} INFO - DAG(s) 'example_params_ui_tutorial' retrieved from /home/airflow/.local/lib/python3.12/site-packages/airflow/example_dags/example_params_ui_tutorial.py
[2025-03-23T08:12:50.666+0000] {logging_mixin.py:190} INFO - [2025-03-23T08:12:50.666+0000] {dag.py:3239} INFO - Sync 1 DAGs
[2025-03-23T08:12:50.684+0000] {logging_mixin.py:190} INFO - [2025-03-23T08:12:50.684+0000] {dag.py:4180} INFO - Setting next_dagrun for example_params_ui_tutorial to None, run_after=None
[2025-03-23T08:12:50.741+0000] {processor.py:208} INFO - Processing /home/airflow/.local/lib/python3.12/site-packages/airflow/example_dags/example_params_ui_tutorial.py took 0.177 seconds
[2025-03-23T08:13:21.342+0000] {processor.py:186} INFO - Started process (PID=883) to work on /home/airflow/.local/lib/python3.12/site-packages/airflow/example_dags/example_params_ui_tutorial.py
[2025-03-23T08:13:21.343+0000] {processor.py:914} INFO - Processing file /home/airflow/.local/lib/python3.12/site-packages/airflow/example_dags/example_params_ui_tutorial.py for tasks to queue
[2025-03-23T08:13:21.347+0000] {logging_mixin.py:190} INFO - [2025-03-23T08:13:21.346+0000] {dagbag.py:588} INFO - Filling up the DagBag from /home/airflow/.local/lib/python3.12/site-packages/airflow/example_dags/example_params_ui_tutorial.py
[2025-03-23T08:13:21.359+0000] {processor.py:925} INFO - DAG(s) 'example_params_ui_tutorial' retrieved from /home/airflow/.local/lib/python3.12/site-packages/airflow/example_dags/example_params_ui_tutorial.py
[2025-03-23T08:13:21.423+0000] {logging_mixin.py:190} INFO - [2025-03-23T08:13:21.423+0000] {dag.py:3239} INFO - Sync 1 DAGs
[2025-03-23T08:13:21.444+0000] {logging_mixin.py:190} INFO - [2025-03-23T08:13:21.444+0000] {dag.py:4180} INFO - Setting next_dagrun for example_params_ui_tutorial to None, run_after=None
[2025-03-23T08:13:21.510+0000] {processor.py:208} INFO - Processing /home/airflow/.local/lib/python3.12/site-packages/airflow/example_dags/example_params_ui_tutorial.py took 0.175 seconds
[2025-03-23T08:13:52.236+0000] {processor.py:186} INFO - Started process (PID=947) to work on /home/airflow/.local/lib/python3.12/site-packages/airflow/example_dags/example_params_ui_tutorial.py
[2025-03-23T08:13:52.238+0000] {processor.py:914} INFO - Processing file /home/airflow/.local/lib/python3.12/site-packages/airflow/example_dags/example_params_ui_tutorial.py for tasks to queue
[2025-03-23T08:13:52.241+0000] {logging_mixin.py:190} INFO - [2025-03-23T08:13:52.241+0000] {dagbag.py:588} INFO - Filling up the DagBag from /home/airflow/.local/lib/python3.12/site-packages/airflow/example_dags/example_params_ui_tutorial.py
[2025-03-23T08:13:52.260+0000] {processor.py:925} INFO - DAG(s) 'example_params_ui_tutorial' retrieved from /home/airflow/.local/lib/python3.12/site-packages/airflow/example_dags/example_params_ui_tutorial.py
[2025-03-23T08:13:52.328+0000] {logging_mixin.py:190} INFO - [2025-03-23T08:13:52.328+0000] {dag.py:3239} INFO - Sync 1 DAGs
[2025-03-23T08:13:52.346+0000] {logging_mixin.py:190} INFO - [2025-03-23T08:13:52.345+0000] {dag.py:4180} INFO - Setting next_dagrun for example_params_ui_tutorial to None, run_after=None
[2025-03-23T08:13:52.401+0000] {processor.py:208} INFO - Processing /home/airflow/.local/lib/python3.12/site-packages/airflow/example_dags/example_params_ui_tutorial.py took 0.174 seconds
[2025-03-23T08:14:22.568+0000] {processor.py:186} INFO - Started process (PID=1011) to work on /home/airflow/.local/lib/python3.12/site-packages/airflow/example_dags/example_params_ui_tutorial.py
[2025-03-23T08:14:22.569+0000] {processor.py:914} INFO - Processing file /home/airflow/.local/lib/python3.12/site-packages/airflow/example_dags/example_params_ui_tutorial.py for tasks to queue
[2025-03-23T08:14:22.575+0000] {logging_mixin.py:190} INFO - [2025-03-23T08:14:22.574+0000] {dagbag.py:588} INFO - Filling up the DagBag from /home/airflow/.local/lib/python3.12/site-packages/airflow/example_dags/example_params_ui_tutorial.py
[2025-03-23T08:14:22.590+0000] {processor.py:925} INFO - DAG(s) 'example_params_ui_tutorial' retrieved from /home/airflow/.local/lib/python3.12/site-packages/airflow/example_dags/example_params_ui_tutorial.py
[2025-03-23T08:14:22.681+0000] {logging_mixin.py:190} INFO - [2025-03-23T08:14:22.680+0000] {dag.py:3239} INFO - Sync 1 DAGs
[2025-03-23T08:14:22.702+0000] {logging_mixin.py:190} INFO - [2025-03-23T08:14:22.702+0000] {dag.py:4180} INFO - Setting next_dagrun for example_params_ui_tutorial to None, run_after=None
[2025-03-23T08:14:22.778+0000] {processor.py:208} INFO - Processing /home/airflow/.local/lib/python3.12/site-packages/airflow/example_dags/example_params_ui_tutorial.py took 0.221 seconds
[2025-03-23T08:14:53.192+0000] {processor.py:186} INFO - Started process (PID=1099) to work on /home/airflow/.local/lib/python3.12/site-packages/airflow/example_dags/example_params_ui_tutorial.py
[2025-03-23T08:14:53.194+0000] {processor.py:914} INFO - Processing file /home/airflow/.local/lib/python3.12/site-packages/airflow/example_dags/example_params_ui_tutorial.py for tasks to queue
[2025-03-23T08:14:53.200+0000] {logging_mixin.py:190} INFO - [2025-03-23T08:14:53.199+0000] {dagbag.py:588} INFO - Filling up the DagBag from /home/airflow/.local/lib/python3.12/site-packages/airflow/example_dags/example_params_ui_tutorial.py
[2025-03-23T08:14:53.220+0000] {processor.py:925} INFO - DAG(s) 'example_params_ui_tutorial' retrieved from /home/airflow/.local/lib/python3.12/site-packages/airflow/example_dags/example_params_ui_tutorial.py
[2025-03-23T08:14:53.306+0000] {logging_mixin.py:190} INFO - [2025-03-23T08:14:53.305+0000] {dag.py:3239} INFO - Sync 1 DAGs
[2025-03-23T08:14:53.327+0000] {logging_mixin.py:190} INFO - [2025-03-23T08:14:53.327+0000] {dag.py:4180} INFO - Setting next_dagrun for example_params_ui_tutorial to None, run_after=None
[2025-03-23T08:14:53.416+0000] {processor.py:208} INFO - Processing /home/airflow/.local/lib/python3.12/site-packages/airflow/example_dags/example_params_ui_tutorial.py took 0.237 seconds
[2025-03-23T08:15:24.367+0000] {processor.py:186} INFO - Started process (PID=1164) to work on /home/airflow/.local/lib/python3.12/site-packages/airflow/example_dags/example_params_ui_tutorial.py
[2025-03-23T08:15:24.368+0000] {processor.py:914} INFO - Processing file /home/airflow/.local/lib/python3.12/site-packages/airflow/example_dags/example_params_ui_tutorial.py for tasks to queue
[2025-03-23T08:15:24.372+0000] {logging_mixin.py:190} INFO - [2025-03-23T08:15:24.371+0000] {dagbag.py:588} INFO - Filling up the DagBag from /home/airflow/.local/lib/python3.12/site-packages/airflow/example_dags/example_params_ui_tutorial.py
[2025-03-23T08:15:24.396+0000] {processor.py:925} INFO - DAG(s) 'example_params_ui_tutorial' retrieved from /home/airflow/.local/lib/python3.12/site-packages/airflow/example_dags/example_params_ui_tutorial.py
[2025-03-23T08:15:24.488+0000] {logging_mixin.py:190} INFO - [2025-03-23T08:15:24.487+0000] {dag.py:3239} INFO - Sync 1 DAGs
[2025-03-23T08:15:24.544+0000] {logging_mixin.py:190} INFO - [2025-03-23T08:15:24.542+0000] {dag.py:4180} INFO - Setting next_dagrun for example_params_ui_tutorial to None, run_after=None
[2025-03-23T08:15:24.681+0000] {processor.py:208} INFO - Processing /home/airflow/.local/lib/python3.12/site-packages/airflow/example_dags/example_params_ui_tutorial.py took 0.350 seconds
[2025-03-23T08:15:54.997+0000] {processor.py:186} INFO - Started process (PID=1233) to work on /home/airflow/.local/lib/python3.12/site-packages/airflow/example_dags/example_params_ui_tutorial.py
[2025-03-23T08:15:54.999+0000] {processor.py:914} INFO - Processing file /home/airflow/.local/lib/python3.12/site-packages/airflow/example_dags/example_params_ui_tutorial.py for tasks to queue
[2025-03-23T08:15:55.005+0000] {logging_mixin.py:190} INFO - [2025-03-23T08:15:55.004+0000] {dagbag.py:588} INFO - Filling up the DagBag from /home/airflow/.local/lib/python3.12/site-packages/airflow/example_dags/example_params_ui_tutorial.py
[2025-03-23T08:15:55.021+0000] {processor.py:925} INFO - DAG(s) 'example_params_ui_tutorial' retrieved from /home/airflow/.local/lib/python3.12/site-packages/airflow/example_dags/example_params_ui_tutorial.py
[2025-03-23T08:15:55.083+0000] {logging_mixin.py:190} INFO - [2025-03-23T08:15:55.082+0000] {dag.py:3239} INFO - Sync 1 DAGs
[2025-03-23T08:15:55.100+0000] {logging_mixin.py:190} INFO - [2025-03-23T08:15:55.100+0000] {dag.py:4180} INFO - Setting next_dagrun for example_params_ui_tutorial to None, run_after=None
[2025-03-23T08:15:55.149+0000] {processor.py:208} INFO - Processing /home/airflow/.local/lib/python3.12/site-packages/airflow/example_dags/example_params_ui_tutorial.py took 0.168 seconds
[2025-03-23T08:16:25.301+0000] {processor.py:186} INFO - Started process (PID=1296) to work on /home/airflow/.local/lib/python3.12/site-packages/airflow/example_dags/example_params_ui_tutorial.py
[2025-03-23T08:16:25.302+0000] {processor.py:914} INFO - Processing file /home/airflow/.local/lib/python3.12/site-packages/airflow/example_dags/example_params_ui_tutorial.py for tasks to queue
[2025-03-23T08:16:25.306+0000] {logging_mixin.py:190} INFO - [2025-03-23T08:16:25.306+0000] {dagbag.py:588} INFO - Filling up the DagBag from /home/airflow/.local/lib/python3.12/site-packages/airflow/example_dags/example_params_ui_tutorial.py
[2025-03-23T08:16:25.321+0000] {processor.py:925} INFO - DAG(s) 'example_params_ui_tutorial' retrieved from /home/airflow/.local/lib/python3.12/site-packages/airflow/example_dags/example_params_ui_tutorial.py
[2025-03-23T08:16:25.390+0000] {logging_mixin.py:190} INFO - [2025-03-23T08:16:25.390+0000] {dag.py:3239} INFO - Sync 1 DAGs
[2025-03-23T08:16:25.408+0000] {logging_mixin.py:190} INFO - [2025-03-23T08:16:25.408+0000] {dag.py:4180} INFO - Setting next_dagrun for example_params_ui_tutorial to None, run_after=None
[2025-03-23T08:16:25.482+0000] {processor.py:208} INFO - Processing /home/airflow/.local/lib/python3.12/site-packages/airflow/example_dags/example_params_ui_tutorial.py took 0.193 seconds
[2025-03-23T08:16:56.094+0000] {processor.py:186} INFO - Started process (PID=1360) to work on /home/airflow/.local/lib/python3.12/site-packages/airflow/example_dags/example_params_ui_tutorial.py
[2025-03-23T08:16:56.095+0000] {processor.py:914} INFO - Processing file /home/airflow/.local/lib/python3.12/site-packages/airflow/example_dags/example_params_ui_tutorial.py for tasks to queue
[2025-03-23T08:16:56.098+0000] {logging_mixin.py:190} INFO - [2025-03-23T08:16:56.098+0000] {dagbag.py:588} INFO - Filling up the DagBag from /home/airflow/.local/lib/python3.12/site-packages/airflow/example_dags/example_params_ui_tutorial.py
[2025-03-23T08:16:56.111+0000] {processor.py:925} INFO - DAG(s) 'example_params_ui_tutorial' retrieved from /home/airflow/.local/lib/python3.12/site-packages/airflow/example_dags/example_params_ui_tutorial.py
[2025-03-23T08:16:56.173+0000] {logging_mixin.py:190} INFO - [2025-03-23T08:16:56.172+0000] {dag.py:3239} INFO - Sync 1 DAGs
[2025-03-23T08:16:56.191+0000] {logging_mixin.py:190} INFO - [2025-03-23T08:16:56.191+0000] {dag.py:4180} INFO - Setting next_dagrun for example_params_ui_tutorial to None, run_after=None
[2025-03-23T08:16:56.246+0000] {processor.py:208} INFO - Processing /home/airflow/.local/lib/python3.12/site-packages/airflow/example_dags/example_params_ui_tutorial.py took 0.165 seconds
[2025-03-23T08:17:27.193+0000] {processor.py:186} INFO - Started process (PID=1424) to work on /home/airflow/.local/lib/python3.12/site-packages/airflow/example_dags/example_params_ui_tutorial.py
[2025-03-23T08:17:27.194+0000] {processor.py:914} INFO - Processing file /home/airflow/.local/lib/python3.12/site-packages/airflow/example_dags/example_params_ui_tutorial.py for tasks to queue
[2025-03-23T08:17:27.198+0000] {logging_mixin.py:190} INFO - [2025-03-23T08:17:27.198+0000] {dagbag.py:588} INFO - Filling up the DagBag from /home/airflow/.local/lib/python3.12/site-packages/airflow/example_dags/example_params_ui_tutorial.py
[2025-03-23T08:17:27.215+0000] {processor.py:925} INFO - DAG(s) 'example_params_ui_tutorial' retrieved from /home/airflow/.local/lib/python3.12/site-packages/airflow/example_dags/example_params_ui_tutorial.py
[2025-03-23T08:17:27.288+0000] {logging_mixin.py:190} INFO - [2025-03-23T08:17:27.287+0000] {dag.py:3239} INFO - Sync 1 DAGs
[2025-03-23T08:17:27.307+0000] {logging_mixin.py:190} INFO - [2025-03-23T08:17:27.306+0000] {dag.py:4180} INFO - Setting next_dagrun for example_params_ui_tutorial to None, run_after=None
[2025-03-23T08:17:27.352+0000] {processor.py:208} INFO - Processing /home/airflow/.local/lib/python3.12/site-packages/airflow/example_dags/example_params_ui_tutorial.py took 0.175 seconds
[2025-03-23T08:17:57.694+0000] {processor.py:186} INFO - Started process (PID=1488) to work on /home/airflow/.local/lib/python3.12/site-packages/airflow/example_dags/example_params_ui_tutorial.py
[2025-03-23T08:17:57.695+0000] {processor.py:914} INFO - Processing file /home/airflow/.local/lib/python3.12/site-packages/airflow/example_dags/example_params_ui_tutorial.py for tasks to queue
[2025-03-23T08:17:57.699+0000] {logging_mixin.py:190} INFO - [2025-03-23T08:17:57.699+0000] {dagbag.py:588} INFO - Filling up the DagBag from /home/airflow/.local/lib/python3.12/site-packages/airflow/example_dags/example_params_ui_tutorial.py
[2025-03-23T08:17:57.714+0000] {processor.py:925} INFO - DAG(s) 'example_params_ui_tutorial' retrieved from /home/airflow/.local/lib/python3.12/site-packages/airflow/example_dags/example_params_ui_tutorial.py
[2025-03-23T08:17:57.786+0000] {logging_mixin.py:190} INFO - [2025-03-23T08:17:57.785+0000] {dag.py:3239} INFO - Sync 1 DAGs
[2025-03-23T08:17:57.810+0000] {logging_mixin.py:190} INFO - [2025-03-23T08:17:57.809+0000] {dag.py:4180} INFO - Setting next_dagrun for example_params_ui_tutorial to None, run_after=None
[2025-03-23T08:17:57.883+0000] {processor.py:208} INFO - Processing /home/airflow/.local/lib/python3.12/site-packages/airflow/example_dags/example_params_ui_tutorial.py took 0.202 seconds
[2025-03-23T08:18:28.624+0000] {processor.py:186} INFO - Started process (PID=1552) to work on /home/airflow/.local/lib/python3.12/site-packages/airflow/example_dags/example_params_ui_tutorial.py
[2025-03-23T08:18:28.625+0000] {processor.py:914} INFO - Processing file /home/airflow/.local/lib/python3.12/site-packages/airflow/example_dags/example_params_ui_tutorial.py for tasks to queue
[2025-03-23T08:18:28.628+0000] {logging_mixin.py:190} INFO - [2025-03-23T08:18:28.628+0000] {dagbag.py:588} INFO - Filling up the DagBag from /home/airflow/.local/lib/python3.12/site-packages/airflow/example_dags/example_params_ui_tutorial.py
[2025-03-23T08:18:28.640+0000] {processor.py:925} INFO - DAG(s) 'example_params_ui_tutorial' retrieved from /home/airflow/.local/lib/python3.12/site-packages/airflow/example_dags/example_params_ui_tutorial.py
[2025-03-23T08:18:28.701+0000] {logging_mixin.py:190} INFO - [2025-03-23T08:18:28.700+0000] {dag.py:3239} INFO - Sync 1 DAGs
[2025-03-23T08:18:28.725+0000] {logging_mixin.py:190} INFO - [2025-03-23T08:18:28.725+0000] {dag.py:4180} INFO - Setting next_dagrun for example_params_ui_tutorial to None, run_after=None
[2025-03-23T08:18:28.789+0000] {processor.py:208} INFO - Processing /home/airflow/.local/lib/python3.12/site-packages/airflow/example_dags/example_params_ui_tutorial.py took 0.176 seconds
[2025-03-23T08:18:59.090+0000] {processor.py:186} INFO - Started process (PID=1616) to work on /home/airflow/.local/lib/python3.12/site-packages/airflow/example_dags/example_params_ui_tutorial.py
[2025-03-23T08:18:59.092+0000] {processor.py:914} INFO - Processing file /home/airflow/.local/lib/python3.12/site-packages/airflow/example_dags/example_params_ui_tutorial.py for tasks to queue
[2025-03-23T08:18:59.096+0000] {logging_mixin.py:190} INFO - [2025-03-23T08:18:59.095+0000] {dagbag.py:588} INFO - Filling up the DagBag from /home/airflow/.local/lib/python3.12/site-packages/airflow/example_dags/example_params_ui_tutorial.py
[2025-03-23T08:18:59.109+0000] {processor.py:925} INFO - DAG(s) 'example_params_ui_tutorial' retrieved from /home/airflow/.local/lib/python3.12/site-packages/airflow/example_dags/example_params_ui_tutorial.py
[2025-03-23T08:18:59.178+0000] {logging_mixin.py:190} INFO - [2025-03-23T08:18:59.177+0000] {dag.py:3239} INFO - Sync 1 DAGs
[2025-03-23T08:18:59.196+0000] {logging_mixin.py:190} INFO - [2025-03-23T08:18:59.196+0000] {dag.py:4180} INFO - Setting next_dagrun for example_params_ui_tutorial to None, run_after=None
[2025-03-23T08:18:59.260+0000] {processor.py:208} INFO - Processing /home/airflow/.local/lib/python3.12/site-packages/airflow/example_dags/example_params_ui_tutorial.py took 0.183 seconds
[2025-03-23T08:19:29.990+0000] {processor.py:186} INFO - Started process (PID=1680) to work on /home/airflow/.local/lib/python3.12/site-packages/airflow/example_dags/example_params_ui_tutorial.py
[2025-03-23T08:19:29.991+0000] {processor.py:914} INFO - Processing file /home/airflow/.local/lib/python3.12/site-packages/airflow/example_dags/example_params_ui_tutorial.py for tasks to queue
[2025-03-23T08:19:29.995+0000] {logging_mixin.py:190} INFO - [2025-03-23T08:19:29.995+0000] {dagbag.py:588} INFO - Filling up the DagBag from /home/airflow/.local/lib/python3.12/site-packages/airflow/example_dags/example_params_ui_tutorial.py
[2025-03-23T08:19:30.009+0000] {processor.py:925} INFO - DAG(s) 'example_params_ui_tutorial' retrieved from /home/airflow/.local/lib/python3.12/site-packages/airflow/example_dags/example_params_ui_tutorial.py
[2025-03-23T08:19:30.072+0000] {logging_mixin.py:190} INFO - [2025-03-23T08:19:30.071+0000] {dag.py:3239} INFO - Sync 1 DAGs
[2025-03-23T08:19:30.090+0000] {logging_mixin.py:190} INFO - [2025-03-23T08:19:30.089+0000] {dag.py:4180} INFO - Setting next_dagrun for example_params_ui_tutorial to None, run_after=None
[2025-03-23T08:19:30.146+0000] {processor.py:208} INFO - Processing /home/airflow/.local/lib/python3.12/site-packages/airflow/example_dags/example_params_ui_tutorial.py took 0.171 seconds
[2025-03-23T08:20:01.143+0000] {processor.py:186} INFO - Started process (PID=1744) to work on /home/airflow/.local/lib/python3.12/site-packages/airflow/example_dags/example_params_ui_tutorial.py
[2025-03-23T08:20:01.145+0000] {processor.py:914} INFO - Processing file /home/airflow/.local/lib/python3.12/site-packages/airflow/example_dags/example_params_ui_tutorial.py for tasks to queue
[2025-03-23T08:20:01.148+0000] {logging_mixin.py:190} INFO - [2025-03-23T08:20:01.147+0000] {dagbag.py:588} INFO - Filling up the DagBag from /home/airflow/.local/lib/python3.12/site-packages/airflow/example_dags/example_params_ui_tutorial.py
[2025-03-23T08:20:01.160+0000] {processor.py:925} INFO - DAG(s) 'example_params_ui_tutorial' retrieved from /home/airflow/.local/lib/python3.12/site-packages/airflow/example_dags/example_params_ui_tutorial.py
[2025-03-23T08:20:01.223+0000] {logging_mixin.py:190} INFO - [2025-03-23T08:20:01.223+0000] {dag.py:3239} INFO - Sync 1 DAGs
[2025-03-23T08:20:01.250+0000] {logging_mixin.py:190} INFO - [2025-03-23T08:20:01.249+0000] {dag.py:4180} INFO - Setting next_dagrun for example_params_ui_tutorial to None, run_after=None
[2025-03-23T08:20:01.314+0000] {processor.py:208} INFO - Processing /home/airflow/.local/lib/python3.12/site-packages/airflow/example_dags/example_params_ui_tutorial.py took 0.188 seconds
[2025-03-23T08:20:31.533+0000] {processor.py:186} INFO - Started process (PID=1808) to work on /home/airflow/.local/lib/python3.12/site-packages/airflow/example_dags/example_params_ui_tutorial.py
[2025-03-23T08:20:31.534+0000] {processor.py:914} INFO - Processing file /home/airflow/.local/lib/python3.12/site-packages/airflow/example_dags/example_params_ui_tutorial.py for tasks to queue
[2025-03-23T08:20:31.539+0000] {logging_mixin.py:190} INFO - [2025-03-23T08:20:31.538+0000] {dagbag.py:588} INFO - Filling up the DagBag from /home/airflow/.local/lib/python3.12/site-packages/airflow/example_dags/example_params_ui_tutorial.py
[2025-03-23T08:20:31.561+0000] {processor.py:925} INFO - DAG(s) 'example_params_ui_tutorial' retrieved from /home/airflow/.local/lib/python3.12/site-packages/airflow/example_dags/example_params_ui_tutorial.py
[2025-03-23T08:20:31.626+0000] {logging_mixin.py:190} INFO - [2025-03-23T08:20:31.626+0000] {dag.py:3239} INFO - Sync 1 DAGs
[2025-03-23T08:20:31.648+0000] {logging_mixin.py:190} INFO - [2025-03-23T08:20:31.647+0000] {dag.py:4180} INFO - Setting next_dagrun for example_params_ui_tutorial to None, run_after=None
[2025-03-23T08:20:31.787+0000] {processor.py:208} INFO - Processing /home/airflow/.local/lib/python3.12/site-packages/airflow/example_dags/example_params_ui_tutorial.py took 0.269 seconds
[2025-03-23T08:25:01.538+0000] {processor.py:186} INFO - Started process (PID=110) to work on /home/airflow/.local/lib/python3.12/site-packages/airflow/example_dags/example_params_ui_tutorial.py
[2025-03-23T08:25:01.569+0000] {processor.py:914} INFO - Processing file /home/airflow/.local/lib/python3.12/site-packages/airflow/example_dags/example_params_ui_tutorial.py for tasks to queue
[2025-03-23T08:25:01.572+0000] {logging_mixin.py:190} INFO - [2025-03-23T08:25:01.571+0000] {dagbag.py:588} INFO - Filling up the DagBag from /home/airflow/.local/lib/python3.12/site-packages/airflow/example_dags/example_params_ui_tutorial.py
[2025-03-23T08:25:01.584+0000] {processor.py:925} INFO - DAG(s) 'example_params_ui_tutorial' retrieved from /home/airflow/.local/lib/python3.12/site-packages/airflow/example_dags/example_params_ui_tutorial.py
[2025-03-23T08:25:01.648+0000] {logging_mixin.py:190} INFO - [2025-03-23T08:25:01.647+0000] {dag.py:3239} INFO - Sync 1 DAGs
[2025-03-23T08:25:01.665+0000] {logging_mixin.py:190} INFO - [2025-03-23T08:25:01.664+0000] {dag.py:4180} INFO - Setting next_dagrun for example_params_ui_tutorial to None, run_after=None
[2025-03-23T08:25:02.578+0000] {processor.py:208} INFO - Processing /home/airflow/.local/lib/python3.12/site-packages/airflow/example_dags/example_params_ui_tutorial.py took 1.048 seconds
[2025-03-23T08:26:37.969+0000] {processor.py:186} INFO - Started process (PID=99) to work on /home/airflow/.local/lib/python3.12/site-packages/airflow/example_dags/example_params_ui_tutorial.py
[2025-03-23T08:26:37.971+0000] {processor.py:914} INFO - Processing file /home/airflow/.local/lib/python3.12/site-packages/airflow/example_dags/example_params_ui_tutorial.py for tasks to queue
[2025-03-23T08:26:37.975+0000] {logging_mixin.py:190} INFO - [2025-03-23T08:26:37.975+0000] {dagbag.py:588} INFO - Filling up the DagBag from /home/airflow/.local/lib/python3.12/site-packages/airflow/example_dags/example_params_ui_tutorial.py
[2025-03-23T08:26:37.994+0000] {processor.py:925} INFO - DAG(s) 'example_params_ui_tutorial' retrieved from /home/airflow/.local/lib/python3.12/site-packages/airflow/example_dags/example_params_ui_tutorial.py
[2025-03-23T08:26:38.082+0000] {logging_mixin.py:190} INFO - [2025-03-23T08:26:38.082+0000] {dag.py:3239} INFO - Sync 1 DAGs
[2025-03-23T08:26:38.104+0000] {logging_mixin.py:190} INFO - [2025-03-23T08:26:38.104+0000] {dag.py:4180} INFO - Setting next_dagrun for example_params_ui_tutorial to None, run_after=None
[2025-03-23T08:26:39.137+0000] {processor.py:208} INFO - Processing /home/airflow/.local/lib/python3.12/site-packages/airflow/example_dags/example_params_ui_tutorial.py took 1.179 seconds
[2025-03-23T08:27:09.517+0000] {processor.py:186} INFO - Started process (PID=163) to work on /home/airflow/.local/lib/python3.12/site-packages/airflow/example_dags/example_params_ui_tutorial.py
[2025-03-23T08:27:09.518+0000] {processor.py:914} INFO - Processing file /home/airflow/.local/lib/python3.12/site-packages/airflow/example_dags/example_params_ui_tutorial.py for tasks to queue
[2025-03-23T08:27:09.523+0000] {logging_mixin.py:190} INFO - [2025-03-23T08:27:09.522+0000] {dagbag.py:588} INFO - Filling up the DagBag from /home/airflow/.local/lib/python3.12/site-packages/airflow/example_dags/example_params_ui_tutorial.py
[2025-03-23T08:27:09.542+0000] {processor.py:925} INFO - DAG(s) 'example_params_ui_tutorial' retrieved from /home/airflow/.local/lib/python3.12/site-packages/airflow/example_dags/example_params_ui_tutorial.py
[2025-03-23T08:27:09.700+0000] {logging_mixin.py:190} INFO - [2025-03-23T08:27:09.700+0000] {dag.py:3239} INFO - Sync 1 DAGs
[2025-03-23T08:27:09.723+0000] {logging_mixin.py:190} INFO - [2025-03-23T08:27:09.723+0000] {dag.py:4180} INFO - Setting next_dagrun for example_params_ui_tutorial to None, run_after=None
[2025-03-23T08:27:09.980+0000] {processor.py:208} INFO - Processing /home/airflow/.local/lib/python3.12/site-packages/airflow/example_dags/example_params_ui_tutorial.py took 0.475 seconds
[2025-03-23T08:27:40.523+0000] {processor.py:186} INFO - Started process (PID=227) to work on /home/airflow/.local/lib/python3.12/site-packages/airflow/example_dags/example_params_ui_tutorial.py
[2025-03-23T08:27:40.526+0000] {processor.py:914} INFO - Processing file /home/airflow/.local/lib/python3.12/site-packages/airflow/example_dags/example_params_ui_tutorial.py for tasks to queue
[2025-03-23T08:27:40.536+0000] {logging_mixin.py:190} INFO - [2025-03-23T08:27:40.535+0000] {dagbag.py:588} INFO - Filling up the DagBag from /home/airflow/.local/lib/python3.12/site-packages/airflow/example_dags/example_params_ui_tutorial.py
[2025-03-23T08:27:40.569+0000] {processor.py:925} INFO - DAG(s) 'example_params_ui_tutorial' retrieved from /home/airflow/.local/lib/python3.12/site-packages/airflow/example_dags/example_params_ui_tutorial.py
[2025-03-23T08:27:40.728+0000] {logging_mixin.py:190} INFO - [2025-03-23T08:27:40.728+0000] {dag.py:3239} INFO - Sync 1 DAGs
[2025-03-23T08:27:40.756+0000] {logging_mixin.py:190} INFO - [2025-03-23T08:27:40.755+0000] {dag.py:4180} INFO - Setting next_dagrun for example_params_ui_tutorial to None, run_after=None
[2025-03-23T08:27:40.920+0000] {processor.py:208} INFO - Processing /home/airflow/.local/lib/python3.12/site-packages/airflow/example_dags/example_params_ui_tutorial.py took 0.411 seconds
[2025-03-23T08:28:11.167+0000] {processor.py:186} INFO - Started process (PID=290) to work on /home/airflow/.local/lib/python3.12/site-packages/airflow/example_dags/example_params_ui_tutorial.py
[2025-03-23T08:28:11.169+0000] {processor.py:914} INFO - Processing file /home/airflow/.local/lib/python3.12/site-packages/airflow/example_dags/example_params_ui_tutorial.py for tasks to queue
[2025-03-23T08:28:11.172+0000] {logging_mixin.py:190} INFO - [2025-03-23T08:28:11.171+0000] {dagbag.py:588} INFO - Filling up the DagBag from /home/airflow/.local/lib/python3.12/site-packages/airflow/example_dags/example_params_ui_tutorial.py
[2025-03-23T08:28:11.192+0000] {processor.py:925} INFO - DAG(s) 'example_params_ui_tutorial' retrieved from /home/airflow/.local/lib/python3.12/site-packages/airflow/example_dags/example_params_ui_tutorial.py
[2025-03-23T08:28:11.264+0000] {logging_mixin.py:190} INFO - [2025-03-23T08:28:11.264+0000] {dag.py:3239} INFO - Sync 1 DAGs
[2025-03-23T08:28:11.283+0000] {logging_mixin.py:190} INFO - [2025-03-23T08:28:11.283+0000] {dag.py:4180} INFO - Setting next_dagrun for example_params_ui_tutorial to None, run_after=None
[2025-03-23T08:28:11.342+0000] {processor.py:208} INFO - Processing /home/airflow/.local/lib/python3.12/site-packages/airflow/example_dags/example_params_ui_tutorial.py took 0.184 seconds
[2025-03-23T08:28:41.434+0000] {processor.py:186} INFO - Started process (PID=353) to work on /home/airflow/.local/lib/python3.12/site-packages/airflow/example_dags/example_params_ui_tutorial.py
[2025-03-23T08:28:41.435+0000] {processor.py:914} INFO - Processing file /home/airflow/.local/lib/python3.12/site-packages/airflow/example_dags/example_params_ui_tutorial.py for tasks to queue
[2025-03-23T08:28:41.438+0000] {logging_mixin.py:190} INFO - [2025-03-23T08:28:41.437+0000] {dagbag.py:588} INFO - Filling up the DagBag from /home/airflow/.local/lib/python3.12/site-packages/airflow/example_dags/example_params_ui_tutorial.py
[2025-03-23T08:28:41.449+0000] {processor.py:925} INFO - DAG(s) 'example_params_ui_tutorial' retrieved from /home/airflow/.local/lib/python3.12/site-packages/airflow/example_dags/example_params_ui_tutorial.py
[2025-03-23T08:28:41.516+0000] {logging_mixin.py:190} INFO - [2025-03-23T08:28:41.515+0000] {dag.py:3239} INFO - Sync 1 DAGs
[2025-03-23T08:28:41.533+0000] {logging_mixin.py:190} INFO - [2025-03-23T08:28:41.532+0000] {dag.py:4180} INFO - Setting next_dagrun for example_params_ui_tutorial to None, run_after=None
[2025-03-23T08:28:41.599+0000] {processor.py:208} INFO - Processing /home/airflow/.local/lib/python3.12/site-packages/airflow/example_dags/example_params_ui_tutorial.py took 0.173 seconds
[2025-03-23T08:29:11.777+0000] {processor.py:186} INFO - Started process (PID=417) to work on /home/airflow/.local/lib/python3.12/site-packages/airflow/example_dags/example_params_ui_tutorial.py
[2025-03-23T08:29:11.781+0000] {processor.py:914} INFO - Processing file /home/airflow/.local/lib/python3.12/site-packages/airflow/example_dags/example_params_ui_tutorial.py for tasks to queue
[2025-03-23T08:29:11.784+0000] {logging_mixin.py:190} INFO - [2025-03-23T08:29:11.784+0000] {dagbag.py:588} INFO - Filling up the DagBag from /home/airflow/.local/lib/python3.12/site-packages/airflow/example_dags/example_params_ui_tutorial.py
[2025-03-23T08:29:11.803+0000] {processor.py:925} INFO - DAG(s) 'example_params_ui_tutorial' retrieved from /home/airflow/.local/lib/python3.12/site-packages/airflow/example_dags/example_params_ui_tutorial.py
[2025-03-23T08:29:11.862+0000] {logging_mixin.py:190} INFO - [2025-03-23T08:29:11.862+0000] {dag.py:3239} INFO - Sync 1 DAGs
[2025-03-23T08:29:11.879+0000] {logging_mixin.py:190} INFO - [2025-03-23T08:29:11.879+0000] {dag.py:4180} INFO - Setting next_dagrun for example_params_ui_tutorial to None, run_after=None
[2025-03-23T08:29:11.932+0000] {processor.py:208} INFO - Processing /home/airflow/.local/lib/python3.12/site-packages/airflow/example_dags/example_params_ui_tutorial.py took 0.166 seconds
[2025-03-23T08:29:42.528+0000] {processor.py:186} INFO - Started process (PID=481) to work on /home/airflow/.local/lib/python3.12/site-packages/airflow/example_dags/example_params_ui_tutorial.py
[2025-03-23T08:29:42.530+0000] {processor.py:914} INFO - Processing file /home/airflow/.local/lib/python3.12/site-packages/airflow/example_dags/example_params_ui_tutorial.py for tasks to queue
[2025-03-23T08:29:42.534+0000] {logging_mixin.py:190} INFO - [2025-03-23T08:29:42.534+0000] {dagbag.py:588} INFO - Filling up the DagBag from /home/airflow/.local/lib/python3.12/site-packages/airflow/example_dags/example_params_ui_tutorial.py
[2025-03-23T08:29:42.554+0000] {processor.py:925} INFO - DAG(s) 'example_params_ui_tutorial' retrieved from /home/airflow/.local/lib/python3.12/site-packages/airflow/example_dags/example_params_ui_tutorial.py
[2025-03-23T08:29:42.619+0000] {logging_mixin.py:190} INFO - [2025-03-23T08:29:42.618+0000] {dag.py:3239} INFO - Sync 1 DAGs
[2025-03-23T08:29:42.641+0000] {logging_mixin.py:190} INFO - [2025-03-23T08:29:42.641+0000] {dag.py:4180} INFO - Setting next_dagrun for example_params_ui_tutorial to None, run_after=None
[2025-03-23T08:29:42.813+0000] {processor.py:208} INFO - Processing /home/airflow/.local/lib/python3.12/site-packages/airflow/example_dags/example_params_ui_tutorial.py took 0.294 seconds
