[2025-03-23T08:07:35.771+0000] {processor.py:186} INFO - Started process (PID=157) to work on /home/airflow/.local/lib/python3.12/site-packages/airflow/example_dags/example_subdag_operator.py
[2025-03-23T08:07:35.773+0000] {processor.py:914} INFO - Processing file /home/airflow/.local/lib/python3.12/site-packages/airflow/example_dags/example_subdag_operator.py for tasks to queue
[2025-03-23T08:07:35.777+0000] {logging_mixin.py:190} INFO - [2025-03-23T08:07:35.776+0000] {dagbag.py:588} INFO - Filling up the DagBag from /home/airflow/.local/lib/python3.12/site-packages/airflow/example_dags/example_subdag_operator.py
[2025-03-23T08:07:35.822+0000] {processor.py:925} INFO - DAG(s) 'example_subdag_operator.section-1', 'example_subdag_operator.section-2', 'example_subdag_operator' retrieved from /home/airflow/.local/lib/python3.12/site-packages/airflow/example_dags/example_subdag_operator.py
[2025-03-23T08:07:36.068+0000] {logging_mixin.py:190} INFO - [2025-03-23T08:07:36.067+0000] {override.py:1911} INFO - Created Permission View: can edit on DAG:example_subdag_operator
[2025-03-23T08:07:36.134+0000] {logging_mixin.py:190} INFO - [2025-03-23T08:07:36.134+0000] {override.py:1911} INFO - Created Permission View: can delete on DAG:example_subdag_operator
[2025-03-23T08:07:36.203+0000] {logging_mixin.py:190} INFO - [2025-03-23T08:07:36.202+0000] {override.py:1911} INFO - Created Permission View: can read on DAG:example_subdag_operator
[2025-03-23T08:07:36.409+0000] {logging_mixin.py:190} INFO - [2025-03-23T08:07:36.408+0000] {override.py:1911} INFO - Created Permission View: menu access on DAG Run:example_subdag_operator
[2025-03-23T08:07:36.498+0000] {logging_mixin.py:190} INFO - [2025-03-23T08:07:36.497+0000] {override.py:1911} INFO - Created Permission View: can create on DAG Run:example_subdag_operator
[2025-03-23T08:07:36.567+0000] {logging_mixin.py:190} INFO - [2025-03-23T08:07:36.567+0000] {override.py:1911} INFO - Created Permission View: can read on DAG Run:example_subdag_operator
[2025-03-23T08:07:36.668+0000] {logging_mixin.py:190} INFO - [2025-03-23T08:07:36.668+0000] {override.py:1911} INFO - Created Permission View: can delete on DAG Run:example_subdag_operator
[2025-03-23T08:07:36.669+0000] {logging_mixin.py:190} INFO - [2025-03-23T08:07:36.669+0000] {dag.py:3239} INFO - Sync 3 DAGs
[2025-03-23T08:07:36.684+0000] {logging_mixin.py:190} INFO - [2025-03-23T08:07:36.684+0000] {dag.py:3262} INFO - Creating ORM DAG for example_subdag_operator
[2025-03-23T08:07:36.685+0000] {logging_mixin.py:190} INFO - [2025-03-23T08:07:36.685+0000] {dag.py:3262} INFO - Creating ORM DAG for example_subdag_operator.section-2
[2025-03-23T08:07:36.687+0000] {logging_mixin.py:190} INFO - [2025-03-23T08:07:36.686+0000] {dag.py:3262} INFO - Creating ORM DAG for example_subdag_operator.section-1
[2025-03-23T08:07:36.698+0000] {logging_mixin.py:190} INFO - [2025-03-23T08:07:36.698+0000] {dag.py:4180} INFO - Setting next_dagrun for example_subdag_operator to 2022-01-01 00:00:00+00:00, run_after=2022-01-01 00:00:00+00:00
[2025-03-23T08:07:36.699+0000] {logging_mixin.py:190} INFO - [2025-03-23T08:07:36.699+0000] {dag.py:4180} INFO - Setting next_dagrun for example_subdag_operator.section-1 to None, run_after=None
[2025-03-23T08:07:36.700+0000] {logging_mixin.py:190} INFO - [2025-03-23T08:07:36.700+0000] {dag.py:4180} INFO - Setting next_dagrun for example_subdag_operator.section-2 to None, run_after=None
[2025-03-23T08:07:36.712+0000] {logging_mixin.py:190} INFO - [2025-03-23T08:07:36.711+0000] {dag.py:3239} INFO - Sync 2 DAGs
[2025-03-23T08:07:36.721+0000] {logging_mixin.py:190} INFO - [2025-03-23T08:07:36.721+0000] {dag.py:4180} INFO - Setting next_dagrun for example_subdag_operator.section-1 to None, run_after=None
[2025-03-23T08:07:36.766+0000] {logging_mixin.py:190} INFO - [2025-03-23T08:07:36.766+0000] {dag.py:4180} INFO - Setting next_dagrun for example_subdag_operator.section-2 to None, run_after=None
[2025-03-23T08:07:37.178+0000] {processor.py:208} INFO - Processing /home/airflow/.local/lib/python3.12/site-packages/airflow/example_dags/example_subdag_operator.py took 1.414 seconds
[2025-03-23T08:08:07.815+0000] {processor.py:186} INFO - Started process (PID=222) to work on /home/airflow/.local/lib/python3.12/site-packages/airflow/example_dags/example_subdag_operator.py
[2025-03-23T08:08:07.816+0000] {processor.py:914} INFO - Processing file /home/airflow/.local/lib/python3.12/site-packages/airflow/example_dags/example_subdag_operator.py for tasks to queue
[2025-03-23T08:08:07.820+0000] {logging_mixin.py:190} INFO - [2025-03-23T08:08:07.819+0000] {dagbag.py:588} INFO - Filling up the DagBag from /home/airflow/.local/lib/python3.12/site-packages/airflow/example_dags/example_subdag_operator.py
[2025-03-23T08:08:07.857+0000] {processor.py:925} INFO - DAG(s) 'example_subdag_operator.section-1', 'example_subdag_operator.section-2', 'example_subdag_operator' retrieved from /home/airflow/.local/lib/python3.12/site-packages/airflow/example_dags/example_subdag_operator.py
[2025-03-23T08:08:07.887+0000] {logging_mixin.py:190} INFO - [2025-03-23T08:08:07.887+0000] {dag.py:3239} INFO - Sync 3 DAGs
[2025-03-23T08:08:07.923+0000] {logging_mixin.py:190} INFO - [2025-03-23T08:08:07.922+0000] {dag.py:4180} INFO - Setting next_dagrun for example_subdag_operator to 2022-01-01 00:00:00+00:00, run_after=2022-01-01 00:00:00+00:00
[2025-03-23T08:08:07.927+0000] {logging_mixin.py:190} INFO - [2025-03-23T08:08:07.927+0000] {dag.py:4180} INFO - Setting next_dagrun for example_subdag_operator.section-1 to None, run_after=None
[2025-03-23T08:08:07.930+0000] {logging_mixin.py:190} INFO - [2025-03-23T08:08:07.929+0000] {dag.py:4180} INFO - Setting next_dagrun for example_subdag_operator.section-2 to None, run_after=None
[2025-03-23T08:08:07.939+0000] {logging_mixin.py:190} INFO - [2025-03-23T08:08:07.939+0000] {dag.py:3239} INFO - Sync 2 DAGs
[2025-03-23T08:08:07.947+0000] {logging_mixin.py:190} INFO - [2025-03-23T08:08:07.947+0000] {dag.py:4180} INFO - Setting next_dagrun for example_subdag_operator.section-1 to None, run_after=None
[2025-03-23T08:08:07.948+0000] {logging_mixin.py:190} INFO - [2025-03-23T08:08:07.948+0000] {dag.py:4180} INFO - Setting next_dagrun for example_subdag_operator.section-2 to None, run_after=None
[2025-03-23T08:08:08.333+0000] {processor.py:208} INFO - Processing /home/airflow/.local/lib/python3.12/site-packages/airflow/example_dags/example_subdag_operator.py took 0.525 seconds
[2025-03-23T08:08:38.504+0000] {processor.py:186} INFO - Started process (PID=286) to work on /home/airflow/.local/lib/python3.12/site-packages/airflow/example_dags/example_subdag_operator.py
[2025-03-23T08:08:38.506+0000] {processor.py:914} INFO - Processing file /home/airflow/.local/lib/python3.12/site-packages/airflow/example_dags/example_subdag_operator.py for tasks to queue
[2025-03-23T08:08:38.509+0000] {logging_mixin.py:190} INFO - [2025-03-23T08:08:38.509+0000] {dagbag.py:588} INFO - Filling up the DagBag from /home/airflow/.local/lib/python3.12/site-packages/airflow/example_dags/example_subdag_operator.py
[2025-03-23T08:08:38.549+0000] {processor.py:925} INFO - DAG(s) 'example_subdag_operator.section-1', 'example_subdag_operator.section-2', 'example_subdag_operator' retrieved from /home/airflow/.local/lib/python3.12/site-packages/airflow/example_dags/example_subdag_operator.py
[2025-03-23T08:08:38.581+0000] {logging_mixin.py:190} INFO - [2025-03-23T08:08:38.581+0000] {dag.py:3239} INFO - Sync 3 DAGs
[2025-03-23T08:08:38.619+0000] {logging_mixin.py:190} INFO - [2025-03-23T08:08:38.618+0000] {dag.py:4180} INFO - Setting next_dagrun for example_subdag_operator to 2022-01-01 00:00:00+00:00, run_after=2022-01-01 00:00:00+00:00
[2025-03-23T08:08:38.624+0000] {logging_mixin.py:190} INFO - [2025-03-23T08:08:38.624+0000] {dag.py:4180} INFO - Setting next_dagrun for example_subdag_operator.section-1 to None, run_after=None
[2025-03-23T08:08:38.627+0000] {logging_mixin.py:190} INFO - [2025-03-23T08:08:38.626+0000] {dag.py:4180} INFO - Setting next_dagrun for example_subdag_operator.section-2 to None, run_after=None
[2025-03-23T08:08:38.638+0000] {logging_mixin.py:190} INFO - [2025-03-23T08:08:38.638+0000] {dag.py:3239} INFO - Sync 2 DAGs
[2025-03-23T08:08:38.649+0000] {logging_mixin.py:190} INFO - [2025-03-23T08:08:38.649+0000] {dag.py:4180} INFO - Setting next_dagrun for example_subdag_operator.section-1 to None, run_after=None
[2025-03-23T08:08:38.650+0000] {logging_mixin.py:190} INFO - [2025-03-23T08:08:38.650+0000] {dag.py:4180} INFO - Setting next_dagrun for example_subdag_operator.section-2 to None, run_after=None
[2025-03-23T08:08:38.805+0000] {processor.py:208} INFO - Processing /home/airflow/.local/lib/python3.12/site-packages/airflow/example_dags/example_subdag_operator.py took 0.311 seconds
[2025-03-23T08:09:09.201+0000] {processor.py:186} INFO - Started process (PID=349) to work on /home/airflow/.local/lib/python3.12/site-packages/airflow/example_dags/example_subdag_operator.py
[2025-03-23T08:09:09.202+0000] {processor.py:914} INFO - Processing file /home/airflow/.local/lib/python3.12/site-packages/airflow/example_dags/example_subdag_operator.py for tasks to queue
[2025-03-23T08:09:09.207+0000] {logging_mixin.py:190} INFO - [2025-03-23T08:09:09.206+0000] {dagbag.py:588} INFO - Filling up the DagBag from /home/airflow/.local/lib/python3.12/site-packages/airflow/example_dags/example_subdag_operator.py
[2025-03-23T08:09:09.252+0000] {processor.py:925} INFO - DAG(s) 'example_subdag_operator.section-1', 'example_subdag_operator.section-2', 'example_subdag_operator' retrieved from /home/airflow/.local/lib/python3.12/site-packages/airflow/example_dags/example_subdag_operator.py
[2025-03-23T08:09:09.274+0000] {logging_mixin.py:190} INFO - [2025-03-23T08:09:09.274+0000] {dag.py:3239} INFO - Sync 3 DAGs
[2025-03-23T08:09:09.334+0000] {logging_mixin.py:190} INFO - [2025-03-23T08:09:09.334+0000] {dag.py:4180} INFO - Setting next_dagrun for example_subdag_operator to 2022-01-01 00:00:00+00:00, run_after=2022-01-01 00:00:00+00:00
[2025-03-23T08:09:09.369+0000] {logging_mixin.py:190} INFO - [2025-03-23T08:09:09.369+0000] {dag.py:4180} INFO - Setting next_dagrun for example_subdag_operator.section-1 to None, run_after=None
[2025-03-23T08:09:09.373+0000] {logging_mixin.py:190} INFO - [2025-03-23T08:09:09.372+0000] {dag.py:4180} INFO - Setting next_dagrun for example_subdag_operator.section-2 to None, run_after=None
[2025-03-23T08:09:09.392+0000] {logging_mixin.py:190} INFO - [2025-03-23T08:09:09.391+0000] {dag.py:3239} INFO - Sync 2 DAGs
[2025-03-23T08:09:09.425+0000] {logging_mixin.py:190} INFO - [2025-03-23T08:09:09.424+0000] {dag.py:4180} INFO - Setting next_dagrun for example_subdag_operator.section-1 to None, run_after=None
[2025-03-23T08:09:09.430+0000] {logging_mixin.py:190} INFO - [2025-03-23T08:09:09.429+0000] {dag.py:4180} INFO - Setting next_dagrun for example_subdag_operator.section-2 to None, run_after=None
[2025-03-23T08:09:09.909+0000] {processor.py:208} INFO - Processing /home/airflow/.local/lib/python3.12/site-packages/airflow/example_dags/example_subdag_operator.py took 0.717 seconds
[2025-03-23T08:09:40.311+0000] {processor.py:186} INFO - Started process (PID=413) to work on /home/airflow/.local/lib/python3.12/site-packages/airflow/example_dags/example_subdag_operator.py
[2025-03-23T08:09:40.313+0000] {processor.py:914} INFO - Processing file /home/airflow/.local/lib/python3.12/site-packages/airflow/example_dags/example_subdag_operator.py for tasks to queue
[2025-03-23T08:09:40.316+0000] {logging_mixin.py:190} INFO - [2025-03-23T08:09:40.316+0000] {dagbag.py:588} INFO - Filling up the DagBag from /home/airflow/.local/lib/python3.12/site-packages/airflow/example_dags/example_subdag_operator.py
[2025-03-23T08:09:40.357+0000] {processor.py:925} INFO - DAG(s) 'example_subdag_operator.section-1', 'example_subdag_operator.section-2', 'example_subdag_operator' retrieved from /home/airflow/.local/lib/python3.12/site-packages/airflow/example_dags/example_subdag_operator.py
[2025-03-23T08:09:40.380+0000] {logging_mixin.py:190} INFO - [2025-03-23T08:09:40.380+0000] {dag.py:3239} INFO - Sync 3 DAGs
[2025-03-23T08:09:40.439+0000] {logging_mixin.py:190} INFO - [2025-03-23T08:09:40.439+0000] {dag.py:4180} INFO - Setting next_dagrun for example_subdag_operator to 2022-01-01 00:00:00+00:00, run_after=2022-01-01 00:00:00+00:00
[2025-03-23T08:09:40.446+0000] {logging_mixin.py:190} INFO - [2025-03-23T08:09:40.446+0000] {dag.py:4180} INFO - Setting next_dagrun for example_subdag_operator.section-1 to None, run_after=None
[2025-03-23T08:09:40.448+0000] {logging_mixin.py:190} INFO - [2025-03-23T08:09:40.448+0000] {dag.py:4180} INFO - Setting next_dagrun for example_subdag_operator.section-2 to None, run_after=None
[2025-03-23T08:09:40.458+0000] {logging_mixin.py:190} INFO - [2025-03-23T08:09:40.458+0000] {dag.py:3239} INFO - Sync 2 DAGs
[2025-03-23T08:09:40.466+0000] {logging_mixin.py:190} INFO - [2025-03-23T08:09:40.466+0000] {dag.py:4180} INFO - Setting next_dagrun for example_subdag_operator.section-1 to None, run_after=None
[2025-03-23T08:09:40.467+0000] {logging_mixin.py:190} INFO - [2025-03-23T08:09:40.467+0000] {dag.py:4180} INFO - Setting next_dagrun for example_subdag_operator.section-2 to None, run_after=None
[2025-03-23T08:09:40.747+0000] {processor.py:208} INFO - Processing /home/airflow/.local/lib/python3.12/site-packages/airflow/example_dags/example_subdag_operator.py took 0.444 seconds
[2025-03-23T08:10:11.529+0000] {processor.py:186} INFO - Started process (PID=477) to work on /home/airflow/.local/lib/python3.12/site-packages/airflow/example_dags/example_subdag_operator.py
[2025-03-23T08:10:11.530+0000] {processor.py:914} INFO - Processing file /home/airflow/.local/lib/python3.12/site-packages/airflow/example_dags/example_subdag_operator.py for tasks to queue
[2025-03-23T08:10:11.535+0000] {logging_mixin.py:190} INFO - [2025-03-23T08:10:11.534+0000] {dagbag.py:588} INFO - Filling up the DagBag from /home/airflow/.local/lib/python3.12/site-packages/airflow/example_dags/example_subdag_operator.py
[2025-03-23T08:10:11.567+0000] {processor.py:925} INFO - DAG(s) 'example_subdag_operator.section-1', 'example_subdag_operator.section-2', 'example_subdag_operator' retrieved from /home/airflow/.local/lib/python3.12/site-packages/airflow/example_dags/example_subdag_operator.py
[2025-03-23T08:10:11.585+0000] {logging_mixin.py:190} INFO - [2025-03-23T08:10:11.585+0000] {dag.py:3239} INFO - Sync 3 DAGs
[2025-03-23T08:10:11.616+0000] {logging_mixin.py:190} INFO - [2025-03-23T08:10:11.615+0000] {dag.py:4180} INFO - Setting next_dagrun for example_subdag_operator to 2022-01-01 00:00:00+00:00, run_after=2022-01-01 00:00:00+00:00
[2025-03-23T08:10:11.620+0000] {logging_mixin.py:190} INFO - [2025-03-23T08:10:11.620+0000] {dag.py:4180} INFO - Setting next_dagrun for example_subdag_operator.section-1 to None, run_after=None
[2025-03-23T08:10:11.622+0000] {logging_mixin.py:190} INFO - [2025-03-23T08:10:11.621+0000] {dag.py:4180} INFO - Setting next_dagrun for example_subdag_operator.section-2 to None, run_after=None
[2025-03-23T08:10:11.630+0000] {logging_mixin.py:190} INFO - [2025-03-23T08:10:11.630+0000] {dag.py:3239} INFO - Sync 2 DAGs
[2025-03-23T08:10:11.637+0000] {logging_mixin.py:190} INFO - [2025-03-23T08:10:11.636+0000] {dag.py:4180} INFO - Setting next_dagrun for example_subdag_operator.section-1 to None, run_after=None
[2025-03-23T08:10:11.637+0000] {logging_mixin.py:190} INFO - [2025-03-23T08:10:11.637+0000] {dag.py:4180} INFO - Setting next_dagrun for example_subdag_operator.section-2 to None, run_after=None
[2025-03-23T08:10:11.766+0000] {processor.py:208} INFO - Processing /home/airflow/.local/lib/python3.12/site-packages/airflow/example_dags/example_subdag_operator.py took 0.246 seconds
[2025-03-23T08:10:42.125+0000] {processor.py:186} INFO - Started process (PID=541) to work on /home/airflow/.local/lib/python3.12/site-packages/airflow/example_dags/example_subdag_operator.py
[2025-03-23T08:10:42.126+0000] {processor.py:914} INFO - Processing file /home/airflow/.local/lib/python3.12/site-packages/airflow/example_dags/example_subdag_operator.py for tasks to queue
[2025-03-23T08:10:42.132+0000] {logging_mixin.py:190} INFO - [2025-03-23T08:10:42.131+0000] {dagbag.py:588} INFO - Filling up the DagBag from /home/airflow/.local/lib/python3.12/site-packages/airflow/example_dags/example_subdag_operator.py
[2025-03-23T08:10:42.177+0000] {processor.py:925} INFO - DAG(s) 'example_subdag_operator.section-1', 'example_subdag_operator.section-2', 'example_subdag_operator' retrieved from /home/airflow/.local/lib/python3.12/site-packages/airflow/example_dags/example_subdag_operator.py
[2025-03-23T08:10:42.228+0000] {logging_mixin.py:190} INFO - [2025-03-23T08:10:42.228+0000] {dag.py:3239} INFO - Sync 3 DAGs
[2025-03-23T08:10:42.266+0000] {logging_mixin.py:190} INFO - [2025-03-23T08:10:42.266+0000] {dag.py:4180} INFO - Setting next_dagrun for example_subdag_operator to 2022-01-01 00:00:00+00:00, run_after=2022-01-01 00:00:00+00:00
[2025-03-23T08:10:42.272+0000] {logging_mixin.py:190} INFO - [2025-03-23T08:10:42.272+0000] {dag.py:4180} INFO - Setting next_dagrun for example_subdag_operator.section-1 to None, run_after=None
[2025-03-23T08:10:42.275+0000] {logging_mixin.py:190} INFO - [2025-03-23T08:10:42.274+0000] {dag.py:4180} INFO - Setting next_dagrun for example_subdag_operator.section-2 to None, run_after=None
[2025-03-23T08:10:42.284+0000] {logging_mixin.py:190} INFO - [2025-03-23T08:10:42.284+0000] {dag.py:3239} INFO - Sync 2 DAGs
[2025-03-23T08:10:42.294+0000] {logging_mixin.py:190} INFO - [2025-03-23T08:10:42.294+0000] {dag.py:4180} INFO - Setting next_dagrun for example_subdag_operator.section-1 to None, run_after=None
[2025-03-23T08:10:42.295+0000] {logging_mixin.py:190} INFO - [2025-03-23T08:10:42.295+0000] {dag.py:4180} INFO - Setting next_dagrun for example_subdag_operator.section-2 to None, run_after=None
[2025-03-23T08:10:42.412+0000] {processor.py:208} INFO - Processing /home/airflow/.local/lib/python3.12/site-packages/airflow/example_dags/example_subdag_operator.py took 0.299 seconds
[2025-03-23T08:11:13.066+0000] {processor.py:186} INFO - Started process (PID=605) to work on /home/airflow/.local/lib/python3.12/site-packages/airflow/example_dags/example_subdag_operator.py
[2025-03-23T08:11:13.067+0000] {processor.py:914} INFO - Processing file /home/airflow/.local/lib/python3.12/site-packages/airflow/example_dags/example_subdag_operator.py for tasks to queue
[2025-03-23T08:11:13.070+0000] {logging_mixin.py:190} INFO - [2025-03-23T08:11:13.070+0000] {dagbag.py:588} INFO - Filling up the DagBag from /home/airflow/.local/lib/python3.12/site-packages/airflow/example_dags/example_subdag_operator.py
[2025-03-23T08:11:13.107+0000] {processor.py:925} INFO - DAG(s) 'example_subdag_operator.section-1', 'example_subdag_operator.section-2', 'example_subdag_operator' retrieved from /home/airflow/.local/lib/python3.12/site-packages/airflow/example_dags/example_subdag_operator.py
[2025-03-23T08:11:13.134+0000] {logging_mixin.py:190} INFO - [2025-03-23T08:11:13.133+0000] {dag.py:3239} INFO - Sync 3 DAGs
[2025-03-23T08:11:13.165+0000] {logging_mixin.py:190} INFO - [2025-03-23T08:11:13.165+0000] {dag.py:4180} INFO - Setting next_dagrun for example_subdag_operator to 2022-01-01 00:00:00+00:00, run_after=2022-01-01 00:00:00+00:00
[2025-03-23T08:11:13.169+0000] {logging_mixin.py:190} INFO - [2025-03-23T08:11:13.169+0000] {dag.py:4180} INFO - Setting next_dagrun for example_subdag_operator.section-1 to None, run_after=None
[2025-03-23T08:11:13.171+0000] {logging_mixin.py:190} INFO - [2025-03-23T08:11:13.171+0000] {dag.py:4180} INFO - Setting next_dagrun for example_subdag_operator.section-2 to None, run_after=None
[2025-03-23T08:11:13.180+0000] {logging_mixin.py:190} INFO - [2025-03-23T08:11:13.180+0000] {dag.py:3239} INFO - Sync 2 DAGs
[2025-03-23T08:11:13.187+0000] {logging_mixin.py:190} INFO - [2025-03-23T08:11:13.187+0000] {dag.py:4180} INFO - Setting next_dagrun for example_subdag_operator.section-1 to None, run_after=None
[2025-03-23T08:11:13.188+0000] {logging_mixin.py:190} INFO - [2025-03-23T08:11:13.188+0000] {dag.py:4180} INFO - Setting next_dagrun for example_subdag_operator.section-2 to None, run_after=None
[2025-03-23T08:11:13.250+0000] {processor.py:208} INFO - Processing /home/airflow/.local/lib/python3.12/site-packages/airflow/example_dags/example_subdag_operator.py took 0.194 seconds
[2025-03-23T08:11:43.513+0000] {processor.py:186} INFO - Started process (PID=669) to work on /home/airflow/.local/lib/python3.12/site-packages/airflow/example_dags/example_subdag_operator.py
[2025-03-23T08:11:43.515+0000] {processor.py:914} INFO - Processing file /home/airflow/.local/lib/python3.12/site-packages/airflow/example_dags/example_subdag_operator.py for tasks to queue
[2025-03-23T08:11:43.520+0000] {logging_mixin.py:190} INFO - [2025-03-23T08:11:43.519+0000] {dagbag.py:588} INFO - Filling up the DagBag from /home/airflow/.local/lib/python3.12/site-packages/airflow/example_dags/example_subdag_operator.py
[2025-03-23T08:11:43.557+0000] {processor.py:925} INFO - DAG(s) 'example_subdag_operator.section-1', 'example_subdag_operator.section-2', 'example_subdag_operator' retrieved from /home/airflow/.local/lib/python3.12/site-packages/airflow/example_dags/example_subdag_operator.py
[2025-03-23T08:11:43.579+0000] {logging_mixin.py:190} INFO - [2025-03-23T08:11:43.578+0000] {dag.py:3239} INFO - Sync 3 DAGs
[2025-03-23T08:11:43.611+0000] {logging_mixin.py:190} INFO - [2025-03-23T08:11:43.611+0000] {dag.py:4180} INFO - Setting next_dagrun for example_subdag_operator to 2022-01-01 00:00:00+00:00, run_after=2022-01-01 00:00:00+00:00
[2025-03-23T08:11:43.617+0000] {logging_mixin.py:190} INFO - [2025-03-23T08:11:43.617+0000] {dag.py:4180} INFO - Setting next_dagrun for example_subdag_operator.section-1 to None, run_after=None
[2025-03-23T08:11:43.621+0000] {logging_mixin.py:190} INFO - [2025-03-23T08:11:43.620+0000] {dag.py:4180} INFO - Setting next_dagrun for example_subdag_operator.section-2 to None, run_after=None
[2025-03-23T08:11:43.630+0000] {logging_mixin.py:190} INFO - [2025-03-23T08:11:43.630+0000] {dag.py:3239} INFO - Sync 2 DAGs
[2025-03-23T08:11:43.639+0000] {logging_mixin.py:190} INFO - [2025-03-23T08:11:43.639+0000] {dag.py:4180} INFO - Setting next_dagrun for example_subdag_operator.section-1 to None, run_after=None
[2025-03-23T08:11:43.640+0000] {logging_mixin.py:190} INFO - [2025-03-23T08:11:43.640+0000] {dag.py:4180} INFO - Setting next_dagrun for example_subdag_operator.section-2 to None, run_after=None
[2025-03-23T08:11:43.711+0000] {processor.py:208} INFO - Processing /home/airflow/.local/lib/python3.12/site-packages/airflow/example_dags/example_subdag_operator.py took 0.208 seconds
[2025-03-23T08:12:14.093+0000] {processor.py:186} INFO - Started process (PID=733) to work on /home/airflow/.local/lib/python3.12/site-packages/airflow/example_dags/example_subdag_operator.py
[2025-03-23T08:12:14.094+0000] {processor.py:914} INFO - Processing file /home/airflow/.local/lib/python3.12/site-packages/airflow/example_dags/example_subdag_operator.py for tasks to queue
[2025-03-23T08:12:14.099+0000] {logging_mixin.py:190} INFO - [2025-03-23T08:12:14.098+0000] {dagbag.py:588} INFO - Filling up the DagBag from /home/airflow/.local/lib/python3.12/site-packages/airflow/example_dags/example_subdag_operator.py
[2025-03-23T08:12:14.132+0000] {processor.py:925} INFO - DAG(s) 'example_subdag_operator.section-1', 'example_subdag_operator.section-2', 'example_subdag_operator' retrieved from /home/airflow/.local/lib/python3.12/site-packages/airflow/example_dags/example_subdag_operator.py
[2025-03-23T08:12:14.159+0000] {logging_mixin.py:190} INFO - [2025-03-23T08:12:14.158+0000] {dag.py:3239} INFO - Sync 3 DAGs
[2025-03-23T08:12:14.188+0000] {logging_mixin.py:190} INFO - [2025-03-23T08:12:14.187+0000] {dag.py:4180} INFO - Setting next_dagrun for example_subdag_operator to 2022-01-01 00:00:00+00:00, run_after=2022-01-01 00:00:00+00:00
[2025-03-23T08:12:14.192+0000] {logging_mixin.py:190} INFO - [2025-03-23T08:12:14.192+0000] {dag.py:4180} INFO - Setting next_dagrun for example_subdag_operator.section-1 to None, run_after=None
[2025-03-23T08:12:14.195+0000] {logging_mixin.py:190} INFO - [2025-03-23T08:12:14.194+0000] {dag.py:4180} INFO - Setting next_dagrun for example_subdag_operator.section-2 to None, run_after=None
[2025-03-23T08:12:14.202+0000] {logging_mixin.py:190} INFO - [2025-03-23T08:12:14.202+0000] {dag.py:3239} INFO - Sync 2 DAGs
[2025-03-23T08:12:14.209+0000] {logging_mixin.py:190} INFO - [2025-03-23T08:12:14.209+0000] {dag.py:4180} INFO - Setting next_dagrun for example_subdag_operator.section-1 to None, run_after=None
[2025-03-23T08:12:14.210+0000] {logging_mixin.py:190} INFO - [2025-03-23T08:12:14.210+0000] {dag.py:4180} INFO - Setting next_dagrun for example_subdag_operator.section-2 to None, run_after=None
[2025-03-23T08:12:14.273+0000] {processor.py:208} INFO - Processing /home/airflow/.local/lib/python3.12/site-packages/airflow/example_dags/example_subdag_operator.py took 0.187 seconds
[2025-03-23T08:12:44.750+0000] {processor.py:186} INFO - Started process (PID=797) to work on /home/airflow/.local/lib/python3.12/site-packages/airflow/example_dags/example_subdag_operator.py
[2025-03-23T08:12:44.752+0000] {processor.py:914} INFO - Processing file /home/airflow/.local/lib/python3.12/site-packages/airflow/example_dags/example_subdag_operator.py for tasks to queue
[2025-03-23T08:12:44.756+0000] {logging_mixin.py:190} INFO - [2025-03-23T08:12:44.756+0000] {dagbag.py:588} INFO - Filling up the DagBag from /home/airflow/.local/lib/python3.12/site-packages/airflow/example_dags/example_subdag_operator.py
[2025-03-23T08:12:44.787+0000] {processor.py:925} INFO - DAG(s) 'example_subdag_operator.section-1', 'example_subdag_operator.section-2', 'example_subdag_operator' retrieved from /home/airflow/.local/lib/python3.12/site-packages/airflow/example_dags/example_subdag_operator.py
[2025-03-23T08:12:44.807+0000] {logging_mixin.py:190} INFO - [2025-03-23T08:12:44.807+0000] {dag.py:3239} INFO - Sync 3 DAGs
[2025-03-23T08:12:44.835+0000] {logging_mixin.py:190} INFO - [2025-03-23T08:12:44.834+0000] {dag.py:4180} INFO - Setting next_dagrun for example_subdag_operator to 2022-01-01 00:00:00+00:00, run_after=2022-01-01 00:00:00+00:00
[2025-03-23T08:12:44.839+0000] {logging_mixin.py:190} INFO - [2025-03-23T08:12:44.839+0000] {dag.py:4180} INFO - Setting next_dagrun for example_subdag_operator.section-1 to None, run_after=None
[2025-03-23T08:12:44.841+0000] {logging_mixin.py:190} INFO - [2025-03-23T08:12:44.840+0000] {dag.py:4180} INFO - Setting next_dagrun for example_subdag_operator.section-2 to None, run_after=None
[2025-03-23T08:12:44.848+0000] {logging_mixin.py:190} INFO - [2025-03-23T08:12:44.848+0000] {dag.py:3239} INFO - Sync 2 DAGs
[2025-03-23T08:12:44.855+0000] {logging_mixin.py:190} INFO - [2025-03-23T08:12:44.855+0000] {dag.py:4180} INFO - Setting next_dagrun for example_subdag_operator.section-1 to None, run_after=None
[2025-03-23T08:12:44.856+0000] {logging_mixin.py:190} INFO - [2025-03-23T08:12:44.856+0000] {dag.py:4180} INFO - Setting next_dagrun for example_subdag_operator.section-2 to None, run_after=None
[2025-03-23T08:12:44.912+0000] {processor.py:208} INFO - Processing /home/airflow/.local/lib/python3.12/site-packages/airflow/example_dags/example_subdag_operator.py took 0.170 seconds
[2025-03-23T08:13:15.569+0000] {processor.py:186} INFO - Started process (PID=861) to work on /home/airflow/.local/lib/python3.12/site-packages/airflow/example_dags/example_subdag_operator.py
[2025-03-23T08:13:15.571+0000] {processor.py:914} INFO - Processing file /home/airflow/.local/lib/python3.12/site-packages/airflow/example_dags/example_subdag_operator.py for tasks to queue
[2025-03-23T08:13:15.575+0000] {logging_mixin.py:190} INFO - [2025-03-23T08:13:15.575+0000] {dagbag.py:588} INFO - Filling up the DagBag from /home/airflow/.local/lib/python3.12/site-packages/airflow/example_dags/example_subdag_operator.py
[2025-03-23T08:13:15.614+0000] {processor.py:925} INFO - DAG(s) 'example_subdag_operator.section-1', 'example_subdag_operator.section-2', 'example_subdag_operator' retrieved from /home/airflow/.local/lib/python3.12/site-packages/airflow/example_dags/example_subdag_operator.py
[2025-03-23T08:13:15.636+0000] {logging_mixin.py:190} INFO - [2025-03-23T08:13:15.636+0000] {dag.py:3239} INFO - Sync 3 DAGs
[2025-03-23T08:13:15.670+0000] {logging_mixin.py:190} INFO - [2025-03-23T08:13:15.670+0000] {dag.py:4180} INFO - Setting next_dagrun for example_subdag_operator to 2022-01-01 00:00:00+00:00, run_after=2022-01-01 00:00:00+00:00
[2025-03-23T08:13:15.676+0000] {logging_mixin.py:190} INFO - [2025-03-23T08:13:15.676+0000] {dag.py:4180} INFO - Setting next_dagrun for example_subdag_operator.section-1 to None, run_after=None
[2025-03-23T08:13:15.679+0000] {logging_mixin.py:190} INFO - [2025-03-23T08:13:15.679+0000] {dag.py:4180} INFO - Setting next_dagrun for example_subdag_operator.section-2 to None, run_after=None
[2025-03-23T08:13:15.692+0000] {logging_mixin.py:190} INFO - [2025-03-23T08:13:15.691+0000] {dag.py:3239} INFO - Sync 2 DAGs
[2025-03-23T08:13:15.699+0000] {logging_mixin.py:190} INFO - [2025-03-23T08:13:15.699+0000] {dag.py:4180} INFO - Setting next_dagrun for example_subdag_operator.section-1 to None, run_after=None
[2025-03-23T08:13:15.700+0000] {logging_mixin.py:190} INFO - [2025-03-23T08:13:15.700+0000] {dag.py:4180} INFO - Setting next_dagrun for example_subdag_operator.section-2 to None, run_after=None
[2025-03-23T08:13:15.789+0000] {processor.py:208} INFO - Processing /home/airflow/.local/lib/python3.12/site-packages/airflow/example_dags/example_subdag_operator.py took 0.227 seconds
[2025-03-23T08:13:45.849+0000] {processor.py:186} INFO - Started process (PID=924) to work on /home/airflow/.local/lib/python3.12/site-packages/airflow/example_dags/example_subdag_operator.py
[2025-03-23T08:13:45.850+0000] {processor.py:914} INFO - Processing file /home/airflow/.local/lib/python3.12/site-packages/airflow/example_dags/example_subdag_operator.py for tasks to queue
[2025-03-23T08:13:45.855+0000] {logging_mixin.py:190} INFO - [2025-03-23T08:13:45.854+0000] {dagbag.py:588} INFO - Filling up the DagBag from /home/airflow/.local/lib/python3.12/site-packages/airflow/example_dags/example_subdag_operator.py
[2025-03-23T08:13:45.896+0000] {processor.py:925} INFO - DAG(s) 'example_subdag_operator.section-1', 'example_subdag_operator.section-2', 'example_subdag_operator' retrieved from /home/airflow/.local/lib/python3.12/site-packages/airflow/example_dags/example_subdag_operator.py
[2025-03-23T08:13:45.919+0000] {logging_mixin.py:190} INFO - [2025-03-23T08:13:45.919+0000] {dag.py:3239} INFO - Sync 3 DAGs
[2025-03-23T08:13:45.954+0000] {logging_mixin.py:190} INFO - [2025-03-23T08:13:45.953+0000] {dag.py:4180} INFO - Setting next_dagrun for example_subdag_operator to 2022-01-01 00:00:00+00:00, run_after=2022-01-01 00:00:00+00:00
[2025-03-23T08:13:45.960+0000] {logging_mixin.py:190} INFO - [2025-03-23T08:13:45.959+0000] {dag.py:4180} INFO - Setting next_dagrun for example_subdag_operator.section-1 to None, run_after=None
[2025-03-23T08:13:45.963+0000] {logging_mixin.py:190} INFO - [2025-03-23T08:13:45.962+0000] {dag.py:4180} INFO - Setting next_dagrun for example_subdag_operator.section-2 to None, run_after=None
[2025-03-23T08:13:45.973+0000] {logging_mixin.py:190} INFO - [2025-03-23T08:13:45.973+0000] {dag.py:3239} INFO - Sync 2 DAGs
[2025-03-23T08:13:45.982+0000] {logging_mixin.py:190} INFO - [2025-03-23T08:13:45.981+0000] {dag.py:4180} INFO - Setting next_dagrun for example_subdag_operator.section-1 to None, run_after=None
[2025-03-23T08:13:45.982+0000] {logging_mixin.py:190} INFO - [2025-03-23T08:13:45.982+0000] {dag.py:4180} INFO - Setting next_dagrun for example_subdag_operator.section-2 to None, run_after=None
[2025-03-23T08:13:46.056+0000] {processor.py:208} INFO - Processing /home/airflow/.local/lib/python3.12/site-packages/airflow/example_dags/example_subdag_operator.py took 0.216 seconds
[2025-03-23T08:14:16.306+0000] {processor.py:186} INFO - Started process (PID=988) to work on /home/airflow/.local/lib/python3.12/site-packages/airflow/example_dags/example_subdag_operator.py
[2025-03-23T08:14:16.307+0000] {processor.py:914} INFO - Processing file /home/airflow/.local/lib/python3.12/site-packages/airflow/example_dags/example_subdag_operator.py for tasks to queue
[2025-03-23T08:14:16.311+0000] {logging_mixin.py:190} INFO - [2025-03-23T08:14:16.311+0000] {dagbag.py:588} INFO - Filling up the DagBag from /home/airflow/.local/lib/python3.12/site-packages/airflow/example_dags/example_subdag_operator.py
[2025-03-23T08:14:16.350+0000] {processor.py:925} INFO - DAG(s) 'example_subdag_operator.section-1', 'example_subdag_operator.section-2', 'example_subdag_operator' retrieved from /home/airflow/.local/lib/python3.12/site-packages/airflow/example_dags/example_subdag_operator.py
[2025-03-23T08:14:16.377+0000] {logging_mixin.py:190} INFO - [2025-03-23T08:14:16.377+0000] {dag.py:3239} INFO - Sync 3 DAGs
[2025-03-23T08:14:16.413+0000] {logging_mixin.py:190} INFO - [2025-03-23T08:14:16.413+0000] {dag.py:4180} INFO - Setting next_dagrun for example_subdag_operator to 2022-01-01 00:00:00+00:00, run_after=2022-01-01 00:00:00+00:00
[2025-03-23T08:14:16.418+0000] {logging_mixin.py:190} INFO - [2025-03-23T08:14:16.417+0000] {dag.py:4180} INFO - Setting next_dagrun for example_subdag_operator.section-1 to None, run_after=None
[2025-03-23T08:14:16.420+0000] {logging_mixin.py:190} INFO - [2025-03-23T08:14:16.420+0000] {dag.py:4180} INFO - Setting next_dagrun for example_subdag_operator.section-2 to None, run_after=None
[2025-03-23T08:14:16.429+0000] {logging_mixin.py:190} INFO - [2025-03-23T08:14:16.429+0000] {dag.py:3239} INFO - Sync 2 DAGs
[2025-03-23T08:14:16.436+0000] {logging_mixin.py:190} INFO - [2025-03-23T08:14:16.436+0000] {dag.py:4180} INFO - Setting next_dagrun for example_subdag_operator.section-1 to None, run_after=None
[2025-03-23T08:14:16.437+0000] {logging_mixin.py:190} INFO - [2025-03-23T08:14:16.437+0000] {dag.py:4180} INFO - Setting next_dagrun for example_subdag_operator.section-2 to None, run_after=None
[2025-03-23T08:14:16.492+0000] {processor.py:208} INFO - Processing /home/airflow/.local/lib/python3.12/site-packages/airflow/example_dags/example_subdag_operator.py took 0.195 seconds
[2025-03-23T08:14:47.095+0000] {processor.py:186} INFO - Started process (PID=1059) to work on /home/airflow/.local/lib/python3.12/site-packages/airflow/example_dags/example_subdag_operator.py
[2025-03-23T08:14:47.096+0000] {processor.py:914} INFO - Processing file /home/airflow/.local/lib/python3.12/site-packages/airflow/example_dags/example_subdag_operator.py for tasks to queue
[2025-03-23T08:14:47.101+0000] {logging_mixin.py:190} INFO - [2025-03-23T08:14:47.100+0000] {dagbag.py:588} INFO - Filling up the DagBag from /home/airflow/.local/lib/python3.12/site-packages/airflow/example_dags/example_subdag_operator.py
[2025-03-23T08:14:47.134+0000] {processor.py:925} INFO - DAG(s) 'example_subdag_operator.section-1', 'example_subdag_operator.section-2', 'example_subdag_operator' retrieved from /home/airflow/.local/lib/python3.12/site-packages/airflow/example_dags/example_subdag_operator.py
[2025-03-23T08:14:47.157+0000] {logging_mixin.py:190} INFO - [2025-03-23T08:14:47.157+0000] {dag.py:3239} INFO - Sync 3 DAGs
[2025-03-23T08:14:47.189+0000] {logging_mixin.py:190} INFO - [2025-03-23T08:14:47.189+0000] {dag.py:4180} INFO - Setting next_dagrun for example_subdag_operator to 2022-01-01 00:00:00+00:00, run_after=2022-01-01 00:00:00+00:00
[2025-03-23T08:14:47.196+0000] {logging_mixin.py:190} INFO - [2025-03-23T08:14:47.196+0000] {dag.py:4180} INFO - Setting next_dagrun for example_subdag_operator.section-1 to None, run_after=None
[2025-03-23T08:14:47.200+0000] {logging_mixin.py:190} INFO - [2025-03-23T08:14:47.200+0000] {dag.py:4180} INFO - Setting next_dagrun for example_subdag_operator.section-2 to None, run_after=None
[2025-03-23T08:14:47.212+0000] {logging_mixin.py:190} INFO - [2025-03-23T08:14:47.212+0000] {dag.py:3239} INFO - Sync 2 DAGs
[2025-03-23T08:14:47.221+0000] {logging_mixin.py:190} INFO - [2025-03-23T08:14:47.221+0000] {dag.py:4180} INFO - Setting next_dagrun for example_subdag_operator.section-1 to None, run_after=None
[2025-03-23T08:14:47.223+0000] {logging_mixin.py:190} INFO - [2025-03-23T08:14:47.222+0000] {dag.py:4180} INFO - Setting next_dagrun for example_subdag_operator.section-2 to None, run_after=None
[2025-03-23T08:14:47.273+0000] {processor.py:208} INFO - Processing /home/airflow/.local/lib/python3.12/site-packages/airflow/example_dags/example_subdag_operator.py took 0.187 seconds
[2025-03-23T08:15:17.971+0000] {processor.py:186} INFO - Started process (PID=1141) to work on /home/airflow/.local/lib/python3.12/site-packages/airflow/example_dags/example_subdag_operator.py
[2025-03-23T08:15:17.973+0000] {processor.py:914} INFO - Processing file /home/airflow/.local/lib/python3.12/site-packages/airflow/example_dags/example_subdag_operator.py for tasks to queue
[2025-03-23T08:15:17.978+0000] {logging_mixin.py:190} INFO - [2025-03-23T08:15:17.977+0000] {dagbag.py:588} INFO - Filling up the DagBag from /home/airflow/.local/lib/python3.12/site-packages/airflow/example_dags/example_subdag_operator.py
[2025-03-23T08:15:18.029+0000] {processor.py:925} INFO - DAG(s) 'example_subdag_operator.section-1', 'example_subdag_operator.section-2', 'example_subdag_operator' retrieved from /home/airflow/.local/lib/python3.12/site-packages/airflow/example_dags/example_subdag_operator.py
[2025-03-23T08:15:18.076+0000] {logging_mixin.py:190} INFO - [2025-03-23T08:15:18.075+0000] {dag.py:3239} INFO - Sync 3 DAGs
[2025-03-23T08:15:18.126+0000] {logging_mixin.py:190} INFO - [2025-03-23T08:15:18.126+0000] {dag.py:4180} INFO - Setting next_dagrun for example_subdag_operator to 2022-01-01 00:00:00+00:00, run_after=2022-01-01 00:00:00+00:00
[2025-03-23T08:15:18.133+0000] {logging_mixin.py:190} INFO - [2025-03-23T08:15:18.133+0000] {dag.py:4180} INFO - Setting next_dagrun for example_subdag_operator.section-1 to None, run_after=None
[2025-03-23T08:15:18.136+0000] {logging_mixin.py:190} INFO - [2025-03-23T08:15:18.136+0000] {dag.py:4180} INFO - Setting next_dagrun for example_subdag_operator.section-2 to None, run_after=None
[2025-03-23T08:15:18.150+0000] {logging_mixin.py:190} INFO - [2025-03-23T08:15:18.150+0000] {dag.py:3239} INFO - Sync 2 DAGs
[2025-03-23T08:15:18.163+0000] {logging_mixin.py:190} INFO - [2025-03-23T08:15:18.163+0000] {dag.py:4180} INFO - Setting next_dagrun for example_subdag_operator.section-1 to None, run_after=None
[2025-03-23T08:15:18.165+0000] {logging_mixin.py:190} INFO - [2025-03-23T08:15:18.165+0000] {dag.py:4180} INFO - Setting next_dagrun for example_subdag_operator.section-2 to None, run_after=None
[2025-03-23T08:15:18.214+0000] {processor.py:208} INFO - Processing /home/airflow/.local/lib/python3.12/site-packages/airflow/example_dags/example_subdag_operator.py took 0.276 seconds
[2025-03-23T08:15:48.668+0000] {processor.py:186} INFO - Started process (PID=1205) to work on /home/airflow/.local/lib/python3.12/site-packages/airflow/example_dags/example_subdag_operator.py
[2025-03-23T08:15:48.669+0000] {processor.py:914} INFO - Processing file /home/airflow/.local/lib/python3.12/site-packages/airflow/example_dags/example_subdag_operator.py for tasks to queue
[2025-03-23T08:15:48.674+0000] {logging_mixin.py:190} INFO - [2025-03-23T08:15:48.673+0000] {dagbag.py:588} INFO - Filling up the DagBag from /home/airflow/.local/lib/python3.12/site-packages/airflow/example_dags/example_subdag_operator.py
[2025-03-23T08:15:48.728+0000] {processor.py:925} INFO - DAG(s) 'example_subdag_operator.section-1', 'example_subdag_operator.section-2', 'example_subdag_operator' retrieved from /home/airflow/.local/lib/python3.12/site-packages/airflow/example_dags/example_subdag_operator.py
[2025-03-23T08:15:48.765+0000] {logging_mixin.py:190} INFO - [2025-03-23T08:15:48.764+0000] {dag.py:3239} INFO - Sync 3 DAGs
[2025-03-23T08:15:48.818+0000] {logging_mixin.py:190} INFO - [2025-03-23T08:15:48.818+0000] {dag.py:4180} INFO - Setting next_dagrun for example_subdag_operator to 2022-01-01 00:00:00+00:00, run_after=2022-01-01 00:00:00+00:00
[2025-03-23T08:15:48.826+0000] {logging_mixin.py:190} INFO - [2025-03-23T08:15:48.825+0000] {dag.py:4180} INFO - Setting next_dagrun for example_subdag_operator.section-1 to None, run_after=None
[2025-03-23T08:15:48.828+0000] {logging_mixin.py:190} INFO - [2025-03-23T08:15:48.828+0000] {dag.py:4180} INFO - Setting next_dagrun for example_subdag_operator.section-2 to None, run_after=None
[2025-03-23T08:15:48.838+0000] {logging_mixin.py:190} INFO - [2025-03-23T08:15:48.837+0000] {dag.py:3239} INFO - Sync 2 DAGs
[2025-03-23T08:15:48.845+0000] {logging_mixin.py:190} INFO - [2025-03-23T08:15:48.844+0000] {dag.py:4180} INFO - Setting next_dagrun for example_subdag_operator.section-1 to None, run_after=None
[2025-03-23T08:15:48.845+0000] {logging_mixin.py:190} INFO - [2025-03-23T08:15:48.845+0000] {dag.py:4180} INFO - Setting next_dagrun for example_subdag_operator.section-2 to None, run_after=None
[2025-03-23T08:15:48.903+0000] {processor.py:208} INFO - Processing /home/airflow/.local/lib/python3.12/site-packages/airflow/example_dags/example_subdag_operator.py took 0.253 seconds
[2025-03-23T08:16:19.347+0000] {processor.py:186} INFO - Started process (PID=1269) to work on /home/airflow/.local/lib/python3.12/site-packages/airflow/example_dags/example_subdag_operator.py
[2025-03-23T08:16:19.349+0000] {processor.py:914} INFO - Processing file /home/airflow/.local/lib/python3.12/site-packages/airflow/example_dags/example_subdag_operator.py for tasks to queue
[2025-03-23T08:16:19.351+0000] {logging_mixin.py:190} INFO - [2025-03-23T08:16:19.351+0000] {dagbag.py:588} INFO - Filling up the DagBag from /home/airflow/.local/lib/python3.12/site-packages/airflow/example_dags/example_subdag_operator.py
[2025-03-23T08:16:19.379+0000] {processor.py:925} INFO - DAG(s) 'example_subdag_operator.section-1', 'example_subdag_operator.section-2', 'example_subdag_operator' retrieved from /home/airflow/.local/lib/python3.12/site-packages/airflow/example_dags/example_subdag_operator.py
[2025-03-23T08:16:19.400+0000] {logging_mixin.py:190} INFO - [2025-03-23T08:16:19.400+0000] {dag.py:3239} INFO - Sync 3 DAGs
[2025-03-23T08:16:19.428+0000] {logging_mixin.py:190} INFO - [2025-03-23T08:16:19.428+0000] {dag.py:4180} INFO - Setting next_dagrun for example_subdag_operator to 2022-01-01 00:00:00+00:00, run_after=2022-01-01 00:00:00+00:00
[2025-03-23T08:16:19.432+0000] {logging_mixin.py:190} INFO - [2025-03-23T08:16:19.431+0000] {dag.py:4180} INFO - Setting next_dagrun for example_subdag_operator.section-1 to None, run_after=None
[2025-03-23T08:16:19.434+0000] {logging_mixin.py:190} INFO - [2025-03-23T08:16:19.433+0000] {dag.py:4180} INFO - Setting next_dagrun for example_subdag_operator.section-2 to None, run_after=None
[2025-03-23T08:16:19.442+0000] {logging_mixin.py:190} INFO - [2025-03-23T08:16:19.441+0000] {dag.py:3239} INFO - Sync 2 DAGs
[2025-03-23T08:16:19.448+0000] {logging_mixin.py:190} INFO - [2025-03-23T08:16:19.448+0000] {dag.py:4180} INFO - Setting next_dagrun for example_subdag_operator.section-1 to None, run_after=None
[2025-03-23T08:16:19.449+0000] {logging_mixin.py:190} INFO - [2025-03-23T08:16:19.449+0000] {dag.py:4180} INFO - Setting next_dagrun for example_subdag_operator.section-2 to None, run_after=None
[2025-03-23T08:16:19.504+0000] {processor.py:208} INFO - Processing /home/airflow/.local/lib/python3.12/site-packages/airflow/example_dags/example_subdag_operator.py took 0.169 seconds
[2025-03-23T08:16:49.651+0000] {processor.py:186} INFO - Started process (PID=1332) to work on /home/airflow/.local/lib/python3.12/site-packages/airflow/example_dags/example_subdag_operator.py
[2025-03-23T08:16:49.653+0000] {processor.py:914} INFO - Processing file /home/airflow/.local/lib/python3.12/site-packages/airflow/example_dags/example_subdag_operator.py for tasks to queue
[2025-03-23T08:16:49.656+0000] {logging_mixin.py:190} INFO - [2025-03-23T08:16:49.656+0000] {dagbag.py:588} INFO - Filling up the DagBag from /home/airflow/.local/lib/python3.12/site-packages/airflow/example_dags/example_subdag_operator.py
[2025-03-23T08:16:49.695+0000] {processor.py:925} INFO - DAG(s) 'example_subdag_operator.section-1', 'example_subdag_operator.section-2', 'example_subdag_operator' retrieved from /home/airflow/.local/lib/python3.12/site-packages/airflow/example_dags/example_subdag_operator.py
[2025-03-23T08:16:49.721+0000] {logging_mixin.py:190} INFO - [2025-03-23T08:16:49.721+0000] {dag.py:3239} INFO - Sync 3 DAGs
[2025-03-23T08:16:49.752+0000] {logging_mixin.py:190} INFO - [2025-03-23T08:16:49.752+0000] {dag.py:4180} INFO - Setting next_dagrun for example_subdag_operator to 2022-01-01 00:00:00+00:00, run_after=2022-01-01 00:00:00+00:00
[2025-03-23T08:16:49.758+0000] {logging_mixin.py:190} INFO - [2025-03-23T08:16:49.757+0000] {dag.py:4180} INFO - Setting next_dagrun for example_subdag_operator.section-1 to None, run_after=None
[2025-03-23T08:16:49.760+0000] {logging_mixin.py:190} INFO - [2025-03-23T08:16:49.759+0000] {dag.py:4180} INFO - Setting next_dagrun for example_subdag_operator.section-2 to None, run_after=None
[2025-03-23T08:16:49.771+0000] {logging_mixin.py:190} INFO - [2025-03-23T08:16:49.771+0000] {dag.py:3239} INFO - Sync 2 DAGs
[2025-03-23T08:16:49.778+0000] {logging_mixin.py:190} INFO - [2025-03-23T08:16:49.778+0000] {dag.py:4180} INFO - Setting next_dagrun for example_subdag_operator.section-1 to None, run_after=None
[2025-03-23T08:16:49.779+0000] {logging_mixin.py:190} INFO - [2025-03-23T08:16:49.779+0000] {dag.py:4180} INFO - Setting next_dagrun for example_subdag_operator.section-2 to None, run_after=None
[2025-03-23T08:16:49.850+0000] {processor.py:208} INFO - Processing /home/airflow/.local/lib/python3.12/site-packages/airflow/example_dags/example_subdag_operator.py took 0.210 seconds
[2025-03-23T08:17:19.927+0000] {processor.py:186} INFO - Started process (PID=1395) to work on /home/airflow/.local/lib/python3.12/site-packages/airflow/example_dags/example_subdag_operator.py
[2025-03-23T08:17:19.928+0000] {processor.py:914} INFO - Processing file /home/airflow/.local/lib/python3.12/site-packages/airflow/example_dags/example_subdag_operator.py for tasks to queue
[2025-03-23T08:17:19.933+0000] {logging_mixin.py:190} INFO - [2025-03-23T08:17:19.932+0000] {dagbag.py:588} INFO - Filling up the DagBag from /home/airflow/.local/lib/python3.12/site-packages/airflow/example_dags/example_subdag_operator.py
[2025-03-23T08:17:19.969+0000] {processor.py:925} INFO - DAG(s) 'example_subdag_operator.section-1', 'example_subdag_operator.section-2', 'example_subdag_operator' retrieved from /home/airflow/.local/lib/python3.12/site-packages/airflow/example_dags/example_subdag_operator.py
[2025-03-23T08:17:19.989+0000] {logging_mixin.py:190} INFO - [2025-03-23T08:17:19.989+0000] {dag.py:3239} INFO - Sync 3 DAGs
[2025-03-23T08:17:20.020+0000] {logging_mixin.py:190} INFO - [2025-03-23T08:17:20.020+0000] {dag.py:4180} INFO - Setting next_dagrun for example_subdag_operator to 2022-01-01 00:00:00+00:00, run_after=2022-01-01 00:00:00+00:00
[2025-03-23T08:17:20.027+0000] {logging_mixin.py:190} INFO - [2025-03-23T08:17:20.026+0000] {dag.py:4180} INFO - Setting next_dagrun for example_subdag_operator.section-1 to None, run_after=None
[2025-03-23T08:17:20.029+0000] {logging_mixin.py:190} INFO - [2025-03-23T08:17:20.029+0000] {dag.py:4180} INFO - Setting next_dagrun for example_subdag_operator.section-2 to None, run_after=None
[2025-03-23T08:17:20.039+0000] {logging_mixin.py:190} INFO - [2025-03-23T08:17:20.038+0000] {dag.py:3239} INFO - Sync 2 DAGs
[2025-03-23T08:17:20.047+0000] {logging_mixin.py:190} INFO - [2025-03-23T08:17:20.047+0000] {dag.py:4180} INFO - Setting next_dagrun for example_subdag_operator.section-1 to None, run_after=None
[2025-03-23T08:17:20.048+0000] {logging_mixin.py:190} INFO - [2025-03-23T08:17:20.048+0000] {dag.py:4180} INFO - Setting next_dagrun for example_subdag_operator.section-2 to None, run_after=None
[2025-03-23T08:17:20.171+0000] {processor.py:208} INFO - Processing /home/airflow/.local/lib/python3.12/site-packages/airflow/example_dags/example_subdag_operator.py took 0.259 seconds
[2025-03-23T08:17:50.918+0000] {processor.py:186} INFO - Started process (PID=1459) to work on /home/airflow/.local/lib/python3.12/site-packages/airflow/example_dags/example_subdag_operator.py
[2025-03-23T08:17:50.919+0000] {processor.py:914} INFO - Processing file /home/airflow/.local/lib/python3.12/site-packages/airflow/example_dags/example_subdag_operator.py for tasks to queue
[2025-03-23T08:17:50.922+0000] {logging_mixin.py:190} INFO - [2025-03-23T08:17:50.921+0000] {dagbag.py:588} INFO - Filling up the DagBag from /home/airflow/.local/lib/python3.12/site-packages/airflow/example_dags/example_subdag_operator.py
[2025-03-23T08:17:50.958+0000] {processor.py:925} INFO - DAG(s) 'example_subdag_operator.section-1', 'example_subdag_operator.section-2', 'example_subdag_operator' retrieved from /home/airflow/.local/lib/python3.12/site-packages/airflow/example_dags/example_subdag_operator.py
[2025-03-23T08:17:50.981+0000] {logging_mixin.py:190} INFO - [2025-03-23T08:17:50.981+0000] {dag.py:3239} INFO - Sync 3 DAGs
[2025-03-23T08:17:51.013+0000] {logging_mixin.py:190} INFO - [2025-03-23T08:17:51.013+0000] {dag.py:4180} INFO - Setting next_dagrun for example_subdag_operator to 2022-01-01 00:00:00+00:00, run_after=2022-01-01 00:00:00+00:00
[2025-03-23T08:17:51.019+0000] {logging_mixin.py:190} INFO - [2025-03-23T08:17:51.018+0000] {dag.py:4180} INFO - Setting next_dagrun for example_subdag_operator.section-1 to None, run_after=None
[2025-03-23T08:17:51.021+0000] {logging_mixin.py:190} INFO - [2025-03-23T08:17:51.021+0000] {dag.py:4180} INFO - Setting next_dagrun for example_subdag_operator.section-2 to None, run_after=None
[2025-03-23T08:17:51.030+0000] {logging_mixin.py:190} INFO - [2025-03-23T08:17:51.030+0000] {dag.py:3239} INFO - Sync 2 DAGs
[2025-03-23T08:17:51.037+0000] {logging_mixin.py:190} INFO - [2025-03-23T08:17:51.037+0000] {dag.py:4180} INFO - Setting next_dagrun for example_subdag_operator.section-1 to None, run_after=None
[2025-03-23T08:17:51.038+0000] {logging_mixin.py:190} INFO - [2025-03-23T08:17:51.038+0000] {dag.py:4180} INFO - Setting next_dagrun for example_subdag_operator.section-2 to None, run_after=None
[2025-03-23T08:17:51.979+0000] {processor.py:208} INFO - Processing /home/airflow/.local/lib/python3.12/site-packages/airflow/example_dags/example_subdag_operator.py took 1.074 seconds
[2025-03-23T08:18:22.219+0000] {processor.py:186} INFO - Started process (PID=1522) to work on /home/airflow/.local/lib/python3.12/site-packages/airflow/example_dags/example_subdag_operator.py
[2025-03-23T08:18:22.220+0000] {processor.py:914} INFO - Processing file /home/airflow/.local/lib/python3.12/site-packages/airflow/example_dags/example_subdag_operator.py for tasks to queue
[2025-03-23T08:18:22.224+0000] {logging_mixin.py:190} INFO - [2025-03-23T08:18:22.224+0000] {dagbag.py:588} INFO - Filling up the DagBag from /home/airflow/.local/lib/python3.12/site-packages/airflow/example_dags/example_subdag_operator.py
[2025-03-23T08:18:22.264+0000] {processor.py:925} INFO - DAG(s) 'example_subdag_operator.section-1', 'example_subdag_operator.section-2', 'example_subdag_operator' retrieved from /home/airflow/.local/lib/python3.12/site-packages/airflow/example_dags/example_subdag_operator.py
[2025-03-23T08:18:22.291+0000] {logging_mixin.py:190} INFO - [2025-03-23T08:18:22.291+0000] {dag.py:3239} INFO - Sync 3 DAGs
[2025-03-23T08:18:22.331+0000] {logging_mixin.py:190} INFO - [2025-03-23T08:18:22.330+0000] {dag.py:4180} INFO - Setting next_dagrun for example_subdag_operator to 2022-01-01 00:00:00+00:00, run_after=2022-01-01 00:00:00+00:00
[2025-03-23T08:18:22.336+0000] {logging_mixin.py:190} INFO - [2025-03-23T08:18:22.335+0000] {dag.py:4180} INFO - Setting next_dagrun for example_subdag_operator.section-1 to None, run_after=None
[2025-03-23T08:18:22.338+0000] {logging_mixin.py:190} INFO - [2025-03-23T08:18:22.338+0000] {dag.py:4180} INFO - Setting next_dagrun for example_subdag_operator.section-2 to None, run_after=None
[2025-03-23T08:18:22.347+0000] {logging_mixin.py:190} INFO - [2025-03-23T08:18:22.347+0000] {dag.py:3239} INFO - Sync 2 DAGs
[2025-03-23T08:18:22.355+0000] {logging_mixin.py:190} INFO - [2025-03-23T08:18:22.355+0000] {dag.py:4180} INFO - Setting next_dagrun for example_subdag_operator.section-1 to None, run_after=None
[2025-03-23T08:18:22.357+0000] {logging_mixin.py:190} INFO - [2025-03-23T08:18:22.356+0000] {dag.py:4180} INFO - Setting next_dagrun for example_subdag_operator.section-2 to None, run_after=None
[2025-03-23T08:18:22.421+0000] {processor.py:208} INFO - Processing /home/airflow/.local/lib/python3.12/site-packages/airflow/example_dags/example_subdag_operator.py took 0.217 seconds
[2025-03-23T08:18:53.002+0000] {processor.py:186} INFO - Started process (PID=1586) to work on /home/airflow/.local/lib/python3.12/site-packages/airflow/example_dags/example_subdag_operator.py
[2025-03-23T08:18:53.003+0000] {processor.py:914} INFO - Processing file /home/airflow/.local/lib/python3.12/site-packages/airflow/example_dags/example_subdag_operator.py for tasks to queue
[2025-03-23T08:18:53.006+0000] {logging_mixin.py:190} INFO - [2025-03-23T08:18:53.006+0000] {dagbag.py:588} INFO - Filling up the DagBag from /home/airflow/.local/lib/python3.12/site-packages/airflow/example_dags/example_subdag_operator.py
[2025-03-23T08:18:53.039+0000] {processor.py:925} INFO - DAG(s) 'example_subdag_operator.section-1', 'example_subdag_operator.section-2', 'example_subdag_operator' retrieved from /home/airflow/.local/lib/python3.12/site-packages/airflow/example_dags/example_subdag_operator.py
[2025-03-23T08:18:53.058+0000] {logging_mixin.py:190} INFO - [2025-03-23T08:18:53.058+0000] {dag.py:3239} INFO - Sync 3 DAGs
[2025-03-23T08:18:53.100+0000] {logging_mixin.py:190} INFO - [2025-03-23T08:18:53.098+0000] {dag.py:4180} INFO - Setting next_dagrun for example_subdag_operator to 2022-01-01 00:00:00+00:00, run_after=2022-01-01 00:00:00+00:00
[2025-03-23T08:18:53.113+0000] {logging_mixin.py:190} INFO - [2025-03-23T08:18:53.112+0000] {dag.py:4180} INFO - Setting next_dagrun for example_subdag_operator.section-1 to None, run_after=None
[2025-03-23T08:18:53.116+0000] {logging_mixin.py:190} INFO - [2025-03-23T08:18:53.116+0000] {dag.py:4180} INFO - Setting next_dagrun for example_subdag_operator.section-2 to None, run_after=None
[2025-03-23T08:18:53.129+0000] {logging_mixin.py:190} INFO - [2025-03-23T08:18:53.129+0000] {dag.py:3239} INFO - Sync 2 DAGs
[2025-03-23T08:18:53.138+0000] {logging_mixin.py:190} INFO - [2025-03-23T08:18:53.138+0000] {dag.py:4180} INFO - Setting next_dagrun for example_subdag_operator.section-1 to None, run_after=None
[2025-03-23T08:18:53.139+0000] {logging_mixin.py:190} INFO - [2025-03-23T08:18:53.139+0000] {dag.py:4180} INFO - Setting next_dagrun for example_subdag_operator.section-2 to None, run_after=None
[2025-03-23T08:18:53.208+0000] {processor.py:208} INFO - Processing /home/airflow/.local/lib/python3.12/site-packages/airflow/example_dags/example_subdag_operator.py took 0.222 seconds
[2025-03-23T08:19:23.711+0000] {processor.py:186} INFO - Started process (PID=1650) to work on /home/airflow/.local/lib/python3.12/site-packages/airflow/example_dags/example_subdag_operator.py
[2025-03-23T08:19:23.712+0000] {processor.py:914} INFO - Processing file /home/airflow/.local/lib/python3.12/site-packages/airflow/example_dags/example_subdag_operator.py for tasks to queue
[2025-03-23T08:19:23.715+0000] {logging_mixin.py:190} INFO - [2025-03-23T08:19:23.715+0000] {dagbag.py:588} INFO - Filling up the DagBag from /home/airflow/.local/lib/python3.12/site-packages/airflow/example_dags/example_subdag_operator.py
[2025-03-23T08:19:23.748+0000] {processor.py:925} INFO - DAG(s) 'example_subdag_operator.section-1', 'example_subdag_operator.section-2', 'example_subdag_operator' retrieved from /home/airflow/.local/lib/python3.12/site-packages/airflow/example_dags/example_subdag_operator.py
[2025-03-23T08:19:23.773+0000] {logging_mixin.py:190} INFO - [2025-03-23T08:19:23.773+0000] {dag.py:3239} INFO - Sync 3 DAGs
[2025-03-23T08:19:23.802+0000] {logging_mixin.py:190} INFO - [2025-03-23T08:19:23.802+0000] {dag.py:4180} INFO - Setting next_dagrun for example_subdag_operator to 2022-01-01 00:00:00+00:00, run_after=2022-01-01 00:00:00+00:00
[2025-03-23T08:19:23.807+0000] {logging_mixin.py:190} INFO - [2025-03-23T08:19:23.806+0000] {dag.py:4180} INFO - Setting next_dagrun for example_subdag_operator.section-1 to None, run_after=None
[2025-03-23T08:19:23.809+0000] {logging_mixin.py:190} INFO - [2025-03-23T08:19:23.809+0000] {dag.py:4180} INFO - Setting next_dagrun for example_subdag_operator.section-2 to None, run_after=None
[2025-03-23T08:19:23.819+0000] {logging_mixin.py:190} INFO - [2025-03-23T08:19:23.819+0000] {dag.py:3239} INFO - Sync 2 DAGs
[2025-03-23T08:19:23.826+0000] {logging_mixin.py:190} INFO - [2025-03-23T08:19:23.826+0000] {dag.py:4180} INFO - Setting next_dagrun for example_subdag_operator.section-1 to None, run_after=None
[2025-03-23T08:19:23.827+0000] {logging_mixin.py:190} INFO - [2025-03-23T08:19:23.827+0000] {dag.py:4180} INFO - Setting next_dagrun for example_subdag_operator.section-2 to None, run_after=None
[2025-03-23T08:19:23.910+0000] {processor.py:208} INFO - Processing /home/airflow/.local/lib/python3.12/site-packages/airflow/example_dags/example_subdag_operator.py took 0.214 seconds
[2025-03-23T08:19:54.202+0000] {processor.py:186} INFO - Started process (PID=1714) to work on /home/airflow/.local/lib/python3.12/site-packages/airflow/example_dags/example_subdag_operator.py
[2025-03-23T08:19:54.203+0000] {processor.py:914} INFO - Processing file /home/airflow/.local/lib/python3.12/site-packages/airflow/example_dags/example_subdag_operator.py for tasks to queue
[2025-03-23T08:19:54.207+0000] {logging_mixin.py:190} INFO - [2025-03-23T08:19:54.207+0000] {dagbag.py:588} INFO - Filling up the DagBag from /home/airflow/.local/lib/python3.12/site-packages/airflow/example_dags/example_subdag_operator.py
[2025-03-23T08:19:54.239+0000] {processor.py:925} INFO - DAG(s) 'example_subdag_operator.section-1', 'example_subdag_operator.section-2', 'example_subdag_operator' retrieved from /home/airflow/.local/lib/python3.12/site-packages/airflow/example_dags/example_subdag_operator.py
[2025-03-23T08:19:54.258+0000] {logging_mixin.py:190} INFO - [2025-03-23T08:19:54.258+0000] {dag.py:3239} INFO - Sync 3 DAGs
[2025-03-23T08:19:54.286+0000] {logging_mixin.py:190} INFO - [2025-03-23T08:19:54.286+0000] {dag.py:4180} INFO - Setting next_dagrun for example_subdag_operator to 2022-01-01 00:00:00+00:00, run_after=2022-01-01 00:00:00+00:00
[2025-03-23T08:19:54.292+0000] {logging_mixin.py:190} INFO - [2025-03-23T08:19:54.292+0000] {dag.py:4180} INFO - Setting next_dagrun for example_subdag_operator.section-1 to None, run_after=None
[2025-03-23T08:19:54.294+0000] {logging_mixin.py:190} INFO - [2025-03-23T08:19:54.294+0000] {dag.py:4180} INFO - Setting next_dagrun for example_subdag_operator.section-2 to None, run_after=None
[2025-03-23T08:19:54.302+0000] {logging_mixin.py:190} INFO - [2025-03-23T08:19:54.302+0000] {dag.py:3239} INFO - Sync 2 DAGs
[2025-03-23T08:19:54.309+0000] {logging_mixin.py:190} INFO - [2025-03-23T08:19:54.309+0000] {dag.py:4180} INFO - Setting next_dagrun for example_subdag_operator.section-1 to None, run_after=None
[2025-03-23T08:19:54.310+0000] {logging_mixin.py:190} INFO - [2025-03-23T08:19:54.310+0000] {dag.py:4180} INFO - Setting next_dagrun for example_subdag_operator.section-2 to None, run_after=None
[2025-03-23T08:19:54.401+0000] {processor.py:208} INFO - Processing /home/airflow/.local/lib/python3.12/site-packages/airflow/example_dags/example_subdag_operator.py took 0.211 seconds
[2025-03-23T08:20:24.530+0000] {processor.py:186} INFO - Started process (PID=1778) to work on /home/airflow/.local/lib/python3.12/site-packages/airflow/example_dags/example_subdag_operator.py
[2025-03-23T08:20:24.531+0000] {processor.py:914} INFO - Processing file /home/airflow/.local/lib/python3.12/site-packages/airflow/example_dags/example_subdag_operator.py for tasks to queue
[2025-03-23T08:20:24.534+0000] {logging_mixin.py:190} INFO - [2025-03-23T08:20:24.533+0000] {dagbag.py:588} INFO - Filling up the DagBag from /home/airflow/.local/lib/python3.12/site-packages/airflow/example_dags/example_subdag_operator.py
[2025-03-23T08:20:24.561+0000] {processor.py:925} INFO - DAG(s) 'example_subdag_operator.section-1', 'example_subdag_operator.section-2', 'example_subdag_operator' retrieved from /home/airflow/.local/lib/python3.12/site-packages/airflow/example_dags/example_subdag_operator.py
[2025-03-23T08:20:24.580+0000] {logging_mixin.py:190} INFO - [2025-03-23T08:20:24.579+0000] {dag.py:3239} INFO - Sync 3 DAGs
[2025-03-23T08:20:24.607+0000] {logging_mixin.py:190} INFO - [2025-03-23T08:20:24.607+0000] {dag.py:4180} INFO - Setting next_dagrun for example_subdag_operator to 2022-01-01 00:00:00+00:00, run_after=2022-01-01 00:00:00+00:00
[2025-03-23T08:20:24.612+0000] {logging_mixin.py:190} INFO - [2025-03-23T08:20:24.612+0000] {dag.py:4180} INFO - Setting next_dagrun for example_subdag_operator.section-1 to None, run_after=None
[2025-03-23T08:20:24.614+0000] {logging_mixin.py:190} INFO - [2025-03-23T08:20:24.613+0000] {dag.py:4180} INFO - Setting next_dagrun for example_subdag_operator.section-2 to None, run_after=None
[2025-03-23T08:20:24.621+0000] {logging_mixin.py:190} INFO - [2025-03-23T08:20:24.621+0000] {dag.py:3239} INFO - Sync 2 DAGs
[2025-03-23T08:20:24.629+0000] {logging_mixin.py:190} INFO - [2025-03-23T08:20:24.629+0000] {dag.py:4180} INFO - Setting next_dagrun for example_subdag_operator.section-1 to None, run_after=None
[2025-03-23T08:20:24.630+0000] {logging_mixin.py:190} INFO - [2025-03-23T08:20:24.630+0000] {dag.py:4180} INFO - Setting next_dagrun for example_subdag_operator.section-2 to None, run_after=None
[2025-03-23T08:20:24.668+0000] {processor.py:208} INFO - Processing /home/airflow/.local/lib/python3.12/site-packages/airflow/example_dags/example_subdag_operator.py took 0.149 seconds
[2025-03-23T08:26:56.228+0000] {processor.py:186} INFO - Started process (PID=133) to work on /home/airflow/.local/lib/python3.12/site-packages/airflow/example_dags/example_subdag_operator.py
[2025-03-23T08:26:56.233+0000] {processor.py:914} INFO - Processing file /home/airflow/.local/lib/python3.12/site-packages/airflow/example_dags/example_subdag_operator.py for tasks to queue
[2025-03-23T08:26:56.236+0000] {logging_mixin.py:190} INFO - [2025-03-23T08:26:56.236+0000] {dagbag.py:588} INFO - Filling up the DagBag from /home/airflow/.local/lib/python3.12/site-packages/airflow/example_dags/example_subdag_operator.py
[2025-03-23T08:26:56.276+0000] {processor.py:925} INFO - DAG(s) 'example_subdag_operator.section-1', 'example_subdag_operator.section-2', 'example_subdag_operator' retrieved from /home/airflow/.local/lib/python3.12/site-packages/airflow/example_dags/example_subdag_operator.py
[2025-03-23T08:26:56.296+0000] {logging_mixin.py:190} INFO - [2025-03-23T08:26:56.295+0000] {dag.py:3239} INFO - Sync 3 DAGs
[2025-03-23T08:26:56.329+0000] {logging_mixin.py:190} INFO - [2025-03-23T08:26:56.328+0000] {dag.py:4180} INFO - Setting next_dagrun for example_subdag_operator to 2022-01-01 00:00:00+00:00, run_after=2022-01-01 00:00:00+00:00
[2025-03-23T08:26:56.334+0000] {logging_mixin.py:190} INFO - [2025-03-23T08:26:56.333+0000] {dag.py:4180} INFO - Setting next_dagrun for example_subdag_operator.section-1 to None, run_after=None
[2025-03-23T08:26:56.336+0000] {logging_mixin.py:190} INFO - [2025-03-23T08:26:56.336+0000] {dag.py:4180} INFO - Setting next_dagrun for example_subdag_operator.section-2 to None, run_after=None
[2025-03-23T08:26:56.347+0000] {logging_mixin.py:190} INFO - [2025-03-23T08:26:56.346+0000] {dag.py:3239} INFO - Sync 2 DAGs
[2025-03-23T08:26:56.355+0000] {logging_mixin.py:190} INFO - [2025-03-23T08:26:56.354+0000] {dag.py:4180} INFO - Setting next_dagrun for example_subdag_operator.section-1 to None, run_after=None
[2025-03-23T08:26:56.356+0000] {logging_mixin.py:190} INFO - [2025-03-23T08:26:56.355+0000] {dag.py:4180} INFO - Setting next_dagrun for example_subdag_operator.section-2 to None, run_after=None
[2025-03-23T08:26:56.550+0000] {processor.py:208} INFO - Processing /home/airflow/.local/lib/python3.12/site-packages/airflow/example_dags/example_subdag_operator.py took 0.328 seconds
[2025-03-23T08:27:27.318+0000] {processor.py:186} INFO - Started process (PID=197) to work on /home/airflow/.local/lib/python3.12/site-packages/airflow/example_dags/example_subdag_operator.py
[2025-03-23T08:27:27.335+0000] {processor.py:914} INFO - Processing file /home/airflow/.local/lib/python3.12/site-packages/airflow/example_dags/example_subdag_operator.py for tasks to queue
[2025-03-23T08:27:27.375+0000] {logging_mixin.py:190} INFO - [2025-03-23T08:27:27.374+0000] {dagbag.py:588} INFO - Filling up the DagBag from /home/airflow/.local/lib/python3.12/site-packages/airflow/example_dags/example_subdag_operator.py
[2025-03-23T08:27:27.437+0000] {processor.py:925} INFO - DAG(s) 'example_subdag_operator.section-1', 'example_subdag_operator.section-2', 'example_subdag_operator' retrieved from /home/airflow/.local/lib/python3.12/site-packages/airflow/example_dags/example_subdag_operator.py
[2025-03-23T08:27:27.483+0000] {logging_mixin.py:190} INFO - [2025-03-23T08:27:27.483+0000] {dag.py:3239} INFO - Sync 3 DAGs
[2025-03-23T08:27:27.551+0000] {logging_mixin.py:190} INFO - [2025-03-23T08:27:27.550+0000] {dag.py:4180} INFO - Setting next_dagrun for example_subdag_operator to 2022-01-01 00:00:00+00:00, run_after=2022-01-01 00:00:00+00:00
[2025-03-23T08:27:27.568+0000] {logging_mixin.py:190} INFO - [2025-03-23T08:27:27.568+0000] {dag.py:4180} INFO - Setting next_dagrun for example_subdag_operator.section-1 to None, run_after=None
[2025-03-23T08:27:27.573+0000] {logging_mixin.py:190} INFO - [2025-03-23T08:27:27.572+0000] {dag.py:4180} INFO - Setting next_dagrun for example_subdag_operator.section-2 to None, run_after=None
[2025-03-23T08:27:27.603+0000] {logging_mixin.py:190} INFO - [2025-03-23T08:27:27.603+0000] {dag.py:3239} INFO - Sync 2 DAGs
[2025-03-23T08:27:27.624+0000] {logging_mixin.py:190} INFO - [2025-03-23T08:27:27.624+0000] {dag.py:4180} INFO - Setting next_dagrun for example_subdag_operator.section-1 to None, run_after=None
[2025-03-23T08:27:27.626+0000] {logging_mixin.py:190} INFO - [2025-03-23T08:27:27.625+0000] {dag.py:4180} INFO - Setting next_dagrun for example_subdag_operator.section-2 to None, run_after=None
[2025-03-23T08:27:27.688+0000] {processor.py:208} INFO - Processing /home/airflow/.local/lib/python3.12/site-packages/airflow/example_dags/example_subdag_operator.py took 0.391 seconds
[2025-03-23T08:27:58.052+0000] {processor.py:186} INFO - Started process (PID=261) to work on /home/airflow/.local/lib/python3.12/site-packages/airflow/example_dags/example_subdag_operator.py
[2025-03-23T08:27:58.053+0000] {processor.py:914} INFO - Processing file /home/airflow/.local/lib/python3.12/site-packages/airflow/example_dags/example_subdag_operator.py for tasks to queue
[2025-03-23T08:27:58.057+0000] {logging_mixin.py:190} INFO - [2025-03-23T08:27:58.057+0000] {dagbag.py:588} INFO - Filling up the DagBag from /home/airflow/.local/lib/python3.12/site-packages/airflow/example_dags/example_subdag_operator.py
[2025-03-23T08:27:58.096+0000] {processor.py:925} INFO - DAG(s) 'example_subdag_operator.section-1', 'example_subdag_operator.section-2', 'example_subdag_operator' retrieved from /home/airflow/.local/lib/python3.12/site-packages/airflow/example_dags/example_subdag_operator.py
[2025-03-23T08:27:58.127+0000] {logging_mixin.py:190} INFO - [2025-03-23T08:27:58.127+0000] {dag.py:3239} INFO - Sync 3 DAGs
[2025-03-23T08:27:58.176+0000] {logging_mixin.py:190} INFO - [2025-03-23T08:27:58.176+0000] {dag.py:4180} INFO - Setting next_dagrun for example_subdag_operator to 2022-01-01 00:00:00+00:00, run_after=2022-01-01 00:00:00+00:00
[2025-03-23T08:27:58.182+0000] {logging_mixin.py:190} INFO - [2025-03-23T08:27:58.182+0000] {dag.py:4180} INFO - Setting next_dagrun for example_subdag_operator.section-1 to None, run_after=None
[2025-03-23T08:27:58.186+0000] {logging_mixin.py:190} INFO - [2025-03-23T08:27:58.186+0000] {dag.py:4180} INFO - Setting next_dagrun for example_subdag_operator.section-2 to None, run_after=None
[2025-03-23T08:27:58.196+0000] {logging_mixin.py:190} INFO - [2025-03-23T08:27:58.196+0000] {dag.py:3239} INFO - Sync 2 DAGs
[2025-03-23T08:27:58.206+0000] {logging_mixin.py:190} INFO - [2025-03-23T08:27:58.206+0000] {dag.py:4180} INFO - Setting next_dagrun for example_subdag_operator.section-1 to None, run_after=None
[2025-03-23T08:27:58.207+0000] {logging_mixin.py:190} INFO - [2025-03-23T08:27:58.207+0000] {dag.py:4180} INFO - Setting next_dagrun for example_subdag_operator.section-2 to None, run_after=None
[2025-03-23T08:27:58.286+0000] {processor.py:208} INFO - Processing /home/airflow/.local/lib/python3.12/site-packages/airflow/example_dags/example_subdag_operator.py took 0.245 seconds
[2025-03-23T08:28:29.054+0000] {processor.py:186} INFO - Started process (PID=325) to work on /home/airflow/.local/lib/python3.12/site-packages/airflow/example_dags/example_subdag_operator.py
[2025-03-23T08:28:29.055+0000] {processor.py:914} INFO - Processing file /home/airflow/.local/lib/python3.12/site-packages/airflow/example_dags/example_subdag_operator.py for tasks to queue
[2025-03-23T08:28:29.060+0000] {logging_mixin.py:190} INFO - [2025-03-23T08:28:29.059+0000] {dagbag.py:588} INFO - Filling up the DagBag from /home/airflow/.local/lib/python3.12/site-packages/airflow/example_dags/example_subdag_operator.py
[2025-03-23T08:28:29.097+0000] {processor.py:925} INFO - DAG(s) 'example_subdag_operator.section-1', 'example_subdag_operator.section-2', 'example_subdag_operator' retrieved from /home/airflow/.local/lib/python3.12/site-packages/airflow/example_dags/example_subdag_operator.py
[2025-03-23T08:28:29.130+0000] {logging_mixin.py:190} INFO - [2025-03-23T08:28:29.130+0000] {dag.py:3239} INFO - Sync 3 DAGs
[2025-03-23T08:28:29.171+0000] {logging_mixin.py:190} INFO - [2025-03-23T08:28:29.170+0000] {dag.py:4180} INFO - Setting next_dagrun for example_subdag_operator to 2022-01-01 00:00:00+00:00, run_after=2022-01-01 00:00:00+00:00
[2025-03-23T08:28:29.178+0000] {logging_mixin.py:190} INFO - [2025-03-23T08:28:29.178+0000] {dag.py:4180} INFO - Setting next_dagrun for example_subdag_operator.section-1 to None, run_after=None
[2025-03-23T08:28:29.181+0000] {logging_mixin.py:190} INFO - [2025-03-23T08:28:29.181+0000] {dag.py:4180} INFO - Setting next_dagrun for example_subdag_operator.section-2 to None, run_after=None
[2025-03-23T08:28:29.192+0000] {logging_mixin.py:190} INFO - [2025-03-23T08:28:29.192+0000] {dag.py:3239} INFO - Sync 2 DAGs
[2025-03-23T08:28:29.201+0000] {logging_mixin.py:190} INFO - [2025-03-23T08:28:29.201+0000] {dag.py:4180} INFO - Setting next_dagrun for example_subdag_operator.section-1 to None, run_after=None
[2025-03-23T08:28:29.202+0000] {logging_mixin.py:190} INFO - [2025-03-23T08:28:29.202+0000] {dag.py:4180} INFO - Setting next_dagrun for example_subdag_operator.section-2 to None, run_after=None
[2025-03-23T08:28:29.277+0000] {processor.py:208} INFO - Processing /home/airflow/.local/lib/python3.12/site-packages/airflow/example_dags/example_subdag_operator.py took 0.235 seconds
[2025-03-23T08:29:00.417+0000] {processor.py:186} INFO - Started process (PID=389) to work on /home/airflow/.local/lib/python3.12/site-packages/airflow/example_dags/example_subdag_operator.py
[2025-03-23T08:29:00.419+0000] {processor.py:914} INFO - Processing file /home/airflow/.local/lib/python3.12/site-packages/airflow/example_dags/example_subdag_operator.py for tasks to queue
[2025-03-23T08:29:00.426+0000] {logging_mixin.py:190} INFO - [2025-03-23T08:29:00.425+0000] {dagbag.py:588} INFO - Filling up the DagBag from /home/airflow/.local/lib/python3.12/site-packages/airflow/example_dags/example_subdag_operator.py
[2025-03-23T08:29:00.486+0000] {processor.py:925} INFO - DAG(s) 'example_subdag_operator.section-1', 'example_subdag_operator.section-2', 'example_subdag_operator' retrieved from /home/airflow/.local/lib/python3.12/site-packages/airflow/example_dags/example_subdag_operator.py
[2025-03-23T08:29:00.529+0000] {logging_mixin.py:190} INFO - [2025-03-23T08:29:00.528+0000] {dag.py:3239} INFO - Sync 3 DAGs
[2025-03-23T08:29:00.620+0000] {logging_mixin.py:190} INFO - [2025-03-23T08:29:00.619+0000] {dag.py:4180} INFO - Setting next_dagrun for example_subdag_operator to 2022-01-01 00:00:00+00:00, run_after=2022-01-01 00:00:00+00:00
[2025-03-23T08:29:00.639+0000] {logging_mixin.py:190} INFO - [2025-03-23T08:29:00.638+0000] {dag.py:4180} INFO - Setting next_dagrun for example_subdag_operator.section-1 to None, run_after=None
[2025-03-23T08:29:00.644+0000] {logging_mixin.py:190} INFO - [2025-03-23T08:29:00.643+0000] {dag.py:4180} INFO - Setting next_dagrun for example_subdag_operator.section-2 to None, run_after=None
[2025-03-23T08:29:00.670+0000] {logging_mixin.py:190} INFO - [2025-03-23T08:29:00.669+0000] {dag.py:3239} INFO - Sync 2 DAGs
[2025-03-23T08:29:00.690+0000] {logging_mixin.py:190} INFO - [2025-03-23T08:29:00.690+0000] {dag.py:4180} INFO - Setting next_dagrun for example_subdag_operator.section-1 to None, run_after=None
[2025-03-23T08:29:00.701+0000] {logging_mixin.py:190} INFO - [2025-03-23T08:29:00.700+0000] {dag.py:4180} INFO - Setting next_dagrun for example_subdag_operator.section-2 to None, run_after=None
[2025-03-23T08:29:00.765+0000] {processor.py:208} INFO - Processing /home/airflow/.local/lib/python3.12/site-packages/airflow/example_dags/example_subdag_operator.py took 0.364 seconds
[2025-03-23T08:29:31.059+0000] {processor.py:186} INFO - Started process (PID=453) to work on /home/airflow/.local/lib/python3.12/site-packages/airflow/example_dags/example_subdag_operator.py
[2025-03-23T08:29:31.062+0000] {processor.py:914} INFO - Processing file /home/airflow/.local/lib/python3.12/site-packages/airflow/example_dags/example_subdag_operator.py for tasks to queue
[2025-03-23T08:29:31.066+0000] {logging_mixin.py:190} INFO - [2025-03-23T08:29:31.066+0000] {dagbag.py:588} INFO - Filling up the DagBag from /home/airflow/.local/lib/python3.12/site-packages/airflow/example_dags/example_subdag_operator.py
[2025-03-23T08:29:31.146+0000] {processor.py:925} INFO - DAG(s) 'example_subdag_operator.section-1', 'example_subdag_operator.section-2', 'example_subdag_operator' retrieved from /home/airflow/.local/lib/python3.12/site-packages/airflow/example_dags/example_subdag_operator.py
[2025-03-23T08:29:31.236+0000] {logging_mixin.py:190} INFO - [2025-03-23T08:29:31.235+0000] {dag.py:3239} INFO - Sync 3 DAGs
[2025-03-23T08:29:31.352+0000] {logging_mixin.py:190} INFO - [2025-03-23T08:29:31.351+0000] {dag.py:4180} INFO - Setting next_dagrun for example_subdag_operator to 2022-01-01 00:00:00+00:00, run_after=2022-01-01 00:00:00+00:00
[2025-03-23T08:29:31.376+0000] {logging_mixin.py:190} INFO - [2025-03-23T08:29:31.376+0000] {dag.py:4180} INFO - Setting next_dagrun for example_subdag_operator.section-1 to None, run_after=None
[2025-03-23T08:29:31.380+0000] {logging_mixin.py:190} INFO - [2025-03-23T08:29:31.380+0000] {dag.py:4180} INFO - Setting next_dagrun for example_subdag_operator.section-2 to None, run_after=None
[2025-03-23T08:29:31.432+0000] {logging_mixin.py:190} INFO - [2025-03-23T08:29:31.431+0000] {dag.py:3239} INFO - Sync 2 DAGs
[2025-03-23T08:29:31.530+0000] {logging_mixin.py:190} INFO - [2025-03-23T08:29:31.520+0000] {dag.py:4180} INFO - Setting next_dagrun for example_subdag_operator.section-1 to None, run_after=None
[2025-03-23T08:29:31.552+0000] {logging_mixin.py:190} INFO - [2025-03-23T08:29:31.552+0000] {dag.py:4180} INFO - Setting next_dagrun for example_subdag_operator.section-2 to None, run_after=None
[2025-03-23T08:29:31.679+0000] {processor.py:208} INFO - Processing /home/airflow/.local/lib/python3.12/site-packages/airflow/example_dags/example_subdag_operator.py took 0.633 seconds
[2025-03-23T08:30:02.495+0000] {processor.py:186} INFO - Started process (PID=516) to work on /home/airflow/.local/lib/python3.12/site-packages/airflow/example_dags/example_subdag_operator.py
[2025-03-23T08:30:02.497+0000] {processor.py:914} INFO - Processing file /home/airflow/.local/lib/python3.12/site-packages/airflow/example_dags/example_subdag_operator.py for tasks to queue
[2025-03-23T08:30:02.500+0000] {logging_mixin.py:190} INFO - [2025-03-23T08:30:02.499+0000] {dagbag.py:588} INFO - Filling up the DagBag from /home/airflow/.local/lib/python3.12/site-packages/airflow/example_dags/example_subdag_operator.py
[2025-03-23T08:30:02.538+0000] {processor.py:925} INFO - DAG(s) 'example_subdag_operator.section-1', 'example_subdag_operator.section-2', 'example_subdag_operator' retrieved from /home/airflow/.local/lib/python3.12/site-packages/airflow/example_dags/example_subdag_operator.py
[2025-03-23T08:30:02.565+0000] {logging_mixin.py:190} INFO - [2025-03-23T08:30:02.565+0000] {dag.py:3239} INFO - Sync 3 DAGs
[2025-03-23T08:30:02.604+0000] {logging_mixin.py:190} INFO - [2025-03-23T08:30:02.603+0000] {dag.py:4180} INFO - Setting next_dagrun for example_subdag_operator to 2022-01-01 00:00:00+00:00, run_after=2022-01-01 00:00:00+00:00
[2025-03-23T08:30:02.609+0000] {logging_mixin.py:190} INFO - [2025-03-23T08:30:02.609+0000] {dag.py:4180} INFO - Setting next_dagrun for example_subdag_operator.section-1 to None, run_after=None
[2025-03-23T08:30:02.612+0000] {logging_mixin.py:190} INFO - [2025-03-23T08:30:02.612+0000] {dag.py:4180} INFO - Setting next_dagrun for example_subdag_operator.section-2 to None, run_after=None
[2025-03-23T08:30:02.622+0000] {logging_mixin.py:190} INFO - [2025-03-23T08:30:02.622+0000] {dag.py:3239} INFO - Sync 2 DAGs
[2025-03-23T08:30:02.631+0000] {logging_mixin.py:190} INFO - [2025-03-23T08:30:02.631+0000] {dag.py:4180} INFO - Setting next_dagrun for example_subdag_operator.section-1 to None, run_after=None
[2025-03-23T08:30:02.632+0000] {logging_mixin.py:190} INFO - [2025-03-23T08:30:02.632+0000] {dag.py:4180} INFO - Setting next_dagrun for example_subdag_operator.section-2 to None, run_after=None
[2025-03-23T08:30:02.700+0000] {processor.py:208} INFO - Processing /home/airflow/.local/lib/python3.12/site-packages/airflow/example_dags/example_subdag_operator.py took 0.216 seconds
