[2025-03-23T08:06:53.514+0000] {processor.py:186} INFO - Started process (PID=114) to work on /home/airflow/.local/lib/python3.12/site-packages/airflow/example_dags/example_dag_decorator.py
[2025-03-23T08:06:53.515+0000] {processor.py:914} INFO - Processing file /home/airflow/.local/lib/python3.12/site-packages/airflow/example_dags/example_dag_decorator.py for tasks to queue
[2025-03-23T08:06:53.519+0000] {logging_mixin.py:190} INFO - [2025-03-23T08:06:53.518+0000] {dagbag.py:588} INFO - Filling up the DagBag from /home/airflow/.local/lib/python3.12/site-packages/airflow/example_dags/example_dag_decorator.py
[2025-03-23T08:06:53.542+0000] {processor.py:925} INFO - DAG(s) 'example_dag_decorator' retrieved from /home/airflow/.local/lib/python3.12/site-packages/airflow/example_dags/example_dag_decorator.py
[2025-03-23T08:06:54.383+0000] {logging_mixin.py:190} INFO - [2025-03-23T08:06:54.381+0000] {override.py:1911} INFO - Created Permission View: can edit on DAG:example_dag_decorator
[2025-03-23T08:06:54.688+0000] {logging_mixin.py:190} INFO - [2025-03-23T08:06:54.687+0000] {override.py:1911} INFO - Created Permission View: can delete on DAG:example_dag_decorator
[2025-03-23T08:06:55.050+0000] {logging_mixin.py:190} INFO - [2025-03-23T08:06:55.049+0000] {override.py:1911} INFO - Created Permission View: can read on DAG:example_dag_decorator
[2025-03-23T08:06:55.581+0000] {logging_mixin.py:190} INFO - [2025-03-23T08:06:55.580+0000] {override.py:1911} INFO - Created Permission View: menu access on DAG Run:example_dag_decorator
[2025-03-23T08:06:55.720+0000] {logging_mixin.py:190} INFO - [2025-03-23T08:06:55.719+0000] {override.py:1911} INFO - Created Permission View: can create on DAG Run:example_dag_decorator
[2025-03-23T08:06:55.918+0000] {logging_mixin.py:190} INFO - [2025-03-23T08:06:55.917+0000] {override.py:1911} INFO - Created Permission View: can read on DAG Run:example_dag_decorator
[2025-03-23T08:06:56.110+0000] {logging_mixin.py:190} INFO - [2025-03-23T08:06:56.109+0000] {override.py:1911} INFO - Created Permission View: can delete on DAG Run:example_dag_decorator
[2025-03-23T08:06:56.111+0000] {logging_mixin.py:190} INFO - [2025-03-23T08:06:56.111+0000] {dag.py:3239} INFO - Sync 1 DAGs
[2025-03-23T08:06:56.130+0000] {logging_mixin.py:190} INFO - [2025-03-23T08:06:56.129+0000] {dag.py:3262} INFO - Creating ORM DAG for example_dag_decorator
[2025-03-23T08:06:56.130+0000] {logging_mixin.py:190} INFO - [2025-03-23T08:06:56.130+0000] {dag.py:4180} INFO - Setting next_dagrun for example_dag_decorator to None, run_after=None
[2025-03-23T08:06:56.395+0000] {processor.py:208} INFO - Processing /home/airflow/.local/lib/python3.12/site-packages/airflow/example_dags/example_dag_decorator.py took 2.894 seconds
[2025-03-23T08:07:42.436+0000] {processor.py:186} INFO - Started process (PID=177) to work on /home/airflow/.local/lib/python3.12/site-packages/airflow/example_dags/example_dag_decorator.py
[2025-03-23T08:07:42.465+0000] {processor.py:914} INFO - Processing file /home/airflow/.local/lib/python3.12/site-packages/airflow/example_dags/example_dag_decorator.py for tasks to queue
[2025-03-23T08:07:42.470+0000] {logging_mixin.py:190} INFO - [2025-03-23T08:07:42.469+0000] {dagbag.py:588} INFO - Filling up the DagBag from /home/airflow/.local/lib/python3.12/site-packages/airflow/example_dags/example_dag_decorator.py
[2025-03-23T08:07:42.489+0000] {processor.py:925} INFO - DAG(s) 'example_dag_decorator' retrieved from /home/airflow/.local/lib/python3.12/site-packages/airflow/example_dags/example_dag_decorator.py
[2025-03-23T08:07:42.921+0000] {logging_mixin.py:190} INFO - [2025-03-23T08:07:42.921+0000] {dag.py:3239} INFO - Sync 1 DAGs
[2025-03-23T08:07:43.006+0000] {logging_mixin.py:190} INFO - [2025-03-23T08:07:43.006+0000] {dag.py:4180} INFO - Setting next_dagrun for example_dag_decorator to None, run_after=None
[2025-03-23T08:07:43.375+0000] {processor.py:208} INFO - Processing /home/airflow/.local/lib/python3.12/site-packages/airflow/example_dags/example_dag_decorator.py took 0.950 seconds
[2025-03-23T08:08:14.078+0000] {processor.py:186} INFO - Started process (PID=241) to work on /home/airflow/.local/lib/python3.12/site-packages/airflow/example_dags/example_dag_decorator.py
[2025-03-23T08:08:14.080+0000] {processor.py:914} INFO - Processing file /home/airflow/.local/lib/python3.12/site-packages/airflow/example_dags/example_dag_decorator.py for tasks to queue
[2025-03-23T08:08:14.083+0000] {logging_mixin.py:190} INFO - [2025-03-23T08:08:14.083+0000] {dagbag.py:588} INFO - Filling up the DagBag from /home/airflow/.local/lib/python3.12/site-packages/airflow/example_dags/example_dag_decorator.py
[2025-03-23T08:08:14.106+0000] {processor.py:925} INFO - DAG(s) 'example_dag_decorator' retrieved from /home/airflow/.local/lib/python3.12/site-packages/airflow/example_dags/example_dag_decorator.py
[2025-03-23T08:08:14.298+0000] {logging_mixin.py:190} INFO - [2025-03-23T08:08:14.297+0000] {dag.py:3239} INFO - Sync 1 DAGs
[2025-03-23T08:08:14.317+0000] {logging_mixin.py:190} INFO - [2025-03-23T08:08:14.316+0000] {dag.py:4180} INFO - Setting next_dagrun for example_dag_decorator to None, run_after=None
[2025-03-23T08:08:14.391+0000] {processor.py:208} INFO - Processing /home/airflow/.local/lib/python3.12/site-packages/airflow/example_dags/example_dag_decorator.py took 0.324 seconds
[2025-03-23T08:08:44.839+0000] {processor.py:186} INFO - Started process (PID=305) to work on /home/airflow/.local/lib/python3.12/site-packages/airflow/example_dags/example_dag_decorator.py
[2025-03-23T08:08:44.843+0000] {processor.py:914} INFO - Processing file /home/airflow/.local/lib/python3.12/site-packages/airflow/example_dags/example_dag_decorator.py for tasks to queue
[2025-03-23T08:08:44.848+0000] {logging_mixin.py:190} INFO - [2025-03-23T08:08:44.848+0000] {dagbag.py:588} INFO - Filling up the DagBag from /home/airflow/.local/lib/python3.12/site-packages/airflow/example_dags/example_dag_decorator.py
[2025-03-23T08:08:44.879+0000] {processor.py:925} INFO - DAG(s) 'example_dag_decorator' retrieved from /home/airflow/.local/lib/python3.12/site-packages/airflow/example_dags/example_dag_decorator.py
[2025-03-23T08:08:45.105+0000] {logging_mixin.py:190} INFO - [2025-03-23T08:08:45.105+0000] {dag.py:3239} INFO - Sync 1 DAGs
[2025-03-23T08:08:45.124+0000] {logging_mixin.py:190} INFO - [2025-03-23T08:08:45.124+0000] {dag.py:4180} INFO - Setting next_dagrun for example_dag_decorator to None, run_after=None
[2025-03-23T08:08:45.198+0000] {processor.py:208} INFO - Processing /home/airflow/.local/lib/python3.12/site-packages/airflow/example_dags/example_dag_decorator.py took 0.371 seconds
[2025-03-23T08:09:15.624+0000] {processor.py:186} INFO - Started process (PID=368) to work on /home/airflow/.local/lib/python3.12/site-packages/airflow/example_dags/example_dag_decorator.py
[2025-03-23T08:09:15.625+0000] {processor.py:914} INFO - Processing file /home/airflow/.local/lib/python3.12/site-packages/airflow/example_dags/example_dag_decorator.py for tasks to queue
[2025-03-23T08:09:15.629+0000] {logging_mixin.py:190} INFO - [2025-03-23T08:09:15.628+0000] {dagbag.py:588} INFO - Filling up the DagBag from /home/airflow/.local/lib/python3.12/site-packages/airflow/example_dags/example_dag_decorator.py
[2025-03-23T08:09:15.654+0000] {processor.py:925} INFO - DAG(s) 'example_dag_decorator' retrieved from /home/airflow/.local/lib/python3.12/site-packages/airflow/example_dags/example_dag_decorator.py
[2025-03-23T08:09:15.879+0000] {logging_mixin.py:190} INFO - [2025-03-23T08:09:15.879+0000] {dag.py:3239} INFO - Sync 1 DAGs
[2025-03-23T08:09:15.901+0000] {logging_mixin.py:190} INFO - [2025-03-23T08:09:15.901+0000] {dag.py:4180} INFO - Setting next_dagrun for example_dag_decorator to None, run_after=None
[2025-03-23T08:09:16.312+0000] {processor.py:208} INFO - Processing /home/airflow/.local/lib/python3.12/site-packages/airflow/example_dags/example_dag_decorator.py took 0.701 seconds
[2025-03-23T08:09:46.681+0000] {processor.py:186} INFO - Started process (PID=433) to work on /home/airflow/.local/lib/python3.12/site-packages/airflow/example_dags/example_dag_decorator.py
[2025-03-23T08:09:46.682+0000] {processor.py:914} INFO - Processing file /home/airflow/.local/lib/python3.12/site-packages/airflow/example_dags/example_dag_decorator.py for tasks to queue
[2025-03-23T08:09:46.687+0000] {logging_mixin.py:190} INFO - [2025-03-23T08:09:46.686+0000] {dagbag.py:588} INFO - Filling up the DagBag from /home/airflow/.local/lib/python3.12/site-packages/airflow/example_dags/example_dag_decorator.py
[2025-03-23T08:09:46.706+0000] {processor.py:925} INFO - DAG(s) 'example_dag_decorator' retrieved from /home/airflow/.local/lib/python3.12/site-packages/airflow/example_dags/example_dag_decorator.py
[2025-03-23T08:09:46.891+0000] {logging_mixin.py:190} INFO - [2025-03-23T08:09:46.891+0000] {dag.py:3239} INFO - Sync 1 DAGs
[2025-03-23T08:09:46.910+0000] {logging_mixin.py:190} INFO - [2025-03-23T08:09:46.910+0000] {dag.py:4180} INFO - Setting next_dagrun for example_dag_decorator to None, run_after=None
[2025-03-23T08:09:47.029+0000] {processor.py:208} INFO - Processing /home/airflow/.local/lib/python3.12/site-packages/airflow/example_dags/example_dag_decorator.py took 0.357 seconds
[2025-03-23T08:10:17.342+0000] {processor.py:186} INFO - Started process (PID=496) to work on /home/airflow/.local/lib/python3.12/site-packages/airflow/example_dags/example_dag_decorator.py
[2025-03-23T08:10:17.345+0000] {processor.py:914} INFO - Processing file /home/airflow/.local/lib/python3.12/site-packages/airflow/example_dags/example_dag_decorator.py for tasks to queue
[2025-03-23T08:10:17.359+0000] {logging_mixin.py:190} INFO - [2025-03-23T08:10:17.358+0000] {dagbag.py:588} INFO - Filling up the DagBag from /home/airflow/.local/lib/python3.12/site-packages/airflow/example_dags/example_dag_decorator.py
[2025-03-23T08:10:17.380+0000] {processor.py:925} INFO - DAG(s) 'example_dag_decorator' retrieved from /home/airflow/.local/lib/python3.12/site-packages/airflow/example_dags/example_dag_decorator.py
[2025-03-23T08:10:17.541+0000] {logging_mixin.py:190} INFO - [2025-03-23T08:10:17.539+0000] {dag.py:3239} INFO - Sync 1 DAGs
[2025-03-23T08:10:17.573+0000] {logging_mixin.py:190} INFO - [2025-03-23T08:10:17.572+0000] {dag.py:4180} INFO - Setting next_dagrun for example_dag_decorator to None, run_after=None
[2025-03-23T08:10:17.631+0000] {processor.py:208} INFO - Processing /home/airflow/.local/lib/python3.12/site-packages/airflow/example_dags/example_dag_decorator.py took 0.308 seconds
[2025-03-23T08:10:48.312+0000] {processor.py:186} INFO - Started process (PID=560) to work on /home/airflow/.local/lib/python3.12/site-packages/airflow/example_dags/example_dag_decorator.py
[2025-03-23T08:10:48.313+0000] {processor.py:914} INFO - Processing file /home/airflow/.local/lib/python3.12/site-packages/airflow/example_dags/example_dag_decorator.py for tasks to queue
[2025-03-23T08:10:48.316+0000] {logging_mixin.py:190} INFO - [2025-03-23T08:10:48.315+0000] {dagbag.py:588} INFO - Filling up the DagBag from /home/airflow/.local/lib/python3.12/site-packages/airflow/example_dags/example_dag_decorator.py
[2025-03-23T08:10:48.329+0000] {processor.py:925} INFO - DAG(s) 'example_dag_decorator' retrieved from /home/airflow/.local/lib/python3.12/site-packages/airflow/example_dags/example_dag_decorator.py
[2025-03-23T08:10:48.496+0000] {logging_mixin.py:190} INFO - [2025-03-23T08:10:48.496+0000] {dag.py:3239} INFO - Sync 1 DAGs
[2025-03-23T08:10:48.519+0000] {logging_mixin.py:190} INFO - [2025-03-23T08:10:48.519+0000] {dag.py:4180} INFO - Setting next_dagrun for example_dag_decorator to None, run_after=None
[2025-03-23T08:10:48.605+0000] {processor.py:208} INFO - Processing /home/airflow/.local/lib/python3.12/site-packages/airflow/example_dags/example_dag_decorator.py took 0.301 seconds
[2025-03-23T08:11:19.263+0000] {processor.py:186} INFO - Started process (PID=624) to work on /home/airflow/.local/lib/python3.12/site-packages/airflow/example_dags/example_dag_decorator.py
[2025-03-23T08:11:19.264+0000] {processor.py:914} INFO - Processing file /home/airflow/.local/lib/python3.12/site-packages/airflow/example_dags/example_dag_decorator.py for tasks to queue
[2025-03-23T08:11:19.267+0000] {logging_mixin.py:190} INFO - [2025-03-23T08:11:19.267+0000] {dagbag.py:588} INFO - Filling up the DagBag from /home/airflow/.local/lib/python3.12/site-packages/airflow/example_dags/example_dag_decorator.py
[2025-03-23T08:11:19.285+0000] {processor.py:925} INFO - DAG(s) 'example_dag_decorator' retrieved from /home/airflow/.local/lib/python3.12/site-packages/airflow/example_dags/example_dag_decorator.py
[2025-03-23T08:11:19.495+0000] {logging_mixin.py:190} INFO - [2025-03-23T08:11:19.495+0000] {dag.py:3239} INFO - Sync 1 DAGs
[2025-03-23T08:11:19.511+0000] {logging_mixin.py:190} INFO - [2025-03-23T08:11:19.510+0000] {dag.py:4180} INFO - Setting next_dagrun for example_dag_decorator to None, run_after=None
[2025-03-23T08:11:19.572+0000] {processor.py:208} INFO - Processing /home/airflow/.local/lib/python3.12/site-packages/airflow/example_dags/example_dag_decorator.py took 0.319 seconds
[2025-03-23T08:11:49.808+0000] {processor.py:186} INFO - Started process (PID=689) to work on /home/airflow/.local/lib/python3.12/site-packages/airflow/example_dags/example_dag_decorator.py
[2025-03-23T08:11:49.809+0000] {processor.py:914} INFO - Processing file /home/airflow/.local/lib/python3.12/site-packages/airflow/example_dags/example_dag_decorator.py for tasks to queue
[2025-03-23T08:11:49.814+0000] {logging_mixin.py:190} INFO - [2025-03-23T08:11:49.814+0000] {dagbag.py:588} INFO - Filling up the DagBag from /home/airflow/.local/lib/python3.12/site-packages/airflow/example_dags/example_dag_decorator.py
[2025-03-23T08:11:49.834+0000] {processor.py:925} INFO - DAG(s) 'example_dag_decorator' retrieved from /home/airflow/.local/lib/python3.12/site-packages/airflow/example_dags/example_dag_decorator.py
[2025-03-23T08:11:50.051+0000] {logging_mixin.py:190} INFO - [2025-03-23T08:11:50.051+0000] {dag.py:3239} INFO - Sync 1 DAGs
[2025-03-23T08:11:50.069+0000] {logging_mixin.py:190} INFO - [2025-03-23T08:11:50.069+0000] {dag.py:4180} INFO - Setting next_dagrun for example_dag_decorator to None, run_after=None
[2025-03-23T08:11:50.163+0000] {processor.py:208} INFO - Processing /home/airflow/.local/lib/python3.12/site-packages/airflow/example_dags/example_dag_decorator.py took 0.366 seconds
[2025-03-23T08:12:20.257+0000] {processor.py:186} INFO - Started process (PID=754) to work on /home/airflow/.local/lib/python3.12/site-packages/airflow/example_dags/example_dag_decorator.py
[2025-03-23T08:12:20.259+0000] {processor.py:914} INFO - Processing file /home/airflow/.local/lib/python3.12/site-packages/airflow/example_dags/example_dag_decorator.py for tasks to queue
[2025-03-23T08:12:20.262+0000] {logging_mixin.py:190} INFO - [2025-03-23T08:12:20.262+0000] {dagbag.py:588} INFO - Filling up the DagBag from /home/airflow/.local/lib/python3.12/site-packages/airflow/example_dags/example_dag_decorator.py
[2025-03-23T08:12:20.278+0000] {processor.py:925} INFO - DAG(s) 'example_dag_decorator' retrieved from /home/airflow/.local/lib/python3.12/site-packages/airflow/example_dags/example_dag_decorator.py
[2025-03-23T08:12:20.440+0000] {logging_mixin.py:190} INFO - [2025-03-23T08:12:20.440+0000] {dag.py:3239} INFO - Sync 1 DAGs
[2025-03-23T08:12:20.463+0000] {logging_mixin.py:190} INFO - [2025-03-23T08:12:20.462+0000] {dag.py:4180} INFO - Setting next_dagrun for example_dag_decorator to None, run_after=None
[2025-03-23T08:12:20.557+0000] {processor.py:208} INFO - Processing /home/airflow/.local/lib/python3.12/site-packages/airflow/example_dags/example_dag_decorator.py took 0.307 seconds
[2025-03-23T08:12:50.643+0000] {processor.py:186} INFO - Started process (PID=819) to work on /home/airflow/.local/lib/python3.12/site-packages/airflow/example_dags/example_dag_decorator.py
[2025-03-23T08:12:50.645+0000] {processor.py:914} INFO - Processing file /home/airflow/.local/lib/python3.12/site-packages/airflow/example_dags/example_dag_decorator.py for tasks to queue
[2025-03-23T08:12:50.648+0000] {logging_mixin.py:190} INFO - [2025-03-23T08:12:50.647+0000] {dagbag.py:588} INFO - Filling up the DagBag from /home/airflow/.local/lib/python3.12/site-packages/airflow/example_dags/example_dag_decorator.py
[2025-03-23T08:12:50.662+0000] {processor.py:925} INFO - DAG(s) 'example_dag_decorator' retrieved from /home/airflow/.local/lib/python3.12/site-packages/airflow/example_dags/example_dag_decorator.py
[2025-03-23T08:12:50.799+0000] {logging_mixin.py:190} INFO - [2025-03-23T08:12:50.798+0000] {dag.py:3239} INFO - Sync 1 DAGs
[2025-03-23T08:12:50.816+0000] {logging_mixin.py:190} INFO - [2025-03-23T08:12:50.816+0000] {dag.py:4180} INFO - Setting next_dagrun for example_dag_decorator to None, run_after=None
[2025-03-23T08:12:50.881+0000] {processor.py:208} INFO - Processing /home/airflow/.local/lib/python3.12/site-packages/airflow/example_dags/example_dag_decorator.py took 0.244 seconds
[2025-03-23T08:13:21.047+0000] {processor.py:186} INFO - Started process (PID=880) to work on /home/airflow/.local/lib/python3.12/site-packages/airflow/example_dags/example_dag_decorator.py
[2025-03-23T08:13:21.048+0000] {processor.py:914} INFO - Processing file /home/airflow/.local/lib/python3.12/site-packages/airflow/example_dags/example_dag_decorator.py for tasks to queue
[2025-03-23T08:13:21.051+0000] {logging_mixin.py:190} INFO - [2025-03-23T08:13:21.051+0000] {dagbag.py:588} INFO - Filling up the DagBag from /home/airflow/.local/lib/python3.12/site-packages/airflow/example_dags/example_dag_decorator.py
[2025-03-23T08:13:21.066+0000] {processor.py:925} INFO - DAG(s) 'example_dag_decorator' retrieved from /home/airflow/.local/lib/python3.12/site-packages/airflow/example_dags/example_dag_decorator.py
[2025-03-23T08:13:21.222+0000] {logging_mixin.py:190} INFO - [2025-03-23T08:13:21.221+0000] {dag.py:3239} INFO - Sync 1 DAGs
[2025-03-23T08:13:21.239+0000] {logging_mixin.py:190} INFO - [2025-03-23T08:13:21.238+0000] {dag.py:4180} INFO - Setting next_dagrun for example_dag_decorator to None, run_after=None
[2025-03-23T08:13:21.299+0000] {processor.py:208} INFO - Processing /home/airflow/.local/lib/python3.12/site-packages/airflow/example_dags/example_dag_decorator.py took 0.261 seconds
[2025-03-23T08:13:51.935+0000] {processor.py:186} INFO - Started process (PID=944) to work on /home/airflow/.local/lib/python3.12/site-packages/airflow/example_dags/example_dag_decorator.py
[2025-03-23T08:13:51.937+0000] {processor.py:914} INFO - Processing file /home/airflow/.local/lib/python3.12/site-packages/airflow/example_dags/example_dag_decorator.py for tasks to queue
[2025-03-23T08:13:51.939+0000] {logging_mixin.py:190} INFO - [2025-03-23T08:13:51.939+0000] {dagbag.py:588} INFO - Filling up the DagBag from /home/airflow/.local/lib/python3.12/site-packages/airflow/example_dags/example_dag_decorator.py
[2025-03-23T08:13:51.956+0000] {processor.py:925} INFO - DAG(s) 'example_dag_decorator' retrieved from /home/airflow/.local/lib/python3.12/site-packages/airflow/example_dags/example_dag_decorator.py
[2025-03-23T08:13:52.107+0000] {logging_mixin.py:190} INFO - [2025-03-23T08:13:52.106+0000] {dag.py:3239} INFO - Sync 1 DAGs
[2025-03-23T08:13:52.126+0000] {logging_mixin.py:190} INFO - [2025-03-23T08:13:52.126+0000] {dag.py:4180} INFO - Setting next_dagrun for example_dag_decorator to None, run_after=None
[2025-03-23T08:13:52.188+0000] {processor.py:208} INFO - Processing /home/airflow/.local/lib/python3.12/site-packages/airflow/example_dags/example_dag_decorator.py took 0.261 seconds
[2025-03-23T08:14:22.370+0000] {processor.py:186} INFO - Started process (PID=1009) to work on /home/airflow/.local/lib/python3.12/site-packages/airflow/example_dags/example_dag_decorator.py
[2025-03-23T08:14:22.371+0000] {processor.py:914} INFO - Processing file /home/airflow/.local/lib/python3.12/site-packages/airflow/example_dags/example_dag_decorator.py for tasks to queue
[2025-03-23T08:14:22.374+0000] {logging_mixin.py:190} INFO - [2025-03-23T08:14:22.374+0000] {dagbag.py:588} INFO - Filling up the DagBag from /home/airflow/.local/lib/python3.12/site-packages/airflow/example_dags/example_dag_decorator.py
[2025-03-23T08:14:22.393+0000] {processor.py:925} INFO - DAG(s) 'example_dag_decorator' retrieved from /home/airflow/.local/lib/python3.12/site-packages/airflow/example_dags/example_dag_decorator.py
[2025-03-23T08:14:22.620+0000] {logging_mixin.py:190} INFO - [2025-03-23T08:14:22.619+0000] {dag.py:3239} INFO - Sync 1 DAGs
[2025-03-23T08:14:22.645+0000] {logging_mixin.py:190} INFO - [2025-03-23T08:14:22.645+0000] {dag.py:4180} INFO - Setting next_dagrun for example_dag_decorator to None, run_after=None
[2025-03-23T08:14:22.702+0000] {processor.py:208} INFO - Processing /home/airflow/.local/lib/python3.12/site-packages/airflow/example_dags/example_dag_decorator.py took 0.339 seconds
[2025-03-23T08:14:53.131+0000] {processor.py:186} INFO - Started process (PID=1098) to work on /home/airflow/.local/lib/python3.12/site-packages/airflow/example_dags/example_dag_decorator.py
[2025-03-23T08:14:53.133+0000] {processor.py:914} INFO - Processing file /home/airflow/.local/lib/python3.12/site-packages/airflow/example_dags/example_dag_decorator.py for tasks to queue
[2025-03-23T08:14:53.137+0000] {logging_mixin.py:190} INFO - [2025-03-23T08:14:53.136+0000] {dagbag.py:588} INFO - Filling up the DagBag from /home/airflow/.local/lib/python3.12/site-packages/airflow/example_dags/example_dag_decorator.py
[2025-03-23T08:14:53.159+0000] {processor.py:925} INFO - DAG(s) 'example_dag_decorator' retrieved from /home/airflow/.local/lib/python3.12/site-packages/airflow/example_dags/example_dag_decorator.py
[2025-03-23T08:14:53.368+0000] {logging_mixin.py:190} INFO - [2025-03-23T08:14:53.368+0000] {dag.py:3239} INFO - Sync 1 DAGs
[2025-03-23T08:14:53.391+0000] {logging_mixin.py:190} INFO - [2025-03-23T08:14:53.390+0000] {dag.py:4180} INFO - Setting next_dagrun for example_dag_decorator to None, run_after=None
[2025-03-23T08:14:53.448+0000] {processor.py:208} INFO - Processing /home/airflow/.local/lib/python3.12/site-packages/airflow/example_dags/example_dag_decorator.py took 0.326 seconds
[2025-03-23T08:15:23.919+0000] {processor.py:186} INFO - Started process (PID=1163) to work on /home/airflow/.local/lib/python3.12/site-packages/airflow/example_dags/example_dag_decorator.py
[2025-03-23T08:15:23.920+0000] {processor.py:914} INFO - Processing file /home/airflow/.local/lib/python3.12/site-packages/airflow/example_dags/example_dag_decorator.py for tasks to queue
[2025-03-23T08:15:23.923+0000] {logging_mixin.py:190} INFO - [2025-03-23T08:15:23.923+0000] {dagbag.py:588} INFO - Filling up the DagBag from /home/airflow/.local/lib/python3.12/site-packages/airflow/example_dags/example_dag_decorator.py
[2025-03-23T08:15:23.937+0000] {processor.py:925} INFO - DAG(s) 'example_dag_decorator' retrieved from /home/airflow/.local/lib/python3.12/site-packages/airflow/example_dags/example_dag_decorator.py
[2025-03-23T08:15:24.152+0000] {logging_mixin.py:190} INFO - [2025-03-23T08:15:24.151+0000] {dag.py:3239} INFO - Sync 1 DAGs
[2025-03-23T08:15:24.170+0000] {logging_mixin.py:190} INFO - [2025-03-23T08:15:24.170+0000] {dag.py:4180} INFO - Setting next_dagrun for example_dag_decorator to None, run_after=None
[2025-03-23T08:15:24.236+0000] {processor.py:208} INFO - Processing /home/airflow/.local/lib/python3.12/site-packages/airflow/example_dags/example_dag_decorator.py took 0.333 seconds
[2025-03-23T08:15:54.686+0000] {processor.py:186} INFO - Started process (PID=1232) to work on /home/airflow/.local/lib/python3.12/site-packages/airflow/example_dags/example_dag_decorator.py
[2025-03-23T08:15:54.687+0000] {processor.py:914} INFO - Processing file /home/airflow/.local/lib/python3.12/site-packages/airflow/example_dags/example_dag_decorator.py for tasks to queue
[2025-03-23T08:15:54.691+0000] {logging_mixin.py:190} INFO - [2025-03-23T08:15:54.690+0000] {dagbag.py:588} INFO - Filling up the DagBag from /home/airflow/.local/lib/python3.12/site-packages/airflow/example_dags/example_dag_decorator.py
[2025-03-23T08:15:54.705+0000] {processor.py:925} INFO - DAG(s) 'example_dag_decorator' retrieved from /home/airflow/.local/lib/python3.12/site-packages/airflow/example_dags/example_dag_decorator.py
[2025-03-23T08:15:54.850+0000] {logging_mixin.py:190} INFO - [2025-03-23T08:15:54.850+0000] {dag.py:3239} INFO - Sync 1 DAGs
[2025-03-23T08:15:54.867+0000] {logging_mixin.py:190} INFO - [2025-03-23T08:15:54.867+0000] {dag.py:4180} INFO - Setting next_dagrun for example_dag_decorator to None, run_after=None
[2025-03-23T08:15:54.914+0000] {processor.py:208} INFO - Processing /home/airflow/.local/lib/python3.12/site-packages/airflow/example_dags/example_dag_decorator.py took 0.244 seconds
[2025-03-23T08:16:25.011+0000] {processor.py:186} INFO - Started process (PID=1293) to work on /home/airflow/.local/lib/python3.12/site-packages/airflow/example_dags/example_dag_decorator.py
[2025-03-23T08:16:25.012+0000] {processor.py:914} INFO - Processing file /home/airflow/.local/lib/python3.12/site-packages/airflow/example_dags/example_dag_decorator.py for tasks to queue
[2025-03-23T08:16:25.016+0000] {logging_mixin.py:190} INFO - [2025-03-23T08:16:25.015+0000] {dagbag.py:588} INFO - Filling up the DagBag from /home/airflow/.local/lib/python3.12/site-packages/airflow/example_dags/example_dag_decorator.py
[2025-03-23T08:16:25.031+0000] {processor.py:925} INFO - DAG(s) 'example_dag_decorator' retrieved from /home/airflow/.local/lib/python3.12/site-packages/airflow/example_dags/example_dag_decorator.py
[2025-03-23T08:16:25.184+0000] {logging_mixin.py:190} INFO - [2025-03-23T08:16:25.184+0000] {dag.py:3239} INFO - Sync 1 DAGs
[2025-03-23T08:16:25.200+0000] {logging_mixin.py:190} INFO - [2025-03-23T08:16:25.199+0000] {dag.py:4180} INFO - Setting next_dagrun for example_dag_decorator to None, run_after=None
[2025-03-23T08:16:25.249+0000] {processor.py:208} INFO - Processing /home/airflow/.local/lib/python3.12/site-packages/airflow/example_dags/example_dag_decorator.py took 0.249 seconds
[2025-03-23T08:16:55.767+0000] {processor.py:186} INFO - Started process (PID=1357) to work on /home/airflow/.local/lib/python3.12/site-packages/airflow/example_dags/example_dag_decorator.py
[2025-03-23T08:16:55.768+0000] {processor.py:914} INFO - Processing file /home/airflow/.local/lib/python3.12/site-packages/airflow/example_dags/example_dag_decorator.py for tasks to queue
[2025-03-23T08:16:55.771+0000] {logging_mixin.py:190} INFO - [2025-03-23T08:16:55.771+0000] {dagbag.py:588} INFO - Filling up the DagBag from /home/airflow/.local/lib/python3.12/site-packages/airflow/example_dags/example_dag_decorator.py
[2025-03-23T08:16:55.787+0000] {processor.py:925} INFO - DAG(s) 'example_dag_decorator' retrieved from /home/airflow/.local/lib/python3.12/site-packages/airflow/example_dags/example_dag_decorator.py
[2025-03-23T08:16:55.965+0000] {logging_mixin.py:190} INFO - [2025-03-23T08:16:55.965+0000] {dag.py:3239} INFO - Sync 1 DAGs
[2025-03-23T08:16:55.987+0000] {logging_mixin.py:190} INFO - [2025-03-23T08:16:55.986+0000] {dag.py:4180} INFO - Setting next_dagrun for example_dag_decorator to None, run_after=None
[2025-03-23T08:16:56.043+0000] {processor.py:208} INFO - Processing /home/airflow/.local/lib/python3.12/site-packages/airflow/example_dags/example_dag_decorator.py took 0.290 seconds
[2025-03-23T08:17:26.850+0000] {processor.py:186} INFO - Started process (PID=1421) to work on /home/airflow/.local/lib/python3.12/site-packages/airflow/example_dags/example_dag_decorator.py
[2025-03-23T08:17:26.851+0000] {processor.py:914} INFO - Processing file /home/airflow/.local/lib/python3.12/site-packages/airflow/example_dags/example_dag_decorator.py for tasks to queue
[2025-03-23T08:17:26.854+0000] {logging_mixin.py:190} INFO - [2025-03-23T08:17:26.854+0000] {dagbag.py:588} INFO - Filling up the DagBag from /home/airflow/.local/lib/python3.12/site-packages/airflow/example_dags/example_dag_decorator.py
[2025-03-23T08:17:26.871+0000] {processor.py:925} INFO - DAG(s) 'example_dag_decorator' retrieved from /home/airflow/.local/lib/python3.12/site-packages/airflow/example_dags/example_dag_decorator.py
[2025-03-23T08:17:27.025+0000] {logging_mixin.py:190} INFO - [2025-03-23T08:17:27.025+0000] {dag.py:3239} INFO - Sync 1 DAGs
[2025-03-23T08:17:27.045+0000] {logging_mixin.py:190} INFO - [2025-03-23T08:17:27.045+0000] {dag.py:4180} INFO - Setting next_dagrun for example_dag_decorator to None, run_after=None
[2025-03-23T08:17:27.141+0000] {processor.py:208} INFO - Processing /home/airflow/.local/lib/python3.12/site-packages/airflow/example_dags/example_dag_decorator.py took 0.305 seconds
[2025-03-23T08:17:57.362+0000] {processor.py:186} INFO - Started process (PID=1485) to work on /home/airflow/.local/lib/python3.12/site-packages/airflow/example_dags/example_dag_decorator.py
[2025-03-23T08:17:57.363+0000] {processor.py:914} INFO - Processing file /home/airflow/.local/lib/python3.12/site-packages/airflow/example_dags/example_dag_decorator.py for tasks to queue
[2025-03-23T08:17:57.366+0000] {logging_mixin.py:190} INFO - [2025-03-23T08:17:57.365+0000] {dagbag.py:588} INFO - Filling up the DagBag from /home/airflow/.local/lib/python3.12/site-packages/airflow/example_dags/example_dag_decorator.py
[2025-03-23T08:17:57.382+0000] {processor.py:925} INFO - DAG(s) 'example_dag_decorator' retrieved from /home/airflow/.local/lib/python3.12/site-packages/airflow/example_dags/example_dag_decorator.py
[2025-03-23T08:17:57.559+0000] {logging_mixin.py:190} INFO - [2025-03-23T08:17:57.558+0000] {dag.py:3239} INFO - Sync 1 DAGs
[2025-03-23T08:17:57.577+0000] {logging_mixin.py:190} INFO - [2025-03-23T08:17:57.577+0000] {dag.py:4180} INFO - Setting next_dagrun for example_dag_decorator to None, run_after=None
[2025-03-23T08:17:57.642+0000] {processor.py:208} INFO - Processing /home/airflow/.local/lib/python3.12/site-packages/airflow/example_dags/example_dag_decorator.py took 0.293 seconds
[2025-03-23T08:18:28.393+0000] {processor.py:186} INFO - Started process (PID=1549) to work on /home/airflow/.local/lib/python3.12/site-packages/airflow/example_dags/example_dag_decorator.py
[2025-03-23T08:18:28.394+0000] {processor.py:914} INFO - Processing file /home/airflow/.local/lib/python3.12/site-packages/airflow/example_dags/example_dag_decorator.py for tasks to queue
[2025-03-23T08:18:28.398+0000] {logging_mixin.py:190} INFO - [2025-03-23T08:18:28.397+0000] {dagbag.py:588} INFO - Filling up the DagBag from /home/airflow/.local/lib/python3.12/site-packages/airflow/example_dags/example_dag_decorator.py
[2025-03-23T08:18:28.419+0000] {processor.py:925} INFO - DAG(s) 'example_dag_decorator' retrieved from /home/airflow/.local/lib/python3.12/site-packages/airflow/example_dags/example_dag_decorator.py
[2025-03-23T08:18:28.452+0000] {logging_mixin.py:190} INFO - [2025-03-23T08:18:28.452+0000] {dag.py:3239} INFO - Sync 1 DAGs
[2025-03-23T08:18:28.473+0000] {logging_mixin.py:190} INFO - [2025-03-23T08:18:28.473+0000] {dag.py:4180} INFO - Setting next_dagrun for example_dag_decorator to None, run_after=None
[2025-03-23T08:18:28.532+0000] {processor.py:208} INFO - Processing /home/airflow/.local/lib/python3.12/site-packages/airflow/example_dags/example_dag_decorator.py took 0.154 seconds
[2025-03-23T08:18:58.860+0000] {processor.py:186} INFO - Started process (PID=1613) to work on /home/airflow/.local/lib/python3.12/site-packages/airflow/example_dags/example_dag_decorator.py
[2025-03-23T08:18:58.861+0000] {processor.py:914} INFO - Processing file /home/airflow/.local/lib/python3.12/site-packages/airflow/example_dags/example_dag_decorator.py for tasks to queue
[2025-03-23T08:18:58.864+0000] {logging_mixin.py:190} INFO - [2025-03-23T08:18:58.864+0000] {dagbag.py:588} INFO - Filling up the DagBag from /home/airflow/.local/lib/python3.12/site-packages/airflow/example_dags/example_dag_decorator.py
[2025-03-23T08:18:58.880+0000] {processor.py:925} INFO - DAG(s) 'example_dag_decorator' retrieved from /home/airflow/.local/lib/python3.12/site-packages/airflow/example_dags/example_dag_decorator.py
[2025-03-23T08:18:58.911+0000] {logging_mixin.py:190} INFO - [2025-03-23T08:18:58.910+0000] {dag.py:3239} INFO - Sync 1 DAGs
[2025-03-23T08:18:58.932+0000] {logging_mixin.py:190} INFO - [2025-03-23T08:18:58.931+0000] {dag.py:4180} INFO - Setting next_dagrun for example_dag_decorator to None, run_after=None
[2025-03-23T08:18:58.992+0000] {processor.py:208} INFO - Processing /home/airflow/.local/lib/python3.12/site-packages/airflow/example_dags/example_dag_decorator.py took 0.146 seconds
[2025-03-23T08:19:29.550+0000] {processor.py:186} INFO - Started process (PID=1677) to work on /home/airflow/.local/lib/python3.12/site-packages/airflow/example_dags/example_dag_decorator.py
[2025-03-23T08:19:29.551+0000] {processor.py:914} INFO - Processing file /home/airflow/.local/lib/python3.12/site-packages/airflow/example_dags/example_dag_decorator.py for tasks to queue
[2025-03-23T08:19:29.555+0000] {logging_mixin.py:190} INFO - [2025-03-23T08:19:29.555+0000] {dagbag.py:588} INFO - Filling up the DagBag from /home/airflow/.local/lib/python3.12/site-packages/airflow/example_dags/example_dag_decorator.py
[2025-03-23T08:19:29.583+0000] {processor.py:925} INFO - DAG(s) 'example_dag_decorator' retrieved from /home/airflow/.local/lib/python3.12/site-packages/airflow/example_dags/example_dag_decorator.py
[2025-03-23T08:19:29.629+0000] {logging_mixin.py:190} INFO - [2025-03-23T08:19:29.629+0000] {dag.py:3239} INFO - Sync 1 DAGs
[2025-03-23T08:19:29.654+0000] {logging_mixin.py:190} INFO - [2025-03-23T08:19:29.654+0000] {dag.py:4180} INFO - Setting next_dagrun for example_dag_decorator to None, run_after=None
[2025-03-23T08:19:29.724+0000] {processor.py:208} INFO - Processing /home/airflow/.local/lib/python3.12/site-packages/airflow/example_dags/example_dag_decorator.py took 0.197 seconds
[2025-03-23T08:20:00.605+0000] {processor.py:186} INFO - Started process (PID=1741) to work on /home/airflow/.local/lib/python3.12/site-packages/airflow/example_dags/example_dag_decorator.py
[2025-03-23T08:20:00.607+0000] {processor.py:914} INFO - Processing file /home/airflow/.local/lib/python3.12/site-packages/airflow/example_dags/example_dag_decorator.py for tasks to queue
[2025-03-23T08:20:00.610+0000] {logging_mixin.py:190} INFO - [2025-03-23T08:20:00.609+0000] {dagbag.py:588} INFO - Filling up the DagBag from /home/airflow/.local/lib/python3.12/site-packages/airflow/example_dags/example_dag_decorator.py
[2025-03-23T08:20:00.626+0000] {processor.py:925} INFO - DAG(s) 'example_dag_decorator' retrieved from /home/airflow/.local/lib/python3.12/site-packages/airflow/example_dags/example_dag_decorator.py
[2025-03-23T08:20:00.661+0000] {logging_mixin.py:190} INFO - [2025-03-23T08:20:00.661+0000] {dag.py:3239} INFO - Sync 1 DAGs
[2025-03-23T08:20:00.682+0000] {logging_mixin.py:190} INFO - [2025-03-23T08:20:00.682+0000] {dag.py:4180} INFO - Setting next_dagrun for example_dag_decorator to None, run_after=None
[2025-03-23T08:20:00.746+0000] {processor.py:208} INFO - Processing /home/airflow/.local/lib/python3.12/site-packages/airflow/example_dags/example_dag_decorator.py took 0.157 seconds
[2025-03-23T08:20:30.990+0000] {processor.py:186} INFO - Started process (PID=1804) to work on /home/airflow/.local/lib/python3.12/site-packages/airflow/example_dags/example_dag_decorator.py
[2025-03-23T08:20:30.993+0000] {processor.py:914} INFO - Processing file /home/airflow/.local/lib/python3.12/site-packages/airflow/example_dags/example_dag_decorator.py for tasks to queue
[2025-03-23T08:20:30.996+0000] {logging_mixin.py:190} INFO - [2025-03-23T08:20:30.996+0000] {dagbag.py:588} INFO - Filling up the DagBag from /home/airflow/.local/lib/python3.12/site-packages/airflow/example_dags/example_dag_decorator.py
[2025-03-23T08:20:31.010+0000] {processor.py:925} INFO - DAG(s) 'example_dag_decorator' retrieved from /home/airflow/.local/lib/python3.12/site-packages/airflow/example_dags/example_dag_decorator.py
[2025-03-23T08:20:31.038+0000] {logging_mixin.py:190} INFO - [2025-03-23T08:20:31.038+0000] {dag.py:3239} INFO - Sync 1 DAGs
[2025-03-23T08:20:31.058+0000] {logging_mixin.py:190} INFO - [2025-03-23T08:20:31.058+0000] {dag.py:4180} INFO - Setting next_dagrun for example_dag_decorator to None, run_after=None
[2025-03-23T08:20:31.119+0000] {processor.py:208} INFO - Processing /home/airflow/.local/lib/python3.12/site-packages/airflow/example_dags/example_dag_decorator.py took 0.140 seconds
[2025-03-23T08:24:59.995+0000] {processor.py:186} INFO - Started process (PID=107) to work on /home/airflow/.local/lib/python3.12/site-packages/airflow/example_dags/example_dag_decorator.py
[2025-03-23T08:25:00.002+0000] {processor.py:914} INFO - Processing file /home/airflow/.local/lib/python3.12/site-packages/airflow/example_dags/example_dag_decorator.py for tasks to queue
[2025-03-23T08:25:00.006+0000] {logging_mixin.py:190} INFO - [2025-03-23T08:25:00.005+0000] {dagbag.py:588} INFO - Filling up the DagBag from /home/airflow/.local/lib/python3.12/site-packages/airflow/example_dags/example_dag_decorator.py
[2025-03-23T08:25:00.031+0000] {processor.py:925} INFO - DAG(s) 'example_dag_decorator' retrieved from /home/airflow/.local/lib/python3.12/site-packages/airflow/example_dags/example_dag_decorator.py
[2025-03-23T08:25:00.215+0000] {logging_mixin.py:190} INFO - [2025-03-23T08:25:00.214+0000] {dag.py:3239} INFO - Sync 1 DAGs
[2025-03-23T08:25:00.231+0000] {logging_mixin.py:190} INFO - [2025-03-23T08:25:00.231+0000] {dag.py:4180} INFO - Setting next_dagrun for example_dag_decorator to None, run_after=None
[2025-03-23T08:25:01.216+0000] {processor.py:208} INFO - Processing /home/airflow/.local/lib/python3.12/site-packages/airflow/example_dags/example_dag_decorator.py took 1.229 seconds
[2025-03-23T08:26:36.947+0000] {processor.py:186} INFO - Started process (PID=96) to work on /home/airflow/.local/lib/python3.12/site-packages/airflow/example_dags/example_dag_decorator.py
[2025-03-23T08:26:36.949+0000] {processor.py:914} INFO - Processing file /home/airflow/.local/lib/python3.12/site-packages/airflow/example_dags/example_dag_decorator.py for tasks to queue
[2025-03-23T08:26:36.954+0000] {logging_mixin.py:190} INFO - [2025-03-23T08:26:36.953+0000] {dagbag.py:588} INFO - Filling up the DagBag from /home/airflow/.local/lib/python3.12/site-packages/airflow/example_dags/example_dag_decorator.py
[2025-03-23T08:26:36.971+0000] {processor.py:925} INFO - DAG(s) 'example_dag_decorator' retrieved from /home/airflow/.local/lib/python3.12/site-packages/airflow/example_dags/example_dag_decorator.py
[2025-03-23T08:26:37.185+0000] {logging_mixin.py:190} INFO - [2025-03-23T08:26:37.184+0000] {dag.py:3239} INFO - Sync 1 DAGs
[2025-03-23T08:26:37.214+0000] {logging_mixin.py:190} INFO - [2025-03-23T08:26:37.214+0000] {dag.py:4180} INFO - Setting next_dagrun for example_dag_decorator to None, run_after=None
[2025-03-23T08:26:37.346+0000] {processor.py:208} INFO - Processing /home/airflow/.local/lib/python3.12/site-packages/airflow/example_dags/example_dag_decorator.py took 0.411 seconds
[2025-03-23T08:27:08.345+0000] {processor.py:186} INFO - Started process (PID=160) to work on /home/airflow/.local/lib/python3.12/site-packages/airflow/example_dags/example_dag_decorator.py
[2025-03-23T08:27:08.346+0000] {processor.py:914} INFO - Processing file /home/airflow/.local/lib/python3.12/site-packages/airflow/example_dags/example_dag_decorator.py for tasks to queue
[2025-03-23T08:27:08.349+0000] {logging_mixin.py:190} INFO - [2025-03-23T08:27:08.349+0000] {dagbag.py:588} INFO - Filling up the DagBag from /home/airflow/.local/lib/python3.12/site-packages/airflow/example_dags/example_dag_decorator.py
[2025-03-23T08:27:08.377+0000] {processor.py:925} INFO - DAG(s) 'example_dag_decorator' retrieved from /home/airflow/.local/lib/python3.12/site-packages/airflow/example_dags/example_dag_decorator.py
[2025-03-23T08:27:08.556+0000] {logging_mixin.py:190} INFO - [2025-03-23T08:27:08.556+0000] {dag.py:3239} INFO - Sync 1 DAGs
[2025-03-23T08:27:08.577+0000] {logging_mixin.py:190} INFO - [2025-03-23T08:27:08.577+0000] {dag.py:4180} INFO - Setting next_dagrun for example_dag_decorator to None, run_after=None
[2025-03-23T08:27:08.797+0000] {processor.py:208} INFO - Processing /home/airflow/.local/lib/python3.12/site-packages/airflow/example_dags/example_dag_decorator.py took 0.461 seconds
[2025-03-23T08:27:39.064+0000] {processor.py:186} INFO - Started process (PID=223) to work on /home/airflow/.local/lib/python3.12/site-packages/airflow/example_dags/example_dag_decorator.py
[2025-03-23T08:27:39.084+0000] {processor.py:914} INFO - Processing file /home/airflow/.local/lib/python3.12/site-packages/airflow/example_dags/example_dag_decorator.py for tasks to queue
[2025-03-23T08:27:39.087+0000] {logging_mixin.py:190} INFO - [2025-03-23T08:27:39.087+0000] {dagbag.py:588} INFO - Filling up the DagBag from /home/airflow/.local/lib/python3.12/site-packages/airflow/example_dags/example_dag_decorator.py
[2025-03-23T08:27:39.109+0000] {processor.py:925} INFO - DAG(s) 'example_dag_decorator' retrieved from /home/airflow/.local/lib/python3.12/site-packages/airflow/example_dags/example_dag_decorator.py
[2025-03-23T08:27:39.336+0000] {logging_mixin.py:190} INFO - [2025-03-23T08:27:39.335+0000] {dag.py:3239} INFO - Sync 1 DAGs
[2025-03-23T08:27:39.355+0000] {logging_mixin.py:190} INFO - [2025-03-23T08:27:39.355+0000] {dag.py:4180} INFO - Setting next_dagrun for example_dag_decorator to None, run_after=None
[2025-03-23T08:27:39.485+0000] {processor.py:208} INFO - Processing /home/airflow/.local/lib/python3.12/site-packages/airflow/example_dags/example_dag_decorator.py took 0.430 seconds
[2025-03-23T08:28:10.130+0000] {processor.py:186} INFO - Started process (PID=287) to work on /home/airflow/.local/lib/python3.12/site-packages/airflow/example_dags/example_dag_decorator.py
[2025-03-23T08:28:10.132+0000] {processor.py:914} INFO - Processing file /home/airflow/.local/lib/python3.12/site-packages/airflow/example_dags/example_dag_decorator.py for tasks to queue
[2025-03-23T08:28:10.136+0000] {logging_mixin.py:190} INFO - [2025-03-23T08:28:10.136+0000] {dagbag.py:588} INFO - Filling up the DagBag from /home/airflow/.local/lib/python3.12/site-packages/airflow/example_dags/example_dag_decorator.py
[2025-03-23T08:28:10.162+0000] {processor.py:925} INFO - DAG(s) 'example_dag_decorator' retrieved from /home/airflow/.local/lib/python3.12/site-packages/airflow/example_dags/example_dag_decorator.py
[2025-03-23T08:28:10.474+0000] {logging_mixin.py:190} INFO - [2025-03-23T08:28:10.474+0000] {dag.py:3239} INFO - Sync 1 DAGs
[2025-03-23T08:28:10.505+0000] {logging_mixin.py:190} INFO - [2025-03-23T08:28:10.504+0000] {dag.py:4180} INFO - Setting next_dagrun for example_dag_decorator to None, run_after=None
[2025-03-23T08:28:10.619+0000] {processor.py:208} INFO - Processing /home/airflow/.local/lib/python3.12/site-packages/airflow/example_dags/example_dag_decorator.py took 0.499 seconds
[2025-03-23T08:28:40.950+0000] {processor.py:186} INFO - Started process (PID=350) to work on /home/airflow/.local/lib/python3.12/site-packages/airflow/example_dags/example_dag_decorator.py
[2025-03-23T08:28:40.951+0000] {processor.py:914} INFO - Processing file /home/airflow/.local/lib/python3.12/site-packages/airflow/example_dags/example_dag_decorator.py for tasks to queue
[2025-03-23T08:28:40.954+0000] {logging_mixin.py:190} INFO - [2025-03-23T08:28:40.954+0000] {dagbag.py:588} INFO - Filling up the DagBag from /home/airflow/.local/lib/python3.12/site-packages/airflow/example_dags/example_dag_decorator.py
[2025-03-23T08:28:40.981+0000] {processor.py:925} INFO - DAG(s) 'example_dag_decorator' retrieved from /home/airflow/.local/lib/python3.12/site-packages/airflow/example_dags/example_dag_decorator.py
[2025-03-23T08:28:41.135+0000] {logging_mixin.py:190} INFO - [2025-03-23T08:28:41.135+0000] {dag.py:3239} INFO - Sync 1 DAGs
[2025-03-23T08:28:41.155+0000] {logging_mixin.py:190} INFO - [2025-03-23T08:28:41.155+0000] {dag.py:4180} INFO - Setting next_dagrun for example_dag_decorator to None, run_after=None
[2025-03-23T08:28:41.219+0000] {processor.py:208} INFO - Processing /home/airflow/.local/lib/python3.12/site-packages/airflow/example_dags/example_dag_decorator.py took 0.277 seconds
[2025-03-23T08:29:11.428+0000] {processor.py:186} INFO - Started process (PID=414) to work on /home/airflow/.local/lib/python3.12/site-packages/airflow/example_dags/example_dag_decorator.py
[2025-03-23T08:29:11.429+0000] {processor.py:914} INFO - Processing file /home/airflow/.local/lib/python3.12/site-packages/airflow/example_dags/example_dag_decorator.py for tasks to queue
[2025-03-23T08:29:11.433+0000] {logging_mixin.py:190} INFO - [2025-03-23T08:29:11.432+0000] {dagbag.py:588} INFO - Filling up the DagBag from /home/airflow/.local/lib/python3.12/site-packages/airflow/example_dags/example_dag_decorator.py
[2025-03-23T08:29:11.452+0000] {processor.py:925} INFO - DAG(s) 'example_dag_decorator' retrieved from /home/airflow/.local/lib/python3.12/site-packages/airflow/example_dags/example_dag_decorator.py
[2025-03-23T08:29:11.643+0000] {logging_mixin.py:190} INFO - [2025-03-23T08:29:11.642+0000] {dag.py:3239} INFO - Sync 1 DAGs
[2025-03-23T08:29:11.668+0000] {logging_mixin.py:190} INFO - [2025-03-23T08:29:11.667+0000] {dag.py:4180} INFO - Setting next_dagrun for example_dag_decorator to None, run_after=None
[2025-03-23T08:29:11.731+0000] {processor.py:208} INFO - Processing /home/airflow/.local/lib/python3.12/site-packages/airflow/example_dags/example_dag_decorator.py took 0.311 seconds
[2025-03-23T08:29:41.936+0000] {processor.py:186} INFO - Started process (PID=478) to work on /home/airflow/.local/lib/python3.12/site-packages/airflow/example_dags/example_dag_decorator.py
[2025-03-23T08:29:41.938+0000] {processor.py:914} INFO - Processing file /home/airflow/.local/lib/python3.12/site-packages/airflow/example_dags/example_dag_decorator.py for tasks to queue
[2025-03-23T08:29:41.949+0000] {logging_mixin.py:190} INFO - [2025-03-23T08:29:41.948+0000] {dagbag.py:588} INFO - Filling up the DagBag from /home/airflow/.local/lib/python3.12/site-packages/airflow/example_dags/example_dag_decorator.py
[2025-03-23T08:29:41.997+0000] {processor.py:925} INFO - DAG(s) 'example_dag_decorator' retrieved from /home/airflow/.local/lib/python3.12/site-packages/airflow/example_dags/example_dag_decorator.py
[2025-03-23T08:29:42.268+0000] {logging_mixin.py:190} INFO - [2025-03-23T08:29:42.268+0000] {dag.py:3239} INFO - Sync 1 DAGs
[2025-03-23T08:29:42.312+0000] {logging_mixin.py:190} INFO - [2025-03-23T08:29:42.312+0000] {dag.py:4180} INFO - Setting next_dagrun for example_dag_decorator to None, run_after=None
[2025-03-23T08:29:42.472+0000] {processor.py:208} INFO - Processing /home/airflow/.local/lib/python3.12/site-packages/airflow/example_dags/example_dag_decorator.py took 0.551 seconds
