[2025-03-23T08:06:58.685+0000] {processor.py:186} INFO - Started process (PID=116) to work on /home/airflow/.local/lib/python3.12/site-packages/airflow/example_dags/tutorial_taskflow_api.py
[2025-03-23T08:06:58.686+0000] {processor.py:914} INFO - Processing file /home/airflow/.local/lib/python3.12/site-packages/airflow/example_dags/tutorial_taskflow_api.py for tasks to queue
[2025-03-23T08:06:58.690+0000] {logging_mixin.py:190} INFO - [2025-03-23T08:06:58.689+0000] {dagbag.py:588} INFO - Filling up the DagBag from /home/airflow/.local/lib/python3.12/site-packages/airflow/example_dags/tutorial_taskflow_api.py
[2025-03-23T08:06:58.762+0000] {processor.py:925} INFO - DAG(s) 'tutorial_taskflow_api' retrieved from /home/airflow/.local/lib/python3.12/site-packages/airflow/example_dags/tutorial_taskflow_api.py
[2025-03-23T08:06:59.755+0000] {logging_mixin.py:190} INFO - [2025-03-23T08:06:59.754+0000] {override.py:1911} INFO - Created Permission View: can edit on DAG:tutorial_taskflow_api
[2025-03-23T08:06:59.855+0000] {logging_mixin.py:190} INFO - [2025-03-23T08:06:59.854+0000] {override.py:1911} INFO - Created Permission View: can delete on DAG:tutorial_taskflow_api
[2025-03-23T08:07:00.174+0000] {logging_mixin.py:190} INFO - [2025-03-23T08:07:00.174+0000] {override.py:1911} INFO - Created Permission View: can read on DAG:tutorial_taskflow_api
[2025-03-23T08:07:00.499+0000] {logging_mixin.py:190} INFO - [2025-03-23T08:07:00.499+0000] {override.py:1911} INFO - Created Permission View: menu access on DAG Run:tutorial_taskflow_api
[2025-03-23T08:07:00.810+0000] {logging_mixin.py:190} INFO - [2025-03-23T08:07:00.810+0000] {override.py:1911} INFO - Created Permission View: can create on DAG Run:tutorial_taskflow_api
[2025-03-23T08:07:01.078+0000] {logging_mixin.py:190} INFO - [2025-03-23T08:07:01.078+0000] {override.py:1911} INFO - Created Permission View: can read on DAG Run:tutorial_taskflow_api
[2025-03-23T08:07:01.377+0000] {logging_mixin.py:190} INFO - [2025-03-23T08:07:01.376+0000] {override.py:1911} INFO - Created Permission View: can delete on DAG Run:tutorial_taskflow_api
[2025-03-23T08:07:01.378+0000] {logging_mixin.py:190} INFO - [2025-03-23T08:07:01.378+0000] {dag.py:3239} INFO - Sync 1 DAGs
[2025-03-23T08:07:01.400+0000] {logging_mixin.py:190} INFO - [2025-03-23T08:07:01.400+0000] {dag.py:3262} INFO - Creating ORM DAG for tutorial_taskflow_api
[2025-03-23T08:07:01.401+0000] {logging_mixin.py:190} INFO - [2025-03-23T08:07:01.401+0000] {dag.py:4180} INFO - Setting next_dagrun for tutorial_taskflow_api to None, run_after=None
[2025-03-23T08:07:01.635+0000] {processor.py:208} INFO - Processing /home/airflow/.local/lib/python3.12/site-packages/airflow/example_dags/tutorial_taskflow_api.py took 2.959 seconds
[2025-03-23T08:07:44.014+0000] {processor.py:186} INFO - Started process (PID=179) to work on /home/airflow/.local/lib/python3.12/site-packages/airflow/example_dags/tutorial_taskflow_api.py
[2025-03-23T08:07:44.077+0000] {processor.py:914} INFO - Processing file /home/airflow/.local/lib/python3.12/site-packages/airflow/example_dags/tutorial_taskflow_api.py for tasks to queue
[2025-03-23T08:07:44.086+0000] {logging_mixin.py:190} INFO - [2025-03-23T08:07:44.085+0000] {dagbag.py:588} INFO - Filling up the DagBag from /home/airflow/.local/lib/python3.12/site-packages/airflow/example_dags/tutorial_taskflow_api.py
[2025-03-23T08:07:44.146+0000] {processor.py:925} INFO - DAG(s) 'tutorial_taskflow_api' retrieved from /home/airflow/.local/lib/python3.12/site-packages/airflow/example_dags/tutorial_taskflow_api.py
[2025-03-23T08:07:44.216+0000] {logging_mixin.py:190} INFO - [2025-03-23T08:07:44.215+0000] {dag.py:3239} INFO - Sync 1 DAGs
[2025-03-23T08:07:44.268+0000] {logging_mixin.py:190} INFO - [2025-03-23T08:07:44.268+0000] {dag.py:4180} INFO - Setting next_dagrun for tutorial_taskflow_api to None, run_after=None
[2025-03-23T08:07:44.361+0000] {processor.py:208} INFO - Processing /home/airflow/.local/lib/python3.12/site-packages/airflow/example_dags/tutorial_taskflow_api.py took 0.366 seconds
[2025-03-23T08:08:14.455+0000] {processor.py:186} INFO - Started process (PID=243) to work on /home/airflow/.local/lib/python3.12/site-packages/airflow/example_dags/tutorial_taskflow_api.py
[2025-03-23T08:08:14.457+0000] {processor.py:914} INFO - Processing file /home/airflow/.local/lib/python3.12/site-packages/airflow/example_dags/tutorial_taskflow_api.py for tasks to queue
[2025-03-23T08:08:14.460+0000] {logging_mixin.py:190} INFO - [2025-03-23T08:08:14.459+0000] {dagbag.py:588} INFO - Filling up the DagBag from /home/airflow/.local/lib/python3.12/site-packages/airflow/example_dags/tutorial_taskflow_api.py
[2025-03-23T08:08:14.472+0000] {processor.py:925} INFO - DAG(s) 'tutorial_taskflow_api' retrieved from /home/airflow/.local/lib/python3.12/site-packages/airflow/example_dags/tutorial_taskflow_api.py
[2025-03-23T08:08:14.499+0000] {logging_mixin.py:190} INFO - [2025-03-23T08:08:14.498+0000] {dag.py:3239} INFO - Sync 1 DAGs
[2025-03-23T08:08:14.530+0000] {logging_mixin.py:190} INFO - [2025-03-23T08:08:14.530+0000] {dag.py:4180} INFO - Setting next_dagrun for tutorial_taskflow_api to None, run_after=None
[2025-03-23T08:08:14.669+0000] {processor.py:208} INFO - Processing /home/airflow/.local/lib/python3.12/site-packages/airflow/example_dags/tutorial_taskflow_api.py took 0.222 seconds
[2025-03-23T08:08:45.197+0000] {processor.py:186} INFO - Started process (PID=307) to work on /home/airflow/.local/lib/python3.12/site-packages/airflow/example_dags/tutorial_taskflow_api.py
[2025-03-23T08:08:45.198+0000] {processor.py:914} INFO - Processing file /home/airflow/.local/lib/python3.12/site-packages/airflow/example_dags/tutorial_taskflow_api.py for tasks to queue
[2025-03-23T08:08:45.202+0000] {logging_mixin.py:190} INFO - [2025-03-23T08:08:45.201+0000] {dagbag.py:588} INFO - Filling up the DagBag from /home/airflow/.local/lib/python3.12/site-packages/airflow/example_dags/tutorial_taskflow_api.py
[2025-03-23T08:08:45.218+0000] {processor.py:925} INFO - DAG(s) 'tutorial_taskflow_api' retrieved from /home/airflow/.local/lib/python3.12/site-packages/airflow/example_dags/tutorial_taskflow_api.py
[2025-03-23T08:08:45.252+0000] {logging_mixin.py:190} INFO - [2025-03-23T08:08:45.252+0000] {dag.py:3239} INFO - Sync 1 DAGs
[2025-03-23T08:08:45.283+0000] {logging_mixin.py:190} INFO - [2025-03-23T08:08:45.283+0000] {dag.py:4180} INFO - Setting next_dagrun for tutorial_taskflow_api to None, run_after=None
[2025-03-23T08:08:45.337+0000] {processor.py:208} INFO - Processing /home/airflow/.local/lib/python3.12/site-packages/airflow/example_dags/tutorial_taskflow_api.py took 0.155 seconds
[2025-03-23T08:09:15.880+0000] {processor.py:186} INFO - Started process (PID=370) to work on /home/airflow/.local/lib/python3.12/site-packages/airflow/example_dags/tutorial_taskflow_api.py
[2025-03-23T08:09:15.884+0000] {processor.py:914} INFO - Processing file /home/airflow/.local/lib/python3.12/site-packages/airflow/example_dags/tutorial_taskflow_api.py for tasks to queue
[2025-03-23T08:09:15.888+0000] {logging_mixin.py:190} INFO - [2025-03-23T08:09:15.888+0000] {dagbag.py:588} INFO - Filling up the DagBag from /home/airflow/.local/lib/python3.12/site-packages/airflow/example_dags/tutorial_taskflow_api.py
[2025-03-23T08:09:15.901+0000] {processor.py:925} INFO - DAG(s) 'tutorial_taskflow_api' retrieved from /home/airflow/.local/lib/python3.12/site-packages/airflow/example_dags/tutorial_taskflow_api.py
[2025-03-23T08:09:15.936+0000] {logging_mixin.py:190} INFO - [2025-03-23T08:09:15.935+0000] {dag.py:3239} INFO - Sync 1 DAGs
[2025-03-23T08:09:15.957+0000] {logging_mixin.py:190} INFO - [2025-03-23T08:09:15.957+0000] {dag.py:4180} INFO - Setting next_dagrun for tutorial_taskflow_api to None, run_after=None
[2025-03-23T08:09:16.695+0000] {processor.py:208} INFO - Processing /home/airflow/.local/lib/python3.12/site-packages/airflow/example_dags/tutorial_taskflow_api.py took 0.825 seconds
[2025-03-23T08:09:46.983+0000] {processor.py:186} INFO - Started process (PID=434) to work on /home/airflow/.local/lib/python3.12/site-packages/airflow/example_dags/tutorial_taskflow_api.py
[2025-03-23T08:09:46.985+0000] {processor.py:914} INFO - Processing file /home/airflow/.local/lib/python3.12/site-packages/airflow/example_dags/tutorial_taskflow_api.py for tasks to queue
[2025-03-23T08:09:46.989+0000] {logging_mixin.py:190} INFO - [2025-03-23T08:09:46.988+0000] {dagbag.py:588} INFO - Filling up the DagBag from /home/airflow/.local/lib/python3.12/site-packages/airflow/example_dags/tutorial_taskflow_api.py
[2025-03-23T08:09:47.001+0000] {processor.py:925} INFO - DAG(s) 'tutorial_taskflow_api' retrieved from /home/airflow/.local/lib/python3.12/site-packages/airflow/example_dags/tutorial_taskflow_api.py
[2025-03-23T08:09:47.034+0000] {logging_mixin.py:190} INFO - [2025-03-23T08:09:47.033+0000] {dag.py:3239} INFO - Sync 1 DAGs
[2025-03-23T08:09:47.059+0000] {logging_mixin.py:190} INFO - [2025-03-23T08:09:47.059+0000] {dag.py:4180} INFO - Setting next_dagrun for tutorial_taskflow_api to None, run_after=None
[2025-03-23T08:09:47.226+0000] {processor.py:208} INFO - Processing /home/airflow/.local/lib/python3.12/site-packages/airflow/example_dags/tutorial_taskflow_api.py took 0.252 seconds
[2025-03-23T08:10:17.603+0000] {processor.py:186} INFO - Started process (PID=498) to work on /home/airflow/.local/lib/python3.12/site-packages/airflow/example_dags/tutorial_taskflow_api.py
[2025-03-23T08:10:17.605+0000] {processor.py:914} INFO - Processing file /home/airflow/.local/lib/python3.12/site-packages/airflow/example_dags/tutorial_taskflow_api.py for tasks to queue
[2025-03-23T08:10:17.608+0000] {logging_mixin.py:190} INFO - [2025-03-23T08:10:17.608+0000] {dagbag.py:588} INFO - Filling up the DagBag from /home/airflow/.local/lib/python3.12/site-packages/airflow/example_dags/tutorial_taskflow_api.py
[2025-03-23T08:10:17.619+0000] {processor.py:925} INFO - DAG(s) 'tutorial_taskflow_api' retrieved from /home/airflow/.local/lib/python3.12/site-packages/airflow/example_dags/tutorial_taskflow_api.py
[2025-03-23T08:10:17.667+0000] {logging_mixin.py:190} INFO - [2025-03-23T08:10:17.667+0000] {dag.py:3239} INFO - Sync 1 DAGs
[2025-03-23T08:10:17.698+0000] {logging_mixin.py:190} INFO - [2025-03-23T08:10:17.698+0000] {dag.py:4180} INFO - Setting next_dagrun for tutorial_taskflow_api to None, run_after=None
[2025-03-23T08:10:17.768+0000] {processor.py:208} INFO - Processing /home/airflow/.local/lib/python3.12/site-packages/airflow/example_dags/tutorial_taskflow_api.py took 0.177 seconds
[2025-03-23T08:10:48.609+0000] {processor.py:186} INFO - Started process (PID=562) to work on /home/airflow/.local/lib/python3.12/site-packages/airflow/example_dags/tutorial_taskflow_api.py
[2025-03-23T08:10:48.610+0000] {processor.py:914} INFO - Processing file /home/airflow/.local/lib/python3.12/site-packages/airflow/example_dags/tutorial_taskflow_api.py for tasks to queue
[2025-03-23T08:10:48.616+0000] {logging_mixin.py:190} INFO - [2025-03-23T08:10:48.615+0000] {dagbag.py:588} INFO - Filling up the DagBag from /home/airflow/.local/lib/python3.12/site-packages/airflow/example_dags/tutorial_taskflow_api.py
[2025-03-23T08:10:48.641+0000] {processor.py:925} INFO - DAG(s) 'tutorial_taskflow_api' retrieved from /home/airflow/.local/lib/python3.12/site-packages/airflow/example_dags/tutorial_taskflow_api.py
[2025-03-23T08:10:48.690+0000] {logging_mixin.py:190} INFO - [2025-03-23T08:10:48.690+0000] {dag.py:3239} INFO - Sync 1 DAGs
[2025-03-23T08:10:48.755+0000] {logging_mixin.py:190} INFO - [2025-03-23T08:10:48.751+0000] {dag.py:4180} INFO - Setting next_dagrun for tutorial_taskflow_api to None, run_after=None
[2025-03-23T08:10:48.934+0000] {processor.py:208} INFO - Processing /home/airflow/.local/lib/python3.12/site-packages/airflow/example_dags/tutorial_taskflow_api.py took 0.334 seconds
[2025-03-23T08:11:19.495+0000] {processor.py:186} INFO - Started process (PID=626) to work on /home/airflow/.local/lib/python3.12/site-packages/airflow/example_dags/tutorial_taskflow_api.py
[2025-03-23T08:11:19.496+0000] {processor.py:914} INFO - Processing file /home/airflow/.local/lib/python3.12/site-packages/airflow/example_dags/tutorial_taskflow_api.py for tasks to queue
[2025-03-23T08:11:19.499+0000] {logging_mixin.py:190} INFO - [2025-03-23T08:11:19.499+0000] {dagbag.py:588} INFO - Filling up the DagBag from /home/airflow/.local/lib/python3.12/site-packages/airflow/example_dags/tutorial_taskflow_api.py
[2025-03-23T08:11:19.510+0000] {processor.py:925} INFO - DAG(s) 'tutorial_taskflow_api' retrieved from /home/airflow/.local/lib/python3.12/site-packages/airflow/example_dags/tutorial_taskflow_api.py
[2025-03-23T08:11:19.535+0000] {logging_mixin.py:190} INFO - [2025-03-23T08:11:19.535+0000] {dag.py:3239} INFO - Sync 1 DAGs
[2025-03-23T08:11:19.565+0000] {logging_mixin.py:190} INFO - [2025-03-23T08:11:19.564+0000] {dag.py:4180} INFO - Setting next_dagrun for tutorial_taskflow_api to None, run_after=None
[2025-03-23T08:11:19.632+0000] {processor.py:208} INFO - Processing /home/airflow/.local/lib/python3.12/site-packages/airflow/example_dags/tutorial_taskflow_api.py took 0.145 seconds
[2025-03-23T08:11:49.808+0000] {processor.py:186} INFO - Started process (PID=690) to work on /home/airflow/.local/lib/python3.12/site-packages/airflow/example_dags/tutorial_taskflow_api.py
[2025-03-23T08:11:49.809+0000] {processor.py:914} INFO - Processing file /home/airflow/.local/lib/python3.12/site-packages/airflow/example_dags/tutorial_taskflow_api.py for tasks to queue
[2025-03-23T08:11:49.814+0000] {logging_mixin.py:190} INFO - [2025-03-23T08:11:49.814+0000] {dagbag.py:588} INFO - Filling up the DagBag from /home/airflow/.local/lib/python3.12/site-packages/airflow/example_dags/tutorial_taskflow_api.py
[2025-03-23T08:11:49.829+0000] {processor.py:925} INFO - DAG(s) 'tutorial_taskflow_api' retrieved from /home/airflow/.local/lib/python3.12/site-packages/airflow/example_dags/tutorial_taskflow_api.py
[2025-03-23T08:11:49.862+0000] {logging_mixin.py:190} INFO - [2025-03-23T08:11:49.862+0000] {dag.py:3239} INFO - Sync 1 DAGs
[2025-03-23T08:11:49.891+0000] {logging_mixin.py:190} INFO - [2025-03-23T08:11:49.890+0000] {dag.py:4180} INFO - Setting next_dagrun for tutorial_taskflow_api to None, run_after=None
[2025-03-23T08:11:49.954+0000] {processor.py:208} INFO - Processing /home/airflow/.local/lib/python3.12/site-packages/airflow/example_dags/tutorial_taskflow_api.py took 0.153 seconds
[2025-03-23T08:12:20.089+0000] {processor.py:186} INFO - Started process (PID=753) to work on /home/airflow/.local/lib/python3.12/site-packages/airflow/example_dags/tutorial_taskflow_api.py
[2025-03-23T08:12:20.090+0000] {processor.py:914} INFO - Processing file /home/airflow/.local/lib/python3.12/site-packages/airflow/example_dags/tutorial_taskflow_api.py for tasks to queue
[2025-03-23T08:12:20.093+0000] {logging_mixin.py:190} INFO - [2025-03-23T08:12:20.093+0000] {dagbag.py:588} INFO - Filling up the DagBag from /home/airflow/.local/lib/python3.12/site-packages/airflow/example_dags/tutorial_taskflow_api.py
[2025-03-23T08:12:20.106+0000] {processor.py:925} INFO - DAG(s) 'tutorial_taskflow_api' retrieved from /home/airflow/.local/lib/python3.12/site-packages/airflow/example_dags/tutorial_taskflow_api.py
[2025-03-23T08:12:20.132+0000] {logging_mixin.py:190} INFO - [2025-03-23T08:12:20.132+0000] {dag.py:3239} INFO - Sync 1 DAGs
[2025-03-23T08:12:20.149+0000] {logging_mixin.py:190} INFO - [2025-03-23T08:12:20.149+0000] {dag.py:4180} INFO - Setting next_dagrun for tutorial_taskflow_api to None, run_after=None
[2025-03-23T08:12:20.207+0000] {processor.py:208} INFO - Processing /home/airflow/.local/lib/python3.12/site-packages/airflow/example_dags/tutorial_taskflow_api.py took 0.124 seconds
[2025-03-23T08:12:50.389+0000] {processor.py:186} INFO - Started process (PID=817) to work on /home/airflow/.local/lib/python3.12/site-packages/airflow/example_dags/tutorial_taskflow_api.py
[2025-03-23T08:12:50.391+0000] {processor.py:914} INFO - Processing file /home/airflow/.local/lib/python3.12/site-packages/airflow/example_dags/tutorial_taskflow_api.py for tasks to queue
[2025-03-23T08:12:50.394+0000] {logging_mixin.py:190} INFO - [2025-03-23T08:12:50.393+0000] {dagbag.py:588} INFO - Filling up the DagBag from /home/airflow/.local/lib/python3.12/site-packages/airflow/example_dags/tutorial_taskflow_api.py
[2025-03-23T08:12:50.403+0000] {processor.py:925} INFO - DAG(s) 'tutorial_taskflow_api' retrieved from /home/airflow/.local/lib/python3.12/site-packages/airflow/example_dags/tutorial_taskflow_api.py
[2025-03-23T08:12:50.428+0000] {logging_mixin.py:190} INFO - [2025-03-23T08:12:50.428+0000] {dag.py:3239} INFO - Sync 1 DAGs
[2025-03-23T08:12:50.446+0000] {logging_mixin.py:190} INFO - [2025-03-23T08:12:50.445+0000] {dag.py:4180} INFO - Setting next_dagrun for tutorial_taskflow_api to None, run_after=None
[2025-03-23T08:12:50.532+0000] {processor.py:208} INFO - Processing /home/airflow/.local/lib/python3.12/site-packages/airflow/example_dags/tutorial_taskflow_api.py took 0.149 seconds
[2025-03-23T08:13:21.230+0000] {processor.py:186} INFO - Started process (PID=882) to work on /home/airflow/.local/lib/python3.12/site-packages/airflow/example_dags/tutorial_taskflow_api.py
[2025-03-23T08:13:21.232+0000] {processor.py:914} INFO - Processing file /home/airflow/.local/lib/python3.12/site-packages/airflow/example_dags/tutorial_taskflow_api.py for tasks to queue
[2025-03-23T08:13:21.236+0000] {logging_mixin.py:190} INFO - [2025-03-23T08:13:21.235+0000] {dagbag.py:588} INFO - Filling up the DagBag from /home/airflow/.local/lib/python3.12/site-packages/airflow/example_dags/tutorial_taskflow_api.py
[2025-03-23T08:13:21.247+0000] {processor.py:925} INFO - DAG(s) 'tutorial_taskflow_api' retrieved from /home/airflow/.local/lib/python3.12/site-packages/airflow/example_dags/tutorial_taskflow_api.py
[2025-03-23T08:13:21.271+0000] {logging_mixin.py:190} INFO - [2025-03-23T08:13:21.271+0000] {dag.py:3239} INFO - Sync 1 DAGs
[2025-03-23T08:13:21.291+0000] {logging_mixin.py:190} INFO - [2025-03-23T08:13:21.290+0000] {dag.py:4180} INFO - Setting next_dagrun for tutorial_taskflow_api to None, run_after=None
[2025-03-23T08:13:21.355+0000] {processor.py:208} INFO - Processing /home/airflow/.local/lib/python3.12/site-packages/airflow/example_dags/tutorial_taskflow_api.py took 0.132 seconds
[2025-03-23T08:13:52.121+0000] {processor.py:186} INFO - Started process (PID=946) to work on /home/airflow/.local/lib/python3.12/site-packages/airflow/example_dags/tutorial_taskflow_api.py
[2025-03-23T08:13:52.123+0000] {processor.py:914} INFO - Processing file /home/airflow/.local/lib/python3.12/site-packages/airflow/example_dags/tutorial_taskflow_api.py for tasks to queue
[2025-03-23T08:13:52.126+0000] {logging_mixin.py:190} INFO - [2025-03-23T08:13:52.126+0000] {dagbag.py:588} INFO - Filling up the DagBag from /home/airflow/.local/lib/python3.12/site-packages/airflow/example_dags/tutorial_taskflow_api.py
[2025-03-23T08:13:52.138+0000] {processor.py:925} INFO - DAG(s) 'tutorial_taskflow_api' retrieved from /home/airflow/.local/lib/python3.12/site-packages/airflow/example_dags/tutorial_taskflow_api.py
[2025-03-23T08:13:52.161+0000] {logging_mixin.py:190} INFO - [2025-03-23T08:13:52.161+0000] {dag.py:3239} INFO - Sync 1 DAGs
[2025-03-23T08:13:52.178+0000] {logging_mixin.py:190} INFO - [2025-03-23T08:13:52.178+0000] {dag.py:4180} INFO - Setting next_dagrun for tutorial_taskflow_api to None, run_after=None
[2025-03-23T08:13:52.236+0000] {processor.py:208} INFO - Processing /home/airflow/.local/lib/python3.12/site-packages/airflow/example_dags/tutorial_taskflow_api.py took 0.124 seconds
[2025-03-23T08:14:22.370+0000] {processor.py:186} INFO - Started process (PID=1010) to work on /home/airflow/.local/lib/python3.12/site-packages/airflow/example_dags/tutorial_taskflow_api.py
[2025-03-23T08:14:22.371+0000] {processor.py:914} INFO - Processing file /home/airflow/.local/lib/python3.12/site-packages/airflow/example_dags/tutorial_taskflow_api.py for tasks to queue
[2025-03-23T08:14:22.374+0000] {logging_mixin.py:190} INFO - [2025-03-23T08:14:22.374+0000] {dagbag.py:588} INFO - Filling up the DagBag from /home/airflow/.local/lib/python3.12/site-packages/airflow/example_dags/tutorial_taskflow_api.py
[2025-03-23T08:14:22.386+0000] {processor.py:925} INFO - DAG(s) 'tutorial_taskflow_api' retrieved from /home/airflow/.local/lib/python3.12/site-packages/airflow/example_dags/tutorial_taskflow_api.py
[2025-03-23T08:14:22.414+0000] {logging_mixin.py:190} INFO - [2025-03-23T08:14:22.414+0000] {dag.py:3239} INFO - Sync 1 DAGs
[2025-03-23T08:14:22.434+0000] {logging_mixin.py:190} INFO - [2025-03-23T08:14:22.433+0000] {dag.py:4180} INFO - Setting next_dagrun for tutorial_taskflow_api to None, run_after=None
[2025-03-23T08:14:22.508+0000] {processor.py:208} INFO - Processing /home/airflow/.local/lib/python3.12/site-packages/airflow/example_dags/tutorial_taskflow_api.py took 0.145 seconds
[2025-03-23T08:14:52.971+0000] {processor.py:186} INFO - Started process (PID=1097) to work on /home/airflow/.local/lib/python3.12/site-packages/airflow/example_dags/tutorial_taskflow_api.py
[2025-03-23T08:14:52.972+0000] {processor.py:914} INFO - Processing file /home/airflow/.local/lib/python3.12/site-packages/airflow/example_dags/tutorial_taskflow_api.py for tasks to queue
[2025-03-23T08:14:52.976+0000] {logging_mixin.py:190} INFO - [2025-03-23T08:14:52.976+0000] {dagbag.py:588} INFO - Filling up the DagBag from /home/airflow/.local/lib/python3.12/site-packages/airflow/example_dags/tutorial_taskflow_api.py
[2025-03-23T08:14:52.990+0000] {processor.py:925} INFO - DAG(s) 'tutorial_taskflow_api' retrieved from /home/airflow/.local/lib/python3.12/site-packages/airflow/example_dags/tutorial_taskflow_api.py
[2025-03-23T08:14:53.020+0000] {logging_mixin.py:190} INFO - [2025-03-23T08:14:53.020+0000] {dag.py:3239} INFO - Sync 1 DAGs
[2025-03-23T08:14:53.043+0000] {logging_mixin.py:190} INFO - [2025-03-23T08:14:53.043+0000] {dag.py:4180} INFO - Setting next_dagrun for tutorial_taskflow_api to None, run_after=None
[2025-03-23T08:14:53.138+0000] {processor.py:208} INFO - Processing /home/airflow/.local/lib/python3.12/site-packages/airflow/example_dags/tutorial_taskflow_api.py took 0.176 seconds
[2025-03-23T08:15:23.729+0000] {processor.py:186} INFO - Started process (PID=1161) to work on /home/airflow/.local/lib/python3.12/site-packages/airflow/example_dags/tutorial_taskflow_api.py
[2025-03-23T08:15:23.731+0000] {processor.py:914} INFO - Processing file /home/airflow/.local/lib/python3.12/site-packages/airflow/example_dags/tutorial_taskflow_api.py for tasks to queue
[2025-03-23T08:15:23.734+0000] {logging_mixin.py:190} INFO - [2025-03-23T08:15:23.733+0000] {dagbag.py:588} INFO - Filling up the DagBag from /home/airflow/.local/lib/python3.12/site-packages/airflow/example_dags/tutorial_taskflow_api.py
[2025-03-23T08:15:23.743+0000] {processor.py:925} INFO - DAG(s) 'tutorial_taskflow_api' retrieved from /home/airflow/.local/lib/python3.12/site-packages/airflow/example_dags/tutorial_taskflow_api.py
[2025-03-23T08:15:23.767+0000] {logging_mixin.py:190} INFO - [2025-03-23T08:15:23.767+0000] {dag.py:3239} INFO - Sync 1 DAGs
[2025-03-23T08:15:23.785+0000] {logging_mixin.py:190} INFO - [2025-03-23T08:15:23.785+0000] {dag.py:4180} INFO - Setting next_dagrun for tutorial_taskflow_api to None, run_after=None
[2025-03-23T08:15:23.862+0000] {processor.py:208} INFO - Processing /home/airflow/.local/lib/python3.12/site-packages/airflow/example_dags/tutorial_taskflow_api.py took 0.145 seconds
[2025-03-23T08:15:54.504+0000] {processor.py:186} INFO - Started process (PID=1225) to work on /home/airflow/.local/lib/python3.12/site-packages/airflow/example_dags/tutorial_taskflow_api.py
[2025-03-23T08:15:54.505+0000] {processor.py:914} INFO - Processing file /home/airflow/.local/lib/python3.12/site-packages/airflow/example_dags/tutorial_taskflow_api.py for tasks to queue
[2025-03-23T08:15:54.508+0000] {logging_mixin.py:190} INFO - [2025-03-23T08:15:54.508+0000] {dagbag.py:588} INFO - Filling up the DagBag from /home/airflow/.local/lib/python3.12/site-packages/airflow/example_dags/tutorial_taskflow_api.py
[2025-03-23T08:15:54.518+0000] {processor.py:925} INFO - DAG(s) 'tutorial_taskflow_api' retrieved from /home/airflow/.local/lib/python3.12/site-packages/airflow/example_dags/tutorial_taskflow_api.py
[2025-03-23T08:15:54.541+0000] {logging_mixin.py:190} INFO - [2025-03-23T08:15:54.541+0000] {dag.py:3239} INFO - Sync 1 DAGs
[2025-03-23T08:15:54.580+0000] {logging_mixin.py:190} INFO - [2025-03-23T08:15:54.580+0000] {dag.py:4180} INFO - Setting next_dagrun for tutorial_taskflow_api to None, run_after=None
[2025-03-23T08:15:54.663+0000] {processor.py:208} INFO - Processing /home/airflow/.local/lib/python3.12/site-packages/airflow/example_dags/tutorial_taskflow_api.py took 0.172 seconds
[2025-03-23T08:16:25.247+0000] {processor.py:186} INFO - Started process (PID=1295) to work on /home/airflow/.local/lib/python3.12/site-packages/airflow/example_dags/tutorial_taskflow_api.py
[2025-03-23T08:16:25.248+0000] {processor.py:914} INFO - Processing file /home/airflow/.local/lib/python3.12/site-packages/airflow/example_dags/tutorial_taskflow_api.py for tasks to queue
[2025-03-23T08:16:25.251+0000] {logging_mixin.py:190} INFO - [2025-03-23T08:16:25.251+0000] {dagbag.py:588} INFO - Filling up the DagBag from /home/airflow/.local/lib/python3.12/site-packages/airflow/example_dags/tutorial_taskflow_api.py
[2025-03-23T08:16:25.265+0000] {processor.py:925} INFO - DAG(s) 'tutorial_taskflow_api' retrieved from /home/airflow/.local/lib/python3.12/site-packages/airflow/example_dags/tutorial_taskflow_api.py
[2025-03-23T08:16:25.293+0000] {logging_mixin.py:190} INFO - [2025-03-23T08:16:25.293+0000] {dag.py:3239} INFO - Sync 1 DAGs
[2025-03-23T08:16:25.311+0000] {logging_mixin.py:190} INFO - [2025-03-23T08:16:25.311+0000] {dag.py:4180} INFO - Setting next_dagrun for tutorial_taskflow_api to None, run_after=None
[2025-03-23T08:16:25.362+0000] {processor.py:208} INFO - Processing /home/airflow/.local/lib/python3.12/site-packages/airflow/example_dags/tutorial_taskflow_api.py took 0.127 seconds
[2025-03-23T08:16:56.020+0000] {processor.py:186} INFO - Started process (PID=1359) to work on /home/airflow/.local/lib/python3.12/site-packages/airflow/example_dags/tutorial_taskflow_api.py
[2025-03-23T08:16:56.021+0000] {processor.py:914} INFO - Processing file /home/airflow/.local/lib/python3.12/site-packages/airflow/example_dags/tutorial_taskflow_api.py for tasks to queue
[2025-03-23T08:16:56.024+0000] {logging_mixin.py:190} INFO - [2025-03-23T08:16:56.023+0000] {dagbag.py:588} INFO - Filling up the DagBag from /home/airflow/.local/lib/python3.12/site-packages/airflow/example_dags/tutorial_taskflow_api.py
[2025-03-23T08:16:56.033+0000] {processor.py:925} INFO - DAG(s) 'tutorial_taskflow_api' retrieved from /home/airflow/.local/lib/python3.12/site-packages/airflow/example_dags/tutorial_taskflow_api.py
[2025-03-23T08:16:56.064+0000] {logging_mixin.py:190} INFO - [2025-03-23T08:16:56.064+0000] {dag.py:3239} INFO - Sync 1 DAGs
[2025-03-23T08:16:56.088+0000] {logging_mixin.py:190} INFO - [2025-03-23T08:16:56.088+0000] {dag.py:4180} INFO - Setting next_dagrun for tutorial_taskflow_api to None, run_after=None
[2025-03-23T08:16:56.141+0000] {processor.py:208} INFO - Processing /home/airflow/.local/lib/python3.12/site-packages/airflow/example_dags/tutorial_taskflow_api.py took 0.132 seconds
[2025-03-23T08:17:27.088+0000] {processor.py:186} INFO - Started process (PID=1423) to work on /home/airflow/.local/lib/python3.12/site-packages/airflow/example_dags/tutorial_taskflow_api.py
[2025-03-23T08:17:27.089+0000] {processor.py:914} INFO - Processing file /home/airflow/.local/lib/python3.12/site-packages/airflow/example_dags/tutorial_taskflow_api.py for tasks to queue
[2025-03-23T08:17:27.092+0000] {logging_mixin.py:190} INFO - [2025-03-23T08:17:27.092+0000] {dagbag.py:588} INFO - Filling up the DagBag from /home/airflow/.local/lib/python3.12/site-packages/airflow/example_dags/tutorial_taskflow_api.py
[2025-03-23T08:17:27.103+0000] {processor.py:925} INFO - DAG(s) 'tutorial_taskflow_api' retrieved from /home/airflow/.local/lib/python3.12/site-packages/airflow/example_dags/tutorial_taskflow_api.py
[2025-03-23T08:17:27.129+0000] {logging_mixin.py:190} INFO - [2025-03-23T08:17:27.129+0000] {dag.py:3239} INFO - Sync 1 DAGs
[2025-03-23T08:17:27.151+0000] {logging_mixin.py:190} INFO - [2025-03-23T08:17:27.151+0000] {dag.py:4180} INFO - Setting next_dagrun for tutorial_taskflow_api to None, run_after=None
[2025-03-23T08:17:27.210+0000] {processor.py:208} INFO - Processing /home/airflow/.local/lib/python3.12/site-packages/airflow/example_dags/tutorial_taskflow_api.py took 0.135 seconds
[2025-03-23T08:17:57.622+0000] {processor.py:186} INFO - Started process (PID=1487) to work on /home/airflow/.local/lib/python3.12/site-packages/airflow/example_dags/tutorial_taskflow_api.py
[2025-03-23T08:17:57.623+0000] {processor.py:914} INFO - Processing file /home/airflow/.local/lib/python3.12/site-packages/airflow/example_dags/tutorial_taskflow_api.py for tasks to queue
[2025-03-23T08:17:57.626+0000] {logging_mixin.py:190} INFO - [2025-03-23T08:17:57.626+0000] {dagbag.py:588} INFO - Filling up the DagBag from /home/airflow/.local/lib/python3.12/site-packages/airflow/example_dags/tutorial_taskflow_api.py
[2025-03-23T08:17:57.636+0000] {processor.py:925} INFO - DAG(s) 'tutorial_taskflow_api' retrieved from /home/airflow/.local/lib/python3.12/site-packages/airflow/example_dags/tutorial_taskflow_api.py
[2025-03-23T08:17:57.665+0000] {logging_mixin.py:190} INFO - [2025-03-23T08:17:57.664+0000] {dag.py:3239} INFO - Sync 1 DAGs
[2025-03-23T08:17:57.690+0000] {logging_mixin.py:190} INFO - [2025-03-23T08:17:57.690+0000] {dag.py:4180} INFO - Setting next_dagrun for tutorial_taskflow_api to None, run_after=None
[2025-03-23T08:17:57.744+0000] {processor.py:208} INFO - Processing /home/airflow/.local/lib/python3.12/site-packages/airflow/example_dags/tutorial_taskflow_api.py took 0.136 seconds
[2025-03-23T08:18:28.578+0000] {processor.py:186} INFO - Started process (PID=1551) to work on /home/airflow/.local/lib/python3.12/site-packages/airflow/example_dags/tutorial_taskflow_api.py
[2025-03-23T08:18:28.580+0000] {processor.py:914} INFO - Processing file /home/airflow/.local/lib/python3.12/site-packages/airflow/example_dags/tutorial_taskflow_api.py for tasks to queue
[2025-03-23T08:18:28.584+0000] {logging_mixin.py:190} INFO - [2025-03-23T08:18:28.583+0000] {dagbag.py:588} INFO - Filling up the DagBag from /home/airflow/.local/lib/python3.12/site-packages/airflow/example_dags/tutorial_taskflow_api.py
[2025-03-23T08:18:28.597+0000] {processor.py:925} INFO - DAG(s) 'tutorial_taskflow_api' retrieved from /home/airflow/.local/lib/python3.12/site-packages/airflow/example_dags/tutorial_taskflow_api.py
[2025-03-23T08:18:28.621+0000] {logging_mixin.py:190} INFO - [2025-03-23T08:18:28.621+0000] {dag.py:3239} INFO - Sync 1 DAGs
[2025-03-23T08:18:28.640+0000] {logging_mixin.py:190} INFO - [2025-03-23T08:18:28.639+0000] {dag.py:4180} INFO - Setting next_dagrun for tutorial_taskflow_api to None, run_after=None
[2025-03-23T08:18:28.699+0000] {processor.py:208} INFO - Processing /home/airflow/.local/lib/python3.12/site-packages/airflow/example_dags/tutorial_taskflow_api.py took 0.135 seconds
[2025-03-23T08:18:59.043+0000] {processor.py:186} INFO - Started process (PID=1615) to work on /home/airflow/.local/lib/python3.12/site-packages/airflow/example_dags/tutorial_taskflow_api.py
[2025-03-23T08:18:59.044+0000] {processor.py:914} INFO - Processing file /home/airflow/.local/lib/python3.12/site-packages/airflow/example_dags/tutorial_taskflow_api.py for tasks to queue
[2025-03-23T08:18:59.048+0000] {logging_mixin.py:190} INFO - [2025-03-23T08:18:59.048+0000] {dagbag.py:588} INFO - Filling up the DagBag from /home/airflow/.local/lib/python3.12/site-packages/airflow/example_dags/tutorial_taskflow_api.py
[2025-03-23T08:18:59.062+0000] {processor.py:925} INFO - DAG(s) 'tutorial_taskflow_api' retrieved from /home/airflow/.local/lib/python3.12/site-packages/airflow/example_dags/tutorial_taskflow_api.py
[2025-03-23T08:18:59.091+0000] {logging_mixin.py:190} INFO - [2025-03-23T08:18:59.090+0000] {dag.py:3239} INFO - Sync 1 DAGs
[2025-03-23T08:18:59.110+0000] {logging_mixin.py:190} INFO - [2025-03-23T08:18:59.110+0000] {dag.py:4180} INFO - Setting next_dagrun for tutorial_taskflow_api to None, run_after=None
[2025-03-23T08:18:59.179+0000] {processor.py:208} INFO - Processing /home/airflow/.local/lib/python3.12/site-packages/airflow/example_dags/tutorial_taskflow_api.py took 0.150 seconds
[2025-03-23T08:19:29.815+0000] {processor.py:186} INFO - Started process (PID=1679) to work on /home/airflow/.local/lib/python3.12/site-packages/airflow/example_dags/tutorial_taskflow_api.py
[2025-03-23T08:19:29.817+0000] {processor.py:914} INFO - Processing file /home/airflow/.local/lib/python3.12/site-packages/airflow/example_dags/tutorial_taskflow_api.py for tasks to queue
[2025-03-23T08:19:29.820+0000] {logging_mixin.py:190} INFO - [2025-03-23T08:19:29.820+0000] {dagbag.py:588} INFO - Filling up the DagBag from /home/airflow/.local/lib/python3.12/site-packages/airflow/example_dags/tutorial_taskflow_api.py
[2025-03-23T08:19:29.832+0000] {processor.py:925} INFO - DAG(s) 'tutorial_taskflow_api' retrieved from /home/airflow/.local/lib/python3.12/site-packages/airflow/example_dags/tutorial_taskflow_api.py
[2025-03-23T08:19:29.863+0000] {logging_mixin.py:190} INFO - [2025-03-23T08:19:29.863+0000] {dag.py:3239} INFO - Sync 1 DAGs
[2025-03-23T08:19:29.884+0000] {logging_mixin.py:190} INFO - [2025-03-23T08:19:29.883+0000] {dag.py:4180} INFO - Setting next_dagrun for tutorial_taskflow_api to None, run_after=None
[2025-03-23T08:19:29.971+0000] {processor.py:208} INFO - Processing /home/airflow/.local/lib/python3.12/site-packages/airflow/example_dags/tutorial_taskflow_api.py took 0.169 seconds
[2025-03-23T08:20:01.099+0000] {processor.py:186} INFO - Started process (PID=1743) to work on /home/airflow/.local/lib/python3.12/site-packages/airflow/example_dags/tutorial_taskflow_api.py
[2025-03-23T08:20:01.101+0000] {processor.py:914} INFO - Processing file /home/airflow/.local/lib/python3.12/site-packages/airflow/example_dags/tutorial_taskflow_api.py for tasks to queue
[2025-03-23T08:20:01.105+0000] {logging_mixin.py:190} INFO - [2025-03-23T08:20:01.104+0000] {dagbag.py:588} INFO - Filling up the DagBag from /home/airflow/.local/lib/python3.12/site-packages/airflow/example_dags/tutorial_taskflow_api.py
[2025-03-23T08:20:01.116+0000] {processor.py:925} INFO - DAG(s) 'tutorial_taskflow_api' retrieved from /home/airflow/.local/lib/python3.12/site-packages/airflow/example_dags/tutorial_taskflow_api.py
[2025-03-23T08:20:01.145+0000] {logging_mixin.py:190} INFO - [2025-03-23T08:20:01.145+0000] {dag.py:3239} INFO - Sync 1 DAGs
[2025-03-23T08:20:01.164+0000] {logging_mixin.py:190} INFO - [2025-03-23T08:20:01.164+0000] {dag.py:4180} INFO - Setting next_dagrun for tutorial_taskflow_api to None, run_after=None
[2025-03-23T08:20:01.224+0000] {processor.py:208} INFO - Processing /home/airflow/.local/lib/python3.12/site-packages/airflow/example_dags/tutorial_taskflow_api.py took 0.139 seconds
[2025-03-23T08:20:31.360+0000] {processor.py:186} INFO - Started process (PID=1807) to work on /home/airflow/.local/lib/python3.12/site-packages/airflow/example_dags/tutorial_taskflow_api.py
[2025-03-23T08:20:31.361+0000] {processor.py:914} INFO - Processing file /home/airflow/.local/lib/python3.12/site-packages/airflow/example_dags/tutorial_taskflow_api.py for tasks to queue
[2025-03-23T08:20:31.364+0000] {logging_mixin.py:190} INFO - [2025-03-23T08:20:31.364+0000] {dagbag.py:588} INFO - Filling up the DagBag from /home/airflow/.local/lib/python3.12/site-packages/airflow/example_dags/tutorial_taskflow_api.py
[2025-03-23T08:20:31.375+0000] {processor.py:925} INFO - DAG(s) 'tutorial_taskflow_api' retrieved from /home/airflow/.local/lib/python3.12/site-packages/airflow/example_dags/tutorial_taskflow_api.py
[2025-03-23T08:20:31.400+0000] {logging_mixin.py:190} INFO - [2025-03-23T08:20:31.400+0000] {dag.py:3239} INFO - Sync 1 DAGs
[2025-03-23T08:20:31.419+0000] {logging_mixin.py:190} INFO - [2025-03-23T08:20:31.419+0000] {dag.py:4180} INFO - Setting next_dagrun for tutorial_taskflow_api to None, run_after=None
[2025-03-23T08:20:31.482+0000] {processor.py:208} INFO - Processing /home/airflow/.local/lib/python3.12/site-packages/airflow/example_dags/tutorial_taskflow_api.py took 0.135 seconds
[2025-03-23T08:25:01.252+0000] {processor.py:186} INFO - Started process (PID=109) to work on /home/airflow/.local/lib/python3.12/site-packages/airflow/example_dags/tutorial_taskflow_api.py
[2025-03-23T08:25:01.380+0000] {processor.py:914} INFO - Processing file /home/airflow/.local/lib/python3.12/site-packages/airflow/example_dags/tutorial_taskflow_api.py for tasks to queue
[2025-03-23T08:25:01.383+0000] {logging_mixin.py:190} INFO - [2025-03-23T08:25:01.382+0000] {dagbag.py:588} INFO - Filling up the DagBag from /home/airflow/.local/lib/python3.12/site-packages/airflow/example_dags/tutorial_taskflow_api.py
[2025-03-23T08:25:01.394+0000] {processor.py:925} INFO - DAG(s) 'tutorial_taskflow_api' retrieved from /home/airflow/.local/lib/python3.12/site-packages/airflow/example_dags/tutorial_taskflow_api.py
[2025-03-23T08:25:01.426+0000] {logging_mixin.py:190} INFO - [2025-03-23T08:25:01.425+0000] {dag.py:3239} INFO - Sync 1 DAGs
[2025-03-23T08:25:01.445+0000] {logging_mixin.py:190} INFO - [2025-03-23T08:25:01.445+0000] {dag.py:4180} INFO - Setting next_dagrun for tutorial_taskflow_api to None, run_after=None
[2025-03-23T08:25:01.802+0000] {processor.py:208} INFO - Processing /home/airflow/.local/lib/python3.12/site-packages/airflow/example_dags/tutorial_taskflow_api.py took 0.557 seconds
[2025-03-23T08:26:37.653+0000] {processor.py:186} INFO - Started process (PID=98) to work on /home/airflow/.local/lib/python3.12/site-packages/airflow/example_dags/tutorial_taskflow_api.py
[2025-03-23T08:26:37.655+0000] {processor.py:914} INFO - Processing file /home/airflow/.local/lib/python3.12/site-packages/airflow/example_dags/tutorial_taskflow_api.py for tasks to queue
[2025-03-23T08:26:37.658+0000] {logging_mixin.py:190} INFO - [2025-03-23T08:26:37.658+0000] {dagbag.py:588} INFO - Filling up the DagBag from /home/airflow/.local/lib/python3.12/site-packages/airflow/example_dags/tutorial_taskflow_api.py
[2025-03-23T08:26:37.672+0000] {processor.py:925} INFO - DAG(s) 'tutorial_taskflow_api' retrieved from /home/airflow/.local/lib/python3.12/site-packages/airflow/example_dags/tutorial_taskflow_api.py
[2025-03-23T08:26:37.711+0000] {logging_mixin.py:190} INFO - [2025-03-23T08:26:37.711+0000] {dag.py:3239} INFO - Sync 1 DAGs
[2025-03-23T08:26:37.731+0000] {logging_mixin.py:190} INFO - [2025-03-23T08:26:37.731+0000] {dag.py:4180} INFO - Setting next_dagrun for tutorial_taskflow_api to None, run_after=None
[2025-03-23T08:26:38.007+0000] {processor.py:208} INFO - Processing /home/airflow/.local/lib/python3.12/site-packages/airflow/example_dags/tutorial_taskflow_api.py took 0.363 seconds
[2025-03-23T08:27:09.177+0000] {processor.py:186} INFO - Started process (PID=162) to work on /home/airflow/.local/lib/python3.12/site-packages/airflow/example_dags/tutorial_taskflow_api.py
[2025-03-23T08:27:09.179+0000] {processor.py:914} INFO - Processing file /home/airflow/.local/lib/python3.12/site-packages/airflow/example_dags/tutorial_taskflow_api.py for tasks to queue
[2025-03-23T08:27:09.183+0000] {logging_mixin.py:190} INFO - [2025-03-23T08:27:09.182+0000] {dagbag.py:588} INFO - Filling up the DagBag from /home/airflow/.local/lib/python3.12/site-packages/airflow/example_dags/tutorial_taskflow_api.py
[2025-03-23T08:27:09.217+0000] {processor.py:925} INFO - DAG(s) 'tutorial_taskflow_api' retrieved from /home/airflow/.local/lib/python3.12/site-packages/airflow/example_dags/tutorial_taskflow_api.py
[2025-03-23T08:27:09.247+0000] {logging_mixin.py:190} INFO - [2025-03-23T08:27:09.247+0000] {dag.py:3239} INFO - Sync 1 DAGs
[2025-03-23T08:27:09.270+0000] {logging_mixin.py:190} INFO - [2025-03-23T08:27:09.269+0000] {dag.py:4180} INFO - Setting next_dagrun for tutorial_taskflow_api to None, run_after=None
[2025-03-23T08:27:09.431+0000] {processor.py:208} INFO - Processing /home/airflow/.local/lib/python3.12/site-packages/airflow/example_dags/tutorial_taskflow_api.py took 0.265 seconds
[2025-03-23T08:27:40.123+0000] {processor.py:186} INFO - Started process (PID=226) to work on /home/airflow/.local/lib/python3.12/site-packages/airflow/example_dags/tutorial_taskflow_api.py
[2025-03-23T08:27:40.130+0000] {processor.py:914} INFO - Processing file /home/airflow/.local/lib/python3.12/site-packages/airflow/example_dags/tutorial_taskflow_api.py for tasks to queue
[2025-03-23T08:27:40.137+0000] {logging_mixin.py:190} INFO - [2025-03-23T08:27:40.137+0000] {dagbag.py:588} INFO - Filling up the DagBag from /home/airflow/.local/lib/python3.12/site-packages/airflow/example_dags/tutorial_taskflow_api.py
[2025-03-23T08:27:40.178+0000] {processor.py:925} INFO - DAG(s) 'tutorial_taskflow_api' retrieved from /home/airflow/.local/lib/python3.12/site-packages/airflow/example_dags/tutorial_taskflow_api.py
[2025-03-23T08:27:40.242+0000] {logging_mixin.py:190} INFO - [2025-03-23T08:27:40.241+0000] {dag.py:3239} INFO - Sync 1 DAGs
[2025-03-23T08:27:40.289+0000] {logging_mixin.py:190} INFO - [2025-03-23T08:27:40.288+0000] {dag.py:4180} INFO - Setting next_dagrun for tutorial_taskflow_api to None, run_after=None
[2025-03-23T08:27:40.457+0000] {processor.py:208} INFO - Processing /home/airflow/.local/lib/python3.12/site-packages/airflow/example_dags/tutorial_taskflow_api.py took 0.349 seconds
[2025-03-23T08:28:10.976+0000] {processor.py:186} INFO - Started process (PID=289) to work on /home/airflow/.local/lib/python3.12/site-packages/airflow/example_dags/tutorial_taskflow_api.py
[2025-03-23T08:28:10.978+0000] {processor.py:914} INFO - Processing file /home/airflow/.local/lib/python3.12/site-packages/airflow/example_dags/tutorial_taskflow_api.py for tasks to queue
[2025-03-23T08:28:10.982+0000] {logging_mixin.py:190} INFO - [2025-03-23T08:28:10.981+0000] {dagbag.py:588} INFO - Filling up the DagBag from /home/airflow/.local/lib/python3.12/site-packages/airflow/example_dags/tutorial_taskflow_api.py
[2025-03-23T08:28:10.995+0000] {processor.py:925} INFO - DAG(s) 'tutorial_taskflow_api' retrieved from /home/airflow/.local/lib/python3.12/site-packages/airflow/example_dags/tutorial_taskflow_api.py
[2025-03-23T08:28:11.028+0000] {logging_mixin.py:190} INFO - [2025-03-23T08:28:11.028+0000] {dag.py:3239} INFO - Sync 1 DAGs
[2025-03-23T08:28:11.051+0000] {logging_mixin.py:190} INFO - [2025-03-23T08:28:11.051+0000] {dag.py:4180} INFO - Setting next_dagrun for tutorial_taskflow_api to None, run_after=None
[2025-03-23T08:28:11.119+0000] {processor.py:208} INFO - Processing /home/airflow/.local/lib/python3.12/site-packages/airflow/example_dags/tutorial_taskflow_api.py took 0.153 seconds
[2025-03-23T08:28:41.182+0000] {processor.py:186} INFO - Started process (PID=352) to work on /home/airflow/.local/lib/python3.12/site-packages/airflow/example_dags/tutorial_taskflow_api.py
[2025-03-23T08:28:41.183+0000] {processor.py:914} INFO - Processing file /home/airflow/.local/lib/python3.12/site-packages/airflow/example_dags/tutorial_taskflow_api.py for tasks to queue
[2025-03-23T08:28:41.186+0000] {logging_mixin.py:190} INFO - [2025-03-23T08:28:41.186+0000] {dagbag.py:588} INFO - Filling up the DagBag from /home/airflow/.local/lib/python3.12/site-packages/airflow/example_dags/tutorial_taskflow_api.py
[2025-03-23T08:28:41.196+0000] {processor.py:925} INFO - DAG(s) 'tutorial_taskflow_api' retrieved from /home/airflow/.local/lib/python3.12/site-packages/airflow/example_dags/tutorial_taskflow_api.py
[2025-03-23T08:28:41.224+0000] {logging_mixin.py:190} INFO - [2025-03-23T08:28:41.223+0000] {dag.py:3239} INFO - Sync 1 DAGs
[2025-03-23T08:28:41.255+0000] {logging_mixin.py:190} INFO - [2025-03-23T08:28:41.255+0000] {dag.py:4180} INFO - Setting next_dagrun for tutorial_taskflow_api to None, run_after=None
[2025-03-23T08:28:41.387+0000] {processor.py:208} INFO - Processing /home/airflow/.local/lib/python3.12/site-packages/airflow/example_dags/tutorial_taskflow_api.py took 0.213 seconds
[2025-03-23T08:29:11.662+0000] {processor.py:186} INFO - Started process (PID=416) to work on /home/airflow/.local/lib/python3.12/site-packages/airflow/example_dags/tutorial_taskflow_api.py
[2025-03-23T08:29:11.664+0000] {processor.py:914} INFO - Processing file /home/airflow/.local/lib/python3.12/site-packages/airflow/example_dags/tutorial_taskflow_api.py for tasks to queue
[2025-03-23T08:29:11.676+0000] {logging_mixin.py:190} INFO - [2025-03-23T08:29:11.676+0000] {dagbag.py:588} INFO - Filling up the DagBag from /home/airflow/.local/lib/python3.12/site-packages/airflow/example_dags/tutorial_taskflow_api.py
[2025-03-23T08:29:11.690+0000] {processor.py:925} INFO - DAG(s) 'tutorial_taskflow_api' retrieved from /home/airflow/.local/lib/python3.12/site-packages/airflow/example_dags/tutorial_taskflow_api.py
[2025-03-23T08:29:11.714+0000] {logging_mixin.py:190} INFO - [2025-03-23T08:29:11.713+0000] {dag.py:3239} INFO - Sync 1 DAGs
[2025-03-23T08:29:11.733+0000] {logging_mixin.py:190} INFO - [2025-03-23T08:29:11.733+0000] {dag.py:4180} INFO - Setting next_dagrun for tutorial_taskflow_api to None, run_after=None
[2025-03-23T08:29:11.799+0000] {processor.py:208} INFO - Processing /home/airflow/.local/lib/python3.12/site-packages/airflow/example_dags/tutorial_taskflow_api.py took 0.146 seconds
[2025-03-23T08:29:42.262+0000] {processor.py:186} INFO - Started process (PID=480) to work on /home/airflow/.local/lib/python3.12/site-packages/airflow/example_dags/tutorial_taskflow_api.py
[2025-03-23T08:29:42.264+0000] {processor.py:914} INFO - Processing file /home/airflow/.local/lib/python3.12/site-packages/airflow/example_dags/tutorial_taskflow_api.py for tasks to queue
[2025-03-23T08:29:42.268+0000] {logging_mixin.py:190} INFO - [2025-03-23T08:29:42.268+0000] {dagbag.py:588} INFO - Filling up the DagBag from /home/airflow/.local/lib/python3.12/site-packages/airflow/example_dags/tutorial_taskflow_api.py
[2025-03-23T08:29:42.291+0000] {processor.py:925} INFO - DAG(s) 'tutorial_taskflow_api' retrieved from /home/airflow/.local/lib/python3.12/site-packages/airflow/example_dags/tutorial_taskflow_api.py
[2025-03-23T08:29:42.334+0000] {logging_mixin.py:190} INFO - [2025-03-23T08:29:42.334+0000] {dag.py:3239} INFO - Sync 1 DAGs
[2025-03-23T08:29:42.357+0000] {logging_mixin.py:190} INFO - [2025-03-23T08:29:42.357+0000] {dag.py:4180} INFO - Setting next_dagrun for tutorial_taskflow_api to None, run_after=None
[2025-03-23T08:29:42.524+0000] {processor.py:208} INFO - Processing /home/airflow/.local/lib/python3.12/site-packages/airflow/example_dags/tutorial_taskflow_api.py took 0.276 seconds
