[2025-03-23T08:07:14.982+0000] {processor.py:186} INFO - Started process (PID=125) to work on /home/airflow/.local/lib/python3.12/site-packages/airflow/example_dags/tutorial_dag.py
[2025-03-23T08:07:14.985+0000] {processor.py:914} INFO - Processing file /home/airflow/.local/lib/python3.12/site-packages/airflow/example_dags/tutorial_dag.py for tasks to queue
[2025-03-23T08:07:14.991+0000] {logging_mixin.py:190} INFO - [2025-03-23T08:07:14.990+0000] {dagbag.py:588} INFO - Filling up the DagBag from /home/airflow/.local/lib/python3.12/site-packages/airflow/example_dags/tutorial_dag.py
[2025-03-23T08:07:15.023+0000] {processor.py:925} INFO - DAG(s) 'tutorial_dag' retrieved from /home/airflow/.local/lib/python3.12/site-packages/airflow/example_dags/tutorial_dag.py
[2025-03-23T08:07:15.391+0000] {logging_mixin.py:190} INFO - [2025-03-23T08:07:15.390+0000] {override.py:1911} INFO - Created Permission View: can edit on DAG:tutorial_dag
[2025-03-23T08:07:15.435+0000] {logging_mixin.py:190} INFO - [2025-03-23T08:07:15.434+0000] {override.py:1911} INFO - Created Permission View: can delete on DAG:tutorial_dag
[2025-03-23T08:07:15.574+0000] {logging_mixin.py:190} INFO - [2025-03-23T08:07:15.574+0000] {override.py:1911} INFO - Created Permission View: can read on DAG:tutorial_dag
[2025-03-23T08:07:15.668+0000] {logging_mixin.py:190} INFO - [2025-03-23T08:07:15.667+0000] {override.py:1911} INFO - Created Permission View: menu access on DAG Run:tutorial_dag
[2025-03-23T08:07:15.723+0000] {logging_mixin.py:190} INFO - [2025-03-23T08:07:15.723+0000] {override.py:1911} INFO - Created Permission View: can create on DAG Run:tutorial_dag
[2025-03-23T08:07:15.768+0000] {logging_mixin.py:190} INFO - [2025-03-23T08:07:15.767+0000] {override.py:1911} INFO - Created Permission View: can read on DAG Run:tutorial_dag
[2025-03-23T08:07:15.812+0000] {logging_mixin.py:190} INFO - [2025-03-23T08:07:15.812+0000] {override.py:1911} INFO - Created Permission View: can delete on DAG Run:tutorial_dag
[2025-03-23T08:07:15.813+0000] {logging_mixin.py:190} INFO - [2025-03-23T08:07:15.813+0000] {dag.py:3239} INFO - Sync 1 DAGs
[2025-03-23T08:07:15.832+0000] {logging_mixin.py:190} INFO - [2025-03-23T08:07:15.832+0000] {dag.py:3262} INFO - Creating ORM DAG for tutorial_dag
[2025-03-23T08:07:15.834+0000] {logging_mixin.py:190} INFO - [2025-03-23T08:07:15.834+0000] {dag.py:4180} INFO - Setting next_dagrun for tutorial_dag to None, run_after=None
[2025-03-23T08:07:15.901+0000] {processor.py:208} INFO - Processing /home/airflow/.local/lib/python3.12/site-packages/airflow/example_dags/tutorial_dag.py took 0.934 seconds
[2025-03-23T08:07:50.107+0000] {processor.py:186} INFO - Started process (PID=189) to work on /home/airflow/.local/lib/python3.12/site-packages/airflow/example_dags/tutorial_dag.py
[2025-03-23T08:07:50.133+0000] {processor.py:914} INFO - Processing file /home/airflow/.local/lib/python3.12/site-packages/airflow/example_dags/tutorial_dag.py for tasks to queue
[2025-03-23T08:07:50.136+0000] {logging_mixin.py:190} INFO - [2025-03-23T08:07:50.135+0000] {dagbag.py:588} INFO - Filling up the DagBag from /home/airflow/.local/lib/python3.12/site-packages/airflow/example_dags/tutorial_dag.py
[2025-03-23T08:07:50.148+0000] {processor.py:925} INFO - DAG(s) 'tutorial_dag' retrieved from /home/airflow/.local/lib/python3.12/site-packages/airflow/example_dags/tutorial_dag.py
[2025-03-23T08:07:50.172+0000] {logging_mixin.py:190} INFO - [2025-03-23T08:07:50.172+0000] {dag.py:3239} INFO - Sync 1 DAGs
[2025-03-23T08:07:50.191+0000] {logging_mixin.py:190} INFO - [2025-03-23T08:07:50.191+0000] {dag.py:4180} INFO - Setting next_dagrun for tutorial_dag to None, run_after=None
[2025-03-23T08:07:50.276+0000] {processor.py:208} INFO - Processing /home/airflow/.local/lib/python3.12/site-packages/airflow/example_dags/tutorial_dag.py took 0.177 seconds
[2025-03-23T08:08:20.610+0000] {processor.py:186} INFO - Started process (PID=253) to work on /home/airflow/.local/lib/python3.12/site-packages/airflow/example_dags/tutorial_dag.py
[2025-03-23T08:08:20.612+0000] {processor.py:914} INFO - Processing file /home/airflow/.local/lib/python3.12/site-packages/airflow/example_dags/tutorial_dag.py for tasks to queue
[2025-03-23T08:08:20.616+0000] {logging_mixin.py:190} INFO - [2025-03-23T08:08:20.615+0000] {dagbag.py:588} INFO - Filling up the DagBag from /home/airflow/.local/lib/python3.12/site-packages/airflow/example_dags/tutorial_dag.py
[2025-03-23T08:08:20.626+0000] {processor.py:925} INFO - DAG(s) 'tutorial_dag' retrieved from /home/airflow/.local/lib/python3.12/site-packages/airflow/example_dags/tutorial_dag.py
[2025-03-23T08:08:20.671+0000] {logging_mixin.py:190} INFO - [2025-03-23T08:08:20.671+0000] {dag.py:3239} INFO - Sync 1 DAGs
[2025-03-23T08:08:20.701+0000] {logging_mixin.py:190} INFO - [2025-03-23T08:08:20.700+0000] {dag.py:4180} INFO - Setting next_dagrun for tutorial_dag to None, run_after=None
[2025-03-23T08:08:20.860+0000] {processor.py:208} INFO - Processing /home/airflow/.local/lib/python3.12/site-packages/airflow/example_dags/tutorial_dag.py took 0.262 seconds
[2025-03-23T08:08:51.046+0000] {processor.py:186} INFO - Started process (PID=316) to work on /home/airflow/.local/lib/python3.12/site-packages/airflow/example_dags/tutorial_dag.py
[2025-03-23T08:08:51.048+0000] {processor.py:914} INFO - Processing file /home/airflow/.local/lib/python3.12/site-packages/airflow/example_dags/tutorial_dag.py for tasks to queue
[2025-03-23T08:08:51.052+0000] {logging_mixin.py:190} INFO - [2025-03-23T08:08:51.051+0000] {dagbag.py:588} INFO - Filling up the DagBag from /home/airflow/.local/lib/python3.12/site-packages/airflow/example_dags/tutorial_dag.py
[2025-03-23T08:08:51.061+0000] {processor.py:925} INFO - DAG(s) 'tutorial_dag' retrieved from /home/airflow/.local/lib/python3.12/site-packages/airflow/example_dags/tutorial_dag.py
[2025-03-23T08:08:51.088+0000] {logging_mixin.py:190} INFO - [2025-03-23T08:08:51.087+0000] {dag.py:3239} INFO - Sync 1 DAGs
[2025-03-23T08:08:51.112+0000] {logging_mixin.py:190} INFO - [2025-03-23T08:08:51.112+0000] {dag.py:4180} INFO - Setting next_dagrun for tutorial_dag to None, run_after=None
[2025-03-23T08:08:51.192+0000] {processor.py:208} INFO - Processing /home/airflow/.local/lib/python3.12/site-packages/airflow/example_dags/tutorial_dag.py took 0.155 seconds
[2025-03-23T08:09:21.921+0000] {processor.py:186} INFO - Started process (PID=379) to work on /home/airflow/.local/lib/python3.12/site-packages/airflow/example_dags/tutorial_dag.py
[2025-03-23T08:09:21.923+0000] {processor.py:914} INFO - Processing file /home/airflow/.local/lib/python3.12/site-packages/airflow/example_dags/tutorial_dag.py for tasks to queue
[2025-03-23T08:09:21.926+0000] {logging_mixin.py:190} INFO - [2025-03-23T08:09:21.925+0000] {dagbag.py:588} INFO - Filling up the DagBag from /home/airflow/.local/lib/python3.12/site-packages/airflow/example_dags/tutorial_dag.py
[2025-03-23T08:09:21.936+0000] {processor.py:925} INFO - DAG(s) 'tutorial_dag' retrieved from /home/airflow/.local/lib/python3.12/site-packages/airflow/example_dags/tutorial_dag.py
[2025-03-23T08:09:21.964+0000] {logging_mixin.py:190} INFO - [2025-03-23T08:09:21.964+0000] {dag.py:3239} INFO - Sync 1 DAGs
[2025-03-23T08:09:21.987+0000] {logging_mixin.py:190} INFO - [2025-03-23T08:09:21.987+0000] {dag.py:4180} INFO - Setting next_dagrun for tutorial_dag to None, run_after=None
[2025-03-23T08:09:22.224+0000] {processor.py:208} INFO - Processing /home/airflow/.local/lib/python3.12/site-packages/airflow/example_dags/tutorial_dag.py took 0.310 seconds
[2025-03-23T08:09:52.847+0000] {processor.py:186} INFO - Started process (PID=443) to work on /home/airflow/.local/lib/python3.12/site-packages/airflow/example_dags/tutorial_dag.py
[2025-03-23T08:09:52.848+0000] {processor.py:914} INFO - Processing file /home/airflow/.local/lib/python3.12/site-packages/airflow/example_dags/tutorial_dag.py for tasks to queue
[2025-03-23T08:09:52.853+0000] {logging_mixin.py:190} INFO - [2025-03-23T08:09:52.853+0000] {dagbag.py:588} INFO - Filling up the DagBag from /home/airflow/.local/lib/python3.12/site-packages/airflow/example_dags/tutorial_dag.py
[2025-03-23T08:09:52.862+0000] {processor.py:925} INFO - DAG(s) 'tutorial_dag' retrieved from /home/airflow/.local/lib/python3.12/site-packages/airflow/example_dags/tutorial_dag.py
[2025-03-23T08:09:52.901+0000] {logging_mixin.py:190} INFO - [2025-03-23T08:09:52.900+0000] {dag.py:3239} INFO - Sync 1 DAGs
[2025-03-23T08:09:52.935+0000] {logging_mixin.py:190} INFO - [2025-03-23T08:09:52.934+0000] {dag.py:4180} INFO - Setting next_dagrun for tutorial_dag to None, run_after=None
[2025-03-23T08:09:53.120+0000] {processor.py:208} INFO - Processing /home/airflow/.local/lib/python3.12/site-packages/airflow/example_dags/tutorial_dag.py took 0.281 seconds
[2025-03-23T08:10:23.354+0000] {processor.py:186} INFO - Started process (PID=506) to work on /home/airflow/.local/lib/python3.12/site-packages/airflow/example_dags/tutorial_dag.py
[2025-03-23T08:10:23.356+0000] {processor.py:914} INFO - Processing file /home/airflow/.local/lib/python3.12/site-packages/airflow/example_dags/tutorial_dag.py for tasks to queue
[2025-03-23T08:10:23.359+0000] {logging_mixin.py:190} INFO - [2025-03-23T08:10:23.359+0000] {dagbag.py:588} INFO - Filling up the DagBag from /home/airflow/.local/lib/python3.12/site-packages/airflow/example_dags/tutorial_dag.py
[2025-03-23T08:10:23.369+0000] {processor.py:925} INFO - DAG(s) 'tutorial_dag' retrieved from /home/airflow/.local/lib/python3.12/site-packages/airflow/example_dags/tutorial_dag.py
[2025-03-23T08:10:23.397+0000] {logging_mixin.py:190} INFO - [2025-03-23T08:10:23.396+0000] {dag.py:3239} INFO - Sync 1 DAGs
[2025-03-23T08:10:23.415+0000] {logging_mixin.py:190} INFO - [2025-03-23T08:10:23.415+0000] {dag.py:4180} INFO - Setting next_dagrun for tutorial_dag to None, run_after=None
[2025-03-23T08:10:23.471+0000] {processor.py:208} INFO - Processing /home/airflow/.local/lib/python3.12/site-packages/airflow/example_dags/tutorial_dag.py took 0.125 seconds
[2025-03-23T08:10:54.112+0000] {processor.py:186} INFO - Started process (PID=576) to work on /home/airflow/.local/lib/python3.12/site-packages/airflow/example_dags/tutorial_dag.py
[2025-03-23T08:10:54.114+0000] {processor.py:914} INFO - Processing file /home/airflow/.local/lib/python3.12/site-packages/airflow/example_dags/tutorial_dag.py for tasks to queue
[2025-03-23T08:10:54.119+0000] {logging_mixin.py:190} INFO - [2025-03-23T08:10:54.119+0000] {dagbag.py:588} INFO - Filling up the DagBag from /home/airflow/.local/lib/python3.12/site-packages/airflow/example_dags/tutorial_dag.py
[2025-03-23T08:10:54.133+0000] {processor.py:925} INFO - DAG(s) 'tutorial_dag' retrieved from /home/airflow/.local/lib/python3.12/site-packages/airflow/example_dags/tutorial_dag.py
[2025-03-23T08:10:54.158+0000] {logging_mixin.py:190} INFO - [2025-03-23T08:10:54.158+0000] {dag.py:3239} INFO - Sync 1 DAGs
[2025-03-23T08:10:54.184+0000] {logging_mixin.py:190} INFO - [2025-03-23T08:10:54.184+0000] {dag.py:4180} INFO - Setting next_dagrun for tutorial_dag to None, run_after=None
[2025-03-23T08:10:54.252+0000] {processor.py:208} INFO - Processing /home/airflow/.local/lib/python3.12/site-packages/airflow/example_dags/tutorial_dag.py took 0.150 seconds
[2025-03-23T08:11:24.643+0000] {processor.py:186} INFO - Started process (PID=640) to work on /home/airflow/.local/lib/python3.12/site-packages/airflow/example_dags/tutorial_dag.py
[2025-03-23T08:11:24.645+0000] {processor.py:914} INFO - Processing file /home/airflow/.local/lib/python3.12/site-packages/airflow/example_dags/tutorial_dag.py for tasks to queue
[2025-03-23T08:11:24.652+0000] {logging_mixin.py:190} INFO - [2025-03-23T08:11:24.651+0000] {dagbag.py:588} INFO - Filling up the DagBag from /home/airflow/.local/lib/python3.12/site-packages/airflow/example_dags/tutorial_dag.py
[2025-03-23T08:11:24.713+0000] {processor.py:925} INFO - DAG(s) 'tutorial_dag' retrieved from /home/airflow/.local/lib/python3.12/site-packages/airflow/example_dags/tutorial_dag.py
[2025-03-23T08:11:24.747+0000] {logging_mixin.py:190} INFO - [2025-03-23T08:11:24.746+0000] {dag.py:3239} INFO - Sync 1 DAGs
[2025-03-23T08:11:24.771+0000] {logging_mixin.py:190} INFO - [2025-03-23T08:11:24.771+0000] {dag.py:4180} INFO - Setting next_dagrun for tutorial_dag to None, run_after=None
[2025-03-23T08:11:24.835+0000] {processor.py:208} INFO - Processing /home/airflow/.local/lib/python3.12/site-packages/airflow/example_dags/tutorial_dag.py took 0.208 seconds
[2025-03-23T08:11:54.959+0000] {processor.py:186} INFO - Started process (PID=704) to work on /home/airflow/.local/lib/python3.12/site-packages/airflow/example_dags/tutorial_dag.py
[2025-03-23T08:11:54.961+0000] {processor.py:914} INFO - Processing file /home/airflow/.local/lib/python3.12/site-packages/airflow/example_dags/tutorial_dag.py for tasks to queue
[2025-03-23T08:11:54.965+0000] {logging_mixin.py:190} INFO - [2025-03-23T08:11:54.964+0000] {dagbag.py:588} INFO - Filling up the DagBag from /home/airflow/.local/lib/python3.12/site-packages/airflow/example_dags/tutorial_dag.py
[2025-03-23T08:11:54.977+0000] {processor.py:925} INFO - DAG(s) 'tutorial_dag' retrieved from /home/airflow/.local/lib/python3.12/site-packages/airflow/example_dags/tutorial_dag.py
[2025-03-23T08:11:55.006+0000] {logging_mixin.py:190} INFO - [2025-03-23T08:11:55.006+0000] {dag.py:3239} INFO - Sync 1 DAGs
[2025-03-23T08:11:55.026+0000] {logging_mixin.py:190} INFO - [2025-03-23T08:11:55.026+0000] {dag.py:4180} INFO - Setting next_dagrun for tutorial_dag to None, run_after=None
[2025-03-23T08:11:55.094+0000] {processor.py:208} INFO - Processing /home/airflow/.local/lib/python3.12/site-packages/airflow/example_dags/tutorial_dag.py took 0.145 seconds
[2025-03-23T08:12:25.303+0000] {processor.py:186} INFO - Started process (PID=768) to work on /home/airflow/.local/lib/python3.12/site-packages/airflow/example_dags/tutorial_dag.py
[2025-03-23T08:12:25.304+0000] {processor.py:914} INFO - Processing file /home/airflow/.local/lib/python3.12/site-packages/airflow/example_dags/tutorial_dag.py for tasks to queue
[2025-03-23T08:12:25.308+0000] {logging_mixin.py:190} INFO - [2025-03-23T08:12:25.307+0000] {dagbag.py:588} INFO - Filling up the DagBag from /home/airflow/.local/lib/python3.12/site-packages/airflow/example_dags/tutorial_dag.py
[2025-03-23T08:12:25.322+0000] {processor.py:925} INFO - DAG(s) 'tutorial_dag' retrieved from /home/airflow/.local/lib/python3.12/site-packages/airflow/example_dags/tutorial_dag.py
[2025-03-23T08:12:25.354+0000] {logging_mixin.py:190} INFO - [2025-03-23T08:12:25.353+0000] {dag.py:3239} INFO - Sync 1 DAGs
[2025-03-23T08:12:25.372+0000] {logging_mixin.py:190} INFO - [2025-03-23T08:12:25.371+0000] {dag.py:4180} INFO - Setting next_dagrun for tutorial_dag to None, run_after=None
[2025-03-23T08:12:25.487+0000] {processor.py:208} INFO - Processing /home/airflow/.local/lib/python3.12/site-packages/airflow/example_dags/tutorial_dag.py took 0.195 seconds
[2025-03-23T08:12:55.643+0000] {processor.py:186} INFO - Started process (PID=832) to work on /home/airflow/.local/lib/python3.12/site-packages/airflow/example_dags/tutorial_dag.py
[2025-03-23T08:12:55.645+0000] {processor.py:914} INFO - Processing file /home/airflow/.local/lib/python3.12/site-packages/airflow/example_dags/tutorial_dag.py for tasks to queue
[2025-03-23T08:12:55.649+0000] {logging_mixin.py:190} INFO - [2025-03-23T08:12:55.648+0000] {dagbag.py:588} INFO - Filling up the DagBag from /home/airflow/.local/lib/python3.12/site-packages/airflow/example_dags/tutorial_dag.py
[2025-03-23T08:12:55.657+0000] {processor.py:925} INFO - DAG(s) 'tutorial_dag' retrieved from /home/airflow/.local/lib/python3.12/site-packages/airflow/example_dags/tutorial_dag.py
[2025-03-23T08:12:55.683+0000] {logging_mixin.py:190} INFO - [2025-03-23T08:12:55.683+0000] {dag.py:3239} INFO - Sync 1 DAGs
[2025-03-23T08:12:55.700+0000] {logging_mixin.py:190} INFO - [2025-03-23T08:12:55.700+0000] {dag.py:4180} INFO - Setting next_dagrun for tutorial_dag to None, run_after=None
[2025-03-23T08:12:55.753+0000] {processor.py:208} INFO - Processing /home/airflow/.local/lib/python3.12/site-packages/airflow/example_dags/tutorial_dag.py took 0.117 seconds
[2025-03-23T08:13:25.999+0000] {processor.py:186} INFO - Started process (PID=896) to work on /home/airflow/.local/lib/python3.12/site-packages/airflow/example_dags/tutorial_dag.py
[2025-03-23T08:13:26.000+0000] {processor.py:914} INFO - Processing file /home/airflow/.local/lib/python3.12/site-packages/airflow/example_dags/tutorial_dag.py for tasks to queue
[2025-03-23T08:13:26.003+0000] {logging_mixin.py:190} INFO - [2025-03-23T08:13:26.003+0000] {dagbag.py:588} INFO - Filling up the DagBag from /home/airflow/.local/lib/python3.12/site-packages/airflow/example_dags/tutorial_dag.py
[2025-03-23T08:13:26.013+0000] {processor.py:925} INFO - DAG(s) 'tutorial_dag' retrieved from /home/airflow/.local/lib/python3.12/site-packages/airflow/example_dags/tutorial_dag.py
[2025-03-23T08:13:26.036+0000] {logging_mixin.py:190} INFO - [2025-03-23T08:13:26.036+0000] {dag.py:3239} INFO - Sync 1 DAGs
[2025-03-23T08:13:26.055+0000] {logging_mixin.py:190} INFO - [2025-03-23T08:13:26.055+0000] {dag.py:4180} INFO - Setting next_dagrun for tutorial_dag to None, run_after=None
[2025-03-23T08:13:26.109+0000] {processor.py:208} INFO - Processing /home/airflow/.local/lib/python3.12/site-packages/airflow/example_dags/tutorial_dag.py took 0.119 seconds
[2025-03-23T08:13:56.811+0000] {processor.py:186} INFO - Started process (PID=960) to work on /home/airflow/.local/lib/python3.12/site-packages/airflow/example_dags/tutorial_dag.py
[2025-03-23T08:13:56.812+0000] {processor.py:914} INFO - Processing file /home/airflow/.local/lib/python3.12/site-packages/airflow/example_dags/tutorial_dag.py for tasks to queue
[2025-03-23T08:13:56.815+0000] {logging_mixin.py:190} INFO - [2025-03-23T08:13:56.815+0000] {dagbag.py:588} INFO - Filling up the DagBag from /home/airflow/.local/lib/python3.12/site-packages/airflow/example_dags/tutorial_dag.py
[2025-03-23T08:13:56.827+0000] {processor.py:925} INFO - DAG(s) 'tutorial_dag' retrieved from /home/airflow/.local/lib/python3.12/site-packages/airflow/example_dags/tutorial_dag.py
[2025-03-23T08:13:56.854+0000] {logging_mixin.py:190} INFO - [2025-03-23T08:13:56.854+0000] {dag.py:3239} INFO - Sync 1 DAGs
[2025-03-23T08:13:56.871+0000] {logging_mixin.py:190} INFO - [2025-03-23T08:13:56.871+0000] {dag.py:4180} INFO - Setting next_dagrun for tutorial_dag to None, run_after=None
[2025-03-23T08:13:56.934+0000] {processor.py:208} INFO - Processing /home/airflow/.local/lib/python3.12/site-packages/airflow/example_dags/tutorial_dag.py took 0.131 seconds
[2025-03-23T08:14:27.316+0000] {processor.py:186} INFO - Started process (PID=1031) to work on /home/airflow/.local/lib/python3.12/site-packages/airflow/example_dags/tutorial_dag.py
[2025-03-23T08:14:27.317+0000] {processor.py:914} INFO - Processing file /home/airflow/.local/lib/python3.12/site-packages/airflow/example_dags/tutorial_dag.py for tasks to queue
[2025-03-23T08:14:27.320+0000] {logging_mixin.py:190} INFO - [2025-03-23T08:14:27.320+0000] {dagbag.py:588} INFO - Filling up the DagBag from /home/airflow/.local/lib/python3.12/site-packages/airflow/example_dags/tutorial_dag.py
[2025-03-23T08:14:27.331+0000] {processor.py:925} INFO - DAG(s) 'tutorial_dag' retrieved from /home/airflow/.local/lib/python3.12/site-packages/airflow/example_dags/tutorial_dag.py
[2025-03-23T08:14:27.358+0000] {logging_mixin.py:190} INFO - [2025-03-23T08:14:27.358+0000] {dag.py:3239} INFO - Sync 1 DAGs
[2025-03-23T08:14:27.376+0000] {logging_mixin.py:190} INFO - [2025-03-23T08:14:27.375+0000] {dag.py:4180} INFO - Setting next_dagrun for tutorial_dag to None, run_after=None
[2025-03-23T08:14:27.468+0000] {processor.py:208} INFO - Processing /home/airflow/.local/lib/python3.12/site-packages/airflow/example_dags/tutorial_dag.py took 0.159 seconds
[2025-03-23T08:14:58.318+0000] {processor.py:186} INFO - Started process (PID=1113) to work on /home/airflow/.local/lib/python3.12/site-packages/airflow/example_dags/tutorial_dag.py
[2025-03-23T08:14:58.319+0000] {processor.py:914} INFO - Processing file /home/airflow/.local/lib/python3.12/site-packages/airflow/example_dags/tutorial_dag.py for tasks to queue
[2025-03-23T08:14:58.323+0000] {logging_mixin.py:190} INFO - [2025-03-23T08:14:58.322+0000] {dagbag.py:588} INFO - Filling up the DagBag from /home/airflow/.local/lib/python3.12/site-packages/airflow/example_dags/tutorial_dag.py
[2025-03-23T08:14:58.332+0000] {processor.py:925} INFO - DAG(s) 'tutorial_dag' retrieved from /home/airflow/.local/lib/python3.12/site-packages/airflow/example_dags/tutorial_dag.py
[2025-03-23T08:14:58.356+0000] {logging_mixin.py:190} INFO - [2025-03-23T08:14:58.355+0000] {dag.py:3239} INFO - Sync 1 DAGs
[2025-03-23T08:14:58.373+0000] {logging_mixin.py:190} INFO - [2025-03-23T08:14:58.373+0000] {dag.py:4180} INFO - Setting next_dagrun for tutorial_dag to None, run_after=None
[2025-03-23T08:14:58.571+0000] {processor.py:208} INFO - Processing /home/airflow/.local/lib/python3.12/site-packages/airflow/example_dags/tutorial_dag.py took 0.262 seconds
[2025-03-23T08:15:28.966+0000] {processor.py:186} INFO - Started process (PID=1177) to work on /home/airflow/.local/lib/python3.12/site-packages/airflow/example_dags/tutorial_dag.py
[2025-03-23T08:15:28.967+0000] {processor.py:914} INFO - Processing file /home/airflow/.local/lib/python3.12/site-packages/airflow/example_dags/tutorial_dag.py for tasks to queue
[2025-03-23T08:15:28.971+0000] {logging_mixin.py:190} INFO - [2025-03-23T08:15:28.971+0000] {dagbag.py:588} INFO - Filling up the DagBag from /home/airflow/.local/lib/python3.12/site-packages/airflow/example_dags/tutorial_dag.py
[2025-03-23T08:15:28.980+0000] {processor.py:925} INFO - DAG(s) 'tutorial_dag' retrieved from /home/airflow/.local/lib/python3.12/site-packages/airflow/example_dags/tutorial_dag.py
[2025-03-23T08:15:29.007+0000] {logging_mixin.py:190} INFO - [2025-03-23T08:15:29.006+0000] {dag.py:3239} INFO - Sync 1 DAGs
[2025-03-23T08:15:29.053+0000] {logging_mixin.py:190} INFO - [2025-03-23T08:15:29.052+0000] {dag.py:4180} INFO - Setting next_dagrun for tutorial_dag to None, run_after=None
[2025-03-23T08:15:29.185+0000] {processor.py:208} INFO - Processing /home/airflow/.local/lib/python3.12/site-packages/airflow/example_dags/tutorial_dag.py took 0.232 seconds
[2025-03-23T08:15:59.853+0000] {processor.py:186} INFO - Started process (PID=1241) to work on /home/airflow/.local/lib/python3.12/site-packages/airflow/example_dags/tutorial_dag.py
[2025-03-23T08:15:59.855+0000] {processor.py:914} INFO - Processing file /home/airflow/.local/lib/python3.12/site-packages/airflow/example_dags/tutorial_dag.py for tasks to queue
[2025-03-23T08:15:59.861+0000] {logging_mixin.py:190} INFO - [2025-03-23T08:15:59.860+0000] {dagbag.py:588} INFO - Filling up the DagBag from /home/airflow/.local/lib/python3.12/site-packages/airflow/example_dags/tutorial_dag.py
[2025-03-23T08:15:59.875+0000] {processor.py:925} INFO - DAG(s) 'tutorial_dag' retrieved from /home/airflow/.local/lib/python3.12/site-packages/airflow/example_dags/tutorial_dag.py
[2025-03-23T08:15:59.914+0000] {logging_mixin.py:190} INFO - [2025-03-23T08:15:59.914+0000] {dag.py:3239} INFO - Sync 1 DAGs
[2025-03-23T08:15:59.972+0000] {logging_mixin.py:190} INFO - [2025-03-23T08:15:59.972+0000] {dag.py:4180} INFO - Setting next_dagrun for tutorial_dag to None, run_after=None
[2025-03-23T08:16:00.110+0000] {processor.py:208} INFO - Processing /home/airflow/.local/lib/python3.12/site-packages/airflow/example_dags/tutorial_dag.py took 0.277 seconds
[2025-03-23T08:16:30.923+0000] {processor.py:186} INFO - Started process (PID=1304) to work on /home/airflow/.local/lib/python3.12/site-packages/airflow/example_dags/tutorial_dag.py
[2025-03-23T08:16:30.925+0000] {processor.py:914} INFO - Processing file /home/airflow/.local/lib/python3.12/site-packages/airflow/example_dags/tutorial_dag.py for tasks to queue
[2025-03-23T08:16:30.929+0000] {logging_mixin.py:190} INFO - [2025-03-23T08:16:30.929+0000] {dagbag.py:588} INFO - Filling up the DagBag from /home/airflow/.local/lib/python3.12/site-packages/airflow/example_dags/tutorial_dag.py
[2025-03-23T08:16:30.940+0000] {processor.py:925} INFO - DAG(s) 'tutorial_dag' retrieved from /home/airflow/.local/lib/python3.12/site-packages/airflow/example_dags/tutorial_dag.py
[2025-03-23T08:16:30.973+0000] {logging_mixin.py:190} INFO - [2025-03-23T08:16:30.973+0000] {dag.py:3239} INFO - Sync 1 DAGs
[2025-03-23T08:16:30.992+0000] {logging_mixin.py:190} INFO - [2025-03-23T08:16:30.992+0000] {dag.py:4180} INFO - Setting next_dagrun for tutorial_dag to None, run_after=None
[2025-03-23T08:16:31.050+0000] {processor.py:208} INFO - Processing /home/airflow/.local/lib/python3.12/site-packages/airflow/example_dags/tutorial_dag.py took 0.141 seconds
[2025-03-23T08:17:01.492+0000] {processor.py:186} INFO - Started process (PID=1368) to work on /home/airflow/.local/lib/python3.12/site-packages/airflow/example_dags/tutorial_dag.py
[2025-03-23T08:17:01.493+0000] {processor.py:914} INFO - Processing file /home/airflow/.local/lib/python3.12/site-packages/airflow/example_dags/tutorial_dag.py for tasks to queue
[2025-03-23T08:17:01.496+0000] {logging_mixin.py:190} INFO - [2025-03-23T08:17:01.495+0000] {dagbag.py:588} INFO - Filling up the DagBag from /home/airflow/.local/lib/python3.12/site-packages/airflow/example_dags/tutorial_dag.py
[2025-03-23T08:17:01.505+0000] {processor.py:925} INFO - DAG(s) 'tutorial_dag' retrieved from /home/airflow/.local/lib/python3.12/site-packages/airflow/example_dags/tutorial_dag.py
[2025-03-23T08:17:01.533+0000] {logging_mixin.py:190} INFO - [2025-03-23T08:17:01.533+0000] {dag.py:3239} INFO - Sync 1 DAGs
[2025-03-23T08:17:01.555+0000] {logging_mixin.py:190} INFO - [2025-03-23T08:17:01.554+0000] {dag.py:4180} INFO - Setting next_dagrun for tutorial_dag to None, run_after=None
[2025-03-23T08:17:01.607+0000] {processor.py:208} INFO - Processing /home/airflow/.local/lib/python3.12/site-packages/airflow/example_dags/tutorial_dag.py took 0.129 seconds
[2025-03-23T08:17:31.975+0000] {processor.py:186} INFO - Started process (PID=1432) to work on /home/airflow/.local/lib/python3.12/site-packages/airflow/example_dags/tutorial_dag.py
[2025-03-23T08:17:31.976+0000] {processor.py:914} INFO - Processing file /home/airflow/.local/lib/python3.12/site-packages/airflow/example_dags/tutorial_dag.py for tasks to queue
[2025-03-23T08:17:31.979+0000] {logging_mixin.py:190} INFO - [2025-03-23T08:17:31.979+0000] {dagbag.py:588} INFO - Filling up the DagBag from /home/airflow/.local/lib/python3.12/site-packages/airflow/example_dags/tutorial_dag.py
[2025-03-23T08:17:31.988+0000] {processor.py:925} INFO - DAG(s) 'tutorial_dag' retrieved from /home/airflow/.local/lib/python3.12/site-packages/airflow/example_dags/tutorial_dag.py
[2025-03-23T08:17:32.015+0000] {logging_mixin.py:190} INFO - [2025-03-23T08:17:32.015+0000] {dag.py:3239} INFO - Sync 1 DAGs
[2025-03-23T08:17:32.036+0000] {logging_mixin.py:190} INFO - [2025-03-23T08:17:32.036+0000] {dag.py:4180} INFO - Setting next_dagrun for tutorial_dag to None, run_after=None
[2025-03-23T08:17:32.086+0000] {processor.py:208} INFO - Processing /home/airflow/.local/lib/python3.12/site-packages/airflow/example_dags/tutorial_dag.py took 0.130 seconds
[2025-03-23T08:18:02.695+0000] {processor.py:186} INFO - Started process (PID=1496) to work on /home/airflow/.local/lib/python3.12/site-packages/airflow/example_dags/tutorial_dag.py
[2025-03-23T08:18:02.696+0000] {processor.py:914} INFO - Processing file /home/airflow/.local/lib/python3.12/site-packages/airflow/example_dags/tutorial_dag.py for tasks to queue
[2025-03-23T08:18:02.699+0000] {logging_mixin.py:190} INFO - [2025-03-23T08:18:02.699+0000] {dagbag.py:588} INFO - Filling up the DagBag from /home/airflow/.local/lib/python3.12/site-packages/airflow/example_dags/tutorial_dag.py
[2025-03-23T08:18:02.711+0000] {processor.py:925} INFO - DAG(s) 'tutorial_dag' retrieved from /home/airflow/.local/lib/python3.12/site-packages/airflow/example_dags/tutorial_dag.py
[2025-03-23T08:18:02.737+0000] {logging_mixin.py:190} INFO - [2025-03-23T08:18:02.737+0000] {dag.py:3239} INFO - Sync 1 DAGs
[2025-03-23T08:18:02.755+0000] {logging_mixin.py:190} INFO - [2025-03-23T08:18:02.755+0000] {dag.py:4180} INFO - Setting next_dagrun for tutorial_dag to None, run_after=None
[2025-03-23T08:18:02.796+0000] {processor.py:208} INFO - Processing /home/airflow/.local/lib/python3.12/site-packages/airflow/example_dags/tutorial_dag.py took 0.118 seconds
[2025-03-23T08:18:33.439+0000] {processor.py:186} INFO - Started process (PID=1560) to work on /home/airflow/.local/lib/python3.12/site-packages/airflow/example_dags/tutorial_dag.py
[2025-03-23T08:18:33.440+0000] {processor.py:914} INFO - Processing file /home/airflow/.local/lib/python3.12/site-packages/airflow/example_dags/tutorial_dag.py for tasks to queue
[2025-03-23T08:18:33.443+0000] {logging_mixin.py:190} INFO - [2025-03-23T08:18:33.443+0000] {dagbag.py:588} INFO - Filling up the DagBag from /home/airflow/.local/lib/python3.12/site-packages/airflow/example_dags/tutorial_dag.py
[2025-03-23T08:18:33.454+0000] {processor.py:925} INFO - DAG(s) 'tutorial_dag' retrieved from /home/airflow/.local/lib/python3.12/site-packages/airflow/example_dags/tutorial_dag.py
[2025-03-23T08:18:33.476+0000] {logging_mixin.py:190} INFO - [2025-03-23T08:18:33.476+0000] {dag.py:3239} INFO - Sync 1 DAGs
[2025-03-23T08:18:33.496+0000] {logging_mixin.py:190} INFO - [2025-03-23T08:18:33.495+0000] {dag.py:4180} INFO - Setting next_dagrun for tutorial_dag to None, run_after=None
[2025-03-23T08:18:33.554+0000] {processor.py:208} INFO - Processing /home/airflow/.local/lib/python3.12/site-packages/airflow/example_dags/tutorial_dag.py took 0.126 seconds
[2025-03-23T08:19:04.026+0000] {processor.py:186} INFO - Started process (PID=1623) to work on /home/airflow/.local/lib/python3.12/site-packages/airflow/example_dags/tutorial_dag.py
[2025-03-23T08:19:04.027+0000] {processor.py:914} INFO - Processing file /home/airflow/.local/lib/python3.12/site-packages/airflow/example_dags/tutorial_dag.py for tasks to queue
[2025-03-23T08:19:04.030+0000] {logging_mixin.py:190} INFO - [2025-03-23T08:19:04.030+0000] {dagbag.py:588} INFO - Filling up the DagBag from /home/airflow/.local/lib/python3.12/site-packages/airflow/example_dags/tutorial_dag.py
[2025-03-23T08:19:04.041+0000] {processor.py:925} INFO - DAG(s) 'tutorial_dag' retrieved from /home/airflow/.local/lib/python3.12/site-packages/airflow/example_dags/tutorial_dag.py
[2025-03-23T08:19:04.068+0000] {logging_mixin.py:190} INFO - [2025-03-23T08:19:04.067+0000] {dag.py:3239} INFO - Sync 1 DAGs
[2025-03-23T08:19:04.086+0000] {logging_mixin.py:190} INFO - [2025-03-23T08:19:04.086+0000] {dag.py:4180} INFO - Setting next_dagrun for tutorial_dag to None, run_after=None
[2025-03-23T08:19:04.172+0000] {processor.py:208} INFO - Processing /home/airflow/.local/lib/python3.12/site-packages/airflow/example_dags/tutorial_dag.py took 0.176 seconds
[2025-03-23T08:19:34.697+0000] {processor.py:186} INFO - Started process (PID=1687) to work on /home/airflow/.local/lib/python3.12/site-packages/airflow/example_dags/tutorial_dag.py
[2025-03-23T08:19:34.699+0000] {processor.py:914} INFO - Processing file /home/airflow/.local/lib/python3.12/site-packages/airflow/example_dags/tutorial_dag.py for tasks to queue
[2025-03-23T08:19:34.702+0000] {logging_mixin.py:190} INFO - [2025-03-23T08:19:34.702+0000] {dagbag.py:588} INFO - Filling up the DagBag from /home/airflow/.local/lib/python3.12/site-packages/airflow/example_dags/tutorial_dag.py
[2025-03-23T08:19:34.712+0000] {processor.py:925} INFO - DAG(s) 'tutorial_dag' retrieved from /home/airflow/.local/lib/python3.12/site-packages/airflow/example_dags/tutorial_dag.py
[2025-03-23T08:19:34.739+0000] {logging_mixin.py:190} INFO - [2025-03-23T08:19:34.739+0000] {dag.py:3239} INFO - Sync 1 DAGs
[2025-03-23T08:19:34.760+0000] {logging_mixin.py:190} INFO - [2025-03-23T08:19:34.760+0000] {dag.py:4180} INFO - Setting next_dagrun for tutorial_dag to None, run_after=None
[2025-03-23T08:19:34.824+0000] {processor.py:208} INFO - Processing /home/airflow/.local/lib/python3.12/site-packages/airflow/example_dags/tutorial_dag.py took 0.140 seconds
[2025-03-23T08:20:05.008+0000] {processor.py:186} INFO - Started process (PID=1751) to work on /home/airflow/.local/lib/python3.12/site-packages/airflow/example_dags/tutorial_dag.py
[2025-03-23T08:20:05.009+0000] {processor.py:914} INFO - Processing file /home/airflow/.local/lib/python3.12/site-packages/airflow/example_dags/tutorial_dag.py for tasks to queue
[2025-03-23T08:20:05.012+0000] {logging_mixin.py:190} INFO - [2025-03-23T08:20:05.012+0000] {dagbag.py:588} INFO - Filling up the DagBag from /home/airflow/.local/lib/python3.12/site-packages/airflow/example_dags/tutorial_dag.py
[2025-03-23T08:20:05.023+0000] {processor.py:925} INFO - DAG(s) 'tutorial_dag' retrieved from /home/airflow/.local/lib/python3.12/site-packages/airflow/example_dags/tutorial_dag.py
[2025-03-23T08:20:05.047+0000] {logging_mixin.py:190} INFO - [2025-03-23T08:20:05.047+0000] {dag.py:3239} INFO - Sync 1 DAGs
[2025-03-23T08:20:05.064+0000] {logging_mixin.py:190} INFO - [2025-03-23T08:20:05.063+0000] {dag.py:4180} INFO - Setting next_dagrun for tutorial_dag to None, run_after=None
[2025-03-23T08:20:05.126+0000] {processor.py:208} INFO - Processing /home/airflow/.local/lib/python3.12/site-packages/airflow/example_dags/tutorial_dag.py took 0.134 seconds
[2025-03-23T08:20:35.544+0000] {processor.py:186} INFO - Started process (PID=1815) to work on /home/airflow/.local/lib/python3.12/site-packages/airflow/example_dags/tutorial_dag.py
[2025-03-23T08:20:35.545+0000] {processor.py:914} INFO - Processing file /home/airflow/.local/lib/python3.12/site-packages/airflow/example_dags/tutorial_dag.py for tasks to queue
[2025-03-23T08:20:35.548+0000] {logging_mixin.py:190} INFO - [2025-03-23T08:20:35.548+0000] {dagbag.py:588} INFO - Filling up the DagBag from /home/airflow/.local/lib/python3.12/site-packages/airflow/example_dags/tutorial_dag.py
[2025-03-23T08:20:35.558+0000] {processor.py:925} INFO - DAG(s) 'tutorial_dag' retrieved from /home/airflow/.local/lib/python3.12/site-packages/airflow/example_dags/tutorial_dag.py
[2025-03-23T08:20:35.584+0000] {logging_mixin.py:190} INFO - [2025-03-23T08:20:35.583+0000] {dag.py:3239} INFO - Sync 1 DAGs
[2025-03-23T08:20:35.602+0000] {logging_mixin.py:190} INFO - [2025-03-23T08:20:35.601+0000] {dag.py:4180} INFO - Setting next_dagrun for tutorial_dag to None, run_after=None
[2025-03-23T08:20:35.660+0000] {processor.py:208} INFO - Processing /home/airflow/.local/lib/python3.12/site-packages/airflow/example_dags/tutorial_dag.py took 0.129 seconds
[2025-03-23T08:26:47.158+0000] {processor.py:186} INFO - Started process (PID=107) to work on /home/airflow/.local/lib/python3.12/site-packages/airflow/example_dags/tutorial_dag.py
[2025-03-23T08:26:47.244+0000] {processor.py:914} INFO - Processing file /home/airflow/.local/lib/python3.12/site-packages/airflow/example_dags/tutorial_dag.py for tasks to queue
[2025-03-23T08:26:47.251+0000] {logging_mixin.py:190} INFO - [2025-03-23T08:26:47.250+0000] {dagbag.py:588} INFO - Filling up the DagBag from /home/airflow/.local/lib/python3.12/site-packages/airflow/example_dags/tutorial_dag.py
[2025-03-23T08:26:47.274+0000] {processor.py:925} INFO - DAG(s) 'tutorial_dag' retrieved from /home/airflow/.local/lib/python3.12/site-packages/airflow/example_dags/tutorial_dag.py
[2025-03-23T08:26:47.347+0000] {logging_mixin.py:190} INFO - [2025-03-23T08:26:47.346+0000] {dag.py:3239} INFO - Sync 1 DAGs
[2025-03-23T08:26:47.389+0000] {logging_mixin.py:190} INFO - [2025-03-23T08:26:47.388+0000] {dag.py:4180} INFO - Setting next_dagrun for tutorial_dag to None, run_after=None
[2025-03-23T08:26:47.608+0000] {processor.py:208} INFO - Processing /home/airflow/.local/lib/python3.12/site-packages/airflow/example_dags/tutorial_dag.py took 0.471 seconds
[2025-03-23T08:27:18.659+0000] {processor.py:186} INFO - Started process (PID=171) to work on /home/airflow/.local/lib/python3.12/site-packages/airflow/example_dags/tutorial_dag.py
[2025-03-23T08:27:18.759+0000] {processor.py:914} INFO - Processing file /home/airflow/.local/lib/python3.12/site-packages/airflow/example_dags/tutorial_dag.py for tasks to queue
[2025-03-23T08:27:18.762+0000] {logging_mixin.py:190} INFO - [2025-03-23T08:27:18.762+0000] {dagbag.py:588} INFO - Filling up the DagBag from /home/airflow/.local/lib/python3.12/site-packages/airflow/example_dags/tutorial_dag.py
[2025-03-23T08:27:18.779+0000] {processor.py:925} INFO - DAG(s) 'tutorial_dag' retrieved from /home/airflow/.local/lib/python3.12/site-packages/airflow/example_dags/tutorial_dag.py
[2025-03-23T08:27:18.828+0000] {logging_mixin.py:190} INFO - [2025-03-23T08:27:18.828+0000] {dag.py:3239} INFO - Sync 1 DAGs
[2025-03-23T08:27:18.860+0000] {logging_mixin.py:190} INFO - [2025-03-23T08:27:18.860+0000] {dag.py:4180} INFO - Setting next_dagrun for tutorial_dag to None, run_after=None
[2025-03-23T08:27:18.916+0000] {processor.py:208} INFO - Processing /home/airflow/.local/lib/python3.12/site-packages/airflow/example_dags/tutorial_dag.py took 0.273 seconds
[2025-03-23T08:27:49.449+0000] {processor.py:186} INFO - Started process (PID=235) to work on /home/airflow/.local/lib/python3.12/site-packages/airflow/example_dags/tutorial_dag.py
[2025-03-23T08:27:49.450+0000] {processor.py:914} INFO - Processing file /home/airflow/.local/lib/python3.12/site-packages/airflow/example_dags/tutorial_dag.py for tasks to queue
[2025-03-23T08:27:49.454+0000] {logging_mixin.py:190} INFO - [2025-03-23T08:27:49.454+0000] {dagbag.py:588} INFO - Filling up the DagBag from /home/airflow/.local/lib/python3.12/site-packages/airflow/example_dags/tutorial_dag.py
[2025-03-23T08:27:49.469+0000] {processor.py:925} INFO - DAG(s) 'tutorial_dag' retrieved from /home/airflow/.local/lib/python3.12/site-packages/airflow/example_dags/tutorial_dag.py
[2025-03-23T08:27:49.498+0000] {logging_mixin.py:190} INFO - [2025-03-23T08:27:49.498+0000] {dag.py:3239} INFO - Sync 1 DAGs
[2025-03-23T08:27:49.522+0000] {logging_mixin.py:190} INFO - [2025-03-23T08:27:49.521+0000] {dag.py:4180} INFO - Setting next_dagrun for tutorial_dag to None, run_after=None
[2025-03-23T08:27:49.672+0000] {processor.py:208} INFO - Processing /home/airflow/.local/lib/python3.12/site-packages/airflow/example_dags/tutorial_dag.py took 0.233 seconds
[2025-03-23T08:28:20.492+0000] {processor.py:186} INFO - Started process (PID=299) to work on /home/airflow/.local/lib/python3.12/site-packages/airflow/example_dags/tutorial_dag.py
[2025-03-23T08:28:20.494+0000] {processor.py:914} INFO - Processing file /home/airflow/.local/lib/python3.12/site-packages/airflow/example_dags/tutorial_dag.py for tasks to queue
[2025-03-23T08:28:20.499+0000] {logging_mixin.py:190} INFO - [2025-03-23T08:28:20.497+0000] {dagbag.py:588} INFO - Filling up the DagBag from /home/airflow/.local/lib/python3.12/site-packages/airflow/example_dags/tutorial_dag.py
[2025-03-23T08:28:20.518+0000] {processor.py:925} INFO - DAG(s) 'tutorial_dag' retrieved from /home/airflow/.local/lib/python3.12/site-packages/airflow/example_dags/tutorial_dag.py
[2025-03-23T08:28:20.555+0000] {logging_mixin.py:190} INFO - [2025-03-23T08:28:20.554+0000] {dag.py:3239} INFO - Sync 1 DAGs
[2025-03-23T08:28:20.575+0000] {logging_mixin.py:190} INFO - [2025-03-23T08:28:20.575+0000] {dag.py:4180} INFO - Setting next_dagrun for tutorial_dag to None, run_after=None
[2025-03-23T08:28:20.642+0000] {processor.py:208} INFO - Processing /home/airflow/.local/lib/python3.12/site-packages/airflow/example_dags/tutorial_dag.py took 0.164 seconds
[2025-03-23T08:28:50.861+0000] {processor.py:186} INFO - Started process (PID=362) to work on /home/airflow/.local/lib/python3.12/site-packages/airflow/example_dags/tutorial_dag.py
[2025-03-23T08:28:50.863+0000] {processor.py:914} INFO - Processing file /home/airflow/.local/lib/python3.12/site-packages/airflow/example_dags/tutorial_dag.py for tasks to queue
[2025-03-23T08:28:50.868+0000] {logging_mixin.py:190} INFO - [2025-03-23T08:28:50.867+0000] {dagbag.py:588} INFO - Filling up the DagBag from /home/airflow/.local/lib/python3.12/site-packages/airflow/example_dags/tutorial_dag.py
[2025-03-23T08:28:50.880+0000] {processor.py:925} INFO - DAG(s) 'tutorial_dag' retrieved from /home/airflow/.local/lib/python3.12/site-packages/airflow/example_dags/tutorial_dag.py
[2025-03-23T08:28:50.911+0000] {logging_mixin.py:190} INFO - [2025-03-23T08:28:50.909+0000] {dag.py:3239} INFO - Sync 1 DAGs
[2025-03-23T08:28:50.934+0000] {logging_mixin.py:190} INFO - [2025-03-23T08:28:50.933+0000] {dag.py:4180} INFO - Setting next_dagrun for tutorial_dag to None, run_after=None
[2025-03-23T08:28:51.019+0000] {processor.py:208} INFO - Processing /home/airflow/.local/lib/python3.12/site-packages/airflow/example_dags/tutorial_dag.py took 0.167 seconds
[2025-03-23T08:29:21.208+0000] {processor.py:186} INFO - Started process (PID=426) to work on /home/airflow/.local/lib/python3.12/site-packages/airflow/example_dags/tutorial_dag.py
[2025-03-23T08:29:21.209+0000] {processor.py:914} INFO - Processing file /home/airflow/.local/lib/python3.12/site-packages/airflow/example_dags/tutorial_dag.py for tasks to queue
[2025-03-23T08:29:21.215+0000] {logging_mixin.py:190} INFO - [2025-03-23T08:29:21.214+0000] {dagbag.py:588} INFO - Filling up the DagBag from /home/airflow/.local/lib/python3.12/site-packages/airflow/example_dags/tutorial_dag.py
[2025-03-23T08:29:21.230+0000] {processor.py:925} INFO - DAG(s) 'tutorial_dag' retrieved from /home/airflow/.local/lib/python3.12/site-packages/airflow/example_dags/tutorial_dag.py
[2025-03-23T08:29:21.257+0000] {logging_mixin.py:190} INFO - [2025-03-23T08:29:21.256+0000] {dag.py:3239} INFO - Sync 1 DAGs
[2025-03-23T08:29:21.280+0000] {logging_mixin.py:190} INFO - [2025-03-23T08:29:21.280+0000] {dag.py:4180} INFO - Setting next_dagrun for tutorial_dag to None, run_after=None
[2025-03-23T08:29:21.346+0000] {processor.py:208} INFO - Processing /home/airflow/.local/lib/python3.12/site-packages/airflow/example_dags/tutorial_dag.py took 0.148 seconds
[2025-03-23T08:29:51.476+0000] {processor.py:186} INFO - Started process (PID=490) to work on /home/airflow/.local/lib/python3.12/site-packages/airflow/example_dags/tutorial_dag.py
[2025-03-23T08:29:51.479+0000] {processor.py:914} INFO - Processing file /home/airflow/.local/lib/python3.12/site-packages/airflow/example_dags/tutorial_dag.py for tasks to queue
[2025-03-23T08:29:51.505+0000] {logging_mixin.py:190} INFO - [2025-03-23T08:29:51.503+0000] {dagbag.py:588} INFO - Filling up the DagBag from /home/airflow/.local/lib/python3.12/site-packages/airflow/example_dags/tutorial_dag.py
[2025-03-23T08:29:51.530+0000] {processor.py:925} INFO - DAG(s) 'tutorial_dag' retrieved from /home/airflow/.local/lib/python3.12/site-packages/airflow/example_dags/tutorial_dag.py
[2025-03-23T08:29:51.556+0000] {logging_mixin.py:190} INFO - [2025-03-23T08:29:51.555+0000] {dag.py:3239} INFO - Sync 1 DAGs
[2025-03-23T08:29:51.575+0000] {logging_mixin.py:190} INFO - [2025-03-23T08:29:51.574+0000] {dag.py:4180} INFO - Setting next_dagrun for tutorial_dag to None, run_after=None
[2025-03-23T08:29:51.637+0000] {processor.py:208} INFO - Processing /home/airflow/.local/lib/python3.12/site-packages/airflow/example_dags/tutorial_dag.py took 0.169 seconds
