[2025-04-07T16:58:16.379+0000] {local_task_job_runner.py:123} INFO - ::group::Pre task execution logs
[2025-04-07T16:58:16.405+0000] {taskinstance.py:2614} INFO - Dependencies all met for dep_context=non-requeueable deps ti=<TaskInstance: amazon_scraping_dag.scrape_amazon_task manual__2025-04-07T16:58:12.466686+00:00 [queued]>
[2025-04-07T16:58:16.422+0000] {taskinstance.py:2614} INFO - Dependencies all met for dep_context=requeueable deps ti=<TaskInstance: amazon_scraping_dag.scrape_amazon_task manual__2025-04-07T16:58:12.466686+00:00 [queued]>
[2025-04-07T16:58:16.423+0000] {taskinstance.py:2867} INFO - Starting attempt 1 of 2
[2025-04-07T16:58:16.448+0000] {taskinstance.py:2890} INFO - Executing <Task(PythonOperator): scrape_amazon_task> on 2025-04-07 16:58:12.466686+00:00
[2025-04-07T16:58:16.458+0000] {warnings.py:112} WARNING - /home/***/.local/lib/python3.12/site-packages/***/task/task_runner/standard_task_runner.py:70: DeprecationWarning: This process (pid=283) is multi-threaded, use of fork() may lead to deadlocks in the child.
  pid = os.fork()

[2025-04-07T16:58:16.460+0000] {standard_task_runner.py:72} INFO - Started process 286 to run task
[2025-04-07T16:58:16.461+0000] {standard_task_runner.py:104} INFO - Running: ['***', 'tasks', 'run', 'amazon_scraping_dag', 'scrape_amazon_task', 'manual__2025-04-07T16:58:12.466686+00:00', '--job-id', '72', '--raw', '--subdir', 'DAGS_FOLDER/another_another_test.py', '--cfg-path', '/tmp/tmp6cnrcpk5']
[2025-04-07T16:58:16.463+0000] {standard_task_runner.py:105} INFO - Job 72: Subtask scrape_amazon_task
[2025-04-07T16:58:16.519+0000] {task_command.py:467} INFO - Running <TaskInstance: amazon_scraping_dag.scrape_amazon_task manual__2025-04-07T16:58:12.466686+00:00 [running]> on host 13b4251b7529
[2025-04-07T16:58:16.655+0000] {taskinstance.py:3134} INFO - Exporting env vars: AIRFLOW_CTX_DAG_OWNER='***' AIRFLOW_CTX_DAG_ID='amazon_scraping_dag' AIRFLOW_CTX_TASK_ID='scrape_amazon_task' AIRFLOW_CTX_EXECUTION_DATE='2025-04-07T16:58:12.466686+00:00' AIRFLOW_CTX_TRY_NUMBER='1' AIRFLOW_CTX_DAG_RUN_ID='manual__2025-04-07T16:58:12.466686+00:00'
[2025-04-07T16:58:16.658+0000] {logging_mixin.py:190} INFO - Task instance is in running state
[2025-04-07T16:58:16.659+0000] {logging_mixin.py:190} INFO -  Previous state of the Task instance: queued
[2025-04-07T16:58:16.659+0000] {logging_mixin.py:190} INFO - Current task name:scrape_amazon_task state:running start_date:2025-04-07 16:58:16.406964+00:00
[2025-04-07T16:58:16.660+0000] {logging_mixin.py:190} INFO - Dag name:amazon_scraping_dag and current dag run status:running
[2025-04-07T16:58:16.661+0000] {taskinstance.py:732} INFO - ::endgroup::
[2025-04-07T16:58:16.678+0000] {another_another_test.py:286} INFO - Processing 1/15: Automotive/Car Care - https://www.amazon.com/s?bbn=2562090011&rh=i%3Aspecialty-aps%2Cn%3A2562090011%2Cn%3A%2115690151%2Cn%3A15718271&s=date-desc-rank&ref_=nav_em__nav_desktop_sa_intl_car_care_0_2_10_2
[2025-04-07T16:58:16.730+0000] {logger.py:11} INFO - ====== WebDriver manager ======
[2025-04-07T16:58:16.836+0000] {logger.py:11} INFO - Get LATEST chromedriver version for google-chrome
[2025-04-07T16:58:17.056+0000] {logger.py:11} INFO - Get LATEST chromedriver version for google-chrome
[2025-04-07T16:58:17.262+0000] {logger.py:11} INFO - Driver [/home/***/.wdm/drivers/chromedriver/linux64/135.0.7049.42/chromedriver-linux64/chromedriver] found in cache
[2025-04-07T16:58:21.087+0000] {another_another_test.py:82} WARNING - Could not detect layout, using default (tiles)
[2025-04-07T16:58:21.148+0000] {another_another_test.py:229} INFO - Saved/Updated 0 products to /opt/***/csv/src_output/part1_20250407/part1_data_Automotive_Car Care_20250407.csv
[2025-04-07T16:58:21.148+0000] {another_another_test.py:249} INFO - Page 1 for Automotive/Car Care : Crawled 0 items in 3.42 seconds
[2025-04-07T16:58:21.168+0000] {another_another_test.py:254} INFO - Reached the last page (Page 1) for Automotive/Car Care
[2025-04-07T16:58:21.280+0000] {another_another_test.py:286} INFO - Processing 2/15: Automotive/Car Electronics & Accessories - https://www.amazon.com/s?bbn=2562090011&rh=i%3Aspecialty-aps%2Cn%3A2562090011%2Cn%3A%2115690151%2Cn%3A2230642011&s=date-desc-rank&ref_=nav_em__nav_desktop_sa_intl_car_electronics_accessories_0_2_10_3
[2025-04-07T16:58:21.347+0000] {logger.py:11} INFO - ====== WebDriver manager ======
[2025-04-07T16:58:21.459+0000] {logger.py:11} INFO - Get LATEST chromedriver version for google-chrome
[2025-04-07T16:58:21.669+0000] {logger.py:11} INFO - Get LATEST chromedriver version for google-chrome
[2025-04-07T16:58:21.825+0000] {logger.py:11} INFO - Driver [/home/***/.wdm/drivers/chromedriver/linux64/135.0.7049.42/chromedriver-linux64/chromedriver] found in cache
[2025-04-07T16:58:25.634+0000] {another_another_test.py:82} WARNING - Could not detect layout, using default (tiles)
[2025-04-07T16:58:25.660+0000] {another_another_test.py:229} INFO - Saved/Updated 0 products to /opt/***/csv/src_output/part1_20250407/part1_data_Automotive_Car Electronics & Accessories_20250407.csv
[2025-04-07T16:58:25.661+0000] {another_another_test.py:249} INFO - Page 1 for Automotive/Car Electronics & Accessories : Crawled 0 items in 3.31 seconds
[2025-04-07T16:58:25.682+0000] {another_another_test.py:254} INFO - Reached the last page (Page 1) for Automotive/Car Electronics & Accessories
[2025-04-07T16:58:25.754+0000] {another_another_test.py:286} INFO - Processing 3/15: Automotive/Exterior Accessories - https://www.amazon.com/s?bbn=2562090011&rh=i%3Aspecialty-aps%2Cn%3A2562090011%2Cn%3A%2115690151%2Cn%3A15857511&s=date-desc-rank&ref_=nav_em__nav_desktop_sa_intl_exterior_accessories__0_2_10_4
[2025-04-07T16:58:25.842+0000] {logger.py:11} INFO - ====== WebDriver manager ======
[2025-04-07T16:58:25.966+0000] {logger.py:11} INFO - Get LATEST chromedriver version for google-chrome
[2025-04-07T16:58:26.175+0000] {logger.py:11} INFO - Get LATEST chromedriver version for google-chrome
[2025-04-07T16:58:26.356+0000] {logger.py:11} INFO - Driver [/home/***/.wdm/drivers/chromedriver/linux64/135.0.7049.42/chromedriver-linux64/chromedriver] found in cache
[2025-04-07T16:58:29.762+0000] {another_another_test.py:80} INFO - Detected layout: tiles
[2025-04-07T16:58:29.816+0000] {another_another_test.py:229} INFO - Saved/Updated 24 products to /opt/***/csv/src_output/part1_20250407/part1_data_Automotive_Exterior Accessories_20250407.csv
[2025-04-07T16:58:29.817+0000] {another_another_test.py:249} INFO - Page 1 for Automotive/Exterior Accessories : Crawled 24 items in 2.96 seconds
[2025-04-07T16:58:29.836+0000] {another_another_test.py:259} INFO - Moving to page 2 for Automotive/Exterior Accessories
[2025-04-07T16:58:32.776+0000] {another_another_test.py:80} INFO - Detected layout: tiles
[2025-04-07T16:58:32.847+0000] {another_another_test.py:229} INFO - Saved/Updated 48 products to /opt/***/csv/src_output/part1_20250407/part1_data_Automotive_Exterior Accessories_20250407.csv
[2025-04-07T16:58:32.848+0000] {another_another_test.py:249} INFO - Page 2 for Automotive/Exterior Accessories : Crawled 24 items in 3.01 seconds
[2025-04-07T16:58:32.866+0000] {another_another_test.py:259} INFO - Moving to page 3 for Automotive/Exterior Accessories
[2025-04-07T16:58:35.437+0000] {another_another_test.py:80} INFO - Detected layout: tiles
[2025-04-07T16:58:35.500+0000] {another_another_test.py:229} INFO - Saved/Updated 72 products to /opt/***/csv/src_output/part1_20250407/part1_data_Automotive_Exterior Accessories_20250407.csv
[2025-04-07T16:58:35.501+0000] {another_another_test.py:249} INFO - Page 3 for Automotive/Exterior Accessories : Crawled 24 items in 2.63 seconds
[2025-04-07T16:58:35.516+0000] {another_another_test.py:259} INFO - Moving to page 4 for Automotive/Exterior Accessories
[2025-04-07T16:58:38.514+0000] {another_another_test.py:80} INFO - Detected layout: tiles
[2025-04-07T16:58:38.579+0000] {another_another_test.py:229} INFO - Saved/Updated 96 products to /opt/***/csv/src_output/part1_20250407/part1_data_Automotive_Exterior Accessories_20250407.csv
[2025-04-07T16:58:38.580+0000] {another_another_test.py:249} INFO - Page 4 for Automotive/Exterior Accessories : Crawled 24 items in 3.06 seconds
[2025-04-07T16:58:38.597+0000] {another_another_test.py:259} INFO - Moving to page 5 for Automotive/Exterior Accessories
[2025-04-07T16:58:41.613+0000] {another_another_test.py:80} INFO - Detected layout: tiles
[2025-04-07T16:58:41.678+0000] {another_another_test.py:229} INFO - Saved/Updated 120 products to /opt/***/csv/src_output/part1_20250407/part1_data_Automotive_Exterior Accessories_20250407.csv
[2025-04-07T16:58:41.679+0000] {another_another_test.py:249} INFO - Page 5 for Automotive/Exterior Accessories : Crawled 24 items in 3.08 seconds
[2025-04-07T16:58:41.696+0000] {another_another_test.py:259} INFO - Moving to page 6 for Automotive/Exterior Accessories
[2025-04-07T16:58:44.196+0000] {another_another_test.py:80} INFO - Detected layout: tiles
[2025-04-07T16:58:44.258+0000] {another_another_test.py:229} INFO - Saved/Updated 144 products to /opt/***/csv/src_output/part1_20250407/part1_data_Automotive_Exterior Accessories_20250407.csv
[2025-04-07T16:58:44.259+0000] {another_another_test.py:249} INFO - Page 6 for Automotive/Exterior Accessories : Crawled 24 items in 2.56 seconds
[2025-04-07T16:58:44.274+0000] {another_another_test.py:259} INFO - Moving to page 7 for Automotive/Exterior Accessories
[2025-04-07T16:58:46.558+0000] {another_another_test.py:80} INFO - Detected layout: tiles
[2025-04-07T16:58:46.624+0000] {another_another_test.py:229} INFO - Saved/Updated 168 products to /opt/***/csv/src_output/part1_20250407/part1_data_Automotive_Exterior Accessories_20250407.csv
[2025-04-07T16:58:46.625+0000] {another_another_test.py:249} INFO - Page 7 for Automotive/Exterior Accessories : Crawled 24 items in 2.35 seconds
[2025-04-07T16:58:46.640+0000] {another_another_test.py:259} INFO - Moving to page 8 for Automotive/Exterior Accessories
[2025-04-07T16:58:50.387+0000] {another_another_test.py:80} INFO - Detected layout: tiles
[2025-04-07T16:58:50.456+0000] {another_another_test.py:229} INFO - Saved/Updated 192 products to /opt/***/csv/src_output/part1_20250407/part1_data_Automotive_Exterior Accessories_20250407.csv
[2025-04-07T16:58:50.457+0000] {another_another_test.py:249} INFO - Page 8 for Automotive/Exterior Accessories : Crawled 24 items in 3.82 seconds
[2025-04-07T16:58:50.472+0000] {another_another_test.py:259} INFO - Moving to page 9 for Automotive/Exterior Accessories
[2025-04-07T16:58:53.067+0000] {another_another_test.py:80} INFO - Detected layout: tiles
[2025-04-07T16:58:53.144+0000] {another_another_test.py:229} INFO - Saved/Updated 216 products to /opt/***/csv/src_output/part1_20250407/part1_data_Automotive_Exterior Accessories_20250407.csv
[2025-04-07T16:58:53.145+0000] {another_another_test.py:249} INFO - Page 9 for Automotive/Exterior Accessories : Crawled 24 items in 2.67 seconds
[2025-04-07T16:58:53.165+0000] {another_another_test.py:259} INFO - Moving to page 10 for Automotive/Exterior Accessories
[2025-04-07T16:58:55.697+0000] {another_another_test.py:80} INFO - Detected layout: tiles
[2025-04-07T16:58:55.784+0000] {another_another_test.py:229} INFO - Saved/Updated 240 products to /opt/***/csv/src_output/part1_20250407/part1_data_Automotive_Exterior Accessories_20250407.csv
[2025-04-07T16:58:55.785+0000] {another_another_test.py:249} INFO - Page 10 for Automotive/Exterior Accessories : Crawled 24 items in 2.62 seconds
[2025-04-07T16:58:55.802+0000] {another_another_test.py:259} INFO - Moving to page 11 for Automotive/Exterior Accessories
[2025-04-07T16:58:58.250+0000] {another_another_test.py:80} INFO - Detected layout: tiles
[2025-04-07T16:58:58.322+0000] {another_another_test.py:229} INFO - Saved/Updated 264 products to /opt/***/csv/src_output/part1_20250407/part1_data_Automotive_Exterior Accessories_20250407.csv
[2025-04-07T16:58:58.323+0000] {another_another_test.py:249} INFO - Page 11 for Automotive/Exterior Accessories : Crawled 24 items in 2.52 seconds
[2025-04-07T16:58:58.346+0000] {another_another_test.py:259} INFO - Moving to page 12 for Automotive/Exterior Accessories
[2025-04-07T16:59:01.013+0000] {another_another_test.py:80} INFO - Detected layout: tiles
[2025-04-07T16:59:01.094+0000] {another_another_test.py:229} INFO - Saved/Updated 288 products to /opt/***/csv/src_output/part1_20250407/part1_data_Automotive_Exterior Accessories_20250407.csv
[2025-04-07T16:59:01.095+0000] {another_another_test.py:249} INFO - Page 12 for Automotive/Exterior Accessories : Crawled 24 items in 2.75 seconds
[2025-04-07T16:59:01.112+0000] {another_another_test.py:259} INFO - Moving to page 13 for Automotive/Exterior Accessories
[2025-04-07T16:59:03.792+0000] {another_another_test.py:80} INFO - Detected layout: tiles
[2025-04-07T16:59:03.863+0000] {another_another_test.py:229} INFO - Saved/Updated 312 products to /opt/***/csv/src_output/part1_20250407/part1_data_Automotive_Exterior Accessories_20250407.csv
[2025-04-07T16:59:03.864+0000] {another_another_test.py:249} INFO - Page 13 for Automotive/Exterior Accessories : Crawled 24 items in 2.75 seconds
[2025-04-07T16:59:03.887+0000] {another_another_test.py:259} INFO - Moving to page 14 for Automotive/Exterior Accessories
[2025-04-07T16:59:06.241+0000] {another_another_test.py:80} INFO - Detected layout: tiles
[2025-04-07T16:59:06.315+0000] {another_another_test.py:229} INFO - Saved/Updated 336 products to /opt/***/csv/src_output/part1_20250407/part1_data_Automotive_Exterior Accessories_20250407.csv
[2025-04-07T16:59:06.315+0000] {another_another_test.py:249} INFO - Page 14 for Automotive/Exterior Accessories : Crawled 24 items in 2.43 seconds
[2025-04-07T16:59:06.330+0000] {another_another_test.py:259} INFO - Moving to page 15 for Automotive/Exterior Accessories
[2025-04-07T16:59:08.741+0000] {another_another_test.py:80} INFO - Detected layout: tiles
[2025-04-07T16:59:08.820+0000] {another_another_test.py:229} INFO - Saved/Updated 360 products to /opt/***/csv/src_output/part1_20250407/part1_data_Automotive_Exterior Accessories_20250407.csv
[2025-04-07T16:59:08.821+0000] {another_another_test.py:249} INFO - Page 15 for Automotive/Exterior Accessories : Crawled 24 items in 2.49 seconds
[2025-04-07T16:59:08.837+0000] {another_another_test.py:259} INFO - Moving to page 16 for Automotive/Exterior Accessories
[2025-04-07T16:59:11.382+0000] {another_another_test.py:80} INFO - Detected layout: tiles
[2025-04-07T16:59:11.486+0000] {another_another_test.py:229} INFO - Saved/Updated 384 products to /opt/***/csv/src_output/part1_20250407/part1_data_Automotive_Exterior Accessories_20250407.csv
[2025-04-07T16:59:11.487+0000] {another_another_test.py:249} INFO - Page 16 for Automotive/Exterior Accessories : Crawled 24 items in 2.65 seconds
[2025-04-07T16:59:11.506+0000] {another_another_test.py:259} INFO - Moving to page 17 for Automotive/Exterior Accessories
[2025-04-07T16:59:14.057+0000] {another_another_test.py:80} INFO - Detected layout: tiles
[2025-04-07T16:59:14.154+0000] {another_another_test.py:229} INFO - Saved/Updated 408 products to /opt/***/csv/src_output/part1_20250407/part1_data_Automotive_Exterior Accessories_20250407.csv
[2025-04-07T16:59:14.155+0000] {another_another_test.py:249} INFO - Page 17 for Automotive/Exterior Accessories : Crawled 24 items in 2.65 seconds
[2025-04-07T16:59:14.175+0000] {another_another_test.py:259} INFO - Moving to page 18 for Automotive/Exterior Accessories
[2025-04-07T16:59:16.783+0000] {another_another_test.py:80} INFO - Detected layout: tiles
[2025-04-07T16:59:16.977+0000] {another_another_test.py:229} INFO - Saved/Updated 432 products to /opt/***/csv/src_output/part1_20250407/part1_data_Automotive_Exterior Accessories_20250407.csv
[2025-04-07T16:59:16.979+0000] {another_another_test.py:249} INFO - Page 18 for Automotive/Exterior Accessories : Crawled 24 items in 2.80 seconds
[2025-04-07T16:59:17.009+0000] {another_another_test.py:259} INFO - Moving to page 19 for Automotive/Exterior Accessories
[2025-04-07T16:59:19.822+0000] {another_another_test.py:80} INFO - Detected layout: tiles
[2025-04-07T16:59:19.930+0000] {another_another_test.py:229} INFO - Saved/Updated 456 products to /opt/***/csv/src_output/part1_20250407/part1_data_Automotive_Exterior Accessories_20250407.csv
[2025-04-07T16:59:19.931+0000] {another_another_test.py:249} INFO - Page 19 for Automotive/Exterior Accessories : Crawled 24 items in 2.92 seconds
[2025-04-07T16:59:19.955+0000] {another_another_test.py:259} INFO - Moving to page 20 for Automotive/Exterior Accessories
[2025-04-07T16:59:23.060+0000] {another_another_test.py:80} INFO - Detected layout: tiles
[2025-04-07T16:59:23.148+0000] {another_another_test.py:229} INFO - Saved/Updated 480 products to /opt/***/csv/src_output/part1_20250407/part1_data_Automotive_Exterior Accessories_20250407.csv
[2025-04-07T16:59:23.149+0000] {another_another_test.py:249} INFO - Page 20 for Automotive/Exterior Accessories : Crawled 24 items in 3.19 seconds
[2025-04-07T16:59:23.164+0000] {another_another_test.py:259} INFO - Moving to page 21 for Automotive/Exterior Accessories
[2025-04-07T16:59:25.812+0000] {another_another_test.py:80} INFO - Detected layout: tiles
[2025-04-07T16:59:25.922+0000] {another_another_test.py:229} INFO - Saved/Updated 504 products to /opt/***/csv/src_output/part1_20250407/part1_data_Automotive_Exterior Accessories_20250407.csv
[2025-04-07T16:59:25.923+0000] {another_another_test.py:249} INFO - Page 21 for Automotive/Exterior Accessories : Crawled 24 items in 2.76 seconds
[2025-04-07T16:59:25.946+0000] {another_another_test.py:259} INFO - Moving to page 22 for Automotive/Exterior Accessories
[2025-04-07T16:59:28.634+0000] {another_another_test.py:80} INFO - Detected layout: tiles
[2025-04-07T16:59:28.741+0000] {another_another_test.py:229} INFO - Saved/Updated 528 products to /opt/***/csv/src_output/part1_20250407/part1_data_Automotive_Exterior Accessories_20250407.csv
[2025-04-07T16:59:28.742+0000] {another_another_test.py:249} INFO - Page 22 for Automotive/Exterior Accessories : Crawled 24 items in 2.79 seconds
[2025-04-07T16:59:28.758+0000] {another_another_test.py:259} INFO - Moving to page 23 for Automotive/Exterior Accessories
[2025-04-07T16:59:31.116+0000] {another_another_test.py:80} INFO - Detected layout: tiles
[2025-04-07T16:59:31.215+0000] {another_another_test.py:229} INFO - Saved/Updated 552 products to /opt/***/csv/src_output/part1_20250407/part1_data_Automotive_Exterior Accessories_20250407.csv
[2025-04-07T16:59:31.216+0000] {another_another_test.py:249} INFO - Page 23 for Automotive/Exterior Accessories : Crawled 24 items in 2.46 seconds
[2025-04-07T16:59:31.241+0000] {another_another_test.py:259} INFO - Moving to page 24 for Automotive/Exterior Accessories
[2025-04-07T16:59:33.982+0000] {another_another_test.py:80} INFO - Detected layout: tiles
[2025-04-07T16:59:34.078+0000] {another_another_test.py:229} INFO - Saved/Updated 576 products to /opt/***/csv/src_output/part1_20250407/part1_data_Automotive_Exterior Accessories_20250407.csv
[2025-04-07T16:59:34.079+0000] {another_another_test.py:249} INFO - Page 24 for Automotive/Exterior Accessories : Crawled 24 items in 2.84 seconds
[2025-04-07T16:59:34.097+0000] {another_another_test.py:259} INFO - Moving to page 25 for Automotive/Exterior Accessories
[2025-04-07T16:59:37.670+0000] {another_another_test.py:80} INFO - Detected layout: tiles
[2025-04-07T16:59:37.804+0000] {another_another_test.py:229} INFO - Saved/Updated 600 products to /opt/***/csv/src_output/part1_20250407/part1_data_Automotive_Exterior Accessories_20250407.csv
[2025-04-07T16:59:37.805+0000] {another_another_test.py:249} INFO - Page 25 for Automotive/Exterior Accessories : Crawled 24 items in 3.71 seconds
[2025-04-07T16:59:37.823+0000] {another_another_test.py:259} INFO - Moving to page 26 for Automotive/Exterior Accessories
[2025-04-07T16:59:40.720+0000] {another_another_test.py:80} INFO - Detected layout: tiles
[2025-04-07T16:59:40.835+0000] {another_another_test.py:229} INFO - Saved/Updated 624 products to /opt/***/csv/src_output/part1_20250407/part1_data_Automotive_Exterior Accessories_20250407.csv
[2025-04-07T16:59:40.835+0000] {another_another_test.py:249} INFO - Page 26 for Automotive/Exterior Accessories : Crawled 24 items in 3.01 seconds
[2025-04-07T16:59:40.850+0000] {another_another_test.py:259} INFO - Moving to page 27 for Automotive/Exterior Accessories
[2025-04-07T16:59:44.007+0000] {another_another_test.py:80} INFO - Detected layout: tiles
[2025-04-07T16:59:44.130+0000] {another_another_test.py:229} INFO - Saved/Updated 648 products to /opt/***/csv/src_output/part1_20250407/part1_data_Automotive_Exterior Accessories_20250407.csv
[2025-04-07T16:59:44.131+0000] {another_another_test.py:249} INFO - Page 27 for Automotive/Exterior Accessories : Crawled 24 items in 3.28 seconds
[2025-04-07T16:59:44.153+0000] {another_another_test.py:259} INFO - Moving to page 28 for Automotive/Exterior Accessories
[2025-04-07T16:59:46.633+0000] {another_another_test.py:80} INFO - Detected layout: tiles
[2025-04-07T16:59:46.749+0000] {another_another_test.py:229} INFO - Saved/Updated 672 products to /opt/***/csv/src_output/part1_20250407/part1_data_Automotive_Exterior Accessories_20250407.csv
[2025-04-07T16:59:46.750+0000] {another_another_test.py:249} INFO - Page 28 for Automotive/Exterior Accessories : Crawled 24 items in 2.60 seconds
[2025-04-07T16:59:46.772+0000] {another_another_test.py:259} INFO - Moving to page 29 for Automotive/Exterior Accessories
[2025-04-07T16:59:49.648+0000] {another_another_test.py:80} INFO - Detected layout: tiles
[2025-04-07T16:59:49.776+0000] {another_another_test.py:229} INFO - Saved/Updated 696 products to /opt/***/csv/src_output/part1_20250407/part1_data_Automotive_Exterior Accessories_20250407.csv
[2025-04-07T16:59:49.777+0000] {another_another_test.py:249} INFO - Page 29 for Automotive/Exterior Accessories : Crawled 24 items in 3.00 seconds
[2025-04-07T16:59:49.795+0000] {another_another_test.py:259} INFO - Moving to page 30 for Automotive/Exterior Accessories
[2025-04-07T16:59:52.749+0000] {another_another_test.py:80} INFO - Detected layout: tiles
[2025-04-07T16:59:52.861+0000] {another_another_test.py:229} INFO - Saved/Updated 720 products to /opt/***/csv/src_output/part1_20250407/part1_data_Automotive_Exterior Accessories_20250407.csv
[2025-04-07T16:59:52.862+0000] {another_another_test.py:249} INFO - Page 30 for Automotive/Exterior Accessories : Crawled 24 items in 3.07 seconds
[2025-04-07T16:59:52.884+0000] {another_another_test.py:259} INFO - Moving to page 31 for Automotive/Exterior Accessories
[2025-04-07T16:59:55.804+0000] {another_another_test.py:80} INFO - Detected layout: tiles
[2025-04-07T16:59:55.927+0000] {another_another_test.py:229} INFO - Saved/Updated 744 products to /opt/***/csv/src_output/part1_20250407/part1_data_Automotive_Exterior Accessories_20250407.csv
[2025-04-07T16:59:55.928+0000] {another_another_test.py:249} INFO - Page 31 for Automotive/Exterior Accessories : Crawled 24 items in 3.04 seconds
[2025-04-07T16:59:55.949+0000] {another_another_test.py:259} INFO - Moving to page 32 for Automotive/Exterior Accessories
[2025-04-07T16:59:58.465+0000] {another_another_test.py:80} INFO - Detected layout: tiles
[2025-04-07T16:59:58.580+0000] {another_another_test.py:229} INFO - Saved/Updated 768 products to /opt/***/csv/src_output/part1_20250407/part1_data_Automotive_Exterior Accessories_20250407.csv
[2025-04-07T16:59:58.581+0000] {another_another_test.py:249} INFO - Page 32 for Automotive/Exterior Accessories : Crawled 24 items in 2.63 seconds
[2025-04-07T16:59:58.601+0000] {another_another_test.py:259} INFO - Moving to page 33 for Automotive/Exterior Accessories
[2025-04-07T17:00:01.078+0000] {another_another_test.py:80} INFO - Detected layout: tiles
[2025-04-07T17:00:01.198+0000] {another_another_test.py:229} INFO - Saved/Updated 792 products to /opt/***/csv/src_output/part1_20250407/part1_data_Automotive_Exterior Accessories_20250407.csv
[2025-04-07T17:00:01.199+0000] {another_another_test.py:249} INFO - Page 33 for Automotive/Exterior Accessories : Crawled 24 items in 2.60 seconds
[2025-04-07T17:00:01.219+0000] {another_another_test.py:259} INFO - Moving to page 34 for Automotive/Exterior Accessories
[2025-04-07T17:00:03.816+0000] {another_another_test.py:80} INFO - Detected layout: tiles
[2025-04-07T17:00:04.013+0000] {another_another_test.py:229} INFO - Saved/Updated 816 products to /opt/***/csv/src_output/part1_20250407/part1_data_Automotive_Exterior Accessories_20250407.csv
[2025-04-07T17:00:04.014+0000] {another_another_test.py:249} INFO - Page 34 for Automotive/Exterior Accessories : Crawled 24 items in 2.79 seconds
[2025-04-07T17:00:04.037+0000] {another_another_test.py:259} INFO - Moving to page 35 for Automotive/Exterior Accessories
[2025-04-07T17:00:06.854+0000] {another_another_test.py:80} INFO - Detected layout: tiles
[2025-04-07T17:00:06.971+0000] {another_another_test.py:229} INFO - Saved/Updated 840 products to /opt/***/csv/src_output/part1_20250407/part1_data_Automotive_Exterior Accessories_20250407.csv
[2025-04-07T17:00:06.972+0000] {another_another_test.py:249} INFO - Page 35 for Automotive/Exterior Accessories : Crawled 24 items in 2.93 seconds
[2025-04-07T17:00:06.995+0000] {another_another_test.py:259} INFO - Moving to page 36 for Automotive/Exterior Accessories
[2025-04-07T17:00:09.944+0000] {another_another_test.py:80} INFO - Detected layout: tiles
[2025-04-07T17:00:10.127+0000] {another_another_test.py:229} INFO - Saved/Updated 864 products to /opt/***/csv/src_output/part1_20250407/part1_data_Automotive_Exterior Accessories_20250407.csv
[2025-04-07T17:00:10.130+0000] {another_another_test.py:249} INFO - Page 36 for Automotive/Exterior Accessories : Crawled 24 items in 3.13 seconds
[2025-04-07T17:00:10.163+0000] {another_another_test.py:259} INFO - Moving to page 37 for Automotive/Exterior Accessories
[2025-04-07T17:00:13.199+0000] {another_another_test.py:80} INFO - Detected layout: tiles
[2025-04-07T17:00:13.330+0000] {another_another_test.py:229} INFO - Saved/Updated 888 products to /opt/***/csv/src_output/part1_20250407/part1_data_Automotive_Exterior Accessories_20250407.csv
[2025-04-07T17:00:13.343+0000] {another_another_test.py:249} INFO - Page 37 for Automotive/Exterior Accessories : Crawled 24 items in 3.18 seconds
[2025-04-07T17:00:13.393+0000] {another_another_test.py:259} INFO - Moving to page 38 for Automotive/Exterior Accessories
[2025-04-07T17:00:16.477+0000] {another_another_test.py:80} INFO - Detected layout: tiles
[2025-04-07T17:00:16.607+0000] {another_another_test.py:229} INFO - Saved/Updated 912 products to /opt/***/csv/src_output/part1_20250407/part1_data_Automotive_Exterior Accessories_20250407.csv
[2025-04-07T17:00:16.609+0000] {another_another_test.py:249} INFO - Page 38 for Automotive/Exterior Accessories : Crawled 24 items in 3.21 seconds
[2025-04-07T17:00:16.637+0000] {another_another_test.py:259} INFO - Moving to page 39 for Automotive/Exterior Accessories
[2025-04-07T17:00:19.839+0000] {another_another_test.py:80} INFO - Detected layout: tiles
[2025-04-07T17:00:19.957+0000] {another_another_test.py:229} INFO - Saved/Updated 936 products to /opt/***/csv/src_output/part1_20250407/part1_data_Automotive_Exterior Accessories_20250407.csv
[2025-04-07T17:00:19.958+0000] {another_another_test.py:249} INFO - Page 39 for Automotive/Exterior Accessories : Crawled 24 items in 3.32 seconds
[2025-04-07T17:00:19.977+0000] {another_another_test.py:259} INFO - Moving to page 40 for Automotive/Exterior Accessories
[2025-04-07T17:00:23.763+0000] {another_another_test.py:80} INFO - Detected layout: tiles
[2025-04-07T17:00:23.915+0000] {another_another_test.py:229} INFO - Saved/Updated 960 products to /opt/***/csv/src_output/part1_20250407/part1_data_Automotive_Exterior Accessories_20250407.csv
[2025-04-07T17:00:23.917+0000] {another_another_test.py:249} INFO - Page 40 for Automotive/Exterior Accessories : Crawled 24 items in 3.94 seconds
[2025-04-07T17:00:23.944+0000] {another_another_test.py:259} INFO - Moving to page 41 for Automotive/Exterior Accessories
[2025-04-07T17:00:26.661+0000] {another_another_test.py:80} INFO - Detected layout: tiles
[2025-04-07T17:00:26.837+0000] {another_another_test.py:229} INFO - Saved/Updated 984 products to /opt/***/csv/src_output/part1_20250407/part1_data_Automotive_Exterior Accessories_20250407.csv
[2025-04-07T17:00:26.838+0000] {another_another_test.py:249} INFO - Page 41 for Automotive/Exterior Accessories : Crawled 24 items in 2.89 seconds
[2025-04-07T17:00:26.861+0000] {another_another_test.py:259} INFO - Moving to page 42 for Automotive/Exterior Accessories
[2025-04-07T17:00:30.041+0000] {another_another_test.py:80} INFO - Detected layout: tiles
[2025-04-07T17:00:30.192+0000] {another_another_test.py:229} INFO - Saved/Updated 1008 products to /opt/***/csv/src_output/part1_20250407/part1_data_Automotive_Exterior Accessories_20250407.csv
[2025-04-07T17:00:30.193+0000] {another_another_test.py:249} INFO - Page 42 for Automotive/Exterior Accessories : Crawled 24 items in 3.33 seconds
[2025-04-07T17:00:30.219+0000] {another_another_test.py:259} INFO - Moving to page 43 for Automotive/Exterior Accessories
[2025-04-07T17:00:33.013+0000] {another_another_test.py:80} INFO - Detected layout: tiles
[2025-04-07T17:00:33.145+0000] {another_another_test.py:229} INFO - Saved/Updated 1032 products to /opt/***/csv/src_output/part1_20250407/part1_data_Automotive_Exterior Accessories_20250407.csv
[2025-04-07T17:00:33.146+0000] {another_another_test.py:249} INFO - Page 43 for Automotive/Exterior Accessories : Crawled 24 items in 2.92 seconds
[2025-04-07T17:00:33.164+0000] {another_another_test.py:259} INFO - Moving to page 44 for Automotive/Exterior Accessories
[2025-04-07T17:00:36.266+0000] {another_another_test.py:80} INFO - Detected layout: tiles
[2025-04-07T17:00:36.399+0000] {another_another_test.py:229} INFO - Saved/Updated 1056 products to /opt/***/csv/src_output/part1_20250407/part1_data_Automotive_Exterior Accessories_20250407.csv
[2025-04-07T17:00:36.401+0000] {another_another_test.py:249} INFO - Page 44 for Automotive/Exterior Accessories : Crawled 24 items in 3.24 seconds
[2025-04-07T17:00:36.427+0000] {another_another_test.py:259} INFO - Moving to page 45 for Automotive/Exterior Accessories
[2025-04-07T17:00:38.751+0000] {another_another_test.py:80} INFO - Detected layout: tiles
[2025-04-07T17:00:38.973+0000] {another_another_test.py:229} INFO - Saved/Updated 1080 products to /opt/***/csv/src_output/part1_20250407/part1_data_Automotive_Exterior Accessories_20250407.csv
[2025-04-07T17:00:38.974+0000] {another_another_test.py:249} INFO - Page 45 for Automotive/Exterior Accessories : Crawled 24 items in 2.55 seconds
[2025-04-07T17:00:38.999+0000] {another_another_test.py:259} INFO - Moving to page 46 for Automotive/Exterior Accessories
[2025-04-07T17:00:41.513+0000] {another_another_test.py:80} INFO - Detected layout: tiles
[2025-04-07T17:00:41.659+0000] {another_another_test.py:229} INFO - Saved/Updated 1104 products to /opt/***/csv/src_output/part1_20250407/part1_data_Automotive_Exterior Accessories_20250407.csv
[2025-04-07T17:00:41.661+0000] {another_another_test.py:249} INFO - Page 46 for Automotive/Exterior Accessories : Crawled 24 items in 2.66 seconds
[2025-04-07T17:00:41.687+0000] {another_another_test.py:259} INFO - Moving to page 47 for Automotive/Exterior Accessories
[2025-04-07T17:00:44.183+0000] {another_another_test.py:80} INFO - Detected layout: tiles
[2025-04-07T17:00:44.330+0000] {another_another_test.py:229} INFO - Saved/Updated 1128 products to /opt/***/csv/src_output/part1_20250407/part1_data_Automotive_Exterior Accessories_20250407.csv
[2025-04-07T17:00:44.335+0000] {another_another_test.py:249} INFO - Page 47 for Automotive/Exterior Accessories : Crawled 24 items in 2.65 seconds
[2025-04-07T17:00:44.366+0000] {another_another_test.py:259} INFO - Moving to page 48 for Automotive/Exterior Accessories
[2025-04-07T17:00:46.993+0000] {another_another_test.py:80} INFO - Detected layout: tiles
[2025-04-07T17:00:47.121+0000] {another_another_test.py:229} INFO - Saved/Updated 1152 products to /opt/***/csv/src_output/part1_20250407/part1_data_Automotive_Exterior Accessories_20250407.csv
[2025-04-07T17:00:47.122+0000] {another_another_test.py:249} INFO - Page 48 for Automotive/Exterior Accessories : Crawled 24 items in 2.76 seconds
[2025-04-07T17:00:47.140+0000] {another_another_test.py:259} INFO - Moving to page 49 for Automotive/Exterior Accessories
[2025-04-07T17:00:49.684+0000] {another_another_test.py:80} INFO - Detected layout: tiles
[2025-04-07T17:00:49.811+0000] {another_another_test.py:229} INFO - Saved/Updated 1176 products to /opt/***/csv/src_output/part1_20250407/part1_data_Automotive_Exterior Accessories_20250407.csv
[2025-04-07T17:00:49.812+0000] {another_another_test.py:249} INFO - Page 49 for Automotive/Exterior Accessories : Crawled 24 items in 2.67 seconds
[2025-04-07T17:00:49.828+0000] {another_another_test.py:259} INFO - Moving to page 50 for Automotive/Exterior Accessories
[2025-04-07T17:00:52.247+0000] {another_another_test.py:80} INFO - Detected layout: tiles
[2025-04-07T17:00:52.380+0000] {another_another_test.py:229} INFO - Saved/Updated 1200 products to /opt/***/csv/src_output/part1_20250407/part1_data_Automotive_Exterior Accessories_20250407.csv
[2025-04-07T17:00:52.381+0000] {another_another_test.py:249} INFO - Page 50 for Automotive/Exterior Accessories : Crawled 24 items in 2.55 seconds
[2025-04-07T17:00:52.403+0000] {another_another_test.py:259} INFO - Moving to page 51 for Automotive/Exterior Accessories
[2025-04-07T17:00:55.182+0000] {another_another_test.py:80} INFO - Detected layout: tiles
[2025-04-07T17:00:55.331+0000] {another_another_test.py:229} INFO - Saved/Updated 1224 products to /opt/***/csv/src_output/part1_20250407/part1_data_Automotive_Exterior Accessories_20250407.csv
[2025-04-07T17:00:55.333+0000] {another_another_test.py:249} INFO - Page 51 for Automotive/Exterior Accessories : Crawled 24 items in 2.93 seconds
[2025-04-07T17:00:55.350+0000] {another_another_test.py:259} INFO - Moving to page 52 for Automotive/Exterior Accessories
[2025-04-07T17:00:57.685+0000] {another_another_test.py:80} INFO - Detected layout: tiles
[2025-04-07T17:00:57.838+0000] {another_another_test.py:229} INFO - Saved/Updated 1248 products to /opt/***/csv/src_output/part1_20250407/part1_data_Automotive_Exterior Accessories_20250407.csv
[2025-04-07T17:00:57.839+0000] {another_another_test.py:249} INFO - Page 52 for Automotive/Exterior Accessories : Crawled 24 items in 2.49 seconds
[2025-04-07T17:00:57.856+0000] {another_another_test.py:259} INFO - Moving to page 53 for Automotive/Exterior Accessories
[2025-04-07T17:01:00.239+0000] {another_another_test.py:80} INFO - Detected layout: tiles
[2025-04-07T17:01:00.406+0000] {another_another_test.py:229} INFO - Saved/Updated 1272 products to /opt/***/csv/src_output/part1_20250407/part1_data_Automotive_Exterior Accessories_20250407.csv
[2025-04-07T17:01:00.408+0000] {another_another_test.py:249} INFO - Page 53 for Automotive/Exterior Accessories : Crawled 24 items in 2.55 seconds
[2025-04-07T17:01:00.434+0000] {another_another_test.py:259} INFO - Moving to page 54 for Automotive/Exterior Accessories
[2025-04-07T17:01:03.722+0000] {another_another_test.py:80} INFO - Detected layout: tiles
[2025-04-07T17:01:03.974+0000] {another_another_test.py:229} INFO - Saved/Updated 1296 products to /opt/***/csv/src_output/part1_20250407/part1_data_Automotive_Exterior Accessories_20250407.csv
[2025-04-07T17:01:03.976+0000] {another_another_test.py:249} INFO - Page 54 for Automotive/Exterior Accessories : Crawled 24 items in 3.54 seconds
[2025-04-07T17:01:04.015+0000] {another_another_test.py:259} INFO - Moving to page 55 for Automotive/Exterior Accessories
[2025-04-07T17:01:06.997+0000] {another_another_test.py:80} INFO - Detected layout: tiles
[2025-04-07T17:01:07.176+0000] {another_another_test.py:229} INFO - Saved/Updated 1320 products to /opt/***/csv/src_output/part1_20250407/part1_data_Automotive_Exterior Accessories_20250407.csv
[2025-04-07T17:01:07.182+0000] {another_another_test.py:249} INFO - Page 55 for Automotive/Exterior Accessories : Crawled 24 items in 3.17 seconds
[2025-04-07T17:01:07.253+0000] {another_another_test.py:259} INFO - Moving to page 56 for Automotive/Exterior Accessories
[2025-04-07T17:01:15.287+0000] {another_another_test.py:80} INFO - Detected layout: tiles
[2025-04-07T17:01:16.818+0000] {another_another_test.py:229} INFO - Saved/Updated 1344 products to /opt/***/csv/src_output/part1_20250407/part1_data_Automotive_Exterior Accessories_20250407.csv
[2025-04-07T17:01:16.821+0000] {another_another_test.py:249} INFO - Page 56 for Automotive/Exterior Accessories : Crawled 24 items in 9.56 seconds
[2025-04-07T17:01:16.883+0000] {another_another_test.py:259} INFO - Moving to page 57 for Automotive/Exterior Accessories
[2025-04-07T17:01:28.575+0000] {another_another_test.py:80} INFO - Detected layout: tiles
[2025-04-07T17:01:29.229+0000] {another_another_test.py:229} INFO - Saved/Updated 1368 products to /opt/***/csv/src_output/part1_20250407/part1_data_Automotive_Exterior Accessories_20250407.csv
[2025-04-07T17:01:29.234+0000] {another_another_test.py:249} INFO - Page 57 for Automotive/Exterior Accessories : Crawled 24 items in 12.35 seconds
[2025-04-07T17:01:29.458+0000] {another_another_test.py:259} INFO - Moving to page 58 for Automotive/Exterior Accessories
[2025-04-07T17:01:35.293+0000] {another_another_test.py:80} INFO - Detected layout: tiles
[2025-04-07T17:01:35.568+0000] {another_another_test.py:229} INFO - Saved/Updated 1392 products to /opt/***/csv/src_output/part1_20250407/part1_data_Automotive_Exterior Accessories_20250407.csv
[2025-04-07T17:01:35.570+0000] {another_another_test.py:249} INFO - Page 58 for Automotive/Exterior Accessories : Crawled 24 items in 6.07 seconds
[2025-04-07T17:01:35.587+0000] {another_another_test.py:259} INFO - Moving to page 59 for Automotive/Exterior Accessories
[2025-04-07T17:01:40.984+0000] {another_another_test.py:80} INFO - Detected layout: tiles
[2025-04-07T17:01:41.126+0000] {another_another_test.py:229} INFO - Saved/Updated 1416 products to /opt/***/csv/src_output/part1_20250407/part1_data_Automotive_Exterior Accessories_20250407.csv
[2025-04-07T17:01:41.128+0000] {another_another_test.py:249} INFO - Page 59 for Automotive/Exterior Accessories : Crawled 24 items in 5.54 seconds
[2025-04-07T17:01:41.154+0000] {another_another_test.py:259} INFO - Moving to page 60 for Automotive/Exterior Accessories
[2025-04-07T17:01:45.149+0000] {another_another_test.py:80} INFO - Detected layout: tiles
[2025-04-07T17:01:45.650+0000] {another_another_test.py:229} INFO - Saved/Updated 1440 products to /opt/***/csv/src_output/part1_20250407/part1_data_Automotive_Exterior Accessories_20250407.csv
[2025-04-07T17:01:45.653+0000] {another_another_test.py:249} INFO - Page 60 for Automotive/Exterior Accessories : Crawled 24 items in 4.50 seconds
[2025-04-07T17:01:45.724+0000] {another_another_test.py:259} INFO - Moving to page 61 for Automotive/Exterior Accessories
[2025-04-07T17:01:53.484+0000] {another_another_test.py:80} INFO - Detected layout: tiles
[2025-04-07T17:01:55.990+0000] {another_another_test.py:229} INFO - Saved/Updated 1464 products to /opt/***/csv/src_output/part1_20250407/part1_data_Automotive_Exterior Accessories_20250407.csv
[2025-04-07T17:01:55.992+0000] {another_another_test.py:249} INFO - Page 61 for Automotive/Exterior Accessories : Crawled 24 items in 10.27 seconds
[2025-04-07T17:01:56.013+0000] {another_another_test.py:259} INFO - Moving to page 62 for Automotive/Exterior Accessories
[2025-04-07T17:02:03.994+0000] {another_another_test.py:80} INFO - Detected layout: tiles
[2025-04-07T17:02:04.429+0000] {another_another_test.py:229} INFO - Saved/Updated 1488 products to /opt/***/csv/src_output/part1_20250407/part1_data_Automotive_Exterior Accessories_20250407.csv
[2025-04-07T17:02:04.432+0000] {another_another_test.py:249} INFO - Page 62 for Automotive/Exterior Accessories : Crawled 24 items in 8.42 seconds
[2025-04-07T17:02:04.506+0000] {another_another_test.py:259} INFO - Moving to page 63 for Automotive/Exterior Accessories
[2025-04-07T17:02:11.513+0000] {another_another_test.py:80} INFO - Detected layout: tiles
[2025-04-07T17:02:11.826+0000] {another_another_test.py:229} INFO - Saved/Updated 1512 products to /opt/***/csv/src_output/part1_20250407/part1_data_Automotive_Exterior Accessories_20250407.csv
[2025-04-07T17:02:11.828+0000] {another_another_test.py:249} INFO - Page 63 for Automotive/Exterior Accessories : Crawled 24 items in 7.32 seconds
[2025-04-07T17:02:11.844+0000] {another_another_test.py:259} INFO - Moving to page 64 for Automotive/Exterior Accessories
[2025-04-07T17:02:29.095+0000] {job.py:229} INFO - Heartbeat recovered after 11.23 seconds
[2025-04-07T17:02:43.360+0000] {another_another_test.py:80} INFO - Detected layout: tiles
[2025-04-07T17:02:44.659+0000] {another_another_test.py:229} INFO - Saved/Updated 1536 products to /opt/***/csv/src_output/part1_20250407/part1_data_Automotive_Exterior Accessories_20250407.csv
[2025-04-07T17:02:44.990+0000] {another_another_test.py:249} INFO - Page 64 for Automotive/Exterior Accessories : Crawled 24 items in 33.15 seconds
[2025-04-07T17:02:45.014+0000] {another_another_test.py:259} INFO - Moving to page 65 for Automotive/Exterior Accessories
[2025-04-07T17:05:14.481+0000] {another_another_test.py:262} ERROR - Error during scraping https://www.amazon.com/s?i=automotive-intl-ship&bbn=2562090011&rh=n%3A2562090011%2Cn%3A15690151%2Cn%3A15857511&s=date-desc-rank&page=65&qid=1744045332&xpid=HOhqzuvwA41Rl&ref=sr_pg_64: HTTPConnectionPool(host='localhost', port=36901): Read timed out. (read timeout=120)
[2025-04-07T17:02:57.371+0000] {job.py:239} ERROR - Job heartbeat failed with error
Traceback (most recent call last):
  File "/home/airflow/.local/lib/python3.12/site-packages/sqlalchemy/engine/base.py", line 3371, in _wrap_pool_connect
    return fn()
           ^^^^
  File "/home/airflow/.local/lib/python3.12/site-packages/sqlalchemy/pool/base.py", line 327, in connect
    return _ConnectionFairy._checkout(self)
           ^^^^^^^^^^^^^^^^^^^^^^^^^^^^^^^^
  File "/home/airflow/.local/lib/python3.12/site-packages/sqlalchemy/pool/base.py", line 894, in _checkout
    fairy = _ConnectionRecord.checkout(pool)
            ^^^^^^^^^^^^^^^^^^^^^^^^^^^^^^^^
  File "/home/airflow/.local/lib/python3.12/site-packages/sqlalchemy/pool/base.py", line 493, in checkout
    rec = pool._do_get()
          ^^^^^^^^^^^^^^
  File "/home/airflow/.local/lib/python3.12/site-packages/sqlalchemy/pool/impl.py", line 256, in _do_get
    return self._create_connection()
           ^^^^^^^^^^^^^^^^^^^^^^^^^
  File "/home/airflow/.local/lib/python3.12/site-packages/sqlalchemy/pool/base.py", line 273, in _create_connection
    return _ConnectionRecord(self)
           ^^^^^^^^^^^^^^^^^^^^^^^
  File "/home/airflow/.local/lib/python3.12/site-packages/sqlalchemy/pool/base.py", line 388, in __init__
    self.__connect()
  File "/home/airflow/.local/lib/python3.12/site-packages/sqlalchemy/pool/base.py", line 690, in __connect
    with util.safe_reraise():
         ^^^^^^^^^^^^^^^^^^^
  File "/home/airflow/.local/lib/python3.12/site-packages/sqlalchemy/util/langhelpers.py", line 70, in __exit__
    compat.raise_(
  File "/home/airflow/.local/lib/python3.12/site-packages/sqlalchemy/util/compat.py", line 211, in raise_
    raise exception
  File "/home/airflow/.local/lib/python3.12/site-packages/sqlalchemy/pool/base.py", line 686, in __connect
    self.dbapi_connection = connection = pool._invoke_creator(self)
                                         ^^^^^^^^^^^^^^^^^^^^^^^^^^
  File "/home/airflow/.local/lib/python3.12/site-packages/sqlalchemy/engine/create.py", line 574, in connect
    return dialect.connect(*cargs, **cparams)
           ^^^^^^^^^^^^^^^^^^^^^^^^^^^^^^^^^^
  File "/home/airflow/.local/lib/python3.12/site-packages/sqlalchemy/engine/default.py", line 598, in connect
    return self.dbapi.connect(*cargs, **cparams)
           ^^^^^^^^^^^^^^^^^^^^^^^^^^^^^^^^^^^^^
  File "/home/airflow/.local/lib/python3.12/site-packages/psycopg2/__init__.py", line 122, in connect
    conn = _connect(dsn, connection_factory=connection_factory, **kwasync)
           ^^^^^^^^^^^^^^^^^^^^^^^^^^^^^^^^^^^^^^^^^^^^^^^^^^^^^^^^^^^^^^^
psycopg2.OperationalError: could not translate host name "postgres" to address: Temporary failure in name resolution


The above exception was the direct cause of the following exception:

Traceback (most recent call last):
  File "/home/airflow/.local/lib/python3.12/site-packages/airflow/jobs/job.py", line 233, in heartbeat
    heartbeat_callback(session)
  File "/home/airflow/.local/lib/python3.12/site-packages/airflow/utils/session.py", line 94, in wrapper
    return func(*args, **kwargs)
           ^^^^^^^^^^^^^^^^^^^^^
  File "/home/airflow/.local/lib/python3.12/site-packages/airflow/jobs/local_task_job_runner.py", line 284, in heartbeat_callback
    self.task_instance.refresh_from_db()
  File "/home/airflow/.local/lib/python3.12/site-packages/airflow/utils/session.py", line 97, in wrapper
    return func(*args, session=session, **kwargs)
           ^^^^^^^^^^^^^^^^^^^^^^^^^^^^^^^^^^^^^^
  File "/home/airflow/.local/lib/python3.12/site-packages/airflow/models/taskinstance.py", line 2360, in refresh_from_db
    _refresh_from_db(task_instance=self, session=session, lock_for_update=lock_for_update)
  File "/home/airflow/.local/lib/python3.12/site-packages/airflow/models/taskinstance.py", line 873, in _refresh_from_db
    ti = TaskInstance.get_task_instance(
         ^^^^^^^^^^^^^^^^^^^^^^^^^^^^^^^
  File "/home/airflow/.local/lib/python3.12/site-packages/airflow/api_internal/internal_api_call.py", line 166, in wrapper
    return func(*args, **kwargs)
           ^^^^^^^^^^^^^^^^^^^^^
  File "/home/airflow/.local/lib/python3.12/site-packages/airflow/utils/session.py", line 94, in wrapper
    return func(*args, **kwargs)
           ^^^^^^^^^^^^^^^^^^^^^
  File "/home/airflow/.local/lib/python3.12/site-packages/airflow/models/taskinstance.py", line 2346, in get_task_instance
    return query.one_or_none()
           ^^^^^^^^^^^^^^^^^^^
  File "/home/airflow/.local/lib/python3.12/site-packages/sqlalchemy/orm/query.py", line 2850, in one_or_none
    return self._iter().one_or_none()
           ^^^^^^^^^^^^
  File "/home/airflow/.local/lib/python3.12/site-packages/sqlalchemy/orm/query.py", line 2916, in _iter
    result = self.session.execute(
             ^^^^^^^^^^^^^^^^^^^^^
  File "/home/airflow/.local/lib/python3.12/site-packages/sqlalchemy/orm/session.py", line 1716, in execute
    conn = self._connection_for_bind(bind)
           ^^^^^^^^^^^^^^^^^^^^^^^^^^^^^^^
  File "/home/airflow/.local/lib/python3.12/site-packages/sqlalchemy/orm/session.py", line 1555, in _connection_for_bind
    return self._transaction._connection_for_bind(
           ^^^^^^^^^^^^^^^^^^^^^^^^^^^^^^^^^^^^^^^
  File "/home/airflow/.local/lib/python3.12/site-packages/sqlalchemy/orm/session.py", line 750, in _connection_for_bind
    conn = bind.connect()
           ^^^^^^^^^^^^^^
  File "/home/airflow/.local/lib/python3.12/site-packages/sqlalchemy/future/engine.py", line 412, in connect
    return super(Engine, self).connect()
           ^^^^^^^^^^^^^^^^^^^^^^^^^^^^^
  File "/home/airflow/.local/lib/python3.12/site-packages/sqlalchemy/engine/base.py", line 3325, in connect
    return self._connection_cls(self, close_with_result=close_with_result)
           ^^^^^^^^^^^^^^^^^^^^^^^^^^^^^^^^^^^^^^^^^^^^^^^^^^^^^^^^^^^^^^^
  File "/home/airflow/.local/lib/python3.12/site-packages/sqlalchemy/engine/base.py", line 96, in __init__
    else engine.raw_connection()
         ^^^^^^^^^^^^^^^^^^^^^^^
  File "/home/airflow/.local/lib/python3.12/site-packages/sqlalchemy/engine/base.py", line 3404, in raw_connection
    return self._wrap_pool_connect(self.pool.connect, _connection)
           ^^^^^^^^^^^^^^^^^^^^^^^^^^^^^^^^^^^^^^^^^^^^^^^^^^^^^^^
  File "/home/airflow/.local/lib/python3.12/site-packages/sqlalchemy/engine/base.py", line 3374, in _wrap_pool_connect
    Connection._handle_dbapi_exception_noconnection(
  File "/home/airflow/.local/lib/python3.12/site-packages/sqlalchemy/engine/base.py", line 2208, in _handle_dbapi_exception_noconnection
    util.raise_(
  File "/home/airflow/.local/lib/python3.12/site-packages/sqlalchemy/util/compat.py", line 211, in raise_
    raise exception
  File "/home/airflow/.local/lib/python3.12/site-packages/sqlalchemy/engine/base.py", line 3371, in _wrap_pool_connect
    return fn()
           ^^^^
  File "/home/airflow/.local/lib/python3.12/site-packages/sqlalchemy/pool/base.py", line 327, in connect
    return _ConnectionFairy._checkout(self)
           ^^^^^^^^^^^^^^^^^^^^^^^^^^^^^^^^
  File "/home/airflow/.local/lib/python3.12/site-packages/sqlalchemy/pool/base.py", line 894, in _checkout
    fairy = _ConnectionRecord.checkout(pool)
            ^^^^^^^^^^^^^^^^^^^^^^^^^^^^^^^^
  File "/home/airflow/.local/lib/python3.12/site-packages/sqlalchemy/pool/base.py", line 493, in checkout
    rec = pool._do_get()
          ^^^^^^^^^^^^^^
  File "/home/airflow/.local/lib/python3.12/site-packages/sqlalchemy/pool/impl.py", line 256, in _do_get
    return self._create_connection()
           ^^^^^^^^^^^^^^^^^^^^^^^^^
  File "/home/airflow/.local/lib/python3.12/site-packages/sqlalchemy/pool/base.py", line 273, in _create_connection
    return _ConnectionRecord(self)
           ^^^^^^^^^^^^^^^^^^^^^^^
  File "/home/airflow/.local/lib/python3.12/site-packages/sqlalchemy/pool/base.py", line 388, in __init__
    self.__connect()
  File "/home/airflow/.local/lib/python3.12/site-packages/sqlalchemy/pool/base.py", line 690, in __connect
    with util.safe_reraise():
         ^^^^^^^^^^^^^^^^^^^
  File "/home/airflow/.local/lib/python3.12/site-packages/sqlalchemy/util/langhelpers.py", line 70, in __exit__
    compat.raise_(
  File "/home/airflow/.local/lib/python3.12/site-packages/sqlalchemy/util/compat.py", line 211, in raise_
    raise exception
  File "/home/airflow/.local/lib/python3.12/site-packages/sqlalchemy/pool/base.py", line 686, in __connect
    self.dbapi_connection = connection = pool._invoke_creator(self)
                                         ^^^^^^^^^^^^^^^^^^^^^^^^^^
  File "/home/airflow/.local/lib/python3.12/site-packages/sqlalchemy/engine/create.py", line 574, in connect
    return dialect.connect(*cargs, **cparams)
           ^^^^^^^^^^^^^^^^^^^^^^^^^^^^^^^^^^
  File "/home/airflow/.local/lib/python3.12/site-packages/sqlalchemy/engine/default.py", line 598, in connect
    return self.dbapi.connect(*cargs, **cparams)
           ^^^^^^^^^^^^^^^^^^^^^^^^^^^^^^^^^^^^^
  File "/home/airflow/.local/lib/python3.12/site-packages/psycopg2/__init__.py", line 122, in connect
    conn = _connect(dsn, connection_factory=connection_factory, **kwasync)
           ^^^^^^^^^^^^^^^^^^^^^^^^^^^^^^^^^^^^^^^^^^^^^^^^^^^^^^^^^^^^^^^
sqlalchemy.exc.OperationalError: (psycopg2.OperationalError) could not translate host name "postgres" to address: Temporary failure in name resolution

(Background on this error at: https://sqlalche.me/e/14/e3q8)
[2025-04-07T17:05:59.142+0000] {job.py:254} ERROR - Job heartbeat failed with error. Scheduler is in unhealthy state
[2025-04-07T17:06:00.137+0000] {another_another_test.py:229} INFO - Saved/Updated 1536 products to /opt/***/csv/src_output/part1_20250407/part1_data_Automotive_Exterior Accessories_20250407.csv
[2025-04-07T17:06:05.340+0000] {another_another_test.py:286} INFO - Processing 4/15: Automotive/Interior Accessories - https://www.amazon.com/s?bbn=2562090011&rh=i%3Aspecialty-aps%2Cn%3A2562090011%2Cn%3A%2115690151%2Cn%3A15857501&s=date-desc-rank&ref_=nav_em__nav_desktop_sa_intl_interior_accessories_0_2_10_5
[2025-04-07T17:06:05.545+0000] {logger.py:11} INFO - ====== WebDriver manager ======
[2025-04-07T17:06:11.702+0000] {logger.py:11} INFO - Get LATEST chromedriver version for google-chrome
[2025-04-07T17:06:18.865+0000] {job.py:229} INFO - Heartbeat recovered after 211.61 seconds
[2025-04-07T17:06:19.155+0000] {logger.py:11} INFO - Get LATEST chromedriver version for google-chrome
[2025-04-07T17:06:19.423+0000] {logger.py:11} INFO - Driver [/home/***/.wdm/drivers/chromedriver/linux64/135.0.7049.42/chromedriver-linux64/chromedriver] found in cache
[2025-04-07T17:06:33.587+0000] {another_another_test.py:80} INFO - Detected layout: tiles
[2025-04-07T17:06:33.974+0000] {another_another_test.py:229} INFO - Saved/Updated 24 products to /opt/***/csv/src_output/part1_20250407/part1_data_Automotive_Interior Accessories_20250407.csv
[2025-04-07T17:06:33.978+0000] {another_another_test.py:249} INFO - Page 1 for Automotive/Interior Accessories : Crawled 24 items in 7.66 seconds
[2025-04-07T17:06:34.026+0000] {another_another_test.py:259} INFO - Moving to page 2 for Automotive/Interior Accessories
[2025-04-07T17:06:38.672+0000] {another_another_test.py:80} INFO - Detected layout: tiles
[2025-04-07T17:06:38.770+0000] {another_another_test.py:229} INFO - Saved/Updated 48 products to /opt/***/csv/src_output/part1_20250407/part1_data_Automotive_Interior Accessories_20250407.csv
[2025-04-07T17:06:38.771+0000] {another_another_test.py:249} INFO - Page 2 for Automotive/Interior Accessories : Crawled 24 items in 4.74 seconds
[2025-04-07T17:06:38.797+0000] {another_another_test.py:259} INFO - Moving to page 3 for Automotive/Interior Accessories
[2025-04-07T17:06:41.931+0000] {another_another_test.py:80} INFO - Detected layout: tiles
[2025-04-07T17:06:42.055+0000] {another_another_test.py:229} INFO - Saved/Updated 72 products to /opt/***/csv/src_output/part1_20250407/part1_data_Automotive_Interior Accessories_20250407.csv
[2025-04-07T17:06:42.060+0000] {another_another_test.py:249} INFO - Page 3 for Automotive/Interior Accessories : Crawled 24 items in 3.26 seconds
[2025-04-07T17:06:42.081+0000] {another_another_test.py:259} INFO - Moving to page 4 for Automotive/Interior Accessories
[2025-04-07T17:06:45.296+0000] {another_another_test.py:80} INFO - Detected layout: tiles
[2025-04-07T17:06:45.367+0000] {another_another_test.py:229} INFO - Saved/Updated 96 products to /opt/***/csv/src_output/part1_20250407/part1_data_Automotive_Interior Accessories_20250407.csv
[2025-04-07T17:06:45.368+0000] {another_another_test.py:249} INFO - Page 4 for Automotive/Interior Accessories : Crawled 24 items in 3.29 seconds
[2025-04-07T17:06:45.386+0000] {another_another_test.py:259} INFO - Moving to page 5 for Automotive/Interior Accessories
[2025-04-07T17:06:52.275+0000] {another_another_test.py:80} INFO - Detected layout: tiles
[2025-04-07T17:06:52.612+0000] {another_another_test.py:229} INFO - Saved/Updated 120 products to /opt/***/csv/src_output/part1_20250407/part1_data_Automotive_Interior Accessories_20250407.csv
[2025-04-07T17:06:52.613+0000] {another_another_test.py:249} INFO - Page 5 for Automotive/Interior Accessories : Crawled 24 items in 7.23 seconds
[2025-04-07T17:06:52.639+0000] {another_another_test.py:259} INFO - Moving to page 6 for Automotive/Interior Accessories
[2025-04-07T17:06:57.207+0000] {another_another_test.py:80} INFO - Detected layout: tiles
[2025-04-07T17:06:57.464+0000] {another_another_test.py:229} INFO - Saved/Updated 144 products to /opt/***/csv/src_output/part1_20250407/part1_data_Automotive_Interior Accessories_20250407.csv
[2025-04-07T17:06:57.468+0000] {another_another_test.py:249} INFO - Page 6 for Automotive/Interior Accessories : Crawled 24 items in 4.83 seconds
[2025-04-07T17:06:57.550+0000] {another_another_test.py:259} INFO - Moving to page 7 for Automotive/Interior Accessories
[2025-04-07T17:07:02.521+0000] {another_another_test.py:80} INFO - Detected layout: tiles
[2025-04-07T17:07:02.790+0000] {another_another_test.py:229} INFO - Saved/Updated 168 products to /opt/***/csv/src_output/part1_20250407/part1_data_Automotive_Interior Accessories_20250407.csv
[2025-04-07T17:07:02.793+0000] {another_another_test.py:249} INFO - Page 7 for Automotive/Interior Accessories : Crawled 24 items in 5.24 seconds
[2025-04-07T17:07:02.835+0000] {another_another_test.py:259} INFO - Moving to page 8 for Automotive/Interior Accessories
[2025-04-07T17:07:05.585+0000] {another_another_test.py:80} INFO - Detected layout: tiles
[2025-04-07T17:07:05.668+0000] {another_another_test.py:229} INFO - Saved/Updated 192 products to /opt/***/csv/src_output/part1_20250407/part1_data_Automotive_Interior Accessories_20250407.csv
[2025-04-07T17:07:05.669+0000] {another_another_test.py:249} INFO - Page 8 for Automotive/Interior Accessories : Crawled 24 items in 2.83 seconds
[2025-04-07T17:07:05.693+0000] {another_another_test.py:259} INFO - Moving to page 9 for Automotive/Interior Accessories
[2025-04-07T17:07:08.597+0000] {another_another_test.py:80} INFO - Detected layout: tiles
[2025-04-07T17:07:08.701+0000] {another_another_test.py:229} INFO - Saved/Updated 216 products to /opt/***/csv/src_output/part1_20250407/part1_data_Automotive_Interior Accessories_20250407.csv
[2025-04-07T17:07:08.702+0000] {another_another_test.py:249} INFO - Page 9 for Automotive/Interior Accessories : Crawled 24 items in 3.01 seconds
[2025-04-07T17:07:08.723+0000] {another_another_test.py:259} INFO - Moving to page 10 for Automotive/Interior Accessories
[2025-04-07T17:07:11.403+0000] {another_another_test.py:80} INFO - Detected layout: tiles
[2025-04-07T17:07:11.509+0000] {another_another_test.py:229} INFO - Saved/Updated 240 products to /opt/***/csv/src_output/part1_20250407/part1_data_Automotive_Interior Accessories_20250407.csv
[2025-04-07T17:07:11.510+0000] {another_another_test.py:249} INFO - Page 10 for Automotive/Interior Accessories : Crawled 24 items in 2.79 seconds
[2025-04-07T17:07:11.534+0000] {another_another_test.py:259} INFO - Moving to page 11 for Automotive/Interior Accessories
[2025-04-07T17:07:13.994+0000] {another_another_test.py:80} INFO - Detected layout: tiles
[2025-04-07T17:07:14.083+0000] {another_another_test.py:229} INFO - Saved/Updated 264 products to /opt/***/csv/src_output/part1_20250407/part1_data_Automotive_Interior Accessories_20250407.csv
[2025-04-07T17:07:14.084+0000] {another_another_test.py:249} INFO - Page 11 for Automotive/Interior Accessories : Crawled 24 items in 2.55 seconds
[2025-04-07T17:07:14.108+0000] {another_another_test.py:259} INFO - Moving to page 12 for Automotive/Interior Accessories
[2025-04-07T17:07:16.719+0000] {another_another_test.py:80} INFO - Detected layout: tiles
[2025-04-07T17:07:16.812+0000] {another_another_test.py:229} INFO - Saved/Updated 288 products to /opt/***/csv/src_output/part1_20250407/part1_data_Automotive_Interior Accessories_20250407.csv
[2025-04-07T17:07:16.812+0000] {another_another_test.py:249} INFO - Page 12 for Automotive/Interior Accessories : Crawled 24 items in 2.70 seconds
[2025-04-07T17:07:16.830+0000] {another_another_test.py:259} INFO - Moving to page 13 for Automotive/Interior Accessories
[2025-04-07T17:07:19.508+0000] {another_another_test.py:80} INFO - Detected layout: tiles
[2025-04-07T17:07:19.612+0000] {another_another_test.py:229} INFO - Saved/Updated 312 products to /opt/***/csv/src_output/part1_20250407/part1_data_Automotive_Interior Accessories_20250407.csv
[2025-04-07T17:07:19.613+0000] {another_another_test.py:249} INFO - Page 13 for Automotive/Interior Accessories : Crawled 24 items in 2.78 seconds
[2025-04-07T17:07:19.631+0000] {another_another_test.py:259} INFO - Moving to page 14 for Automotive/Interior Accessories
[2025-04-07T17:07:22.068+0000] {another_another_test.py:80} INFO - Detected layout: tiles
[2025-04-07T17:07:22.197+0000] {another_another_test.py:229} INFO - Saved/Updated 336 products to /opt/***/csv/src_output/part1_20250407/part1_data_Automotive_Interior Accessories_20250407.csv
[2025-04-07T17:07:22.199+0000] {another_another_test.py:249} INFO - Page 14 for Automotive/Interior Accessories : Crawled 24 items in 2.57 seconds
[2025-04-07T17:07:22.222+0000] {another_another_test.py:259} INFO - Moving to page 15 for Automotive/Interior Accessories
[2025-04-07T17:07:25.027+0000] {another_another_test.py:80} INFO - Detected layout: tiles
[2025-04-07T17:07:25.126+0000] {another_another_test.py:229} INFO - Saved/Updated 360 products to /opt/***/csv/src_output/part1_20250407/part1_data_Automotive_Interior Accessories_20250407.csv
[2025-04-07T17:07:25.127+0000] {another_another_test.py:249} INFO - Page 15 for Automotive/Interior Accessories : Crawled 24 items in 2.90 seconds
[2025-04-07T17:07:25.162+0000] {another_another_test.py:259} INFO - Moving to page 16 for Automotive/Interior Accessories
[2025-04-07T17:07:27.821+0000] {another_another_test.py:80} INFO - Detected layout: tiles
[2025-04-07T17:07:27.922+0000] {another_another_test.py:229} INFO - Saved/Updated 384 products to /opt/***/csv/src_output/part1_20250407/part1_data_Automotive_Interior Accessories_20250407.csv
[2025-04-07T17:07:27.923+0000] {another_another_test.py:249} INFO - Page 16 for Automotive/Interior Accessories : Crawled 24 items in 2.76 seconds
[2025-04-07T17:07:27.943+0000] {another_another_test.py:259} INFO - Moving to page 17 for Automotive/Interior Accessories
[2025-04-07T17:07:31.255+0000] {another_another_test.py:80} INFO - Detected layout: tiles
[2025-04-07T17:07:31.348+0000] {another_another_test.py:229} INFO - Saved/Updated 408 products to /opt/***/csv/src_output/part1_20250407/part1_data_Automotive_Interior Accessories_20250407.csv
[2025-04-07T17:07:31.350+0000] {another_another_test.py:249} INFO - Page 17 for Automotive/Interior Accessories : Crawled 24 items in 3.41 seconds
[2025-04-07T17:07:31.371+0000] {another_another_test.py:259} INFO - Moving to page 18 for Automotive/Interior Accessories
[2025-04-07T17:07:34.459+0000] {another_another_test.py:80} INFO - Detected layout: tiles
[2025-04-07T17:07:34.584+0000] {another_another_test.py:229} INFO - Saved/Updated 432 products to /opt/***/csv/src_output/part1_20250407/part1_data_Automotive_Interior Accessories_20250407.csv
[2025-04-07T17:07:34.586+0000] {another_another_test.py:249} INFO - Page 18 for Automotive/Interior Accessories : Crawled 24 items in 3.21 seconds
[2025-04-07T17:07:34.608+0000] {another_another_test.py:259} INFO - Moving to page 19 for Automotive/Interior Accessories
[2025-04-07T17:07:37.153+0000] {another_another_test.py:80} INFO - Detected layout: tiles
[2025-04-07T17:07:37.254+0000] {another_another_test.py:229} INFO - Saved/Updated 456 products to /opt/***/csv/src_output/part1_20250407/part1_data_Automotive_Interior Accessories_20250407.csv
[2025-04-07T17:07:37.255+0000] {another_another_test.py:249} INFO - Page 19 for Automotive/Interior Accessories : Crawled 24 items in 2.65 seconds
[2025-04-07T17:07:37.273+0000] {another_another_test.py:259} INFO - Moving to page 20 for Automotive/Interior Accessories
[2025-04-07T17:07:39.786+0000] {another_another_test.py:80} INFO - Detected layout: tiles
[2025-04-07T17:07:40.143+0000] {another_another_test.py:229} INFO - Saved/Updated 480 products to /opt/***/csv/src_output/part1_20250407/part1_data_Automotive_Interior Accessories_20250407.csv
[2025-04-07T17:07:40.144+0000] {another_another_test.py:249} INFO - Page 20 for Automotive/Interior Accessories : Crawled 24 items in 2.87 seconds
[2025-04-07T17:07:40.162+0000] {another_another_test.py:259} INFO - Moving to page 21 for Automotive/Interior Accessories
[2025-04-07T17:07:43.177+0000] {another_another_test.py:80} INFO - Detected layout: tiles
[2025-04-07T17:07:43.294+0000] {another_another_test.py:229} INFO - Saved/Updated 504 products to /opt/***/csv/src_output/part1_20250407/part1_data_Automotive_Interior Accessories_20250407.csv
[2025-04-07T17:07:43.295+0000] {another_another_test.py:249} INFO - Page 21 for Automotive/Interior Accessories : Crawled 24 items in 3.13 seconds
[2025-04-07T17:07:43.311+0000] {another_another_test.py:259} INFO - Moving to page 22 for Automotive/Interior Accessories
[2025-04-07T17:07:46.011+0000] {another_another_test.py:80} INFO - Detected layout: tiles
[2025-04-07T17:07:46.136+0000] {another_another_test.py:229} INFO - Saved/Updated 528 products to /opt/***/csv/src_output/part1_20250407/part1_data_Automotive_Interior Accessories_20250407.csv
[2025-04-07T17:07:46.137+0000] {another_another_test.py:249} INFO - Page 22 for Automotive/Interior Accessories : Crawled 24 items in 2.83 seconds
[2025-04-07T17:07:46.158+0000] {another_another_test.py:259} INFO - Moving to page 23 for Automotive/Interior Accessories
[2025-04-07T17:07:48.555+0000] {another_another_test.py:80} INFO - Detected layout: tiles
[2025-04-07T17:07:48.672+0000] {another_another_test.py:229} INFO - Saved/Updated 552 products to /opt/***/csv/src_output/part1_20250407/part1_data_Automotive_Interior Accessories_20250407.csv
[2025-04-07T17:07:48.674+0000] {another_another_test.py:249} INFO - Page 23 for Automotive/Interior Accessories : Crawled 24 items in 2.52 seconds
[2025-04-07T17:07:48.692+0000] {another_another_test.py:259} INFO - Moving to page 24 for Automotive/Interior Accessories
[2025-04-07T17:07:51.374+0000] {another_another_test.py:80} INFO - Detected layout: tiles
[2025-04-07T17:07:51.474+0000] {another_another_test.py:229} INFO - Saved/Updated 576 products to /opt/***/csv/src_output/part1_20250407/part1_data_Automotive_Interior Accessories_20250407.csv
[2025-04-07T17:07:51.475+0000] {another_another_test.py:249} INFO - Page 24 for Automotive/Interior Accessories : Crawled 24 items in 2.78 seconds
[2025-04-07T17:07:51.496+0000] {another_another_test.py:259} INFO - Moving to page 25 for Automotive/Interior Accessories
[2025-04-07T17:07:53.917+0000] {another_another_test.py:80} INFO - Detected layout: tiles
[2025-04-07T17:07:54.020+0000] {another_another_test.py:229} INFO - Saved/Updated 600 products to /opt/***/csv/src_output/part1_20250407/part1_data_Automotive_Interior Accessories_20250407.csv
[2025-04-07T17:07:54.021+0000] {another_another_test.py:249} INFO - Page 25 for Automotive/Interior Accessories : Crawled 24 items in 2.52 seconds
[2025-04-07T17:07:54.036+0000] {another_another_test.py:259} INFO - Moving to page 26 for Automotive/Interior Accessories
[2025-04-07T17:07:57.154+0000] {another_another_test.py:80} INFO - Detected layout: tiles
[2025-04-07T17:07:57.269+0000] {another_another_test.py:229} INFO - Saved/Updated 624 products to /opt/***/csv/src_output/part1_20250407/part1_data_Automotive_Interior Accessories_20250407.csv
[2025-04-07T17:07:57.271+0000] {another_another_test.py:249} INFO - Page 26 for Automotive/Interior Accessories : Crawled 24 items in 3.23 seconds
[2025-04-07T17:07:57.315+0000] {another_another_test.py:259} INFO - Moving to page 27 for Automotive/Interior Accessories
[2025-04-07T17:08:00.098+0000] {another_another_test.py:80} INFO - Detected layout: tiles
[2025-04-07T17:08:00.205+0000] {another_another_test.py:229} INFO - Saved/Updated 648 products to /opt/***/csv/src_output/part1_20250407/part1_data_Automotive_Interior Accessories_20250407.csv
[2025-04-07T17:08:00.206+0000] {another_another_test.py:249} INFO - Page 27 for Automotive/Interior Accessories : Crawled 24 items in 2.89 seconds
[2025-04-07T17:08:00.231+0000] {another_another_test.py:259} INFO - Moving to page 28 for Automotive/Interior Accessories
[2025-04-07T17:08:02.575+0000] {another_another_test.py:80} INFO - Detected layout: tiles
[2025-04-07T17:08:02.670+0000] {another_another_test.py:229} INFO - Saved/Updated 672 products to /opt/***/csv/src_output/part1_20250407/part1_data_Automotive_Interior Accessories_20250407.csv
[2025-04-07T17:08:02.671+0000] {another_another_test.py:249} INFO - Page 28 for Automotive/Interior Accessories : Crawled 24 items in 2.44 seconds
[2025-04-07T17:08:02.688+0000] {another_another_test.py:259} INFO - Moving to page 29 for Automotive/Interior Accessories
[2025-04-07T17:08:05.070+0000] {another_another_test.py:80} INFO - Detected layout: tiles
[2025-04-07T17:08:05.201+0000] {another_another_test.py:229} INFO - Saved/Updated 696 products to /opt/***/csv/src_output/part1_20250407/part1_data_Automotive_Interior Accessories_20250407.csv
[2025-04-07T17:08:05.203+0000] {another_another_test.py:249} INFO - Page 29 for Automotive/Interior Accessories : Crawled 24 items in 2.51 seconds
[2025-04-07T17:08:05.224+0000] {another_another_test.py:259} INFO - Moving to page 30 for Automotive/Interior Accessories
[2025-04-07T17:08:07.768+0000] {another_another_test.py:80} INFO - Detected layout: tiles
[2025-04-07T17:08:07.893+0000] {another_another_test.py:229} INFO - Saved/Updated 720 products to /opt/***/csv/src_output/part1_20250407/part1_data_Automotive_Interior Accessories_20250407.csv
[2025-04-07T17:08:07.894+0000] {another_another_test.py:249} INFO - Page 30 for Automotive/Interior Accessories : Crawled 24 items in 2.67 seconds
[2025-04-07T17:08:07.921+0000] {another_another_test.py:259} INFO - Moving to page 31 for Automotive/Interior Accessories
[2025-04-07T17:08:10.855+0000] {another_another_test.py:80} INFO - Detected layout: tiles
[2025-04-07T17:08:10.951+0000] {another_another_test.py:229} INFO - Saved/Updated 744 products to /opt/***/csv/src_output/part1_20250407/part1_data_Automotive_Interior Accessories_20250407.csv
[2025-04-07T17:08:10.952+0000] {another_another_test.py:249} INFO - Page 31 for Automotive/Interior Accessories : Crawled 24 items in 3.03 seconds
[2025-04-07T17:08:10.968+0000] {another_another_test.py:259} INFO - Moving to page 32 for Automotive/Interior Accessories
[2025-04-07T17:08:13.450+0000] {another_another_test.py:80} INFO - Detected layout: tiles
[2025-04-07T17:08:13.557+0000] {another_another_test.py:229} INFO - Saved/Updated 768 products to /opt/***/csv/src_output/part1_20250407/part1_data_Automotive_Interior Accessories_20250407.csv
[2025-04-07T17:08:13.558+0000] {another_another_test.py:249} INFO - Page 32 for Automotive/Interior Accessories : Crawled 24 items in 2.59 seconds
[2025-04-07T17:08:13.574+0000] {another_another_test.py:259} INFO - Moving to page 33 for Automotive/Interior Accessories
[2025-04-07T17:08:15.920+0000] {another_another_test.py:80} INFO - Detected layout: tiles
[2025-04-07T17:08:16.033+0000] {another_another_test.py:229} INFO - Saved/Updated 792 products to /opt/***/csv/src_output/part1_20250407/part1_data_Automotive_Interior Accessories_20250407.csv
[2025-04-07T17:08:16.034+0000] {another_another_test.py:249} INFO - Page 33 for Automotive/Interior Accessories : Crawled 24 items in 2.46 seconds
[2025-04-07T17:08:16.051+0000] {another_another_test.py:259} INFO - Moving to page 34 for Automotive/Interior Accessories
[2025-04-07T17:08:18.837+0000] {another_another_test.py:80} INFO - Detected layout: tiles
[2025-04-07T17:08:18.961+0000] {another_another_test.py:229} INFO - Saved/Updated 816 products to /opt/***/csv/src_output/part1_20250407/part1_data_Automotive_Interior Accessories_20250407.csv
[2025-04-07T17:08:18.963+0000] {another_another_test.py:249} INFO - Page 34 for Automotive/Interior Accessories : Crawled 24 items in 2.91 seconds
[2025-04-07T17:08:18.980+0000] {another_another_test.py:259} INFO - Moving to page 35 for Automotive/Interior Accessories
[2025-04-07T17:08:21.733+0000] {another_another_test.py:80} INFO - Detected layout: tiles
[2025-04-07T17:08:21.874+0000] {another_another_test.py:229} INFO - Saved/Updated 840 products to /opt/***/csv/src_output/part1_20250407/part1_data_Automotive_Interior Accessories_20250407.csv
[2025-04-07T17:08:21.875+0000] {another_another_test.py:249} INFO - Page 35 for Automotive/Interior Accessories : Crawled 24 items in 2.89 seconds
[2025-04-07T17:08:21.897+0000] {another_another_test.py:259} INFO - Moving to page 36 for Automotive/Interior Accessories
[2025-04-07T17:08:24.721+0000] {another_another_test.py:80} INFO - Detected layout: tiles
[2025-04-07T17:08:24.840+0000] {another_another_test.py:229} INFO - Saved/Updated 864 products to /opt/***/csv/src_output/part1_20250407/part1_data_Automotive_Interior Accessories_20250407.csv
[2025-04-07T17:08:24.841+0000] {another_another_test.py:249} INFO - Page 36 for Automotive/Interior Accessories : Crawled 24 items in 2.94 seconds
[2025-04-07T17:08:24.859+0000] {another_another_test.py:259} INFO - Moving to page 37 for Automotive/Interior Accessories
[2025-04-07T17:08:27.516+0000] {another_another_test.py:80} INFO - Detected layout: tiles
[2025-04-07T17:08:27.635+0000] {another_another_test.py:229} INFO - Saved/Updated 888 products to /opt/***/csv/src_output/part1_20250407/part1_data_Automotive_Interior Accessories_20250407.csv
[2025-04-07T17:08:27.636+0000] {another_another_test.py:249} INFO - Page 37 for Automotive/Interior Accessories : Crawled 24 items in 2.78 seconds
[2025-04-07T17:08:27.656+0000] {another_another_test.py:259} INFO - Moving to page 38 for Automotive/Interior Accessories
[2025-04-07T17:08:30.077+0000] {another_another_test.py:80} INFO - Detected layout: tiles
[2025-04-07T17:08:30.209+0000] {another_another_test.py:229} INFO - Saved/Updated 912 products to /opt/***/csv/src_output/part1_20250407/part1_data_Automotive_Interior Accessories_20250407.csv
[2025-04-07T17:08:30.210+0000] {another_another_test.py:249} INFO - Page 38 for Automotive/Interior Accessories : Crawled 24 items in 2.55 seconds
[2025-04-07T17:08:30.226+0000] {another_another_test.py:259} INFO - Moving to page 39 for Automotive/Interior Accessories
[2025-04-07T17:08:33.962+0000] {another_another_test.py:80} INFO - Detected layout: tiles
[2025-04-07T17:08:34.087+0000] {another_another_test.py:229} INFO - Saved/Updated 936 products to /opt/***/csv/src_output/part1_20250407/part1_data_Automotive_Interior Accessories_20250407.csv
[2025-04-07T17:08:34.089+0000] {another_another_test.py:249} INFO - Page 39 for Automotive/Interior Accessories : Crawled 24 items in 3.86 seconds
[2025-04-07T17:08:34.108+0000] {another_another_test.py:259} INFO - Moving to page 40 for Automotive/Interior Accessories
[2025-04-07T17:08:36.500+0000] {another_another_test.py:80} INFO - Detected layout: tiles
[2025-04-07T17:08:36.626+0000] {another_another_test.py:229} INFO - Saved/Updated 960 products to /opt/***/csv/src_output/part1_20250407/part1_data_Automotive_Interior Accessories_20250407.csv
[2025-04-07T17:08:36.628+0000] {another_another_test.py:249} INFO - Page 40 for Automotive/Interior Accessories : Crawled 24 items in 2.52 seconds
[2025-04-07T17:08:36.655+0000] {another_another_test.py:259} INFO - Moving to page 41 for Automotive/Interior Accessories
[2025-04-07T17:08:41.275+0000] {another_another_test.py:80} INFO - Detected layout: tiles
[2025-04-07T17:08:41.606+0000] {another_another_test.py:229} INFO - Saved/Updated 984 products to /opt/***/csv/src_output/part1_20250407/part1_data_Automotive_Interior Accessories_20250407.csv
[2025-04-07T17:08:41.612+0000] {another_another_test.py:249} INFO - Page 41 for Automotive/Interior Accessories : Crawled 24 items in 4.96 seconds
[2025-04-07T17:08:41.662+0000] {another_another_test.py:259} INFO - Moving to page 42 for Automotive/Interior Accessories
[2025-04-07T17:08:45.552+0000] {another_another_test.py:80} INFO - Detected layout: tiles
[2025-04-07T17:08:45.849+0000] {another_another_test.py:229} INFO - Saved/Updated 1008 products to /opt/***/csv/src_output/part1_20250407/part1_data_Automotive_Interior Accessories_20250407.csv
[2025-04-07T17:08:45.851+0000] {another_another_test.py:249} INFO - Page 42 for Automotive/Interior Accessories : Crawled 24 items in 4.18 seconds
[2025-04-07T17:08:45.894+0000] {another_another_test.py:259} INFO - Moving to page 43 for Automotive/Interior Accessories
[2025-04-07T17:08:49.478+0000] {another_another_test.py:80} INFO - Detected layout: tiles
[2025-04-07T17:08:49.673+0000] {another_another_test.py:229} INFO - Saved/Updated 1032 products to /opt/***/csv/src_output/part1_20250407/part1_data_Automotive_Interior Accessories_20250407.csv
[2025-04-07T17:08:49.674+0000] {another_another_test.py:249} INFO - Page 43 for Automotive/Interior Accessories : Crawled 24 items in 3.78 seconds
[2025-04-07T17:08:49.696+0000] {another_another_test.py:259} INFO - Moving to page 44 for Automotive/Interior Accessories
[2025-04-07T17:08:55.964+0000] {another_another_test.py:80} INFO - Detected layout: tiles
[2025-04-07T17:08:56.156+0000] {another_another_test.py:229} INFO - Saved/Updated 1056 products to /opt/***/csv/src_output/part1_20250407/part1_data_Automotive_Interior Accessories_20250407.csv
[2025-04-07T17:08:56.157+0000] {another_another_test.py:249} INFO - Page 44 for Automotive/Interior Accessories : Crawled 24 items in 6.46 seconds
[2025-04-07T17:08:56.185+0000] {another_another_test.py:259} INFO - Moving to page 45 for Automotive/Interior Accessories
[2025-04-07T17:08:59.288+0000] {another_another_test.py:80} INFO - Detected layout: tiles
[2025-04-07T17:08:59.479+0000] {another_another_test.py:229} INFO - Saved/Updated 1080 products to /opt/***/csv/src_output/part1_20250407/part1_data_Automotive_Interior Accessories_20250407.csv
[2025-04-07T17:08:59.480+0000] {another_another_test.py:249} INFO - Page 45 for Automotive/Interior Accessories : Crawled 24 items in 3.29 seconds
[2025-04-07T17:08:59.515+0000] {another_another_test.py:259} INFO - Moving to page 46 for Automotive/Interior Accessories
[2025-04-07T17:09:07.283+0000] {another_another_test.py:80} INFO - Detected layout: tiles
[2025-04-07T17:09:07.861+0000] {another_another_test.py:229} INFO - Saved/Updated 1104 products to /opt/***/csv/src_output/part1_20250407/part1_data_Automotive_Interior Accessories_20250407.csv
[2025-04-07T17:09:07.869+0000] {another_another_test.py:249} INFO - Page 46 for Automotive/Interior Accessories : Crawled 24 items in 8.35 seconds
[2025-04-07T17:09:07.928+0000] {another_another_test.py:259} INFO - Moving to page 47 for Automotive/Interior Accessories
[2025-04-07T17:09:11.478+0000] {another_another_test.py:80} INFO - Detected layout: tiles
[2025-04-07T17:09:11.839+0000] {another_another_test.py:229} INFO - Saved/Updated 1128 products to /opt/***/csv/src_output/part1_20250407/part1_data_Automotive_Interior Accessories_20250407.csv
[2025-04-07T17:09:11.841+0000] {another_another_test.py:249} INFO - Page 47 for Automotive/Interior Accessories : Crawled 24 items in 3.91 seconds
[2025-04-07T17:09:11.941+0000] {another_another_test.py:259} INFO - Moving to page 48 for Automotive/Interior Accessories
[2025-04-07T17:09:17.659+0000] {another_another_test.py:80} INFO - Detected layout: tiles
[2025-04-07T17:09:18.181+0000] {another_another_test.py:229} INFO - Saved/Updated 1152 products to /opt/***/csv/src_output/part1_20250407/part1_data_Automotive_Interior Accessories_20250407.csv
[2025-04-07T17:09:18.183+0000] {another_another_test.py:249} INFO - Page 48 for Automotive/Interior Accessories : Crawled 24 items in 6.24 seconds
[2025-04-07T17:09:18.224+0000] {another_another_test.py:259} INFO - Moving to page 49 for Automotive/Interior Accessories
[2025-04-07T17:09:23.685+0000] {another_another_test.py:80} INFO - Detected layout: tiles
[2025-04-07T17:09:24.232+0000] {another_another_test.py:229} INFO - Saved/Updated 1176 products to /opt/***/csv/src_output/part1_20250407/part1_data_Automotive_Interior Accessories_20250407.csv
[2025-04-07T17:09:24.235+0000] {another_another_test.py:249} INFO - Page 49 for Automotive/Interior Accessories : Crawled 24 items in 6.01 seconds
[2025-04-07T17:09:24.285+0000] {another_another_test.py:259} INFO - Moving to page 50 for Automotive/Interior Accessories
[2025-04-07T17:09:31.312+0000] {another_another_test.py:80} INFO - Detected layout: tiles
[2025-04-07T17:09:31.627+0000] {another_another_test.py:229} INFO - Saved/Updated 1200 products to /opt/***/csv/src_output/part1_20250407/part1_data_Automotive_Interior Accessories_20250407.csv
[2025-04-07T17:09:31.628+0000] {another_another_test.py:249} INFO - Page 50 for Automotive/Interior Accessories : Crawled 24 items in 7.34 seconds
[2025-04-07T17:09:31.647+0000] {another_another_test.py:259} INFO - Moving to page 51 for Automotive/Interior Accessories
[2025-04-07T17:09:40.206+0000] {another_another_test.py:80} INFO - Detected layout: tiles
[2025-04-07T17:09:40.394+0000] {another_another_test.py:229} INFO - Saved/Updated 1224 products to /opt/***/csv/src_output/part1_20250407/part1_data_Automotive_Interior Accessories_20250407.csv
[2025-04-07T17:09:40.396+0000] {another_another_test.py:249} INFO - Page 51 for Automotive/Interior Accessories : Crawled 24 items in 8.75 seconds
[2025-04-07T17:09:40.431+0000] {another_another_test.py:259} INFO - Moving to page 52 for Automotive/Interior Accessories
[2025-04-07T17:09:46.302+0000] {another_another_test.py:80} INFO - Detected layout: tiles
[2025-04-07T17:09:46.476+0000] {another_another_test.py:229} INFO - Saved/Updated 1248 products to /opt/***/csv/src_output/part1_20250407/part1_data_Automotive_Interior Accessories_20250407.csv
[2025-04-07T17:09:46.478+0000] {another_another_test.py:249} INFO - Page 52 for Automotive/Interior Accessories : Crawled 24 items in 6.05 seconds
[2025-04-07T17:09:46.505+0000] {another_another_test.py:259} INFO - Moving to page 53 for Automotive/Interior Accessories
[2025-04-07T17:09:49.189+0000] {another_another_test.py:80} INFO - Detected layout: tiles
[2025-04-07T17:09:49.357+0000] {another_another_test.py:229} INFO - Saved/Updated 1272 products to /opt/***/csv/src_output/part1_20250407/part1_data_Automotive_Interior Accessories_20250407.csv
[2025-04-07T17:09:49.358+0000] {another_another_test.py:249} INFO - Page 53 for Automotive/Interior Accessories : Crawled 24 items in 2.85 seconds
[2025-04-07T17:09:49.378+0000] {another_another_test.py:259} INFO - Moving to page 54 for Automotive/Interior Accessories
[2025-04-07T17:09:52.165+0000] {another_another_test.py:80} INFO - Detected layout: tiles
[2025-04-07T17:09:52.309+0000] {another_another_test.py:229} INFO - Saved/Updated 1296 products to /opt/***/csv/src_output/part1_20250407/part1_data_Automotive_Interior Accessories_20250407.csv
[2025-04-07T17:09:52.310+0000] {another_another_test.py:249} INFO - Page 54 for Automotive/Interior Accessories : Crawled 24 items in 2.93 seconds
[2025-04-07T17:09:52.325+0000] {another_another_test.py:259} INFO - Moving to page 55 for Automotive/Interior Accessories
[2025-04-07T17:09:55.438+0000] {another_another_test.py:80} INFO - Detected layout: tiles
[2025-04-07T17:09:55.709+0000] {another_another_test.py:229} INFO - Saved/Updated 1320 products to /opt/***/csv/src_output/part1_20250407/part1_data_Automotive_Interior Accessories_20250407.csv
[2025-04-07T17:09:55.713+0000] {another_another_test.py:249} INFO - Page 55 for Automotive/Interior Accessories : Crawled 24 items in 3.39 seconds
[2025-04-07T17:09:55.759+0000] {another_another_test.py:259} INFO - Moving to page 56 for Automotive/Interior Accessories
[2025-04-07T17:09:58.755+0000] {another_another_test.py:80} INFO - Detected layout: tiles
[2025-04-07T17:09:58.911+0000] {another_another_test.py:229} INFO - Saved/Updated 1344 products to /opt/***/csv/src_output/part1_20250407/part1_data_Automotive_Interior Accessories_20250407.csv
[2025-04-07T17:09:58.912+0000] {another_another_test.py:249} INFO - Page 56 for Automotive/Interior Accessories : Crawled 24 items in 3.15 seconds
[2025-04-07T17:09:58.939+0000] {another_another_test.py:259} INFO - Moving to page 57 for Automotive/Interior Accessories
[2025-04-07T17:10:02.506+0000] {another_another_test.py:80} INFO - Detected layout: tiles
[2025-04-07T17:10:02.647+0000] {another_another_test.py:229} INFO - Saved/Updated 1368 products to /opt/***/csv/src_output/part1_20250407/part1_data_Automotive_Interior Accessories_20250407.csv
[2025-04-07T17:10:02.648+0000] {another_another_test.py:249} INFO - Page 57 for Automotive/Interior Accessories : Crawled 24 items in 3.71 seconds
[2025-04-07T17:10:02.665+0000] {another_another_test.py:259} INFO - Moving to page 58 for Automotive/Interior Accessories
[2025-04-07T17:10:07.523+0000] {another_another_test.py:80} INFO - Detected layout: tiles
[2025-04-07T17:10:07.666+0000] {another_another_test.py:229} INFO - Saved/Updated 1392 products to /opt/***/csv/src_output/part1_20250407/part1_data_Automotive_Interior Accessories_20250407.csv
[2025-04-07T17:10:07.668+0000] {another_another_test.py:249} INFO - Page 58 for Automotive/Interior Accessories : Crawled 24 items in 5.00 seconds
[2025-04-07T17:10:07.689+0000] {another_another_test.py:259} INFO - Moving to page 59 for Automotive/Interior Accessories
[2025-04-07T17:10:11.539+0000] {another_another_test.py:80} INFO - Detected layout: tiles
[2025-04-07T17:10:11.719+0000] {another_another_test.py:229} INFO - Saved/Updated 1416 products to /opt/***/csv/src_output/part1_20250407/part1_data_Automotive_Interior Accessories_20250407.csv
[2025-04-07T17:10:11.721+0000] {another_another_test.py:249} INFO - Page 59 for Automotive/Interior Accessories : Crawled 24 items in 4.03 seconds
[2025-04-07T17:10:11.746+0000] {another_another_test.py:259} INFO - Moving to page 60 for Automotive/Interior Accessories
[2025-04-07T17:10:14.774+0000] {another_another_test.py:80} INFO - Detected layout: tiles
[2025-04-07T17:10:14.981+0000] {another_another_test.py:229} INFO - Saved/Updated 1440 products to /opt/***/csv/src_output/part1_20250407/part1_data_Automotive_Interior Accessories_20250407.csv
[2025-04-07T17:10:14.983+0000] {another_another_test.py:249} INFO - Page 60 for Automotive/Interior Accessories : Crawled 24 items in 3.24 seconds
[2025-04-07T17:10:15.008+0000] {another_another_test.py:259} INFO - Moving to page 61 for Automotive/Interior Accessories
[2025-04-07T17:10:18.168+0000] {another_another_test.py:80} INFO - Detected layout: tiles
[2025-04-07T17:10:18.337+0000] {another_another_test.py:229} INFO - Saved/Updated 1464 products to /opt/***/csv/src_output/part1_20250407/part1_data_Automotive_Interior Accessories_20250407.csv
[2025-04-07T17:10:18.338+0000] {another_another_test.py:249} INFO - Page 61 for Automotive/Interior Accessories : Crawled 24 items in 3.33 seconds
[2025-04-07T17:10:18.362+0000] {another_another_test.py:259} INFO - Moving to page 62 for Automotive/Interior Accessories
[2025-04-07T17:10:22.313+0000] {another_another_test.py:80} INFO - Detected layout: tiles
[2025-04-07T17:10:22.474+0000] {another_another_test.py:229} INFO - Saved/Updated 1488 products to /opt/***/csv/src_output/part1_20250407/part1_data_Automotive_Interior Accessories_20250407.csv
[2025-04-07T17:10:22.476+0000] {another_another_test.py:249} INFO - Page 62 for Automotive/Interior Accessories : Crawled 24 items in 4.11 seconds
[2025-04-07T17:10:22.501+0000] {another_another_test.py:259} INFO - Moving to page 63 for Automotive/Interior Accessories
[2025-04-07T17:10:25.664+0000] {another_another_test.py:80} INFO - Detected layout: tiles
[2025-04-07T17:10:25.846+0000] {another_another_test.py:229} INFO - Saved/Updated 1512 products to /opt/***/csv/src_output/part1_20250407/part1_data_Automotive_Interior Accessories_20250407.csv
[2025-04-07T17:10:25.847+0000] {another_another_test.py:249} INFO - Page 63 for Automotive/Interior Accessories : Crawled 24 items in 3.35 seconds
[2025-04-07T17:10:25.870+0000] {another_another_test.py:259} INFO - Moving to page 64 for Automotive/Interior Accessories
[2025-04-07T17:10:28.346+0000] {another_another_test.py:80} INFO - Detected layout: tiles
[2025-04-07T17:10:28.507+0000] {another_another_test.py:229} INFO - Saved/Updated 1536 products to /opt/***/csv/src_output/part1_20250407/part1_data_Automotive_Interior Accessories_20250407.csv
[2025-04-07T17:10:28.509+0000] {another_another_test.py:249} INFO - Page 64 for Automotive/Interior Accessories : Crawled 24 items in 2.64 seconds
[2025-04-07T17:10:28.526+0000] {another_another_test.py:259} INFO - Moving to page 65 for Automotive/Interior Accessories
[2025-04-07T17:10:30.976+0000] {another_another_test.py:80} INFO - Detected layout: tiles
[2025-04-07T17:10:31.128+0000] {another_another_test.py:229} INFO - Saved/Updated 1560 products to /opt/***/csv/src_output/part1_20250407/part1_data_Automotive_Interior Accessories_20250407.csv
[2025-04-07T17:10:31.129+0000] {another_another_test.py:249} INFO - Page 65 for Automotive/Interior Accessories : Crawled 24 items in 2.60 seconds
[2025-04-07T17:10:31.145+0000] {another_another_test.py:259} INFO - Moving to page 66 for Automotive/Interior Accessories
[2025-04-07T17:10:33.577+0000] {another_another_test.py:80} INFO - Detected layout: tiles
[2025-04-07T17:10:33.721+0000] {another_another_test.py:229} INFO - Saved/Updated 1584 products to /opt/***/csv/src_output/part1_20250407/part1_data_Automotive_Interior Accessories_20250407.csv
[2025-04-07T17:10:33.723+0000] {another_another_test.py:249} INFO - Page 66 for Automotive/Interior Accessories : Crawled 24 items in 2.58 seconds
[2025-04-07T17:10:33.737+0000] {another_another_test.py:259} INFO - Moving to page 67 for Automotive/Interior Accessories
[2025-04-07T17:10:36.103+0000] {another_another_test.py:80} INFO - Detected layout: tiles
[2025-04-07T17:10:36.257+0000] {another_another_test.py:229} INFO - Saved/Updated 1608 products to /opt/***/csv/src_output/part1_20250407/part1_data_Automotive_Interior Accessories_20250407.csv
[2025-04-07T17:10:36.258+0000] {another_another_test.py:249} INFO - Page 67 for Automotive/Interior Accessories : Crawled 24 items in 2.52 seconds
[2025-04-07T17:10:36.273+0000] {another_another_test.py:259} INFO - Moving to page 68 for Automotive/Interior Accessories
[2025-04-07T17:10:39.469+0000] {another_another_test.py:80} INFO - Detected layout: tiles
[2025-04-07T17:10:39.623+0000] {another_another_test.py:229} INFO - Saved/Updated 1632 products to /opt/***/csv/src_output/part1_20250407/part1_data_Automotive_Interior Accessories_20250407.csv
[2025-04-07T17:10:39.624+0000] {another_another_test.py:249} INFO - Page 68 for Automotive/Interior Accessories : Crawled 24 items in 3.35 seconds
[2025-04-07T17:10:39.641+0000] {another_another_test.py:259} INFO - Moving to page 69 for Automotive/Interior Accessories
[2025-04-07T17:10:42.203+0000] {another_another_test.py:80} INFO - Detected layout: tiles
[2025-04-07T17:10:42.360+0000] {another_another_test.py:229} INFO - Saved/Updated 1656 products to /opt/***/csv/src_output/part1_20250407/part1_data_Automotive_Interior Accessories_20250407.csv
[2025-04-07T17:10:42.361+0000] {another_another_test.py:249} INFO - Page 69 for Automotive/Interior Accessories : Crawled 24 items in 2.72 seconds
[2025-04-07T17:10:42.380+0000] {another_another_test.py:259} INFO - Moving to page 70 for Automotive/Interior Accessories
[2025-04-07T17:10:44.538+0000] {another_another_test.py:80} INFO - Detected layout: tiles
[2025-04-07T17:10:44.719+0000] {another_another_test.py:229} INFO - Saved/Updated 1680 products to /opt/***/csv/src_output/part1_20250407/part1_data_Automotive_Interior Accessories_20250407.csv
[2025-04-07T17:10:44.721+0000] {another_another_test.py:249} INFO - Page 70 for Automotive/Interior Accessories : Crawled 24 items in 2.34 seconds
[2025-04-07T17:10:44.743+0000] {another_another_test.py:259} INFO - Moving to page 71 for Automotive/Interior Accessories
[2025-04-07T17:10:46.994+0000] {another_another_test.py:80} INFO - Detected layout: tiles
[2025-04-07T17:10:47.136+0000] {another_another_test.py:229} INFO - Saved/Updated 1704 products to /opt/***/csv/src_output/part1_20250407/part1_data_Automotive_Interior Accessories_20250407.csv
[2025-04-07T17:10:47.137+0000] {another_another_test.py:249} INFO - Page 71 for Automotive/Interior Accessories : Crawled 24 items in 2.39 seconds
[2025-04-07T17:10:47.154+0000] {another_another_test.py:259} INFO - Moving to page 72 for Automotive/Interior Accessories
[2025-04-07T17:10:49.538+0000] {another_another_test.py:80} INFO - Detected layout: tiles
[2025-04-07T17:10:49.708+0000] {another_another_test.py:229} INFO - Saved/Updated 1728 products to /opt/***/csv/src_output/part1_20250407/part1_data_Automotive_Interior Accessories_20250407.csv
[2025-04-07T17:10:49.709+0000] {another_another_test.py:249} INFO - Page 72 for Automotive/Interior Accessories : Crawled 24 items in 2.55 seconds
[2025-04-07T17:10:49.725+0000] {another_another_test.py:259} INFO - Moving to page 73 for Automotive/Interior Accessories
[2025-04-07T17:10:52.114+0000] {another_another_test.py:80} INFO - Detected layout: tiles
[2025-04-07T17:10:52.272+0000] {another_another_test.py:229} INFO - Saved/Updated 1752 products to /opt/***/csv/src_output/part1_20250407/part1_data_Automotive_Interior Accessories_20250407.csv
[2025-04-07T17:10:52.274+0000] {another_another_test.py:249} INFO - Page 73 for Automotive/Interior Accessories : Crawled 24 items in 2.55 seconds
[2025-04-07T17:10:52.290+0000] {another_another_test.py:259} INFO - Moving to page 74 for Automotive/Interior Accessories
[2025-04-07T17:10:54.636+0000] {another_another_test.py:80} INFO - Detected layout: tiles
[2025-04-07T17:10:54.800+0000] {another_another_test.py:229} INFO - Saved/Updated 1776 products to /opt/***/csv/src_output/part1_20250407/part1_data_Automotive_Interior Accessories_20250407.csv
[2025-04-07T17:10:54.801+0000] {another_another_test.py:249} INFO - Page 74 for Automotive/Interior Accessories : Crawled 24 items in 2.51 seconds
[2025-04-07T17:10:54.816+0000] {another_another_test.py:259} INFO - Moving to page 75 for Automotive/Interior Accessories
[2025-04-07T17:10:57.337+0000] {another_another_test.py:80} INFO - Detected layout: tiles
[2025-04-07T17:10:57.496+0000] {another_another_test.py:229} INFO - Saved/Updated 1800 products to /opt/***/csv/src_output/part1_20250407/part1_data_Automotive_Interior Accessories_20250407.csv
[2025-04-07T17:10:57.498+0000] {another_another_test.py:249} INFO - Page 75 for Automotive/Interior Accessories : Crawled 24 items in 2.68 seconds
[2025-04-07T17:10:57.519+0000] {another_another_test.py:259} INFO - Moving to page 76 for Automotive/Interior Accessories
[2025-04-07T17:10:59.879+0000] {another_another_test.py:80} INFO - Detected layout: tiles
[2025-04-07T17:11:00.044+0000] {another_another_test.py:229} INFO - Saved/Updated 1824 products to /opt/***/csv/src_output/part1_20250407/part1_data_Automotive_Interior Accessories_20250407.csv
[2025-04-07T17:11:00.045+0000] {another_another_test.py:249} INFO - Page 76 for Automotive/Interior Accessories : Crawled 24 items in 2.52 seconds
[2025-04-07T17:11:00.062+0000] {another_another_test.py:259} INFO - Moving to page 77 for Automotive/Interior Accessories
[2025-04-07T17:11:02.376+0000] {another_another_test.py:80} INFO - Detected layout: tiles
[2025-04-07T17:11:02.566+0000] {another_another_test.py:229} INFO - Saved/Updated 1848 products to /opt/***/csv/src_output/part1_20250407/part1_data_Automotive_Interior Accessories_20250407.csv
[2025-04-07T17:11:02.567+0000] {another_another_test.py:249} INFO - Page 77 for Automotive/Interior Accessories : Crawled 24 items in 2.50 seconds
[2025-04-07T17:11:02.583+0000] {another_another_test.py:259} INFO - Moving to page 78 for Automotive/Interior Accessories
[2025-04-07T17:11:05.122+0000] {another_another_test.py:80} INFO - Detected layout: tiles
[2025-04-07T17:11:05.308+0000] {another_another_test.py:229} INFO - Saved/Updated 1872 products to /opt/***/csv/src_output/part1_20250407/part1_data_Automotive_Interior Accessories_20250407.csv
[2025-04-07T17:11:05.310+0000] {another_another_test.py:249} INFO - Page 78 for Automotive/Interior Accessories : Crawled 24 items in 2.73 seconds
[2025-04-07T17:11:05.327+0000] {another_another_test.py:259} INFO - Moving to page 79 for Automotive/Interior Accessories
[2025-04-07T17:11:07.880+0000] {another_another_test.py:80} INFO - Detected layout: tiles
[2025-04-07T17:11:08.129+0000] {another_another_test.py:229} INFO - Saved/Updated 1896 products to /opt/***/csv/src_output/part1_20250407/part1_data_Automotive_Interior Accessories_20250407.csv
[2025-04-07T17:11:08.131+0000] {another_another_test.py:249} INFO - Page 79 for Automotive/Interior Accessories : Crawled 24 items in 2.80 seconds
[2025-04-07T17:11:08.179+0000] {another_another_test.py:259} INFO - Moving to page 80 for Automotive/Interior Accessories
[2025-04-07T17:11:10.869+0000] {another_another_test.py:80} INFO - Detected layout: tiles
[2025-04-07T17:11:11.113+0000] {another_another_test.py:229} INFO - Saved/Updated 1920 products to /opt/***/csv/src_output/part1_20250407/part1_data_Automotive_Interior Accessories_20250407.csv
[2025-04-07T17:11:11.115+0000] {another_another_test.py:249} INFO - Page 80 for Automotive/Interior Accessories : Crawled 24 items in 2.94 seconds
[2025-04-07T17:11:11.148+0000] {another_another_test.py:259} INFO - Moving to page 81 for Automotive/Interior Accessories
[2025-04-07T17:11:14.376+0000] {another_another_test.py:80} INFO - Detected layout: tiles
[2025-04-07T17:11:14.766+0000] {another_another_test.py:229} INFO - Saved/Updated 1944 products to /opt/***/csv/src_output/part1_20250407/part1_data_Automotive_Interior Accessories_20250407.csv
[2025-04-07T17:11:14.768+0000] {another_another_test.py:249} INFO - Page 81 for Automotive/Interior Accessories : Crawled 24 items in 3.62 seconds
[2025-04-07T17:11:14.787+0000] {another_another_test.py:259} INFO - Moving to page 82 for Automotive/Interior Accessories
[2025-04-07T17:11:18.297+0000] {another_another_test.py:80} INFO - Detected layout: tiles
[2025-04-07T17:11:18.535+0000] {another_another_test.py:229} INFO - Saved/Updated 1968 products to /opt/***/csv/src_output/part1_20250407/part1_data_Automotive_Interior Accessories_20250407.csv
[2025-04-07T17:11:18.536+0000] {another_another_test.py:249} INFO - Page 82 for Automotive/Interior Accessories : Crawled 24 items in 3.75 seconds
[2025-04-07T17:11:18.560+0000] {another_another_test.py:259} INFO - Moving to page 83 for Automotive/Interior Accessories
