[2025-04-08T03:18:47.551+0000] {local_task_job_runner.py:123} INFO - ::group::Pre task execution logs
[2025-04-08T03:18:47.581+0000] {taskinstance.py:2614} INFO - Dependencies all met for dep_context=non-requeueable deps ti=<TaskInstance: amazon_scraping_dag.scrape_amazon_task manual__2025-04-07T16:58:12.466686+00:00 [queued]>
[2025-04-08T03:18:47.599+0000] {taskinstance.py:2614} INFO - Dependencies all met for dep_context=requeueable deps ti=<TaskInstance: amazon_scraping_dag.scrape_amazon_task manual__2025-04-07T16:58:12.466686+00:00 [queued]>
[2025-04-08T03:18:47.599+0000] {taskinstance.py:2867} INFO - Starting attempt 2 of 2
[2025-04-08T03:18:47.651+0000] {taskinstance.py:2890} INFO - Executing <Task(PythonOperator): scrape_amazon_task> on 2025-04-07 16:58:12.466686+00:00
[2025-04-08T03:18:47.659+0000] {warnings.py:112} WARNING - /home/***/.local/lib/python3.12/site-packages/***/task/task_runner/standard_task_runner.py:70: DeprecationWarning: This process (pid=1290) is multi-threaded, use of fork() may lead to deadlocks in the child.
  pid = os.fork()

[2025-04-08T03:18:47.661+0000] {standard_task_runner.py:72} INFO - Started process 1293 to run task
[2025-04-08T03:18:47.663+0000] {standard_task_runner.py:104} INFO - Running: ['***', 'tasks', 'run', 'amazon_scraping_dag', 'scrape_amazon_task', 'manual__2025-04-07T16:58:12.466686+00:00', '--job-id', '121', '--raw', '--subdir', 'DAGS_FOLDER/another_another_test.py', '--cfg-path', '/tmp/tmphei9788p']
[2025-04-08T03:18:47.665+0000] {standard_task_runner.py:105} INFO - Job 121: Subtask scrape_amazon_task
[2025-04-08T03:18:47.734+0000] {task_command.py:467} INFO - Running <TaskInstance: amazon_scraping_dag.scrape_amazon_task manual__2025-04-07T16:58:12.466686+00:00 [running]> on host 13b4251b7529
[2025-04-08T03:18:47.894+0000] {taskinstance.py:3134} INFO - Exporting env vars: AIRFLOW_CTX_DAG_OWNER='***' AIRFLOW_CTX_DAG_ID='amazon_scraping_dag' AIRFLOW_CTX_TASK_ID='scrape_amazon_task' AIRFLOW_CTX_EXECUTION_DATE='2025-04-07T16:58:12.466686+00:00' AIRFLOW_CTX_TRY_NUMBER='2' AIRFLOW_CTX_DAG_RUN_ID='manual__2025-04-07T16:58:12.466686+00:00'
[2025-04-08T03:18:47.896+0000] {logging_mixin.py:190} INFO - Task instance is in running state
[2025-04-08T03:18:47.897+0000] {logging_mixin.py:190} INFO -  Previous state of the Task instance: queued
[2025-04-08T03:18:47.897+0000] {logging_mixin.py:190} INFO - Current task name:scrape_amazon_task state:running start_date:2025-04-08 03:18:47.582760+00:00
[2025-04-08T03:18:47.898+0000] {logging_mixin.py:190} INFO - Dag name:amazon_scraping_dag and current dag run status:running
[2025-04-08T03:18:47.899+0000] {taskinstance.py:732} INFO - ::endgroup::
[2025-04-08T03:18:47.910+0000] {another_another_test.py:286} INFO - Processing 1/15: Automotive/Car Care - https://www.amazon.com/s?bbn=2562090011&rh=i%3Aspecialty-aps%2Cn%3A2562090011%2Cn%3A%2115690151%2Cn%3A15718271&s=date-desc-rank&ref_=nav_em__nav_desktop_sa_intl_car_care_0_2_10_2
[2025-04-08T03:18:47.971+0000] {logger.py:11} INFO - ====== WebDriver manager ======
[2025-04-08T03:18:48.327+0000] {logger.py:11} INFO - Get LATEST chromedriver version for google-chrome
[2025-04-08T03:18:48.508+0000] {logger.py:11} INFO - Get LATEST chromedriver version for google-chrome
[2025-04-08T03:18:48.676+0000] {logger.py:11} INFO - Driver [/home/***/.wdm/drivers/chromedriver/linux64/135.0.7049.42/chromedriver-linux64/chromedriver] found in cache
[2025-04-08T03:18:52.256+0000] {another_another_test.py:82} WARNING - Could not detect layout, using default (tiles)
[2025-04-08T03:18:52.316+0000] {another_another_test.py:229} INFO - Saved/Updated 0 products to /opt/***/csv/src_output/part1_20250408/part1_data_Automotive_Car Care_20250408.csv
[2025-04-08T03:18:52.317+0000] {another_another_test.py:249} INFO - Page 1 for Automotive/Car Care : Crawled 0 items in 2.87 seconds
[2025-04-08T03:18:52.334+0000] {another_another_test.py:254} INFO - Reached the last page (Page 1) for Automotive/Car Care
[2025-04-08T03:18:52.447+0000] {another_another_test.py:286} INFO - Processing 2/15: Automotive/Car Electronics & Accessories - https://www.amazon.com/s?bbn=2562090011&rh=i%3Aspecialty-aps%2Cn%3A2562090011%2Cn%3A%2115690151%2Cn%3A2230642011&s=date-desc-rank&ref_=nav_em__nav_desktop_sa_intl_car_electronics_accessories_0_2_10_3
[2025-04-08T03:18:52.518+0000] {logger.py:11} INFO - ====== WebDriver manager ======
[2025-04-08T03:18:52.651+0000] {logger.py:11} INFO - Get LATEST chromedriver version for google-chrome
[2025-04-08T03:18:52.838+0000] {logger.py:11} INFO - Get LATEST chromedriver version for google-chrome
[2025-04-08T03:18:53.016+0000] {logger.py:11} INFO - Driver [/home/***/.wdm/drivers/chromedriver/linux64/135.0.7049.42/chromedriver-linux64/chromedriver] found in cache
[2025-04-08T03:18:57.465+0000] {another_another_test.py:80} INFO - Detected layout: tiles
[2025-04-08T03:18:57.571+0000] {another_another_test.py:229} INFO - Saved/Updated 24 products to /opt/***/csv/src_output/part1_20250408/part1_data_Automotive_Car Electronics & Accessories_20250408.csv
[2025-04-08T03:18:57.573+0000] {another_another_test.py:249} INFO - Page 1 for Automotive/Car Electronics & Accessories : Crawled 24 items in 4.10 seconds
[2025-04-08T03:18:57.607+0000] {another_another_test.py:259} INFO - Moving to page 2 for Automotive/Car Electronics & Accessories
[2025-04-08T03:18:59.971+0000] {another_another_test.py:80} INFO - Detected layout: tiles
[2025-04-08T03:19:00.054+0000] {another_another_test.py:229} INFO - Saved/Updated 48 products to /opt/***/csv/src_output/part1_20250408/part1_data_Automotive_Car Electronics & Accessories_20250408.csv
[2025-04-08T03:19:00.056+0000] {another_another_test.py:249} INFO - Page 2 for Automotive/Car Electronics & Accessories : Crawled 24 items in 2.45 seconds
[2025-04-08T03:19:00.083+0000] {another_another_test.py:259} INFO - Moving to page 3 for Automotive/Car Electronics & Accessories
[2025-04-08T03:19:02.852+0000] {another_another_test.py:80} INFO - Detected layout: tiles
[2025-04-08T03:19:02.946+0000] {another_another_test.py:229} INFO - Saved/Updated 72 products to /opt/***/csv/src_output/part1_20250408/part1_data_Automotive_Car Electronics & Accessories_20250408.csv
[2025-04-08T03:19:02.948+0000] {another_another_test.py:249} INFO - Page 3 for Automotive/Car Electronics & Accessories : Crawled 24 items in 2.86 seconds
[2025-04-08T03:19:02.968+0000] {another_another_test.py:259} INFO - Moving to page 4 for Automotive/Car Electronics & Accessories
[2025-04-08T03:19:06.260+0000] {another_another_test.py:80} INFO - Detected layout: tiles
[2025-04-08T03:19:06.351+0000] {another_another_test.py:229} INFO - Saved/Updated 96 products to /opt/***/csv/src_output/part1_20250408/part1_data_Automotive_Car Electronics & Accessories_20250408.csv
[2025-04-08T03:19:06.352+0000] {another_another_test.py:249} INFO - Page 4 for Automotive/Car Electronics & Accessories : Crawled 24 items in 3.38 seconds
[2025-04-08T03:19:06.381+0000] {another_another_test.py:259} INFO - Moving to page 5 for Automotive/Car Electronics & Accessories
[2025-04-08T03:19:08.604+0000] {another_another_test.py:80} INFO - Detected layout: tiles
[2025-04-08T03:19:08.692+0000] {another_another_test.py:229} INFO - Saved/Updated 120 products to /opt/***/csv/src_output/part1_20250408/part1_data_Automotive_Car Electronics & Accessories_20250408.csv
[2025-04-08T03:19:08.693+0000] {another_another_test.py:249} INFO - Page 5 for Automotive/Car Electronics & Accessories : Crawled 24 items in 2.31 seconds
[2025-04-08T03:19:08.729+0000] {another_another_test.py:259} INFO - Moving to page 6 for Automotive/Car Electronics & Accessories
[2025-04-08T03:19:11.508+0000] {another_another_test.py:80} INFO - Detected layout: tiles
[2025-04-08T03:19:11.595+0000] {another_another_test.py:229} INFO - Saved/Updated 144 products to /opt/***/csv/src_output/part1_20250408/part1_data_Automotive_Car Electronics & Accessories_20250408.csv
[2025-04-08T03:19:11.596+0000] {another_another_test.py:249} INFO - Page 6 for Automotive/Car Electronics & Accessories : Crawled 24 items in 2.87 seconds
[2025-04-08T03:19:11.633+0000] {another_another_test.py:259} INFO - Moving to page 7 for Automotive/Car Electronics & Accessories
[2025-04-08T03:19:14.545+0000] {another_another_test.py:80} INFO - Detected layout: tiles
[2025-04-08T03:19:14.622+0000] {another_another_test.py:229} INFO - Saved/Updated 168 products to /opt/***/csv/src_output/part1_20250408/part1_data_Automotive_Car Electronics & Accessories_20250408.csv
[2025-04-08T03:19:14.623+0000] {another_another_test.py:249} INFO - Page 7 for Automotive/Car Electronics & Accessories : Crawled 24 items in 2.99 seconds
[2025-04-08T03:19:14.646+0000] {another_another_test.py:259} INFO - Moving to page 8 for Automotive/Car Electronics & Accessories
[2025-04-08T03:19:18.379+0000] {another_another_test.py:80} INFO - Detected layout: tiles
[2025-04-08T03:19:18.456+0000] {another_another_test.py:229} INFO - Saved/Updated 192 products to /opt/***/csv/src_output/part1_20250408/part1_data_Automotive_Car Electronics & Accessories_20250408.csv
[2025-04-08T03:19:18.457+0000] {another_another_test.py:249} INFO - Page 8 for Automotive/Car Electronics & Accessories : Crawled 24 items in 3.81 seconds
[2025-04-08T03:19:18.481+0000] {another_another_test.py:259} INFO - Moving to page 9 for Automotive/Car Electronics & Accessories
[2025-04-08T03:19:21.525+0000] {another_another_test.py:80} INFO - Detected layout: tiles
[2025-04-08T03:19:21.638+0000] {another_another_test.py:229} INFO - Saved/Updated 216 products to /opt/***/csv/src_output/part1_20250408/part1_data_Automotive_Car Electronics & Accessories_20250408.csv
[2025-04-08T03:19:21.640+0000] {another_another_test.py:249} INFO - Page 9 for Automotive/Car Electronics & Accessories : Crawled 24 items in 3.16 seconds
[2025-04-08T03:19:21.665+0000] {another_another_test.py:259} INFO - Moving to page 10 for Automotive/Car Electronics & Accessories
[2025-04-08T03:19:24.567+0000] {another_another_test.py:80} INFO - Detected layout: tiles
[2025-04-08T03:19:24.662+0000] {another_another_test.py:229} INFO - Saved/Updated 240 products to /opt/***/csv/src_output/part1_20250408/part1_data_Automotive_Car Electronics & Accessories_20250408.csv
[2025-04-08T03:19:24.663+0000] {another_another_test.py:249} INFO - Page 10 for Automotive/Car Electronics & Accessories : Crawled 24 items in 3.00 seconds
[2025-04-08T03:19:24.699+0000] {another_another_test.py:259} INFO - Moving to page 11 for Automotive/Car Electronics & Accessories
[2025-04-08T03:19:28.147+0000] {another_another_test.py:80} INFO - Detected layout: tiles
[2025-04-08T03:19:28.282+0000] {another_another_test.py:229} INFO - Saved/Updated 264 products to /opt/***/csv/src_output/part1_20250408/part1_data_Automotive_Car Electronics & Accessories_20250408.csv
[2025-04-08T03:19:28.284+0000] {another_another_test.py:249} INFO - Page 11 for Automotive/Car Electronics & Accessories : Crawled 24 items in 3.58 seconds
[2025-04-08T03:19:28.313+0000] {another_another_test.py:259} INFO - Moving to page 12 for Automotive/Car Electronics & Accessories
[2025-04-08T03:19:31.410+0000] {another_another_test.py:80} INFO - Detected layout: tiles
[2025-04-08T03:19:31.509+0000] {another_another_test.py:229} INFO - Saved/Updated 288 products to /opt/***/csv/src_output/part1_20250408/part1_data_Automotive_Car Electronics & Accessories_20250408.csv
[2025-04-08T03:19:31.511+0000] {another_another_test.py:249} INFO - Page 12 for Automotive/Car Electronics & Accessories : Crawled 24 items in 3.20 seconds
[2025-04-08T03:19:31.532+0000] {another_another_test.py:259} INFO - Moving to page 13 for Automotive/Car Electronics & Accessories
[2025-04-08T03:19:34.202+0000] {another_another_test.py:80} INFO - Detected layout: tiles
[2025-04-08T03:19:34.287+0000] {another_another_test.py:229} INFO - Saved/Updated 312 products to /opt/***/csv/src_output/part1_20250408/part1_data_Automotive_Car Electronics & Accessories_20250408.csv
[2025-04-08T03:19:34.288+0000] {another_another_test.py:249} INFO - Page 13 for Automotive/Car Electronics & Accessories : Crawled 24 items in 2.76 seconds
[2025-04-08T03:19:34.311+0000] {another_another_test.py:259} INFO - Moving to page 14 for Automotive/Car Electronics & Accessories
[2025-04-08T03:19:37.440+0000] {another_another_test.py:80} INFO - Detected layout: tiles
[2025-04-08T03:19:37.574+0000] {another_another_test.py:229} INFO - Saved/Updated 336 products to /opt/***/csv/src_output/part1_20250408/part1_data_Automotive_Car Electronics & Accessories_20250408.csv
[2025-04-08T03:19:37.575+0000] {another_another_test.py:249} INFO - Page 14 for Automotive/Car Electronics & Accessories : Crawled 24 items in 3.26 seconds
[2025-04-08T03:19:37.606+0000] {another_another_test.py:259} INFO - Moving to page 15 for Automotive/Car Electronics & Accessories
[2025-04-08T03:19:40.037+0000] {another_another_test.py:80} INFO - Detected layout: tiles
[2025-04-08T03:19:40.128+0000] {another_another_test.py:229} INFO - Saved/Updated 360 products to /opt/***/csv/src_output/part1_20250408/part1_data_Automotive_Car Electronics & Accessories_20250408.csv
[2025-04-08T03:19:40.130+0000] {another_another_test.py:249} INFO - Page 15 for Automotive/Car Electronics & Accessories : Crawled 24 items in 2.52 seconds
[2025-04-08T03:19:40.150+0000] {another_another_test.py:259} INFO - Moving to page 16 for Automotive/Car Electronics & Accessories
[2025-04-08T03:19:42.783+0000] {another_another_test.py:80} INFO - Detected layout: tiles
[2025-04-08T03:19:42.972+0000] {another_another_test.py:229} INFO - Saved/Updated 384 products to /opt/***/csv/src_output/part1_20250408/part1_data_Automotive_Car Electronics & Accessories_20250408.csv
[2025-04-08T03:19:42.973+0000] {another_another_test.py:249} INFO - Page 16 for Automotive/Car Electronics & Accessories : Crawled 24 items in 2.82 seconds
[2025-04-08T03:19:43.010+0000] {another_another_test.py:259} INFO - Moving to page 17 for Automotive/Car Electronics & Accessories
[2025-04-08T03:19:45.448+0000] {another_another_test.py:80} INFO - Detected layout: tiles
[2025-04-08T03:19:45.583+0000] {another_another_test.py:229} INFO - Saved/Updated 408 products to /opt/***/csv/src_output/part1_20250408/part1_data_Automotive_Car Electronics & Accessories_20250408.csv
[2025-04-08T03:19:45.584+0000] {another_another_test.py:249} INFO - Page 17 for Automotive/Car Electronics & Accessories : Crawled 24 items in 2.57 seconds
[2025-04-08T03:19:45.608+0000] {another_another_test.py:259} INFO - Moving to page 18 for Automotive/Car Electronics & Accessories
[2025-04-08T03:19:48.324+0000] {another_another_test.py:80} INFO - Detected layout: tiles
[2025-04-08T03:19:48.419+0000] {another_another_test.py:229} INFO - Saved/Updated 432 products to /opt/***/csv/src_output/part1_20250408/part1_data_Automotive_Car Electronics & Accessories_20250408.csv
[2025-04-08T03:19:48.420+0000] {another_another_test.py:249} INFO - Page 18 for Automotive/Car Electronics & Accessories : Crawled 24 items in 2.81 seconds
[2025-04-08T03:19:48.439+0000] {another_another_test.py:259} INFO - Moving to page 19 for Automotive/Car Electronics & Accessories
[2025-04-08T03:19:50.855+0000] {another_another_test.py:80} INFO - Detected layout: tiles
[2025-04-08T03:19:50.964+0000] {another_another_test.py:229} INFO - Saved/Updated 456 products to /opt/***/csv/src_output/part1_20250408/part1_data_Automotive_Car Electronics & Accessories_20250408.csv
[2025-04-08T03:19:50.965+0000] {another_another_test.py:249} INFO - Page 19 for Automotive/Car Electronics & Accessories : Crawled 24 items in 2.52 seconds
[2025-04-08T03:19:50.991+0000] {another_another_test.py:259} INFO - Moving to page 20 for Automotive/Car Electronics & Accessories
[2025-04-08T03:19:53.297+0000] {another_another_test.py:80} INFO - Detected layout: tiles
[2025-04-08T03:19:53.395+0000] {another_another_test.py:229} INFO - Saved/Updated 480 products to /opt/***/csv/src_output/part1_20250408/part1_data_Automotive_Car Electronics & Accessories_20250408.csv
[2025-04-08T03:19:53.396+0000] {another_another_test.py:249} INFO - Page 20 for Automotive/Car Electronics & Accessories : Crawled 24 items in 2.40 seconds
[2025-04-08T03:19:53.418+0000] {another_another_test.py:259} INFO - Moving to page 21 for Automotive/Car Electronics & Accessories
[2025-04-08T03:19:56.009+0000] {another_another_test.py:80} INFO - Detected layout: tiles
[2025-04-08T03:19:56.127+0000] {another_another_test.py:229} INFO - Saved/Updated 504 products to /opt/***/csv/src_output/part1_20250408/part1_data_Automotive_Car Electronics & Accessories_20250408.csv
[2025-04-08T03:19:56.128+0000] {another_another_test.py:249} INFO - Page 21 for Automotive/Car Electronics & Accessories : Crawled 24 items in 2.71 seconds
[2025-04-08T03:19:56.151+0000] {another_another_test.py:259} INFO - Moving to page 22 for Automotive/Car Electronics & Accessories
[2025-04-08T03:19:58.952+0000] {another_another_test.py:80} INFO - Detected layout: tiles
[2025-04-08T03:19:59.087+0000] {another_another_test.py:229} INFO - Saved/Updated 528 products to /opt/***/csv/src_output/part1_20250408/part1_data_Automotive_Car Electronics & Accessories_20250408.csv
[2025-04-08T03:19:59.089+0000] {another_another_test.py:249} INFO - Page 22 for Automotive/Car Electronics & Accessories : Crawled 24 items in 2.94 seconds
[2025-04-08T03:19:59.111+0000] {another_another_test.py:259} INFO - Moving to page 23 for Automotive/Car Electronics & Accessories
[2025-04-08T03:20:02.420+0000] {another_another_test.py:80} INFO - Detected layout: tiles
[2025-04-08T03:20:02.683+0000] {another_another_test.py:229} INFO - Saved/Updated 552 products to /opt/***/csv/src_output/part1_20250408/part1_data_Automotive_Car Electronics & Accessories_20250408.csv
[2025-04-08T03:20:02.685+0000] {another_another_test.py:249} INFO - Page 23 for Automotive/Car Electronics & Accessories : Crawled 24 items in 3.57 seconds
[2025-04-08T03:20:02.715+0000] {another_another_test.py:259} INFO - Moving to page 24 for Automotive/Car Electronics & Accessories
[2025-04-08T03:20:05.588+0000] {another_another_test.py:80} INFO - Detected layout: tiles
[2025-04-08T03:20:05.688+0000] {another_another_test.py:229} INFO - Saved/Updated 576 products to /opt/***/csv/src_output/part1_20250408/part1_data_Automotive_Car Electronics & Accessories_20250408.csv
[2025-04-08T03:20:05.689+0000] {another_another_test.py:249} INFO - Page 24 for Automotive/Car Electronics & Accessories : Crawled 24 items in 2.97 seconds
[2025-04-08T03:20:05.717+0000] {another_another_test.py:259} INFO - Moving to page 25 for Automotive/Car Electronics & Accessories
[2025-04-08T03:20:08.616+0000] {another_another_test.py:80} INFO - Detected layout: tiles
[2025-04-08T03:20:08.743+0000] {another_another_test.py:229} INFO - Saved/Updated 600 products to /opt/***/csv/src_output/part1_20250408/part1_data_Automotive_Car Electronics & Accessories_20250408.csv
[2025-04-08T03:20:08.744+0000] {another_another_test.py:249} INFO - Page 25 for Automotive/Car Electronics & Accessories : Crawled 24 items in 3.03 seconds
[2025-04-08T03:20:08.766+0000] {another_another_test.py:259} INFO - Moving to page 26 for Automotive/Car Electronics & Accessories
[2025-04-08T03:20:11.602+0000] {another_another_test.py:80} INFO - Detected layout: tiles
[2025-04-08T03:20:11.697+0000] {another_another_test.py:229} INFO - Saved/Updated 624 products to /opt/***/csv/src_output/part1_20250408/part1_data_Automotive_Car Electronics & Accessories_20250408.csv
[2025-04-08T03:20:11.698+0000] {another_another_test.py:249} INFO - Page 26 for Automotive/Car Electronics & Accessories : Crawled 24 items in 2.93 seconds
[2025-04-08T03:20:11.713+0000] {another_another_test.py:259} INFO - Moving to page 27 for Automotive/Car Electronics & Accessories
[2025-04-08T03:20:14.168+0000] {another_another_test.py:80} INFO - Detected layout: tiles
[2025-04-08T03:20:14.319+0000] {another_another_test.py:229} INFO - Saved/Updated 648 products to /opt/***/csv/src_output/part1_20250408/part1_data_Automotive_Car Electronics & Accessories_20250408.csv
[2025-04-08T03:20:14.321+0000] {another_another_test.py:249} INFO - Page 27 for Automotive/Car Electronics & Accessories : Crawled 24 items in 2.61 seconds
[2025-04-08T03:20:14.346+0000] {another_another_test.py:259} INFO - Moving to page 28 for Automotive/Car Electronics & Accessories
[2025-04-08T03:20:16.823+0000] {another_another_test.py:80} INFO - Detected layout: tiles
[2025-04-08T03:20:16.923+0000] {another_another_test.py:229} INFO - Saved/Updated 672 products to /opt/***/csv/src_output/part1_20250408/part1_data_Automotive_Car Electronics & Accessories_20250408.csv
[2025-04-08T03:20:16.924+0000] {another_another_test.py:249} INFO - Page 28 for Automotive/Car Electronics & Accessories : Crawled 24 items in 2.58 seconds
[2025-04-08T03:20:16.949+0000] {another_another_test.py:259} INFO - Moving to page 29 for Automotive/Car Electronics & Accessories
[2025-04-08T03:20:19.440+0000] {another_another_test.py:80} INFO - Detected layout: tiles
[2025-04-08T03:20:19.554+0000] {another_another_test.py:229} INFO - Saved/Updated 696 products to /opt/***/csv/src_output/part1_20250408/part1_data_Automotive_Car Electronics & Accessories_20250408.csv
[2025-04-08T03:20:19.555+0000] {another_another_test.py:249} INFO - Page 29 for Automotive/Car Electronics & Accessories : Crawled 24 items in 2.60 seconds
[2025-04-08T03:20:19.585+0000] {another_another_test.py:259} INFO - Moving to page 30 for Automotive/Car Electronics & Accessories
[2025-04-08T03:20:22.037+0000] {another_another_test.py:80} INFO - Detected layout: tiles
[2025-04-08T03:20:22.151+0000] {another_another_test.py:229} INFO - Saved/Updated 720 products to /opt/***/csv/src_output/part1_20250408/part1_data_Automotive_Car Electronics & Accessories_20250408.csv
[2025-04-08T03:20:22.153+0000] {another_another_test.py:249} INFO - Page 30 for Automotive/Car Electronics & Accessories : Crawled 24 items in 2.57 seconds
[2025-04-08T03:20:22.176+0000] {another_another_test.py:259} INFO - Moving to page 31 for Automotive/Car Electronics & Accessories
[2025-04-08T03:20:24.574+0000] {another_another_test.py:80} INFO - Detected layout: tiles
[2025-04-08T03:20:24.689+0000] {another_another_test.py:229} INFO - Saved/Updated 744 products to /opt/***/csv/src_output/part1_20250408/part1_data_Automotive_Car Electronics & Accessories_20250408.csv
[2025-04-08T03:20:24.691+0000] {another_another_test.py:249} INFO - Page 31 for Automotive/Car Electronics & Accessories : Crawled 24 items in 2.51 seconds
[2025-04-08T03:20:24.707+0000] {another_another_test.py:259} INFO - Moving to page 32 for Automotive/Car Electronics & Accessories
[2025-04-08T03:20:27.356+0000] {another_another_test.py:80} INFO - Detected layout: tiles
[2025-04-08T03:20:27.452+0000] {another_another_test.py:229} INFO - Saved/Updated 768 products to /opt/***/csv/src_output/part1_20250408/part1_data_Automotive_Car Electronics & Accessories_20250408.csv
[2025-04-08T03:20:27.453+0000] {another_another_test.py:249} INFO - Page 32 for Automotive/Car Electronics & Accessories : Crawled 24 items in 2.74 seconds
[2025-04-08T03:20:27.469+0000] {another_another_test.py:259} INFO - Moving to page 33 for Automotive/Car Electronics & Accessories
[2025-04-08T03:20:30.085+0000] {another_another_test.py:80} INFO - Detected layout: tiles
[2025-04-08T03:20:30.190+0000] {another_another_test.py:229} INFO - Saved/Updated 792 products to /opt/***/csv/src_output/part1_20250408/part1_data_Automotive_Car Electronics & Accessories_20250408.csv
[2025-04-08T03:20:30.191+0000] {another_another_test.py:249} INFO - Page 33 for Automotive/Car Electronics & Accessories : Crawled 24 items in 2.72 seconds
[2025-04-08T03:20:30.214+0000] {another_another_test.py:259} INFO - Moving to page 34 for Automotive/Car Electronics & Accessories
[2025-04-08T03:20:32.868+0000] {another_another_test.py:80} INFO - Detected layout: tiles
[2025-04-08T03:20:32.992+0000] {another_another_test.py:229} INFO - Saved/Updated 816 products to /opt/***/csv/src_output/part1_20250408/part1_data_Automotive_Car Electronics & Accessories_20250408.csv
[2025-04-08T03:20:32.993+0000] {another_another_test.py:249} INFO - Page 34 for Automotive/Car Electronics & Accessories : Crawled 24 items in 2.78 seconds
[2025-04-08T03:20:33.019+0000] {another_another_test.py:259} INFO - Moving to page 35 for Automotive/Car Electronics & Accessories
[2025-04-08T03:20:35.793+0000] {another_another_test.py:80} INFO - Detected layout: tiles
[2025-04-08T03:20:35.918+0000] {another_another_test.py:229} INFO - Saved/Updated 840 products to /opt/***/csv/src_output/part1_20250408/part1_data_Automotive_Car Electronics & Accessories_20250408.csv
[2025-04-08T03:20:35.919+0000] {another_another_test.py:249} INFO - Page 35 for Automotive/Car Electronics & Accessories : Crawled 24 items in 2.90 seconds
[2025-04-08T03:20:35.940+0000] {another_another_test.py:259} INFO - Moving to page 36 for Automotive/Car Electronics & Accessories
[2025-04-08T03:20:38.478+0000] {another_another_test.py:80} INFO - Detected layout: tiles
[2025-04-08T03:20:38.625+0000] {another_another_test.py:229} INFO - Saved/Updated 864 products to /opt/***/csv/src_output/part1_20250408/part1_data_Automotive_Car Electronics & Accessories_20250408.csv
[2025-04-08T03:20:38.626+0000] {another_another_test.py:249} INFO - Page 36 for Automotive/Car Electronics & Accessories : Crawled 24 items in 2.68 seconds
[2025-04-08T03:20:38.662+0000] {another_another_test.py:259} INFO - Moving to page 37 for Automotive/Car Electronics & Accessories
[2025-04-08T03:20:41.176+0000] {another_another_test.py:80} INFO - Detected layout: tiles
[2025-04-08T03:20:41.276+0000] {another_another_test.py:229} INFO - Saved/Updated 888 products to /opt/***/csv/src_output/part1_20250408/part1_data_Automotive_Car Electronics & Accessories_20250408.csv
[2025-04-08T03:20:41.277+0000] {another_another_test.py:249} INFO - Page 37 for Automotive/Car Electronics & Accessories : Crawled 24 items in 2.61 seconds
[2025-04-08T03:20:41.297+0000] {another_another_test.py:259} INFO - Moving to page 38 for Automotive/Car Electronics & Accessories
[2025-04-08T03:20:43.746+0000] {another_another_test.py:80} INFO - Detected layout: tiles
[2025-04-08T03:20:43.901+0000] {another_another_test.py:229} INFO - Saved/Updated 912 products to /opt/***/csv/src_output/part1_20250408/part1_data_Automotive_Car Electronics & Accessories_20250408.csv
[2025-04-08T03:20:43.902+0000] {another_another_test.py:249} INFO - Page 38 for Automotive/Car Electronics & Accessories : Crawled 24 items in 2.60 seconds
[2025-04-08T03:20:43.939+0000] {another_another_test.py:259} INFO - Moving to page 39 for Automotive/Car Electronics & Accessories
[2025-04-08T03:20:46.614+0000] {another_another_test.py:80} INFO - Detected layout: tiles
[2025-04-08T03:20:46.729+0000] {another_another_test.py:229} INFO - Saved/Updated 936 products to /opt/***/csv/src_output/part1_20250408/part1_data_Automotive_Car Electronics & Accessories_20250408.csv
[2025-04-08T03:20:46.730+0000] {another_another_test.py:249} INFO - Page 39 for Automotive/Car Electronics & Accessories : Crawled 24 items in 2.79 seconds
[2025-04-08T03:20:46.760+0000] {another_another_test.py:259} INFO - Moving to page 40 for Automotive/Car Electronics & Accessories
[2025-04-08T03:20:49.310+0000] {another_another_test.py:80} INFO - Detected layout: tiles
[2025-04-08T03:20:49.431+0000] {another_another_test.py:229} INFO - Saved/Updated 960 products to /opt/***/csv/src_output/part1_20250408/part1_data_Automotive_Car Electronics & Accessories_20250408.csv
[2025-04-08T03:20:49.432+0000] {another_another_test.py:249} INFO - Page 40 for Automotive/Car Electronics & Accessories : Crawled 24 items in 2.67 seconds
[2025-04-08T03:20:49.448+0000] {another_another_test.py:259} INFO - Moving to page 41 for Automotive/Car Electronics & Accessories
[2025-04-08T03:20:52.037+0000] {another_another_test.py:80} INFO - Detected layout: tiles
[2025-04-08T03:20:52.165+0000] {another_another_test.py:229} INFO - Saved/Updated 984 products to /opt/***/csv/src_output/part1_20250408/part1_data_Automotive_Car Electronics & Accessories_20250408.csv
[2025-04-08T03:20:52.166+0000] {another_another_test.py:249} INFO - Page 41 for Automotive/Car Electronics & Accessories : Crawled 24 items in 2.72 seconds
[2025-04-08T03:20:52.185+0000] {another_another_test.py:259} INFO - Moving to page 42 for Automotive/Car Electronics & Accessories
[2025-04-08T03:20:54.532+0000] {another_another_test.py:80} INFO - Detected layout: tiles
[2025-04-08T03:20:54.654+0000] {another_another_test.py:229} INFO - Saved/Updated 1008 products to /opt/***/csv/src_output/part1_20250408/part1_data_Automotive_Car Electronics & Accessories_20250408.csv
[2025-04-08T03:20:54.655+0000] {another_another_test.py:249} INFO - Page 42 for Automotive/Car Electronics & Accessories : Crawled 24 items in 2.47 seconds
[2025-04-08T03:20:54.674+0000] {another_another_test.py:259} INFO - Moving to page 43 for Automotive/Car Electronics & Accessories
[2025-04-08T03:20:57.247+0000] {another_another_test.py:80} INFO - Detected layout: tiles
[2025-04-08T03:20:57.391+0000] {another_another_test.py:229} INFO - Saved/Updated 1032 products to /opt/***/csv/src_output/part1_20250408/part1_data_Automotive_Car Electronics & Accessories_20250408.csv
[2025-04-08T03:20:57.392+0000] {another_another_test.py:249} INFO - Page 43 for Automotive/Car Electronics & Accessories : Crawled 24 items in 2.72 seconds
[2025-04-08T03:20:57.426+0000] {another_another_test.py:259} INFO - Moving to page 44 for Automotive/Car Electronics & Accessories
[2025-04-08T03:20:59.758+0000] {another_another_test.py:80} INFO - Detected layout: tiles
[2025-04-08T03:20:59.898+0000] {another_another_test.py:229} INFO - Saved/Updated 1056 products to /opt/***/csv/src_output/part1_20250408/part1_data_Automotive_Car Electronics & Accessories_20250408.csv
[2025-04-08T03:20:59.899+0000] {another_another_test.py:249} INFO - Page 44 for Automotive/Car Electronics & Accessories : Crawled 24 items in 2.47 seconds
[2025-04-08T03:20:59.920+0000] {another_another_test.py:259} INFO - Moving to page 45 for Automotive/Car Electronics & Accessories
[2025-04-08T03:21:02.763+0000] {another_another_test.py:80} INFO - Detected layout: tiles
[2025-04-08T03:21:03.126+0000] {another_another_test.py:229} INFO - Saved/Updated 1080 products to /opt/***/csv/src_output/part1_20250408/part1_data_Automotive_Car Electronics & Accessories_20250408.csv
[2025-04-08T03:21:03.127+0000] {another_another_test.py:249} INFO - Page 45 for Automotive/Car Electronics & Accessories : Crawled 24 items in 3.21 seconds
[2025-04-08T03:21:03.154+0000] {another_another_test.py:259} INFO - Moving to page 46 for Automotive/Car Electronics & Accessories
[2025-04-08T03:21:06.112+0000] {another_another_test.py:80} INFO - Detected layout: tiles
[2025-04-08T03:21:06.335+0000] {another_another_test.py:229} INFO - Saved/Updated 1104 products to /opt/***/csv/src_output/part1_20250408/part1_data_Automotive_Car Electronics & Accessories_20250408.csv
[2025-04-08T03:21:06.337+0000] {another_another_test.py:249} INFO - Page 46 for Automotive/Car Electronics & Accessories : Crawled 24 items in 3.18 seconds
[2025-04-08T03:21:06.362+0000] {another_another_test.py:259} INFO - Moving to page 47 for Automotive/Car Electronics & Accessories
[2025-04-08T03:21:09.275+0000] {another_another_test.py:80} INFO - Detected layout: tiles
[2025-04-08T03:21:09.459+0000] {another_another_test.py:229} INFO - Saved/Updated 1128 products to /opt/***/csv/src_output/part1_20250408/part1_data_Automotive_Car Electronics & Accessories_20250408.csv
[2025-04-08T03:21:09.461+0000] {another_another_test.py:249} INFO - Page 47 for Automotive/Car Electronics & Accessories : Crawled 24 items in 3.10 seconds
[2025-04-08T03:21:09.489+0000] {another_another_test.py:259} INFO - Moving to page 48 for Automotive/Car Electronics & Accessories
[2025-04-08T03:21:12.258+0000] {another_another_test.py:80} INFO - Detected layout: tiles
[2025-04-08T03:21:12.403+0000] {another_another_test.py:229} INFO - Saved/Updated 1152 products to /opt/***/csv/src_output/part1_20250408/part1_data_Automotive_Car Electronics & Accessories_20250408.csv
[2025-04-08T03:21:12.405+0000] {another_another_test.py:249} INFO - Page 48 for Automotive/Car Electronics & Accessories : Crawled 24 items in 2.91 seconds
[2025-04-08T03:21:12.434+0000] {another_another_test.py:259} INFO - Moving to page 49 for Automotive/Car Electronics & Accessories
[2025-04-08T03:21:14.926+0000] {another_another_test.py:80} INFO - Detected layout: tiles
[2025-04-08T03:21:15.041+0000] {another_another_test.py:229} INFO - Saved/Updated 1176 products to /opt/***/csv/src_output/part1_20250408/part1_data_Automotive_Car Electronics & Accessories_20250408.csv
[2025-04-08T03:21:15.042+0000] {another_another_test.py:249} INFO - Page 49 for Automotive/Car Electronics & Accessories : Crawled 24 items in 2.61 seconds
[2025-04-08T03:21:15.063+0000] {another_another_test.py:259} INFO - Moving to page 50 for Automotive/Car Electronics & Accessories
[2025-04-08T03:21:17.964+0000] {another_another_test.py:80} INFO - Detected layout: tiles
[2025-04-08T03:21:18.088+0000] {another_another_test.py:229} INFO - Saved/Updated 1200 products to /opt/***/csv/src_output/part1_20250408/part1_data_Automotive_Car Electronics & Accessories_20250408.csv
[2025-04-08T03:21:18.089+0000] {another_another_test.py:249} INFO - Page 50 for Automotive/Car Electronics & Accessories : Crawled 24 items in 3.02 seconds
[2025-04-08T03:21:18.110+0000] {another_another_test.py:259} INFO - Moving to page 51 for Automotive/Car Electronics & Accessories
[2025-04-08T03:21:20.635+0000] {another_another_test.py:80} INFO - Detected layout: tiles
[2025-04-08T03:21:20.798+0000] {another_another_test.py:229} INFO - Saved/Updated 1224 products to /opt/***/csv/src_output/part1_20250408/part1_data_Automotive_Car Electronics & Accessories_20250408.csv
[2025-04-08T03:21:20.800+0000] {another_another_test.py:249} INFO - Page 51 for Automotive/Car Electronics & Accessories : Crawled 24 items in 2.69 seconds
[2025-04-08T03:21:20.826+0000] {another_another_test.py:259} INFO - Moving to page 52 for Automotive/Car Electronics & Accessories
[2025-04-08T03:21:23.372+0000] {another_another_test.py:80} INFO - Detected layout: tiles
[2025-04-08T03:21:23.509+0000] {another_another_test.py:229} INFO - Saved/Updated 1248 products to /opt/***/csv/src_output/part1_20250408/part1_data_Automotive_Car Electronics & Accessories_20250408.csv
[2025-04-08T03:21:23.510+0000] {another_another_test.py:249} INFO - Page 52 for Automotive/Car Electronics & Accessories : Crawled 24 items in 2.68 seconds
[2025-04-08T03:21:23.531+0000] {another_another_test.py:259} INFO - Moving to page 53 for Automotive/Car Electronics & Accessories
[2025-04-08T03:21:25.959+0000] {another_another_test.py:80} INFO - Detected layout: tiles
[2025-04-08T03:21:26.093+0000] {another_another_test.py:229} INFO - Saved/Updated 1272 products to /opt/***/csv/src_output/part1_20250408/part1_data_Automotive_Car Electronics & Accessories_20250408.csv
[2025-04-08T03:21:26.095+0000] {another_another_test.py:249} INFO - Page 53 for Automotive/Car Electronics & Accessories : Crawled 24 items in 2.56 seconds
[2025-04-08T03:21:26.114+0000] {another_another_test.py:259} INFO - Moving to page 54 for Automotive/Car Electronics & Accessories
[2025-04-08T03:21:28.782+0000] {another_another_test.py:80} INFO - Detected layout: tiles
[2025-04-08T03:21:28.941+0000] {another_another_test.py:229} INFO - Saved/Updated 1296 products to /opt/***/csv/src_output/part1_20250408/part1_data_Automotive_Car Electronics & Accessories_20250408.csv
[2025-04-08T03:21:28.942+0000] {another_another_test.py:249} INFO - Page 54 for Automotive/Car Electronics & Accessories : Crawled 24 items in 2.83 seconds
[2025-04-08T03:21:28.959+0000] {another_another_test.py:259} INFO - Moving to page 55 for Automotive/Car Electronics & Accessories
[2025-04-08T03:21:31.508+0000] {another_another_test.py:80} INFO - Detected layout: tiles
[2025-04-08T03:21:31.840+0000] {another_another_test.py:229} INFO - Saved/Updated 1320 products to /opt/***/csv/src_output/part1_20250408/part1_data_Automotive_Car Electronics & Accessories_20250408.csv
[2025-04-08T03:21:31.842+0000] {another_another_test.py:249} INFO - Page 55 for Automotive/Car Electronics & Accessories : Crawled 24 items in 2.88 seconds
[2025-04-08T03:21:31.872+0000] {another_another_test.py:259} INFO - Moving to page 56 for Automotive/Car Electronics & Accessories
[2025-04-08T03:21:34.344+0000] {another_another_test.py:80} INFO - Detected layout: tiles
[2025-04-08T03:21:34.515+0000] {another_another_test.py:229} INFO - Saved/Updated 1344 products to /opt/***/csv/src_output/part1_20250408/part1_data_Automotive_Car Electronics & Accessories_20250408.csv
[2025-04-08T03:21:34.517+0000] {another_another_test.py:249} INFO - Page 56 for Automotive/Car Electronics & Accessories : Crawled 24 items in 2.64 seconds
[2025-04-08T03:21:34.542+0000] {another_another_test.py:259} INFO - Moving to page 57 for Automotive/Car Electronics & Accessories
[2025-04-08T03:21:37.549+0000] {another_another_test.py:80} INFO - Detected layout: tiles
[2025-04-08T03:21:37.731+0000] {another_another_test.py:229} INFO - Saved/Updated 1368 products to /opt/***/csv/src_output/part1_20250408/part1_data_Automotive_Car Electronics & Accessories_20250408.csv
[2025-04-08T03:21:37.733+0000] {another_another_test.py:249} INFO - Page 57 for Automotive/Car Electronics & Accessories : Crawled 24 items in 3.19 seconds
[2025-04-08T03:21:37.753+0000] {another_another_test.py:259} INFO - Moving to page 58 for Automotive/Car Electronics & Accessories
[2025-04-08T03:21:40.910+0000] {another_another_test.py:80} INFO - Detected layout: tiles
[2025-04-08T03:21:41.253+0000] {another_another_test.py:229} INFO - Saved/Updated 1392 products to /opt/***/csv/src_output/part1_20250408/part1_data_Automotive_Car Electronics & Accessories_20250408.csv
[2025-04-08T03:21:41.254+0000] {another_another_test.py:249} INFO - Page 58 for Automotive/Car Electronics & Accessories : Crawled 24 items in 3.50 seconds
[2025-04-08T03:21:41.282+0000] {another_another_test.py:259} INFO - Moving to page 59 for Automotive/Car Electronics & Accessories
[2025-04-08T03:21:44.089+0000] {another_another_test.py:80} INFO - Detected layout: tiles
[2025-04-08T03:21:44.275+0000] {another_another_test.py:229} INFO - Saved/Updated 1416 products to /opt/***/csv/src_output/part1_20250408/part1_data_Automotive_Car Electronics & Accessories_20250408.csv
[2025-04-08T03:21:44.276+0000] {another_another_test.py:249} INFO - Page 59 for Automotive/Car Electronics & Accessories : Crawled 24 items in 2.99 seconds
[2025-04-08T03:21:44.313+0000] {another_another_test.py:259} INFO - Moving to page 60 for Automotive/Car Electronics & Accessories
[2025-04-08T03:21:47.791+0000] {another_another_test.py:80} INFO - Detected layout: tiles
[2025-04-08T03:21:47.949+0000] {another_another_test.py:229} INFO - Saved/Updated 1440 products to /opt/***/csv/src_output/part1_20250408/part1_data_Automotive_Car Electronics & Accessories_20250408.csv
[2025-04-08T03:21:47.951+0000] {another_another_test.py:249} INFO - Page 60 for Automotive/Car Electronics & Accessories : Crawled 24 items in 3.64 seconds
[2025-04-08T03:21:47.971+0000] {another_another_test.py:259} INFO - Moving to page 61 for Automotive/Car Electronics & Accessories
[2025-04-08T03:21:50.655+0000] {another_another_test.py:80} INFO - Detected layout: tiles
[2025-04-08T03:21:50.858+0000] {another_another_test.py:229} INFO - Saved/Updated 1464 products to /opt/***/csv/src_output/part1_20250408/part1_data_Automotive_Car Electronics & Accessories_20250408.csv
[2025-04-08T03:21:50.859+0000] {another_another_test.py:249} INFO - Page 61 for Automotive/Car Electronics & Accessories : Crawled 24 items in 2.89 seconds
[2025-04-08T03:21:50.879+0000] {another_another_test.py:259} INFO - Moving to page 62 for Automotive/Car Electronics & Accessories
[2025-04-08T03:21:53.432+0000] {another_another_test.py:80} INFO - Detected layout: tiles
[2025-04-08T03:21:53.650+0000] {another_another_test.py:229} INFO - Saved/Updated 1488 products to /opt/***/csv/src_output/part1_20250408/part1_data_Automotive_Car Electronics & Accessories_20250408.csv
[2025-04-08T03:21:53.652+0000] {another_another_test.py:249} INFO - Page 62 for Automotive/Car Electronics & Accessories : Crawled 24 items in 2.77 seconds
[2025-04-08T03:21:53.676+0000] {another_another_test.py:259} INFO - Moving to page 63 for Automotive/Car Electronics & Accessories
[2025-04-08T03:21:56.679+0000] {another_another_test.py:80} INFO - Detected layout: tiles
[2025-04-08T03:21:56.926+0000] {another_another_test.py:229} INFO - Saved/Updated 1512 products to /opt/***/csv/src_output/part1_20250408/part1_data_Automotive_Car Electronics & Accessories_20250408.csv
[2025-04-08T03:21:56.929+0000] {another_another_test.py:249} INFO - Page 63 for Automotive/Car Electronics & Accessories : Crawled 24 items in 3.25 seconds
[2025-04-08T03:21:56.997+0000] {another_another_test.py:259} INFO - Moving to page 64 for Automotive/Car Electronics & Accessories
[2025-04-08T03:21:59.818+0000] {another_another_test.py:80} INFO - Detected layout: tiles
[2025-04-08T03:21:59.984+0000] {another_another_test.py:229} INFO - Saved/Updated 1536 products to /opt/***/csv/src_output/part1_20250408/part1_data_Automotive_Car Electronics & Accessories_20250408.csv
[2025-04-08T03:21:59.985+0000] {another_another_test.py:249} INFO - Page 64 for Automotive/Car Electronics & Accessories : Crawled 24 items in 2.99 seconds
[2025-04-08T03:22:00.006+0000] {another_another_test.py:259} INFO - Moving to page 65 for Automotive/Car Electronics & Accessories
[2025-04-08T03:22:02.417+0000] {another_another_test.py:80} INFO - Detected layout: tiles
[2025-04-08T03:22:02.575+0000] {another_another_test.py:229} INFO - Saved/Updated 1560 products to /opt/***/csv/src_output/part1_20250408/part1_data_Automotive_Car Electronics & Accessories_20250408.csv
[2025-04-08T03:22:02.577+0000] {another_another_test.py:249} INFO - Page 65 for Automotive/Car Electronics & Accessories : Crawled 24 items in 2.57 seconds
[2025-04-08T03:22:02.593+0000] {another_another_test.py:259} INFO - Moving to page 66 for Automotive/Car Electronics & Accessories
[2025-04-08T03:22:05.348+0000] {another_another_test.py:80} INFO - Detected layout: tiles
[2025-04-08T03:22:05.654+0000] {another_another_test.py:229} INFO - Saved/Updated 1584 products to /opt/***/csv/src_output/part1_20250408/part1_data_Automotive_Car Electronics & Accessories_20250408.csv
[2025-04-08T03:22:05.657+0000] {another_another_test.py:249} INFO - Page 66 for Automotive/Car Electronics & Accessories : Crawled 24 items in 3.06 seconds
[2025-04-08T03:22:05.685+0000] {another_another_test.py:259} INFO - Moving to page 67 for Automotive/Car Electronics & Accessories
[2025-04-08T03:22:09.484+0000] {another_another_test.py:80} INFO - Detected layout: tiles
[2025-04-08T03:22:09.677+0000] {another_another_test.py:229} INFO - Saved/Updated 1608 products to /opt/***/csv/src_output/part1_20250408/part1_data_Automotive_Car Electronics & Accessories_20250408.csv
[2025-04-08T03:22:09.680+0000] {another_another_test.py:249} INFO - Page 67 for Automotive/Car Electronics & Accessories : Crawled 24 items in 3.99 seconds
[2025-04-08T03:22:09.709+0000] {another_another_test.py:259} INFO - Moving to page 68 for Automotive/Car Electronics & Accessories
[2025-04-08T03:22:12.201+0000] {another_another_test.py:80} INFO - Detected layout: tiles
[2025-04-08T03:22:12.395+0000] {another_another_test.py:229} INFO - Saved/Updated 1632 products to /opt/***/csv/src_output/part1_20250408/part1_data_Automotive_Car Electronics & Accessories_20250408.csv
[2025-04-08T03:22:12.398+0000] {another_another_test.py:249} INFO - Page 68 for Automotive/Car Electronics & Accessories : Crawled 24 items in 2.69 seconds
[2025-04-08T03:22:12.419+0000] {another_another_test.py:259} INFO - Moving to page 69 for Automotive/Car Electronics & Accessories
[2025-04-08T03:22:15.011+0000] {another_another_test.py:80} INFO - Detected layout: tiles
[2025-04-08T03:22:15.221+0000] {another_another_test.py:229} INFO - Saved/Updated 1656 products to /opt/***/csv/src_output/part1_20250408/part1_data_Automotive_Car Electronics & Accessories_20250408.csv
[2025-04-08T03:22:15.223+0000] {another_another_test.py:249} INFO - Page 69 for Automotive/Car Electronics & Accessories : Crawled 24 items in 2.80 seconds
[2025-04-08T03:22:15.246+0000] {another_another_test.py:259} INFO - Moving to page 70 for Automotive/Car Electronics & Accessories
[2025-04-08T03:22:17.854+0000] {another_another_test.py:80} INFO - Detected layout: tiles
[2025-04-08T03:22:18.061+0000] {another_another_test.py:229} INFO - Saved/Updated 1680 products to /opt/***/csv/src_output/part1_20250408/part1_data_Automotive_Car Electronics & Accessories_20250408.csv
[2025-04-08T03:22:18.064+0000] {another_another_test.py:249} INFO - Page 70 for Automotive/Car Electronics & Accessories : Crawled 24 items in 2.82 seconds
[2025-04-08T03:22:18.083+0000] {another_another_test.py:259} INFO - Moving to page 71 for Automotive/Car Electronics & Accessories
[2025-04-08T03:22:20.628+0000] {another_another_test.py:80} INFO - Detected layout: tiles
[2025-04-08T03:22:20.826+0000] {another_another_test.py:229} INFO - Saved/Updated 1704 products to /opt/***/csv/src_output/part1_20250408/part1_data_Automotive_Car Electronics & Accessories_20250408.csv
[2025-04-08T03:22:20.827+0000] {another_another_test.py:249} INFO - Page 71 for Automotive/Car Electronics & Accessories : Crawled 24 items in 2.74 seconds
[2025-04-08T03:22:20.851+0000] {another_another_test.py:259} INFO - Moving to page 72 for Automotive/Car Electronics & Accessories
[2025-04-08T03:22:23.708+0000] {another_another_test.py:80} INFO - Detected layout: tiles
[2025-04-08T03:22:23.940+0000] {another_another_test.py:229} INFO - Saved/Updated 1728 products to /opt/***/csv/src_output/part1_20250408/part1_data_Automotive_Car Electronics & Accessories_20250408.csv
[2025-04-08T03:22:23.942+0000] {another_another_test.py:249} INFO - Page 72 for Automotive/Car Electronics & Accessories : Crawled 24 items in 3.09 seconds
[2025-04-08T03:22:23.976+0000] {another_another_test.py:259} INFO - Moving to page 73 for Automotive/Car Electronics & Accessories
[2025-04-08T03:22:26.708+0000] {another_another_test.py:80} INFO - Detected layout: tiles
[2025-04-08T03:22:26.897+0000] {another_another_test.py:229} INFO - Saved/Updated 1752 products to /opt/***/csv/src_output/part1_20250408/part1_data_Automotive_Car Electronics & Accessories_20250408.csv
[2025-04-08T03:22:26.898+0000] {another_another_test.py:249} INFO - Page 73 for Automotive/Car Electronics & Accessories : Crawled 24 items in 2.92 seconds
[2025-04-08T03:22:26.920+0000] {another_another_test.py:259} INFO - Moving to page 74 for Automotive/Car Electronics & Accessories
[2025-04-08T03:22:29.514+0000] {another_another_test.py:80} INFO - Detected layout: tiles
[2025-04-08T03:22:29.740+0000] {another_another_test.py:229} INFO - Saved/Updated 1776 products to /opt/***/csv/src_output/part1_20250408/part1_data_Automotive_Car Electronics & Accessories_20250408.csv
[2025-04-08T03:22:29.742+0000] {another_another_test.py:249} INFO - Page 74 for Automotive/Car Electronics & Accessories : Crawled 24 items in 2.82 seconds
[2025-04-08T03:22:29.767+0000] {another_another_test.py:259} INFO - Moving to page 75 for Automotive/Car Electronics & Accessories
[2025-04-08T03:22:33.045+0000] {another_another_test.py:80} INFO - Detected layout: tiles
[2025-04-08T03:22:33.247+0000] {another_another_test.py:229} INFO - Saved/Updated 1800 products to /opt/***/csv/src_output/part1_20250408/part1_data_Automotive_Car Electronics & Accessories_20250408.csv
[2025-04-08T03:22:33.249+0000] {another_another_test.py:249} INFO - Page 75 for Automotive/Car Electronics & Accessories : Crawled 24 items in 3.48 seconds
[2025-04-08T03:22:33.284+0000] {another_another_test.py:259} INFO - Moving to page 76 for Automotive/Car Electronics & Accessories
[2025-04-08T03:22:36.783+0000] {another_another_test.py:80} INFO - Detected layout: tiles
[2025-04-08T03:22:36.997+0000] {another_another_test.py:229} INFO - Saved/Updated 1824 products to /opt/***/csv/src_output/part1_20250408/part1_data_Automotive_Car Electronics & Accessories_20250408.csv
[2025-04-08T03:22:36.999+0000] {another_another_test.py:249} INFO - Page 76 for Automotive/Car Electronics & Accessories : Crawled 24 items in 3.71 seconds
[2025-04-08T03:22:37.024+0000] {another_another_test.py:259} INFO - Moving to page 77 for Automotive/Car Electronics & Accessories
[2025-04-08T03:22:40.314+0000] {another_another_test.py:80} INFO - Detected layout: tiles
[2025-04-08T03:22:40.547+0000] {another_another_test.py:229} INFO - Saved/Updated 1848 products to /opt/***/csv/src_output/part1_20250408/part1_data_Automotive_Car Electronics & Accessories_20250408.csv
[2025-04-08T03:22:40.549+0000] {another_another_test.py:249} INFO - Page 77 for Automotive/Car Electronics & Accessories : Crawled 24 items in 3.52 seconds
[2025-04-08T03:22:40.577+0000] {another_another_test.py:259} INFO - Moving to page 78 for Automotive/Car Electronics & Accessories
[2025-04-08T03:22:43.068+0000] {another_another_test.py:80} INFO - Detected layout: tiles
[2025-04-08T03:22:43.244+0000] {another_another_test.py:229} INFO - Saved/Updated 1872 products to /opt/***/csv/src_output/part1_20250408/part1_data_Automotive_Car Electronics & Accessories_20250408.csv
[2025-04-08T03:22:43.246+0000] {another_another_test.py:249} INFO - Page 78 for Automotive/Car Electronics & Accessories : Crawled 24 items in 2.67 seconds
[2025-04-08T03:22:43.266+0000] {another_another_test.py:259} INFO - Moving to page 79 for Automotive/Car Electronics & Accessories
[2025-04-08T03:22:45.838+0000] {another_another_test.py:80} INFO - Detected layout: tiles
[2025-04-08T03:22:46.034+0000] {another_another_test.py:229} INFO - Saved/Updated 1896 products to /opt/***/csv/src_output/part1_20250408/part1_data_Automotive_Car Electronics & Accessories_20250408.csv
[2025-04-08T03:22:46.036+0000] {another_another_test.py:249} INFO - Page 79 for Automotive/Car Electronics & Accessories : Crawled 24 items in 2.77 seconds
[2025-04-08T03:22:46.052+0000] {another_another_test.py:259} INFO - Moving to page 80 for Automotive/Car Electronics & Accessories
[2025-04-08T03:22:48.508+0000] {another_another_test.py:80} INFO - Detected layout: tiles
[2025-04-08T03:22:48.708+0000] {another_another_test.py:229} INFO - Saved/Updated 1920 products to /opt/***/csv/src_output/part1_20250408/part1_data_Automotive_Car Electronics & Accessories_20250408.csv
[2025-04-08T03:22:48.710+0000] {another_another_test.py:249} INFO - Page 80 for Automotive/Car Electronics & Accessories : Crawled 24 items in 2.66 seconds
[2025-04-08T03:22:48.736+0000] {another_another_test.py:259} INFO - Moving to page 81 for Automotive/Car Electronics & Accessories
[2025-04-08T03:22:52.556+0000] {another_another_test.py:80} INFO - Detected layout: tiles
[2025-04-08T03:22:52.869+0000] {another_another_test.py:229} INFO - Saved/Updated 1944 products to /opt/***/csv/src_output/part1_20250408/part1_data_Automotive_Car Electronics & Accessories_20250408.csv
[2025-04-08T03:22:52.871+0000] {another_another_test.py:249} INFO - Page 81 for Automotive/Car Electronics & Accessories : Crawled 24 items in 4.13 seconds
[2025-04-08T03:22:52.900+0000] {another_another_test.py:259} INFO - Moving to page 82 for Automotive/Car Electronics & Accessories
[2025-04-08T03:22:55.216+0000] {another_another_test.py:80} INFO - Detected layout: tiles
[2025-04-08T03:22:55.400+0000] {another_another_test.py:229} INFO - Saved/Updated 1968 products to /opt/***/csv/src_output/part1_20250408/part1_data_Automotive_Car Electronics & Accessories_20250408.csv
[2025-04-08T03:22:55.401+0000] {another_another_test.py:249} INFO - Page 82 for Automotive/Car Electronics & Accessories : Crawled 24 items in 2.50 seconds
[2025-04-08T03:22:55.421+0000] {another_another_test.py:259} INFO - Moving to page 83 for Automotive/Car Electronics & Accessories
[2025-04-08T03:22:58.303+0000] {another_another_test.py:80} INFO - Detected layout: tiles
[2025-04-08T03:22:58.518+0000] {another_another_test.py:229} INFO - Saved/Updated 1992 products to /opt/***/csv/src_output/part1_20250408/part1_data_Automotive_Car Electronics & Accessories_20250408.csv
[2025-04-08T03:22:58.519+0000] {another_another_test.py:249} INFO - Page 83 for Automotive/Car Electronics & Accessories : Crawled 24 items in 3.10 seconds
[2025-04-08T03:22:58.560+0000] {another_another_test.py:259} INFO - Moving to page 84 for Automotive/Car Electronics & Accessories
[2025-04-08T03:23:02.335+0000] {another_another_test.py:80} INFO - Detected layout: tiles
[2025-04-08T03:23:02.684+0000] {another_another_test.py:229} INFO - Saved/Updated 2016 products to /opt/***/csv/src_output/part1_20250408/part1_data_Automotive_Car Electronics & Accessories_20250408.csv
[2025-04-08T03:23:02.686+0000] {another_another_test.py:249} INFO - Page 84 for Automotive/Car Electronics & Accessories : Crawled 24 items in 4.13 seconds
[2025-04-08T03:23:02.732+0000] {another_another_test.py:259} INFO - Moving to page 85 for Automotive/Car Electronics & Accessories
[2025-04-08T03:23:05.790+0000] {another_another_test.py:80} INFO - Detected layout: tiles
[2025-04-08T03:23:05.969+0000] {another_another_test.py:229} INFO - Saved/Updated 2040 products to /opt/***/csv/src_output/part1_20250408/part1_data_Automotive_Car Electronics & Accessories_20250408.csv
[2025-04-08T03:23:05.970+0000] {another_another_test.py:249} INFO - Page 85 for Automotive/Car Electronics & Accessories : Crawled 24 items in 3.24 seconds
[2025-04-08T03:23:05.987+0000] {another_another_test.py:259} INFO - Moving to page 86 for Automotive/Car Electronics & Accessories
[2025-04-08T03:23:08.376+0000] {another_another_test.py:80} INFO - Detected layout: tiles
[2025-04-08T03:23:08.572+0000] {another_another_test.py:229} INFO - Saved/Updated 2064 products to /opt/***/csv/src_output/part1_20250408/part1_data_Automotive_Car Electronics & Accessories_20250408.csv
[2025-04-08T03:23:08.574+0000] {another_another_test.py:249} INFO - Page 86 for Automotive/Car Electronics & Accessories : Crawled 24 items in 2.59 seconds
[2025-04-08T03:23:08.592+0000] {another_another_test.py:259} INFO - Moving to page 87 for Automotive/Car Electronics & Accessories
[2025-04-08T03:23:11.381+0000] {another_another_test.py:80} INFO - Detected layout: tiles
[2025-04-08T03:23:11.577+0000] {another_another_test.py:229} INFO - Saved/Updated 2088 products to /opt/***/csv/src_output/part1_20250408/part1_data_Automotive_Car Electronics & Accessories_20250408.csv
[2025-04-08T03:23:11.579+0000] {another_another_test.py:249} INFO - Page 87 for Automotive/Car Electronics & Accessories : Crawled 24 items in 2.99 seconds
[2025-04-08T03:23:11.602+0000] {another_another_test.py:259} INFO - Moving to page 88 for Automotive/Car Electronics & Accessories
[2025-04-08T03:23:14.708+0000] {another_another_test.py:80} INFO - Detected layout: tiles
[2025-04-08T03:23:14.883+0000] {another_another_test.py:229} INFO - Saved/Updated 2112 products to /opt/***/csv/src_output/part1_20250408/part1_data_Automotive_Car Electronics & Accessories_20250408.csv
[2025-04-08T03:23:14.885+0000] {another_another_test.py:249} INFO - Page 88 for Automotive/Car Electronics & Accessories : Crawled 24 items in 3.28 seconds
[2025-04-08T03:23:14.904+0000] {another_another_test.py:259} INFO - Moving to page 89 for Automotive/Car Electronics & Accessories
[2025-04-08T03:23:18.018+0000] {another_another_test.py:80} INFO - Detected layout: tiles
[2025-04-08T03:23:18.246+0000] {another_another_test.py:229} INFO - Saved/Updated 2136 products to /opt/***/csv/src_output/part1_20250408/part1_data_Automotive_Car Electronics & Accessories_20250408.csv
[2025-04-08T03:23:18.250+0000] {another_another_test.py:249} INFO - Page 89 for Automotive/Car Electronics & Accessories : Crawled 24 items in 3.34 seconds
[2025-04-08T03:23:18.290+0000] {another_another_test.py:259} INFO - Moving to page 90 for Automotive/Car Electronics & Accessories
[2025-04-08T03:23:20.784+0000] {another_another_test.py:80} INFO - Detected layout: tiles
[2025-04-08T03:23:20.987+0000] {another_another_test.py:229} INFO - Saved/Updated 2160 products to /opt/***/csv/src_output/part1_20250408/part1_data_Automotive_Car Electronics & Accessories_20250408.csv
[2025-04-08T03:23:20.990+0000] {another_another_test.py:249} INFO - Page 90 for Automotive/Car Electronics & Accessories : Crawled 24 items in 2.70 seconds
[2025-04-08T03:23:21.010+0000] {another_another_test.py:259} INFO - Moving to page 91 for Automotive/Car Electronics & Accessories
[2025-04-08T03:23:23.945+0000] {another_another_test.py:80} INFO - Detected layout: tiles
[2025-04-08T03:23:24.244+0000] {another_another_test.py:229} INFO - Saved/Updated 2184 products to /opt/***/csv/src_output/part1_20250408/part1_data_Automotive_Car Electronics & Accessories_20250408.csv
[2025-04-08T03:23:24.246+0000] {another_another_test.py:249} INFO - Page 91 for Automotive/Car Electronics & Accessories : Crawled 24 items in 3.23 seconds
[2025-04-08T03:23:24.265+0000] {another_another_test.py:259} INFO - Moving to page 92 for Automotive/Car Electronics & Accessories
[2025-04-08T03:23:26.697+0000] {another_another_test.py:80} INFO - Detected layout: tiles
[2025-04-08T03:23:26.959+0000] {another_another_test.py:229} INFO - Saved/Updated 2208 products to /opt/***/csv/src_output/part1_20250408/part1_data_Automotive_Car Electronics & Accessories_20250408.csv
[2025-04-08T03:23:26.960+0000] {another_another_test.py:249} INFO - Page 92 for Automotive/Car Electronics & Accessories : Crawled 24 items in 2.70 seconds
[2025-04-08T03:23:26.984+0000] {another_another_test.py:259} INFO - Moving to page 93 for Automotive/Car Electronics & Accessories
[2025-04-08T03:23:30.145+0000] {another_another_test.py:80} INFO - Detected layout: tiles
[2025-04-08T03:23:30.368+0000] {another_another_test.py:229} INFO - Saved/Updated 2232 products to /opt/***/csv/src_output/part1_20250408/part1_data_Automotive_Car Electronics & Accessories_20250408.csv
[2025-04-08T03:23:30.369+0000] {another_another_test.py:249} INFO - Page 93 for Automotive/Car Electronics & Accessories : Crawled 24 items in 3.39 seconds
[2025-04-08T03:23:30.399+0000] {another_another_test.py:259} INFO - Moving to page 94 for Automotive/Car Electronics & Accessories
[2025-04-08T03:23:32.781+0000] {local_task_job_runner.py:346} WARNING - State of this instance has been externally set to failed. Terminating instance.
[2025-04-08T03:23:32.788+0000] {local_task_job_runner.py:245} INFO - ::endgroup::
[2025-04-08T03:23:32.797+0000] {process_utils.py:132} INFO - Sending 15 to group 1293. PIDs of all processes in the group: [1470, 1476, 1482, 1485, 1507, 1508, 1563, 1853, 1886, 1506, 1293]
[2025-04-08T03:23:32.808+0000] {process_utils.py:87} INFO - Sending the signal 15 to group 1293
[2025-04-08T03:23:32.816+0000] {taskinstance.py:3094} ERROR - Received SIGTERM. Terminating subprocesses.
[2025-04-08T03:23:32.898+0000] {process_utils.py:80} INFO - Process psutil.Process(pid=1853, status='terminated', started='03:19:59') (1853) terminated with exit code None
[2025-04-08T03:23:33.122+0000] {process_utils.py:80} INFO - Process psutil.Process(pid=1563, status='terminated', started='03:18:52') (1563) terminated with exit code None
[2025-04-08T03:23:33.124+0000] {process_utils.py:80} INFO - Process psutil.Process(pid=1886, status='terminated', started='03:20:30') (1886) terminated with exit code None
[2025-04-08T03:23:33.319+0000] {process_utils.py:80} INFO - Process psutil.Process(pid=1508, status='terminated', started='03:18:52') (1508) terminated with exit code None
[2025-04-08T03:23:33.413+0000] {process_utils.py:80} INFO - Process psutil.Process(pid=1482, status='terminated', started='03:18:52') (1482) terminated with exit code None
[2025-04-08T03:23:33.414+0000] {process_utils.py:80} INFO - Process psutil.Process(pid=1506, status='terminated', started='03:18:52') (1506) terminated with exit code None
[2025-04-08T03:23:33.415+0000] {process_utils.py:80} INFO - Process psutil.Process(pid=1485, status='terminated', started='03:18:52') (1485) terminated with exit code None
[2025-04-08T03:23:33.417+0000] {process_utils.py:80} INFO - Process psutil.Process(pid=1507, status='terminated', started='03:18:52') (1507) terminated with exit code None
[2025-04-08T03:23:33.726+0000] {taskinstance.py:3095} ERROR - Stacktrace: 
  File "/home/***/.local/bin/***", line 8, in <module>
    sys.exit(main())
  File "/home/***/.local/lib/python3.12/site-packages/***/__main__.py", line 62, in main
    args.func(args)
  File "/home/***/.local/lib/python3.12/site-packages/***/cli/cli_config.py", line 49, in command
    return func(*args, **kwargs)
  File "/home/***/.local/lib/python3.12/site-packages/***/utils/cli.py", line 116, in wrapper
    return f(*args, **kwargs)
  File "/home/***/.local/lib/python3.12/site-packages/***/providers/celery/cli/celery_command.py", line 64, in wrapper
    providers_configuration_loaded(func)(*args, **kwargs)
  File "/home/***/.local/lib/python3.12/site-packages/***/utils/providers_configuration_loader.py", line 55, in wrapped_function
    return func(*args, **kwargs)
  File "/home/***/.local/lib/python3.12/site-packages/***/providers/celery/cli/celery_command.py", line 237, in worker
    _run_command_with_daemon_option(
  File "/home/***/.local/lib/python3.12/site-packages/***/providers/celery/cli/celery_command.py", line 50, in _run_command_with_daemon_option
    run_command_with_daemon_option(*args, **kwargs)
  File "/home/***/.local/lib/python3.12/site-packages/***/cli/commands/daemon_utils.py", line 86, in run_command_with_daemon_option
    callback()
  File "/home/***/.local/lib/python3.12/site-packages/***/providers/celery/cli/celery_command.py", line 230, in run_celery_worker
    celery_app.worker_main(options)
  File "/home/***/.local/lib/python3.12/site-packages/celery/app/base.py", line 391, in worker_main
    self.start(argv=argv)
  File "/home/***/.local/lib/python3.12/site-packages/celery/app/base.py", line 371, in start
    celery.main(args=argv, standalone_mode=False)
  File "/home/***/.local/lib/python3.12/site-packages/click/core.py", line 1082, in main
    rv = self.invoke(ctx)
  File "/home/***/.local/lib/python3.12/site-packages/click/core.py", line 1697, in invoke
    return _process_result(sub_ctx.command.invoke(sub_ctx))
  File "/home/***/.local/lib/python3.12/site-packages/click/core.py", line 1443, in invoke
    return ctx.invoke(self.callback, **ctx.params)
  File "/home/***/.local/lib/python3.12/site-packages/click/core.py", line 788, in invoke
    return __callback(*args, **kwargs)
  File "/home/***/.local/lib/python3.12/site-packages/click/decorators.py", line 33, in new_func
    return f(get_current_context(), *args, **kwargs)
  File "/home/***/.local/lib/python3.12/site-packages/celery/bin/base.py", line 135, in caller
    return f(ctx, *args, **kwargs)
  File "/home/***/.local/lib/python3.12/site-packages/celery/bin/worker.py", line 356, in worker
    worker.start()
  File "/home/***/.local/lib/python3.12/site-packages/celery/worker/worker.py", line 202, in start
    self.blueprint.start(self)
  File "/home/***/.local/lib/python3.12/site-packages/celery/bootsteps.py", line 116, in start
    step.start(parent)
  File "/home/***/.local/lib/python3.12/site-packages/celery/bootsteps.py", line 365, in start
    return self.obj.start()
  File "/home/***/.local/lib/python3.12/site-packages/celery/concurrency/base.py", line 130, in start
    self.on_start()
  File "/home/***/.local/lib/python3.12/site-packages/celery/concurrency/prefork.py", line 109, in on_start
    P = self._pool = Pool(processes=self.limit,
  File "/home/***/.local/lib/python3.12/site-packages/celery/concurrency/asynpool.py", line 464, in __init__
    super().__init__(processes, *args, **kwargs)
  File "/home/***/.local/lib/python3.12/site-packages/billiard/pool.py", line 1046, in __init__
    self._create_worker_process(i)
  File "/home/***/.local/lib/python3.12/site-packages/celery/concurrency/asynpool.py", line 482, in _create_worker_process
    return super()._create_worker_process(i)
  File "/home/***/.local/lib/python3.12/site-packages/billiard/pool.py", line 1158, in _create_worker_process
    w.start()
  File "/home/***/.local/lib/python3.12/site-packages/billiard/process.py", line 120, in start
    self._popen = self._Popen(self)
  File "/home/***/.local/lib/python3.12/site-packages/billiard/context.py", line 331, in _Popen
    return Popen(process_obj)
  File "/home/***/.local/lib/python3.12/site-packages/billiard/popen_fork.py", line 22, in __init__
    self._launch(process_obj)
  File "/home/***/.local/lib/python3.12/site-packages/billiard/popen_fork.py", line 77, in _launch
    code = process_obj._bootstrap()
  File "/home/***/.local/lib/python3.12/site-packages/billiard/process.py", line 323, in _bootstrap
    self.run()
  File "/home/***/.local/lib/python3.12/site-packages/billiard/process.py", line 110, in run
    self._target(*self._args, **self._kwargs)
  File "/home/***/.local/lib/python3.12/site-packages/billiard/pool.py", line 292, in __call__
    sys.exit(self.workloop(pid=pid))
  File "/home/***/.local/lib/python3.12/site-packages/billiard/pool.py", line 362, in workloop
    result = (True, prepare_result(fun(*args, **kwargs)))
  File "/home/***/.local/lib/python3.12/site-packages/celery/app/trace.py", line 651, in fast_trace_task
    R, I, T, Rstr = tasks[task].__trace__(
  File "/home/***/.local/lib/python3.12/site-packages/celery/app/trace.py", line 453, in trace_task
    R = retval = fun(*args, **kwargs)
  File "/home/***/.local/lib/python3.12/site-packages/celery/app/trace.py", line 736, in __protected_call__
    return self.run(*args, **kwargs)
  File "/home/***/.local/lib/python3.12/site-packages/***/providers/celery/executors/celery_executor_utils.py", line 139, in execute_command
    _execute_in_fork(command_to_exec, celery_task_id)
  File "/home/***/.local/lib/python3.12/site-packages/***/providers/celery/executors/celery_executor_utils.py", line 171, in _execute_in_fork
    args.func(args)
  File "/home/***/.local/lib/python3.12/site-packages/***/cli/cli_config.py", line 49, in command
    return func(*args, **kwargs)
  File "/home/***/.local/lib/python3.12/site-packages/***/utils/cli.py", line 116, in wrapper
    return f(*args, **kwargs)
  File "/home/***/.local/lib/python3.12/site-packages/***/cli/commands/task_command.py", line 483, in task_run
    task_return_code = _run_task_by_selected_method(args, _dag, ti)
  File "/home/***/.local/lib/python3.12/site-packages/***/cli/commands/task_command.py", line 254, in _run_task_by_selected_method
    return _run_task_by_local_task_job(args, ti)
  File "/home/***/.local/lib/python3.12/site-packages/***/cli/commands/task_command.py", line 322, in _run_task_by_local_task_job
    ret = run_job(job=job_runner.job, execute_callable=job_runner._execute)
  File "/home/***/.local/lib/python3.12/site-packages/***/utils/session.py", line 97, in wrapper
    return func(*args, session=session, **kwargs)
  File "/home/***/.local/lib/python3.12/site-packages/***/jobs/job.py", line 421, in run_job
    return execute_job(job, execute_callable=execute_callable)
  File "/home/***/.local/lib/python3.12/site-packages/***/jobs/job.py", line 450, in execute_job
    ret = execute_callable()
  File "/home/***/.local/lib/python3.12/site-packages/***/jobs/local_task_job_runner.py", line 171, in _execute
    self.task_runner.start()
  File "/home/***/.local/lib/python3.12/site-packages/***/task/task_runner/standard_task_runner.py", line 55, in start
    self.process = self._start_by_fork()
  File "/home/***/.local/lib/python3.12/site-packages/***/task/task_runner/standard_task_runner.py", line 117, in _start_by_fork
    ret = args.func(args, dag=self.dag)
  File "/home/***/.local/lib/python3.12/site-packages/***/cli/cli_config.py", line 49, in command
    return func(*args, **kwargs)
  File "/home/***/.local/lib/python3.12/site-packages/***/utils/cli.py", line 116, in wrapper
    return f(*args, **kwargs)
  File "/home/***/.local/lib/python3.12/site-packages/***/cli/commands/task_command.py", line 483, in task_run
    task_return_code = _run_task_by_selected_method(args, _dag, ti)
  File "/home/***/.local/lib/python3.12/site-packages/***/cli/commands/task_command.py", line 256, in _run_task_by_selected_method
    return _run_raw_task(args, ti)
  File "/home/***/.local/lib/python3.12/site-packages/***/cli/commands/task_command.py", line 341, in _run_raw_task
    return ti._run_raw_task(
  File "/home/***/.local/lib/python3.12/site-packages/***/utils/session.py", line 97, in wrapper
    return func(*args, session=session, **kwargs)
  File "/home/***/.local/lib/python3.12/site-packages/***/models/taskinstance.py", line 3006, in _run_raw_task
    return _run_raw_task(
  File "/home/***/.local/lib/python3.12/site-packages/***/models/taskinstance.py", line 274, in _run_raw_task
    TaskInstance._execute_task_with_callbacks(
  File "/home/***/.local/lib/python3.12/site-packages/***/models/taskinstance.py", line 3161, in _execute_task_with_callbacks
    result = self._execute_task(context, task_orig)
  File "/home/***/.local/lib/python3.12/site-packages/***/models/taskinstance.py", line 3185, in _execute_task
    return _execute_task(self, context, task_orig)
  File "/home/***/.local/lib/python3.12/site-packages/***/models/taskinstance.py", line 768, in _execute_task
    result = _execute_callable(context=context, **execute_callable_kwargs)
  File "/home/***/.local/lib/python3.12/site-packages/***/models/taskinstance.py", line 734, in _execute_callable
    return ExecutionCallableRunner(
  File "/home/***/.local/lib/python3.12/site-packages/***/utils/operator_helpers.py", line 252, in run
    return self.func(*args, **kwargs)
  File "/home/***/.local/lib/python3.12/site-packages/***/models/baseoperator.py", line 424, in wrapper
    return func(self, *args, **kwargs)
  File "/home/***/.local/lib/python3.12/site-packages/***/operators/python.py", line 238, in execute
    return_value = self.execute_callable()
  File "/home/***/.local/lib/python3.12/site-packages/***/operators/python.py", line 256, in execute_callable
    return runner.run(*self.op_args, **self.op_kwargs)
  File "/home/***/.local/lib/python3.12/site-packages/***/utils/operator_helpers.py", line 252, in run
    return self.func(*args, **kwargs)
  File "/opt/***/dags/another_another_test.py", line 290, in main
    scraper.scrape(url, department, sub_department)
  File "/opt/***/dags/another_another_test.py", line 240, in scrape
    soup = BeautifulSoup(self.driver.page_source, 'html.parser')
  File "/home/***/.local/lib/python3.12/site-packages/selenium/webdriver/remote/webdriver.py", line 570, in page_source
    return self.execute(Command.GET_PAGE_SOURCE)["value"]
  File "/home/***/.local/lib/python3.12/site-packages/selenium/webdriver/remote/webdriver.py", line 427, in execute
    response = self.command_executor.execute(driver_command, params)
  File "/home/***/.local/lib/python3.12/site-packages/selenium/webdriver/remote/remote_connection.py", line 404, in execute
    return self._request(command_info[0], url, body=data)
  File "/home/***/.local/lib/python3.12/site-packages/selenium/webdriver/remote/remote_connection.py", line 428, in _request
    response = self._conn.request(method, url, body=body, headers=headers, timeout=self._client_config.timeout)
  File "/home/***/.local/lib/python3.12/site-packages/urllib3/_request_methods.py", line 135, in request
    return self.request_encode_url(
  File "/home/***/.local/lib/python3.12/site-packages/urllib3/_request_methods.py", line 182, in request_encode_url
    return self.urlopen(method, url, **extra_kw)
  File "/home/***/.local/lib/python3.12/site-packages/urllib3/poolmanager.py", line 443, in urlopen
    response = conn.urlopen(method, u.request_uri, **kw)
  File "/home/***/.local/lib/python3.12/site-packages/urllib3/connectionpool.py", line 787, in urlopen
    response = self._make_request(
  File "/home/***/.local/lib/python3.12/site-packages/urllib3/connectionpool.py", line 534, in _make_request
    response = conn.getresponse()
  File "/home/***/.local/lib/python3.12/site-packages/urllib3/connection.py", line 516, in getresponse
    httplib_response = super().getresponse()
  File "/usr/local/lib/python3.12/http/client.py", line 1430, in getresponse
    response.begin()
  File "/usr/local/lib/python3.12/http/client.py", line 331, in begin
    version, status, reason = self._read_status()
  File "/usr/local/lib/python3.12/http/client.py", line 292, in _read_status
    line = str(self.fp.readline(_MAXLINE + 1), "iso-8859-1")
  File "/usr/local/lib/python3.12/socket.py", line 720, in readinto
    return self._sock.recv_into(b)
  File "/home/***/.local/lib/python3.12/site-packages/***/models/taskinstance.py", line 3095, in signal_handler
    self.log.error("Stacktrace: \n%s", "".join(traceback.format_stack()))

[2025-04-08T03:23:33.733+0000] {connectionpool.py:868} WARNING - Retrying (Retry(total=2, connect=None, read=None, redirect=None, status=None)) after connection broken by 'NewConnectionError('<urllib3.connection.HTTPConnection object at 0x7fb1e9c2b4a0>: Failed to establish a new connection: [Errno 111] Connection refused')': /session/90153d2b96d330235482b0f2230c2fed
[2025-04-08T03:23:33.735+0000] {connectionpool.py:868} WARNING - Retrying (Retry(total=1, connect=None, read=None, redirect=None, status=None)) after connection broken by 'NewConnectionError('<urllib3.connection.HTTPConnection object at 0x7fb1e9af6c00>: Failed to establish a new connection: [Errno 111] Connection refused')': /session/90153d2b96d330235482b0f2230c2fed
[2025-04-08T03:23:33.737+0000] {connectionpool.py:868} WARNING - Retrying (Retry(total=0, connect=None, read=None, redirect=None, status=None)) after connection broken by 'NewConnectionError('<urllib3.connection.HTTPConnection object at 0x7fb1ea5b2ae0>: Failed to establish a new connection: [Errno 111] Connection refused')': /session/90153d2b96d330235482b0f2230c2fed
[2025-04-08T03:23:33.792+0000] {process_utils.py:80} INFO - Process psutil.Process(pid=1476, status='terminated', started='03:18:52') (1476) terminated with exit code None
[2025-04-08T03:23:33.793+0000] {process_utils.py:80} INFO - Process psutil.Process(pid=1470, status='terminated', started='03:18:52') (1470) terminated with exit code None
[2025-04-08T03:23:33.810+0000] {taskinstance.py:341} INFO - ::group::Post task execution logs
[2025-04-08T03:23:33.846+0000] {process_utils.py:80} INFO - Process psutil.Process(pid=1293, status='terminated', exitcode=0, started='03:18:47') (1293) terminated with exit code 0
[2025-04-23T14:23:55.962+0000] {local_task_job_runner.py:123} INFO - ::group::Pre task execution logs
[2025-04-23T14:23:56.023+0000] {taskinstance.py:2604} INFO - Dependencies not met for <TaskInstance: amazon_scraping_dag.scrape_amazon_task manual__2025-04-07T16:58:12.466686+00:00 [failed]>, dependency 'Task Instance State' FAILED: Task is in the 'failed' state.
[2025-04-23T14:23:56.045+0000] {local_task_job_runner.py:166} INFO - Task is not able to be run
