[2025-04-07T14:16:50.302+0000] {local_task_job_runner.py:123} INFO - ::group::Pre task execution logs
[2025-04-07T14:16:50.327+0000] {taskinstance.py:2613} INFO - Dependencies all met for dep_context=non-requeueable deps ti=<TaskInstance: demp_scrape_amazon_dag_demo.scrape_task manual__2025-04-07T14:16:47.035223+00:00 [queued]>
[2025-04-07T14:16:50.339+0000] {taskinstance.py:2613} INFO - Dependencies all met for dep_context=requeueable deps ti=<TaskInstance: demp_scrape_amazon_dag_demo.scrape_task manual__2025-04-07T14:16:47.035223+00:00 [queued]>
[2025-04-07T14:16:50.340+0000] {taskinstance.py:2866} INFO - Starting attempt 1 of 2
[2025-04-07T14:16:50.377+0000] {taskinstance.py:2889} INFO - Executing <Task(PythonOperator): scrape_task> on 2025-04-07 14:16:47.035223+00:00
[2025-04-07T14:16:50.385+0000] {warnings.py:112} WARNING - /home/***/.local/lib/python3.12/site-packages/***/task/task_runner/standard_task_runner.py:70: DeprecationWarning: This process (pid=660) is multi-threaded, use of fork() may lead to deadlocks in the child.
  pid = os.fork()

[2025-04-07T14:16:50.389+0000] {standard_task_runner.py:72} INFO - Started process 663 to run task
[2025-04-07T14:16:50.388+0000] {standard_task_runner.py:104} INFO - Running: ['***', 'tasks', 'run', 'demp_scrape_amazon_dag_demo', 'scrape_task', 'manual__2025-04-07T14:16:47.035223+00:00', '--job-id', '50', '--raw', '--subdir', 'DAGS_FOLDER/another_test.py', '--cfg-path', '/tmp/tmpuvkp4fvw']
[2025-04-07T14:16:50.390+0000] {standard_task_runner.py:105} INFO - Job 50: Subtask scrape_task
[2025-04-07T14:16:50.463+0000] {task_command.py:467} INFO - Running <TaskInstance: demp_scrape_amazon_dag_demo.scrape_task manual__2025-04-07T14:16:47.035223+00:00 [running]> on host ba893f484bac
[2025-04-07T14:16:50.600+0000] {taskinstance.py:3132} INFO - Exporting env vars: AIRFLOW_CTX_DAG_OWNER='***' AIRFLOW_CTX_DAG_ID='demp_scrape_amazon_dag_demo' AIRFLOW_CTX_TASK_ID='scrape_task' AIRFLOW_CTX_EXECUTION_DATE='2025-04-07T14:16:47.035223+00:00' AIRFLOW_CTX_TRY_NUMBER='1' AIRFLOW_CTX_DAG_RUN_ID='manual__2025-04-07T14:16:47.035223+00:00'
[2025-04-07T14:16:50.602+0000] {logging_mixin.py:190} INFO - Task instance is in running state
[2025-04-07T14:16:50.603+0000] {logging_mixin.py:190} INFO -  Previous state of the Task instance: queued
[2025-04-07T14:16:50.604+0000] {logging_mixin.py:190} INFO - Current task name:scrape_task state:running start_date:2025-04-07 14:16:50.328444+00:00
[2025-04-07T14:16:50.605+0000] {logging_mixin.py:190} INFO - Dag name:demp_scrape_amazon_dag_demo and current dag run status:running
[2025-04-07T14:16:50.605+0000] {taskinstance.py:731} INFO - ::endgroup::
[2025-04-07T14:16:50.617+0000] {another_test.py:261} INFO - Processing: Automotive/Car Care - https://www.amazon.com/s?bbn=2562090011&rh=i%3Aspecialty-aps%2Cn%3A2562090011%2Cn%3A%2115690151%2Cn%3A15718271&s=date-desc-rank&ref_=nav_em__nav_desktop_sa_intl_car_care_0_2_10_2
[2025-04-07T14:16:50.662+0000] {another_test.py:261} INFO - Processing: Automotive/Car Electronics & Accessories - https://www.amazon.com/s?bbn=2562090011&rh=i%3Aspecialty-aps%2Cn%3A2562090011%2Cn%3A%2115690151%2Cn%3A2230642011&s=date-desc-rank&ref_=nav_em__nav_desktop_sa_intl_car_electronics_accessories_0_2_10_3
[2025-04-07T14:16:50.707+0000] {another_test.py:261} INFO - Processing: Automotive/Exterior Accessories - https://www.amazon.com/s?bbn=2562090011&rh=i%3Aspecialty-aps%2Cn%3A2562090011%2Cn%3A%2115690151%2Cn%3A15857511&s=date-desc-rank&ref_=nav_em__nav_desktop_sa_intl_exterior_accessories__0_2_10_4
[2025-04-07T14:16:50.751+0000] {another_test.py:261} INFO - Processing: Automotive/Interior Accessories - https://www.amazon.com/s?bbn=2562090011&rh=i%3Aspecialty-aps%2Cn%3A2562090011%2Cn%3A%2115690151%2Cn%3A15857501&s=date-desc-rank&ref_=nav_em__nav_desktop_sa_intl_interior_accessories_0_2_10_5
[2025-04-07T14:16:50.799+0000] {another_test.py:261} INFO - Processing: Automotive/Lights & Lighting Accessories - https://www.amazon.com/s?bbn=2562090011&rh=i%3Aspecialty-aps%2Cn%3A2562090011%2Cn%3A%2115690151%2Cn%3A15736321&s=date-desc-rank&ref_=nav_em__nav_desktop_sa_intl_lights_lighting_accessories_0_2_10_6
[2025-04-07T14:16:50.848+0000] {another_test.py:261} INFO - Processing: Automotive/Motorcycle & Powersports - https://www.amazon.com/s?bbn=2562090011&rh=i%3Aspecialty-aps%2Cn%3A2562090011%2Cn%3A%2115690151%2Cn%3A346333011&s=date-desc-rank&ref_=nav_em__nav_desktop_sa_intl_motorcycle_powersports_0_2_10_7
[2025-04-07T14:16:50.896+0000] {another_test.py:261} INFO - Processing: Automotive/Oils & Fluids - https://www.amazon.com/s?bbn=2562090011&rh=i%3Aspecialty-aps%2Cn%3A2562090011%2Cn%3A%2115690151%2Cn%3A15718791&s=date-desc-rank&ref_=nav_em__nav_desktop_sa_intl_oils_fluid_0_2_10_8
[2025-04-07T14:16:50.950+0000] {another_test.py:261} INFO - Processing: Automotive/Paint & Paint Supplies - https://www.amazon.com/s?bbn=2562090011&rh=i%3Aspecialty-aps%2Cn%3A2562090011%2Cn%3A%2115690151%2Cn%3A13591416011&s=date-desc-rank&ref_=nav_em__nav_desktop_sa_intl_paint_paint_supplies_0_2_10_9
[2025-04-07T14:16:51.006+0000] {another_test.py:261} INFO - Processing: Automotive/Performance Parts & Accessories - https://www.amazon.com/s?bbn=2562090011&rh=i%3Aspecialty-aps%2Cn%3A2562090011%2Cn%3A%2115690151%2Cn%3A15710351&s=date-desc-rank&ref_=nav_em__nav_desktop_sa_intl_performance_parts_accessories_0_2_10_10
[2025-04-07T14:16:51.051+0000] {another_test.py:261} INFO - Processing: Automotive/Replacement Parts - https://www.amazon.com/s?bbn=2562090011&rh=i%3Aspecialty-aps%2Cn%3A2562090011%2Cn%3A%2115690151%2Cn%3A15719731&s=date-desc-rank&ref_=nav_em__nav_desktop_sa_intl_replacement_parts_0_2_10_11
[2025-04-07T14:16:51.104+0000] {another_test.py:261} INFO - Processing: Automotive/RV Parts & Accessories - https://www.amazon.com/s?bbn=2562090011&rh=i%3Aspecialty-aps%2Cn%3A2562090011%2Cn%3A%2115690151%2Cn%3A2258019011&s=date-desc-rank&ref_=nav_em__nav_desktop_sa_intl_rv_parts_accessories_0_2_10_12
[2025-04-07T14:16:51.155+0000] {another_test.py:261} INFO - Processing: Automotive/Tires & Wheels - https://www.amazon.com/s?bbn=2562090011&rh=i%3Aspecialty-aps%2Cn%3A2562090011%2Cn%3A%2115690151%2Cn%3A15706571&s=date-desc-rank&ref_=nav_em__nav_desktop_sa_intl_tires_wheels_0_2_10_13
[2025-04-07T14:16:51.195+0000] {another_test.py:261} INFO - Processing: Automotive/Tools & Equipment - https://www.amazon.com/s?bbn=2562090011&rh=i%3Aspecialty-aps%2Cn%3A2562090011%2Cn%3A%2115690151%2Cn%3A15706941&s=date-desc-rank&ref_=nav_em__nav_desktop_sa_intl_tools_equipment_0_2_10_14
[2025-04-07T14:16:51.243+0000] {another_test.py:261} INFO - Processing: Automotive/Automotive Enthusiast Merchandise - https://www.amazon.com/s?bbn=2562090011&rh=i%3Aspecialty-aps%2Cn%3A2562090011%2Cn%3A%2115690151%2Cn%3A2204830011&s=date-desc-rank&ref_=nav_em__nav_desktop_sa_intl_automotive_enthusiast_merchandise_0_2_10_15
[2025-04-07T14:16:51.283+0000] {another_test.py:261} INFO - Processing: Automotive/Heavy Duty & Commercial Vehicle Equipment - https://www.amazon.com/s?bbn=2562090011&rh=i%3Aspecialty-aps%2Cn%3A2562090011%2Cn%3A%2115690151%2Cn%3A15682003011&s=date-desc-rank&ref_=nav_em__nav_desktop_sa_intl_heavyduty_commercial_0_2_10_16
[2025-04-07T14:16:51.324+0000] {python.py:240} INFO - Done. Returned value was: None
[2025-04-07T14:16:51.337+0000] {taskinstance.py:340} INFO - ::group::Post task execution logs
[2025-04-07T14:16:51.337+0000] {taskinstance.py:352} INFO - Marking task as SUCCESS. dag_id=demp_scrape_amazon_dag_demo, task_id=scrape_task, run_id=manual__2025-04-07T14:16:47.035223+00:00, execution_date=20250407T141647, start_date=20250407T141650, end_date=20250407T141651
[2025-04-07T14:16:51.360+0000] {logging_mixin.py:190} INFO - Task instance in success state
[2025-04-07T14:16:51.361+0000] {logging_mixin.py:190} INFO -  Previous state of the Task instance: running
[2025-04-07T14:16:51.361+0000] {logging_mixin.py:190} INFO - Dag name:demp_scrape_amazon_dag_demo queued_at:2025-04-07 14:16:47.054298+00:00
[2025-04-07T14:16:51.362+0000] {logging_mixin.py:190} INFO - Task hostname:ba893f484bac operator:PythonOperator
[2025-04-07T14:16:51.410+0000] {local_task_job_runner.py:266} INFO - Task exited with return code 0
[2025-04-07T14:16:51.429+0000] {taskinstance.py:3895} INFO - 0 downstream tasks scheduled from follow-on schedule check
[2025-04-07T14:16:51.437+0000] {local_task_job_runner.py:245} INFO - ::endgroup::
