[2025-04-07T14:14:47.948+0000] {local_task_job_runner.py:123} INFO - ::group::Pre task execution logs
[2025-04-07T14:14:47.967+0000] {taskinstance.py:2613} INFO - Dependencies all met for dep_context=non-requeueable deps ti=<TaskInstance: demp_scrape_amazon_dag_demo.scrape_task manual__2025-04-07T14:14:43.260479+00:00 [queued]>
[2025-04-07T14:14:47.977+0000] {taskinstance.py:2613} INFO - Dependencies all met for dep_context=requeueable deps ti=<TaskInstance: demp_scrape_amazon_dag_demo.scrape_task manual__2025-04-07T14:14:43.260479+00:00 [queued]>
[2025-04-07T14:14:47.978+0000] {taskinstance.py:2866} INFO - Starting attempt 1 of 2
[2025-04-07T14:14:48.010+0000] {taskinstance.py:2889} INFO - Executing <Task(PythonOperator): scrape_task> on 2025-04-07 14:14:43.260479+00:00
[2025-04-07T14:14:48.019+0000] {warnings.py:112} WARNING - /home/***/.local/lib/python3.12/site-packages/***/task/task_runner/standard_task_runner.py:70: DeprecationWarning: This process (pid=168) is multi-threaded, use of fork() may lead to deadlocks in the child.
  pid = os.fork()

[2025-04-07T14:14:48.021+0000] {standard_task_runner.py:72} INFO - Started process 171 to run task
[2025-04-07T14:14:48.021+0000] {standard_task_runner.py:104} INFO - Running: ['***', 'tasks', 'run', 'demp_scrape_amazon_dag_demo', 'scrape_task', 'manual__2025-04-07T14:14:43.260479+00:00', '--job-id', '49', '--raw', '--subdir', 'DAGS_FOLDER/another_test.py', '--cfg-path', '/tmp/tmpwtqph7nq']
[2025-04-07T14:14:48.022+0000] {standard_task_runner.py:105} INFO - Job 49: Subtask scrape_task
[2025-04-07T14:14:48.082+0000] {task_command.py:467} INFO - Running <TaskInstance: demp_scrape_amazon_dag_demo.scrape_task manual__2025-04-07T14:14:43.260479+00:00 [running]> on host ba893f484bac
[2025-04-07T14:14:48.223+0000] {taskinstance.py:3132} INFO - Exporting env vars: AIRFLOW_CTX_DAG_OWNER='***' AIRFLOW_CTX_DAG_ID='demp_scrape_amazon_dag_demo' AIRFLOW_CTX_TASK_ID='scrape_task' AIRFLOW_CTX_EXECUTION_DATE='2025-04-07T14:14:43.260479+00:00' AIRFLOW_CTX_TRY_NUMBER='1' AIRFLOW_CTX_DAG_RUN_ID='manual__2025-04-07T14:14:43.260479+00:00'
[2025-04-07T14:14:48.225+0000] {logging_mixin.py:190} INFO - Task instance is in running state
[2025-04-07T14:14:48.226+0000] {logging_mixin.py:190} INFO -  Previous state of the Task instance: queued
[2025-04-07T14:14:48.227+0000] {logging_mixin.py:190} INFO - Current task name:scrape_task state:running start_date:2025-04-07 14:14:47.968329+00:00
[2025-04-07T14:14:48.228+0000] {logging_mixin.py:190} INFO - Dag name:demp_scrape_amazon_dag_demo and current dag run status:running
[2025-04-07T14:14:48.228+0000] {taskinstance.py:731} INFO - ::endgroup::
[2025-04-07T14:14:48.244+0000] {another_test.py:261} INFO - Processing: Automotive/Car Care - https://www.amazon.com/s?bbn=2562090011&rh=i%3Aspecialty-aps%2Cn%3A2562090011%2Cn%3A%2115690151%2Cn%3A15718271&s=date-desc-rank&ref_=nav_em__nav_desktop_sa_intl_car_care_0_2_10_2
[2025-04-07T14:14:48.303+0000] {logger.py:11} INFO - ====== WebDriver manager ======
[2025-04-07T14:14:48.327+0000] {logger.py:11} INFO - Get LATEST chromedriver version for google-chrome
[2025-04-07T14:14:48.595+0000] {logger.py:11} INFO - About to download new driver from https://chromedriver.storage.googleapis.com/114.0.5735.90/chromedriver_linux64.zip
[2025-04-07T14:14:48.744+0000] {logger.py:11} INFO - Driver downloading response is 200
[2025-04-07T14:14:49.308+0000] {logger.py:11} INFO - Get LATEST chromedriver version for google-chrome
[2025-04-07T14:14:49.809+0000] {logger.py:11} INFO - Get LATEST chromedriver version for google-chrome
[2025-04-07T14:14:49.974+0000] {logger.py:11} INFO - Driver has been saved in cache [/home/***/.wdm/drivers/chromedriver/linux64/114.0.5735.90]
[2025-04-07T14:14:50.041+0000] {another_test.py:261} INFO - Processing: Automotive/Car Electronics & Accessories - https://www.amazon.com/s?bbn=2562090011&rh=i%3Aspecialty-aps%2Cn%3A2562090011%2Cn%3A%2115690151%2Cn%3A2230642011&s=date-desc-rank&ref_=nav_em__nav_desktop_sa_intl_car_electronics_accessories_0_2_10_3
[2025-04-07T14:14:50.088+0000] {logger.py:11} INFO - ====== WebDriver manager ======
[2025-04-07T14:14:50.108+0000] {logger.py:11} INFO - Get LATEST chromedriver version for google-chrome
[2025-04-07T14:14:50.255+0000] {logger.py:11} INFO - About to download new driver from https://chromedriver.storage.googleapis.com/114.0.5735.90/chromedriver_linux64.zip
[2025-04-07T14:14:50.405+0000] {logger.py:11} INFO - Driver downloading response is 200
[2025-04-07T14:14:51.083+0000] {logger.py:11} INFO - Get LATEST chromedriver version for google-chrome
[2025-04-07T14:14:51.393+0000] {logger.py:11} INFO - Get LATEST chromedriver version for google-chrome
[2025-04-07T14:14:51.550+0000] {logger.py:11} INFO - Driver has been saved in cache [/home/***/.wdm/drivers/chromedriver/linux64/114.0.5735.90]
[2025-04-07T14:14:51.566+0000] {another_test.py:261} INFO - Processing: Automotive/Exterior Accessories - https://www.amazon.com/s?bbn=2562090011&rh=i%3Aspecialty-aps%2Cn%3A2562090011%2Cn%3A%2115690151%2Cn%3A15857511&s=date-desc-rank&ref_=nav_em__nav_desktop_sa_intl_exterior_accessories__0_2_10_4
[2025-04-07T14:14:51.608+0000] {logger.py:11} INFO - ====== WebDriver manager ======
[2025-04-07T14:14:51.632+0000] {logger.py:11} INFO - Get LATEST chromedriver version for google-chrome
[2025-04-07T14:14:51.780+0000] {logger.py:11} INFO - About to download new driver from https://chromedriver.storage.googleapis.com/114.0.5735.90/chromedriver_linux64.zip
[2025-04-07T14:14:51.917+0000] {logger.py:11} INFO - Driver downloading response is 200
[2025-04-07T14:14:52.422+0000] {logger.py:11} INFO - Get LATEST chromedriver version for google-chrome
[2025-04-07T14:14:52.710+0000] {logger.py:11} INFO - Get LATEST chromedriver version for google-chrome
[2025-04-07T14:14:52.868+0000] {logger.py:11} INFO - Driver has been saved in cache [/home/***/.wdm/drivers/chromedriver/linux64/114.0.5735.90]
[2025-04-07T14:14:52.884+0000] {another_test.py:261} INFO - Processing: Automotive/Interior Accessories - https://www.amazon.com/s?bbn=2562090011&rh=i%3Aspecialty-aps%2Cn%3A2562090011%2Cn%3A%2115690151%2Cn%3A15857501&s=date-desc-rank&ref_=nav_em__nav_desktop_sa_intl_interior_accessories_0_2_10_5
[2025-04-07T14:14:52.931+0000] {logger.py:11} INFO - ====== WebDriver manager ======
[2025-04-07T14:14:52.959+0000] {logger.py:11} INFO - Get LATEST chromedriver version for google-chrome
[2025-04-07T14:14:53.111+0000] {logger.py:11} INFO - About to download new driver from https://chromedriver.storage.googleapis.com/114.0.5735.90/chromedriver_linux64.zip
[2025-04-07T14:14:53.261+0000] {logger.py:11} INFO - Driver downloading response is 200
[2025-04-07T14:14:55.940+0000] {logger.py:11} INFO - Get LATEST chromedriver version for google-chrome
[2025-04-07T14:14:56.266+0000] {logger.py:11} INFO - Get LATEST chromedriver version for google-chrome
[2025-04-07T14:14:56.423+0000] {logger.py:11} INFO - Driver has been saved in cache [/home/***/.wdm/drivers/chromedriver/linux64/114.0.5735.90]
[2025-04-07T14:14:56.440+0000] {another_test.py:261} INFO - Processing: Automotive/Lights & Lighting Accessories - https://www.amazon.com/s?bbn=2562090011&rh=i%3Aspecialty-aps%2Cn%3A2562090011%2Cn%3A%2115690151%2Cn%3A15736321&s=date-desc-rank&ref_=nav_em__nav_desktop_sa_intl_lights_lighting_accessories_0_2_10_6
[2025-04-07T14:14:56.490+0000] {logger.py:11} INFO - ====== WebDriver manager ======
[2025-04-07T14:14:56.514+0000] {logger.py:11} INFO - Get LATEST chromedriver version for google-chrome
[2025-04-07T14:14:56.656+0000] {logger.py:11} INFO - About to download new driver from https://chromedriver.storage.googleapis.com/114.0.5735.90/chromedriver_linux64.zip
[2025-04-07T14:14:56.814+0000] {logger.py:11} INFO - Driver downloading response is 200
[2025-04-07T14:14:57.494+0000] {logger.py:11} INFO - Get LATEST chromedriver version for google-chrome
[2025-04-07T14:14:57.920+0000] {logger.py:11} INFO - Get LATEST chromedriver version for google-chrome
[2025-04-07T14:14:58.085+0000] {logger.py:11} INFO - Driver has been saved in cache [/home/***/.wdm/drivers/chromedriver/linux64/114.0.5735.90]
[2025-04-07T14:14:58.102+0000] {another_test.py:261} INFO - Processing: Automotive/Motorcycle & Powersports - https://www.amazon.com/s?bbn=2562090011&rh=i%3Aspecialty-aps%2Cn%3A2562090011%2Cn%3A%2115690151%2Cn%3A346333011&s=date-desc-rank&ref_=nav_em__nav_desktop_sa_intl_motorcycle_powersports_0_2_10_7
[2025-04-07T14:14:58.140+0000] {logger.py:11} INFO - ====== WebDriver manager ======
[2025-04-07T14:14:58.159+0000] {logger.py:11} INFO - Get LATEST chromedriver version for google-chrome
[2025-04-07T14:14:58.311+0000] {logger.py:11} INFO - About to download new driver from https://chromedriver.storage.googleapis.com/114.0.5735.90/chromedriver_linux64.zip
[2025-04-07T14:14:58.465+0000] {logger.py:11} INFO - Driver downloading response is 200
[2025-04-07T14:14:59.145+0000] {logger.py:11} INFO - Get LATEST chromedriver version for google-chrome
[2025-04-07T14:14:59.483+0000] {logger.py:11} INFO - Get LATEST chromedriver version for google-chrome
[2025-04-07T14:15:00.053+0000] {logger.py:11} INFO - Driver has been saved in cache [/home/***/.wdm/drivers/chromedriver/linux64/114.0.5735.90]
[2025-04-07T14:15:00.070+0000] {another_test.py:261} INFO - Processing: Automotive/Oils & Fluids - https://www.amazon.com/s?bbn=2562090011&rh=i%3Aspecialty-aps%2Cn%3A2562090011%2Cn%3A%2115690151%2Cn%3A15718791&s=date-desc-rank&ref_=nav_em__nav_desktop_sa_intl_oils_fluid_0_2_10_8
[2025-04-07T14:15:00.112+0000] {logger.py:11} INFO - ====== WebDriver manager ======
[2025-04-07T14:15:00.138+0000] {logger.py:11} INFO - Get LATEST chromedriver version for google-chrome
[2025-04-07T14:15:00.277+0000] {logger.py:11} INFO - About to download new driver from https://chromedriver.storage.googleapis.com/114.0.5735.90/chromedriver_linux64.zip
[2025-04-07T14:15:00.420+0000] {logger.py:11} INFO - Driver downloading response is 200
[2025-04-07T14:15:00.952+0000] {logger.py:11} INFO - Get LATEST chromedriver version for google-chrome
[2025-04-07T14:15:01.247+0000] {logger.py:11} INFO - Get LATEST chromedriver version for google-chrome
[2025-04-07T14:15:01.761+0000] {logger.py:11} INFO - Driver has been saved in cache [/home/***/.wdm/drivers/chromedriver/linux64/114.0.5735.90]
[2025-04-07T14:15:01.778+0000] {another_test.py:261} INFO - Processing: Automotive/Paint & Paint Supplies - https://www.amazon.com/s?bbn=2562090011&rh=i%3Aspecialty-aps%2Cn%3A2562090011%2Cn%3A%2115690151%2Cn%3A13591416011&s=date-desc-rank&ref_=nav_em__nav_desktop_sa_intl_paint_paint_supplies_0_2_10_9
[2025-04-07T14:15:01.828+0000] {logger.py:11} INFO - ====== WebDriver manager ======
[2025-04-07T14:15:01.867+0000] {logger.py:11} INFO - Get LATEST chromedriver version for google-chrome
[2025-04-07T14:15:02.023+0000] {logger.py:11} INFO - About to download new driver from https://chromedriver.storage.googleapis.com/114.0.5735.90/chromedriver_linux64.zip
[2025-04-07T14:15:02.183+0000] {logger.py:11} INFO - Driver downloading response is 200
[2025-04-07T14:15:02.773+0000] {logger.py:11} INFO - Get LATEST chromedriver version for google-chrome
[2025-04-07T14:15:03.064+0000] {logger.py:11} INFO - Get LATEST chromedriver version for google-chrome
[2025-04-07T14:15:03.225+0000] {logger.py:11} INFO - Driver has been saved in cache [/home/***/.wdm/drivers/chromedriver/linux64/114.0.5735.90]
[2025-04-07T14:15:03.241+0000] {another_test.py:261} INFO - Processing: Automotive/Performance Parts & Accessories - https://www.amazon.com/s?bbn=2562090011&rh=i%3Aspecialty-aps%2Cn%3A2562090011%2Cn%3A%2115690151%2Cn%3A15710351&s=date-desc-rank&ref_=nav_em__nav_desktop_sa_intl_performance_parts_accessories_0_2_10_10
[2025-04-07T14:15:03.286+0000] {logger.py:11} INFO - ====== WebDriver manager ======
[2025-04-07T14:15:03.313+0000] {logger.py:11} INFO - Get LATEST chromedriver version for google-chrome
[2025-04-07T14:15:03.465+0000] {logger.py:11} INFO - About to download new driver from https://chromedriver.storage.googleapis.com/114.0.5735.90/chromedriver_linux64.zip
[2025-04-07T14:15:03.625+0000] {logger.py:11} INFO - Driver downloading response is 200
[2025-04-07T14:15:04.236+0000] {logger.py:11} INFO - Get LATEST chromedriver version for google-chrome
[2025-04-07T14:15:04.527+0000] {logger.py:11} INFO - Get LATEST chromedriver version for google-chrome
[2025-04-07T14:15:04.678+0000] {logger.py:11} INFO - Driver has been saved in cache [/home/***/.wdm/drivers/chromedriver/linux64/114.0.5735.90]
[2025-04-07T14:15:04.695+0000] {another_test.py:261} INFO - Processing: Automotive/Replacement Parts - https://www.amazon.com/s?bbn=2562090011&rh=i%3Aspecialty-aps%2Cn%3A2562090011%2Cn%3A%2115690151%2Cn%3A15719731&s=date-desc-rank&ref_=nav_em__nav_desktop_sa_intl_replacement_parts_0_2_10_11
[2025-04-07T14:15:04.738+0000] {logger.py:11} INFO - ====== WebDriver manager ======
[2025-04-07T14:15:04.763+0000] {logger.py:11} INFO - Get LATEST chromedriver version for google-chrome
[2025-04-07T14:15:04.904+0000] {logger.py:11} INFO - About to download new driver from https://chromedriver.storage.googleapis.com/114.0.5735.90/chromedriver_linux64.zip
[2025-04-07T14:15:05.062+0000] {logger.py:11} INFO - Driver downloading response is 200
[2025-04-07T14:15:05.794+0000] {logger.py:11} INFO - Get LATEST chromedriver version for google-chrome
[2025-04-07T14:15:06.180+0000] {logger.py:11} INFO - Get LATEST chromedriver version for google-chrome
[2025-04-07T14:15:06.386+0000] {logger.py:11} INFO - Driver has been saved in cache [/home/***/.wdm/drivers/chromedriver/linux64/114.0.5735.90]
[2025-04-07T14:15:06.403+0000] {another_test.py:261} INFO - Processing: Automotive/RV Parts & Accessories - https://www.amazon.com/s?bbn=2562090011&rh=i%3Aspecialty-aps%2Cn%3A2562090011%2Cn%3A%2115690151%2Cn%3A2258019011&s=date-desc-rank&ref_=nav_em__nav_desktop_sa_intl_rv_parts_accessories_0_2_10_12
[2025-04-07T14:15:06.469+0000] {logger.py:11} INFO - ====== WebDriver manager ======
[2025-04-07T14:15:06.515+0000] {logger.py:11} INFO - Get LATEST chromedriver version for google-chrome
[2025-04-07T14:15:06.664+0000] {logger.py:11} INFO - About to download new driver from https://chromedriver.storage.googleapis.com/114.0.5735.90/chromedriver_linux64.zip
[2025-04-07T14:15:06.815+0000] {logger.py:11} INFO - Driver downloading response is 200
[2025-04-07T14:15:07.648+0000] {logger.py:11} INFO - Get LATEST chromedriver version for google-chrome
[2025-04-07T14:15:07.984+0000] {logger.py:11} INFO - Get LATEST chromedriver version for google-chrome
[2025-04-07T14:15:08.147+0000] {logger.py:11} INFO - Driver has been saved in cache [/home/***/.wdm/drivers/chromedriver/linux64/114.0.5735.90]
[2025-04-07T14:15:08.163+0000] {another_test.py:261} INFO - Processing: Automotive/Tires & Wheels - https://www.amazon.com/s?bbn=2562090011&rh=i%3Aspecialty-aps%2Cn%3A2562090011%2Cn%3A%2115690151%2Cn%3A15706571&s=date-desc-rank&ref_=nav_em__nav_desktop_sa_intl_tires_wheels_0_2_10_13
[2025-04-07T14:15:08.299+0000] {logger.py:11} INFO - ====== WebDriver manager ======
[2025-04-07T14:15:08.335+0000] {logger.py:11} INFO - Get LATEST chromedriver version for google-chrome
[2025-04-07T14:15:08.484+0000] {logger.py:11} INFO - About to download new driver from https://chromedriver.storage.googleapis.com/114.0.5735.90/chromedriver_linux64.zip
[2025-04-07T14:15:08.634+0000] {logger.py:11} INFO - Driver downloading response is 200
[2025-04-07T14:15:09.549+0000] {logger.py:11} INFO - Get LATEST chromedriver version for google-chrome
[2025-04-07T14:15:09.840+0000] {logger.py:11} INFO - Get LATEST chromedriver version for google-chrome
[2025-04-07T14:15:09.999+0000] {logger.py:11} INFO - Driver has been saved in cache [/home/***/.wdm/drivers/chromedriver/linux64/114.0.5735.90]
[2025-04-07T14:15:10.015+0000] {another_test.py:261} INFO - Processing: Automotive/Tools & Equipment - https://www.amazon.com/s?bbn=2562090011&rh=i%3Aspecialty-aps%2Cn%3A2562090011%2Cn%3A%2115690151%2Cn%3A15706941&s=date-desc-rank&ref_=nav_em__nav_desktop_sa_intl_tools_equipment_0_2_10_14
[2025-04-07T14:15:10.063+0000] {logger.py:11} INFO - ====== WebDriver manager ======
[2025-04-07T14:15:10.092+0000] {logger.py:11} INFO - Get LATEST chromedriver version for google-chrome
[2025-04-07T14:15:10.234+0000] {logger.py:11} INFO - About to download new driver from https://chromedriver.storage.googleapis.com/114.0.5735.90/chromedriver_linux64.zip
[2025-04-07T14:15:10.391+0000] {logger.py:11} INFO - Driver downloading response is 200
[2025-04-07T14:15:11.032+0000] {logger.py:11} INFO - Get LATEST chromedriver version for google-chrome
[2025-04-07T14:15:11.424+0000] {logger.py:11} INFO - Get LATEST chromedriver version for google-chrome
[2025-04-07T14:15:11.588+0000] {logger.py:11} INFO - Driver has been saved in cache [/home/***/.wdm/drivers/chromedriver/linux64/114.0.5735.90]
[2025-04-07T14:15:11.604+0000] {another_test.py:261} INFO - Processing: Automotive/Automotive Enthusiast Merchandise - https://www.amazon.com/s?bbn=2562090011&rh=i%3Aspecialty-aps%2Cn%3A2562090011%2Cn%3A%2115690151%2Cn%3A2204830011&s=date-desc-rank&ref_=nav_em__nav_desktop_sa_intl_automotive_enthusiast_merchandise_0_2_10_15
[2025-04-07T14:15:11.640+0000] {logger.py:11} INFO - ====== WebDriver manager ======
[2025-04-07T14:15:11.658+0000] {logger.py:11} INFO - Get LATEST chromedriver version for google-chrome
[2025-04-07T14:15:11.798+0000] {logger.py:11} INFO - About to download new driver from https://chromedriver.storage.googleapis.com/114.0.5735.90/chromedriver_linux64.zip
[2025-04-07T14:15:11.938+0000] {logger.py:11} INFO - Driver downloading response is 200
[2025-04-07T14:15:12.584+0000] {logger.py:11} INFO - Get LATEST chromedriver version for google-chrome
[2025-04-07T14:15:12.879+0000] {logger.py:11} INFO - Get LATEST chromedriver version for google-chrome
[2025-04-07T14:15:13.045+0000] {logger.py:11} INFO - Driver has been saved in cache [/home/***/.wdm/drivers/chromedriver/linux64/114.0.5735.90]
[2025-04-07T14:15:13.060+0000] {another_test.py:261} INFO - Processing: Automotive/Heavy Duty & Commercial Vehicle Equipment - https://www.amazon.com/s?bbn=2562090011&rh=i%3Aspecialty-aps%2Cn%3A2562090011%2Cn%3A%2115690151%2Cn%3A15682003011&s=date-desc-rank&ref_=nav_em__nav_desktop_sa_intl_heavyduty_commercial_0_2_10_16
[2025-04-07T14:15:13.104+0000] {logger.py:11} INFO - ====== WebDriver manager ======
[2025-04-07T14:15:13.123+0000] {logger.py:11} INFO - Get LATEST chromedriver version for google-chrome
[2025-04-07T14:15:13.266+0000] {logger.py:11} INFO - About to download new driver from https://chromedriver.storage.googleapis.com/114.0.5735.90/chromedriver_linux64.zip
[2025-04-07T14:15:13.424+0000] {logger.py:11} INFO - Driver downloading response is 200
[2025-04-07T14:15:14.102+0000] {logger.py:11} INFO - Get LATEST chromedriver version for google-chrome
[2025-04-07T14:15:14.389+0000] {logger.py:11} INFO - Get LATEST chromedriver version for google-chrome
[2025-04-07T14:15:14.549+0000] {logger.py:11} INFO - Driver has been saved in cache [/home/***/.wdm/drivers/chromedriver/linux64/114.0.5735.90]
[2025-04-07T14:15:14.566+0000] {python.py:240} INFO - Done. Returned value was: None
[2025-04-07T14:15:14.580+0000] {taskinstance.py:340} INFO - ::group::Post task execution logs
[2025-04-07T14:15:14.581+0000] {taskinstance.py:352} INFO - Marking task as SUCCESS. dag_id=demp_scrape_amazon_dag_demo, task_id=scrape_task, run_id=manual__2025-04-07T14:14:43.260479+00:00, execution_date=20250407T141443, start_date=20250407T141447, end_date=20250407T141514
[2025-04-07T14:15:14.721+0000] {logging_mixin.py:190} INFO - Task instance in success state
[2025-04-07T14:15:14.722+0000] {logging_mixin.py:190} INFO -  Previous state of the Task instance: running
[2025-04-07T14:15:14.723+0000] {logging_mixin.py:190} INFO - Dag name:demp_scrape_amazon_dag_demo queued_at:2025-04-07 14:14:43.291363+00:00
[2025-04-07T14:15:14.724+0000] {logging_mixin.py:190} INFO - Task hostname:ba893f484bac operator:PythonOperator
[2025-04-07T14:15:14.779+0000] {local_task_job_runner.py:266} INFO - Task exited with return code 0
[2025-04-07T14:15:14.792+0000] {local_task_job_runner.py:245} INFO - ::endgroup::
